#
# A fatal error has been detected by the Java Runtime Environment:
#
#  SIGSEGV (0xb) at pc=0x00007feae8ef4788, pid=30841, tid=0x00007fea92465700
#
# JRE version: Java(TM) SE Runtime Environment (8.0_161-b12) (build 1.8.0_161-b12)
# Java VM: Java HotSpot(TM) 64-Bit Server VM (25.161-b12 mixed mode linux-amd64 compressed oops)
# Problematic frame:
# V  [libjvm.so+0x6d7788]  jni_invoke_nonstatic(JNIEnv_*, JavaValue*, _jobject*, JNICallType, _jmethodID*, JNI_ArgumentPusher*, Thread*)+0x38
#
# Failed to write core dump. Core dumps have been disabled. To enable core dumping, try "ulimit -c unlimited" before starting Java again
#
# If you would like to submit a bug report, please visit:
#   http://bugreport.java.com/bugreport/crash.jsp
#

---------------  T H R E A D  ---------------

Current thread (0x00007feae42f6800):  JavaThread "JavaFX Application Thread" [_thread_in_vm, id=30867, stack(0x00007fea92365000,0x00007fea92466000)]

siginfo: si_signo: 11 (SIGSEGV), si_code: 1 (SEGV_MAPERR), si_addr: 0xffffffffffffffff

Registers:
RAX=0x00007fea924642c0, RBX=0x00007fea924641d0, RCX=0x0000000000000001, RDX=0xffffffffffffffff
RSP=0x00007fea92464020, RBP=0x00007fea924641a0, RSI=0x00007fea92464230, RDI=0x00007feae42f69f8
R8 =0x00007feae42b3af8, R9 =0x00007fea924641d0, R10=0x00007fea84000be0, R11=0x00007fead4680e20
R12=0x00007feae42f6800, R13=0x00007feae42b3af8, R14=0x0000000000000001, R15=0x00007feae42f69f8
RIP=0x00007feae8ef4788, EFLAGS=0x0000000000010286, CSGSFS=0x002b000000000033, ERR=0x0000000000000005
  TRAPNO=0x000000000000000e

Top of Stack: (sp=0x00007fea92464020)
0x00007fea92464020:   00007fea92464720 00007fea92464340
0x00007fea92464030:   00007fea92464080 00007fea92464100
0x00007fea92464040:   00007fea924641d0 00007fea92464230
0x00007fea92464050:   00007feae42f69f8 00007feae8f14290
0x00007fea92464060:   00007feaa8000a30 00007feaa8000a40
0x00007fea92464070:   00007feaa8000e18 00000000000003d8
0x00007fea92464080:   00007feae42f6238 00000000ed0ef028
0x00007fea92464090:   00007fea0000006f 00007fea0000000a
0x00007fea924640a0:   00000000ec616118 00007fea00000000
0x00007fea924640b0:   0000000000000034 00007feaea225b1f
0x00007fea924640c0:   00007fead3394d78 0000000100000100
0x00007fea924640d0:   00007fead341c748 00007fea92464088
0x00007fea924640e0:   00007fea924640c9 0000000800000005
0x00007fea924640f0:   00007fead3438d00 00007feae42f6240
0x00007fea92464100:   00007feae9787e70 00007feaea2c4720
0x00007fea92464110:   00000000e42f60d0 00007feae42f6800
0x00007fea92464120:   0000000000000000 00007feae8ef4b5b
0x00007fea92464130:   00007fead339eec0 00007feae42f6800
0x00007fea92464140:   00007fead339eec0 00007feae42f6800
0x00007fea92464150:   00007fea924642e0 00007fead339eec0
0x00007fea92464160:   00007fead339eec0 00007fead339eec0
0x00007fea92464170:   00007feaa8000a30 00007fea924641d0
0x00007fea92464180:   00007feae42f6800 00007fea92464210
0x00007fea92464190:   00007feae42b3af8 00007feae42f69f8
0x00007fea924641a0:   00007fea92464290 00007feae8ef8f2f
0x00007fea924641b0:   00007feae42f6800 00007fead0759094
0x00007fea924641c0:   00007fea924642a8 ffffffffffffffff
0x00007fea924641d0:   00007feae9788af0 00007feaea2c4720
0x00007fea924641e0:   0000000092464250 00007fea00000063
0x00007fea924641f0:   0000000000000000 0000003000000018
0x00007fea92464200:   00007fea92464380 00007fea924642c0
0x00007fea92464210:   00007feae42f6800 0000000000000000 

Instructions: (pc=0x00007feae8ef4788)
0x00007feae8ef4768:   00 00 48 85 d2 48 89 bd b0 fe ff ff 48 89 b5 a8
0x00007feae8ef4778:   fe ff ff 4c 89 8d a0 fe ff ff 0f 84 78 09 00 00
0x00007feae8ef4788:   4c 8b 22 4d 85 e4 0f 84 6c 09 00 00 48 8b 45 10
0x00007feae8ef4798:   48 8b 98 38 01 00 00 48 83 7b 18 f7 0f 87 16 07 

Register to memory mapping:

RAX=0x00007fea924642c0 is pointing into the stack for thread: 0x00007feae42f6800
RBX=0x00007fea924641d0 is pointing into the stack for thread: 0x00007feae42f6800
RCX=0x0000000000000001 is an unknown value
RDX=0xffffffffffffffff is an unknown value
RSP=0x00007fea92464020 is pointing into the stack for thread: 0x00007feae42f6800
RBP=0x00007fea924641a0 is pointing into the stack for thread: 0x00007feae42f6800
RSI=0x00007fea92464230 is pointing into the stack for thread: 0x00007feae42f6800
RDI=0x00007feae42f69f8 is an unknown value
R8 =0x00007feae42b3af8 is an unknown value
R9 =0x00007fea924641d0 is pointing into the stack for thread: 0x00007feae42f6800
R10=0x00007fea84000be0 is an unknown value
R11=0x00007fead4680e20 is at entry_point+32 in (nmethod*)0x00007fead4680c90
R12=0x00007feae42f6800 is a thread
R13=0x00007feae42b3af8 is an unknown value
R14=0x0000000000000001 is an unknown value
R15=0x00007feae42f69f8 is an unknown value


Stack: [0x00007fea92365000,0x00007fea92466000],  sp=0x00007fea92464020,  free space=1020k
Native frames: (J=compiled Java code, j=interpreted, Vv=VM code, C=native code)
V  [libjvm.so+0x6d7788]  jni_invoke_nonstatic(JNIEnv_*, JavaValue*, _jobject*, JNICallType, _jmethodID*, JNI_ArgumentPusher*, Thread*)+0x38
V  [libjvm.so+0x6dbf2f]  jni_CallVoidMethodV+0x10f
C  [libglass.so+0x18641]  JNIEnv_::CallVoidMethod(_jobject*, _jmethodID*, ...)+0x81
C  [libglass.so+0x14f0f]  WindowContextBase::process_key(_GdkEventKey*)+0x20f
C  [libglass.so+0x19f60]  WindowContextBase::im_filter_keypress(_GdkEventKey*)+0x1c0
C  [libglass.so+0x1a91c]  process_events(_GdkEvent*, void*)+0x22c
C  [libgdk-x11-2.0.so.0+0x5ac8c]

Java frames: (J=compiled Java code, j=interpreted, Vv=VM code)
j  com.sun.glass.ui.gtk.GtkApplication._runLoop(Ljava/lang/Runnable;Z)V+0
j  com.sun.glass.ui.gtk.GtkApplication.lambda$null$48(Ljava/lang/Runnable;Z)V+7
j  com.sun.glass.ui.gtk.GtkApplication$$Lambda$41.run()V+12
j  java.lang.Thread.run()V+11
v  ~StubRoutines::call_stub

---------------  P R O C E S S  ---------------

Java Threads: ( => current thread )
  0x00007fea842d6000 JavaThread "Prism Font Disposer" daemon [_thread_blocked, id=30874, stack(0x00007fea90f66000,0x00007fea91067000)]
  0x00007feae42fa000 JavaThread "JavaFX-Launcher" [_thread_blocked, id=30868, stack(0x00007fea92264000,0x00007fea92365000)]
=>0x00007feae42f6800 JavaThread "JavaFX Application Thread" [_thread_in_vm, id=30867, stack(0x00007fea92365000,0x00007fea92466000)]
  0x00007feae42f2800 JavaThread "Thread-1" daemon [_thread_blocked, id=30866, stack(0x00007feac80af000,0x00007feac81b0000)]
  0x00007feae42a4000 JavaThread "QuantumRenderer-0" daemon [_thread_blocked, id=30865, stack(0x00007fead11f3000,0x00007fead12f4000)]
  0x00007feae4201800 JavaThread "Service Thread" daemon [_thread_blocked, id=30863, stack(0x00007fead13f5000,0x00007fead14f6000)]
  0x00007feae41ec000 JavaThread "C1 CompilerThread1" daemon [_thread_in_native, id=30862, stack(0x00007fead14f6000,0x00007fead15f7000)]
  0x00007feae41ea000 JavaThread "C2 CompilerThread0" daemon [_thread_in_native, id=30861, stack(0x00007fead180e000,0x00007fead190f000)]
  0x00007feae41e8800 JavaThread "Monitor Ctrl-Break" daemon [_thread_in_native, id=30860, stack(0x00007fead190f000,0x00007fead1a10000)]
  0x00007feae413c000 JavaThread "Signal Dispatcher" daemon [_thread_blocked, id=30859, stack(0x00007fead1a79000,0x00007fead1b7a000)]
  0x00007feae4109000 JavaThread "Finalizer" daemon [_thread_blocked, id=30852, stack(0x00007fead20c6000,0x00007fead21c7000)]
  0x00007feae4104800 JavaThread "Reference Handler" daemon [_thread_blocked, id=30849, stack(0x00007fead21c7000,0x00007fead22c8000)]
  0x00007feae400c000 JavaThread "main" [_thread_blocked, id=30843, stack(0x00007feaea319000,0x00007feaea41a000)]

Other Threads:
  0x00007feae40fd000 VMThread [stack: 0x00007fead22c8000,0x00007fead23c9000] [id=30847]
  0x00007feae4204800 WatcherThread [stack: 0x00007fead12f4000,0x00007fead13f5000] [id=30864]

VM state:not at safepoint (normal execution)

VM Mutex/Monitor currently owned by a thread: None

Heap:
 PSYoungGen      total 17920K, used 11570K [0x00000000ec000000, 0x00000000ed400000, 0x0000000100000000)
  eden space 15360K, 58% used [0x00000000ec000000,0x00000000ec8d4970,0x00000000ecf00000)
  from space 2560K, 98% used [0x00000000ecf00000,0x00000000ed178050,0x00000000ed180000)
  to   space 2560K, 0% used [0x00000000ed180000,0x00000000ed180000,0x00000000ed400000)
 ParOldGen       total 98304K, used 63591K [0x00000000c4000000, 0x00000000ca000000, 0x00000000ec000000)
  object space 98304K, 64% used [0x00000000c4000000,0x00000000c7e19f48,0x00000000ca000000)
 Metaspace       used 18165K, capacity 19070K, committed 19328K, reserved 1064960K
  class space    used 2626K, capacity 2830K, committed 2944K, reserved 1048576K

Card table byte_map: [0x00007fead3bcd000,0x00007fead3dae000] byte_map_base: 0x00007fead35ad000

Marking Bits: (ParMarkBitMap*) 0x00007feae97ec920
 Begin Bits: [0x00007feac1a8b000, 0x00007feac298b000)
 End Bits:   [0x00007feac298b000, 0x00007feac388b000)

Polling page: 0x00007feaea43f000

CodeCache: size=245760Kb used=6630Kb max_used=6630Kb free=239129Kb
 bounds [0x00007fead416e000, 0x00007fead47ee000, 0x00007feae316e000]
 total_blobs=2815 nmethods=2164 adapters=565
 compilation: enabled

Compilation events (10 events):
Event: 16,713 Thread 0x00007feae41ec000 nmethod 2157 0x00007fead47dd290 code [0x00007fead47dd440, 0x00007fead47ddad0]
Event: 16,713 Thread 0x00007feae41ec000 2153       3       javafx.geometry.Bounds::getMinY (5 bytes)
Event: 16,713 Thread 0x00007feae41ec000 nmethod 2153 0x00007fead47ddd50 code [0x00007fead47ddea0, 0x00007fead47ddff0]
Event: 16,713 Thread 0x00007feae41ec000 2152       3       javafx.geometry.Bounds::getHeight (5 bytes)
Event: 16,713 Thread 0x00007feae41ec000 nmethod 2152 0x00007fead47de090 code [0x00007fead47de1e0, 0x00007fead47de330]
Event: 16,719 Thread 0x00007feae41ec000 2159       3       javafx.scene.Parent::updateCachedBounds (502 bytes)
Event: 16,723 Thread 0x00007feae41ec000 nmethod 2159 0x00007fead47de3d0 code [0x00007fead47de6e0, 0x00007fead47e0348]
Event: 16,723 Thread 0x00007feae41ec000 2165       3       javafx.scene.Parent::requestParentLayout (28 bytes)
Event: 16,731 Thread 0x00007feae41ec000 nmethod 2165 0x00007fead47e1090 code [0x00007fead47e1240, 0x00007fead47e1938]
Event: 16,731 Thread 0x00007feae41ec000 2164       3       javafx.scene.Parent::impl_computeGeomBounds (430 bytes)

GC Heap History (6 events):
Event: 2,150 GC heap before
{Heap before GC invocations=1 (full 0):
 PSYoungGen      total 17920K, used 15360K [0x00000000ec000000, 0x00000000ed400000, 0x0000000100000000)
  eden space 15360K, 100% used [0x00000000ec000000,0x00000000ecf00000,0x00000000ecf00000)
  from space 2560K, 0% used [0x00000000ed180000,0x00000000ed180000,0x00000000ed400000)
  to   space 2560K, 0% used [0x00000000ecf00000,0x00000000ecf00000,0x00000000ed180000)
 ParOldGen       total 40960K, used 0K [0x00000000c4000000, 0x00000000c6800000, 0x00000000ec000000)
  object space 40960K, 0% used [0x00000000c4000000,0x00000000c4000000,0x00000000c6800000)
 Metaspace       used 8572K, capacity 8902K, committed 9088K, reserved 1056768K
  class space    used 1043K, capacity 1133K, committed 1152K, reserved 1048576K
Event: 2,157 GC heap after
Heap after GC invocations=1 (full 0):
 PSYoungGen      total 17920K, used 1728K [0x00000000ec000000, 0x00000000ed400000, 0x0000000100000000)
  eden space 15360K, 0% used [0x00000000ec000000,0x00000000ec000000,0x00000000ecf00000)
  from space 2560K, 67% used [0x00000000ecf00000,0x00000000ed0b0040,0x00000000ed180000)
  to   space 2560K, 0% used [0x00000000ed180000,0x00000000ed180000,0x00000000ed400000)
 ParOldGen       total 40960K, used 72K [0x00000000c4000000, 0x00000000c6800000, 0x00000000ec000000)
  object space 40960K, 0% used [0x00000000c4000000,0x00000000c4012010,0x00000000c6800000)
 Metaspace       used 8572K, capacity 8902K, committed 9088K, reserved 1056768K
  class space    used 1043K, capacity 1133K, committed 1152K, reserved 1048576K
}
Event: 5,304 GC heap before
{Heap before GC invocations=2 (full 0):
 PSYoungGen      total 17920K, used 17088K [0x00000000ec000000, 0x00000000ed400000, 0x0000000100000000)
  eden space 15360K, 100% used [0x00000000ec000000,0x00000000ecf00000,0x00000000ecf00000)
  from space 2560K, 67% used [0x00000000ecf00000,0x00000000ed0b0040,0x00000000ed180000)
  to   space 2560K, 0% used [0x00000000ed180000,0x00000000ed180000,0x00000000ed400000)
 ParOldGen       total 98304K, used 57025K [0x00000000c4000000, 0x00000000ca000000, 0x00000000ec000000)
  object space 98304K, 58% used [0x00000000c4000000,0x00000000c77b04a0,0x00000000ca000000)
 Metaspace       used 13116K, capacity 13606K, committed 13824K, reserved 1060864K
  class space    used 1791K, capacity 1928K, committed 2048K, reserved 1048576K
Event: 5,341 GC heap after
Heap after GC invocations=2 (full 0):
 PSYoungGen      total 17920K, used 2544K [0x00000000ec000000, 0x00000000ed400000, 0x0000000100000000)
  eden space 15360K, 0% used [0x00000000ec000000,0x00000000ec000000,0x00000000ecf00000)
  from space 2560K, 99% used [0x00000000ed180000,0x00000000ed3fc080,0x00000000ed400000)
  to   space 2560K, 0% used [0x00000000ecf00000,0x00000000ecf00000,0x00000000ed180000)
 ParOldGen       total 98304K, used 59112K [0x00000000c4000000, 0x00000000ca000000, 0x00000000ec000000)
  object space 98304K, 60% used [0x00000000c4000000,0x00000000c79ba330,0x00000000ca000000)
 Metaspace       used 13116K, capacity 13606K, committed 13824K, reserved 1060864K
  class space    used 1791K, capacity 1928K, committed 2048K, reserved 1048576K
}
Event: 7,206 GC heap before
{Heap before GC invocations=3 (full 0):
 PSYoungGen      total 17920K, used 17904K [0x00000000ec000000, 0x00000000ed400000, 0x0000000100000000)
  eden space 15360K, 100% used [0x00000000ec000000,0x00000000ecf00000,0x00000000ecf00000)
  from space 2560K, 99% used [0x00000000ed180000,0x00000000ed3fc080,0x00000000ed400000)
  to   space 2560K, 0% used [0x00000000ecf00000,0x00000000ecf00000,0x00000000ed180000)
 ParOldGen       total 98304K, used 59112K [0x00000000c4000000, 0x00000000ca000000, 0x00000000ec000000)
  object space 98304K, 60% used [0x00000000c4000000,0x00000000c79ba330,0x00000000ca000000)
 Metaspace       used 16244K, capacity 16952K, committed 17152K, reserved 1064960K
  class space    used 2341K, capacity 2543K, committed 2560K, reserved 1048576K
Event: 7,226 GC heap after
Heap after GC invocations=3 (full 0):
 PSYoungGen      total 17920K, used 2528K [0x00000000ec000000, 0x00000000ed400000, 0x0000000100000000)
  eden space 15360K, 0% used [0x00000000ec000000,0x00000000ec000000,0x00000000ecf00000)
  from space 2560K, 98% used [0x00000000ecf00000,0x00000000ed178050,0x00000000ed180000)
  to   space 2560K, 0% used [0x00000000ed180000,0x00000000ed180000,0x00000000ed400000)
 ParOldGen       total 98304K, used 63591K [0x00000000c4000000, 0x00000000ca000000, 0x00000000ec000000)
  object space 98304K, 64% used [0x00000000c4000000,0x00000000c7e19f48,0x00000000ca000000)
 Metaspace       used 16244K, capacity 16952K, committed 17152K, reserved 1064960K
  class space    used 2341K, capacity 2543K, committed 2560K, reserved 1048576K
}

Deoptimization events (10 events):
Event: 7,041 Thread 0x00007feae42f6800 Uncommon trap: reason=unstable_if action=reinterpret pc=0x00007fead452ca30 method=java.util.HashMap.hash(Ljava/lang/Object;)I @ 1
Event: 7,047 Thread 0x00007feae42f6800 Uncommon trap: reason=unstable_if action=reinterpret pc=0x00007fead4402b28 method=java.util.HashMap.hash(Ljava/lang/Object;)I @ 1
Event: 7,350 Thread 0x00007feae42f6800 Uncommon trap: reason=unstable_if action=reinterpret pc=0x00007fead45b3830 method=java.util.HashMap.isEmpty()Z @ 4
Event: 7,673 Thread 0x00007feae42f6800 Uncommon trap: reason=unstable_if action=reinterpret pc=0x00007fead4555f24 method=jdk.internal.org.objectweb.asm.Type.getArgumentsAndReturnSizes(Ljava/lang/String;)I @ 47
Event: 14,302 Thread 0x00007feae42f6800 Uncommon trap: reason=unstable_if action=reinterpret pc=0x00007fead43b1ee0 method=java.lang.CharacterData.of(I)Ljava/lang/CharacterData; @ 4
Event: 16,249 Thread 0x00007feae42f6800 Uncommon trap: reason=unstable_if action=reinterpret pc=0x00007fead46abdbc method=java.lang.StrictMath.floorOrCeil(DDDD)D @ 38
Event: 16,416 Thread 0x00007feae42f6800 Uncommon trap: reason=class_check action=maybe_recompile pc=0x00007fead458340c method=java.io.FilterInputStream.read()I @ 4
Event: 16,416 Thread 0x00007feae42f6800 Uncommon trap: reason=class_check action=maybe_recompile pc=0x00007fead458340c method=java.io.FilterInputStream.read()I @ 4
Event: 16,416 Thread 0x00007feae42f6800 Uncommon trap: reason=class_check action=maybe_recompile pc=0x00007fead458340c method=java.io.FilterInputStream.read()I @ 4
Event: 16,416 Thread 0x00007feae42f6800 Uncommon trap: reason=class_check action=maybe_recompile pc=0x00007fead458340c method=java.io.FilterInputStream.read()I @ 4

Classes redefined (0 events):
No events

Internal exceptions (10 events):
Event: 3,584 Thread 0x00007feae42f6800 Exception <a 'java/lang/ArrayIndexOutOfBoundsException'> (0x00000000ec2f6ca8) thrown at [/HUDSON/workspace/8-2-build-linux-amd64/jdk8u161/10277/hotspot/src/share/vm/runtime/sharedRuntime.cpp, line 605]
Event: 4,388 Thread 0x00007feae42f6800 Exception <a 'java/lang/ArrayIndexOutOfBoundsException'> (0x00000000ec828760) thrown at [/HUDSON/workspace/8-2-build-linux-amd64/jdk8u161/10277/hotspot/src/share/vm/runtime/sharedRuntime.cpp, line 605]
Event: 4,507 Thread 0x00007feae42f6800 Exception <a 'java/io/FileNotFoundException'> (0x00000000ec95bac0) thrown at [/HUDSON/workspace/8-2-build-linux-amd64/jdk8u161/10277/hotspot/src/share/vm/prims/jni.cpp, line 709]
Event: 5,708 Thread 0x00007feae42f6800 Exception <a 'java/io/FileNotFoundException'> (0x00000000ec4fe058) thrown at [/HUDSON/workspace/8-2-build-linux-amd64/jdk8u161/10277/hotspot/src/share/vm/prims/jni.cpp, line 709]
Event: 5,837 Thread 0x00007feae42f6800 Exception <a 'java/io/FileNotFoundException'> (0x00000000ec57b858) thrown at [/HUDSON/workspace/8-2-build-linux-amd64/jdk8u161/10277/hotspot/src/share/vm/prims/jni.cpp, line 709]
Event: 5,866 Thread 0x00007feae42f6800 Exception <a 'java/io/FileNotFoundException'> (0x00000000ec5a5038) thrown at [/HUDSON/workspace/8-2-build-linux-amd64/jdk8u161/10277/hotspot/src/share/vm/prims/jni.cpp, line 709]
Event: 5,918 Thread 0x00007feae42f6800 Exception <a 'java/io/FileNotFoundException'> (0x00000000ec5d58a0) thrown at [/HUDSON/workspace/8-2-build-linux-amd64/jdk8u161/10277/hotspot/src/share/vm/prims/jni.cpp, line 709]
Event: 7,040 Thread 0x00007feae42f6800 Implicit null exception at 0x00007fead4480175 to 0x00007fead4480391
Event: 7,041 Thread 0x00007feae42f6800 Implicit null exception at 0x00007fead452c998 to 0x00007fead452ca26
Event: 7,047 Thread 0x00007feae42f6800 Implicit null exception at 0x00007fead4402aaf to 0x00007fead4402b19

Events (10 events):
Event: 16,603 loading class javafx/scene/effect/DropShadow$7
Event: 16,603 loading class javafx/scene/effect/DropShadow$7 done
Event: 16,604 loading class javafx/scene/effect/DropShadow$8
Event: 16,604 loading class javafx/scene/effect/DropShadow$8 done
Event: 16,604 loading class javafx/scene/effect/DropShadow$2
Event: 16,604 loading class javafx/scene/effect/DropShadow$2 done
Event: 16,607 loading class javafx/scene/effect/DropShadow$3
Event: 16,607 loading class javafx/scene/effect/DropShadow$3 done
Event: 16,627 loading class com/sun/javafx/effect/EffectDirtyBits
Event: 16,627 loading class com/sun/javafx/effect/EffectDirtyBits done


Dynamic libraries:
00400000-00401000 r-xp 00000000 08:02 2883734                            /opt/jdk/jdk1.8.0_161/bin/java
00600000-00601000 rw-p 00000000 08:02 2883734                            /opt/jdk/jdk1.8.0_161/bin/java
009cd000-009ee000 rw-p 00000000 00:00 0                                  [heap]
c4000000-ca000000 rw-p 00000000 00:00 0 
ca000000-ec000000 ---p 00000000 00:00 0 
ec000000-ed400000 rw-p 00000000 00:00 0 
ed400000-100000000 ---p 00000000 00:00 0 
100000000-1002e0000 rw-p 00000000 00:00 0 
1002e0000-140000000 ---p 00000000 00:00 0 
7fea7e000000-7fea84000000 rw-s 1042c7000 00:06 334                       /dev/dri/card0
7fea84000000-7fea8467b000 rw-p 00000000 00:00 0 
7fea8467b000-7fea88000000 ---p 00000000 00:00 0 
7fea8a400000-7fea8c000000 rw-s 10a2c7000 00:06 334                       /dev/dri/card0
7fea8c000000-7fea8c021000 rw-p 00000000 00:00 0 
7fea8c021000-7fea90000000 ---p 00000000 00:00 0 
7fea9077e000-7fea9079a000 rw-s 10218b000 00:06 334                       /dev/dri/card0
7fea9079a000-7fea9095a000 rw-s 10bec7000 00:06 334                       /dev/dri/card0
7fea90a5a000-7fea90aa5000 r--p 00000000 08:02 3808232                    /usr/share/fonts/truetype/noto/NotoSans-Regular.ttf
7fea90aa5000-7fea90ca5000 rw-p 00000000 00:00 0 
7fea90ca5000-7fea90e65000 rw-s 102fae000 00:06 334                       /dev/dri/card0
7fea90e65000-7fea90e68000 ---p 00000000 00:00 0 
7fea90e68000-7fea90f66000 rw-p 00000000 00:00 0 
7fea90f66000-7fea90f69000 ---p 00000000 00:00 0 
7fea90f69000-7fea91267000 rw-p 00000000 00:00 0 
7fea91267000-7fea91271000 r-xp 00000000 08:02 3671770                    /usr/lib/x86_64-linux-gnu/gtk-2.0/2.10.0/engines/libpixmap.so
7fea91271000-7fea91470000 ---p 0000a000 08:02 3671770                    /usr/lib/x86_64-linux-gnu/gtk-2.0/2.10.0/engines/libpixmap.so
7fea91470000-7fea91471000 r--p 00009000 08:02 3671770                    /usr/lib/x86_64-linux-gnu/gtk-2.0/2.10.0/engines/libpixmap.so
7fea91471000-7fea91472000 rw-p 0000a000 08:02 3671770                    /usr/lib/x86_64-linux-gnu/gtk-2.0/2.10.0/engines/libpixmap.so
7fea91472000-7fea914cd000 r--p 00000000 08:02 3817299                    /usr/share/fonts/Segoe UI Italic.ttf
7fea914cd000-7fea91526000 r--p 00000000 08:02 3817298                    /usr/share/fonts/Segoe UI Bold.ttf
7fea91526000-7fea91726000 rw-p 00000000 00:00 0 
7fea91726000-7fea91777000 r--p 00000000 08:02 3817300                    /usr/share/fonts/segoeuil.ttf
7fea91777000-7fea91822000 r--p 00000000 08:02 2885200                    /opt/jdk/jdk1.8.0_161/jre/lib/fonts/LucidaSansRegular.ttf
7fea91822000-7fea91826000 r-xp 00000000 08:02 2885435                    /opt/jdk/jdk1.8.0_161/jre/lib/amd64/libjavafx_font_pango.so
7fea91826000-7fea91a25000 ---p 00004000 08:02 2885435                    /opt/jdk/jdk1.8.0_161/jre/lib/amd64/libjavafx_font_pango.so
7fea91a25000-7fea91a26000 rw-p 00003000 08:02 2885435                    /opt/jdk/jdk1.8.0_161/jre/lib/amd64/libjavafx_font_pango.so
7fea91a26000-7fea91a2b000 r-xp 00000000 08:02 2885438                    /opt/jdk/jdk1.8.0_161/jre/lib/amd64/libjavafx_font_freetype.so
7fea91a2b000-7fea91c2a000 ---p 00005000 08:02 2885438                    /opt/jdk/jdk1.8.0_161/jre/lib/amd64/libjavafx_font_freetype.so
7fea91c2a000-7fea91c2b000 rw-p 00004000 08:02 2885438                    /opt/jdk/jdk1.8.0_161/jre/lib/amd64/libjavafx_font_freetype.so
7fea91c2b000-7fea91c2e000 r-xp 00000000 08:02 2885485                    /opt/jdk/jdk1.8.0_161/jre/lib/amd64/libjavafx_font.so
7fea91c2e000-7fea91e2d000 ---p 00003000 08:02 2885485                    /opt/jdk/jdk1.8.0_161/jre/lib/amd64/libjavafx_font.so
7fea91e2d000-7fea91e2e000 rw-p 00002000 08:02 2885485                    /opt/jdk/jdk1.8.0_161/jre/lib/amd64/libjavafx_font.so
7fea91e2e000-7fea91e64000 r-xp 00000000 08:02 2885481                    /opt/jdk/jdk1.8.0_161/jre/lib/amd64/libjavafx_iio.so
7fea91e64000-7fea92063000 ---p 00036000 08:02 2885481                    /opt/jdk/jdk1.8.0_161/jre/lib/amd64/libjavafx_iio.so
7fea92063000-7fea92064000 rw-p 00035000 08:02 2885481                    /opt/jdk/jdk1.8.0_161/jre/lib/amd64/libjavafx_iio.so
7fea92064000-7fea92264000 rw-p 00000000 00:00 0 
7fea92264000-7fea92267000 ---p 00000000 00:00 0 
7fea92267000-7fea92365000 rw-p 00000000 00:00 0 
7fea92365000-7fea92368000 ---p 00000000 00:00 0 
7fea92368000-7fea92466000 rw-p 00000000 00:00 0 
7fea92466000-7fea9248f000 r-xp 00000000 08:02 2885460                    /opt/jdk/jdk1.8.0_161/jre/lib/amd64/libglass.so
7fea9248f000-7fea9268e000 ---p 00029000 08:02 2885460                    /opt/jdk/jdk1.8.0_161/jre/lib/amd64/libglass.so
7fea9268e000-7fea92691000 rw-p 00028000 08:02 2885460                    /opt/jdk/jdk1.8.0_161/jre/lib/amd64/libglass.so
7fea92691000-7fea926c8000 r-xp 00000000 08:02 3547217                    /usr/lib/x86_64-linux-gnu/libtxc_dxtn_s2tc.so.0.0.0
7fea926c8000-7fea928c7000 ---p 00037000 08:02 3547217                    /usr/lib/x86_64-linux-gnu/libtxc_dxtn_s2tc.so.0.0.0
7fea928c7000-7fea928c8000 r--p 00036000 08:02 3547217                    /usr/lib/x86_64-linux-gnu/libtxc_dxtn_s2tc.so.0.0.0
7fea928c8000-7fea928c9000 rw-p 00037000 08:02 3547217                    /usr/lib/x86_64-linux-gnu/libtxc_dxtn_s2tc.so.0.0.0
7fea928c9000-7fea928d1000 r-xp 00000000 08:02 3546963                    /usr/lib/x86_64-linux-gnu/libpciaccess.so.0.11.1
7fea928d1000-7fea92ad1000 ---p 00008000 08:02 3546963                    /usr/lib/x86_64-linux-gnu/libpciaccess.so.0.11.1
7fea92ad1000-7fea92ad2000 r--p 00008000 08:02 3546963                    /usr/lib/x86_64-linux-gnu/libpciaccess.so.0.11.1
7fea92ad2000-7fea92ad3000 rw-p 00009000 08:02 3546963                    /usr/lib/x86_64-linux-gnu/libpciaccess.so.0.11.1
7fea92ad3000-7fea92ade000 r-xp 00000000 08:02 3546417                    /usr/lib/x86_64-linux-gnu/libdrm_radeon.so.1.0.1
7fea92ade000-7fea92cdd000 ---p 0000b000 08:02 3546417                    /usr/lib/x86_64-linux-gnu/libdrm_radeon.so.1.0.1
7fea92cdd000-7fea92cde000 r--p 0000a000 08:02 3546417                    /usr/lib/x86_64-linux-gnu/libdrm_radeon.so.1.0.1
7fea92cde000-7fea92cdf000 rw-p 0000b000 08:02 3546417                    /usr/lib/x86_64-linux-gnu/libdrm_radeon.so.1.0.1
7fea92cdf000-7fea92ce6000 r-xp 00000000 08:02 3546415                    /usr/lib/x86_64-linux-gnu/libdrm_nouveau.so.2.0.0
7fea92ce6000-7fea92ee5000 ---p 00007000 08:02 3546415                    /usr/lib/x86_64-linux-gnu/libdrm_nouveau.so.2.0.0
7fea92ee5000-7fea92ee6000 r--p 00006000 08:02 3546415                    /usr/lib/x86_64-linux-gnu/libdrm_nouveau.so.2.0.0
7fea92ee6000-7fea92ee7000 rw-p 00007000 08:02 3546415                    /usr/lib/x86_64-linux-gnu/libdrm_nouveau.so.2.0.0
7fea92ee7000-7fea92f09000 r-xp 00000000 08:02 3546413                    /usr/lib/x86_64-linux-gnu/libdrm_intel.so.1.0.0
7fea92f09000-7fea93109000 ---p 00022000 08:02 3546413                    /usr/lib/x86_64-linux-gnu/libdrm_intel.so.1.0.0
7fea93109000-7fea9310a000 r--p 00022000 08:02 3546413                    /usr/lib/x86_64-linux-gnu/libdrm_intel.so.1.0.0
7fea9310a000-7fea9310b000 rw-p 00023000 08:02 3546413                    /usr/lib/x86_64-linux-gnu/libdrm_intel.so.1.0.0
7fea9310b000-7fea93932000 r-xp 00000000 08:02 3671344                    /usr/lib/x86_64-linux-gnu/dri/i965_dri.so
7fea93932000-7fea93b32000 ---p 00827000 08:02 3671344                    /usr/lib/x86_64-linux-gnu/dri/i965_dri.so
7fea93b32000-7fea93b82000 r--p 00827000 08:02 3671344                    /usr/lib/x86_64-linux-gnu/dri/i965_dri.so
7fea93b82000-7fea93b8b000 rw-p 00877000 08:02 3671344                    /usr/lib/x86_64-linux-gnu/dri/i965_dri.so
7fea93b8b000-7fea93bf2000 rw-p 00000000 00:00 0 
7fea93bf2000-7fea93bf8000 r-xp 00000000 08:02 3546354                    /usr/lib/x86_64-linux-gnu/libdatrie.so.1.3.3
7fea93bf8000-7fea93df8000 ---p 00006000 08:02 3546354                    /usr/lib/x86_64-linux-gnu/libdatrie.so.1.3.3
7fea93df8000-7fea93df9000 r--p 00006000 08:02 3546354                    /usr/lib/x86_64-linux-gnu/libdatrie.so.1.3.3
7fea93df9000-7fea93dfa000 rw-p 00007000 08:02 3546354                    /usr/lib/x86_64-linux-gnu/libdatrie.so.1.3.3
7fea93dfa000-7fea93dff000 r-xp 00000000 08:02 3546164                    /usr/lib/x86_64-linux-gnu/libXdmcp.so.6.0.0
7fea93dff000-7fea93ffe000 ---p 00005000 08:02 3546164                    /usr/lib/x86_64-linux-gnu/libXdmcp.so.6.0.0
7fea93ffe000-7fea93fff000 r--p 00004000 08:02 3546164                    /usr/lib/x86_64-linux-gnu/libXdmcp.so.6.0.0
7fea93fff000-7fea94000000 rw-p 00005000 08:02 3546164                    /usr/lib/x86_64-linux-gnu/libXdmcp.so.6.0.0
7fea94000000-7fea95e40000 rw-p 00000000 00:00 0 
7fea95e40000-7fea98000000 ---p 00000000 00:00 0 
7fea98018000-7fea98097000 r--p 00000000 08:02 3817301                    /usr/share/fonts/segoeui.ttf
7fea98097000-7fea98099000 r-xp 00000000 08:02 3546153                    /usr/lib/x86_64-linux-gnu/libXau.so.6.0.0
7fea98099000-7fea98299000 ---p 00002000 08:02 3546153                    /usr/lib/x86_64-linux-gnu/libXau.so.6.0.0
7fea98299000-7fea9829a000 r--p 00002000 08:02 3546153                    /usr/lib/x86_64-linux-gnu/libXau.so.6.0.0
7fea9829a000-7fea9829b000 rw-p 00003000 08:02 3546153                    /usr/lib/x86_64-linux-gnu/libXau.so.6.0.0
7fea9829b000-7fea982bf000 r-xp 00000000 08:02 3546586                    /usr/lib/x86_64-linux-gnu/libgraphite2.so.3.0.1
7fea982bf000-7fea984be000 ---p 00024000 08:02 3546586                    /usr/lib/x86_64-linux-gnu/libgraphite2.so.3.0.1
7fea984be000-7fea984c0000 r--p 00023000 08:02 3546586                    /usr/lib/x86_64-linux-gnu/libgraphite2.so.3.0.1
7fea984c0000-7fea984c1000 rw-p 00025000 08:02 3546586                    /usr/lib/x86_64-linux-gnu/libgraphite2.so.3.0.1
7fea984c1000-7fea984d1000 r-xp 00000000 08:02 3546409                    /usr/lib/x86_64-linux-gnu/libdrm.so.2.4.0
7fea984d1000-7fea986d0000 ---p 00010000 08:02 3546409                    /usr/lib/x86_64-linux-gnu/libdrm.so.2.4.0
7fea986d0000-7fea986d1000 r--p 0000f000 08:02 3546409                    /usr/lib/x86_64-linux-gnu/libdrm.so.2.4.0
7fea986d1000-7fea986d2000 rw-p 00010000 08:02 3546409                    /usr/lib/x86_64-linux-gnu/libdrm.so.2.4.0
7fea986d2000-7fea986d6000 r-xp 00000000 08:02 3547342                    /usr/lib/x86_64-linux-gnu/libxcb-dri2.so.0.0.0
7fea986d6000-7fea988d5000 ---p 00004000 08:02 3547342                    /usr/lib/x86_64-linux-gnu/libxcb-dri2.so.0.0.0
7fea988d5000-7fea988d6000 r--p 00003000 08:02 3547342                    /usr/lib/x86_64-linux-gnu/libxcb-dri2.so.0.0.0
7fea988d6000-7fea988d7000 rw-p 00004000 08:02 3547342                    /usr/lib/x86_64-linux-gnu/libxcb-dri2.so.0.0.0
7fea988d7000-7fea988ee000 r-xp 00000000 08:02 3547346                    /usr/lib/x86_64-linux-gnu/libxcb-glx.so.0.0.0
7fea988ee000-7fea98aed000 ---p 00017000 08:02 3547346                    /usr/lib/x86_64-linux-gnu/libxcb-glx.so.0.0.0
7fea98aed000-7fea98aef000 r--p 00016000 08:02 3547346                    /usr/lib/x86_64-linux-gnu/libxcb-glx.so.0.0.0
7fea98aef000-7fea98af0000 rw-p 00018000 08:02 3547346                    /usr/lib/x86_64-linux-gnu/libxcb-glx.so.0.0.0
7fea98af0000-7fea98af1000 r-xp 00000000 08:02 3546149                    /usr/lib/x86_64-linux-gnu/libX11-xcb.so.1.0.0
7fea98af1000-7fea98cf0000 ---p 00001000 08:02 3546149                    /usr/lib/x86_64-linux-gnu/libX11-xcb.so.1.0.0
7fea98cf0000-7fea98cf1000 r--p 00000000 08:02 3546149                    /usr/lib/x86_64-linux-gnu/libX11-xcb.so.1.0.0
7fea98cf1000-7fea98cf2000 rw-p 00001000 08:02 3546149                    /usr/lib/x86_64-linux-gnu/libX11-xcb.so.1.0.0
7fea98cf2000-7fea98d1d000 r-xp 00000000 08:02 3546557                    /usr/lib/x86_64-linux-gnu/libglapi.so.0.0.0
7fea98d1d000-7fea98f1c000 ---p 0002b000 08:02 3546557                    /usr/lib/x86_64-linux-gnu/libglapi.so.0.0.0
7fea98f1c000-7fea98f20000 r--p 0002a000 08:02 3546557                    /usr/lib/x86_64-linux-gnu/libglapi.so.0.0.0
7fea98f20000-7fea98f21000 rw-p 0002e000 08:02 3546557                    /usr/lib/x86_64-linux-gnu/libglapi.so.0.0.0
7fea98f21000-7fea98f22000 rw-p 00000000 00:00 0 
7fea98f22000-7fea98f23000 r-xp 00000000 08:02 3547390                    /usr/lib/x86_64-linux-gnu/libxshmfence.so.1.0.0
7fea98f23000-7fea99123000 ---p 00001000 08:02 3547390                    /usr/lib/x86_64-linux-gnu/libxshmfence.so.1.0.0
7fea99123000-7fea99124000 r--p 00001000 08:02 3547390                    /usr/lib/x86_64-linux-gnu/libxshmfence.so.1.0.0
7fea99124000-7fea99125000 rw-p 00002000 08:02 3547390                    /usr/lib/x86_64-linux-gnu/libxshmfence.so.1.0.0
7fea99125000-7fea9912a000 r-xp 00000000 08:02 3547368                    /usr/lib/x86_64-linux-gnu/libxcb-sync.so.1.0.0
7fea9912a000-7fea9932a000 ---p 00005000 08:02 3547368                    /usr/lib/x86_64-linux-gnu/libxcb-sync.so.1.0.0
7fea9932a000-7fea9932b000 r--p 00005000 08:02 3547368                    /usr/lib/x86_64-linux-gnu/libxcb-sync.so.1.0.0
7fea9932b000-7fea9932c000 rw-p 00006000 08:02 3547368                    /usr/lib/x86_64-linux-gnu/libxcb-sync.so.1.0.0
7fea9932c000-7fea9932e000 r-xp 00000000 08:02 3547354                    /usr/lib/x86_64-linux-gnu/libxcb-present.so.0.0.0
7fea9932e000-7fea9952d000 ---p 00002000 08:02 3547354                    /usr/lib/x86_64-linux-gnu/libxcb-present.so.0.0.0
7fea9952d000-7fea9952e000 r--p 00001000 08:02 3547354                    /usr/lib/x86_64-linux-gnu/libxcb-present.so.0.0.0
7fea9952e000-7fea9952f000 rw-p 00002000 08:02 3547354                    /usr/lib/x86_64-linux-gnu/libxcb-present.so.0.0.0
7fea9952f000-7fea99531000 r-xp 00000000 08:02 3547344                    /usr/lib/x86_64-linux-gnu/libxcb-dri3.so.0.0.0
7fea99531000-7fea99730000 ---p 00002000 08:02 3547344                    /usr/lib/x86_64-linux-gnu/libxcb-dri3.so.0.0.0
7fea99730000-7fea99731000 r--p 00001000 08:02 3547344                    /usr/lib/x86_64-linux-gnu/libxcb-dri3.so.0.0.0
7fea99731000-7fea99732000 rw-p 00002000 08:02 3547344                    /usr/lib/x86_64-linux-gnu/libxcb-dri3.so.0.0.0
7fea99732000-7fea997a0000 r-xp 00000000 08:02 791258                     /lib/x86_64-linux-gnu/libpcre.so.3.13.2
7fea997a0000-7fea999a0000 ---p 0006e000 08:02 791258                     /lib/x86_64-linux-gnu/libpcre.so.3.13.2
7fea999a0000-7fea999a1000 r--p 0006e000 08:02 791258                     /lib/x86_64-linux-gnu/libpcre.so.3.13.2
7fea999a1000-7fea999a2000 rw-p 0006f000 08:02 791258                     /lib/x86_64-linux-gnu/libpcre.so.3.13.2
7fea999a2000-7fea999a9000 r-xp 00000000 08:02 3546471                    /usr/lib/x86_64-linux-gnu/libffi.so.6.0.4
7fea999a9000-7fea99ba8000 ---p 00007000 08:02 3546471                    /usr/lib/x86_64-linux-gnu/libffi.so.6.0.4
7fea99ba8000-7fea99ba9000 r--p 00006000 08:02 3546471                    /usr/lib/x86_64-linux-gnu/libffi.so.6.0.4
7fea99ba9000-7fea99baa000 rw-p 00007000 08:02 3546471                    /usr/lib/x86_64-linux-gnu/libffi.so.6.0.4
7fea99baa000-7fea99bd0000 r-xp 00000000 08:02 791162                     /lib/x86_64-linux-gnu/libexpat.so.1.6.0
7fea99bd0000-7fea99dd0000 ---p 00026000 08:02 791162                     /lib/x86_64-linux-gnu/libexpat.so.1.6.0
7fea99dd0000-7fea99dd2000 r--p 00026000 08:02 791162                     /lib/x86_64-linux-gnu/libexpat.so.1.6.0
7fea99dd2000-7fea99dd3000 rw-p 00028000 08:02 791162                     /lib/x86_64-linux-gnu/libexpat.so.1.6.0
7fea99dd3000-7fea99ddb000 r-xp 00000000 08:02 3547194                    /usr/lib/x86_64-linux-gnu/libthai.so.0.2.4
7fea99ddb000-7fea99fda000 ---p 00008000 08:02 3547194                    /usr/lib/x86_64-linux-gnu/libthai.so.0.2.4
7fea99fda000-7fea99fdb000 r--p 00007000 08:02 3547194                    /usr/lib/x86_64-linux-gnu/libthai.so.0.2.4
7fea99fdb000-7fea99fdc000 rw-p 00008000 08:02 3547194                    /usr/lib/x86_64-linux-gnu/libthai.so.0.2.4
7fea99fdc000-7fea99ffd000 r-xp 00000000 08:02 3547380                    /usr/lib/x86_64-linux-gnu/libxcb.so.1.1.0
7fea99ffd000-7fea9a1fc000 ---p 00021000 08:02 3547380                    /usr/lib/x86_64-linux-gnu/libxcb.so.1.1.0
7fea9a1fc000-7fea9a1fd000 r--p 00020000 08:02 3547380                    /usr/lib/x86_64-linux-gnu/libxcb.so.1.1.0
7fea9a1fd000-7fea9a1fe000 rw-p 00021000 08:02 3547380                    /usr/lib/x86_64-linux-gnu/libxcb.so.1.1.0
7fea9a1fe000-7fea9a206000 r-xp 00000000 08:02 3547362                    /usr/lib/x86_64-linux-gnu/libxcb-render.so.0.0.0
7fea9a206000-7fea9a406000 ---p 00008000 08:02 3547362                    /usr/lib/x86_64-linux-gnu/libxcb-render.so.0.0.0
7fea9a406000-7fea9a407000 r--p 00008000 08:02 3547362                    /usr/lib/x86_64-linux-gnu/libxcb-render.so.0.0.0
7fea9a407000-7fea9a408000 rw-p 00009000 08:02 3547362                    /usr/lib/x86_64-linux-gnu/libxcb-render.so.0.0.0
7fea9a408000-7fea9a40a000 r-xp 00000000 08:02 3547366                    /usr/lib/x86_64-linux-gnu/libxcb-shm.so.0.0.0
7fea9a40a000-7fea9a60a000 ---p 00002000 08:02 3547366                    /usr/lib/x86_64-linux-gnu/libxcb-shm.so.0.0.0
7fea9a60a000-7fea9a60b000 r--p 00002000 08:02 3547366                    /usr/lib/x86_64-linux-gnu/libxcb-shm.so.0.0.0
7fea9a60b000-7fea9a60c000 rw-p 00003000 08:02 3547366                    /usr/lib/x86_64-linux-gnu/libxcb-shm.so.0.0.0
7fea9a60c000-7fea9a630000 r-xp 00000000 08:02 791270                     /lib/x86_64-linux-gnu/libpng12.so.0.54.0
7fea9a630000-7fea9a82f000 ---p 00024000 08:02 791270                     /lib/x86_64-linux-gnu/libpng12.so.0.54.0
7fea9a82f000-7fea9a830000 r--p 00023000 08:02 791270                     /lib/x86_64-linux-gnu/libpng12.so.0.54.0
7fea9a830000-7fea9a831000 rw-p 00024000 08:02 791270                     /lib/x86_64-linux-gnu/libpng12.so.0.54.0
7fea9a831000-7fea9a8d0000 r-xp 00000000 08:02 3546977                    /usr/lib/x86_64-linux-gnu/libpixman-1.so.0.33.6
7fea9a8d0000-7fea9aad0000 ---p 0009f000 08:02 3546977                    /usr/lib/x86_64-linux-gnu/libpixman-1.so.0.33.6
7fea9aad0000-7fea9aad8000 r--p 0009f000 08:02 3546977                    /usr/lib/x86_64-linux-gnu/libpixman-1.so.0.33.6
7fea9aad8000-7fea9aad9000 rw-p 000a7000 08:02 3546977                    /usr/lib/x86_64-linux-gnu/libpixman-1.so.0.33.6
7fea9aad9000-7fea9ab6a000 r-xp 00000000 08:02 3546650                    /usr/lib/x86_64-linux-gnu/libharfbuzz.so.0.10400.6
7fea9ab6a000-7fea9ad69000 ---p 00091000 08:02 3546650                    /usr/lib/x86_64-linux-gnu/libharfbuzz.so.0.10400.6
7fea9ad69000-7fea9ad6b000 r--p 00090000 08:02 3546650                    /usr/lib/x86_64-linux-gnu/libharfbuzz.so.0.10400.6
7fea9ad6b000-7fea9ad6c000 rw-p 00092000 08:02 3546650                    /usr/lib/x86_64-linux-gnu/libharfbuzz.so.0.10400.6
7fea9ad6c000-7fea9ad83000 r-xp 00000000 08:02 791281                     /lib/x86_64-linux-gnu/libresolv-2.23.so
7fea9ad83000-7fea9af83000 ---p 00017000 08:02 791281                     /lib/x86_64-linux-gnu/libresolv-2.23.so
7fea9af83000-7fea9af84000 r--p 00017000 08:02 791281                     /lib/x86_64-linux-gnu/libresolv-2.23.so
7fea9af84000-7fea9af85000 rw-p 00018000 08:02 791281                     /lib/x86_64-linux-gnu/libresolv-2.23.so
7fea9af85000-7fea9af87000 rw-p 00000000 00:00 0 
7fea9af87000-7fea9afa6000 r-xp 00000000 08:02 791287                     /lib/x86_64-linux-gnu/libselinux.so.1
7fea9afa6000-7fea9b1a5000 ---p 0001f000 08:02 791287                     /lib/x86_64-linux-gnu/libselinux.so.1
7fea9b1a5000-7fea9b1a6000 r--p 0001e000 08:02 791287                     /lib/x86_64-linux-gnu/libselinux.so.1
7fea9b1a6000-7fea9b1a7000 rw-p 0001f000 08:02 791287                     /lib/x86_64-linux-gnu/libselinux.so.1
7fea9b1a7000-7fea9b1a9000 rw-p 00000000 00:00 0 
7fea9b1a9000-7fea9b1c2000 r-xp 00000000 08:02 791320                     /lib/x86_64-linux-gnu/libz.so.1.2.8
7fea9b1c2000-7fea9b3c1000 ---p 00019000 08:02 791320                     /lib/x86_64-linux-gnu/libz.so.1.2.8
7fea9b3c1000-7fea9b3c2000 r--p 00018000 08:02 791320                     /lib/x86_64-linux-gnu/libz.so.1.2.8
7fea9b3c2000-7fea9b3c3000 rw-p 00019000 08:02 791320                     /lib/x86_64-linux-gnu/libz.so.1.2.8
7fea9b3c3000-7fea9b3d4000 r-xp 00000000 08:02 3546166                    /usr/lib/x86_64-linux-gnu/libXext.so.6.4.0
7fea9b3d4000-7fea9b5d3000 ---p 00011000 08:02 3546166                    /usr/lib/x86_64-linux-gnu/libXext.so.6.4.0
7fea9b5d3000-7fea9b5d4000 r--p 00010000 08:02 3546166                    /usr/lib/x86_64-linux-gnu/libXext.so.6.4.0
7fea9b5d4000-7fea9b5d5000 rw-p 00011000 08:02 3546166                    /usr/lib/x86_64-linux-gnu/libXext.so.6.4.0
7fea9b5d5000-7fea9b5d7000 r-xp 00000000 08:02 3546162                    /usr/lib/x86_64-linux-gnu/libXdamage.so.1.1.0
7fea9b5d7000-7fea9b7d6000 ---p 00002000 08:02 3546162                    /usr/lib/x86_64-linux-gnu/libXdamage.so.1.1.0
7fea9b7d6000-7fea9b7d7000 r--p 00001000 08:02 3546162                    /usr/lib/x86_64-linux-gnu/libXdamage.so.1.1.0
7fea9b7d7000-7fea9b7d8000 rw-p 00002000 08:02 3546162                    /usr/lib/x86_64-linux-gnu/libXdamage.so.1.1.0
7fea9b7d8000-7fea9b7da000 r-xp 00000000 08:02 3546158                    /usr/lib/x86_64-linux-gnu/libXcomposite.so.1.0.0
7fea9b7da000-7fea9b9d9000 ---p 00002000 08:02 3546158                    /usr/lib/x86_64-linux-gnu/libXcomposite.so.1.0.0
7fea9b9d9000-7fea9b9da000 r--p 00001000 08:02 3546158                    /usr/lib/x86_64-linux-gnu/libXcomposite.so.1.0.0
7fea9b9da000-7fea9b9db000 rw-p 00002000 08:02 3546158                    /usr/lib/x86_64-linux-gnu/libXcomposite.so.1.0.0
7fea9b9db000-7fea9b9e4000 r-xp 00000000 08:02 3546160                    /usr/lib/x86_64-linux-gnu/libXcursor.so.1.0.2
7fea9b9e4000-7fea9bbe3000 ---p 00009000 08:02 3546160                    /usr/lib/x86_64-linux-gnu/libXcursor.so.1.0.2
7fea9bbe3000-7fea9bbe4000 r--p 00008000 08:02 3546160                    /usr/lib/x86_64-linux-gnu/libXcursor.so.1.0.2
7fea9bbe4000-7fea9bbe5000 rw-p 00009000 08:02 3546160                    /usr/lib/x86_64-linux-gnu/libXcursor.so.1.0.2
7fea9bbe5000-7fea9bbef000 r-xp 00000000 08:02 3546186                    /usr/lib/x86_64-linux-gnu/libXrandr.so.2.2.0
7fea9bbef000-7fea9bdee000 ---p 0000a000 08:02 3546186                    /usr/lib/x86_64-linux-gnu/libXrandr.so.2.2.0
7fea9bdee000-7fea9bdef000 r--p 00009000 08:02 3546186                    /usr/lib/x86_64-linux-gnu/libXrandr.so.2.2.0
7fea9bdef000-7fea9bdf0000 rw-p 0000a000 08:02 3546186                    /usr/lib/x86_64-linux-gnu/libXrandr.so.2.2.0
7fea9bdf0000-7fea9bdff000 r-xp 00000000 08:02 3546176                    /usr/lib/x86_64-linux-gnu/libXi.so.6.1.0
7fea9bdff000-7fea9bffe000 ---p 0000f000 08:02 3546176                    /usr/lib/x86_64-linux-gnu/libXi.so.6.1.0
7fea9bffe000-7fea9bfff000 r--p 0000e000 08:02 3546176                    /usr/lib/x86_64-linux-gnu/libXi.so.6.1.0
7fea9bfff000-7fea9c000000 rw-p 0000f000 08:02 3546176                    /usr/lib/x86_64-linux-gnu/libXi.so.6.1.0
7fea9c000000-7fea9c021000 rw-p 00000000 00:00 0 
7fea9c021000-7feaa0000000 ---p 00000000 00:00 0 
7feaa0000000-7feaa0021000 rw-p 00000000 00:00 0 
7feaa0021000-7feaa4000000 ---p 00000000 00:00 0 
7feaa4000000-7feaa4279000 rw-p 00000000 00:00 0 
7feaa4279000-7feaa8000000 ---p 00000000 00:00 0 
7feaa8000000-7feaa83fc000 rw-p 00000000 00:00 0 
7feaa83fc000-7feaac000000 ---p 00000000 00:00 0 
7feaac000000-7feaac021000 rw-p 00000000 00:00 0 
7feaac021000-7feab0000000 ---p 00000000 00:00 0 
7feab0000000-7feab0021000 rw-p 00000000 00:00 0 
7feab0021000-7feab4000000 ---p 00000000 00:00 0 
7feab4000000-7feab4021000 rw-p 00000000 00:00 0 
7feab4021000-7feab8000000 ---p 00000000 00:00 0 
7feab8000000-7feab8021000 rw-p 00000000 00:00 0 
7feab8021000-7feabc000000 ---p 00000000 00:00 0 
7feabc000000-7feabc021000 rw-p 00000000 00:00 0 
7feabc021000-7feac0000000 ---p 00000000 00:00 0 
7feac0004000-7feac000c000 rw-s 10066c000 00:06 334                       /dev/dri/card0
7feac000c000-7feac0014000 rw-s 10072c000 00:06 334                       /dev/dri/card0
7feac0014000-7feac0016000 r-xp 00000000 08:02 3546178                    /usr/lib/x86_64-linux-gnu/libXinerama.so.1.0.0
7feac0016000-7feac0215000 ---p 00002000 08:02 3546178                    /usr/lib/x86_64-linux-gnu/libXinerama.so.1.0.0
7feac0215000-7feac0216000 r--p 00001000 08:02 3546178                    /usr/lib/x86_64-linux-gnu/libXinerama.so.1.0.0
7feac0216000-7feac0217000 rw-p 00002000 08:02 3546178                    /usr/lib/x86_64-linux-gnu/libXinerama.so.1.0.0
7feac0217000-7feac0220000 r-xp 00000000 08:02 3546188                    /usr/lib/x86_64-linux-gnu/libXrender.so.1.3.0
7feac0220000-7feac041f000 ---p 00009000 08:02 3546188                    /usr/lib/x86_64-linux-gnu/libXrender.so.1.3.0
7feac041f000-7feac0420000 r--p 00008000 08:02 3546188                    /usr/lib/x86_64-linux-gnu/libXrender.so.1.3.0
7feac0420000-7feac0421000 rw-p 00009000 08:02 3546188                    /usr/lib/x86_64-linux-gnu/libXrender.so.1.3.0
7feac0421000-7feac0426000 r-xp 00000000 08:02 3546168                    /usr/lib/x86_64-linux-gnu/libXfixes.so.3.1.0
7feac0426000-7feac0625000 ---p 00005000 08:02 3546168                    /usr/lib/x86_64-linux-gnu/libXfixes.so.3.1.0
7feac0625000-7feac0626000 r--p 00004000 08:02 3546168                    /usr/lib/x86_64-linux-gnu/libXfixes.so.3.1.0
7feac0626000-7feac0627000 rw-p 00005000 08:02 3546168                    /usr/lib/x86_64-linux-gnu/libXfixes.so.3.1.0
7feac0627000-7feac063d000 r-xp 00000000 08:02 791169                     /lib/x86_64-linux-gnu/libgcc_s.so.1
7feac063d000-7feac083c000 ---p 00016000 08:02 791169                     /lib/x86_64-linux-gnu/libgcc_s.so.1
7feac083c000-7feac083d000 rw-p 00015000 08:02 791169                     /lib/x86_64-linux-gnu/libgcc_s.so.1
7feac083d000-7feac09af000 r-xp 00000000 08:02 3547167                    /usr/lib/x86_64-linux-gnu/libstdc++.so.6.0.21
7feac09af000-7feac0baf000 ---p 00172000 08:02 3547167                    /usr/lib/x86_64-linux-gnu/libstdc++.so.6.0.21
7feac0baf000-7feac0bb9000 r--p 00172000 08:02 3547167                    /usr/lib/x86_64-linux-gnu/libstdc++.so.6.0.21
7feac0bb9000-7feac0bbb000 rw-p 0017c000 08:02 3547167                    /usr/lib/x86_64-linux-gnu/libstdc++.so.6.0.21
7feac0bbb000-7feac0bbf000 rw-p 00000000 00:00 0 
7feac0bbf000-7feac0c2d000 r-xp 00000000 08:02 3671987                    /usr/lib/x86_64-linux-gnu/mesa/libGL.so.1.2.0
7feac0c2d000-7feac0e2d000 ---p 0006e000 08:02 3671987                    /usr/lib/x86_64-linux-gnu/mesa/libGL.so.1.2.0
7feac0e2d000-7feac0e30000 r--p 0006e000 08:02 3671987                    /usr/lib/x86_64-linux-gnu/mesa/libGL.so.1.2.0
7feac0e30000-7feac0e31000 rw-p 00071000 08:02 3671987                    /usr/lib/x86_64-linux-gnu/mesa/libGL.so.1.2.0
7feac0e31000-7feac0e32000 rw-p 00000000 00:00 0 
7feac0e32000-7feac0e37000 r-xp 00000000 08:02 3546200                    /usr/lib/x86_64-linux-gnu/libXxf86vm.so.1.0.0
7feac0e37000-7feac1036000 ---p 00005000 08:02 3546200                    /usr/lib/x86_64-linux-gnu/libXxf86vm.so.1.0.0
7feac1036000-7feac1037000 r--p 00004000 08:02 3546200                    /usr/lib/x86_64-linux-gnu/libXxf86vm.so.1.0.0
7feac1037000-7feac1038000 rw-p 00005000 08:02 3546200                    /usr/lib/x86_64-linux-gnu/libXxf86vm.so.1.0.0
7feac1038000-7feac116d000 r-xp 00000000 08:02 3546151                    /usr/lib/x86_64-linux-gnu/libX11.so.6.3.0
7feac116d000-7feac136d000 ---p 00135000 08:02 3546151                    /usr/lib/x86_64-linux-gnu/libX11.so.6.3.0
7feac136d000-7feac136e000 r--p 00135000 08:02 3546151                    /usr/lib/x86_64-linux-gnu/libX11.so.6.3.0
7feac136e000-7feac1372000 rw-p 00136000 08:02 3546151                    /usr/lib/x86_64-linux-gnu/libX11.so.6.3.0
7feac1372000-7feac1377000 r-xp 00000000 08:02 3546194                    /usr/lib/x86_64-linux-gnu/libXtst.so.6.1.0
7feac1377000-7feac1576000 ---p 00005000 08:02 3546194                    /usr/lib/x86_64-linux-gnu/libXtst.so.6.1.0
7feac1576000-7feac1577000 r--p 00004000 08:02 3546194                    /usr/lib/x86_64-linux-gnu/libXtst.so.6.1.0
7feac1577000-7feac1578000 rw-p 00005000 08:02 3546194                    /usr/lib/x86_64-linux-gnu/libXtst.so.6.1.0
7feac1578000-7feac1687000 r-xp 00000000 08:02 791173                     /lib/x86_64-linux-gnu/libglib-2.0.so.0.4800.2
7feac1687000-7feac1886000 ---p 0010f000 08:02 791173                     /lib/x86_64-linux-gnu/libglib-2.0.so.0.4800.2
7feac1886000-7feac1887000 r--p 0010e000 08:02 791173                     /lib/x86_64-linux-gnu/libglib-2.0.so.0.4800.2
7feac1887000-7feac1888000 rw-p 0010f000 08:02 791173                     /lib/x86_64-linux-gnu/libglib-2.0.so.0.4800.2
7feac1888000-7feac1889000 rw-p 00000000 00:00 0 
7feac1889000-7feac188a000 r-xp 00000000 08:02 3546634                    /usr/lib/x86_64-linux-gnu/libgthread-2.0.so.0.4800.2
7feac188a000-7feac1a89000 ---p 00001000 08:02 3546634                    /usr/lib/x86_64-linux-gnu/libgthread-2.0.so.0.4800.2
7feac1a89000-7feac1a8a000 r--p 00000000 08:02 3546634                    /usr/lib/x86_64-linux-gnu/libgthread-2.0.so.0.4800.2
7feac1a8a000-7feac1a8b000 rw-p 00001000 08:02 3546634                    /usr/lib/x86_64-linux-gnu/libgthread-2.0.so.0.4800.2
7feac1a8b000-7feac388b000 rw-p 00000000 00:00 0 
7feac388b000-7feac389b000 rw-s 00000000 00:05 409294                     /drm mm object (deleted)
7feac389b000-7feac38a3000 rw-s 101ccd000 00:06 334                       /dev/dri/card0
7feac38a3000-7feac38b3000 rw-s 00000000 00:05 409282                     /drm mm object (deleted)
7feac38b3000-7feac38c3000 rw-s 00000000 00:05 409279                     /drm mm object (deleted)
7feac38c3000-7feac3911000 r--p 00000000 08:02 2885202                    /opt/jdk/jdk1.8.0_161/jre/lib/fonts/LucidaSansDemiBold.ttf
7feac3911000-7feac3966000 r--p 00000000 08:02 2885201                    /opt/jdk/jdk1.8.0_161/jre/lib/fonts/LucidaBrightRegular.ttf
7feac3966000-7feac3969000 r-xp 00000000 08:02 3546561                    /usr/lib/x86_64-linux-gnu/libgmodule-2.0.so.0.4800.2
7feac3969000-7feac3b68000 ---p 00003000 08:02 3546561                    /usr/lib/x86_64-linux-gnu/libgmodule-2.0.so.0.4800.2
7feac3b68000-7feac3b69000 r--p 00002000 08:02 3546561                    /usr/lib/x86_64-linux-gnu/libgmodule-2.0.so.0.4800.2
7feac3b69000-7feac3b6a000 rw-p 00003000 08:02 3546561                    /usr/lib/x86_64-linux-gnu/libgmodule-2.0.so.0.4800.2
7feac3b6a000-7feac3bbc000 r-xp 00000000 08:02 3546569                    /usr/lib/x86_64-linux-gnu/libgobject-2.0.so.0.4800.2
7feac3bbc000-7feac3dbb000 ---p 00052000 08:02 3546569                    /usr/lib/x86_64-linux-gnu/libgobject-2.0.so.0.4800.2
7feac3dbb000-7feac3dbc000 r--p 00051000 08:02 3546569                    /usr/lib/x86_64-linux-gnu/libgobject-2.0.so.0.4800.2
7feac3dbc000-7feac3dbd000 rw-p 00052000 08:02 3546569                    /usr/lib/x86_64-linux-gnu/libgobject-2.0.so.0.4800.2
7feac3dbd000-7feac3dfa000 r-xp 00000000 08:02 3546485                    /usr/lib/x86_64-linux-gnu/libfontconfig.so.1.9.0
7feac3dfa000-7feac3ff9000 ---p 0003d000 08:02 3546485                    /usr/lib/x86_64-linux-gnu/libfontconfig.so.1.9.0
7feac3ff9000-7feac3ffb000 r--p 0003c000 08:02 3546485                    /usr/lib/x86_64-linux-gnu/libfontconfig.so.1.9.0
7feac3ffb000-7feac4000000 rw-p 0003e000 08:02 3546485                    /usr/lib/x86_64-linux-gnu/libfontconfig.so.1.9.0
7feac4000000-7feac4021000 rw-p 00000000 00:00 0 
7feac4021000-7feac8000000 ---p 00000000 00:00 0 
7feac8005000-7feac8007000 rw-s 00000000 00:05 409313                     /drm mm object (deleted)
7feac8007000-7feac8013000 rw-s 00000000 00:05 409253                     /drm mm object (deleted)
7feac8013000-7feac8026000 r--p 00000000 08:02 2885207                    /opt/jdk/jdk1.8.0_161/jre/lib/fonts/LucidaBrightDemiBold.ttf
7feac8026000-7feac8039000 r--p 00000000 08:02 2885204                    /opt/jdk/jdk1.8.0_161/jre/lib/fonts/LucidaBrightDemiItalic.ttf
7feac8039000-7feac8073000 r--p 00000000 08:02 2885206                    /opt/jdk/jdk1.8.0_161/jre/lib/fonts/LucidaTypewriterBold.ttf
7feac8073000-7feac80af000 r--p 00000000 08:02 2885205                    /opt/jdk/jdk1.8.0_161/jre/lib/fonts/LucidaTypewriterRegular.ttf
7feac80af000-7feac80b2000 ---p 00000000 00:00 0 
7feac80b2000-7feac81b0000 rw-p 00000000 00:00 0 
7feac81b0000-7feac8254000 r-xp 00000000 08:02 3546515                    /usr/lib/x86_64-linux-gnu/libfreetype.so.6.12.1
7feac8254000-7feac8453000 ---p 000a4000 08:02 3546515                    /usr/lib/x86_64-linux-gnu/libfreetype.so.6.12.1
7feac8453000-7feac8459000 r--p 000a3000 08:02 3546515                    /usr/lib/x86_64-linux-gnu/libfreetype.so.6.12.1
7feac8459000-7feac845a000 rw-p 000a9000 08:02 3546515                    /usr/lib/x86_64-linux-gnu/libfreetype.so.6.12.1
7feac845a000-7feac84a3000 r-xp 00000000 08:02 3546953                    /usr/lib/x86_64-linux-gnu/libpango-1.0.so.0.3800.1
7feac84a3000-7feac86a3000 ---p 00049000 08:02 3546953                    /usr/lib/x86_64-linux-gnu/libpango-1.0.so.0.3800.1
7feac86a3000-7feac86a5000 r--p 00049000 08:02 3546953                    /usr/lib/x86_64-linux-gnu/libpango-1.0.so.0.3800.1
7feac86a5000-7feac86a6000 rw-p 0004b000 08:02 3546953                    /usr/lib/x86_64-linux-gnu/libpango-1.0.so.0.3800.1
7feac86a6000-7feac87b4000 r-xp 00000000 08:02 3546300                    /usr/lib/x86_64-linux-gnu/libcairo.so.2.11400.6
7feac87b4000-7feac89b4000 ---p 0010e000 08:02 3546300                    /usr/lib/x86_64-linux-gnu/libcairo.so.2.11400.6
7feac89b4000-7feac89b7000 r--p 0010e000 08:02 3546300                    /usr/lib/x86_64-linux-gnu/libcairo.so.2.11400.6
7feac89b7000-7feac89b8000 rw-p 00111000 08:02 3546300                    /usr/lib/x86_64-linux-gnu/libcairo.so.2.11400.6
7feac89b8000-7feac89ba000 rw-p 00000000 00:00 0 
7feac89ba000-7feac89c6000 r-xp 00000000 08:02 3546955                    /usr/lib/x86_64-linux-gnu/libpangocairo-1.0.so.0.3800.1
7feac89c6000-7feac8bc5000 ---p 0000c000 08:02 3546955                    /usr/lib/x86_64-linux-gnu/libpangocairo-1.0.so.0.3800.1
7feac8bc5000-7feac8bc6000 r--p 0000b000 08:02 3546955                    /usr/lib/x86_64-linux-gnu/libpangocairo-1.0.so.0.3800.1
7feac8bc6000-7feac8bc7000 rw-p 0000c000 08:02 3546955                    /usr/lib/x86_64-linux-gnu/libpangocairo-1.0.so.0.3800.1
7feac8bc7000-7feac8be8000 r-xp 00000000 08:02 3546541                    /usr/lib/x86_64-linux-gnu/libgdk_pixbuf-2.0.so.0.3200.2
7feac8be8000-7feac8de7000 ---p 00021000 08:02 3546541                    /usr/lib/x86_64-linux-gnu/libgdk_pixbuf-2.0.so.0.3200.2
7feac8de7000-7feac8de8000 r--p 00020000 08:02 3546541                    /usr/lib/x86_64-linux-gnu/libgdk_pixbuf-2.0.so.0.3200.2
7feac8de8000-7feac8de9000 rw-p 00021000 08:02 3546541                    /usr/lib/x86_64-linux-gnu/libgdk_pixbuf-2.0.so.0.3200.2
7feac8de9000-7feac8dfd000 r-xp 00000000 08:02 3546957                    /usr/lib/x86_64-linux-gnu/libpangoft2-1.0.so.0.3800.1
7feac8dfd000-7feac8ffd000 ---p 00014000 08:02 3546957                    /usr/lib/x86_64-linux-gnu/libpangoft2-1.0.so.0.3800.1
7feac8ffd000-7feac8ffe000 r--p 00014000 08:02 3546957                    /usr/lib/x86_64-linux-gnu/libpangoft2-1.0.so.0.3800.1
7feac8ffe000-7feac8fff000 rw-p 00015000 08:02 3546957                    /usr/lib/x86_64-linux-gnu/libpangoft2-1.0.so.0.3800.1
7feac8fff000-7feacc000000 rw-p 00000000 00:00 0 
7feacc000000-7feacc021000 rw-p 00000000 00:00 0 
7feacc021000-7fead0000000 ---p 00000000 00:00 0 
7fead0000000-7fead0001000 rw-s 103556000 00:06 334                       /dev/dri/card0
7fead0001000-7fead0006000 r--s 00084000 08:02 2885187                    /opt/jdk/jdk1.8.0_161/jre/lib/jfr.jar
7fead0006000-7fead000b000 r--s 0009d000 08:02 2885327                    /opt/jdk/jdk1.8.0_161/jre/lib/jsse.jar
7fead000b000-7fead001f000 r--p 00000000 08:02 2885199                    /opt/jdk/jdk1.8.0_161/jre/lib/fonts/LucidaBrightItalic.ttf
7fead001f000-7fead0026000 r--s 00000000 08:02 4200409                    /var/cache/fontconfig/4be9850f182b35c1350b6bbf2e42601c-le64.cache-6
7fead0026000-7fead0031000 r--s 00000000 08:02 4198764                    /var/cache/fontconfig/945677eb7aeaf62f1d50efc3fb3ec7d8-le64.cache-6
7fead0031000-7fead0037000 r--s 00000000 08:02 4198756                    /var/cache/fontconfig/2cd17615ca594fa2959ae173292e504c-le64.cache-6
7fead0037000-7fead0038000 r--s 00000000 08:02 4200321                    /var/cache/fontconfig/4794a0821666d79190d59a36cb4f44b5-le64.cache-6
7fead0038000-7fead0078000 r--s 00000000 08:02 4198754                    /var/cache/fontconfig/0bd3dc0958fa2205aaaa8ebb13e2872b-le64.cache-6
7fead0078000-7fead007f000 r--s 00000000 08:02 4195402                    /var/cache/fontconfig/3047814df9a2f067bd2d96a2b9c36e5a-le64.cache-6
7fead007f000-7fead0087000 r--s 00000000 08:02 4198769                    /var/cache/fontconfig/bf3b770c553c462765856025a94f1ce6-le64.cache-6
7fead0087000-7fead0089000 r--s 00000000 08:02 4198768                    /var/cache/fontconfig/a0107c79d978dfcc5e42cb1335b71036-le64.cache-6
7fead0089000-7fead008c000 r--s 00000000 08:02 4200320                    /var/cache/fontconfig/e49e89034d371f0f9de17aab02136486-le64.cache-6
7fead008c000-7fead009f000 r--s 00000000 08:02 4198773                    /var/cache/fontconfig/d52a8644073d54c13679302ca1180695-le64.cache-6
7fead009f000-7fead00aa000 r--s 00000000 08:02 4200318                    /var/cache/fontconfig/d589a48862398ed80a3d6066f4f56f4c-le64.cache-6
7fead00aa000-7fead00ad000 r--s 00000000 08:02 4200317                    /var/cache/fontconfig/75114ca45c98e8a441da0ff356701271-le64.cache-6
7fead00ad000-7fead00b8000 r--s 00000000 08:02 4195407                    /var/cache/fontconfig/83bf95040141907cd45bb53cf7c1c148-le64.cache-6
7fead00b8000-7fead00ca000 r--s 00000000 08:02 4198766                    /var/cache/fontconfig/9b89f8e3dae116d678bbf48e5f21f69b-le64.cache-6
7fead00ca000-7fead00f4000 r--p 00000000 08:02 3815303                    /usr/share/locale-langpack/es/LC_MESSAGES/gtk20-properties.mo
7fead00f4000-7fead0119000 r--p 00000000 08:02 3813115                    /usr/share/locale-langpack/es/LC_MESSAGES/libc.mo
7fead0119000-7fead0299000 r-xp 00000000 08:02 3546551                    /usr/lib/x86_64-linux-gnu/libgio-2.0.so.0.4800.2
7fead0299000-7fead0499000 ---p 00180000 08:02 3546551                    /usr/lib/x86_64-linux-gnu/libgio-2.0.so.0.4800.2
7fead0499000-7fead049d000 r--p 00180000 08:02 3546551                    /usr/lib/x86_64-linux-gnu/libgio-2.0.so.0.4800.2
7fead049d000-7fead049f000 rw-p 00184000 08:02 3546551                    /usr/lib/x86_64-linux-gnu/libgio-2.0.so.0.4800.2
7fead049f000-7fead04a1000 rw-p 00000000 00:00 0 
7fead04a1000-7fead04c3000 r-xp 00000000 08:02 3546244                    /usr/lib/x86_64-linux-gnu/libatk-1.0.so.0.21809.1
7fead04c3000-7fead06c2000 ---p 00022000 08:02 3546244                    /usr/lib/x86_64-linux-gnu/libatk-1.0.so.0.21809.1
7fead06c2000-7fead06c5000 r--p 00021000 08:02 3546244                    /usr/lib/x86_64-linux-gnu/libatk-1.0.so.0.21809.1
7fead06c5000-7fead06c6000 rw-p 00024000 08:02 3546244                    /usr/lib/x86_64-linux-gnu/libatk-1.0.so.0.21809.1
7fead06c6000-7fead0776000 r-xp 00000000 08:02 3546539                    /usr/lib/x86_64-linux-gnu/libgdk-x11-2.0.so.0.2400.30
7fead0776000-7fead0975000 ---p 000b0000 08:02 3546539                    /usr/lib/x86_64-linux-gnu/libgdk-x11-2.0.so.0.2400.30
7fead0975000-7fead0979000 r--p 000af000 08:02 3546539                    /usr/lib/x86_64-linux-gnu/libgdk-x11-2.0.so.0.2400.30
7fead0979000-7fead097b000 rw-p 000b3000 08:02 3546539                    /usr/lib/x86_64-linux-gnu/libgdk-x11-2.0.so.0.2400.30
7fead097b000-7fead0db9000 r-xp 00000000 08:02 3546638                    /usr/lib/x86_64-linux-gnu/libgtk-x11-2.0.so.0.2400.30
7fead0db9000-7fead0fb8000 ---p 0043e000 08:02 3546638                    /usr/lib/x86_64-linux-gnu/libgtk-x11-2.0.so.0.2400.30
7fead0fb8000-7fead0fbf000 r--p 0043d000 08:02 3546638                    /usr/lib/x86_64-linux-gnu/libgtk-x11-2.0.so.0.2400.30
7fead0fbf000-7fead0fc3000 rw-p 00444000 08:02 3546638                    /usr/lib/x86_64-linux-gnu/libgtk-x11-2.0.so.0.2400.30
7fead0fc3000-7fead0fc6000 rw-p 00000000 00:00 0 
7fead0fc6000-7fead0fc8000 r--s 00000000 08:02 4200319                    /var/cache/fontconfig/4b14b093aebc79c320de5e86ae1d3314-le64.cache-6
7fead0fc8000-7fead0fcb000 r--s 00000000 08:02 4195400                    /var/cache/fontconfig/e13b20fdb08344e0e664864cc2ede53d-le64.cache-6
7fead0fcb000-7fead0fd1000 r--s 00000000 08:02 4202079                    /var/cache/fontconfig/3830d5c3ddfd5cd38a049b759396e72e-le64.cache-6
7fead0fd1000-7fead0fe0000 r--p 00000000 08:02 3815986                    /usr/share/locale-langpack/es/LC_MESSAGES/gtk20.mo
7fead0fe0000-7fead0fe7000 r--s 00000000 08:02 3671625                    /usr/lib/x86_64-linux-gnu/gconv/gconv-modules.cache
7fead0fe7000-7fead0ff3000 r-xp 00000000 08:02 2885488                    /opt/jdk/jdk1.8.0_161/jre/lib/amd64/libprism_es2.so
7fead0ff3000-7fead11f2000 ---p 0000c000 08:02 2885488                    /opt/jdk/jdk1.8.0_161/jre/lib/amd64/libprism_es2.so
7fead11f2000-7fead11f3000 rw-p 0000b000 08:02 2885488                    /opt/jdk/jdk1.8.0_161/jre/lib/amd64/libprism_es2.so
7fead11f3000-7fead11f6000 ---p 00000000 00:00 0 
7fead11f6000-7fead12f4000 rw-p 00000000 00:00 0 
7fead12f4000-7fead12f5000 ---p 00000000 00:00 0 
7fead12f5000-7fead13f5000 rw-p 00000000 00:00 0 
7fead13f5000-7fead13f8000 ---p 00000000 00:00 0 
7fead13f8000-7fead14f6000 rw-p 00000000 00:00 0 
7fead14f6000-7fead14f9000 ---p 00000000 00:00 0 
7fead14f9000-7fead15f7000 rw-p 00000000 00:00 0 
7fead15f7000-7fead160d000 r-xp 00000000 08:02 2885484                    /opt/jdk/jdk1.8.0_161/jre/lib/amd64/libnet.so
7fead160d000-7fead180d000 ---p 00016000 08:02 2885484                    /opt/jdk/jdk1.8.0_161/jre/lib/amd64/libnet.so
7fead180d000-7fead180e000 rw-p 00016000 08:02 2885484                    /opt/jdk/jdk1.8.0_161/jre/lib/amd64/libnet.so
7fead180e000-7fead1811000 ---p 00000000 00:00 0 
7fead1811000-7fead190f000 rw-p 00000000 00:00 0 
7fead190f000-7fead1912000 ---p 00000000 00:00 0 
7fead1912000-7fead1a10000 rw-p 00000000 00:00 0 
7fead1a10000-7fead1a22000 r--s 00117000 08:02 1315416                    /home/blacksabbathx/IdeaProjects/ProyectoCine/src/sources/controlsfx-8.40.14.jar
7fead1a22000-7fead1a37000 r--s 00237000 08:02 1313300                    /home/blacksabbathx/IdeaProjects/ProyectoCine/src/sources/jfoenix-8.0.1.jar
7fead1a37000-7fead1a4a000 r--s 00345000 08:02 2885308                    /opt/jdk/jdk1.8.0_161/jre/lib/resources.jar
7fead1a4a000-7fead1a5d000 r--s 000d6000 08:02 2885212                    /opt/jdk/jdk1.8.0_161/jre/lib/plugin.jar
7fead1a5d000-7fead1a79000 r--s 0020b000 08:02 2885188                    /opt/jdk/jdk1.8.0_161/jre/lib/deploy.jar
7fead1a79000-7fead1a7c000 ---p 00000000 00:00 0 
7fead1a7c000-7fead1b7a000 rw-p 00000000 00:00 0 
7fead1b7a000-7fead20c6000 r--p 00000000 08:02 3549632                    /usr/lib/locale/locale-archive
7fead20c6000-7fead20c9000 ---p 00000000 00:00 0 
7fead20c9000-7fead21c7000 rw-p 00000000 00:00 0 
7fead21c7000-7fead21ca000 ---p 00000000 00:00 0 
7fead21ca000-7fead22c8000 rw-p 00000000 00:00 0 
7fead22c8000-7fead22c9000 ---p 00000000 00:00 0 
7fead22c9000-7fead2cd2000 rw-p 00000000 00:00 0 
7fead2cd2000-7fead2eab000 r--s 03d64000 08:02 2885270                    /opt/jdk/jdk1.8.0_161/jre/lib/rt.jar
7fead2eab000-7fead388b000 rw-p 00000000 00:00 0 
7fead388b000-7fead388c000 ---p 00000000 00:00 0 
7fead388c000-7fead398c000 rw-p 00000000 00:00 0 
7fead398c000-7fead398d000 ---p 00000000 00:00 0 
7fead398d000-7fead3abd000 rw-p 00000000 00:00 0 
7fead3abd000-7fead3bcd000 ---p 00000000 00:00 0 
7fead3bcd000-7fead3bfd000 rw-p 00000000 00:00 0 
7fead3bfd000-7fead3d0d000 ---p 00000000 00:00 0 
7fead3d0d000-7fead3d17000 rw-p 00000000 00:00 0 
7fead3d17000-7fead3dad000 ---p 00000000 00:00 0 
7fead3dad000-7fead3dc9000 rw-p 00000000 00:00 0 
7fead3dc9000-7fead416e000 ---p 00000000 00:00 0 
7fead416e000-7fead47fe000 rwxp 00000000 00:00 0 
7fead47fe000-7feae316e000 ---p 00000000 00:00 0 
7feae316e000-7feae3189000 r-xp 00000000 08:02 2885480                    /opt/jdk/jdk1.8.0_161/jre/lib/amd64/libzip.so
7feae3189000-7feae3389000 ---p 0001b000 08:02 2885480                    /opt/jdk/jdk1.8.0_161/jre/lib/amd64/libzip.so
7feae3389000-7feae338a000 rw-p 0001b000 08:02 2885480                    /opt/jdk/jdk1.8.0_161/jre/lib/amd64/libzip.so
7feae338a000-7feae3395000 r-xp 00000000 08:02 791228                     /lib/x86_64-linux-gnu/libnss_files-2.23.so
7feae3395000-7feae3594000 ---p 0000b000 08:02 791228                     /lib/x86_64-linux-gnu/libnss_files-2.23.so
7feae3594000-7feae3595000 r--p 0000a000 08:02 791228                     /lib/x86_64-linux-gnu/libnss_files-2.23.so
7feae3595000-7feae3596000 rw-p 0000b000 08:02 791228                     /lib/x86_64-linux-gnu/libnss_files-2.23.so
7feae3596000-7feae359c000 rw-p 00000000 00:00 0 
7feae359c000-7feae35a7000 r-xp 00000000 08:02 791238                     /lib/x86_64-linux-gnu/libnss_nis-2.23.so
7feae35a7000-7feae37a6000 ---p 0000b000 08:02 791238                     /lib/x86_64-linux-gnu/libnss_nis-2.23.so
7feae37a6000-7feae37a7000 r--p 0000a000 08:02 791238                     /lib/x86_64-linux-gnu/libnss_nis-2.23.so
7feae37a7000-7feae37a8000 rw-p 0000b000 08:02 791238                     /lib/x86_64-linux-gnu/libnss_nis-2.23.so
7feae37a8000-7feae37be000 r-xp 00000000 08:02 791222                     /lib/x86_64-linux-gnu/libnsl-2.23.so
7feae37be000-7feae39bd000 ---p 00016000 08:02 791222                     /lib/x86_64-linux-gnu/libnsl-2.23.so
7feae39bd000-7feae39be000 r--p 00015000 08:02 791222                     /lib/x86_64-linux-gnu/libnsl-2.23.so
7feae39be000-7feae39bf000 rw-p 00016000 08:02 791222                     /lib/x86_64-linux-gnu/libnsl-2.23.so
7feae39bf000-7feae39c1000 rw-p 00000000 00:00 0 
7feae39c1000-7feae39c9000 r-xp 00000000 08:02 791224                     /lib/x86_64-linux-gnu/libnss_compat-2.23.so
7feae39c9000-7feae3bc8000 ---p 00008000 08:02 791224                     /lib/x86_64-linux-gnu/libnss_compat-2.23.so
7feae3bc8000-7feae3bc9000 r--p 00007000 08:02 791224                     /lib/x86_64-linux-gnu/libnss_compat-2.23.so
7feae3bc9000-7feae3bca000 rw-p 00008000 08:02 791224                     /lib/x86_64-linux-gnu/libnss_compat-2.23.so
7feae3bca000-7feae3bd4000 r-xp 00000000 08:02 2885489                    /opt/jdk/jdk1.8.0_161/jre/lib/amd64/libinstrument.so
7feae3bd4000-7feae3dd3000 ---p 0000a000 08:02 2885489                    /opt/jdk/jdk1.8.0_161/jre/lib/amd64/libinstrument.so
7feae3dd3000-7feae3dd4000 rw-p 00009000 08:02 2885489                    /opt/jdk/jdk1.8.0_161/jre/lib/amd64/libinstrument.so
7feae3dd4000-7feae3dff000 r-xp 00000000 08:02 2885474                    /opt/jdk/jdk1.8.0_161/jre/lib/amd64/libjava.so
7feae3dff000-7feae3ffe000 ---p 0002b000 08:02 2885474                    /opt/jdk/jdk1.8.0_161/jre/lib/amd64/libjava.so
7feae3ffe000-7feae4000000 rw-p 0002a000 08:02 2885474                    /opt/jdk/jdk1.8.0_161/jre/lib/amd64/libjava.so
7feae4000000-7feae44f3000 rw-p 00000000 00:00 0 
7feae44f3000-7feae8000000 ---p 00000000 00:00 0 
7feae8002000-7feae8003000 rw-s 00000000 00:05 409224                     /drm mm object (deleted)
7feae8003000-7feae8005000 r--s 0001a000 08:02 5115840                    /home/blacksabbathx/.local/share/JetBrains/Toolbox/apps/IDEA-U/ch-0/181.4445.78/lib/idea_rt.jar
7feae8005000-7feae800a000 r--s 0009d000 08:02 2885327                    /opt/jdk/jdk1.8.0_161/jre/lib/jsse.jar
7feae800a000-7feae800f000 r--s 00084000 08:02 2885187                    /opt/jdk/jdk1.8.0_161/jre/lib/jfr.jar
7feae800f000-7feae8018000 r--s 0006d000 08:02 2885197                    /opt/jdk/jdk1.8.0_161/jre/lib/javaws.jar
7feae8018000-7feae80ae000 r--s 0110a000 08:02 2885332                    /opt/jdk/jdk1.8.0_161/jre/lib/ext/jfxrt.jar
7feae80ae000-7feae80fd000 rw-p 00000000 00:00 0 
7feae80fd000-7feae810a000 r-xp 00000000 08:02 2885479                    /opt/jdk/jdk1.8.0_161/jre/lib/amd64/libverify.so
7feae810a000-7feae830a000 ---p 0000d000 08:02 2885479                    /opt/jdk/jdk1.8.0_161/jre/lib/amd64/libverify.so
7feae830a000-7feae830c000 rw-p 0000d000 08:02 2885479                    /opt/jdk/jdk1.8.0_161/jre/lib/amd64/libverify.so
7feae830c000-7feae8313000 r-xp 00000000 08:02 791283                     /lib/x86_64-linux-gnu/librt-2.23.so
7feae8313000-7feae8512000 ---p 00007000 08:02 791283                     /lib/x86_64-linux-gnu/librt-2.23.so
7feae8512000-7feae8513000 r--p 00006000 08:02 791283                     /lib/x86_64-linux-gnu/librt-2.23.so
7feae8513000-7feae8514000 rw-p 00007000 08:02 791283                     /lib/x86_64-linux-gnu/librt-2.23.so
7feae8514000-7feae861c000 r-xp 00000000 08:02 791201                     /lib/x86_64-linux-gnu/libm-2.23.so
7feae861c000-7feae881b000 ---p 00108000 08:02 791201                     /lib/x86_64-linux-gnu/libm-2.23.so
7feae881b000-7feae881c000 r--p 00107000 08:02 791201                     /lib/x86_64-linux-gnu/libm-2.23.so
7feae881c000-7feae881d000 rw-p 00108000 08:02 791201                     /lib/x86_64-linux-gnu/libm-2.23.so
7feae881d000-7feae94f6000 r-xp 00000000 08:02 2885457                    /opt/jdk/jdk1.8.0_161/jre/lib/amd64/server/libjvm.so
7feae94f6000-7feae96f5000 ---p 00cd9000 08:02 2885457                    /opt/jdk/jdk1.8.0_161/jre/lib/amd64/server/libjvm.so
7feae96f5000-7feae97ce000 rw-p 00cd8000 08:02 2885457                    /opt/jdk/jdk1.8.0_161/jre/lib/amd64/server/libjvm.so
7feae97ce000-7feae981a000 rw-p 00000000 00:00 0 
7feae981a000-7feae99da000 r-xp 00000000 08:02 791133                     /lib/x86_64-linux-gnu/libc-2.23.so
7feae99da000-7feae9bda000 ---p 001c0000 08:02 791133                     /lib/x86_64-linux-gnu/libc-2.23.so
7feae9bda000-7feae9bde000 r--p 001c0000 08:02 791133                     /lib/x86_64-linux-gnu/libc-2.23.so
7feae9bde000-7feae9be0000 rw-p 001c4000 08:02 791133                     /lib/x86_64-linux-gnu/libc-2.23.so
7feae9be0000-7feae9be4000 rw-p 00000000 00:00 0 
7feae9be4000-7feae9be7000 r-xp 00000000 08:02 791155                     /lib/x86_64-linux-gnu/libdl-2.23.so
7feae9be7000-7feae9de6000 ---p 00003000 08:02 791155                     /lib/x86_64-linux-gnu/libdl-2.23.so
7feae9de6000-7feae9de7000 r--p 00002000 08:02 791155                     /lib/x86_64-linux-gnu/libdl-2.23.so
7feae9de7000-7feae9de8000 rw-p 00003000 08:02 791155                     /lib/x86_64-linux-gnu/libdl-2.23.so
7feae9de8000-7feae9dfe000 r-xp 00000000 08:02 2885095                    /opt/jdk/jdk1.8.0_161/lib/amd64/jli/libjli.so
7feae9dfe000-7feae9ffd000 ---p 00016000 08:02 2885095                    /opt/jdk/jdk1.8.0_161/lib/amd64/jli/libjli.so
7feae9ffd000-7feae9ffe000 rw-p 00015000 08:02 2885095                    /opt/jdk/jdk1.8.0_161/lib/amd64/jli/libjli.so
7feae9ffe000-7feaea016000 r-xp 00000000 08:02 791275                     /lib/x86_64-linux-gnu/libpthread-2.23.so
7feaea016000-7feaea215000 ---p 00018000 08:02 791275                     /lib/x86_64-linux-gnu/libpthread-2.23.so
7feaea215000-7feaea216000 r--p 00017000 08:02 791275                     /lib/x86_64-linux-gnu/libpthread-2.23.so
7feaea216000-7feaea217000 rw-p 00018000 08:02 791275                     /lib/x86_64-linux-gnu/libpthread-2.23.so
7feaea217000-7feaea21b000 rw-p 00000000 00:00 0 
7feaea21b000-7feaea241000 r-xp 00000000 08:02 791107                     /lib/x86_64-linux-gnu/ld-2.23.so
7feaea241000-7feaea243000 r--s 00007000 08:02 2885502                    /opt/jdk/jdk1.8.0_161/jre/lib/jfxswt.jar
7feaea243000-7feaea248000 r--s 002f9000 08:02 2885268                    /opt/jdk/jdk1.8.0_161/jre/lib/charsets.jar
7feaea248000-7feaea319000 rw-p 00000000 00:00 0 
7feaea319000-7feaea31c000 ---p 00000000 00:00 0 
7feaea31c000-7feaea41f000 rw-p 00000000 00:00 0 
7feaea41f000-7feaea420000 r--s 00000000 08:02 2885194                    /opt/jdk/jdk1.8.0_161/jre/lib/management-agent.jar
7feaea420000-7feaea423000 r--s 0001a000 08:02 2885500                    /opt/jdk/jdk1.8.0_161/jre/lib/jce.jar
7feaea423000-7feaea436000 rw-p 00000000 00:00 0 
7feaea436000-7feaea43e000 rw-s 00000000 08:02 3015319                    /tmp/hsperfdata_blacksabbathx/30841
7feaea43e000-7feaea43f000 rw-p 00000000 00:00 0 
7feaea43f000-7feaea440000 r--p 00000000 00:00 0 
7feaea440000-7feaea441000 r--p 00025000 08:02 791107                     /lib/x86_64-linux-gnu/ld-2.23.so
7feaea441000-7feaea442000 rw-p 00026000 08:02 791107                     /lib/x86_64-linux-gnu/ld-2.23.so
7feaea442000-7feaea443000 rw-p 00000000 00:00 0 
7ffd70a1c000-7ffd70a3d000 rw-p 00000000 00:00 0                          [stack]
7ffd70ae3000-7ffd70ae6000 r--p 00000000 00:00 0                          [vvar]
7ffd70ae6000-7ffd70ae8000 r-xp 00000000 00:00 0                          [vdso]
ffffffffff600000-ffffffffff601000 r-xp 00000000 00:00 0                  [vsyscall]

VM Arguments:
jvm_args: -javaagent:/home/blacksabbathx/.local/share/JetBrains/Toolbox/apps/IDEA-U/ch-0/181.4445.78/lib/idea_rt.jar=37721:/home/blacksabbathx/.local/share/JetBrains/Toolbox/apps/IDEA-U/ch-0/181.4445.78/bin -Dfile.encoding=UTF-8 
java_command: MainClass
java_class_path (initial): /opt/jdk/jdk1.8.0_161/jre/lib/charsets.jar:/opt/jdk/jdk1.8.0_161/jre/lib/deploy.jar:/opt/jdk/jdk1.8.0_161/jre/lib/ext/cldrdata.jar:/opt/jdk/jdk1.8.0_161/jre/lib/ext/dnsns.jar:/opt/jdk/jdk1.8.0_161/jre/lib/ext/jaccess.jar:/opt/jdk/jdk1.8.0_161/jre/lib/ext/jfxrt.jar:/opt/jdk/jdk1.8.0_161/jre/lib/ext/localedata.jar:/opt/jdk/jdk1.8.0_161/jre/lib/ext/nashorn.jar:/opt/jdk/jdk1.8.0_161/jre/lib/ext/sunec.jar:/opt/jdk/jdk1.8.0_161/jre/lib/ext/sunjce_provider.jar:/opt/jdk/jdk1.8.0_161/jre/lib/ext/sunpkcs11.jar:/opt/jdk/jdk1.8.0_161/jre/lib/ext/zipfs.jar:/opt/jdk/jdk1.8.0_161/jre/lib/javaws.jar:/opt/jdk/jdk1.8.0_161/jre/lib/jce.jar:/opt/jdk/jdk1.8.0_161/jre/lib/jfr.jar:/opt/jdk/jdk1.8.0_161/jre/lib/jfxswt.jar:/opt/jdk/jdk1.8.0_161/jre/lib/jsse.jar:/opt/jdk/jdk1.8.0_161/jre/lib/management-agent.jar:/opt/jdk/jdk1.8.0_161/jre/lib/plugin.jar:/opt/jdk/jdk1.8.0_161/jre/lib/resources.jar:/opt/jdk/jdk1.8.0_161/jre/lib/rt.jar:/home/blacksabbathx/IdeaProjects/ProyectoCine/out/production/ProyectoCine:/home/blacksabbathx/IdeaProjects/ProyectoCine/src/sources/jfoenix-8.0.1.jar:/home/blacksabbathx/IdeaProjects/ProyectoCine/src/sources/controlsfx-8.40.14.jar:/home/blacksabbathx/.local/share/JetBrains/Toolbox/apps/IDEA-U/ch-0/181.4445.78/lib/idea_rt.jar
Launcher Type: SUN_STANDARD

Environment Variables:
PATH=/home/blacksabbathx/bin:/home/blacksabbathx/.local/bin:/usr/local/sbin:/usr/local/bin:/usr/sbin:/usr/bin:/sbin:/bin:/usr/games:/usr/local/games:/snap/bin
SHELL=/bin/bash
DISPLAY=:0

Signal Handlers:
SIGSEGV: [libjvm.so+0xad01e0], sa_mask[0]=11111111011111111101111111111110, sa_flags=SA_RESTART|SA_SIGINFO
SIGBUS: [libjvm.so+0xad01e0], sa_mask[0]=11111111011111111101111111111110, sa_flags=SA_RESTART|SA_SIGINFO
SIGFPE: [libjvm.so+0x927fb0], sa_mask[0]=11111111011111111101111111111110, sa_flags=SA_RESTART|SA_SIGINFO
SIGPIPE: SIG_IGN, sa_mask[0]=00000000000010000000000000000000, sa_flags=SA_RESTART
SIGXFSZ: [libjvm.so+0x927fb0], sa_mask[0]=11111111011111111101111111111110, sa_flags=SA_RESTART|SA_SIGINFO
SIGILL: [libjvm.so+0x927fb0], sa_mask[0]=11111111011111111101111111111110, sa_flags=SA_RESTART|SA_SIGINFO
SIGUSR1: SIG_DFL, sa_mask[0]=00000000000000000000000000000000, sa_flags=none
SIGUSR2: [libjvm.so+0x9297f0], sa_mask[0]=00100000000000000000000000000000, sa_flags=SA_RESTART|SA_SIGINFO
SIGHUP: [libjvm.so+0x92abf0], sa_mask[0]=11111111011111111101111111111110, sa_flags=SA_RESTART|SA_SIGINFO
SIGINT: [libjvm.so+0x92abf0], sa_mask[0]=11111111011111111101111111111110, sa_flags=SA_RESTART|SA_SIGINFO
SIGTERM: [libjvm.so+0x92abf0], sa_mask[0]=11111111011111111101111111111110, sa_flags=SA_RESTART|SA_SIGINFO
SIGQUIT: [libjvm.so+0x92abf0], sa_mask[0]=11111111011111111101111111111110, sa_flags=SA_RESTART|SA_SIGINFO


---------------  S Y S T E M  ---------------

OS:DISTRIB_ID=neon
DISTRIB_RELEASE=16.04
DISTRIB_CODENAME=xenial
DISTRIB_DESCRIPTION="KDE neon User Edition 5.12"

uname:Linux 4.13.0-38-generic #43~16.04.1-Ubuntu SMP Wed Mar 14 17:48:43 UTC 2018 x86_64
libc:glibc 2.23 NPTL 2.23 
rlimit: STACK 8192k, CORE 0k, NPROC 15129, NOFILE 1048576, AS infinity
load average:2,50 1,68 1,52

/proc/meminfo:
MemTotal:        3927388 kB
MemFree:          154920 kB
MemAvailable:     591608 kB
Buffers:           44320 kB
Cached:           908356 kB
SwapCached:        44652 kB
Active:          2766592 kB
Inactive:         834372 kB
Active(anon):    2380192 kB
Inactive(anon):   598464 kB
Active(file):     386400 kB
Inactive(file):   235908 kB
Unevictable:          32 kB
Mlocked:              32 kB
SwapTotal:       3907580 kB
SwapFree:        3613492 kB
Dirty:              6200 kB
Writeback:             0 kB
AnonPages:       2625052 kB
Mapped:           262384 kB
Shmem:            358944 kB
Slab:              84660 kB
SReclaimable:      46424 kB
SUnreclaim:        38236 kB
KernelStack:        7632 kB
PageTables:        38256 kB
NFS_Unstable:          0 kB
Bounce:                0 kB
WritebackTmp:          0 kB
CommitLimit:     5871272 kB
Committed_AS:    5365160 kB
VmallocTotal:   34359738367 kB
VmallocUsed:           0 kB
VmallocChunk:          0 kB
HardwareCorrupted:     0 kB
AnonHugePages:         0 kB
ShmemHugePages:        0 kB
ShmemPmdMapped:        0 kB
CmaTotal:              0 kB
CmaFree:               0 kB
HugePages_Total:       0
HugePages_Free:        0
HugePages_Rsvd:        0
HugePages_Surp:        0
Hugepagesize:       2048 kB
DirectMap4k:      278528 kB
DirectMap2M:     3803136 kB


CPU:total 2 (initial active 2) (2 cores per cpu, 1 threads per core) family 6 model 76 stepping 4, cmov, cx8, fxsr, mmx, sse, sse2, sse3, ssse3, sse4.1, sse4.2, popcnt, aes, clmul, erms, 3dnowpref, tsc, tscinvbit

/proc/cpuinfo:
processor	: 0
vendor_id	: GenuineIntel
cpu family	: 6
model		: 76
model name	: Intel(R) Celeron(R) CPU  N3060  @ 1.60GHz
stepping	: 4
microcode	: 0x404
cpu MHz		: 2109.364
cache size	: 1024 KB
physical id	: 0
siblings	: 2
core id		: 0
cpu cores	: 2
apicid		: 0
initial apicid	: 0
fpu		: yes
fpu_exception	: yes
cpuid level	: 11
wp		: yes
flags		: fpu vme de pse tsc msr pae mce cx8 apic sep mtrr pge mca cmov pat pse36 clflush dts acpi mmx fxsr sse sse2 ss ht tm pbe syscall nx rdtscp lm constant_tsc arch_perfmon pebs bts rep_good nopl xtopology tsc_reliable nonstop_tsc cpuid aperfmperf tsc_known_freq pni pclmulqdq dtes64 monitor ds_cpl vmx est tm2 ssse3 cx16 xtpr pdcm sse4_1 sse4_2 movbe popcnt tsc_deadline_timer aes rdrand lahf_lm 3dnowprefetch epb pti retpoline tpr_shadow vnmi flexpriority ept vpid tsc_adjust smep erms dtherm ida arat
bugs		: cpu_meltdown spectre_v1 spectre_v2
bogomips	: 3200.00
clflush size	: 64
cache_alignment	: 64
address sizes	: 36 bits physical, 48 bits virtual
power management:

processor	: 1
vendor_id	: GenuineIntel
cpu family	: 6
model		: 76
model name	: Intel(R) Celeron(R) CPU  N3060  @ 1.60GHz
stepping	: 4
microcode	: 0x404
cpu MHz		: 2241.330
cache size	: 1024 KB
physical id	: 0
siblings	: 2
core id		: 2
cpu cores	: 2
apicid		: 4
initial apicid	: 4
fpu		: yes
fpu_exception	: yes
cpuid level	: 11
wp		: yes
flags		: fpu vme de pse tsc msr pae mce cx8 apic sep mtrr pge mca cmov pat pse36 clflush dts acpi mmx fxsr sse sse2 ss ht tm pbe syscall nx rdtscp lm constant_tsc arch_perfmon pebs bts rep_good nopl xtopology tsc_reliable nonstop_tsc cpuid aperfmperf tsc_known_freq pni pclmulqdq dtes64 monitor ds_cpl vmx est tm2 ssse3 cx16 xtpr pdcm sse4_1 sse4_2 movbe popcnt tsc_deadline_timer aes rdrand lahf_lm 3dnowprefetch epb pti retpoline tpr_shadow vnmi flexpriority ept vpid tsc_adjust smep erms dtherm ida arat
bugs		: cpu_meltdown spectre_v1 spectre_v2
bogomips	: 3200.00
clflush size	: 64
cache_alignment	: 64
address sizes	: 36 bits physical, 48 bits virtual
power management:



Memory: 4k page, physical 3927388k(154952k free), swap 3907580k(3613492k free)

vm_info: Java HotSpot(TM) 64-Bit Server VM (25.161-b12) for linux-amd64 JRE (1.8.0_161-b12), built on Dec 19 2017 16:12:43 by "java_re" with gcc 4.3.0 20080428 (Red Hat 4.3.0-8)

time: Wed Apr 18 18:10:27 2018
elapsed time: 16 seconds (0d 0h 0m 16s)

