#
# A fatal error has been detected by the Java Runtime Environment:
#
#  SIGSEGV (0xb) at pc=0x00007fa72d3cb788, pid=13240, tid=0x00007fa70ffff700
#
# JRE version: Java(TM) SE Runtime Environment (8.0_161-b12) (build 1.8.0_161-b12)
# Java VM: Java HotSpot(TM) 64-Bit Server VM (25.161-b12 mixed mode linux-amd64 compressed oops)
# Problematic frame:
# V  [libjvm.so+0x6d7788]  jni_invoke_nonstatic(JNIEnv_*, JavaValue*, _jobject*, JNICallType, _jmethodID*, JNI_ArgumentPusher*, Thread*)+0x38
#
# Failed to write core dump. Core dumps have been disabled. To enable core dumping, try "ulimit -c unlimited" before starting Java again
#
# If you would like to submit a bug report, please visit:
#   http://bugreport.java.com/bugreport/crash.jsp
#

---------------  T H R E A D  ---------------

Current thread (0x00007fa7282e1000):  JavaThread "JavaFX Application Thread" [_thread_in_vm, id=13266, stack(0x00007fa70feff000,0x00007fa710000000)]

siginfo: si_signo: 11 (SIGSEGV), si_code: 1 (SEGV_MAPERR), si_addr: 0xffffffffffffffff

Registers:
RAX=0x00007fa70fffe240, RBX=0x00007fa70fffe150, RCX=0x0000000000000001, RDX=0xffffffffffffffff
RSP=0x00007fa70fffdfa0, RBP=0x00007fa70fffe120, RSI=0x00007fa70fffe1b0, RDI=0x00007fa7282e11f8
R8 =0x00007fa7282a2af8, R9 =0x00007fa70fffe150, R10=0x00007fa6c8000be8, R11=0x00007fa718ae5fe0
R12=0x00007fa7282e1000, R13=0x00007fa7282a2af8, R14=0x0000000000000001, R15=0x00007fa7282e11f8
RIP=0x00007fa72d3cb788, EFLAGS=0x0000000000010286, CSGSFS=0x002b000000000033, ERR=0x0000000000000005
  TRAPNO=0x000000000000000e

Top of Stack: (sp=0x00007fa70fffdfa0)
0x00007fa70fffdfa0:   00007fa70fffe6a0 00007fa70fffe2c0
0x00007fa70fffdfb0:   00007fa70fffe000 00007fa70fffe080
0x00007fa70fffdfc0:   00007fa70fffe150 00007fa70fffe1b0
0x00007fa70fffdfd0:   00007fa7282e11f8 00007fa72d3eb290
0x00007fa70fffdfe0:   00007fa6e4001a00 00007fa6e4001a10
0x00007fa70fffdff0:   00007fa6e4001de8 00000000000003d8
0x00007fa70fffe000:   00007fa7282e0c58 00000000ed0cbc48
0x00007fa70fffe010:   00007fa70000006f 00007fa70000000a
0x00007fa70fffe020:   00000000ec53c030 00007fa700000000
0x00007fa70fffe030:   00007fa6d6919848 00007fa70fffe0a8
0x00007fa70fffe040:   00007fa71790ad78 0000000100000100
0x00007fa70fffe050:   00007fa717992748 00007fa70fffe008
0x00007fa70fffe060:   00007fa70fffe049 0000000800000005
0x00007fa70fffe070:   00007fa7179aed00 00007fa7282e0c60
0x00007fa70fffe080:   00007fa72dc5ee70 00007fa72e79b720
0x00007fa70fffe090:   00000000282e0af0 00007fa7282e1000
0x00007fa70fffe0a0:   0000000000000000 00007fa72d3cbb5b
0x00007fa70fffe0b0:   00007fa717914ec0 00007fa7282e1000
0x00007fa70fffe0c0:   00007fa717914ec0 00007fa7282e1000
0x00007fa70fffe0d0:   00007fa70fffe260 00007fa717914ec0
0x00007fa70fffe0e0:   00007fa717914ec0 00007fa717914ec0
0x00007fa70fffe0f0:   00007fa6e4001a00 00007fa70fffe150
0x00007fa70fffe100:   00007fa7282e1000 00007fa70fffe190
0x00007fa70fffe110:   00007fa7282a2af8 00007fa7282e11f8
0x00007fa70fffe120:   00007fa70fffe210 00007fa72d3cff2f
0x00007fa70fffe130:   00007fa7282e1000 00007fa714c44094
0x00007fa70fffe140:   00007fa70fffe228 ffffffffffffffff
0x00007fa70fffe150:   00007fa72dc5faf0 00007fa72e79b720
0x00007fa70fffe160:   000000000fffe1d0 00007fa700000063
0x00007fa70fffe170:   0000000000000000 0000003000000018
0x00007fa70fffe180:   00007fa70fffe300 00007fa70fffe240
0x00007fa70fffe190:   00007fa7282e1000 0000000000000000 

Instructions: (pc=0x00007fa72d3cb788)
0x00007fa72d3cb768:   00 00 48 85 d2 48 89 bd b0 fe ff ff 48 89 b5 a8
0x00007fa72d3cb778:   fe ff ff 4c 89 8d a0 fe ff ff 0f 84 78 09 00 00
0x00007fa72d3cb788:   4c 8b 22 4d 85 e4 0f 84 6c 09 00 00 48 8b 45 10
0x00007fa72d3cb798:   48 8b 98 38 01 00 00 48 83 7b 18 f7 0f 87 16 07 

Register to memory mapping:

RAX=0x00007fa70fffe240 is pointing into the stack for thread: 0x00007fa7282e1000
RBX=0x00007fa70fffe150 is pointing into the stack for thread: 0x00007fa7282e1000
RCX=0x0000000000000001 is an unknown value
RDX=0xffffffffffffffff is an unknown value
RSP=0x00007fa70fffdfa0 is pointing into the stack for thread: 0x00007fa7282e1000
RBP=0x00007fa70fffe120 is pointing into the stack for thread: 0x00007fa7282e1000
RSI=0x00007fa70fffe1b0 is pointing into the stack for thread: 0x00007fa7282e1000
RDI=0x00007fa7282e11f8 is an unknown value
R8 =0x00007fa7282a2af8 is an unknown value
R9 =0x00007fa70fffe150 is pointing into the stack for thread: 0x00007fa7282e1000
R10=0x00007fa6c8000be8 is an unknown value
R11=0x00007fa718ae5fe0 is at entry_point+32 in (nmethod*)0x00007fa718ae5e50
R12=0x00007fa7282e1000 is a thread
R13=0x00007fa7282a2af8 is an unknown value
R14=0x0000000000000001 is an unknown value
R15=0x00007fa7282e11f8 is an unknown value


Stack: [0x00007fa70feff000,0x00007fa710000000],  sp=0x00007fa70fffdfa0,  free space=1019k
Native frames: (J=compiled Java code, j=interpreted, Vv=VM code, C=native code)
V  [libjvm.so+0x6d7788]  jni_invoke_nonstatic(JNIEnv_*, JavaValue*, _jobject*, JNICallType, _jmethodID*, JNI_ArgumentPusher*, Thread*)+0x38
V  [libjvm.so+0x6dbf2f]  jni_CallVoidMethodV+0x10f
C  [libglass.so+0x18641]  JNIEnv_::CallVoidMethod(_jobject*, _jmethodID*, ...)+0x81
C  [libglass.so+0x14f0f]  WindowContextBase::process_key(_GdkEventKey*)+0x20f
C  [libglass.so+0x19f60]  WindowContextBase::im_filter_keypress(_GdkEventKey*)+0x1c0
C  [libglass.so+0x1a91c]  process_events(_GdkEvent*, void*)+0x22c
C  [libgdk-x11-2.0.so.0+0x5ac8c]

Java frames: (J=compiled Java code, j=interpreted, Vv=VM code)
j  com.sun.glass.ui.gtk.GtkApplication._runLoop(Ljava/lang/Runnable;Z)V+0
j  com.sun.glass.ui.gtk.GtkApplication.lambda$null$48(Ljava/lang/Runnable;Z)V+7
j  com.sun.glass.ui.gtk.GtkApplication$$Lambda$41.run()V+12
j  java.lang.Thread.run()V+11
v  ~StubRoutines::call_stub

---------------  P R O C E S S  ---------------

Java Threads: ( => current thread )
  0x00007fa6c82e6800 JavaThread "Prism Font Disposer" daemon [_thread_blocked, id=13273, stack(0x00007fa6d54a7000,0x00007fa6d55a8000)]
  0x00007fa7282e5000 JavaThread "JavaFX-Launcher" [_thread_blocked, id=13267, stack(0x00007fa6d6817000,0x00007fa6d6918000)]
=>0x00007fa7282e1000 JavaThread "JavaFX Application Thread" [_thread_in_vm, id=13266, stack(0x00007fa70feff000,0x00007fa710000000)]
  0x00007fa7282dd000 JavaThread "Thread-1" daemon [_thread_blocked, id=13265, stack(0x00007fa71407c000,0x00007fa71417d000)]
  0x00007fa72828f000 JavaThread "QuantumRenderer-0" daemon [_thread_blocked, id=13264, stack(0x00007fa7156de000,0x00007fa7157df000)]
  0x00007fa7281e2000 JavaThread "Service Thread" daemon [_thread_blocked, id=13262, stack(0x00007fa7158e0000,0x00007fa7159e1000)]
  0x00007fa7281de000 JavaThread "C1 CompilerThread1" daemon [_thread_blocked, id=13261, stack(0x00007fa7159e1000,0x00007fa715ae2000)]
  0x00007fa7281dc800 JavaThread "C2 CompilerThread0" daemon [_thread_blocked, id=13260, stack(0x00007fa715cf9000,0x00007fa715dfa000)]
  0x00007fa7281d2000 JavaThread "Monitor Ctrl-Break" daemon [_thread_in_native, id=13259, stack(0x00007fa715dfa000,0x00007fa715efb000)]
  0x00007fa72813c000 JavaThread "Signal Dispatcher" daemon [_thread_blocked, id=13258, stack(0x00007fa715fef000,0x00007fa7160f0000)]
  0x00007fa728109000 JavaThread "Finalizer" daemon [_thread_blocked, id=13251, stack(0x00007fa71663c000,0x00007fa71673d000)]
  0x00007fa728104800 JavaThread "Reference Handler" daemon [_thread_blocked, id=13249, stack(0x00007fa71673d000,0x00007fa71683e000)]
  0x00007fa72800c000 JavaThread "main" [_thread_blocked, id=13242, stack(0x00007fa72e7f0000,0x00007fa72e8f1000)]

Other Threads:
  0x00007fa7280fd000 VMThread [stack: 0x00007fa71683e000,0x00007fa71693f000] [id=13247]
  0x00007fa7281e7800 WatcherThread [stack: 0x00007fa7157df000,0x00007fa7158e0000] [id=13263]

VM state:not at safepoint (normal execution)

VM Mutex/Monitor currently owned by a thread: None

Heap:
 PSYoungGen      total 17920K, used 9691K [0x00000000ec000000, 0x00000000ed400000, 0x0000000100000000)
  eden space 15360K, 46% used [0x00000000ec000000,0x00000000ec6fef20,0x00000000ecf00000)
  from space 2560K, 98% used [0x00000000ecf00000,0x00000000ed178080,0x00000000ed180000)
  to   space 2560K, 0% used [0x00000000ed180000,0x00000000ed180000,0x00000000ed400000)
 ParOldGen       total 98304K, used 63288K [0x00000000c4000000, 0x00000000ca000000, 0x00000000ec000000)
  object space 98304K, 64% used [0x00000000c4000000,0x00000000c7dce120,0x00000000ca000000)
 Metaspace       used 18053K, capacity 18900K, committed 19072K, reserved 1064960K
  class space    used 2605K, capacity 2823K, committed 2944K, reserved 1048576K

Card table byte_map: [0x00007fa718003000,0x00007fa7181e4000] byte_map_base: 0x00007fa7179e3000

Marking Bits: (ParMarkBitMap*) 0x00007fa72dcc3920
 Begin Bits: [0x00007fa70e001000, 0x00007fa70ef01000)
 End Bits:   [0x00007fa70ef01000, 0x00007fa70fe01000)

Polling page: 0x00007fa72e916000

CodeCache: size=245760Kb used=6563Kb max_used=6565Kb free=239197Kb
 bounds [0x00007fa7185a4000, 0x00007fa718c14000, 0x00007fa7275a4000]
 total_blobs=2774 nmethods=2131 adapters=557
 compilation: enabled

Compilation events (10 events):
Event: 18,400 Thread 0x00007fa7281de000 2139       3       javafx.scene.Parent::prefHeight (89 bytes)
Event: 18,400 Thread 0x00007fa7281de000 nmethod 2139 0x00007fa718c09710 code [0x00007fa718c098e0, 0x00007fa718c09fb8]
Event: 18,400 Thread 0x00007fa7281de000 2141       3       javafx.geometry.Bounds::getMinY (5 bytes)
Event: 18,403 Thread 0x00007fa7281dc800 nmethod 2135 0x00007fa718c0fc10 code [0x00007fa718c0fda0, 0x00007fa718c10018]
Event: 18,403 Thread 0x00007fa7281de000 nmethod 2141 0x00007fa718c0f8d0 code [0x00007fa718c0fa20, 0x00007fa718c0fb70]
Event: 18,403 Thread 0x00007fa7281de000 2142       3       javafx.scene.control.Labeled::getLabelPadding (24 bytes)
Event: 18,404 Thread 0x00007fa7281de000 nmethod 2142 0x00007fa718c0f310 code [0x00007fa718c0f4a0, 0x00007fa718c0f808]
Event: 18,404 Thread 0x00007fa7281de000 2143       3       javafx.scene.layout.Region::minHeight (52 bytes)
Event: 18,405 Thread 0x00007fa7281de000 nmethod 2143 0x00007fa718c0e6d0 code [0x00007fa718c0e8c0, 0x00007fa718c0f0c8]
Event: 18,405 Thread 0x00007fa7281de000 2145       3       javafx.scene.control.SkinBase::snapSize (19 bytes)

GC Heap History (6 events):
Event: 1,712 GC heap before
{Heap before GC invocations=1 (full 0):
 PSYoungGen      total 17920K, used 15360K [0x00000000ec000000, 0x00000000ed400000, 0x0000000100000000)
  eden space 15360K, 100% used [0x00000000ec000000,0x00000000ecf00000,0x00000000ecf00000)
  from space 2560K, 0% used [0x00000000ed180000,0x00000000ed180000,0x00000000ed400000)
  to   space 2560K, 0% used [0x00000000ecf00000,0x00000000ecf00000,0x00000000ed180000)
 ParOldGen       total 40960K, used 0K [0x00000000c4000000, 0x00000000c6800000, 0x00000000ec000000)
  object space 40960K, 0% used [0x00000000c4000000,0x00000000c4000000,0x00000000c6800000)
 Metaspace       used 8589K, capacity 8972K, committed 9088K, reserved 1056768K
  class space    used 1044K, capacity 1134K, committed 1152K, reserved 1048576K
Event: 1,725 GC heap after
Heap after GC invocations=1 (full 0):
 PSYoungGen      total 17920K, used 1840K [0x00000000ec000000, 0x00000000ed400000, 0x0000000100000000)
  eden space 15360K, 0% used [0x00000000ec000000,0x00000000ec000000,0x00000000ecf00000)
  from space 2560K, 71% used [0x00000000ecf00000,0x00000000ed0cc040,0x00000000ed180000)
  to   space 2560K, 0% used [0x00000000ed180000,0x00000000ed180000,0x00000000ed400000)
 ParOldGen       total 40960K, used 0K [0x00000000c4000000, 0x00000000c6800000, 0x00000000ec000000)
  object space 40960K, 0% used [0x00000000c4000000,0x00000000c4000000,0x00000000c6800000)
 Metaspace       used 8589K, capacity 8972K, committed 9088K, reserved 1056768K
  class space    used 1044K, capacity 1134K, committed 1152K, reserved 1048576K
}
Event: 4,608 GC heap before
{Heap before GC invocations=2 (full 0):
 PSYoungGen      total 17920K, used 17200K [0x00000000ec000000, 0x00000000ed400000, 0x0000000100000000)
  eden space 15360K, 100% used [0x00000000ec000000,0x00000000ecf00000,0x00000000ecf00000)
  from space 2560K, 71% used [0x00000000ecf00000,0x00000000ed0cc040,0x00000000ed180000)
  to   space 2560K, 0% used [0x00000000ed180000,0x00000000ed180000,0x00000000ed400000)
 ParOldGen       total 98304K, used 56953K [0x00000000c4000000, 0x00000000ca000000, 0x00000000ec000000)
  object space 98304K, 57% used [0x00000000c4000000,0x00000000c779e490,0x00000000ca000000)
 Metaspace       used 13083K, capacity 13542K, committed 13824K, reserved 1060864K
  class space    used 1791K, capacity 1928K, committed 2048K, reserved 1048576K
Event: 4,650 GC heap after
Heap after GC invocations=2 (full 0):
 PSYoungGen      total 17920K, used 2528K [0x00000000ec000000, 0x00000000ee300000, 0x0000000100000000)
  eden space 15360K, 0% used [0x00000000ec000000,0x00000000ec000000,0x00000000ecf00000)
  from space 2560K, 98% used [0x00000000ed180000,0x00000000ed3f8050,0x00000000ed400000)
  to   space 2560K, 0% used [0x00000000ecf00000,0x00000000ecf00000,0x00000000ed180000)
 ParOldGen       total 98304K, used 59097K [0x00000000c4000000, 0x00000000ca000000, 0x00000000ec000000)
  object space 98304K, 60% used [0x00000000c4000000,0x00000000c79b65e8,0x00000000ca000000)
 Metaspace       used 13083K, capacity 13542K, committed 13824K, reserved 1060864K
  class space    used 1791K, capacity 1928K, committed 2048K, reserved 1048576K
}
Event: 11,591 GC heap before
{Heap before GC invocations=3 (full 0):
 PSYoungGen      total 17920K, used 17888K [0x00000000ec000000, 0x00000000ee300000, 0x0000000100000000)
  eden space 15360K, 100% used [0x00000000ec000000,0x00000000ecf00000,0x00000000ecf00000)
  from space 2560K, 98% used [0x00000000ed180000,0x00000000ed3f8050,0x00000000ed400000)
  to   space 2560K, 0% used [0x00000000ecf00000,0x00000000ecf00000,0x00000000ed180000)
 ParOldGen       total 98304K, used 59097K [0x00000000c4000000, 0x00000000ca000000, 0x00000000ec000000)
  object space 98304K, 60% used [0x00000000c4000000,0x00000000c79b65e8,0x00000000ca000000)
 Metaspace       used 16448K, capacity 17094K, committed 17280K, reserved 1064960K
  class space    used 2415K, capacity 2610K, committed 2688K, reserved 1048576K
Event: 11,612 GC heap after
Heap after GC invocations=3 (full 0):
 PSYoungGen      total 17920K, used 2528K [0x00000000ec000000, 0x00000000ed400000, 0x0000000100000000)
  eden space 15360K, 0% used [0x00000000ec000000,0x00000000ec000000,0x00000000ecf00000)
  from space 2560K, 98% used [0x00000000ecf00000,0x00000000ed178080,0x00000000ed180000)
  to   space 2560K, 0% used [0x00000000ed180000,0x00000000ed180000,0x00000000ed400000)
 ParOldGen       total 98304K, used 63288K [0x00000000c4000000, 0x00000000ca000000, 0x00000000ec000000)
  object space 98304K, 64% used [0x00000000c4000000,0x00000000c7dce120,0x00000000ca000000)
 Metaspace       used 16448K, capacity 17094K, committed 17280K, reserved 1064960K
  class space    used 2415K, capacity 2610K, committed 2688K, reserved 1048576K
}

Deoptimization events (10 events):
Event: 11,413 Thread 0x00007fa7282e1000 Uncommon trap: reason=unstable_if action=reinterpret pc=0x00007fa7189dc9b0 method=java.util.HashMap.hash(Ljava/lang/Object;)I @ 1
Event: 11,459 Thread 0x00007fa7282e1000 Uncommon trap: reason=unstable_if action=reinterpret pc=0x00007fa7189e902c method=java.lang.ClassLoader.checkName(Ljava/lang/String;)Z @ 20
Event: 11,624 Thread 0x00007fa7282e1000 Uncommon trap: reason=unstable_if action=reinterpret pc=0x00007fa7189dc230 method=java.util.HashMap.isEmpty()Z @ 4
Event: 11,808 Thread 0x00007fa7282e1000 Uncommon trap: reason=unstable_if action=reinterpret pc=0x00007fa718978564 method=jdk.internal.org.objectweb.asm.Type.getArgumentsAndReturnSizes(Ljava/lang/String;)I @ 47
Event: 12,208 Thread 0x00007fa72828f000 Uncommon trap: reason=unstable_if action=reinterpret pc=0x00007fa718aae81c method=java.lang.StrictMath.floorOrCeil(DDDD)D @ 115
Event: 16,011 Thread 0x00007fa7282e1000 Uncommon trap: reason=unstable_if action=reinterpret pc=0x00007fa7187fbd20 method=java.lang.CharacterData.of(I)Ljava/lang/CharacterData; @ 4
Event: 18,385 Thread 0x00007fa7282e1000 Uncommon trap: reason=array_check action=maybe_recompile pc=0x00007fa718bff570 method=com.sun.javafx.css.SimpleSelector.applies(Ljavafx/css/Styleable;[Ljava/util/Set;I)Z @ 37
Event: 18,385 Thread 0x00007fa7282e1000 Uncommon trap: reason=array_check action=maybe_recompile pc=0x00007fa718bff570 method=com.sun.javafx.css.SimpleSelector.applies(Ljavafx/css/Styleable;[Ljava/util/Set;I)Z @ 37
Event: 18,385 Thread 0x00007fa7282e1000 Uncommon trap: reason=array_check action=maybe_recompile pc=0x00007fa718bff570 method=com.sun.javafx.css.SimpleSelector.applies(Ljavafx/css/Styleable;[Ljava/util/Set;I)Z @ 37
Event: 18,385 Thread 0x00007fa7282e1000 Uncommon trap: reason=array_check action=maybe_recompile pc=0x00007fa718bff570 method=com.sun.javafx.css.SimpleSelector.applies(Ljavafx/css/Styleable;[Ljava/util/Set;I)Z @ 37

Classes redefined (0 events):
No events

Internal exceptions (10 events):
Event: 1,825 Thread 0x00007fa7282e1000 Exception <a 'java/lang/ArrayIndexOutOfBoundsException': 18> (0x00000000ec18f4b0) thrown at [/HUDSON/workspace/8-2-build-linux-amd64/jdk8u161/10277/hotspot/src/share/vm/interpreter/interpreterRuntime.cpp, line 366]
Event: 1,827 Thread 0x00007fa7282e1000 Exception <a 'java/lang/ArrayIndexOutOfBoundsException'> (0x00000000ec191358) thrown at [/HUDSON/workspace/8-2-build-linux-amd64/jdk8u161/10277/hotspot/src/share/vm/runtime/sharedRuntime.cpp, line 605]
Event: 3,010 Thread 0x00007fa7282e1000 Exception <a 'java/lang/ArrayIndexOutOfBoundsException'> (0x00000000ec2f09b8) thrown at [/HUDSON/workspace/8-2-build-linux-amd64/jdk8u161/10277/hotspot/src/share/vm/runtime/sharedRuntime.cpp, line 605]
Event: 3,740 Thread 0x00007fa7282e1000 Exception <a 'java/lang/ArrayIndexOutOfBoundsException'> (0x00000000ec822078) thrown at [/HUDSON/workspace/8-2-build-linux-amd64/jdk8u161/10277/hotspot/src/share/vm/runtime/sharedRuntime.cpp, line 605]
Event: 3,827 Thread 0x00007fa7282e1000 Exception <a 'java/io/FileNotFoundException'> (0x00000000ec9563c8) thrown at [/HUDSON/workspace/8-2-build-linux-amd64/jdk8u161/10277/hotspot/src/share/vm/prims/jni.cpp, line 709]
Event: 4,968 Thread 0x00007fa7282e1000 Exception <a 'java/io/FileNotFoundException'> (0x00000000ec41af60) thrown at [/HUDSON/workspace/8-2-build-linux-amd64/jdk8u161/10277/hotspot/src/share/vm/prims/jni.cpp, line 709]
Event: 5,125 Thread 0x00007fa7282e1000 Exception <a 'java/io/FileNotFoundException'> (0x00000000ec498730) thrown at [/HUDSON/workspace/8-2-build-linux-amd64/jdk8u161/10277/hotspot/src/share/vm/prims/jni.cpp, line 709]
Event: 5,211 Thread 0x00007fa7282e1000 Exception <a 'java/io/FileNotFoundException'> (0x00000000ec4c2580) thrown at [/HUDSON/workspace/8-2-build-linux-amd64/jdk8u161/10277/hotspot/src/share/vm/prims/jni.cpp, line 709]
Event: 11,413 Thread 0x00007fa7282e1000 Implicit null exception at 0x00007fa7188bfef5 to 0x00007fa7188c0111
Event: 11,413 Thread 0x00007fa7282e1000 Implicit null exception at 0x00007fa7189dc918 to 0x00007fa7189dc9a6

Events (10 events):
Event: 18,385 Thread 0x00007fa7282e1000 DEOPT UNPACKING pc=0x00007fa7185e973a sp=0x00007fa70fffa390 mode 2
Event: 18,385 Thread 0x00007fa7282e1000 Uncommon trap: trap_request=0xffffffd6 fr.pc=0x00007fa718bff570
Event: 18,385 Thread 0x00007fa7282e1000 DEOPT PACKING pc=0x00007fa718bff570 sp=0x00007fa70fffa2e0
Event: 18,385 Thread 0x00007fa7282e1000 DEOPT UNPACKING pc=0x00007fa7185e973a sp=0x00007fa70fffa290 mode 2
Event: 18,385 Thread 0x00007fa7282e1000 Uncommon trap: trap_request=0xffffffd6 fr.pc=0x00007fa718bff570
Event: 18,385 Thread 0x00007fa7282e1000 DEOPT PACKING pc=0x00007fa718bff570 sp=0x00007fa70fffa2e0
Event: 18,385 Thread 0x00007fa7282e1000 DEOPT UNPACKING pc=0x00007fa7185e973a sp=0x00007fa70fffa290 mode 2
Event: 18,385 Thread 0x00007fa7282e1000 Uncommon trap: trap_request=0xffffffd6 fr.pc=0x00007fa718bff570
Event: 18,385 Thread 0x00007fa7282e1000 DEOPT PACKING pc=0x00007fa718bff570 sp=0x00007fa70fffa260
Event: 18,385 Thread 0x00007fa7282e1000 DEOPT UNPACKING pc=0x00007fa7185e973a sp=0x00007fa70fffa210 mode 2


Dynamic libraries:
00400000-00401000 r-xp 00000000 08:02 2883734                            /opt/jdk/jdk1.8.0_161/bin/java
00600000-00601000 rw-p 00000000 08:02 2883734                            /opt/jdk/jdk1.8.0_161/bin/java
016ee000-0170f000 rw-p 00000000 00:00 0                                  [heap]
c4000000-ca000000 rw-p 00000000 00:00 0 
ca000000-ec000000 ---p 00000000 00:00 0 
ec000000-ed400000 rw-p 00000000 00:00 0 
ed400000-100000000 ---p 00000000 00:00 0 
100000000-1002e0000 rw-p 00000000 00:00 0 
1002e0000-140000000 ---p 00000000 00:00 0 
7fa6c2000000-7fa6c8000000 rw-s 10431b000 00:06 334                       /dev/dri/card0
7fa6c8000000-7fa6c86a9000 rw-p 00000000 00:00 0 
7fa6c86a9000-7fa6cc000000 ---p 00000000 00:00 0 
7fa6ce400000-7fa6d0000000 rw-s 10a31b000 00:06 334                       /dev/dri/card0
7fa6d0000000-7fa6d0021000 rw-p 00000000 00:00 0 
7fa6d0021000-7fa6d4000000 ---p 00000000 00:00 0 
7fa6d4dd3000-7fa6d4ddb000 rw-s 1031f8000 00:06 334                       /dev/dri/card0
7fa6d4ddb000-7fa6d4f9b000 rw-s 10c0db000 00:06 334                       /dev/dri/card0
7fa6d4f9b000-7fa6d4fe6000 r--p 00000000 08:02 3808232                    /usr/share/fonts/truetype/noto/NotoSans-Regular.ttf
7fa6d4fe6000-7fa6d51a6000 rw-p 00000000 00:00 0 
7fa6d51a6000-7fa6d51e6000 ---p 00000000 00:00 0 
7fa6d51e6000-7fa6d53a6000 rw-s 10bf1b000 00:06 334                       /dev/dri/card0
7fa6d53a6000-7fa6d53a9000 ---p 00000000 00:00 0 
7fa6d53a9000-7fa6d54a7000 rw-p 00000000 00:00 0 
7fa6d54a7000-7fa6d54aa000 ---p 00000000 00:00 0 
7fa6d54aa000-7fa6d57a8000 rw-p 00000000 00:00 0 
7fa6d57a8000-7fa6d57b2000 r-xp 00000000 08:02 3671770                    /usr/lib/x86_64-linux-gnu/gtk-2.0/2.10.0/engines/libpixmap.so
7fa6d57b2000-7fa6d59b1000 ---p 0000a000 08:02 3671770                    /usr/lib/x86_64-linux-gnu/gtk-2.0/2.10.0/engines/libpixmap.so
7fa6d59b1000-7fa6d59b2000 r--p 00009000 08:02 3671770                    /usr/lib/x86_64-linux-gnu/gtk-2.0/2.10.0/engines/libpixmap.so
7fa6d59b2000-7fa6d59b3000 rw-p 0000a000 08:02 3671770                    /usr/lib/x86_64-linux-gnu/gtk-2.0/2.10.0/engines/libpixmap.so
7fa6d59b3000-7fa6d5a0c000 r--p 00000000 08:02 3817298                    /usr/share/fonts/Segoe UI Bold.ttf
7fa6d5a0c000-7fa6d5c0c000 rw-p 00000000 00:00 0 
7fa6d5c0c000-7fa6d5c5d000 r--p 00000000 08:02 3817300                    /usr/share/fonts/segoeuil.ttf
7fa6d5c5d000-7fa6d5cdc000 r--p 00000000 08:02 3817301                    /usr/share/fonts/segoeui.ttf
7fa6d5cdc000-7fa6d5d87000 r--p 00000000 08:02 2885200                    /opt/jdk/jdk1.8.0_161/jre/lib/fonts/LucidaSansRegular.ttf
7fa6d5d87000-7fa6d5dd5000 r--p 00000000 08:02 2885202                    /opt/jdk/jdk1.8.0_161/jre/lib/fonts/LucidaSansDemiBold.ttf
7fa6d5dd5000-7fa6d5dd9000 r-xp 00000000 08:02 2885435                    /opt/jdk/jdk1.8.0_161/jre/lib/amd64/libjavafx_font_pango.so
7fa6d5dd9000-7fa6d5fd8000 ---p 00004000 08:02 2885435                    /opt/jdk/jdk1.8.0_161/jre/lib/amd64/libjavafx_font_pango.so
7fa6d5fd8000-7fa6d5fd9000 rw-p 00003000 08:02 2885435                    /opt/jdk/jdk1.8.0_161/jre/lib/amd64/libjavafx_font_pango.so
7fa6d5fd9000-7fa6d5fde000 r-xp 00000000 08:02 2885438                    /opt/jdk/jdk1.8.0_161/jre/lib/amd64/libjavafx_font_freetype.so
7fa6d5fde000-7fa6d61dd000 ---p 00005000 08:02 2885438                    /opt/jdk/jdk1.8.0_161/jre/lib/amd64/libjavafx_font_freetype.so
7fa6d61dd000-7fa6d61de000 rw-p 00004000 08:02 2885438                    /opt/jdk/jdk1.8.0_161/jre/lib/amd64/libjavafx_font_freetype.so
7fa6d61de000-7fa6d61e1000 r-xp 00000000 08:02 2885485                    /opt/jdk/jdk1.8.0_161/jre/lib/amd64/libjavafx_font.so
7fa6d61e1000-7fa6d63e0000 ---p 00003000 08:02 2885485                    /opt/jdk/jdk1.8.0_161/jre/lib/amd64/libjavafx_font.so
7fa6d63e0000-7fa6d63e1000 rw-p 00002000 08:02 2885485                    /opt/jdk/jdk1.8.0_161/jre/lib/amd64/libjavafx_font.so
7fa6d63e1000-7fa6d6417000 r-xp 00000000 08:02 2885481                    /opt/jdk/jdk1.8.0_161/jre/lib/amd64/libjavafx_iio.so
7fa6d6417000-7fa6d6616000 ---p 00036000 08:02 2885481                    /opt/jdk/jdk1.8.0_161/jre/lib/amd64/libjavafx_iio.so
7fa6d6616000-7fa6d6617000 rw-p 00035000 08:02 2885481                    /opt/jdk/jdk1.8.0_161/jre/lib/amd64/libjavafx_iio.so
7fa6d6617000-7fa6d6817000 rw-p 00000000 00:00 0 
7fa6d6817000-7fa6d681a000 ---p 00000000 00:00 0 
7fa6d681a000-7fa6d6918000 rw-p 00000000 00:00 0 
7fa6d6918000-7fa6d6941000 r-xp 00000000 08:02 2885460                    /opt/jdk/jdk1.8.0_161/jre/lib/amd64/libglass.so
7fa6d6941000-7fa6d6b40000 ---p 00029000 08:02 2885460                    /opt/jdk/jdk1.8.0_161/jre/lib/amd64/libglass.so
7fa6d6b40000-7fa6d6b43000 rw-p 00028000 08:02 2885460                    /opt/jdk/jdk1.8.0_161/jre/lib/amd64/libglass.so
7fa6d6b43000-7fa6d6b7a000 r-xp 00000000 08:02 3547217                    /usr/lib/x86_64-linux-gnu/libtxc_dxtn_s2tc.so.0.0.0
7fa6d6b7a000-7fa6d6d79000 ---p 00037000 08:02 3547217                    /usr/lib/x86_64-linux-gnu/libtxc_dxtn_s2tc.so.0.0.0
7fa6d6d79000-7fa6d6d7a000 r--p 00036000 08:02 3547217                    /usr/lib/x86_64-linux-gnu/libtxc_dxtn_s2tc.so.0.0.0
7fa6d6d7a000-7fa6d6d7b000 rw-p 00037000 08:02 3547217                    /usr/lib/x86_64-linux-gnu/libtxc_dxtn_s2tc.so.0.0.0
7fa6d6d7b000-7fa6d6d83000 r-xp 00000000 08:02 3546963                    /usr/lib/x86_64-linux-gnu/libpciaccess.so.0.11.1
7fa6d6d83000-7fa6d6f83000 ---p 00008000 08:02 3546963                    /usr/lib/x86_64-linux-gnu/libpciaccess.so.0.11.1
7fa6d6f83000-7fa6d6f84000 r--p 00008000 08:02 3546963                    /usr/lib/x86_64-linux-gnu/libpciaccess.so.0.11.1
7fa6d6f84000-7fa6d6f85000 rw-p 00009000 08:02 3546963                    /usr/lib/x86_64-linux-gnu/libpciaccess.so.0.11.1
7fa6d6f85000-7fa6d6f90000 r-xp 00000000 08:02 3546417                    /usr/lib/x86_64-linux-gnu/libdrm_radeon.so.1.0.1
7fa6d6f90000-7fa6d718f000 ---p 0000b000 08:02 3546417                    /usr/lib/x86_64-linux-gnu/libdrm_radeon.so.1.0.1
7fa6d718f000-7fa6d7190000 r--p 0000a000 08:02 3546417                    /usr/lib/x86_64-linux-gnu/libdrm_radeon.so.1.0.1
7fa6d7190000-7fa6d7191000 rw-p 0000b000 08:02 3546417                    /usr/lib/x86_64-linux-gnu/libdrm_radeon.so.1.0.1
7fa6d7191000-7fa6d7198000 r-xp 00000000 08:02 3546415                    /usr/lib/x86_64-linux-gnu/libdrm_nouveau.so.2.0.0
7fa6d7198000-7fa6d7397000 ---p 00007000 08:02 3546415                    /usr/lib/x86_64-linux-gnu/libdrm_nouveau.so.2.0.0
7fa6d7397000-7fa6d7398000 r--p 00006000 08:02 3546415                    /usr/lib/x86_64-linux-gnu/libdrm_nouveau.so.2.0.0
7fa6d7398000-7fa6d7399000 rw-p 00007000 08:02 3546415                    /usr/lib/x86_64-linux-gnu/libdrm_nouveau.so.2.0.0
7fa6d7399000-7fa6d73bb000 r-xp 00000000 08:02 3546413                    /usr/lib/x86_64-linux-gnu/libdrm_intel.so.1.0.0
7fa6d73bb000-7fa6d75bb000 ---p 00022000 08:02 3546413                    /usr/lib/x86_64-linux-gnu/libdrm_intel.so.1.0.0
7fa6d75bb000-7fa6d75bc000 r--p 00022000 08:02 3546413                    /usr/lib/x86_64-linux-gnu/libdrm_intel.so.1.0.0
7fa6d75bc000-7fa6d75bd000 rw-p 00023000 08:02 3546413                    /usr/lib/x86_64-linux-gnu/libdrm_intel.so.1.0.0
7fa6d75bd000-7fa6d7de4000 r-xp 00000000 08:02 3671344                    /usr/lib/x86_64-linux-gnu/dri/i965_dri.so
7fa6d7de4000-7fa6d7fe4000 ---p 00827000 08:02 3671344                    /usr/lib/x86_64-linux-gnu/dri/i965_dri.so
7fa6d7fe4000-7fa6d8034000 r--p 00827000 08:02 3671344                    /usr/lib/x86_64-linux-gnu/dri/i965_dri.so
7fa6d8034000-7fa6d803d000 rw-p 00877000 08:02 3671344                    /usr/lib/x86_64-linux-gnu/dri/i965_dri.so
7fa6d803d000-7fa6d80a4000 rw-p 00000000 00:00 0 
7fa6d80a4000-7fa6d80aa000 r-xp 00000000 08:02 3546354                    /usr/lib/x86_64-linux-gnu/libdatrie.so.1.3.3
7fa6d80aa000-7fa6d82aa000 ---p 00006000 08:02 3546354                    /usr/lib/x86_64-linux-gnu/libdatrie.so.1.3.3
7fa6d82aa000-7fa6d82ab000 r--p 00006000 08:02 3546354                    /usr/lib/x86_64-linux-gnu/libdatrie.so.1.3.3
7fa6d82ab000-7fa6d82ac000 rw-p 00007000 08:02 3546354                    /usr/lib/x86_64-linux-gnu/libdatrie.so.1.3.3
7fa6d82ac000-7fa6d82b1000 r-xp 00000000 08:02 3546164                    /usr/lib/x86_64-linux-gnu/libXdmcp.so.6.0.0
7fa6d82b1000-7fa6d84b0000 ---p 00005000 08:02 3546164                    /usr/lib/x86_64-linux-gnu/libXdmcp.so.6.0.0
7fa6d84b0000-7fa6d84b1000 r--p 00004000 08:02 3546164                    /usr/lib/x86_64-linux-gnu/libXdmcp.so.6.0.0
7fa6d84b1000-7fa6d84b2000 rw-p 00005000 08:02 3546164                    /usr/lib/x86_64-linux-gnu/libXdmcp.so.6.0.0
7fa6d84b2000-7fa6d84b4000 r-xp 00000000 08:02 3546153                    /usr/lib/x86_64-linux-gnu/libXau.so.6.0.0
7fa6d84b4000-7fa6d86b4000 ---p 00002000 08:02 3546153                    /usr/lib/x86_64-linux-gnu/libXau.so.6.0.0
7fa6d86b4000-7fa6d86b5000 r--p 00002000 08:02 3546153                    /usr/lib/x86_64-linux-gnu/libXau.so.6.0.0
7fa6d86b5000-7fa6d86b6000 rw-p 00003000 08:02 3546153                    /usr/lib/x86_64-linux-gnu/libXau.so.6.0.0
7fa6d86b6000-7fa6d86da000 r-xp 00000000 08:02 3546586                    /usr/lib/x86_64-linux-gnu/libgraphite2.so.3.0.1
7fa6d86da000-7fa6d88d9000 ---p 00024000 08:02 3546586                    /usr/lib/x86_64-linux-gnu/libgraphite2.so.3.0.1
7fa6d88d9000-7fa6d88db000 r--p 00023000 08:02 3546586                    /usr/lib/x86_64-linux-gnu/libgraphite2.so.3.0.1
7fa6d88db000-7fa6d88dc000 rw-p 00025000 08:02 3546586                    /usr/lib/x86_64-linux-gnu/libgraphite2.so.3.0.1
7fa6d88dc000-7fa6d88ec000 r-xp 00000000 08:02 3546409                    /usr/lib/x86_64-linux-gnu/libdrm.so.2.4.0
7fa6d88ec000-7fa6d8aeb000 ---p 00010000 08:02 3546409                    /usr/lib/x86_64-linux-gnu/libdrm.so.2.4.0
7fa6d8aeb000-7fa6d8aec000 r--p 0000f000 08:02 3546409                    /usr/lib/x86_64-linux-gnu/libdrm.so.2.4.0
7fa6d8aec000-7fa6d8aed000 rw-p 00010000 08:02 3546409                    /usr/lib/x86_64-linux-gnu/libdrm.so.2.4.0
7fa6d8aed000-7fa6d8af1000 r-xp 00000000 08:02 3547342                    /usr/lib/x86_64-linux-gnu/libxcb-dri2.so.0.0.0
7fa6d8af1000-7fa6d8cf0000 ---p 00004000 08:02 3547342                    /usr/lib/x86_64-linux-gnu/libxcb-dri2.so.0.0.0
7fa6d8cf0000-7fa6d8cf1000 r--p 00003000 08:02 3547342                    /usr/lib/x86_64-linux-gnu/libxcb-dri2.so.0.0.0
7fa6d8cf1000-7fa6d8cf2000 rw-p 00004000 08:02 3547342                    /usr/lib/x86_64-linux-gnu/libxcb-dri2.so.0.0.0
7fa6d8cf2000-7fa6d8d09000 r-xp 00000000 08:02 3547346                    /usr/lib/x86_64-linux-gnu/libxcb-glx.so.0.0.0
7fa6d8d09000-7fa6d8f08000 ---p 00017000 08:02 3547346                    /usr/lib/x86_64-linux-gnu/libxcb-glx.so.0.0.0
7fa6d8f08000-7fa6d8f0a000 r--p 00016000 08:02 3547346                    /usr/lib/x86_64-linux-gnu/libxcb-glx.so.0.0.0
7fa6d8f0a000-7fa6d8f0b000 rw-p 00018000 08:02 3547346                    /usr/lib/x86_64-linux-gnu/libxcb-glx.so.0.0.0
7fa6d8f0b000-7fa6d8f0c000 r-xp 00000000 08:02 3546149                    /usr/lib/x86_64-linux-gnu/libX11-xcb.so.1.0.0
7fa6d8f0c000-7fa6d910b000 ---p 00001000 08:02 3546149                    /usr/lib/x86_64-linux-gnu/libX11-xcb.so.1.0.0
7fa6d910b000-7fa6d910c000 r--p 00000000 08:02 3546149                    /usr/lib/x86_64-linux-gnu/libX11-xcb.so.1.0.0
7fa6d910c000-7fa6d910d000 rw-p 00001000 08:02 3546149                    /usr/lib/x86_64-linux-gnu/libX11-xcb.so.1.0.0
7fa6d910d000-7fa6d9138000 r-xp 00000000 08:02 3546557                    /usr/lib/x86_64-linux-gnu/libglapi.so.0.0.0
7fa6d9138000-7fa6d9337000 ---p 0002b000 08:02 3546557                    /usr/lib/x86_64-linux-gnu/libglapi.so.0.0.0
7fa6d9337000-7fa6d933b000 r--p 0002a000 08:02 3546557                    /usr/lib/x86_64-linux-gnu/libglapi.so.0.0.0
7fa6d933b000-7fa6d933c000 rw-p 0002e000 08:02 3546557                    /usr/lib/x86_64-linux-gnu/libglapi.so.0.0.0
7fa6d933c000-7fa6d933d000 rw-p 00000000 00:00 0 
7fa6d933d000-7fa6d933e000 r-xp 00000000 08:02 3547390                    /usr/lib/x86_64-linux-gnu/libxshmfence.so.1.0.0
7fa6d933e000-7fa6d953e000 ---p 00001000 08:02 3547390                    /usr/lib/x86_64-linux-gnu/libxshmfence.so.1.0.0
7fa6d953e000-7fa6d953f000 r--p 00001000 08:02 3547390                    /usr/lib/x86_64-linux-gnu/libxshmfence.so.1.0.0
7fa6d953f000-7fa6d9540000 rw-p 00002000 08:02 3547390                    /usr/lib/x86_64-linux-gnu/libxshmfence.so.1.0.0
7fa6d9540000-7fa6d9545000 r-xp 00000000 08:02 3547368                    /usr/lib/x86_64-linux-gnu/libxcb-sync.so.1.0.0
7fa6d9545000-7fa6d9745000 ---p 00005000 08:02 3547368                    /usr/lib/x86_64-linux-gnu/libxcb-sync.so.1.0.0
7fa6d9745000-7fa6d9746000 r--p 00005000 08:02 3547368                    /usr/lib/x86_64-linux-gnu/libxcb-sync.so.1.0.0
7fa6d9746000-7fa6d9747000 rw-p 00006000 08:02 3547368                    /usr/lib/x86_64-linux-gnu/libxcb-sync.so.1.0.0
7fa6d9747000-7fa6d9749000 r-xp 00000000 08:02 3547354                    /usr/lib/x86_64-linux-gnu/libxcb-present.so.0.0.0
7fa6d9749000-7fa6d9948000 ---p 00002000 08:02 3547354                    /usr/lib/x86_64-linux-gnu/libxcb-present.so.0.0.0
7fa6d9948000-7fa6d9949000 r--p 00001000 08:02 3547354                    /usr/lib/x86_64-linux-gnu/libxcb-present.so.0.0.0
7fa6d9949000-7fa6d994a000 rw-p 00002000 08:02 3547354                    /usr/lib/x86_64-linux-gnu/libxcb-present.so.0.0.0
7fa6d994a000-7fa6d994c000 r-xp 00000000 08:02 3547344                    /usr/lib/x86_64-linux-gnu/libxcb-dri3.so.0.0.0
7fa6d994c000-7fa6d9b4b000 ---p 00002000 08:02 3547344                    /usr/lib/x86_64-linux-gnu/libxcb-dri3.so.0.0.0
7fa6d9b4b000-7fa6d9b4c000 r--p 00001000 08:02 3547344                    /usr/lib/x86_64-linux-gnu/libxcb-dri3.so.0.0.0
7fa6d9b4c000-7fa6d9b4d000 rw-p 00002000 08:02 3547344                    /usr/lib/x86_64-linux-gnu/libxcb-dri3.so.0.0.0
7fa6d9b4d000-7fa6d9bbb000 r-xp 00000000 08:02 791258                     /lib/x86_64-linux-gnu/libpcre.so.3.13.2
7fa6d9bbb000-7fa6d9dbb000 ---p 0006e000 08:02 791258                     /lib/x86_64-linux-gnu/libpcre.so.3.13.2
7fa6d9dbb000-7fa6d9dbc000 r--p 0006e000 08:02 791258                     /lib/x86_64-linux-gnu/libpcre.so.3.13.2
7fa6d9dbc000-7fa6d9dbd000 rw-p 0006f000 08:02 791258                     /lib/x86_64-linux-gnu/libpcre.so.3.13.2
7fa6d9dbd000-7fa6d9dc4000 r-xp 00000000 08:02 3546471                    /usr/lib/x86_64-linux-gnu/libffi.so.6.0.4
7fa6d9dc4000-7fa6d9fc3000 ---p 00007000 08:02 3546471                    /usr/lib/x86_64-linux-gnu/libffi.so.6.0.4
7fa6d9fc3000-7fa6d9fc4000 r--p 00006000 08:02 3546471                    /usr/lib/x86_64-linux-gnu/libffi.so.6.0.4
7fa6d9fc4000-7fa6d9fc5000 rw-p 00007000 08:02 3546471                    /usr/lib/x86_64-linux-gnu/libffi.so.6.0.4
7fa6d9fc5000-7fa6d9feb000 r-xp 00000000 08:02 791162                     /lib/x86_64-linux-gnu/libexpat.so.1.6.0
7fa6d9feb000-7fa6da1eb000 ---p 00026000 08:02 791162                     /lib/x86_64-linux-gnu/libexpat.so.1.6.0
7fa6da1eb000-7fa6da1ed000 r--p 00026000 08:02 791162                     /lib/x86_64-linux-gnu/libexpat.so.1.6.0
7fa6da1ed000-7fa6da1ee000 rw-p 00028000 08:02 791162                     /lib/x86_64-linux-gnu/libexpat.so.1.6.0
7fa6da1ee000-7fa6da1f6000 r-xp 00000000 08:02 3547194                    /usr/lib/x86_64-linux-gnu/libthai.so.0.2.4
7fa6da1f6000-7fa6da3f5000 ---p 00008000 08:02 3547194                    /usr/lib/x86_64-linux-gnu/libthai.so.0.2.4
7fa6da3f5000-7fa6da3f6000 r--p 00007000 08:02 3547194                    /usr/lib/x86_64-linux-gnu/libthai.so.0.2.4
7fa6da3f6000-7fa6da3f7000 rw-p 00008000 08:02 3547194                    /usr/lib/x86_64-linux-gnu/libthai.so.0.2.4
7fa6da3f7000-7fa6da418000 r-xp 00000000 08:02 3547380                    /usr/lib/x86_64-linux-gnu/libxcb.so.1.1.0
7fa6da418000-7fa6da617000 ---p 00021000 08:02 3547380                    /usr/lib/x86_64-linux-gnu/libxcb.so.1.1.0
7fa6da617000-7fa6da618000 r--p 00020000 08:02 3547380                    /usr/lib/x86_64-linux-gnu/libxcb.so.1.1.0
7fa6da618000-7fa6da619000 rw-p 00021000 08:02 3547380                    /usr/lib/x86_64-linux-gnu/libxcb.so.1.1.0
7fa6da619000-7fa6da621000 r-xp 00000000 08:02 3547362                    /usr/lib/x86_64-linux-gnu/libxcb-render.so.0.0.0
7fa6da621000-7fa6da821000 ---p 00008000 08:02 3547362                    /usr/lib/x86_64-linux-gnu/libxcb-render.so.0.0.0
7fa6da821000-7fa6da822000 r--p 00008000 08:02 3547362                    /usr/lib/x86_64-linux-gnu/libxcb-render.so.0.0.0
7fa6da822000-7fa6da823000 rw-p 00009000 08:02 3547362                    /usr/lib/x86_64-linux-gnu/libxcb-render.so.0.0.0
7fa6da823000-7fa6da825000 r-xp 00000000 08:02 3547366                    /usr/lib/x86_64-linux-gnu/libxcb-shm.so.0.0.0
7fa6da825000-7fa6daa25000 ---p 00002000 08:02 3547366                    /usr/lib/x86_64-linux-gnu/libxcb-shm.so.0.0.0
7fa6daa25000-7fa6daa26000 r--p 00002000 08:02 3547366                    /usr/lib/x86_64-linux-gnu/libxcb-shm.so.0.0.0
7fa6daa26000-7fa6daa27000 rw-p 00003000 08:02 3547366                    /usr/lib/x86_64-linux-gnu/libxcb-shm.so.0.0.0
7fa6daa27000-7fa6daa4b000 r-xp 00000000 08:02 791270                     /lib/x86_64-linux-gnu/libpng12.so.0.54.0
7fa6daa4b000-7fa6dac4a000 ---p 00024000 08:02 791270                     /lib/x86_64-linux-gnu/libpng12.so.0.54.0
7fa6dac4a000-7fa6dac4b000 r--p 00023000 08:02 791270                     /lib/x86_64-linux-gnu/libpng12.so.0.54.0
7fa6dac4b000-7fa6dac4c000 rw-p 00024000 08:02 791270                     /lib/x86_64-linux-gnu/libpng12.so.0.54.0
7fa6dac4c000-7fa6daceb000 r-xp 00000000 08:02 3546977                    /usr/lib/x86_64-linux-gnu/libpixman-1.so.0.33.6
7fa6daceb000-7fa6daeeb000 ---p 0009f000 08:02 3546977                    /usr/lib/x86_64-linux-gnu/libpixman-1.so.0.33.6
7fa6daeeb000-7fa6daef3000 r--p 0009f000 08:02 3546977                    /usr/lib/x86_64-linux-gnu/libpixman-1.so.0.33.6
7fa6daef3000-7fa6daef4000 rw-p 000a7000 08:02 3546977                    /usr/lib/x86_64-linux-gnu/libpixman-1.so.0.33.6
7fa6daef4000-7fa6daf85000 r-xp 00000000 08:02 3546650                    /usr/lib/x86_64-linux-gnu/libharfbuzz.so.0.10400.6
7fa6daf85000-7fa6db184000 ---p 00091000 08:02 3546650                    /usr/lib/x86_64-linux-gnu/libharfbuzz.so.0.10400.6
7fa6db184000-7fa6db186000 r--p 00090000 08:02 3546650                    /usr/lib/x86_64-linux-gnu/libharfbuzz.so.0.10400.6
7fa6db186000-7fa6db187000 rw-p 00092000 08:02 3546650                    /usr/lib/x86_64-linux-gnu/libharfbuzz.so.0.10400.6
7fa6db187000-7fa6db19e000 r-xp 00000000 08:02 791281                     /lib/x86_64-linux-gnu/libresolv-2.23.so
7fa6db19e000-7fa6db39e000 ---p 00017000 08:02 791281                     /lib/x86_64-linux-gnu/libresolv-2.23.so
7fa6db39e000-7fa6db39f000 r--p 00017000 08:02 791281                     /lib/x86_64-linux-gnu/libresolv-2.23.so
7fa6db39f000-7fa6db3a0000 rw-p 00018000 08:02 791281                     /lib/x86_64-linux-gnu/libresolv-2.23.so
7fa6db3a0000-7fa6db3a2000 rw-p 00000000 00:00 0 
7fa6db3a2000-7fa6db3c1000 r-xp 00000000 08:02 791287                     /lib/x86_64-linux-gnu/libselinux.so.1
7fa6db3c1000-7fa6db5c0000 ---p 0001f000 08:02 791287                     /lib/x86_64-linux-gnu/libselinux.so.1
7fa6db5c0000-7fa6db5c1000 r--p 0001e000 08:02 791287                     /lib/x86_64-linux-gnu/libselinux.so.1
7fa6db5c1000-7fa6db5c2000 rw-p 0001f000 08:02 791287                     /lib/x86_64-linux-gnu/libselinux.so.1
7fa6db5c2000-7fa6db5c4000 rw-p 00000000 00:00 0 
7fa6db5c4000-7fa6db5dd000 r-xp 00000000 08:02 791320                     /lib/x86_64-linux-gnu/libz.so.1.2.8
7fa6db5dd000-7fa6db7dc000 ---p 00019000 08:02 791320                     /lib/x86_64-linux-gnu/libz.so.1.2.8
7fa6db7dc000-7fa6db7dd000 r--p 00018000 08:02 791320                     /lib/x86_64-linux-gnu/libz.so.1.2.8
7fa6db7dd000-7fa6db7de000 rw-p 00019000 08:02 791320                     /lib/x86_64-linux-gnu/libz.so.1.2.8
7fa6db7de000-7fa6db7ef000 r-xp 00000000 08:02 3546166                    /usr/lib/x86_64-linux-gnu/libXext.so.6.4.0
7fa6db7ef000-7fa6db9ee000 ---p 00011000 08:02 3546166                    /usr/lib/x86_64-linux-gnu/libXext.so.6.4.0
7fa6db9ee000-7fa6db9ef000 r--p 00010000 08:02 3546166                    /usr/lib/x86_64-linux-gnu/libXext.so.6.4.0
7fa6db9ef000-7fa6db9f0000 rw-p 00011000 08:02 3546166                    /usr/lib/x86_64-linux-gnu/libXext.so.6.4.0
7fa6db9f0000-7fa6db9f2000 r-xp 00000000 08:02 3546162                    /usr/lib/x86_64-linux-gnu/libXdamage.so.1.1.0
7fa6db9f2000-7fa6dbbf1000 ---p 00002000 08:02 3546162                    /usr/lib/x86_64-linux-gnu/libXdamage.so.1.1.0
7fa6dbbf1000-7fa6dbbf2000 r--p 00001000 08:02 3546162                    /usr/lib/x86_64-linux-gnu/libXdamage.so.1.1.0
7fa6dbbf2000-7fa6dbbf3000 rw-p 00002000 08:02 3546162                    /usr/lib/x86_64-linux-gnu/libXdamage.so.1.1.0
7fa6dbbf3000-7fa6dbbf5000 r-xp 00000000 08:02 3546158                    /usr/lib/x86_64-linux-gnu/libXcomposite.so.1.0.0
7fa6dbbf5000-7fa6dbdf4000 ---p 00002000 08:02 3546158                    /usr/lib/x86_64-linux-gnu/libXcomposite.so.1.0.0
7fa6dbdf4000-7fa6dbdf5000 r--p 00001000 08:02 3546158                    /usr/lib/x86_64-linux-gnu/libXcomposite.so.1.0.0
7fa6dbdf5000-7fa6dbdf6000 rw-p 00002000 08:02 3546158                    /usr/lib/x86_64-linux-gnu/libXcomposite.so.1.0.0
7fa6dbdf6000-7fa6dbdff000 r-xp 00000000 08:02 3546160                    /usr/lib/x86_64-linux-gnu/libXcursor.so.1.0.2
7fa6dbdff000-7fa6dbffe000 ---p 00009000 08:02 3546160                    /usr/lib/x86_64-linux-gnu/libXcursor.so.1.0.2
7fa6dbffe000-7fa6dbfff000 r--p 00008000 08:02 3546160                    /usr/lib/x86_64-linux-gnu/libXcursor.so.1.0.2
7fa6dbfff000-7fa6dc000000 rw-p 00009000 08:02 3546160                    /usr/lib/x86_64-linux-gnu/libXcursor.so.1.0.2
7fa6dc000000-7fa6dc021000 rw-p 00000000 00:00 0 
7fa6dc021000-7fa6e0000000 ---p 00000000 00:00 0 
7fa6e0000000-7fa6e1e3b000 rw-p 00000000 00:00 0 
7fa6e1e3b000-7fa6e4000000 ---p 00000000 00:00 0 
7fa6e4000000-7fa6e43a9000 rw-p 00000000 00:00 0 
7fa6e43a9000-7fa6e8000000 ---p 00000000 00:00 0 
7fa6e8000000-7fa6e8021000 rw-p 00000000 00:00 0 
7fa6e8021000-7fa6ec000000 ---p 00000000 00:00 0 
7fa6ec000000-7fa6ec235000 rw-p 00000000 00:00 0 
7fa6ec235000-7fa6f0000000 ---p 00000000 00:00 0 
7fa6f0000000-7fa6f0021000 rw-p 00000000 00:00 0 
7fa6f0021000-7fa6f4000000 ---p 00000000 00:00 0 
7fa6f4005000-7fa6f400d000 rw-s 1031f0000 00:06 334                       /dev/dri/card0
7fa6f400d000-7fa6f4029000 rw-s 101b1f000 00:06 334                       /dev/dri/card0
7fa6f4029000-7fa6f4039000 rw-s 00000000 00:05 185920                     /drm mm object (deleted)
7fa6f4039000-7fa6f4043000 r-xp 00000000 08:02 3546186                    /usr/lib/x86_64-linux-gnu/libXrandr.so.2.2.0
7fa6f4043000-7fa6f4242000 ---p 0000a000 08:02 3546186                    /usr/lib/x86_64-linux-gnu/libXrandr.so.2.2.0
7fa6f4242000-7fa6f4243000 r--p 00009000 08:02 3546186                    /usr/lib/x86_64-linux-gnu/libXrandr.so.2.2.0
7fa6f4243000-7fa6f4244000 rw-p 0000a000 08:02 3546186                    /usr/lib/x86_64-linux-gnu/libXrandr.so.2.2.0
7fa6f4244000-7fa6f4253000 r-xp 00000000 08:02 3546176                    /usr/lib/x86_64-linux-gnu/libXi.so.6.1.0
7fa6f4253000-7fa6f4452000 ---p 0000f000 08:02 3546176                    /usr/lib/x86_64-linux-gnu/libXi.so.6.1.0
7fa6f4452000-7fa6f4453000 r--p 0000e000 08:02 3546176                    /usr/lib/x86_64-linux-gnu/libXi.so.6.1.0
7fa6f4453000-7fa6f4454000 rw-p 0000f000 08:02 3546176                    /usr/lib/x86_64-linux-gnu/libXi.so.6.1.0
7fa6f4454000-7fa6f4456000 r-xp 00000000 08:02 3546178                    /usr/lib/x86_64-linux-gnu/libXinerama.so.1.0.0
7fa6f4456000-7fa6f4655000 ---p 00002000 08:02 3546178                    /usr/lib/x86_64-linux-gnu/libXinerama.so.1.0.0
7fa6f4655000-7fa6f4656000 r--p 00001000 08:02 3546178                    /usr/lib/x86_64-linux-gnu/libXinerama.so.1.0.0
7fa6f4656000-7fa6f4657000 rw-p 00002000 08:02 3546178                    /usr/lib/x86_64-linux-gnu/libXinerama.so.1.0.0
7fa6f4657000-7fa6f4660000 r-xp 00000000 08:02 3546188                    /usr/lib/x86_64-linux-gnu/libXrender.so.1.3.0
7fa6f4660000-7fa6f485f000 ---p 00009000 08:02 3546188                    /usr/lib/x86_64-linux-gnu/libXrender.so.1.3.0
7fa6f485f000-7fa6f4860000 r--p 00008000 08:02 3546188                    /usr/lib/x86_64-linux-gnu/libXrender.so.1.3.0
7fa6f4860000-7fa6f4861000 rw-p 00009000 08:02 3546188                    /usr/lib/x86_64-linux-gnu/libXrender.so.1.3.0
7fa6f4861000-7fa6f4866000 r-xp 00000000 08:02 3546168                    /usr/lib/x86_64-linux-gnu/libXfixes.so.3.1.0
7fa6f4866000-7fa6f4a65000 ---p 00005000 08:02 3546168                    /usr/lib/x86_64-linux-gnu/libXfixes.so.3.1.0
7fa6f4a65000-7fa6f4a66000 r--p 00004000 08:02 3546168                    /usr/lib/x86_64-linux-gnu/libXfixes.so.3.1.0
7fa6f4a66000-7fa6f4a67000 rw-p 00005000 08:02 3546168                    /usr/lib/x86_64-linux-gnu/libXfixes.so.3.1.0
7fa6f4a67000-7fa6f4a7d000 r-xp 00000000 08:02 791169                     /lib/x86_64-linux-gnu/libgcc_s.so.1
7fa6f4a7d000-7fa6f4c7c000 ---p 00016000 08:02 791169                     /lib/x86_64-linux-gnu/libgcc_s.so.1
7fa6f4c7c000-7fa6f4c7d000 rw-p 00015000 08:02 791169                     /lib/x86_64-linux-gnu/libgcc_s.so.1
7fa6f4c7d000-7fa6f4def000 r-xp 00000000 08:02 3547167                    /usr/lib/x86_64-linux-gnu/libstdc++.so.6.0.21
7fa6f4def000-7fa6f4fef000 ---p 00172000 08:02 3547167                    /usr/lib/x86_64-linux-gnu/libstdc++.so.6.0.21
7fa6f4fef000-7fa6f4ff9000 r--p 00172000 08:02 3547167                    /usr/lib/x86_64-linux-gnu/libstdc++.so.6.0.21
7fa6f4ff9000-7fa6f4ffb000 rw-p 0017c000 08:02 3547167                    /usr/lib/x86_64-linux-gnu/libstdc++.so.6.0.21
7fa6f4ffb000-7fa6f8000000 rw-p 00000000 00:00 0 
7fa6f8000000-7fa6f8021000 rw-p 00000000 00:00 0 
7fa6f8021000-7fa6fc000000 ---p 00000000 00:00 0 
7fa6fc000000-7fa6fc021000 rw-p 00000000 00:00 0 
7fa6fc021000-7fa700000000 ---p 00000000 00:00 0 
7fa700000000-7fa700021000 rw-p 00000000 00:00 0 
7fa700021000-7fa704000000 ---p 00000000 00:00 0 
7fa704000000-7fa704021000 rw-p 00000000 00:00 0 
7fa704021000-7fa708000000 ---p 00000000 00:00 0 
7fa708000000-7fa708021000 rw-p 00000000 00:00 0 
7fa708021000-7fa70c000000 ---p 00000000 00:00 0 
7fa70c007000-7fa70c00f000 rw-s 103e9b000 00:06 334                       /dev/dri/card0
7fa70c00f000-7fa70c01f000 rw-s 00000000 00:05 185898                     /drm mm object (deleted)
7fa70c01f000-7fa70c02f000 rw-s 00000000 00:05 185108                     /drm mm object (deleted)
7fa70c02f000-7fa70c084000 r--p 00000000 08:02 2885201                    /opt/jdk/jdk1.8.0_161/jre/lib/fonts/LucidaBrightRegular.ttf
7fa70c084000-7fa70c0f2000 r-xp 00000000 08:02 3671987                    /usr/lib/x86_64-linux-gnu/mesa/libGL.so.1.2.0
7fa70c0f2000-7fa70c2f2000 ---p 0006e000 08:02 3671987                    /usr/lib/x86_64-linux-gnu/mesa/libGL.so.1.2.0
7fa70c2f2000-7fa70c2f5000 r--p 0006e000 08:02 3671987                    /usr/lib/x86_64-linux-gnu/mesa/libGL.so.1.2.0
7fa70c2f5000-7fa70c2f6000 rw-p 00071000 08:02 3671987                    /usr/lib/x86_64-linux-gnu/mesa/libGL.so.1.2.0
7fa70c2f6000-7fa70c2f7000 rw-p 00000000 00:00 0 
7fa70c2f7000-7fa70c2fc000 r-xp 00000000 08:02 3546200                    /usr/lib/x86_64-linux-gnu/libXxf86vm.so.1.0.0
7fa70c2fc000-7fa70c4fb000 ---p 00005000 08:02 3546200                    /usr/lib/x86_64-linux-gnu/libXxf86vm.so.1.0.0
7fa70c4fb000-7fa70c4fc000 r--p 00004000 08:02 3546200                    /usr/lib/x86_64-linux-gnu/libXxf86vm.so.1.0.0
7fa70c4fc000-7fa70c4fd000 rw-p 00005000 08:02 3546200                    /usr/lib/x86_64-linux-gnu/libXxf86vm.so.1.0.0
7fa70c4fd000-7fa70c632000 r-xp 00000000 08:02 3546151                    /usr/lib/x86_64-linux-gnu/libX11.so.6.3.0
7fa70c632000-7fa70c832000 ---p 00135000 08:02 3546151                    /usr/lib/x86_64-linux-gnu/libX11.so.6.3.0
7fa70c832000-7fa70c833000 r--p 00135000 08:02 3546151                    /usr/lib/x86_64-linux-gnu/libX11.so.6.3.0
7fa70c833000-7fa70c837000 rw-p 00136000 08:02 3546151                    /usr/lib/x86_64-linux-gnu/libX11.so.6.3.0
7fa70c837000-7fa70c83c000 r-xp 00000000 08:02 3546194                    /usr/lib/x86_64-linux-gnu/libXtst.so.6.1.0
7fa70c83c000-7fa70ca3b000 ---p 00005000 08:02 3546194                    /usr/lib/x86_64-linux-gnu/libXtst.so.6.1.0
7fa70ca3b000-7fa70ca3c000 r--p 00004000 08:02 3546194                    /usr/lib/x86_64-linux-gnu/libXtst.so.6.1.0
7fa70ca3c000-7fa70ca3d000 rw-p 00005000 08:02 3546194                    /usr/lib/x86_64-linux-gnu/libXtst.so.6.1.0
7fa70ca3d000-7fa70cb4c000 r-xp 00000000 08:02 791173                     /lib/x86_64-linux-gnu/libglib-2.0.so.0.4800.2
7fa70cb4c000-7fa70cd4b000 ---p 0010f000 08:02 791173                     /lib/x86_64-linux-gnu/libglib-2.0.so.0.4800.2
7fa70cd4b000-7fa70cd4c000 r--p 0010e000 08:02 791173                     /lib/x86_64-linux-gnu/libglib-2.0.so.0.4800.2
7fa70cd4c000-7fa70cd4d000 rw-p 0010f000 08:02 791173                     /lib/x86_64-linux-gnu/libglib-2.0.so.0.4800.2
7fa70cd4d000-7fa70cd4e000 rw-p 00000000 00:00 0 
7fa70cd4e000-7fa70cd4f000 r-xp 00000000 08:02 3546634                    /usr/lib/x86_64-linux-gnu/libgthread-2.0.so.0.4800.2
7fa70cd4f000-7fa70cf4e000 ---p 00001000 08:02 3546634                    /usr/lib/x86_64-linux-gnu/libgthread-2.0.so.0.4800.2
7fa70cf4e000-7fa70cf4f000 r--p 00000000 08:02 3546634                    /usr/lib/x86_64-linux-gnu/libgthread-2.0.so.0.4800.2
7fa70cf4f000-7fa70cf50000 rw-p 00001000 08:02 3546634                    /usr/lib/x86_64-linux-gnu/libgthread-2.0.so.0.4800.2
7fa70cf50000-7fa70cf53000 r-xp 00000000 08:02 3546561                    /usr/lib/x86_64-linux-gnu/libgmodule-2.0.so.0.4800.2
7fa70cf53000-7fa70d152000 ---p 00003000 08:02 3546561                    /usr/lib/x86_64-linux-gnu/libgmodule-2.0.so.0.4800.2
7fa70d152000-7fa70d153000 r--p 00002000 08:02 3546561                    /usr/lib/x86_64-linux-gnu/libgmodule-2.0.so.0.4800.2
7fa70d153000-7fa70d154000 rw-p 00003000 08:02 3546561                    /usr/lib/x86_64-linux-gnu/libgmodule-2.0.so.0.4800.2
7fa70d154000-7fa70d1a6000 r-xp 00000000 08:02 3546569                    /usr/lib/x86_64-linux-gnu/libgobject-2.0.so.0.4800.2
7fa70d1a6000-7fa70d3a5000 ---p 00052000 08:02 3546569                    /usr/lib/x86_64-linux-gnu/libgobject-2.0.so.0.4800.2
7fa70d3a5000-7fa70d3a6000 r--p 00051000 08:02 3546569                    /usr/lib/x86_64-linux-gnu/libgobject-2.0.so.0.4800.2
7fa70d3a6000-7fa70d3a7000 rw-p 00052000 08:02 3546569                    /usr/lib/x86_64-linux-gnu/libgobject-2.0.so.0.4800.2
7fa70d3a7000-7fa70d3e4000 r-xp 00000000 08:02 3546485                    /usr/lib/x86_64-linux-gnu/libfontconfig.so.1.9.0
7fa70d3e4000-7fa70d5e3000 ---p 0003d000 08:02 3546485                    /usr/lib/x86_64-linux-gnu/libfontconfig.so.1.9.0
7fa70d5e3000-7fa70d5e5000 r--p 0003c000 08:02 3546485                    /usr/lib/x86_64-linux-gnu/libfontconfig.so.1.9.0
7fa70d5e5000-7fa70d5ea000 rw-p 0003e000 08:02 3546485                    /usr/lib/x86_64-linux-gnu/libfontconfig.so.1.9.0
7fa70d5ea000-7fa70d68e000 r-xp 00000000 08:02 3546515                    /usr/lib/x86_64-linux-gnu/libfreetype.so.6.12.1
7fa70d68e000-7fa70d88d000 ---p 000a4000 08:02 3546515                    /usr/lib/x86_64-linux-gnu/libfreetype.so.6.12.1
7fa70d88d000-7fa70d893000 r--p 000a3000 08:02 3546515                    /usr/lib/x86_64-linux-gnu/libfreetype.so.6.12.1
7fa70d893000-7fa70d894000 rw-p 000a9000 08:02 3546515                    /usr/lib/x86_64-linux-gnu/libfreetype.so.6.12.1
7fa70d894000-7fa70d8dd000 r-xp 00000000 08:02 3546953                    /usr/lib/x86_64-linux-gnu/libpango-1.0.so.0.3800.1
7fa70d8dd000-7fa70dadd000 ---p 00049000 08:02 3546953                    /usr/lib/x86_64-linux-gnu/libpango-1.0.so.0.3800.1
7fa70dadd000-7fa70dadf000 r--p 00049000 08:02 3546953                    /usr/lib/x86_64-linux-gnu/libpango-1.0.so.0.3800.1
7fa70dadf000-7fa70dae0000 rw-p 0004b000 08:02 3546953                    /usr/lib/x86_64-linux-gnu/libpango-1.0.so.0.3800.1
7fa70dae0000-7fa70dbee000 r-xp 00000000 08:02 3546300                    /usr/lib/x86_64-linux-gnu/libcairo.so.2.11400.6
7fa70dbee000-7fa70ddee000 ---p 0010e000 08:02 3546300                    /usr/lib/x86_64-linux-gnu/libcairo.so.2.11400.6
7fa70ddee000-7fa70ddf1000 r--p 0010e000 08:02 3546300                    /usr/lib/x86_64-linux-gnu/libcairo.so.2.11400.6
7fa70ddf1000-7fa70ddf2000 rw-p 00111000 08:02 3546300                    /usr/lib/x86_64-linux-gnu/libcairo.so.2.11400.6
7fa70ddf2000-7fa70ddf4000 rw-p 00000000 00:00 0 
7fa70ddf4000-7fa70de00000 r-xp 00000000 08:02 3546955                    /usr/lib/x86_64-linux-gnu/libpangocairo-1.0.so.0.3800.1
7fa70de00000-7fa70dfff000 ---p 0000c000 08:02 3546955                    /usr/lib/x86_64-linux-gnu/libpangocairo-1.0.so.0.3800.1
7fa70dfff000-7fa70e000000 r--p 0000b000 08:02 3546955                    /usr/lib/x86_64-linux-gnu/libpangocairo-1.0.so.0.3800.1
7fa70e000000-7fa70e001000 rw-p 0000c000 08:02 3546955                    /usr/lib/x86_64-linux-gnu/libpangocairo-1.0.so.0.3800.1
7fa70e001000-7fa70fe01000 rw-p 00000000 00:00 0 
7fa70fe03000-7fa70fe0f000 rw-s 00000000 00:05 185862                     /drm mm object (deleted)
7fa70fe0f000-7fa70fe22000 r--p 00000000 08:02 2885207                    /opt/jdk/jdk1.8.0_161/jre/lib/fonts/LucidaBrightDemiBold.ttf
7fa70fe22000-7fa70fe35000 r--p 00000000 08:02 2885204                    /opt/jdk/jdk1.8.0_161/jre/lib/fonts/LucidaBrightDemiItalic.ttf
7fa70fe35000-7fa70fe6f000 r--p 00000000 08:02 2885206                    /opt/jdk/jdk1.8.0_161/jre/lib/fonts/LucidaTypewriterBold.ttf
7fa70fe6f000-7fa70fe83000 r--p 00000000 08:02 2885199                    /opt/jdk/jdk1.8.0_161/jre/lib/fonts/LucidaBrightItalic.ttf
7fa70fe83000-7fa70febf000 r--p 00000000 08:02 2885205                    /opt/jdk/jdk1.8.0_161/jre/lib/fonts/LucidaTypewriterRegular.ttf
7fa70febf000-7fa70feff000 r--s 00000000 08:02 4198754                    /var/cache/fontconfig/0bd3dc0958fa2205aaaa8ebb13e2872b-le64.cache-6
7fa70feff000-7fa70ff02000 ---p 00000000 00:00 0 
7fa70ff02000-7fa710000000 rw-p 00000000 00:00 0 
7fa710000000-7fa710021000 rw-p 00000000 00:00 0 
7fa710021000-7fa714000000 ---p 00000000 00:00 0 
7fa714002000-7fa714004000 rw-s 00000000 00:05 185120                     /drm mm object (deleted)
7fa714004000-7fa714005000 rw-s 10074e000 00:06 334                       /dev/dri/card0
7fa714005000-7fa71400a000 r--s 00084000 08:02 2885187                    /opt/jdk/jdk1.8.0_161/jre/lib/jfr.jar
7fa71400a000-7fa71400f000 r--s 0009d000 08:02 2885327                    /opt/jdk/jdk1.8.0_161/jre/lib/jsse.jar
7fa71400f000-7fa714016000 r--s 00000000 08:02 4200409                    /var/cache/fontconfig/4be9850f182b35c1350b6bbf2e42601c-le64.cache-6
7fa714016000-7fa714021000 r--s 00000000 08:02 4198764                    /var/cache/fontconfig/945677eb7aeaf62f1d50efc3fb3ec7d8-le64.cache-6
7fa714021000-7fa714027000 r--s 00000000 08:02 4198756                    /var/cache/fontconfig/2cd17615ca594fa2959ae173292e504c-le64.cache-6
7fa714027000-7fa714028000 r--s 00000000 08:02 4200321                    /var/cache/fontconfig/4794a0821666d79190d59a36cb4f44b5-le64.cache-6
7fa714028000-7fa71402f000 r--s 00000000 08:02 4195402                    /var/cache/fontconfig/3047814df9a2f067bd2d96a2b9c36e5a-le64.cache-6
7fa71402f000-7fa714037000 r--s 00000000 08:02 4198769                    /var/cache/fontconfig/bf3b770c553c462765856025a94f1ce6-le64.cache-6
7fa714037000-7fa714039000 r--s 00000000 08:02 4198768                    /var/cache/fontconfig/a0107c79d978dfcc5e42cb1335b71036-le64.cache-6
7fa714039000-7fa71403c000 r--s 00000000 08:02 4200320                    /var/cache/fontconfig/e49e89034d371f0f9de17aab02136486-le64.cache-6
7fa71403c000-7fa71403e000 r--s 00000000 08:02 4200319                    /var/cache/fontconfig/4b14b093aebc79c320de5e86ae1d3314-le64.cache-6
7fa71403e000-7fa714051000 r--s 00000000 08:02 4198773                    /var/cache/fontconfig/d52a8644073d54c13679302ca1180695-le64.cache-6
7fa714051000-7fa71405c000 r--s 00000000 08:02 4200318                    /var/cache/fontconfig/d589a48862398ed80a3d6066f4f56f4c-le64.cache-6
7fa71405c000-7fa71405f000 r--s 00000000 08:02 4200317                    /var/cache/fontconfig/75114ca45c98e8a441da0ff356701271-le64.cache-6
7fa71405f000-7fa71406a000 r--s 00000000 08:02 4195407                    /var/cache/fontconfig/83bf95040141907cd45bb53cf7c1c148-le64.cache-6
7fa71406a000-7fa71407c000 r--s 00000000 08:02 4198766                    /var/cache/fontconfig/9b89f8e3dae116d678bbf48e5f21f69b-le64.cache-6
7fa71407c000-7fa71407f000 ---p 00000000 00:00 0 
7fa71407f000-7fa71417d000 rw-p 00000000 00:00 0 
7fa71417d000-7fa7141a7000 r--p 00000000 08:02 3815303                    /usr/share/locale-langpack/es/LC_MESSAGES/gtk20-properties.mo
7fa7141a7000-7fa7141cc000 r--p 00000000 08:02 3813115                    /usr/share/locale-langpack/es/LC_MESSAGES/libc.mo
7fa7141cc000-7fa7141ed000 r-xp 00000000 08:02 3546541                    /usr/lib/x86_64-linux-gnu/libgdk_pixbuf-2.0.so.0.3200.2
7fa7141ed000-7fa7143ec000 ---p 00021000 08:02 3546541                    /usr/lib/x86_64-linux-gnu/libgdk_pixbuf-2.0.so.0.3200.2
7fa7143ec000-7fa7143ed000 r--p 00020000 08:02 3546541                    /usr/lib/x86_64-linux-gnu/libgdk_pixbuf-2.0.so.0.3200.2
7fa7143ed000-7fa7143ee000 rw-p 00021000 08:02 3546541                    /usr/lib/x86_64-linux-gnu/libgdk_pixbuf-2.0.so.0.3200.2
7fa7143ee000-7fa714402000 r-xp 00000000 08:02 3546957                    /usr/lib/x86_64-linux-gnu/libpangoft2-1.0.so.0.3800.1
7fa714402000-7fa714602000 ---p 00014000 08:02 3546957                    /usr/lib/x86_64-linux-gnu/libpangoft2-1.0.so.0.3800.1
7fa714602000-7fa714603000 r--p 00014000 08:02 3546957                    /usr/lib/x86_64-linux-gnu/libpangoft2-1.0.so.0.3800.1
7fa714603000-7fa714604000 rw-p 00015000 08:02 3546957                    /usr/lib/x86_64-linux-gnu/libpangoft2-1.0.so.0.3800.1
7fa714604000-7fa714784000 r-xp 00000000 08:02 3546551                    /usr/lib/x86_64-linux-gnu/libgio-2.0.so.0.4800.2
7fa714784000-7fa714984000 ---p 00180000 08:02 3546551                    /usr/lib/x86_64-linux-gnu/libgio-2.0.so.0.4800.2
7fa714984000-7fa714988000 r--p 00180000 08:02 3546551                    /usr/lib/x86_64-linux-gnu/libgio-2.0.so.0.4800.2
7fa714988000-7fa71498a000 rw-p 00184000 08:02 3546551                    /usr/lib/x86_64-linux-gnu/libgio-2.0.so.0.4800.2
7fa71498a000-7fa71498c000 rw-p 00000000 00:00 0 
7fa71498c000-7fa7149ae000 r-xp 00000000 08:02 3546244                    /usr/lib/x86_64-linux-gnu/libatk-1.0.so.0.21809.1
7fa7149ae000-7fa714bad000 ---p 00022000 08:02 3546244                    /usr/lib/x86_64-linux-gnu/libatk-1.0.so.0.21809.1
7fa714bad000-7fa714bb0000 r--p 00021000 08:02 3546244                    /usr/lib/x86_64-linux-gnu/libatk-1.0.so.0.21809.1
7fa714bb0000-7fa714bb1000 rw-p 00024000 08:02 3546244                    /usr/lib/x86_64-linux-gnu/libatk-1.0.so.0.21809.1
7fa714bb1000-7fa714c61000 r-xp 00000000 08:02 3546539                    /usr/lib/x86_64-linux-gnu/libgdk-x11-2.0.so.0.2400.30
7fa714c61000-7fa714e60000 ---p 000b0000 08:02 3546539                    /usr/lib/x86_64-linux-gnu/libgdk-x11-2.0.so.0.2400.30
7fa714e60000-7fa714e64000 r--p 000af000 08:02 3546539                    /usr/lib/x86_64-linux-gnu/libgdk-x11-2.0.so.0.2400.30
7fa714e64000-7fa714e66000 rw-p 000b3000 08:02 3546539                    /usr/lib/x86_64-linux-gnu/libgdk-x11-2.0.so.0.2400.30
7fa714e66000-7fa7152a4000 r-xp 00000000 08:02 3546638                    /usr/lib/x86_64-linux-gnu/libgtk-x11-2.0.so.0.2400.30
7fa7152a4000-7fa7154a3000 ---p 0043e000 08:02 3546638                    /usr/lib/x86_64-linux-gnu/libgtk-x11-2.0.so.0.2400.30
7fa7154a3000-7fa7154aa000 r--p 0043d000 08:02 3546638                    /usr/lib/x86_64-linux-gnu/libgtk-x11-2.0.so.0.2400.30
7fa7154aa000-7fa7154ae000 rw-p 00444000 08:02 3546638                    /usr/lib/x86_64-linux-gnu/libgtk-x11-2.0.so.0.2400.30
7fa7154ae000-7fa7154b1000 rw-p 00000000 00:00 0 
7fa7154b1000-7fa7154b4000 r--s 00000000 08:02 4195400                    /var/cache/fontconfig/e13b20fdb08344e0e664864cc2ede53d-le64.cache-6
7fa7154b4000-7fa7154ba000 r--s 00000000 08:02 4202079                    /var/cache/fontconfig/3830d5c3ddfd5cd38a049b759396e72e-le64.cache-6
7fa7154bc000-7fa7154cb000 r--p 00000000 08:02 3815986                    /usr/share/locale-langpack/es/LC_MESSAGES/gtk20.mo
7fa7154cb000-7fa7154d2000 r--s 00000000 08:02 3671625                    /usr/lib/x86_64-linux-gnu/gconv/gconv-modules.cache
7fa7154d2000-7fa7154de000 r-xp 00000000 08:02 2885488                    /opt/jdk/jdk1.8.0_161/jre/lib/amd64/libprism_es2.so
7fa7154de000-7fa7156dd000 ---p 0000c000 08:02 2885488                    /opt/jdk/jdk1.8.0_161/jre/lib/amd64/libprism_es2.so
7fa7156dd000-7fa7156de000 rw-p 0000b000 08:02 2885488                    /opt/jdk/jdk1.8.0_161/jre/lib/amd64/libprism_es2.so
7fa7156de000-7fa7156e1000 ---p 00000000 00:00 0 
7fa7156e1000-7fa7157df000 rw-p 00000000 00:00 0 
7fa7157df000-7fa7157e0000 ---p 00000000 00:00 0 
7fa7157e0000-7fa7158e0000 rw-p 00000000 00:00 0 
7fa7158e0000-7fa7158e3000 ---p 00000000 00:00 0 
7fa7158e3000-7fa7159e1000 rw-p 00000000 00:00 0 
7fa7159e1000-7fa7159e4000 ---p 00000000 00:00 0 
7fa7159e4000-7fa715ae2000 rw-p 00000000 00:00 0 
7fa715ae2000-7fa715af8000 r-xp 00000000 08:02 2885484                    /opt/jdk/jdk1.8.0_161/jre/lib/amd64/libnet.so
7fa715af8000-7fa715cf8000 ---p 00016000 08:02 2885484                    /opt/jdk/jdk1.8.0_161/jre/lib/amd64/libnet.so
7fa715cf8000-7fa715cf9000 rw-p 00016000 08:02 2885484                    /opt/jdk/jdk1.8.0_161/jre/lib/amd64/libnet.so
7fa715cf9000-7fa715cfc000 ---p 00000000 00:00 0 
7fa715cfc000-7fa715dfa000 rw-p 00000000 00:00 0 
7fa715dfa000-7fa715dfd000 ---p 00000000 00:00 0 
7fa715dfd000-7fa715efb000 rw-p 00000000 00:00 0 
7fa715efb000-7fa715efd000 r--s 0001a000 08:02 5115840                    /home/blacksabbathx/.local/share/JetBrains/Toolbox/apps/IDEA-U/ch-0/181.4445.78/lib/idea_rt.jar
7fa715efd000-7fa715f12000 r--s 00237000 08:02 1313300                    /home/blacksabbathx/IdeaProjects/ProyectoCine/src/sources/jfoenix-8.0.1.jar
7fa715f12000-7fa715f25000 r--s 00345000 08:02 2885308                    /opt/jdk/jdk1.8.0_161/jre/lib/resources.jar
7fa715f25000-7fa715f38000 r--s 000d6000 08:02 2885212                    /opt/jdk/jdk1.8.0_161/jre/lib/plugin.jar
7fa715f38000-7fa715f3d000 r--s 0009d000 08:02 2885327                    /opt/jdk/jdk1.8.0_161/jre/lib/jsse.jar
7fa715f3d000-7fa715f59000 r--s 0020b000 08:02 2885188                    /opt/jdk/jdk1.8.0_161/jre/lib/deploy.jar
7fa715f59000-7fa715fef000 r--s 0110a000 08:02 2885332                    /opt/jdk/jdk1.8.0_161/jre/lib/ext/jfxrt.jar
7fa715fef000-7fa715ff2000 ---p 00000000 00:00 0 
7fa715ff2000-7fa7160f0000 rw-p 00000000 00:00 0 
7fa7160f0000-7fa71663c000 r--p 00000000 08:02 3549632                    /usr/lib/locale/locale-archive
7fa71663c000-7fa71663f000 ---p 00000000 00:00 0 
7fa71663f000-7fa71673d000 rw-p 00000000 00:00 0 
7fa71673d000-7fa716740000 ---p 00000000 00:00 0 
7fa716740000-7fa71683e000 rw-p 00000000 00:00 0 
7fa71683e000-7fa71683f000 ---p 00000000 00:00 0 
7fa71683f000-7fa717248000 rw-p 00000000 00:00 0 
7fa717248000-7fa717421000 r--s 03d64000 08:02 2885270                    /opt/jdk/jdk1.8.0_161/jre/lib/rt.jar
7fa717421000-7fa717e01000 rw-p 00000000 00:00 0 
7fa717e01000-7fa717e02000 ---p 00000000 00:00 0 
7fa717e02000-7fa717f02000 rw-p 00000000 00:00 0 
7fa717f02000-7fa717f03000 ---p 00000000 00:00 0 
7fa717f03000-7fa718033000 rw-p 00000000 00:00 0 
7fa718033000-7fa718143000 ---p 00000000 00:00 0 
7fa718143000-7fa71814d000 rw-p 00000000 00:00 0 
7fa71814d000-7fa7181e3000 ---p 00000000 00:00 0 
7fa7181e3000-7fa7181fe000 rw-p 00000000 00:00 0 
7fa7181fe000-7fa7185a4000 ---p 00000000 00:00 0 
7fa7185a4000-7fa718c14000 rwxp 00000000 00:00 0 
7fa718c14000-7fa7275a4000 ---p 00000000 00:00 0 
7fa7275a4000-7fa7275bf000 r-xp 00000000 08:02 2885480                    /opt/jdk/jdk1.8.0_161/jre/lib/amd64/libzip.so
7fa7275bf000-7fa7277bf000 ---p 0001b000 08:02 2885480                    /opt/jdk/jdk1.8.0_161/jre/lib/amd64/libzip.so
7fa7277bf000-7fa7277c0000 rw-p 0001b000 08:02 2885480                    /opt/jdk/jdk1.8.0_161/jre/lib/amd64/libzip.so
7fa7277c0000-7fa7277cb000 r-xp 00000000 08:02 791228                     /lib/x86_64-linux-gnu/libnss_files-2.23.so
7fa7277cb000-7fa7279ca000 ---p 0000b000 08:02 791228                     /lib/x86_64-linux-gnu/libnss_files-2.23.so
7fa7279ca000-7fa7279cb000 r--p 0000a000 08:02 791228                     /lib/x86_64-linux-gnu/libnss_files-2.23.so
7fa7279cb000-7fa7279cc000 rw-p 0000b000 08:02 791228                     /lib/x86_64-linux-gnu/libnss_files-2.23.so
7fa7279cc000-7fa7279d2000 rw-p 00000000 00:00 0 
7fa7279d2000-7fa7279dd000 r-xp 00000000 08:02 791238                     /lib/x86_64-linux-gnu/libnss_nis-2.23.so
7fa7279dd000-7fa727bdc000 ---p 0000b000 08:02 791238                     /lib/x86_64-linux-gnu/libnss_nis-2.23.so
7fa727bdc000-7fa727bdd000 r--p 0000a000 08:02 791238                     /lib/x86_64-linux-gnu/libnss_nis-2.23.so
7fa727bdd000-7fa727bde000 rw-p 0000b000 08:02 791238                     /lib/x86_64-linux-gnu/libnss_nis-2.23.so
7fa727bde000-7fa727bf4000 r-xp 00000000 08:02 791222                     /lib/x86_64-linux-gnu/libnsl-2.23.so
7fa727bf4000-7fa727df3000 ---p 00016000 08:02 791222                     /lib/x86_64-linux-gnu/libnsl-2.23.so
7fa727df3000-7fa727df4000 r--p 00015000 08:02 791222                     /lib/x86_64-linux-gnu/libnsl-2.23.so
7fa727df4000-7fa727df5000 rw-p 00016000 08:02 791222                     /lib/x86_64-linux-gnu/libnsl-2.23.so
7fa727df5000-7fa727df7000 rw-p 00000000 00:00 0 
7fa727df7000-7fa727dff000 r-xp 00000000 08:02 791224                     /lib/x86_64-linux-gnu/libnss_compat-2.23.so
7fa727dff000-7fa727ffe000 ---p 00008000 08:02 791224                     /lib/x86_64-linux-gnu/libnss_compat-2.23.so
7fa727ffe000-7fa727fff000 r--p 00007000 08:02 791224                     /lib/x86_64-linux-gnu/libnss_compat-2.23.so
7fa727fff000-7fa728000000 rw-p 00008000 08:02 791224                     /lib/x86_64-linux-gnu/libnss_compat-2.23.so
7fa728000000-7fa7284cd000 rw-p 00000000 00:00 0 
7fa7284cd000-7fa72c000000 ---p 00000000 00:00 0 
7fa72c000000-7fa72c001000 rw-s 00000000 00:05 185833                     /drm mm object (deleted)
7fa72c001000-7fa72c006000 r--s 00084000 08:02 2885187                    /opt/jdk/jdk1.8.0_161/jre/lib/jfr.jar
7fa72c006000-7fa72c00f000 r--s 0006d000 08:02 2885197                    /opt/jdk/jdk1.8.0_161/jre/lib/javaws.jar
7fa72c00f000-7fa72c08e000 rw-p 00000000 00:00 0 
7fa72c08e000-7fa72c19e000 ---p 00000000 00:00 0 
7fa72c19e000-7fa72c1a8000 r-xp 00000000 08:02 2885489                    /opt/jdk/jdk1.8.0_161/jre/lib/amd64/libinstrument.so
7fa72c1a8000-7fa72c3a7000 ---p 0000a000 08:02 2885489                    /opt/jdk/jdk1.8.0_161/jre/lib/amd64/libinstrument.so
7fa72c3a7000-7fa72c3a8000 rw-p 00009000 08:02 2885489                    /opt/jdk/jdk1.8.0_161/jre/lib/amd64/libinstrument.so
7fa72c3a8000-7fa72c3d3000 r-xp 00000000 08:02 2885474                    /opt/jdk/jdk1.8.0_161/jre/lib/amd64/libjava.so
7fa72c3d3000-7fa72c5d2000 ---p 0002b000 08:02 2885474                    /opt/jdk/jdk1.8.0_161/jre/lib/amd64/libjava.so
7fa72c5d2000-7fa72c5d4000 rw-p 0002a000 08:02 2885474                    /opt/jdk/jdk1.8.0_161/jre/lib/amd64/libjava.so
7fa72c5d4000-7fa72c5e1000 r-xp 00000000 08:02 2885479                    /opt/jdk/jdk1.8.0_161/jre/lib/amd64/libverify.so
7fa72c5e1000-7fa72c7e1000 ---p 0000d000 08:02 2885479                    /opt/jdk/jdk1.8.0_161/jre/lib/amd64/libverify.so
7fa72c7e1000-7fa72c7e3000 rw-p 0000d000 08:02 2885479                    /opt/jdk/jdk1.8.0_161/jre/lib/amd64/libverify.so
7fa72c7e3000-7fa72c7ea000 r-xp 00000000 08:02 791283                     /lib/x86_64-linux-gnu/librt-2.23.so
7fa72c7ea000-7fa72c9e9000 ---p 00007000 08:02 791283                     /lib/x86_64-linux-gnu/librt-2.23.so
7fa72c9e9000-7fa72c9ea000 r--p 00006000 08:02 791283                     /lib/x86_64-linux-gnu/librt-2.23.so
7fa72c9ea000-7fa72c9eb000 rw-p 00007000 08:02 791283                     /lib/x86_64-linux-gnu/librt-2.23.so
7fa72c9eb000-7fa72caf3000 r-xp 00000000 08:02 791201                     /lib/x86_64-linux-gnu/libm-2.23.so
7fa72caf3000-7fa72ccf2000 ---p 00108000 08:02 791201                     /lib/x86_64-linux-gnu/libm-2.23.so
7fa72ccf2000-7fa72ccf3000 r--p 00107000 08:02 791201                     /lib/x86_64-linux-gnu/libm-2.23.so
7fa72ccf3000-7fa72ccf4000 rw-p 00108000 08:02 791201                     /lib/x86_64-linux-gnu/libm-2.23.so
7fa72ccf4000-7fa72d9cd000 r-xp 00000000 08:02 2885457                    /opt/jdk/jdk1.8.0_161/jre/lib/amd64/server/libjvm.so
7fa72d9cd000-7fa72dbcc000 ---p 00cd9000 08:02 2885457                    /opt/jdk/jdk1.8.0_161/jre/lib/amd64/server/libjvm.so
7fa72dbcc000-7fa72dca5000 rw-p 00cd8000 08:02 2885457                    /opt/jdk/jdk1.8.0_161/jre/lib/amd64/server/libjvm.so
7fa72dca5000-7fa72dcf1000 rw-p 00000000 00:00 0 
7fa72dcf1000-7fa72deb1000 r-xp 00000000 08:02 791133                     /lib/x86_64-linux-gnu/libc-2.23.so
7fa72deb1000-7fa72e0b1000 ---p 001c0000 08:02 791133                     /lib/x86_64-linux-gnu/libc-2.23.so
7fa72e0b1000-7fa72e0b5000 r--p 001c0000 08:02 791133                     /lib/x86_64-linux-gnu/libc-2.23.so
7fa72e0b5000-7fa72e0b7000 rw-p 001c4000 08:02 791133                     /lib/x86_64-linux-gnu/libc-2.23.so
7fa72e0b7000-7fa72e0bb000 rw-p 00000000 00:00 0 
7fa72e0bb000-7fa72e0be000 r-xp 00000000 08:02 791155                     /lib/x86_64-linux-gnu/libdl-2.23.so
7fa72e0be000-7fa72e2bd000 ---p 00003000 08:02 791155                     /lib/x86_64-linux-gnu/libdl-2.23.so
7fa72e2bd000-7fa72e2be000 r--p 00002000 08:02 791155                     /lib/x86_64-linux-gnu/libdl-2.23.so
7fa72e2be000-7fa72e2bf000 rw-p 00003000 08:02 791155                     /lib/x86_64-linux-gnu/libdl-2.23.so
7fa72e2bf000-7fa72e2d5000 r-xp 00000000 08:02 2885095                    /opt/jdk/jdk1.8.0_161/lib/amd64/jli/libjli.so
7fa72e2d5000-7fa72e4d4000 ---p 00016000 08:02 2885095                    /opt/jdk/jdk1.8.0_161/lib/amd64/jli/libjli.so
7fa72e4d4000-7fa72e4d5000 rw-p 00015000 08:02 2885095                    /opt/jdk/jdk1.8.0_161/lib/amd64/jli/libjli.so
7fa72e4d5000-7fa72e4ed000 r-xp 00000000 08:02 791275                     /lib/x86_64-linux-gnu/libpthread-2.23.so
7fa72e4ed000-7fa72e6ec000 ---p 00018000 08:02 791275                     /lib/x86_64-linux-gnu/libpthread-2.23.so
7fa72e6ec000-7fa72e6ed000 r--p 00017000 08:02 791275                     /lib/x86_64-linux-gnu/libpthread-2.23.so
7fa72e6ed000-7fa72e6ee000 rw-p 00018000 08:02 791275                     /lib/x86_64-linux-gnu/libpthread-2.23.so
7fa72e6ee000-7fa72e6f2000 rw-p 00000000 00:00 0 
7fa72e6f2000-7fa72e718000 r-xp 00000000 08:02 791107                     /lib/x86_64-linux-gnu/ld-2.23.so
7fa72e718000-7fa72e71a000 r--s 00007000 08:02 2885502                    /opt/jdk/jdk1.8.0_161/jre/lib/jfxswt.jar
7fa72e71a000-7fa72e71f000 r--s 002f9000 08:02 2885268                    /opt/jdk/jdk1.8.0_161/jre/lib/charsets.jar
7fa72e71f000-7fa72e7f0000 rw-p 00000000 00:00 0 
7fa72e7f0000-7fa72e7f3000 ---p 00000000 00:00 0 
7fa72e7f3000-7fa72e8f6000 rw-p 00000000 00:00 0 
7fa72e8f6000-7fa72e8f7000 r--s 00000000 08:02 2885194                    /opt/jdk/jdk1.8.0_161/jre/lib/management-agent.jar
7fa72e8f7000-7fa72e8fa000 r--s 0001a000 08:02 2885500                    /opt/jdk/jdk1.8.0_161/jre/lib/jce.jar
7fa72e8fa000-7fa72e90d000 rw-p 00000000 00:00 0 
7fa72e90d000-7fa72e915000 rw-s 00000000 08:02 3014666                    /tmp/hsperfdata_blacksabbathx/13240
7fa72e915000-7fa72e916000 rw-p 00000000 00:00 0 
7fa72e916000-7fa72e917000 r--p 00000000 00:00 0 
7fa72e917000-7fa72e918000 r--p 00025000 08:02 791107                     /lib/x86_64-linux-gnu/ld-2.23.so
7fa72e918000-7fa72e919000 rw-p 00026000 08:02 791107                     /lib/x86_64-linux-gnu/ld-2.23.so
7fa72e919000-7fa72e91a000 rw-p 00000000 00:00 0 
7ffecad51000-7ffecad72000 rw-p 00000000 00:00 0                          [stack]
7ffecad72000-7ffecad75000 r--p 00000000 00:00 0                          [vvar]
7ffecad75000-7ffecad77000 r-xp 00000000 00:00 0                          [vdso]
ffffffffff600000-ffffffffff601000 r-xp 00000000 00:00 0                  [vsyscall]

VM Arguments:
jvm_args: -javaagent:/home/blacksabbathx/.local/share/JetBrains/Toolbox/apps/IDEA-U/ch-0/181.4445.78/lib/idea_rt.jar=35269:/home/blacksabbathx/.local/share/JetBrains/Toolbox/apps/IDEA-U/ch-0/181.4445.78/bin -Dfile.encoding=UTF-8 
java_command: MainClass
java_class_path (initial): /opt/jdk/jdk1.8.0_161/jre/lib/charsets.jar:/opt/jdk/jdk1.8.0_161/jre/lib/deploy.jar:/opt/jdk/jdk1.8.0_161/jre/lib/ext/cldrdata.jar:/opt/jdk/jdk1.8.0_161/jre/lib/ext/dnsns.jar:/opt/jdk/jdk1.8.0_161/jre/lib/ext/jaccess.jar:/opt/jdk/jdk1.8.0_161/jre/lib/ext/jfxrt.jar:/opt/jdk/jdk1.8.0_161/jre/lib/ext/localedata.jar:/opt/jdk/jdk1.8.0_161/jre/lib/ext/nashorn.jar:/opt/jdk/jdk1.8.0_161/jre/lib/ext/sunec.jar:/opt/jdk/jdk1.8.0_161/jre/lib/ext/sunjce_provider.jar:/opt/jdk/jdk1.8.0_161/jre/lib/ext/sunpkcs11.jar:/opt/jdk/jdk1.8.0_161/jre/lib/ext/zipfs.jar:/opt/jdk/jdk1.8.0_161/jre/lib/javaws.jar:/opt/jdk/jdk1.8.0_161/jre/lib/jce.jar:/opt/jdk/jdk1.8.0_161/jre/lib/jfr.jar:/opt/jdk/jdk1.8.0_161/jre/lib/jfxswt.jar:/opt/jdk/jdk1.8.0_161/jre/lib/jsse.jar:/opt/jdk/jdk1.8.0_161/jre/lib/management-agent.jar:/opt/jdk/jdk1.8.0_161/jre/lib/plugin.jar:/opt/jdk/jdk1.8.0_161/jre/lib/resources.jar:/opt/jdk/jdk1.8.0_161/jre/lib/rt.jar:/home/blacksabbathx/IdeaProjects/ProyectoCine/out/production/ProyectoCine:/home/blacksabbathx/IdeaProjects/ProyectoCine/src/sources/jfoenix-8.0.1.jar:/home/blacksabbathx/.local/share/JetBrains/Toolbox/apps/IDEA-U/ch-0/181.4445.78/lib/idea_rt.jar
Launcher Type: SUN_STANDARD

Environment Variables:
PATH=/home/blacksabbathx/bin:/home/blacksabbathx/.local/bin:/usr/local/sbin:/usr/local/bin:/usr/sbin:/usr/bin:/sbin:/bin:/usr/games:/usr/local/games:/snap/bin
SHELL=/bin/bash
DISPLAY=:0

Signal Handlers:
SIGSEGV: [libjvm.so+0xad01e0], sa_mask[0]=11111111011111111101111111111110, sa_flags=SA_RESTART|SA_SIGINFO
SIGBUS: [libjvm.so+0xad01e0], sa_mask[0]=11111111011111111101111111111110, sa_flags=SA_RESTART|SA_SIGINFO
SIGFPE: [libjvm.so+0x927fb0], sa_mask[0]=11111111011111111101111111111110, sa_flags=SA_RESTART|SA_SIGINFO
SIGPIPE: SIG_IGN, sa_mask[0]=00000000000010000000000000000000, sa_flags=SA_RESTART
SIGXFSZ: [libjvm.so+0x927fb0], sa_mask[0]=11111111011111111101111111111110, sa_flags=SA_RESTART|SA_SIGINFO
SIGILL: [libjvm.so+0x927fb0], sa_mask[0]=11111111011111111101111111111110, sa_flags=SA_RESTART|SA_SIGINFO
SIGUSR1: SIG_DFL, sa_mask[0]=00000000000000000000000000000000, sa_flags=none
SIGUSR2: [libjvm.so+0x9297f0], sa_mask[0]=00100000000000000000000000000000, sa_flags=SA_RESTART|SA_SIGINFO
SIGHUP: [libjvm.so+0x92abf0], sa_mask[0]=11111111011111111101111111111110, sa_flags=SA_RESTART|SA_SIGINFO
SIGINT: [libjvm.so+0x92abf0], sa_mask[0]=11111111011111111101111111111110, sa_flags=SA_RESTART|SA_SIGINFO
SIGTERM: [libjvm.so+0x92abf0], sa_mask[0]=11111111011111111101111111111110, sa_flags=SA_RESTART|SA_SIGINFO
SIGQUIT: [libjvm.so+0x92abf0], sa_mask[0]=11111111011111111101111111111110, sa_flags=SA_RESTART|SA_SIGINFO


---------------  S Y S T E M  ---------------

OS:DISTRIB_ID=neon
DISTRIB_RELEASE=16.04
DISTRIB_CODENAME=xenial
DISTRIB_DESCRIPTION="KDE neon User Edition 5.12"

uname:Linux 4.13.0-38-generic #43~16.04.1-Ubuntu SMP Wed Mar 14 17:48:43 UTC 2018 x86_64
libc:glibc 2.23 NPTL 2.23 
rlimit: STACK 8192k, CORE 0k, NPROC 15129, NOFILE 1048576, AS infinity
load average:2,12 1,89 1,81

/proc/meminfo:
MemTotal:        3927388 kB
MemFree:          439536 kB
MemAvailable:     522228 kB
Buffers:            8792 kB
Cached:           608268 kB
SwapCached:         4696 kB
Active:          2753852 kB
Inactive:         562168 kB
Active(anon):    2558864 kB
Inactive(anon):   488728 kB
Active(file):     194988 kB
Inactive(file):    73440 kB
Unevictable:          32 kB
Mlocked:              32 kB
SwapTotal:       3907580 kB
SwapFree:        3695100 kB
Dirty:             17228 kB
Writeback:             0 kB
AnonPages:       2695696 kB
Mapped:           200792 kB
Shmem:            349888 kB
Slab:              83508 kB
SReclaimable:      46192 kB
SUnreclaim:        37316 kB
KernelStack:        7648 kB
PageTables:        39544 kB
NFS_Unstable:          0 kB
Bounce:                0 kB
WritebackTmp:          0 kB
CommitLimit:     5871272 kB
Committed_AS:    5496396 kB
VmallocTotal:   34359738367 kB
VmallocUsed:           0 kB
VmallocChunk:          0 kB
HardwareCorrupted:     0 kB
AnonHugePages:         0 kB
ShmemHugePages:        0 kB
ShmemPmdMapped:        0 kB
CmaTotal:              0 kB
CmaFree:               0 kB
HugePages_Total:       0
HugePages_Free:        0
HugePages_Rsvd:        0
HugePages_Surp:        0
Hugepagesize:       2048 kB
DirectMap4k:      192512 kB
DirectMap2M:     3889152 kB


CPU:total 2 (initial active 2) (2 cores per cpu, 1 threads per core) family 6 model 76 stepping 4, cmov, cx8, fxsr, mmx, sse, sse2, sse3, ssse3, sse4.1, sse4.2, popcnt, aes, clmul, erms, 3dnowpref, tsc, tscinvbit

/proc/cpuinfo:
processor	: 0
vendor_id	: GenuineIntel
cpu family	: 6
model		: 76
model name	: Intel(R) Celeron(R) CPU  N3060  @ 1.60GHz
stepping	: 4
microcode	: 0x404
cpu MHz		: 950.107
cache size	: 1024 KB
physical id	: 0
siblings	: 2
core id		: 0
cpu cores	: 2
apicid		: 0
initial apicid	: 0
fpu		: yes
fpu_exception	: yes
cpuid level	: 11
wp		: yes
flags		: fpu vme de pse tsc msr pae mce cx8 apic sep mtrr pge mca cmov pat pse36 clflush dts acpi mmx fxsr sse sse2 ss ht tm pbe syscall nx rdtscp lm constant_tsc arch_perfmon pebs bts rep_good nopl xtopology tsc_reliable nonstop_tsc cpuid aperfmperf tsc_known_freq pni pclmulqdq dtes64 monitor ds_cpl vmx est tm2 ssse3 cx16 xtpr pdcm sse4_1 sse4_2 movbe popcnt tsc_deadline_timer aes rdrand lahf_lm 3dnowprefetch epb pti retpoline tpr_shadow vnmi flexpriority ept vpid tsc_adjust smep erms dtherm ida arat
bugs		: cpu_meltdown spectre_v1 spectre_v2
bogomips	: 3200.00
clflush size	: 64
cache_alignment	: 64
address sizes	: 36 bits physical, 48 bits virtual
power management:

processor	: 1
vendor_id	: GenuineIntel
cpu family	: 6
model		: 76
model name	: Intel(R) Celeron(R) CPU  N3060  @ 1.60GHz
stepping	: 4
microcode	: 0x404
cpu MHz		: 1992.656
cache size	: 1024 KB
physical id	: 0
siblings	: 2
core id		: 2
cpu cores	: 2
apicid		: 4
initial apicid	: 4
fpu		: yes
fpu_exception	: yes
cpuid level	: 11
wp		: yes
flags		: fpu vme de pse tsc msr pae mce cx8 apic sep mtrr pge mca cmov pat pse36 clflush dts acpi mmx fxsr sse sse2 ss ht tm pbe syscall nx rdtscp lm constant_tsc arch_perfmon pebs bts rep_good nopl xtopology tsc_reliable nonstop_tsc cpuid aperfmperf tsc_known_freq pni pclmulqdq dtes64 monitor ds_cpl vmx est tm2 ssse3 cx16 xtpr pdcm sse4_1 sse4_2 movbe popcnt tsc_deadline_timer aes rdrand lahf_lm 3dnowprefetch epb pti retpoline tpr_shadow vnmi flexpriority ept vpid tsc_adjust smep erms dtherm ida arat
bugs		: cpu_meltdown spectre_v1 spectre_v2
bogomips	: 3200.00
clflush size	: 64
cache_alignment	: 64
address sizes	: 36 bits physical, 48 bits virtual
power management:



Memory: 4k page, physical 3927388k(439444k free), swap 3907580k(3695100k free)

vm_info: Java HotSpot(TM) 64-Bit Server VM (25.161-b12) for linux-amd64 JRE (1.8.0_161-b12), built on Dec 19 2017 16:12:43 by "java_re" with gcc 4.3.0 20080428 (Red Hat 4.3.0-8)

time: Wed Apr 18 00:36:49 2018
elapsed time: 18 seconds (0d 0h 0m 18s)

