#
# A fatal error has been detected by the Java Runtime Environment:
#
#  SIGSEGV (0xb) at pc=0x00007f43aa667788, pid=4124, tid=0x00007f4353def700
#
# JRE version: Java(TM) SE Runtime Environment (8.0_161-b12) (build 1.8.0_161-b12)
# Java VM: Java HotSpot(TM) 64-Bit Server VM (25.161-b12 mixed mode linux-amd64 compressed oops)
# Problematic frame:
# V  [libjvm.so+0x6d7788]  jni_invoke_nonstatic(JNIEnv_*, JavaValue*, _jobject*, JNICallType, _jmethodID*, JNI_ArgumentPusher*, Thread*)+0x38
#
# Failed to write core dump. Core dumps have been disabled. To enable core dumping, try "ulimit -c unlimited" before starting Java again
#
# If you would like to submit a bug report, please visit:
#   http://bugreport.java.com/bugreport/crash.jsp
#

---------------  T H R E A D  ---------------

Current thread (0x00007f43a430e000):  JavaThread "JavaFX Application Thread" [_thread_in_vm, id=4147, stack(0x00007f4353cef000,0x00007f4353df0000)]

siginfo: si_signo: 11 (SIGSEGV), si_code: 1 (SEGV_MAPERR), si_addr: 0xffffffffffffffff

Registers:
RAX=0x00007f4353dee440, RBX=0x00007f4353dee350, RCX=0x0000000000000001, RDX=0xffffffffffffffff
RSP=0x00007f4353dee1a0, RBP=0x00007f4353dee320, RSI=0x00007f4353dee3b0, RDI=0x00007f43a430e1f8
R8 =0x00007f43a42cb588, R9 =0x00007f4353dee350, R10=0x00007f4344000be0, R11=0x00007f439552c020
R12=0x00007f43a430e000, R13=0x00007f43a42cb588, R14=0x0000000000000001, R15=0x00007f43a430e1f8
RIP=0x00007f43aa667788, EFLAGS=0x0000000000010286, CSGSFS=0x002b000000000033, ERR=0x0000000000000005
  TRAPNO=0x000000000000000e

Top of Stack: (sp=0x00007f4353dee1a0)
0x00007f4353dee1a0:   00007f4353dee8a0 00007f4353dee4c0
0x00007f4353dee1b0:   00007f4353dee200 00007f4353dee280
0x00007f4353dee1c0:   00007f4353dee350 00007f4353dee3b0
0x00007f4353dee1d0:   00007f43a430e1f8 00007f43aa687290
0x00007f4353dee1e0:   00007f436c06d430 00007f436c06d440
0x00007f4353dee1f0:   00007f436c06d818 00000000000003d8
0x00007f4353dee200:   00007f43a430dcb8 00000000ed095158
0x00007f4353dee210:   00007f430000006f 00007f430000000a
0x00007f4353dee220:   00000000ec734258 00007f4300000000
0x00007f4353dee230:   0000000000000034 00007f43ab998b1f
0x00007f4353dee240:   00007f4392d09c30 0000000100000100
0x00007f4353dee250:   00007f4392d91748 00007f4353dee208
0x00007f4353dee260:   00007f4353dee249 0000000800000005
0x00007f4353dee270:   00007f4392dae600 00007f43a430dcc0
0x00007f4353dee280:   00007f43aaefae70 00007f43aba37720
0x00007f4353dee290:   00000000a430db50 00007f43a430e000
0x00007f4353dee2a0:   0000000000000000 00007f43aa667b5b
0x00007f4353dee2b0:   00007f4392d13d78 00007f43a430e000
0x00007f4353dee2c0:   00007f4392d13d78 00007f43a430e000
0x00007f4353dee2d0:   00007f4353dee460 00007f4392d13d78
0x00007f4353dee2e0:   00007f4392d13d78 00007f4392d13d78
0x00007f4353dee2f0:   00007f436c06d430 00007f4353dee350
0x00007f4353dee300:   00007f43a430e000 00007f4353dee390
0x00007f4353dee310:   00007f43a42cb588 00007f43a430e1f8
0x00007f4353dee320:   00007f4353dee410 00007f43aa66bf2f
0x00007f4353dee330:   00007f43a430e000 00007f43900ce094
0x00007f4353dee340:   00007f4353dee428 ffffffffffffffff
0x00007f4353dee350:   00007f43aaefbaf0 00007f43aba37720
0x00007f4353dee360:   0000000053dee3d0 00007f4300000063
0x00007f4353dee370:   0000000000000000 0000003000000018
0x00007f4353dee380:   00007f4353dee500 00007f4353dee440
0x00007f4353dee390:   00007f43a430e000 0000000000000000 

Instructions: (pc=0x00007f43aa667788)
0x00007f43aa667768:   00 00 48 85 d2 48 89 bd b0 fe ff ff 48 89 b5 a8
0x00007f43aa667778:   fe ff ff 4c 89 8d a0 fe ff ff 0f 84 78 09 00 00
0x00007f43aa667788:   4c 8b 22 4d 85 e4 0f 84 6c 09 00 00 48 8b 45 10
0x00007f43aa667798:   48 8b 98 38 01 00 00 48 83 7b 18 f7 0f 87 16 07 

Register to memory mapping:

RAX=0x00007f4353dee440 is pointing into the stack for thread: 0x00007f43a430e000
RBX=0x00007f4353dee350 is pointing into the stack for thread: 0x00007f43a430e000
RCX=0x0000000000000001 is an unknown value
RDX=0xffffffffffffffff is an unknown value
RSP=0x00007f4353dee1a0 is pointing into the stack for thread: 0x00007f43a430e000
RBP=0x00007f4353dee320 is pointing into the stack for thread: 0x00007f43a430e000
RSI=0x00007f4353dee3b0 is pointing into the stack for thread: 0x00007f43a430e000
RDI=0x00007f43a430e1f8 is an unknown value
R8 =0x00007f43a42cb588 is an unknown value
R9 =0x00007f4353dee350 is pointing into the stack for thread: 0x00007f43a430e000
R10=0x00007f4344000be0 is an unknown value
R11=0x00007f439552c020 is at entry_point+32 in (nmethod*)0x00007f439552be90
R12=0x00007f43a430e000 is a thread
R13=0x00007f43a42cb588 is an unknown value
R14=0x0000000000000001 is an unknown value
R15=0x00007f43a430e1f8 is an unknown value


Stack: [0x00007f4353cef000,0x00007f4353df0000],  sp=0x00007f4353dee1a0,  free space=1020k
Native frames: (J=compiled Java code, j=interpreted, Vv=VM code, C=native code)
V  [libjvm.so+0x6d7788]  jni_invoke_nonstatic(JNIEnv_*, JavaValue*, _jobject*, JNICallType, _jmethodID*, JNI_ArgumentPusher*, Thread*)+0x38
V  [libjvm.so+0x6dbf2f]  jni_CallVoidMethodV+0x10f
C  [libglass.so+0x18641]  JNIEnv_::CallVoidMethod(_jobject*, _jmethodID*, ...)+0x81
C  [libglass.so+0x14f0f]  WindowContextBase::process_key(_GdkEventKey*)+0x20f
C  [libglass.so+0x19f60]  WindowContextBase::im_filter_keypress(_GdkEventKey*)+0x1c0
C  [libglass.so+0x1a91c]  process_events(_GdkEvent*, void*)+0x22c
C  [libgdk-x11-2.0.so.0+0x5ac8c]

Java frames: (J=compiled Java code, j=interpreted, Vv=VM code)
j  com.sun.glass.ui.gtk.GtkApplication._runLoop(Ljava/lang/Runnable;Z)V+0
j  com.sun.glass.ui.gtk.GtkApplication.lambda$null$48(Ljava/lang/Runnable;Z)V+7
j  com.sun.glass.ui.gtk.GtkApplication$$Lambda$41.run()V+12
j  java.lang.Thread.run()V+11
v  ~StubRoutines::call_stub

---------------  P R O C E S S  ---------------

Java Threads: ( => current thread )
  0x00007f4344303800 JavaThread "Prism Font Disposer" daemon [_thread_blocked, id=4155, stack(0x00007f4352745000,0x00007f4352846000)]
  0x00007f43a4311800 JavaThread "JavaFX-Launcher" [_thread_blocked, id=4148, stack(0x00007f4353bee000,0x00007f4353cef000)]
=>0x00007f43a430e000 JavaThread "JavaFX Application Thread" [_thread_in_vm, id=4147, stack(0x00007f4353cef000,0x00007f4353df0000)]
  0x00007f43a430a000 JavaThread "Thread-1" daemon [_thread_blocked, id=4146, stack(0x00007f4353df0000,0x00007f4353ef1000)]
  0x00007f43a42bb800 JavaThread "QuantumRenderer-0" daemon [_thread_blocked, id=4145, stack(0x00007f4390b68000,0x00007f4390c69000)]
  0x00007f43a41f1800 JavaThread "Service Thread" daemon [_thread_blocked, id=4143, stack(0x00007f4390d6a000,0x00007f4390e6b000)]
  0x00007f43a41ec000 JavaThread "C1 CompilerThread1" daemon [_thread_blocked, id=4142, stack(0x00007f4391082000,0x00007f4391183000)]
  0x00007f43a41ea000 JavaThread "C2 CompilerThread0" daemon [_thread_in_native, id=4141, stack(0x00007f4391183000,0x00007f4391284000)]
  0x00007f43a41e8800 JavaThread "Monitor Ctrl-Break" daemon [_thread_in_native, id=4140, stack(0x00007f4391284000,0x00007f4391385000)]
  0x00007f43a413c000 JavaThread "Signal Dispatcher" daemon [_thread_blocked, id=4139, stack(0x00007f43913ee000,0x00007f43914ef000)]
  0x00007f43a4109000 JavaThread "Finalizer" daemon [_thread_blocked, id=4131, stack(0x00007f4391a3b000,0x00007f4391b3c000)]
  0x00007f43a4104800 JavaThread "Reference Handler" daemon [_thread_blocked, id=4130, stack(0x00007f4391b3c000,0x00007f4391c3d000)]
  0x00007f43a400c000 JavaThread "main" [_thread_blocked, id=4125, stack(0x00007f43aba8c000,0x00007f43abb8d000)]

Other Threads:
  0x00007f43a40fd000 VMThread [stack: 0x00007f4391c3d000,0x00007f4391d3e000] [id=4128]
  0x00007f43a41f4800 WatcherThread [stack: 0x00007f4390c69000,0x00007f4390d6a000] [id=4144]

VM state:not at safepoint (normal execution)

VM Mutex/Monitor currently owned by a thread: None

Heap:
 PSYoungGen      total 17920K, used 12733K [0x00000000ec000000, 0x00000000ed400000, 0x0000000100000000)
  eden space 15360K, 66% used [0x00000000ec000000,0x00000000ec9f3670,0x00000000ecf00000)
  from space 2560K, 99% used [0x00000000ecf00000,0x00000000ed17c030,0x00000000ed180000)
  to   space 2560K, 0% used [0x00000000ed180000,0x00000000ed180000,0x00000000ed400000)
 ParOldGen       total 98304K, used 63657K [0x00000000c4000000, 0x00000000ca000000, 0x00000000ec000000)
  object space 98304K, 64% used [0x00000000c4000000,0x00000000c7e2a780,0x00000000ca000000)
 Metaspace       used 18280K, capacity 19178K, committed 19328K, reserved 1064960K
  class space    used 2637K, capacity 2864K, committed 2944K, reserved 1048576K

Card table byte_map: [0x00007f43a843d000,0x00007f43a861e000] byte_map_base: 0x00007f43a7e1d000

Marking Bits: (ParMarkBitMap*) 0x00007f43aaf5f920
 Begin Bits: [0x00007f4393200000, 0x00007f4394100000)
 End Bits:   [0x00007f4394100000, 0x00007f4395000000)

Polling page: 0x00007f43abbb2000

CodeCache: size=245760Kb used=7048Kb max_used=7048Kb free=238711Kb
 bounds [0x00007f4395000000, 0x00007f43956f0000, 0x00007f43a4000000]
 total_blobs=2874 nmethods=2221 adapters=567
 compilation: enabled

Compilation events (10 events):
Event: 17,163 Thread 0x00007f43a41ec000 2214       3       sun.text.normalizer.CharTrie::getCodePointValue (58 bytes)
Event: 17,164 Thread 0x00007f43a41ec000 nmethod 2214 0x00007f43956e2b90 code [0x00007f43956e2d20, 0x00007f43956e3088]
Event: 17,164 Thread 0x00007f43a41ec000 2213       3       javafx.scene.Node::hasProperties (25 bytes)
Event: 17,164 Thread 0x00007f43a41ec000 nmethod 2213 0x00007f43956e3250 code [0x00007f43956e33c0, 0x00007f43956e3668]
Event: 17,164 Thread 0x00007f43a41ec000 2219       3       javafx.scene.layout.Region::snapSize (9 bytes)
Event: 17,165 Thread 0x00007f43a41ec000 nmethod 2219 0x00007f43956e3710 code [0x00007f43956e38c0, 0x00007f43956e3c68]
Event: 17,167 Thread 0x00007f43a41ec000 2220       1       com.sun.javafx.text.TextRun::getLength (5 bytes)
Event: 17,167 Thread 0x00007f43a41ec000 nmethod 2220 0x00007f43956e3dd0 code [0x00007f43956e3f20, 0x00007f43956e4030]
Event: 17,167 Thread 0x00007f43a41ec000 2221       1       com.sun.javafx.font.CompositeStrike::getFontResource (5 bytes)
Event: 17,167 Thread 0x00007f43a41ec000 nmethod 2221 0x00007f43956e4090 code [0x00007f43956e41e0, 0x00007f43956e42f0]

GC Heap History (6 events):
Event: 2,898 GC heap before
{Heap before GC invocations=1 (full 0):
 PSYoungGen      total 17920K, used 15360K [0x00000000ec000000, 0x00000000ed400000, 0x0000000100000000)
  eden space 15360K, 100% used [0x00000000ec000000,0x00000000ecf00000,0x00000000ecf00000)
  from space 2560K, 0% used [0x00000000ed180000,0x00000000ed180000,0x00000000ed400000)
  to   space 2560K, 0% used [0x00000000ecf00000,0x00000000ecf00000,0x00000000ed180000)
 ParOldGen       total 40960K, used 0K [0x00000000c4000000, 0x00000000c6800000, 0x00000000ec000000)
  object space 40960K, 0% used [0x00000000c4000000,0x00000000c4000000,0x00000000c6800000)
 Metaspace       used 8576K, capacity 8902K, committed 9088K, reserved 1056768K
  class space    used 1042K, capacity 1133K, committed 1152K, reserved 1048576K
Event: 2,913 GC heap after
Heap after GC invocations=1 (full 0):
 PSYoungGen      total 17920K, used 1808K [0x00000000ec000000, 0x00000000ed400000, 0x0000000100000000)
  eden space 15360K, 0% used [0x00000000ec000000,0x00000000ec000000,0x00000000ecf00000)
  from space 2560K, 70% used [0x00000000ecf00000,0x00000000ed0c4040,0x00000000ed180000)
  to   space 2560K, 0% used [0x00000000ed180000,0x00000000ed180000,0x00000000ed400000)
 ParOldGen       total 40960K, used 0K [0x00000000c4000000, 0x00000000c6800000, 0x00000000ec000000)
  object space 40960K, 0% used [0x00000000c4000000,0x00000000c4000000,0x00000000c6800000)
 Metaspace       used 8576K, capacity 8902K, committed 9088K, reserved 1056768K
  class space    used 1042K, capacity 1133K, committed 1152K, reserved 1048576K
}
Event: 6,104 GC heap before
{Heap before GC invocations=2 (full 0):
 PSYoungGen      total 17920K, used 17168K [0x00000000ec000000, 0x00000000ed400000, 0x0000000100000000)
  eden space 15360K, 100% used [0x00000000ec000000,0x00000000ecf00000,0x00000000ecf00000)
  from space 2560K, 70% used [0x00000000ecf00000,0x00000000ed0c4040,0x00000000ed180000)
  to   space 2560K, 0% used [0x00000000ed180000,0x00000000ed180000,0x00000000ed400000)
 ParOldGen       total 98304K, used 56953K [0x00000000c4000000, 0x00000000ca000000, 0x00000000ec000000)
  object space 98304K, 57% used [0x00000000c4000000,0x00000000c779e490,0x00000000ca000000)
 Metaspace       used 13160K, capacity 13676K, committed 13824K, reserved 1060864K
  class space    used 1794K, capacity 1929K, committed 2048K, reserved 1048576K
Event: 6,124 GC heap after
Heap after GC invocations=2 (full 0):
 PSYoungGen      total 17920K, used 2544K [0x00000000ec000000, 0x00000000ed400000, 0x0000000100000000)
  eden space 15360K, 0% used [0x00000000ec000000,0x00000000ec000000,0x00000000ecf00000)
  from space 2560K, 99% used [0x00000000ed180000,0x00000000ed3fc040,0x00000000ed400000)
  to   space 2560K, 0% used [0x00000000ecf00000,0x00000000ecf00000,0x00000000ed180000)
 ParOldGen       total 98304K, used 59082K [0x00000000c4000000, 0x00000000ca000000, 0x00000000ec000000)
  object space 98304K, 60% used [0x00000000c4000000,0x00000000c79b2888,0x00000000ca000000)
 Metaspace       used 13160K, capacity 13676K, committed 13824K, reserved 1060864K
  class space    used 1794K, capacity 1929K, committed 2048K, reserved 1048576K
}
Event: 7,908 GC heap before
{Heap before GC invocations=3 (full 0):
 PSYoungGen      total 17920K, used 17904K [0x00000000ec000000, 0x00000000ed400000, 0x0000000100000000)
  eden space 15360K, 100% used [0x00000000ec000000,0x00000000ecf00000,0x00000000ecf00000)
  from space 2560K, 99% used [0x00000000ed180000,0x00000000ed3fc040,0x00000000ed400000)
  to   space 2560K, 0% used [0x00000000ecf00000,0x00000000ecf00000,0x00000000ed180000)
 ParOldGen       total 98304K, used 59082K [0x00000000c4000000, 0x00000000ca000000, 0x00000000ec000000)
  object space 98304K, 60% used [0x00000000c4000000,0x00000000c79b2888,0x00000000ca000000)
 Metaspace       used 15988K, capacity 16740K, committed 16896K, reserved 1062912K
  class space    used 2248K, capacity 2449K, committed 2560K, reserved 1048576K
Event: 7,938 GC heap after
Heap after GC invocations=3 (full 0):
 PSYoungGen      total 17920K, used 2544K [0x00000000ec000000, 0x00000000ed400000, 0x0000000100000000)
  eden space 15360K, 0% used [0x00000000ec000000,0x00000000ec000000,0x00000000ecf00000)
  from space 2560K, 99% used [0x00000000ecf00000,0x00000000ed17c030,0x00000000ed180000)
  to   space 2560K, 0% used [0x00000000ed180000,0x00000000ed180000,0x00000000ed400000)
 ParOldGen       total 98304K, used 63657K [0x00000000c4000000, 0x00000000ca000000, 0x00000000ec000000)
  object space 98304K, 64% used [0x00000000c4000000,0x00000000c7e2a780,0x00000000ca000000)
 Metaspace       used 15988K, capacity 16740K, committed 16896K, reserved 1062912K
  class space    used 2248K, capacity 2449K, committed 2560K, reserved 1048576K
}

Deoptimization events (10 events):
Event: 16,530 Thread 0x00007f43a430e000 Uncommon trap: reason=unstable_if action=reinterpret pc=0x00007f43955df67c method=java.lang.StrictMath.floorOrCeil(DDDD)D @ 38
Event: 16,876 Thread 0x00007f43a430e000 Uncommon trap: reason=unstable_if action=reinterpret pc=0x00007f4395647594 method=java.io.ByteArrayInputStream.read()I @ 8
Event: 16,876 Thread 0x00007f43a430e000 Uncommon trap: reason=class_check action=maybe_recompile pc=0x00007f439543278c method=java.io.FilterInputStream.read()I @ 4
Event: 16,876 Thread 0x00007f43a430e000 Uncommon trap: reason=class_check action=maybe_recompile pc=0x00007f439543278c method=java.io.FilterInputStream.read()I @ 4
Event: 16,876 Thread 0x00007f43a430e000 Uncommon trap: reason=class_check action=maybe_recompile pc=0x00007f439543278c method=java.io.FilterInputStream.read()I @ 4
Event: 16,876 Thread 0x00007f43a430e000 Uncommon trap: reason=class_check action=maybe_recompile pc=0x00007f439543278c method=java.io.FilterInputStream.read()I @ 4
Event: 16,972 Thread 0x00007f43a430e000 Uncommon trap: reason=array_check action=maybe_recompile pc=0x00007f43956880b0 method=com.sun.javafx.css.SimpleSelector.applies(Ljavafx/css/Styleable;[Ljava/util/Set;I)Z @ 37
Event: 16,972 Thread 0x00007f43a430e000 Uncommon trap: reason=array_check action=maybe_recompile pc=0x00007f43956880b0 method=com.sun.javafx.css.SimpleSelector.applies(Ljavafx/css/Styleable;[Ljava/util/Set;I)Z @ 37
Event: 16,972 Thread 0x00007f43a430e000 Uncommon trap: reason=array_check action=maybe_recompile pc=0x00007f43956880b0 method=com.sun.javafx.css.SimpleSelector.applies(Ljavafx/css/Styleable;[Ljava/util/Set;I)Z @ 37
Event: 16,972 Thread 0x00007f43a430e000 Uncommon trap: reason=array_check action=maybe_recompile pc=0x00007f43956880b0 method=com.sun.javafx.css.SimpleSelector.applies(Ljavafx/css/Styleable;[Ljava/util/Set;I)Z @ 37

Classes redefined (0 events):
No events

Internal exceptions (10 events):
Event: 3,083 Thread 0x00007f43a430e000 Exception <a 'java/lang/ArrayIndexOutOfBoundsException': 86> (0x00000000ec198078) thrown at [/HUDSON/workspace/8-2-build-linux-amd64/jdk8u161/10277/hotspot/src/share/vm/interpreter/interpreterRuntime.cpp, line 366]
Event: 4,371 Thread 0x00007f43a430e000 Exception <a 'java/lang/ArrayIndexOutOfBoundsException'> (0x00000000ec2f6ca8) thrown at [/HUDSON/workspace/8-2-build-linux-amd64/jdk8u161/10277/hotspot/src/share/vm/runtime/sharedRuntime.cpp, line 605]
Event: 5,133 Thread 0x00007f43a430e000 Exception <a 'java/lang/ArrayIndexOutOfBoundsException'> (0x00000000ec828780) thrown at [/HUDSON/workspace/8-2-build-linux-amd64/jdk8u161/10277/hotspot/src/share/vm/runtime/sharedRuntime.cpp, line 605]
Event: 5,302 Thread 0x00007f43a430e000 Exception <a 'java/io/FileNotFoundException'> (0x00000000ec95bb68) thrown at [/HUDSON/workspace/8-2-build-linux-amd64/jdk8u161/10277/hotspot/src/share/vm/prims/jni.cpp, line 709]
Event: 6,692 Thread 0x00007f43a430e000 Exception <a 'java/io/FileNotFoundException'> (0x00000000ec5ec210) thrown at [/HUDSON/workspace/8-2-build-linux-amd64/jdk8u161/10277/hotspot/src/share/vm/prims/jni.cpp, line 709]
Event: 6,736 Thread 0x00007f43a430e000 Exception <a 'java/io/FileNotFoundException'> (0x00000000ec669a80) thrown at [/HUDSON/workspace/8-2-build-linux-amd64/jdk8u161/10277/hotspot/src/share/vm/prims/jni.cpp, line 709]
Event: 6,747 Thread 0x00007f43a430e000 Exception <a 'java/io/FileNotFoundException'> (0x00000000ec694c98) thrown at [/HUDSON/workspace/8-2-build-linux-amd64/jdk8u161/10277/hotspot/src/share/vm/prims/jni.cpp, line 709]
Event: 6,761 Thread 0x00007f43a430e000 Exception <a 'java/io/FileNotFoundException'> (0x00000000ec6c5530) thrown at [/HUDSON/workspace/8-2-build-linux-amd64/jdk8u161/10277/hotspot/src/share/vm/prims/jni.cpp, line 709]
Event: 7,809 Thread 0x00007f43a430e000 Implicit null exception at 0x00007f439531acf5 to 0x00007f439531af1d
Event: 7,809 Thread 0x00007f43a430e000 Implicit null exception at 0x00007f439534c518 to 0x00007f439534c5a6

Events (10 events):
Event: 17,085 loading class javafx/scene/effect/DropShadow$8
Event: 17,085 loading class javafx/scene/effect/DropShadow$8 done
Event: 17,086 loading class javafx/scene/effect/DropShadow$2
Event: 17,086 loading class javafx/scene/effect/DropShadow$2 done
Event: 17,087 loading class javafx/scene/effect/DropShadow$3
Event: 17,087 loading class javafx/scene/effect/DropShadow$3 done
Event: 17,088 loading class com/sun/javafx/effect/EffectDirtyBits
Event: 17,088 loading class com/sun/javafx/effect/EffectDirtyBits done
Event: 17,165 loading class com/jfoenix/skins/JFXButtonSkin$$Lambda$9
Event: 17,165 loading class com/jfoenix/skins/JFXButtonSkin$$Lambda$9 done


Dynamic libraries:
00400000-00401000 r-xp 00000000 08:02 2883734                            /opt/jdk/jdk1.8.0_161/bin/java
00600000-00601000 rw-p 00000000 08:02 2883734                            /opt/jdk/jdk1.8.0_161/bin/java
00e63000-00e84000 rw-p 00000000 00:00 0                                  [heap]
c4000000-ca000000 rw-p 00000000 00:00 0 
ca000000-ec000000 ---p 00000000 00:00 0 
ec000000-ed400000 rw-p 00000000 00:00 0 
ed400000-100000000 ---p 00000000 00:00 0 
100000000-1002e0000 rw-p 00000000 00:00 0 
1002e0000-140000000 ---p 00000000 00:00 0 
7f433e000000-7f4344000000 rw-s 101fb5000 00:06 335                       /dev/dri/card0
7f4344000000-7f434469f000 rw-p 00000000 00:00 0 
7f434469f000-7f4348000000 ---p 00000000 00:00 0 
7f434c000000-7f434c021000 rw-p 00000000 00:00 0 
7f434c021000-7f4350000000 ---p 00000000 00:00 0 
7f4350309000-7f4350311000 rw-s 1009cb000 00:06 335                       /dev/dri/card0
7f4350311000-7f4350319000 rw-s 100a07000 00:06 335                       /dev/dri/card0
7f4350319000-7f4350335000 rw-s 1009eb000 00:06 335                       /dev/dri/card0
7f4350335000-7f4350345000 rw-s 00000000 00:05 59007                      /drm mm object (deleted)
7f4350345000-7f435034d000 rw-s 1009c3000 00:06 335                       /dev/dri/card0
7f435034d000-7f435050d000 rw-s 109d75000 00:06 335                       /dev/dri/card0
7f435060d000-7f4350658000 r--p 00000000 08:02 3808232                    /usr/share/fonts/truetype/noto/NotoSans-Regular.ttf
7f4350658000-7f4350858000 rw-p 00000000 00:00 0 
7f4350858000-7f4350a18000 rw-s 109bb5000 00:06 335                       /dev/dri/card0
7f4350a18000-7f4350a28000 rw-s 00000000 00:05 58311                      /drm mm object (deleted)
7f4350a28000-7f4352628000 rw-s 107fb5000 00:06 335                       /dev/dri/card0
7f4352628000-7f4352638000 rw-s 00000000 00:05 58304                      /drm mm object (deleted)
7f4352638000-7f4352644000 rw-s 00000000 00:05 58831                      /drm mm object (deleted)
7f4352644000-7f4352647000 ---p 00000000 00:00 0 
7f4352647000-7f4352745000 rw-p 00000000 00:00 0 
7f4352745000-7f4352748000 ---p 00000000 00:00 0 
7f4352748000-7f4352a46000 rw-p 00000000 00:00 0 
7f4352a46000-7f4352a50000 r-xp 00000000 08:02 3671770                    /usr/lib/x86_64-linux-gnu/gtk-2.0/2.10.0/engines/libpixmap.so
7f4352a50000-7f4352c4f000 ---p 0000a000 08:02 3671770                    /usr/lib/x86_64-linux-gnu/gtk-2.0/2.10.0/engines/libpixmap.so
7f4352c4f000-7f4352c50000 r--p 00009000 08:02 3671770                    /usr/lib/x86_64-linux-gnu/gtk-2.0/2.10.0/engines/libpixmap.so
7f4352c50000-7f4352c51000 rw-p 0000a000 08:02 3671770                    /usr/lib/x86_64-linux-gnu/gtk-2.0/2.10.0/engines/libpixmap.so
7f4352c51000-7f4352cac000 r--p 00000000 08:02 3817299                    /usr/share/fonts/Segoe UI Italic.ttf
7f4352cac000-7f4352d05000 r--p 00000000 08:02 3817298                    /usr/share/fonts/Segoe UI Bold.ttf
7f4352d05000-7f4352f05000 rw-p 00000000 00:00 0 
7f4352f05000-7f4352f56000 r--p 00000000 08:02 3817300                    /usr/share/fonts/segoeuil.ttf
7f4352f56000-7f4352fd5000 r--p 00000000 08:02 3817301                    /usr/share/fonts/segoeui.ttf
7f4352fd5000-7f4352fe8000 r--p 00000000 08:02 2885207                    /opt/jdk/jdk1.8.0_161/jre/lib/fonts/LucidaBrightDemiBold.ttf
7f4352fe8000-7f4353093000 r--p 00000000 08:02 2885200                    /opt/jdk/jdk1.8.0_161/jre/lib/fonts/LucidaSansRegular.ttf
7f4353093000-7f43530e1000 r--p 00000000 08:02 2885202                    /opt/jdk/jdk1.8.0_161/jre/lib/fonts/LucidaSansDemiBold.ttf
7f43530e1000-7f4353136000 r--p 00000000 08:02 2885201                    /opt/jdk/jdk1.8.0_161/jre/lib/fonts/LucidaBrightRegular.ttf
7f4353136000-7f4353170000 r--p 00000000 08:02 2885206                    /opt/jdk/jdk1.8.0_161/jre/lib/fonts/LucidaTypewriterBold.ttf
7f4353170000-7f43531ac000 r--p 00000000 08:02 2885205                    /opt/jdk/jdk1.8.0_161/jre/lib/fonts/LucidaTypewriterRegular.ttf
7f43531ac000-7f43531b0000 r-xp 00000000 08:02 2885435                    /opt/jdk/jdk1.8.0_161/jre/lib/amd64/libjavafx_font_pango.so
7f43531b0000-7f43533af000 ---p 00004000 08:02 2885435                    /opt/jdk/jdk1.8.0_161/jre/lib/amd64/libjavafx_font_pango.so
7f43533af000-7f43533b0000 rw-p 00003000 08:02 2885435                    /opt/jdk/jdk1.8.0_161/jre/lib/amd64/libjavafx_font_pango.so
7f43533b0000-7f43533b5000 r-xp 00000000 08:02 2885438                    /opt/jdk/jdk1.8.0_161/jre/lib/amd64/libjavafx_font_freetype.so
7f43533b5000-7f43535b4000 ---p 00005000 08:02 2885438                    /opt/jdk/jdk1.8.0_161/jre/lib/amd64/libjavafx_font_freetype.so
7f43535b4000-7f43535b5000 rw-p 00004000 08:02 2885438                    /opt/jdk/jdk1.8.0_161/jre/lib/amd64/libjavafx_font_freetype.so
7f43535b5000-7f43535b8000 r-xp 00000000 08:02 2885485                    /opt/jdk/jdk1.8.0_161/jre/lib/amd64/libjavafx_font.so
7f43535b8000-7f43537b7000 ---p 00003000 08:02 2885485                    /opt/jdk/jdk1.8.0_161/jre/lib/amd64/libjavafx_font.so
7f43537b7000-7f43537b8000 rw-p 00002000 08:02 2885485                    /opt/jdk/jdk1.8.0_161/jre/lib/amd64/libjavafx_font.so
7f43537b8000-7f43537ee000 r-xp 00000000 08:02 2885481                    /opt/jdk/jdk1.8.0_161/jre/lib/amd64/libjavafx_iio.so
7f43537ee000-7f43539ed000 ---p 00036000 08:02 2885481                    /opt/jdk/jdk1.8.0_161/jre/lib/amd64/libjavafx_iio.so
7f43539ed000-7f43539ee000 rw-p 00035000 08:02 2885481                    /opt/jdk/jdk1.8.0_161/jre/lib/amd64/libjavafx_iio.so
7f43539ee000-7f4353bee000 rw-p 00000000 00:00 0 
7f4353bee000-7f4353bf1000 ---p 00000000 00:00 0 
7f4353bf1000-7f4353cef000 rw-p 00000000 00:00 0 
7f4353cef000-7f4353cf2000 ---p 00000000 00:00 0 
7f4353cf2000-7f4353df0000 rw-p 00000000 00:00 0 
7f4353df0000-7f4353df3000 ---p 00000000 00:00 0 
7f4353df3000-7f4353ef1000 rw-p 00000000 00:00 0 
7f4353ef1000-7f4353f1a000 r-xp 00000000 08:02 2885460                    /opt/jdk/jdk1.8.0_161/jre/lib/amd64/libglass.so
7f4353f1a000-7f4354119000 ---p 00029000 08:02 2885460                    /opt/jdk/jdk1.8.0_161/jre/lib/amd64/libglass.so
7f4354119000-7f435411c000 rw-p 00028000 08:02 2885460                    /opt/jdk/jdk1.8.0_161/jre/lib/amd64/libglass.so
7f435411c000-7f4354153000 r-xp 00000000 08:02 3547217                    /usr/lib/x86_64-linux-gnu/libtxc_dxtn_s2tc.so.0.0.0
7f4354153000-7f4354352000 ---p 00037000 08:02 3547217                    /usr/lib/x86_64-linux-gnu/libtxc_dxtn_s2tc.so.0.0.0
7f4354352000-7f4354353000 r--p 00036000 08:02 3547217                    /usr/lib/x86_64-linux-gnu/libtxc_dxtn_s2tc.so.0.0.0
7f4354353000-7f4354354000 rw-p 00037000 08:02 3547217                    /usr/lib/x86_64-linux-gnu/libtxc_dxtn_s2tc.so.0.0.0
7f4354354000-7f435435c000 r-xp 00000000 08:02 3546963                    /usr/lib/x86_64-linux-gnu/libpciaccess.so.0.11.1
7f435435c000-7f435455c000 ---p 00008000 08:02 3546963                    /usr/lib/x86_64-linux-gnu/libpciaccess.so.0.11.1
7f435455c000-7f435455d000 r--p 00008000 08:02 3546963                    /usr/lib/x86_64-linux-gnu/libpciaccess.so.0.11.1
7f435455d000-7f435455e000 rw-p 00009000 08:02 3546963                    /usr/lib/x86_64-linux-gnu/libpciaccess.so.0.11.1
7f435455e000-7f4354569000 r-xp 00000000 08:02 3546417                    /usr/lib/x86_64-linux-gnu/libdrm_radeon.so.1.0.1
7f4354569000-7f4354768000 ---p 0000b000 08:02 3546417                    /usr/lib/x86_64-linux-gnu/libdrm_radeon.so.1.0.1
7f4354768000-7f4354769000 r--p 0000a000 08:02 3546417                    /usr/lib/x86_64-linux-gnu/libdrm_radeon.so.1.0.1
7f4354769000-7f435476a000 rw-p 0000b000 08:02 3546417                    /usr/lib/x86_64-linux-gnu/libdrm_radeon.so.1.0.1
7f435476a000-7f4354771000 r-xp 00000000 08:02 3546415                    /usr/lib/x86_64-linux-gnu/libdrm_nouveau.so.2.0.0
7f4354771000-7f4354970000 ---p 00007000 08:02 3546415                    /usr/lib/x86_64-linux-gnu/libdrm_nouveau.so.2.0.0
7f4354970000-7f4354971000 r--p 00006000 08:02 3546415                    /usr/lib/x86_64-linux-gnu/libdrm_nouveau.so.2.0.0
7f4354971000-7f4354972000 rw-p 00007000 08:02 3546415                    /usr/lib/x86_64-linux-gnu/libdrm_nouveau.so.2.0.0
7f4354972000-7f4354994000 r-xp 00000000 08:02 3546413                    /usr/lib/x86_64-linux-gnu/libdrm_intel.so.1.0.0
7f4354994000-7f4354b94000 ---p 00022000 08:02 3546413                    /usr/lib/x86_64-linux-gnu/libdrm_intel.so.1.0.0
7f4354b94000-7f4354b95000 r--p 00022000 08:02 3546413                    /usr/lib/x86_64-linux-gnu/libdrm_intel.so.1.0.0
7f4354b95000-7f4354b96000 rw-p 00023000 08:02 3546413                    /usr/lib/x86_64-linux-gnu/libdrm_intel.so.1.0.0
7f4354b96000-7f43553bd000 r-xp 00000000 08:02 3671344                    /usr/lib/x86_64-linux-gnu/dri/i965_dri.so
7f43553bd000-7f43555bd000 ---p 00827000 08:02 3671344                    /usr/lib/x86_64-linux-gnu/dri/i965_dri.so
7f43555bd000-7f435560d000 r--p 00827000 08:02 3671344                    /usr/lib/x86_64-linux-gnu/dri/i965_dri.so
7f435560d000-7f4355616000 rw-p 00877000 08:02 3671344                    /usr/lib/x86_64-linux-gnu/dri/i965_dri.so
7f4355616000-7f435567d000 rw-p 00000000 00:00 0 
7f435567d000-7f4355683000 r-xp 00000000 08:02 3546354                    /usr/lib/x86_64-linux-gnu/libdatrie.so.1.3.3
7f4355683000-7f4355883000 ---p 00006000 08:02 3546354                    /usr/lib/x86_64-linux-gnu/libdatrie.so.1.3.3
7f4355883000-7f4355884000 r--p 00006000 08:02 3546354                    /usr/lib/x86_64-linux-gnu/libdatrie.so.1.3.3
7f4355884000-7f4355885000 rw-p 00007000 08:02 3546354                    /usr/lib/x86_64-linux-gnu/libdatrie.so.1.3.3
7f4355885000-7f435588a000 r-xp 00000000 08:02 3546164                    /usr/lib/x86_64-linux-gnu/libXdmcp.so.6.0.0
7f435588a000-7f4355a89000 ---p 00005000 08:02 3546164                    /usr/lib/x86_64-linux-gnu/libXdmcp.so.6.0.0
7f4355a89000-7f4355a8a000 r--p 00004000 08:02 3546164                    /usr/lib/x86_64-linux-gnu/libXdmcp.so.6.0.0
7f4355a8a000-7f4355a8b000 rw-p 00005000 08:02 3546164                    /usr/lib/x86_64-linux-gnu/libXdmcp.so.6.0.0
7f4355a8b000-7f4355a8d000 r-xp 00000000 08:02 3546153                    /usr/lib/x86_64-linux-gnu/libXau.so.6.0.0
7f4355a8d000-7f4355c8d000 ---p 00002000 08:02 3546153                    /usr/lib/x86_64-linux-gnu/libXau.so.6.0.0
7f4355c8d000-7f4355c8e000 r--p 00002000 08:02 3546153                    /usr/lib/x86_64-linux-gnu/libXau.so.6.0.0
7f4355c8e000-7f4355c8f000 rw-p 00003000 08:02 3546153                    /usr/lib/x86_64-linux-gnu/libXau.so.6.0.0
7f4355c8f000-7f4355cb3000 r-xp 00000000 08:02 3546586                    /usr/lib/x86_64-linux-gnu/libgraphite2.so.3.0.1
7f4355cb3000-7f4355eb2000 ---p 00024000 08:02 3546586                    /usr/lib/x86_64-linux-gnu/libgraphite2.so.3.0.1
7f4355eb2000-7f4355eb4000 r--p 00023000 08:02 3546586                    /usr/lib/x86_64-linux-gnu/libgraphite2.so.3.0.1
7f4355eb4000-7f4355eb5000 rw-p 00025000 08:02 3546586                    /usr/lib/x86_64-linux-gnu/libgraphite2.so.3.0.1
7f4355eb5000-7f4355ec5000 r-xp 00000000 08:02 3546409                    /usr/lib/x86_64-linux-gnu/libdrm.so.2.4.0
7f4355ec5000-7f43560c4000 ---p 00010000 08:02 3546409                    /usr/lib/x86_64-linux-gnu/libdrm.so.2.4.0
7f43560c4000-7f43560c5000 r--p 0000f000 08:02 3546409                    /usr/lib/x86_64-linux-gnu/libdrm.so.2.4.0
7f43560c5000-7f43560c6000 rw-p 00010000 08:02 3546409                    /usr/lib/x86_64-linux-gnu/libdrm.so.2.4.0
7f43560c6000-7f43560ca000 r-xp 00000000 08:02 3547342                    /usr/lib/x86_64-linux-gnu/libxcb-dri2.so.0.0.0
7f43560ca000-7f43562c9000 ---p 00004000 08:02 3547342                    /usr/lib/x86_64-linux-gnu/libxcb-dri2.so.0.0.0
7f43562c9000-7f43562ca000 r--p 00003000 08:02 3547342                    /usr/lib/x86_64-linux-gnu/libxcb-dri2.so.0.0.0
7f43562ca000-7f43562cb000 rw-p 00004000 08:02 3547342                    /usr/lib/x86_64-linux-gnu/libxcb-dri2.so.0.0.0
7f43562cb000-7f43562e2000 r-xp 00000000 08:02 3547346                    /usr/lib/x86_64-linux-gnu/libxcb-glx.so.0.0.0
7f43562e2000-7f43564e1000 ---p 00017000 08:02 3547346                    /usr/lib/x86_64-linux-gnu/libxcb-glx.so.0.0.0
7f43564e1000-7f43564e3000 r--p 00016000 08:02 3547346                    /usr/lib/x86_64-linux-gnu/libxcb-glx.so.0.0.0
7f43564e3000-7f43564e4000 rw-p 00018000 08:02 3547346                    /usr/lib/x86_64-linux-gnu/libxcb-glx.so.0.0.0
7f43564e4000-7f43564e5000 r-xp 00000000 08:02 3546149                    /usr/lib/x86_64-linux-gnu/libX11-xcb.so.1.0.0
7f43564e5000-7f43566e4000 ---p 00001000 08:02 3546149                    /usr/lib/x86_64-linux-gnu/libX11-xcb.so.1.0.0
7f43566e4000-7f43566e5000 r--p 00000000 08:02 3546149                    /usr/lib/x86_64-linux-gnu/libX11-xcb.so.1.0.0
7f43566e5000-7f43566e6000 rw-p 00001000 08:02 3546149                    /usr/lib/x86_64-linux-gnu/libX11-xcb.so.1.0.0
7f43566e6000-7f4356711000 r-xp 00000000 08:02 3546557                    /usr/lib/x86_64-linux-gnu/libglapi.so.0.0.0
7f4356711000-7f4356910000 ---p 0002b000 08:02 3546557                    /usr/lib/x86_64-linux-gnu/libglapi.so.0.0.0
7f4356910000-7f4356914000 r--p 0002a000 08:02 3546557                    /usr/lib/x86_64-linux-gnu/libglapi.so.0.0.0
7f4356914000-7f4356915000 rw-p 0002e000 08:02 3546557                    /usr/lib/x86_64-linux-gnu/libglapi.so.0.0.0
7f4356915000-7f4356916000 rw-p 00000000 00:00 0 
7f4356916000-7f4356917000 r-xp 00000000 08:02 3547390                    /usr/lib/x86_64-linux-gnu/libxshmfence.so.1.0.0
7f4356917000-7f4356b17000 ---p 00001000 08:02 3547390                    /usr/lib/x86_64-linux-gnu/libxshmfence.so.1.0.0
7f4356b17000-7f4356b18000 r--p 00001000 08:02 3547390                    /usr/lib/x86_64-linux-gnu/libxshmfence.so.1.0.0
7f4356b18000-7f4356b19000 rw-p 00002000 08:02 3547390                    /usr/lib/x86_64-linux-gnu/libxshmfence.so.1.0.0
7f4356b19000-7f4356b1e000 r-xp 00000000 08:02 3547368                    /usr/lib/x86_64-linux-gnu/libxcb-sync.so.1.0.0
7f4356b1e000-7f4356d1e000 ---p 00005000 08:02 3547368                    /usr/lib/x86_64-linux-gnu/libxcb-sync.so.1.0.0
7f4356d1e000-7f4356d1f000 r--p 00005000 08:02 3547368                    /usr/lib/x86_64-linux-gnu/libxcb-sync.so.1.0.0
7f4356d1f000-7f4356d20000 rw-p 00006000 08:02 3547368                    /usr/lib/x86_64-linux-gnu/libxcb-sync.so.1.0.0
7f4356d20000-7f4356d22000 r-xp 00000000 08:02 3547354                    /usr/lib/x86_64-linux-gnu/libxcb-present.so.0.0.0
7f4356d22000-7f4356f21000 ---p 00002000 08:02 3547354                    /usr/lib/x86_64-linux-gnu/libxcb-present.so.0.0.0
7f4356f21000-7f4356f22000 r--p 00001000 08:02 3547354                    /usr/lib/x86_64-linux-gnu/libxcb-present.so.0.0.0
7f4356f22000-7f4356f23000 rw-p 00002000 08:02 3547354                    /usr/lib/x86_64-linux-gnu/libxcb-present.so.0.0.0
7f4356f23000-7f4356f25000 r-xp 00000000 08:02 3547344                    /usr/lib/x86_64-linux-gnu/libxcb-dri3.so.0.0.0
7f4356f25000-7f4357124000 ---p 00002000 08:02 3547344                    /usr/lib/x86_64-linux-gnu/libxcb-dri3.so.0.0.0
7f4357124000-7f4357125000 r--p 00001000 08:02 3547344                    /usr/lib/x86_64-linux-gnu/libxcb-dri3.so.0.0.0
7f4357125000-7f4357126000 rw-p 00002000 08:02 3547344                    /usr/lib/x86_64-linux-gnu/libxcb-dri3.so.0.0.0
7f4357126000-7f4357194000 r-xp 00000000 08:02 791258                     /lib/x86_64-linux-gnu/libpcre.so.3.13.2
7f4357194000-7f4357394000 ---p 0006e000 08:02 791258                     /lib/x86_64-linux-gnu/libpcre.so.3.13.2
7f4357394000-7f4357395000 r--p 0006e000 08:02 791258                     /lib/x86_64-linux-gnu/libpcre.so.3.13.2
7f4357395000-7f4357396000 rw-p 0006f000 08:02 791258                     /lib/x86_64-linux-gnu/libpcre.so.3.13.2
7f4357396000-7f435739d000 r-xp 00000000 08:02 3546471                    /usr/lib/x86_64-linux-gnu/libffi.so.6.0.4
7f435739d000-7f435759c000 ---p 00007000 08:02 3546471                    /usr/lib/x86_64-linux-gnu/libffi.so.6.0.4
7f435759c000-7f435759d000 r--p 00006000 08:02 3546471                    /usr/lib/x86_64-linux-gnu/libffi.so.6.0.4
7f435759d000-7f435759e000 rw-p 00007000 08:02 3546471                    /usr/lib/x86_64-linux-gnu/libffi.so.6.0.4
7f435759e000-7f43575c4000 r-xp 00000000 08:02 791162                     /lib/x86_64-linux-gnu/libexpat.so.1.6.0
7f43575c4000-7f43577c4000 ---p 00026000 08:02 791162                     /lib/x86_64-linux-gnu/libexpat.so.1.6.0
7f43577c4000-7f43577c6000 r--p 00026000 08:02 791162                     /lib/x86_64-linux-gnu/libexpat.so.1.6.0
7f43577c6000-7f43577c7000 rw-p 00028000 08:02 791162                     /lib/x86_64-linux-gnu/libexpat.so.1.6.0
7f43577c7000-7f43577cf000 r-xp 00000000 08:02 3547194                    /usr/lib/x86_64-linux-gnu/libthai.so.0.2.4
7f43577cf000-7f43579ce000 ---p 00008000 08:02 3547194                    /usr/lib/x86_64-linux-gnu/libthai.so.0.2.4
7f43579ce000-7f43579cf000 r--p 00007000 08:02 3547194                    /usr/lib/x86_64-linux-gnu/libthai.so.0.2.4
7f43579cf000-7f43579d0000 rw-p 00008000 08:02 3547194                    /usr/lib/x86_64-linux-gnu/libthai.so.0.2.4
7f43579d0000-7f43579f1000 r-xp 00000000 08:02 3547380                    /usr/lib/x86_64-linux-gnu/libxcb.so.1.1.0
7f43579f1000-7f4357bf0000 ---p 00021000 08:02 3547380                    /usr/lib/x86_64-linux-gnu/libxcb.so.1.1.0
7f4357bf0000-7f4357bf1000 r--p 00020000 08:02 3547380                    /usr/lib/x86_64-linux-gnu/libxcb.so.1.1.0
7f4357bf1000-7f4357bf2000 rw-p 00021000 08:02 3547380                    /usr/lib/x86_64-linux-gnu/libxcb.so.1.1.0
7f4357bf2000-7f4357bfa000 r-xp 00000000 08:02 3547362                    /usr/lib/x86_64-linux-gnu/libxcb-render.so.0.0.0
7f4357bfa000-7f4357dfa000 ---p 00008000 08:02 3547362                    /usr/lib/x86_64-linux-gnu/libxcb-render.so.0.0.0
7f4357dfa000-7f4357dfb000 r--p 00008000 08:02 3547362                    /usr/lib/x86_64-linux-gnu/libxcb-render.so.0.0.0
7f4357dfb000-7f4357dfc000 rw-p 00009000 08:02 3547362                    /usr/lib/x86_64-linux-gnu/libxcb-render.so.0.0.0
7f4357dfc000-7f4357dfe000 r-xp 00000000 08:02 3547366                    /usr/lib/x86_64-linux-gnu/libxcb-shm.so.0.0.0
7f4357dfe000-7f4357ffe000 ---p 00002000 08:02 3547366                    /usr/lib/x86_64-linux-gnu/libxcb-shm.so.0.0.0
7f4357ffe000-7f4357fff000 r--p 00002000 08:02 3547366                    /usr/lib/x86_64-linux-gnu/libxcb-shm.so.0.0.0
7f4357fff000-7f4358000000 rw-p 00003000 08:02 3547366                    /usr/lib/x86_64-linux-gnu/libxcb-shm.so.0.0.0
7f4358000000-7f4359e3c000 rw-p 00000000 00:00 0 
7f4359e3c000-7f435c000000 ---p 00000000 00:00 0 
7f435c005000-7f435c029000 r-xp 00000000 08:02 791270                     /lib/x86_64-linux-gnu/libpng12.so.0.54.0
7f435c029000-7f435c228000 ---p 00024000 08:02 791270                     /lib/x86_64-linux-gnu/libpng12.so.0.54.0
7f435c228000-7f435c229000 r--p 00023000 08:02 791270                     /lib/x86_64-linux-gnu/libpng12.so.0.54.0
7f435c229000-7f435c22a000 rw-p 00024000 08:02 791270                     /lib/x86_64-linux-gnu/libpng12.so.0.54.0
7f435c22a000-7f435c2c9000 r-xp 00000000 08:02 3546977                    /usr/lib/x86_64-linux-gnu/libpixman-1.so.0.33.6
7f435c2c9000-7f435c4c9000 ---p 0009f000 08:02 3546977                    /usr/lib/x86_64-linux-gnu/libpixman-1.so.0.33.6
7f435c4c9000-7f435c4d1000 r--p 0009f000 08:02 3546977                    /usr/lib/x86_64-linux-gnu/libpixman-1.so.0.33.6
7f435c4d1000-7f435c4d2000 rw-p 000a7000 08:02 3546977                    /usr/lib/x86_64-linux-gnu/libpixman-1.so.0.33.6
7f435c4d2000-7f435c563000 r-xp 00000000 08:02 3546650                    /usr/lib/x86_64-linux-gnu/libharfbuzz.so.0.10400.6
7f435c563000-7f435c762000 ---p 00091000 08:02 3546650                    /usr/lib/x86_64-linux-gnu/libharfbuzz.so.0.10400.6
7f435c762000-7f435c764000 r--p 00090000 08:02 3546650                    /usr/lib/x86_64-linux-gnu/libharfbuzz.so.0.10400.6
7f435c764000-7f435c765000 rw-p 00092000 08:02 3546650                    /usr/lib/x86_64-linux-gnu/libharfbuzz.so.0.10400.6
7f435c765000-7f435c77c000 r-xp 00000000 08:02 791281                     /lib/x86_64-linux-gnu/libresolv-2.23.so
7f435c77c000-7f435c97c000 ---p 00017000 08:02 791281                     /lib/x86_64-linux-gnu/libresolv-2.23.so
7f435c97c000-7f435c97d000 r--p 00017000 08:02 791281                     /lib/x86_64-linux-gnu/libresolv-2.23.so
7f435c97d000-7f435c97e000 rw-p 00018000 08:02 791281                     /lib/x86_64-linux-gnu/libresolv-2.23.so
7f435c97e000-7f435c980000 rw-p 00000000 00:00 0 
7f435c980000-7f435c99f000 r-xp 00000000 08:02 791287                     /lib/x86_64-linux-gnu/libselinux.so.1
7f435c99f000-7f435cb9e000 ---p 0001f000 08:02 791287                     /lib/x86_64-linux-gnu/libselinux.so.1
7f435cb9e000-7f435cb9f000 r--p 0001e000 08:02 791287                     /lib/x86_64-linux-gnu/libselinux.so.1
7f435cb9f000-7f435cba0000 rw-p 0001f000 08:02 791287                     /lib/x86_64-linux-gnu/libselinux.so.1
7f435cba0000-7f435cba2000 rw-p 00000000 00:00 0 
7f435cba2000-7f435cbbb000 r-xp 00000000 08:02 791320                     /lib/x86_64-linux-gnu/libz.so.1.2.8
7f435cbbb000-7f435cdba000 ---p 00019000 08:02 791320                     /lib/x86_64-linux-gnu/libz.so.1.2.8
7f435cdba000-7f435cdbb000 r--p 00018000 08:02 791320                     /lib/x86_64-linux-gnu/libz.so.1.2.8
7f435cdbb000-7f435cdbc000 rw-p 00019000 08:02 791320                     /lib/x86_64-linux-gnu/libz.so.1.2.8
7f435cdbc000-7f435cdcd000 r-xp 00000000 08:02 3546166                    /usr/lib/x86_64-linux-gnu/libXext.so.6.4.0
7f435cdcd000-7f435cfcc000 ---p 00011000 08:02 3546166                    /usr/lib/x86_64-linux-gnu/libXext.so.6.4.0
7f435cfcc000-7f435cfcd000 r--p 00010000 08:02 3546166                    /usr/lib/x86_64-linux-gnu/libXext.so.6.4.0
7f435cfcd000-7f435cfce000 rw-p 00011000 08:02 3546166                    /usr/lib/x86_64-linux-gnu/libXext.so.6.4.0
7f435cfce000-7f435cfd0000 r-xp 00000000 08:02 3546162                    /usr/lib/x86_64-linux-gnu/libXdamage.so.1.1.0
7f435cfd0000-7f435d1cf000 ---p 00002000 08:02 3546162                    /usr/lib/x86_64-linux-gnu/libXdamage.so.1.1.0
7f435d1cf000-7f435d1d0000 r--p 00001000 08:02 3546162                    /usr/lib/x86_64-linux-gnu/libXdamage.so.1.1.0
7f435d1d0000-7f435d1d1000 rw-p 00002000 08:02 3546162                    /usr/lib/x86_64-linux-gnu/libXdamage.so.1.1.0
7f435d1d1000-7f435d1d3000 r-xp 00000000 08:02 3546158                    /usr/lib/x86_64-linux-gnu/libXcomposite.so.1.0.0
7f435d1d3000-7f435d3d2000 ---p 00002000 08:02 3546158                    /usr/lib/x86_64-linux-gnu/libXcomposite.so.1.0.0
7f435d3d2000-7f435d3d3000 r--p 00001000 08:02 3546158                    /usr/lib/x86_64-linux-gnu/libXcomposite.so.1.0.0
7f435d3d3000-7f435d3d4000 rw-p 00002000 08:02 3546158                    /usr/lib/x86_64-linux-gnu/libXcomposite.so.1.0.0
7f435d3d4000-7f435d3dd000 r-xp 00000000 08:02 3546160                    /usr/lib/x86_64-linux-gnu/libXcursor.so.1.0.2
7f435d3dd000-7f435d5dc000 ---p 00009000 08:02 3546160                    /usr/lib/x86_64-linux-gnu/libXcursor.so.1.0.2
7f435d5dc000-7f435d5dd000 r--p 00008000 08:02 3546160                    /usr/lib/x86_64-linux-gnu/libXcursor.so.1.0.2
7f435d5dd000-7f435d5de000 rw-p 00009000 08:02 3546160                    /usr/lib/x86_64-linux-gnu/libXcursor.so.1.0.2
7f435d5de000-7f435d5e8000 r-xp 00000000 08:02 3546186                    /usr/lib/x86_64-linux-gnu/libXrandr.so.2.2.0
7f435d5e8000-7f435d7e7000 ---p 0000a000 08:02 3546186                    /usr/lib/x86_64-linux-gnu/libXrandr.so.2.2.0
7f435d7e7000-7f435d7e8000 r--p 00009000 08:02 3546186                    /usr/lib/x86_64-linux-gnu/libXrandr.so.2.2.0
7f435d7e8000-7f435d7e9000 rw-p 0000a000 08:02 3546186                    /usr/lib/x86_64-linux-gnu/libXrandr.so.2.2.0
7f435d7e9000-7f435d7f8000 r-xp 00000000 08:02 3546176                    /usr/lib/x86_64-linux-gnu/libXi.so.6.1.0
7f435d7f8000-7f435d9f7000 ---p 0000f000 08:02 3546176                    /usr/lib/x86_64-linux-gnu/libXi.so.6.1.0
7f435d9f7000-7f435d9f8000 r--p 0000e000 08:02 3546176                    /usr/lib/x86_64-linux-gnu/libXi.so.6.1.0
7f435d9f8000-7f435d9f9000 rw-p 0000f000 08:02 3546176                    /usr/lib/x86_64-linux-gnu/libXi.so.6.1.0
7f435d9f9000-7f435d9fb000 r-xp 00000000 08:02 3546178                    /usr/lib/x86_64-linux-gnu/libXinerama.so.1.0.0
7f435d9fb000-7f435dbfa000 ---p 00002000 08:02 3546178                    /usr/lib/x86_64-linux-gnu/libXinerama.so.1.0.0
7f435dbfa000-7f435dbfb000 r--p 00001000 08:02 3546178                    /usr/lib/x86_64-linux-gnu/libXinerama.so.1.0.0
7f435dbfb000-7f435dbfc000 rw-p 00002000 08:02 3546178                    /usr/lib/x86_64-linux-gnu/libXinerama.so.1.0.0
7f435dbfc000-7f435dc05000 r-xp 00000000 08:02 3546188                    /usr/lib/x86_64-linux-gnu/libXrender.so.1.3.0
7f435dc05000-7f435de04000 ---p 00009000 08:02 3546188                    /usr/lib/x86_64-linux-gnu/libXrender.so.1.3.0
7f435de04000-7f435de05000 r--p 00008000 08:02 3546188                    /usr/lib/x86_64-linux-gnu/libXrender.so.1.3.0
7f435de05000-7f435de06000 rw-p 00009000 08:02 3546188                    /usr/lib/x86_64-linux-gnu/libXrender.so.1.3.0
7f435de06000-7f435de0b000 r-xp 00000000 08:02 3546168                    /usr/lib/x86_64-linux-gnu/libXfixes.so.3.1.0
7f435de0b000-7f435e00a000 ---p 00005000 08:02 3546168                    /usr/lib/x86_64-linux-gnu/libXfixes.so.3.1.0
7f435e00a000-7f435e00b000 r--p 00004000 08:02 3546168                    /usr/lib/x86_64-linux-gnu/libXfixes.so.3.1.0
7f435e00b000-7f435e00c000 rw-p 00005000 08:02 3546168                    /usr/lib/x86_64-linux-gnu/libXfixes.so.3.1.0
7f435e00c000-7f435e022000 r-xp 00000000 08:02 791169                     /lib/x86_64-linux-gnu/libgcc_s.so.1
7f435e022000-7f435e221000 ---p 00016000 08:02 791169                     /lib/x86_64-linux-gnu/libgcc_s.so.1
7f435e221000-7f435e222000 rw-p 00015000 08:02 791169                     /lib/x86_64-linux-gnu/libgcc_s.so.1
7f435e222000-7f435e394000 r-xp 00000000 08:02 3547167                    /usr/lib/x86_64-linux-gnu/libstdc++.so.6.0.21
7f435e394000-7f435e594000 ---p 00172000 08:02 3547167                    /usr/lib/x86_64-linux-gnu/libstdc++.so.6.0.21
7f435e594000-7f435e59e000 r--p 00172000 08:02 3547167                    /usr/lib/x86_64-linux-gnu/libstdc++.so.6.0.21
7f435e59e000-7f435e5a0000 rw-p 0017c000 08:02 3547167                    /usr/lib/x86_64-linux-gnu/libstdc++.so.6.0.21
7f435e5a0000-7f435e5a4000 rw-p 00000000 00:00 0 
7f435e5a4000-7f435e612000 r-xp 00000000 08:02 3671987                    /usr/lib/x86_64-linux-gnu/mesa/libGL.so.1.2.0
7f435e612000-7f435e812000 ---p 0006e000 08:02 3671987                    /usr/lib/x86_64-linux-gnu/mesa/libGL.so.1.2.0
7f435e812000-7f435e815000 r--p 0006e000 08:02 3671987                    /usr/lib/x86_64-linux-gnu/mesa/libGL.so.1.2.0
7f435e815000-7f435e816000 rw-p 00071000 08:02 3671987                    /usr/lib/x86_64-linux-gnu/mesa/libGL.so.1.2.0
7f435e816000-7f435e817000 rw-p 00000000 00:00 0 
7f435e817000-7f435e81c000 r-xp 00000000 08:02 3546200                    /usr/lib/x86_64-linux-gnu/libXxf86vm.so.1.0.0
7f435e81c000-7f435ea1b000 ---p 00005000 08:02 3546200                    /usr/lib/x86_64-linux-gnu/libXxf86vm.so.1.0.0
7f435ea1b000-7f435ea1c000 r--p 00004000 08:02 3546200                    /usr/lib/x86_64-linux-gnu/libXxf86vm.so.1.0.0
7f435ea1c000-7f435ea1d000 rw-p 00005000 08:02 3546200                    /usr/lib/x86_64-linux-gnu/libXxf86vm.so.1.0.0
7f435ea1d000-7f435eb52000 r-xp 00000000 08:02 3546151                    /usr/lib/x86_64-linux-gnu/libX11.so.6.3.0
7f435eb52000-7f435ed52000 ---p 00135000 08:02 3546151                    /usr/lib/x86_64-linux-gnu/libX11.so.6.3.0
7f435ed52000-7f435ed53000 r--p 00135000 08:02 3546151                    /usr/lib/x86_64-linux-gnu/libX11.so.6.3.0
7f435ed53000-7f435ed57000 rw-p 00136000 08:02 3546151                    /usr/lib/x86_64-linux-gnu/libX11.so.6.3.0
7f435ed57000-7f435ed5c000 r-xp 00000000 08:02 3546194                    /usr/lib/x86_64-linux-gnu/libXtst.so.6.1.0
7f435ed5c000-7f435ef5b000 ---p 00005000 08:02 3546194                    /usr/lib/x86_64-linux-gnu/libXtst.so.6.1.0
7f435ef5b000-7f435ef5c000 r--p 00004000 08:02 3546194                    /usr/lib/x86_64-linux-gnu/libXtst.so.6.1.0
7f435ef5c000-7f435ef5d000 rw-p 00005000 08:02 3546194                    /usr/lib/x86_64-linux-gnu/libXtst.so.6.1.0
7f435ef5d000-7f435f06c000 r-xp 00000000 08:02 791173                     /lib/x86_64-linux-gnu/libglib-2.0.so.0.4800.2
7f435f06c000-7f435f26b000 ---p 0010f000 08:02 791173                     /lib/x86_64-linux-gnu/libglib-2.0.so.0.4800.2
7f435f26b000-7f435f26c000 r--p 0010e000 08:02 791173                     /lib/x86_64-linux-gnu/libglib-2.0.so.0.4800.2
7f435f26c000-7f435f26d000 rw-p 0010f000 08:02 791173                     /lib/x86_64-linux-gnu/libglib-2.0.so.0.4800.2
7f435f26d000-7f435f26e000 rw-p 00000000 00:00 0 
7f435f26e000-7f435f26f000 r-xp 00000000 08:02 3546634                    /usr/lib/x86_64-linux-gnu/libgthread-2.0.so.0.4800.2
7f435f26f000-7f435f46e000 ---p 00001000 08:02 3546634                    /usr/lib/x86_64-linux-gnu/libgthread-2.0.so.0.4800.2
7f435f46e000-7f435f46f000 r--p 00000000 08:02 3546634                    /usr/lib/x86_64-linux-gnu/libgthread-2.0.so.0.4800.2
7f435f46f000-7f435f470000 rw-p 00001000 08:02 3546634                    /usr/lib/x86_64-linux-gnu/libgthread-2.0.so.0.4800.2
7f435f470000-7f435f473000 r-xp 00000000 08:02 3546561                    /usr/lib/x86_64-linux-gnu/libgmodule-2.0.so.0.4800.2
7f435f473000-7f435f672000 ---p 00003000 08:02 3546561                    /usr/lib/x86_64-linux-gnu/libgmodule-2.0.so.0.4800.2
7f435f672000-7f435f673000 r--p 00002000 08:02 3546561                    /usr/lib/x86_64-linux-gnu/libgmodule-2.0.so.0.4800.2
7f435f673000-7f435f674000 rw-p 00003000 08:02 3546561                    /usr/lib/x86_64-linux-gnu/libgmodule-2.0.so.0.4800.2
7f435f674000-7f435f6c6000 r-xp 00000000 08:02 3546569                    /usr/lib/x86_64-linux-gnu/libgobject-2.0.so.0.4800.2
7f435f6c6000-7f435f8c5000 ---p 00052000 08:02 3546569                    /usr/lib/x86_64-linux-gnu/libgobject-2.0.so.0.4800.2
7f435f8c5000-7f435f8c6000 r--p 00051000 08:02 3546569                    /usr/lib/x86_64-linux-gnu/libgobject-2.0.so.0.4800.2
7f435f8c6000-7f435f8c7000 rw-p 00052000 08:02 3546569                    /usr/lib/x86_64-linux-gnu/libgobject-2.0.so.0.4800.2
7f435f8c7000-7f435f904000 r-xp 00000000 08:02 3546485                    /usr/lib/x86_64-linux-gnu/libfontconfig.so.1.9.0
7f435f904000-7f435fb03000 ---p 0003d000 08:02 3546485                    /usr/lib/x86_64-linux-gnu/libfontconfig.so.1.9.0
7f435fb03000-7f435fb05000 r--p 0003c000 08:02 3546485                    /usr/lib/x86_64-linux-gnu/libfontconfig.so.1.9.0
7f435fb05000-7f435fb0a000 rw-p 0003e000 08:02 3546485                    /usr/lib/x86_64-linux-gnu/libfontconfig.so.1.9.0
7f435fb0a000-7f435fbae000 r-xp 00000000 08:02 3546515                    /usr/lib/x86_64-linux-gnu/libfreetype.so.6.12.1
7f435fbae000-7f435fdad000 ---p 000a4000 08:02 3546515                    /usr/lib/x86_64-linux-gnu/libfreetype.so.6.12.1
7f435fdad000-7f435fdb3000 r--p 000a3000 08:02 3546515                    /usr/lib/x86_64-linux-gnu/libfreetype.so.6.12.1
7f435fdb3000-7f435fdb4000 rw-p 000a9000 08:02 3546515                    /usr/lib/x86_64-linux-gnu/libfreetype.so.6.12.1
7f435fdb4000-7f435fdfd000 r-xp 00000000 08:02 3546953                    /usr/lib/x86_64-linux-gnu/libpango-1.0.so.0.3800.1
7f435fdfd000-7f435fffd000 ---p 00049000 08:02 3546953                    /usr/lib/x86_64-linux-gnu/libpango-1.0.so.0.3800.1
7f435fffd000-7f435ffff000 r--p 00049000 08:02 3546953                    /usr/lib/x86_64-linux-gnu/libpango-1.0.so.0.3800.1
7f435ffff000-7f4360000000 rw-p 0004b000 08:02 3546953                    /usr/lib/x86_64-linux-gnu/libpango-1.0.so.0.3800.1
7f4360000000-7f4360021000 rw-p 00000000 00:00 0 
7f4360021000-7f4364000000 ---p 00000000 00:00 0 
7f4364000000-7f4364021000 rw-p 00000000 00:00 0 
7f4364021000-7f4368000000 ---p 00000000 00:00 0 
7f4368000000-7f43683fe000 rw-p 00000000 00:00 0 
7f43683fe000-7f436c000000 ---p 00000000 00:00 0 
7f436c000000-7f436c30f000 rw-p 00000000 00:00 0 
7f436c30f000-7f4370000000 ---p 00000000 00:00 0 
7f4370002000-7f4370004000 rw-s 1001ec000 00:06 335                       /dev/dri/card0
7f4370004000-7f4370006000 rw-s 00000000 00:05 58310                      /drm mm object (deleted)
7f4370006000-7f4370007000 rw-s 10020c000 00:06 335                       /dev/dri/card0
7f4370007000-7f437000c000 r--s 00084000 08:02 2885187                    /opt/jdk/jdk1.8.0_161/jre/lib/jfr.jar
7f437000c000-7f4370011000 r--s 0009d000 08:02 2885327                    /opt/jdk/jdk1.8.0_161/jre/lib/jsse.jar
7f4370011000-7f4370024000 r--p 00000000 08:02 2885204                    /opt/jdk/jdk1.8.0_161/jre/lib/fonts/LucidaBrightDemiItalic.ttf
7f4370024000-7f4370038000 r--p 00000000 08:02 2885199                    /opt/jdk/jdk1.8.0_161/jre/lib/fonts/LucidaBrightItalic.ttf
7f4370038000-7f437003f000 r--s 00000000 08:02 4200409                    /var/cache/fontconfig/4be9850f182b35c1350b6bbf2e42601c-le64.cache-6
7f437003f000-7f437004a000 r--s 00000000 08:02 4198764                    /var/cache/fontconfig/945677eb7aeaf62f1d50efc3fb3ec7d8-le64.cache-6
7f437004a000-7f4370050000 r--s 00000000 08:02 4198756                    /var/cache/fontconfig/2cd17615ca594fa2959ae173292e504c-le64.cache-6
7f4370050000-7f4370090000 r--s 00000000 08:02 4198754                    /var/cache/fontconfig/0bd3dc0958fa2205aaaa8ebb13e2872b-le64.cache-6
7f4370090000-7f4370097000 r--s 00000000 08:02 4195402                    /var/cache/fontconfig/3047814df9a2f067bd2d96a2b9c36e5a-le64.cache-6
7f4370097000-7f437009f000 r--s 00000000 08:02 4198769                    /var/cache/fontconfig/bf3b770c553c462765856025a94f1ce6-le64.cache-6
7f437009f000-7f43700a1000 r--s 00000000 08:02 4198768                    /var/cache/fontconfig/a0107c79d978dfcc5e42cb1335b71036-le64.cache-6
7f43700a1000-7f43700a4000 r--s 00000000 08:02 4200320                    /var/cache/fontconfig/e49e89034d371f0f9de17aab02136486-le64.cache-6
7f43700a4000-7f43700a6000 r--s 00000000 08:02 4200319                    /var/cache/fontconfig/4b14b093aebc79c320de5e86ae1d3314-le64.cache-6
7f43700a6000-7f43700b9000 r--s 00000000 08:02 4198773                    /var/cache/fontconfig/d52a8644073d54c13679302ca1180695-le64.cache-6
7f43700b9000-7f43700c4000 r--s 00000000 08:02 4200318                    /var/cache/fontconfig/d589a48862398ed80a3d6066f4f56f4c-le64.cache-6
7f43700c4000-7f43700cf000 r--s 00000000 08:02 4195407                    /var/cache/fontconfig/83bf95040141907cd45bb53cf7c1c148-le64.cache-6
7f43700cf000-7f43700f9000 r--p 00000000 08:02 3815303                    /usr/share/locale-langpack/es/LC_MESSAGES/gtk20-properties.mo
7f43700f9000-7f4370207000 r-xp 00000000 08:02 3546300                    /usr/lib/x86_64-linux-gnu/libcairo.so.2.11400.6
7f4370207000-7f4370407000 ---p 0010e000 08:02 3546300                    /usr/lib/x86_64-linux-gnu/libcairo.so.2.11400.6
7f4370407000-7f437040a000 r--p 0010e000 08:02 3546300                    /usr/lib/x86_64-linux-gnu/libcairo.so.2.11400.6
7f437040a000-7f437040b000 rw-p 00111000 08:02 3546300                    /usr/lib/x86_64-linux-gnu/libcairo.so.2.11400.6
7f437040b000-7f437040d000 rw-p 00000000 00:00 0 
7f437040d000-7f4370419000 r-xp 00000000 08:02 3546955                    /usr/lib/x86_64-linux-gnu/libpangocairo-1.0.so.0.3800.1
7f4370419000-7f4370618000 ---p 0000c000 08:02 3546955                    /usr/lib/x86_64-linux-gnu/libpangocairo-1.0.so.0.3800.1
7f4370618000-7f4370619000 r--p 0000b000 08:02 3546955                    /usr/lib/x86_64-linux-gnu/libpangocairo-1.0.so.0.3800.1
7f4370619000-7f437061a000 rw-p 0000c000 08:02 3546955                    /usr/lib/x86_64-linux-gnu/libpangocairo-1.0.so.0.3800.1
7f437061a000-7f437063b000 r-xp 00000000 08:02 3546541                    /usr/lib/x86_64-linux-gnu/libgdk_pixbuf-2.0.so.0.3200.2
7f437063b000-7f437083a000 ---p 00021000 08:02 3546541                    /usr/lib/x86_64-linux-gnu/libgdk_pixbuf-2.0.so.0.3200.2
7f437083a000-7f437083b000 r--p 00020000 08:02 3546541                    /usr/lib/x86_64-linux-gnu/libgdk_pixbuf-2.0.so.0.3200.2
7f437083b000-7f437083c000 rw-p 00021000 08:02 3546541                    /usr/lib/x86_64-linux-gnu/libgdk_pixbuf-2.0.so.0.3200.2
7f437083c000-7f4370850000 r-xp 00000000 08:02 3546957                    /usr/lib/x86_64-linux-gnu/libpangoft2-1.0.so.0.3800.1
7f4370850000-7f4370a50000 ---p 00014000 08:02 3546957                    /usr/lib/x86_64-linux-gnu/libpangoft2-1.0.so.0.3800.1
7f4370a50000-7f4370a51000 r--p 00014000 08:02 3546957                    /usr/lib/x86_64-linux-gnu/libpangoft2-1.0.so.0.3800.1
7f4370a51000-7f4370a52000 rw-p 00015000 08:02 3546957                    /usr/lib/x86_64-linux-gnu/libpangoft2-1.0.so.0.3800.1
7f4370a52000-7f4370bd2000 r-xp 00000000 08:02 3546551                    /usr/lib/x86_64-linux-gnu/libgio-2.0.so.0.4800.2
7f4370bd2000-7f4370dd2000 ---p 00180000 08:02 3546551                    /usr/lib/x86_64-linux-gnu/libgio-2.0.so.0.4800.2
7f4370dd2000-7f4370dd6000 r--p 00180000 08:02 3546551                    /usr/lib/x86_64-linux-gnu/libgio-2.0.so.0.4800.2
7f4370dd6000-7f4370dd8000 rw-p 00184000 08:02 3546551                    /usr/lib/x86_64-linux-gnu/libgio-2.0.so.0.4800.2
7f4370dd8000-7f4370dda000 rw-p 00000000 00:00 0 
7f4370dda000-7f4370dfc000 r-xp 00000000 08:02 3546244                    /usr/lib/x86_64-linux-gnu/libatk-1.0.so.0.21809.1
7f4370dfc000-7f4370ffb000 ---p 00022000 08:02 3546244                    /usr/lib/x86_64-linux-gnu/libatk-1.0.so.0.21809.1
7f4370ffb000-7f4370ffe000 r--p 00021000 08:02 3546244                    /usr/lib/x86_64-linux-gnu/libatk-1.0.so.0.21809.1
7f4370ffe000-7f4370fff000 rw-p 00024000 08:02 3546244                    /usr/lib/x86_64-linux-gnu/libatk-1.0.so.0.21809.1
7f4370fff000-7f4374000000 rw-p 00000000 00:00 0 
7f4374000000-7f4374021000 rw-p 00000000 00:00 0 
7f4374021000-7f4378000000 ---p 00000000 00:00 0 
7f4378000000-7f4378021000 rw-p 00000000 00:00 0 
7f4378021000-7f437c000000 ---p 00000000 00:00 0 
7f437c000000-7f437c021000 rw-p 00000000 00:00 0 
7f437c021000-7f4380000000 ---p 00000000 00:00 0 
7f4380000000-7f4380021000 rw-p 00000000 00:00 0 
7f4380021000-7f4384000000 ---p 00000000 00:00 0 
7f4384000000-7f4384021000 rw-p 00000000 00:00 0 
7f4384021000-7f4388000000 ---p 00000000 00:00 0 
7f4388000000-7f4388021000 rw-p 00000000 00:00 0 
7f4388021000-7f438c000000 ---p 00000000 00:00 0 
7f438c000000-7f438c021000 rw-p 00000000 00:00 0 
7f438c021000-7f4390000000 ---p 00000000 00:00 0 
7f4390000000-7f4390001000 r--s 00000000 08:02 4200321                    /var/cache/fontconfig/4794a0821666d79190d59a36cb4f44b5-le64.cache-6
7f4390001000-7f4390004000 r--s 00000000 08:02 4200317                    /var/cache/fontconfig/75114ca45c98e8a441da0ff356701271-le64.cache-6
7f4390004000-7f4390016000 r--s 00000000 08:02 4198766                    /var/cache/fontconfig/9b89f8e3dae116d678bbf48e5f21f69b-le64.cache-6
7f4390016000-7f439003b000 r--p 00000000 08:02 3813115                    /usr/share/locale-langpack/es/LC_MESSAGES/libc.mo
7f439003b000-7f43900eb000 r-xp 00000000 08:02 3546539                    /usr/lib/x86_64-linux-gnu/libgdk-x11-2.0.so.0.2400.30
7f43900eb000-7f43902ea000 ---p 000b0000 08:02 3546539                    /usr/lib/x86_64-linux-gnu/libgdk-x11-2.0.so.0.2400.30
7f43902ea000-7f43902ee000 r--p 000af000 08:02 3546539                    /usr/lib/x86_64-linux-gnu/libgdk-x11-2.0.so.0.2400.30
7f43902ee000-7f43902f0000 rw-p 000b3000 08:02 3546539                    /usr/lib/x86_64-linux-gnu/libgdk-x11-2.0.so.0.2400.30
7f43902f0000-7f439072e000 r-xp 00000000 08:02 3546638                    /usr/lib/x86_64-linux-gnu/libgtk-x11-2.0.so.0.2400.30
7f439072e000-7f439092d000 ---p 0043e000 08:02 3546638                    /usr/lib/x86_64-linux-gnu/libgtk-x11-2.0.so.0.2400.30
7f439092d000-7f4390934000 r--p 0043d000 08:02 3546638                    /usr/lib/x86_64-linux-gnu/libgtk-x11-2.0.so.0.2400.30
7f4390934000-7f4390938000 rw-p 00444000 08:02 3546638                    /usr/lib/x86_64-linux-gnu/libgtk-x11-2.0.so.0.2400.30
7f4390938000-7f439093b000 rw-p 00000000 00:00 0 
7f439093b000-7f439093e000 r--s 00000000 08:02 4195400                    /var/cache/fontconfig/e13b20fdb08344e0e664864cc2ede53d-le64.cache-6
7f439093e000-7f4390944000 r--s 00000000 08:02 4202079                    /var/cache/fontconfig/3830d5c3ddfd5cd38a049b759396e72e-le64.cache-6
7f4390944000-7f4390945000 rw-s 10020b000 00:06 335                       /dev/dri/card0
7f4390946000-7f4390955000 r--p 00000000 08:02 3815986                    /usr/share/locale-langpack/es/LC_MESSAGES/gtk20.mo
7f4390955000-7f439095c000 r--s 00000000 08:02 3671625                    /usr/lib/x86_64-linux-gnu/gconv/gconv-modules.cache
7f439095c000-7f4390968000 r-xp 00000000 08:02 2885488                    /opt/jdk/jdk1.8.0_161/jre/lib/amd64/libprism_es2.so
7f4390968000-7f4390b67000 ---p 0000c000 08:02 2885488                    /opt/jdk/jdk1.8.0_161/jre/lib/amd64/libprism_es2.so
7f4390b67000-7f4390b68000 rw-p 0000b000 08:02 2885488                    /opt/jdk/jdk1.8.0_161/jre/lib/amd64/libprism_es2.so
7f4390b68000-7f4390b6b000 ---p 00000000 00:00 0 
7f4390b6b000-7f4390c69000 rw-p 00000000 00:00 0 
7f4390c69000-7f4390c6a000 ---p 00000000 00:00 0 
7f4390c6a000-7f4390d6a000 rw-p 00000000 00:00 0 
7f4390d6a000-7f4390d6d000 ---p 00000000 00:00 0 
7f4390d6d000-7f4390e6b000 rw-p 00000000 00:00 0 
7f4390e6b000-7f4390e81000 r-xp 00000000 08:02 2885484                    /opt/jdk/jdk1.8.0_161/jre/lib/amd64/libnet.so
7f4390e81000-7f4391081000 ---p 00016000 08:02 2885484                    /opt/jdk/jdk1.8.0_161/jre/lib/amd64/libnet.so
7f4391081000-7f4391082000 rw-p 00016000 08:02 2885484                    /opt/jdk/jdk1.8.0_161/jre/lib/amd64/libnet.so
7f4391082000-7f4391085000 ---p 00000000 00:00 0 
7f4391085000-7f4391183000 rw-p 00000000 00:00 0 
7f4391183000-7f4391186000 ---p 00000000 00:00 0 
7f4391186000-7f4391284000 rw-p 00000000 00:00 0 
7f4391284000-7f4391287000 ---p 00000000 00:00 0 
7f4391287000-7f4391385000 rw-p 00000000 00:00 0 
7f4391385000-7f4391397000 r--s 00117000 08:02 1315416                    /home/blacksabbathx/IdeaProjects/ProyectoCine/src/sources/controlsfx-8.40.14.jar
7f4391397000-7f43913ac000 r--s 00237000 08:02 1313300                    /home/blacksabbathx/IdeaProjects/ProyectoCine/src/sources/jfoenix-8.0.1.jar
7f43913ac000-7f43913bf000 r--s 00345000 08:02 2885308                    /opt/jdk/jdk1.8.0_161/jre/lib/resources.jar
7f43913bf000-7f43913d2000 r--s 000d6000 08:02 2885212                    /opt/jdk/jdk1.8.0_161/jre/lib/plugin.jar
7f43913d2000-7f43913ee000 r--s 0020b000 08:02 2885188                    /opt/jdk/jdk1.8.0_161/jre/lib/deploy.jar
7f43913ee000-7f43913f1000 ---p 00000000 00:00 0 
7f43913f1000-7f43914ef000 rw-p 00000000 00:00 0 
7f43914ef000-7f4391a3b000 r--p 00000000 08:02 3549632                    /usr/lib/locale/locale-archive
7f4391a3b000-7f4391a3e000 ---p 00000000 00:00 0 
7f4391a3e000-7f4391b3c000 rw-p 00000000 00:00 0 
7f4391b3c000-7f4391b3f000 ---p 00000000 00:00 0 
7f4391b3f000-7f4391c3d000 rw-p 00000000 00:00 0 
7f4391c3d000-7f4391c3e000 ---p 00000000 00:00 0 
7f4391c3e000-7f4392647000 rw-p 00000000 00:00 0 
7f4392647000-7f4392820000 r--s 03d64000 08:02 2885270                    /opt/jdk/jdk1.8.0_161/jre/lib/rt.jar
7f4392820000-7f4395000000 rw-p 00000000 00:00 0 
7f4395000000-7f43956f0000 rwxp 00000000 00:00 0 
7f43956f0000-7f43a4000000 ---p 00000000 00:00 0 
7f43a4000000-7f43a453f000 rw-p 00000000 00:00 0 
7f43a453f000-7f43a8000000 ---p 00000000 00:00 0 
7f43a8000000-7f43a8001000 rw-s 00000000 00:05 58809                      /drm mm object (deleted)
7f43a8001000-7f43a8003000 r--s 0001a000 08:02 5115840                    /home/blacksabbathx/.local/share/JetBrains/Toolbox/apps/IDEA-U/ch-0/181.4445.78/lib/idea_rt.jar
7f43a8003000-7f43a8008000 r--s 0009d000 08:02 2885327                    /opt/jdk/jdk1.8.0_161/jre/lib/jsse.jar
7f43a8008000-7f43a800d000 r--s 00084000 08:02 2885187                    /opt/jdk/jdk1.8.0_161/jre/lib/jfr.jar
7f43a800d000-7f43a8016000 r--s 0006d000 08:02 2885197                    /opt/jdk/jdk1.8.0_161/jre/lib/javaws.jar
7f43a8016000-7f43a80ac000 r--s 0110a000 08:02 2885332                    /opt/jdk/jdk1.8.0_161/jre/lib/ext/jfxrt.jar
7f43a80ac000-7f43a80fb000 rw-p 00000000 00:00 0 
7f43a80fb000-7f43a80fc000 ---p 00000000 00:00 0 
7f43a80fc000-7f43a81fc000 rw-p 00000000 00:00 0 
7f43a81fc000-7f43a81fd000 ---p 00000000 00:00 0 
7f43a81fd000-7f43a832d000 rw-p 00000000 00:00 0 
7f43a832d000-7f43a843d000 ---p 00000000 00:00 0 
7f43a843d000-7f43a846d000 rw-p 00000000 00:00 0 
7f43a846d000-7f43a857d000 ---p 00000000 00:00 0 
7f43a857d000-7f43a8587000 rw-p 00000000 00:00 0 
7f43a8587000-7f43a861d000 ---p 00000000 00:00 0 
7f43a861d000-7f43a863a000 rw-p 00000000 00:00 0 
7f43a863a000-7f43a89de000 ---p 00000000 00:00 0 
7f43a89de000-7f43a89f9000 r-xp 00000000 08:02 2885480                    /opt/jdk/jdk1.8.0_161/jre/lib/amd64/libzip.so
7f43a89f9000-7f43a8bf9000 ---p 0001b000 08:02 2885480                    /opt/jdk/jdk1.8.0_161/jre/lib/amd64/libzip.so
7f43a8bf9000-7f43a8bfa000 rw-p 0001b000 08:02 2885480                    /opt/jdk/jdk1.8.0_161/jre/lib/amd64/libzip.so
7f43a8bfa000-7f43a8c05000 r-xp 00000000 08:02 791228                     /lib/x86_64-linux-gnu/libnss_files-2.23.so
7f43a8c05000-7f43a8e04000 ---p 0000b000 08:02 791228                     /lib/x86_64-linux-gnu/libnss_files-2.23.so
7f43a8e04000-7f43a8e05000 r--p 0000a000 08:02 791228                     /lib/x86_64-linux-gnu/libnss_files-2.23.so
7f43a8e05000-7f43a8e06000 rw-p 0000b000 08:02 791228                     /lib/x86_64-linux-gnu/libnss_files-2.23.so
7f43a8e06000-7f43a8e0c000 rw-p 00000000 00:00 0 
7f43a8e0c000-7f43a8e17000 r-xp 00000000 08:02 791238                     /lib/x86_64-linux-gnu/libnss_nis-2.23.so
7f43a8e17000-7f43a9016000 ---p 0000b000 08:02 791238                     /lib/x86_64-linux-gnu/libnss_nis-2.23.so
7f43a9016000-7f43a9017000 r--p 0000a000 08:02 791238                     /lib/x86_64-linux-gnu/libnss_nis-2.23.so
7f43a9017000-7f43a9018000 rw-p 0000b000 08:02 791238                     /lib/x86_64-linux-gnu/libnss_nis-2.23.so
7f43a9018000-7f43a902e000 r-xp 00000000 08:02 791222                     /lib/x86_64-linux-gnu/libnsl-2.23.so
7f43a902e000-7f43a922d000 ---p 00016000 08:02 791222                     /lib/x86_64-linux-gnu/libnsl-2.23.so
7f43a922d000-7f43a922e000 r--p 00015000 08:02 791222                     /lib/x86_64-linux-gnu/libnsl-2.23.so
7f43a922e000-7f43a922f000 rw-p 00016000 08:02 791222                     /lib/x86_64-linux-gnu/libnsl-2.23.so
7f43a922f000-7f43a9231000 rw-p 00000000 00:00 0 
7f43a9231000-7f43a9239000 r-xp 00000000 08:02 791224                     /lib/x86_64-linux-gnu/libnss_compat-2.23.so
7f43a9239000-7f43a9438000 ---p 00008000 08:02 791224                     /lib/x86_64-linux-gnu/libnss_compat-2.23.so
7f43a9438000-7f43a9439000 r--p 00007000 08:02 791224                     /lib/x86_64-linux-gnu/libnss_compat-2.23.so
7f43a9439000-7f43a943a000 rw-p 00008000 08:02 791224                     /lib/x86_64-linux-gnu/libnss_compat-2.23.so
7f43a943a000-7f43a9444000 r-xp 00000000 08:02 2885489                    /opt/jdk/jdk1.8.0_161/jre/lib/amd64/libinstrument.so
7f43a9444000-7f43a9643000 ---p 0000a000 08:02 2885489                    /opt/jdk/jdk1.8.0_161/jre/lib/amd64/libinstrument.so
7f43a9643000-7f43a9644000 rw-p 00009000 08:02 2885489                    /opt/jdk/jdk1.8.0_161/jre/lib/amd64/libinstrument.so
7f43a9644000-7f43a966f000 r-xp 00000000 08:02 2885474                    /opt/jdk/jdk1.8.0_161/jre/lib/amd64/libjava.so
7f43a966f000-7f43a986e000 ---p 0002b000 08:02 2885474                    /opt/jdk/jdk1.8.0_161/jre/lib/amd64/libjava.so
7f43a986e000-7f43a9870000 rw-p 0002a000 08:02 2885474                    /opt/jdk/jdk1.8.0_161/jre/lib/amd64/libjava.so
7f43a9870000-7f43a987d000 r-xp 00000000 08:02 2885479                    /opt/jdk/jdk1.8.0_161/jre/lib/amd64/libverify.so
7f43a987d000-7f43a9a7d000 ---p 0000d000 08:02 2885479                    /opt/jdk/jdk1.8.0_161/jre/lib/amd64/libverify.so
7f43a9a7d000-7f43a9a7f000 rw-p 0000d000 08:02 2885479                    /opt/jdk/jdk1.8.0_161/jre/lib/amd64/libverify.so
7f43a9a7f000-7f43a9a86000 r-xp 00000000 08:02 791283                     /lib/x86_64-linux-gnu/librt-2.23.so
7f43a9a86000-7f43a9c85000 ---p 00007000 08:02 791283                     /lib/x86_64-linux-gnu/librt-2.23.so
7f43a9c85000-7f43a9c86000 r--p 00006000 08:02 791283                     /lib/x86_64-linux-gnu/librt-2.23.so
7f43a9c86000-7f43a9c87000 rw-p 00007000 08:02 791283                     /lib/x86_64-linux-gnu/librt-2.23.so
7f43a9c87000-7f43a9d8f000 r-xp 00000000 08:02 791201                     /lib/x86_64-linux-gnu/libm-2.23.so
7f43a9d8f000-7f43a9f8e000 ---p 00108000 08:02 791201                     /lib/x86_64-linux-gnu/libm-2.23.so
7f43a9f8e000-7f43a9f8f000 r--p 00107000 08:02 791201                     /lib/x86_64-linux-gnu/libm-2.23.so
7f43a9f8f000-7f43a9f90000 rw-p 00108000 08:02 791201                     /lib/x86_64-linux-gnu/libm-2.23.so
7f43a9f90000-7f43aac69000 r-xp 00000000 08:02 2885457                    /opt/jdk/jdk1.8.0_161/jre/lib/amd64/server/libjvm.so
7f43aac69000-7f43aae68000 ---p 00cd9000 08:02 2885457                    /opt/jdk/jdk1.8.0_161/jre/lib/amd64/server/libjvm.so
7f43aae68000-7f43aaf41000 rw-p 00cd8000 08:02 2885457                    /opt/jdk/jdk1.8.0_161/jre/lib/amd64/server/libjvm.so
7f43aaf41000-7f43aaf8d000 rw-p 00000000 00:00 0 
7f43aaf8d000-7f43ab14d000 r-xp 00000000 08:02 791133                     /lib/x86_64-linux-gnu/libc-2.23.so
7f43ab14d000-7f43ab34d000 ---p 001c0000 08:02 791133                     /lib/x86_64-linux-gnu/libc-2.23.so
7f43ab34d000-7f43ab351000 r--p 001c0000 08:02 791133                     /lib/x86_64-linux-gnu/libc-2.23.so
7f43ab351000-7f43ab353000 rw-p 001c4000 08:02 791133                     /lib/x86_64-linux-gnu/libc-2.23.so
7f43ab353000-7f43ab357000 rw-p 00000000 00:00 0 
7f43ab357000-7f43ab35a000 r-xp 00000000 08:02 791155                     /lib/x86_64-linux-gnu/libdl-2.23.so
7f43ab35a000-7f43ab559000 ---p 00003000 08:02 791155                     /lib/x86_64-linux-gnu/libdl-2.23.so
7f43ab559000-7f43ab55a000 r--p 00002000 08:02 791155                     /lib/x86_64-linux-gnu/libdl-2.23.so
7f43ab55a000-7f43ab55b000 rw-p 00003000 08:02 791155                     /lib/x86_64-linux-gnu/libdl-2.23.so
7f43ab55b000-7f43ab571000 r-xp 00000000 08:02 2885095                    /opt/jdk/jdk1.8.0_161/lib/amd64/jli/libjli.so
7f43ab571000-7f43ab770000 ---p 00016000 08:02 2885095                    /opt/jdk/jdk1.8.0_161/lib/amd64/jli/libjli.so
7f43ab770000-7f43ab771000 rw-p 00015000 08:02 2885095                    /opt/jdk/jdk1.8.0_161/lib/amd64/jli/libjli.so
7f43ab771000-7f43ab789000 r-xp 00000000 08:02 791275                     /lib/x86_64-linux-gnu/libpthread-2.23.so
7f43ab789000-7f43ab988000 ---p 00018000 08:02 791275                     /lib/x86_64-linux-gnu/libpthread-2.23.so
7f43ab988000-7f43ab989000 r--p 00017000 08:02 791275                     /lib/x86_64-linux-gnu/libpthread-2.23.so
7f43ab989000-7f43ab98a000 rw-p 00018000 08:02 791275                     /lib/x86_64-linux-gnu/libpthread-2.23.so
7f43ab98a000-7f43ab98e000 rw-p 00000000 00:00 0 
7f43ab98e000-7f43ab9b4000 r-xp 00000000 08:02 791107                     /lib/x86_64-linux-gnu/ld-2.23.so
7f43ab9b4000-7f43ab9b6000 r--s 00007000 08:02 2885502                    /opt/jdk/jdk1.8.0_161/jre/lib/jfxswt.jar
7f43ab9b6000-7f43ab9bb000 r--s 002f9000 08:02 2885268                    /opt/jdk/jdk1.8.0_161/jre/lib/charsets.jar
7f43ab9bb000-7f43aba8c000 rw-p 00000000 00:00 0 
7f43aba8c000-7f43aba8f000 ---p 00000000 00:00 0 
7f43aba8f000-7f43abb92000 rw-p 00000000 00:00 0 
7f43abb92000-7f43abb93000 r--s 00000000 08:02 2885194                    /opt/jdk/jdk1.8.0_161/jre/lib/management-agent.jar
7f43abb93000-7f43abb96000 r--s 0001a000 08:02 2885500                    /opt/jdk/jdk1.8.0_161/jre/lib/jce.jar
7f43abb96000-7f43abba9000 rw-p 00000000 00:00 0 
7f43abba9000-7f43abbb1000 rw-s 00000000 08:02 3015319                    /tmp/hsperfdata_blacksabbathx/4124
7f43abbb1000-7f43abbb2000 rw-p 00000000 00:00 0 
7f43abbb2000-7f43abbb3000 r--p 00000000 00:00 0 
7f43abbb3000-7f43abbb4000 r--p 00025000 08:02 791107                     /lib/x86_64-linux-gnu/ld-2.23.so
7f43abbb4000-7f43abbb5000 rw-p 00026000 08:02 791107                     /lib/x86_64-linux-gnu/ld-2.23.so
7f43abbb5000-7f43abbb6000 rw-p 00000000 00:00 0 
7ffdcf393000-7ffdcf3b4000 rw-p 00000000 00:00 0                          [stack]
7ffdcf3e4000-7ffdcf3e7000 r--p 00000000 00:00 0                          [vvar]
7ffdcf3e7000-7ffdcf3e9000 r-xp 00000000 00:00 0                          [vdso]
ffffffffff600000-ffffffffff601000 r-xp 00000000 00:00 0                  [vsyscall]

VM Arguments:
jvm_args: -javaagent:/home/blacksabbathx/.local/share/JetBrains/Toolbox/apps/IDEA-U/ch-0/181.4445.78/lib/idea_rt.jar=33035:/home/blacksabbathx/.local/share/JetBrains/Toolbox/apps/IDEA-U/ch-0/181.4445.78/bin -Dfile.encoding=UTF-8 
java_command: MainClass
java_class_path (initial): /opt/jdk/jdk1.8.0_161/jre/lib/charsets.jar:/opt/jdk/jdk1.8.0_161/jre/lib/deploy.jar:/opt/jdk/jdk1.8.0_161/jre/lib/ext/cldrdata.jar:/opt/jdk/jdk1.8.0_161/jre/lib/ext/dnsns.jar:/opt/jdk/jdk1.8.0_161/jre/lib/ext/jaccess.jar:/opt/jdk/jdk1.8.0_161/jre/lib/ext/jfxrt.jar:/opt/jdk/jdk1.8.0_161/jre/lib/ext/localedata.jar:/opt/jdk/jdk1.8.0_161/jre/lib/ext/nashorn.jar:/opt/jdk/jdk1.8.0_161/jre/lib/ext/sunec.jar:/opt/jdk/jdk1.8.0_161/jre/lib/ext/sunjce_provider.jar:/opt/jdk/jdk1.8.0_161/jre/lib/ext/sunpkcs11.jar:/opt/jdk/jdk1.8.0_161/jre/lib/ext/zipfs.jar:/opt/jdk/jdk1.8.0_161/jre/lib/javaws.jar:/opt/jdk/jdk1.8.0_161/jre/lib/jce.jar:/opt/jdk/jdk1.8.0_161/jre/lib/jfr.jar:/opt/jdk/jdk1.8.0_161/jre/lib/jfxswt.jar:/opt/jdk/jdk1.8.0_161/jre/lib/jsse.jar:/opt/jdk/jdk1.8.0_161/jre/lib/management-agent.jar:/opt/jdk/jdk1.8.0_161/jre/lib/plugin.jar:/opt/jdk/jdk1.8.0_161/jre/lib/resources.jar:/opt/jdk/jdk1.8.0_161/jre/lib/rt.jar:/home/blacksabbathx/IdeaProjects/ProyectoCine/out/production/ProyectoCine:/home/blacksabbathx/IdeaProjects/ProyectoCine/src/sources/jfoenix-8.0.1.jar:/home/blacksabbathx/IdeaProjects/ProyectoCine/src/sources/controlsfx-8.40.14.jar:/home/blacksabbathx/.local/share/JetBrains/Toolbox/apps/IDEA-U/ch-0/181.4445.78/lib/idea_rt.jar
Launcher Type: SUN_STANDARD

Environment Variables:
PATH=/home/blacksabbathx/bin:/home/blacksabbathx/.local/bin:/usr/local/sbin:/usr/local/bin:/usr/sbin:/usr/bin:/sbin:/bin:/usr/games:/usr/local/games:/snap/bin
SHELL=/bin/bash
DISPLAY=:0

Signal Handlers:
SIGSEGV: [libjvm.so+0xad01e0], sa_mask[0]=11111111011111111101111111111110, sa_flags=SA_RESTART|SA_SIGINFO
SIGBUS: [libjvm.so+0xad01e0], sa_mask[0]=11111111011111111101111111111110, sa_flags=SA_RESTART|SA_SIGINFO
SIGFPE: [libjvm.so+0x927fb0], sa_mask[0]=11111111011111111101111111111110, sa_flags=SA_RESTART|SA_SIGINFO
SIGPIPE: SIG_IGN, sa_mask[0]=00000000000010000000000000000000, sa_flags=SA_RESTART
SIGXFSZ: [libjvm.so+0x927fb0], sa_mask[0]=11111111011111111101111111111110, sa_flags=SA_RESTART|SA_SIGINFO
SIGILL: [libjvm.so+0x927fb0], sa_mask[0]=11111111011111111101111111111110, sa_flags=SA_RESTART|SA_SIGINFO
SIGUSR1: SIG_DFL, sa_mask[0]=00000000000000000000000000000000, sa_flags=none
SIGUSR2: [libjvm.so+0x9297f0], sa_mask[0]=00100000000000000000000000000000, sa_flags=SA_RESTART|SA_SIGINFO
SIGHUP: [libjvm.so+0x92abf0], sa_mask[0]=11111111011111111101111111111110, sa_flags=SA_RESTART|SA_SIGINFO
SIGINT: [libjvm.so+0x92abf0], sa_mask[0]=11111111011111111101111111111110, sa_flags=SA_RESTART|SA_SIGINFO
SIGTERM: [libjvm.so+0x92abf0], sa_mask[0]=11111111011111111101111111111110, sa_flags=SA_RESTART|SA_SIGINFO
SIGQUIT: [libjvm.so+0x92abf0], sa_mask[0]=11111111011111111101111111111110, sa_flags=SA_RESTART|SA_SIGINFO


---------------  S Y S T E M  ---------------

OS:DISTRIB_ID=neon
DISTRIB_RELEASE=16.04
DISTRIB_CODENAME=xenial
DISTRIB_DESCRIPTION="KDE neon User Edition 5.12"

uname:Linux 4.13.0-38-generic #43~16.04.1-Ubuntu SMP Wed Mar 14 17:48:43 UTC 2018 x86_64
libc:glibc 2.23 NPTL 2.23 
rlimit: STACK 8192k, CORE 0k, NPROC 15129, NOFILE 1048576, AS infinity
load average:3,12 2,64 2,05

/proc/meminfo:
MemTotal:        3927380 kB
MemFree:          133552 kB
MemAvailable:    1212548 kB
Buffers:           56448 kB
Cached:          1525604 kB
SwapCached:            0 kB
Active:          2680628 kB
Inactive:         940088 kB
Active(anon):    2005784 kB
Inactive(anon):   358444 kB
Active(file):     674844 kB
Inactive(file):   581644 kB
Unevictable:          32 kB
Mlocked:              32 kB
SwapTotal:       3907580 kB
SwapFree:        3907580 kB
Dirty:              3284 kB
Writeback:             0 kB
AnonPages:       2038728 kB
Mapped:           284644 kB
Shmem:            325568 kB
Slab:              95292 kB
SReclaimable:      62668 kB
SUnreclaim:        32624 kB
KernelStack:        6512 kB
PageTables:        32576 kB
NFS_Unstable:          0 kB
Bounce:                0 kB
WritebackTmp:          0 kB
CommitLimit:     5871268 kB
Committed_AS:    3995168 kB
VmallocTotal:   34359738367 kB
VmallocUsed:           0 kB
VmallocChunk:          0 kB
HardwareCorrupted:     0 kB
AnonHugePages:         0 kB
ShmemHugePages:        0 kB
ShmemPmdMapped:        0 kB
CmaTotal:              0 kB
CmaFree:               0 kB
HugePages_Total:       0
HugePages_Free:        0
HugePages_Rsvd:        0
HugePages_Surp:        0
Hugepagesize:       2048 kB
DirectMap4k:      151552 kB
DirectMap2M:     3930112 kB


CPU:total 2 (initial active 2) (2 cores per cpu, 1 threads per core) family 6 model 76 stepping 4, cmov, cx8, fxsr, mmx, sse, sse2, sse3, ssse3, sse4.1, sse4.2, popcnt, aes, clmul, erms, 3dnowpref, tsc, tscinvbit

/proc/cpuinfo:
processor	: 0
vendor_id	: GenuineIntel
cpu family	: 6
model		: 76
model name	: Intel(R) Celeron(R) CPU  N3060  @ 1.60GHz
stepping	: 4
microcode	: 0x404
cpu MHz		: 2480.000
cache size	: 1024 KB
physical id	: 0
siblings	: 2
core id		: 0
cpu cores	: 2
apicid		: 0
initial apicid	: 0
fpu		: yes
fpu_exception	: yes
cpuid level	: 11
wp		: yes
flags		: fpu vme de pse tsc msr pae mce cx8 apic sep mtrr pge mca cmov pat pse36 clflush dts acpi mmx fxsr sse sse2 ss ht tm pbe syscall nx rdtscp lm constant_tsc arch_perfmon pebs bts rep_good nopl xtopology tsc_reliable nonstop_tsc cpuid aperfmperf tsc_known_freq pni pclmulqdq dtes64 monitor ds_cpl vmx est tm2 ssse3 cx16 xtpr pdcm sse4_1 sse4_2 movbe popcnt tsc_deadline_timer aes rdrand lahf_lm 3dnowprefetch epb pti retpoline tpr_shadow vnmi flexpriority ept vpid tsc_adjust smep erms dtherm ida arat
bugs		: cpu_meltdown spectre_v1 spectre_v2
bogomips	: 3200.00
clflush size	: 64
cache_alignment	: 64
address sizes	: 36 bits physical, 48 bits virtual
power management:

processor	: 1
vendor_id	: GenuineIntel
cpu family	: 6
model		: 76
model name	: Intel(R) Celeron(R) CPU  N3060  @ 1.60GHz
stepping	: 4
microcode	: 0x404
cpu MHz		: 2480.000
cache size	: 1024 KB
physical id	: 0
siblings	: 2
core id		: 2
cpu cores	: 2
apicid		: 4
initial apicid	: 4
fpu		: yes
fpu_exception	: yes
cpuid level	: 11
wp		: yes
flags		: fpu vme de pse tsc msr pae mce cx8 apic sep mtrr pge mca cmov pat pse36 clflush dts acpi mmx fxsr sse sse2 ss ht tm pbe syscall nx rdtscp lm constant_tsc arch_perfmon pebs bts rep_good nopl xtopology tsc_reliable nonstop_tsc cpuid aperfmperf tsc_known_freq pni pclmulqdq dtes64 monitor ds_cpl vmx est tm2 ssse3 cx16 xtpr pdcm sse4_1 sse4_2 movbe popcnt tsc_deadline_timer aes rdrand lahf_lm 3dnowprefetch epb pti retpoline tpr_shadow vnmi flexpriority ept vpid tsc_adjust smep erms dtherm ida arat
bugs		: cpu_meltdown spectre_v1 spectre_v2
bogomips	: 3200.00
clflush size	: 64
cache_alignment	: 64
address sizes	: 36 bits physical, 48 bits virtual
power management:



Memory: 4k page, physical 3927380k(133428k free), swap 3907580k(3907580k free)

vm_info: Java HotSpot(TM) 64-Bit Server VM (25.161-b12) for linux-amd64 JRE (1.8.0_161-b12), built on Dec 19 2017 16:12:43 by "java_re" with gcc 4.3.0 20080428 (Red Hat 4.3.0-8)

time: Thu Apr 19 01:22:06 2018
elapsed time: 17 seconds (0d 0h 0m 17s)

