#
# A fatal error has been detected by the Java Runtime Environment:
#
#  SIGSEGV (0xb) at pc=0x00007f278a9b5788, pid=13640, tid=0x00007f272ffff700
#
# JRE version: Java(TM) SE Runtime Environment (8.0_161-b12) (build 1.8.0_161-b12)
# Java VM: Java HotSpot(TM) 64-Bit Server VM (25.161-b12 mixed mode linux-amd64 compressed oops)
# Problematic frame:
# V  [libjvm.so+0x6d7788]  jni_invoke_nonstatic(JNIEnv_*, JavaValue*, _jobject*, JNICallType, _jmethodID*, JNI_ArgumentPusher*, Thread*)+0x38
#
# Failed to write core dump. Core dumps have been disabled. To enable core dumping, try "ulimit -c unlimited" before starting Java again
#
# If you would like to submit a bug report, please visit:
#   http://bugreport.java.com/bugreport/crash.jsp
#

---------------  T H R E A D  ---------------

Current thread (0x00007f27842e9000):  JavaThread "JavaFX Application Thread" [_thread_in_vm, id=13666, stack(0x00007f272feff000,0x00007f2730000000)]

siginfo: si_signo: 11 (SIGSEGV), si_code: 1 (SEGV_MAPERR), si_addr: 0xffffffffffffffff

Registers:
RAX=0x00007f272fffe240, RBX=0x00007f272fffe150, RCX=0x0000000000000001, RDX=0xffffffffffffffff
RSP=0x00007f272fffdfa0, RBP=0x00007f272fffe120, RSI=0x00007f272fffe1b0, RDI=0x00007f27842e91f8
R8 =0x00007f27842a5ce8, R9 =0x00007f272fffe150, R10=0x00007f2728000be0, R11=0x00007f27755fda00
R12=0x00007f27842e9000, R13=0x00007f27842a5ce8, R14=0x0000000000000001, R15=0x00007f27842e91f8
RIP=0x00007f278a9b5788, EFLAGS=0x0000000000010286, CSGSFS=0x002b000000000033, ERR=0x0000000000000005
  TRAPNO=0x000000000000000e

Top of Stack: (sp=0x00007f272fffdfa0)
0x00007f272fffdfa0:   00007f272fffe6a0 00007f272fffe2c0
0x00007f272fffdfb0:   00007f272fffe000 00007f272fffe080
0x00007f272fffdfc0:   00007f272fffe150 00007f272fffe1b0
0x00007f272fffdfd0:   00007f27842e91f8 00007f278a9d5290
0x00007f272fffdfe0:   00007f274c011e50 00007f274c011e60
0x00007f272fffdff0:   00007f274c012238 00000000000003d8
0x00007f272fffe000:   00007f27842e8958 00000000ed012bf0
0x00007f272fffe010:   00007f270000006f 00007f270000000a
0x00007f272fffe020:   00000000ec240c78 00007f2700000000
0x00007f272fffe030:   0000000000000034 00007f278bce6b1f
0x00007f272fffe040:   00007f2772ee9d78 0000000100000100
0x00007f272fffe050:   00007f2772f71748 00007f272fffe008
0x00007f272fffe060:   00007f272fffe049 0000000800000005
0x00007f272fffe070:   00007f2772f8e300 00007f27842e8960
0x00007f272fffe080:   00007f278b248e70 00007f278bd85720
0x00007f272fffe090:   00000000842e87f0 00007f27842e9000
0x00007f272fffe0a0:   0000000000000000 00007f278a9b5b5b
0x00007f272fffe0b0:   00007f2772ef3ec0 00007f27842e9000
0x00007f272fffe0c0:   00007f2772ef3ec0 00007f27842e9000
0x00007f272fffe0d0:   00007f272fffe260 00007f2772ef3ec0
0x00007f272fffe0e0:   00007f2772ef3ec0 00007f2772ef3ec0
0x00007f272fffe0f0:   00007f274c011e50 00007f272fffe150
0x00007f272fffe100:   00007f27842e9000 00007f272fffe190
0x00007f272fffe110:   00007f27842a5ce8 00007f27842e91f8
0x00007f272fffe120:   00007f272fffe210 00007f278a9b9f2f
0x00007f272fffe130:   00007f27842e9000 00007f277041f094
0x00007f272fffe140:   00007f272fffe228 ffffffffffffffff
0x00007f272fffe150:   00007f278b249af0 00007f278bd85720
0x00007f272fffe160:   000000002fffe1d0 00007f2700000063
0x00007f272fffe170:   0000000000000000 0000003000000018
0x00007f272fffe180:   00007f272fffe300 00007f272fffe240
0x00007f272fffe190:   00007f27842e9000 0000000000000000 

Instructions: (pc=0x00007f278a9b5788)
0x00007f278a9b5768:   00 00 48 85 d2 48 89 bd b0 fe ff ff 48 89 b5 a8
0x00007f278a9b5778:   fe ff ff 4c 89 8d a0 fe ff ff 0f 84 78 09 00 00
0x00007f278a9b5788:   4c 8b 22 4d 85 e4 0f 84 6c 09 00 00 48 8b 45 10
0x00007f278a9b5798:   48 8b 98 38 01 00 00 48 83 7b 18 f7 0f 87 16 07 

Register to memory mapping:

RAX=0x00007f272fffe240 is pointing into the stack for thread: 0x00007f27842e9000
RBX=0x00007f272fffe150 is pointing into the stack for thread: 0x00007f27842e9000
RCX=0x0000000000000001 is an unknown value
RDX=0xffffffffffffffff is an unknown value
RSP=0x00007f272fffdfa0 is pointing into the stack for thread: 0x00007f27842e9000
RBP=0x00007f272fffe120 is pointing into the stack for thread: 0x00007f27842e9000
RSI=0x00007f272fffe1b0 is pointing into the stack for thread: 0x00007f27842e9000
RDI=0x00007f27842e91f8 is an unknown value
R8 =0x00007f27842a5ce8 is an unknown value
R9 =0x00007f272fffe150 is pointing into the stack for thread: 0x00007f27842e9000
R10=0x00007f2728000be0 is an unknown value
R11=0x00007f27755fda00 is at entry_point+32 in (nmethod*)0x00007f27755fd890
R12=0x00007f27842e9000 is a thread
R13=0x00007f27842a5ce8 is an unknown value
R14=0x0000000000000001 is an unknown value
R15=0x00007f27842e91f8 is an unknown value


Stack: [0x00007f272feff000,0x00007f2730000000],  sp=0x00007f272fffdfa0,  free space=1019k
Native frames: (J=compiled Java code, j=interpreted, Vv=VM code, C=native code)
V  [libjvm.so+0x6d7788]  jni_invoke_nonstatic(JNIEnv_*, JavaValue*, _jobject*, JNICallType, _jmethodID*, JNI_ArgumentPusher*, Thread*)+0x38
V  [libjvm.so+0x6dbf2f]  jni_CallVoidMethodV+0x10f
C  [libglass.so+0x18641]  JNIEnv_::CallVoidMethod(_jobject*, _jmethodID*, ...)+0x81
C  [libglass.so+0x14f0f]  WindowContextBase::process_key(_GdkEventKey*)+0x20f
C  [libglass.so+0x19f60]  WindowContextBase::im_filter_keypress(_GdkEventKey*)+0x1c0
C  [libglass.so+0x1a91c]  process_events(_GdkEvent*, void*)+0x22c
C  [libgdk-x11-2.0.so.0+0x5ac8c]

Java frames: (J=compiled Java code, j=interpreted, Vv=VM code)
j  com.sun.glass.ui.gtk.GtkApplication._runLoop(Ljava/lang/Runnable;Z)V+0
j  com.sun.glass.ui.gtk.GtkApplication.lambda$null$48(Ljava/lang/Runnable;Z)V+7
j  com.sun.glass.ui.gtk.GtkApplication$$Lambda$41.run()V+12
j  java.lang.Thread.run()V+11
v  ~StubRoutines::call_stub

---------------  P R O C E S S  ---------------

Java Threads: ( => current thread )
  0x00007f27282ad000 JavaThread "Prism Font Disposer" daemon [_thread_blocked, id=13674, stack(0x00007f272eadc000,0x00007f272ebdd000)]
  0x00007f27842ec800 JavaThread "JavaFX-Launcher" [_thread_blocked, id=13668, stack(0x00007f272fdfe000,0x00007f272feff000)]
=>0x00007f27842e9000 JavaThread "JavaFX Application Thread" [_thread_in_vm, id=13666, stack(0x00007f272feff000,0x00007f2730000000)]
  0x00007f27842e5000 JavaThread "Thread-1" daemon [_thread_blocked, id=13665, stack(0x00007f2770017000,0x00007f2770118000)]
  0x00007f2784296800 JavaThread "QuantumRenderer-0" daemon [_thread_blocked, id=13664, stack(0x00007f2770eb9000,0x00007f2770fba000)]
  0x00007f27841fc000 JavaThread "Service Thread" daemon [_thread_blocked, id=13662, stack(0x00007f27710bb000,0x00007f27711bc000)]
  0x00007f27841de000 JavaThread "C1 CompilerThread1" daemon [_thread_in_native, id=13661, stack(0x00007f27711bc000,0x00007f27712bd000)]
  0x00007f27841dc800 JavaThread "C2 CompilerThread0" daemon [_thread_blocked, id=13660, stack(0x00007f27714d4000,0x00007f27715d5000)]
  0x00007f27841d2000 JavaThread "Monitor Ctrl-Break" daemon [_thread_in_native, id=13659, stack(0x00007f27715d5000,0x00007f27716d6000)]
  0x00007f278413c000 JavaThread "Signal Dispatcher" daemon [_thread_blocked, id=13658, stack(0x00007f27717a7000,0x00007f27718a8000)]
  0x00007f2784109000 JavaThread "Finalizer" daemon [_thread_blocked, id=13651, stack(0x00007f2771df4000,0x00007f2771ef5000)]
  0x00007f2784104800 JavaThread "Reference Handler" daemon [_thread_blocked, id=13650, stack(0x00007f2771ef5000,0x00007f2771ff6000)]
  0x00007f278400c000 JavaThread "main" [_thread_blocked, id=13642, stack(0x00007f278bdda000,0x00007f278bedb000)]

Other Threads:
  0x00007f27840fd000 VMThread [stack: 0x00007f2771ff6000,0x00007f27720f7000] [id=13648]
  0x00007f2784209800 WatcherThread [stack: 0x00007f2770fba000,0x00007f27710bb000] [id=13663]

VM state:not at safepoint (normal execution)

VM Mutex/Monitor currently owned by a thread: None

Heap:
 PSYoungGen      total 17920K, used 6264K [0x00000000ec000000, 0x00000000ed400000, 0x0000000100000000)
  eden space 15360K, 24% used [0x00000000ec000000,0x00000000ec3a6068,0x00000000ecf00000)
  from space 2560K, 98% used [0x00000000ecf00000,0x00000000ed178010,0x00000000ed180000)
  to   space 2560K, 0% used [0x00000000ed180000,0x00000000ed180000,0x00000000ed400000)
 ParOldGen       total 155648K, used 118689K [0x00000000c4000000, 0x00000000cd800000, 0x00000000ec000000)
  object space 155648K, 76% used [0x00000000c4000000,0x00000000cb3e87a8,0x00000000cd800000)
 Metaspace       used 18017K, capacity 18840K, committed 19072K, reserved 1064960K
  class space    used 2607K, capacity 2823K, committed 2944K, reserved 1048576K

Card table byte_map: [0x00007f278878b000,0x00007f278896c000] byte_map_base: 0x00007f278816b000

Marking Bits: (ParMarkBitMap*) 0x00007f278b2ad920
 Begin Bits: [0x00007f2773200000, 0x00007f2774100000)
 End Bits:   [0x00007f2774100000, 0x00007f2775000000)

Polling page: 0x00007f278bf00000

CodeCache: size=245760Kb used=6294Kb max_used=6299Kb free=239465Kb
 bounds [0x00007f2775000000, 0x00007f2775630000, 0x00007f2784000000]
 total_blobs=2767 nmethods=2119 adapters=562
 compilation: enabled

Compilation events (10 events):
Event: 21,822 Thread 0x00007f27841de000 nmethod 2117 0x00007f2775621e10 code [0x00007f2775621f60, 0x00007f27756220b0]
Event: 21,822 Thread 0x00007f27841de000 2113       3       javafx.scene.paint.Color::getRed (6 bytes)
Event: 21,822 Thread 0x00007f27841de000 nmethod 2113 0x00007f2775621ad0 code [0x00007f2775621c20, 0x00007f2775621d70]
Event: 21,822 Thread 0x00007f27841de000 2115       3       com.sun.javafx.css.CompoundSelector::stateMatches (18 bytes)
Event: 21,823 Thread 0x00007f27841de000 nmethod 2115 0x00007f2775621610 code [0x00007f2775621780, 0x00007f27756219f8]
Event: 21,823 Thread 0x00007f27841de000 2112       3       com.sun.javafx.css.SizeUnits$1::pixels (8 bytes)
Event: 21,823 Thread 0x00007f27841de000 nmethod 2112 0x00007f2775621290 code [0x00007f2775621420, 0x00007f2775621570]
Event: 21,823 Thread 0x00007f27841dc800 2118       4       com.sun.javafx.css.StyleMap::isEmpty (36 bytes)
Event: 21,825 Thread 0x00007f27841dc800 nmethod 2118 0x00007f2775629fd0 code [0x00007f277562a120, 0x00007f277562a218]
Event: 21,829 Thread 0x00007f27841de000 2120       1       javafx.scene.layout.Region::computeMaxWidth (4 bytes)

GC Heap History (6 events):
Event: 2,635 GC heap before
{Heap before GC invocations=1 (full 0):
 PSYoungGen      total 17920K, used 15360K [0x00000000ec000000, 0x00000000ed400000, 0x0000000100000000)
  eden space 15360K, 100% used [0x00000000ec000000,0x00000000ecf00000,0x00000000ecf00000)
  from space 2560K, 0% used [0x00000000ed180000,0x00000000ed180000,0x00000000ed400000)
  to   space 2560K, 0% used [0x00000000ecf00000,0x00000000ecf00000,0x00000000ed180000)
 ParOldGen       total 40960K, used 0K [0x00000000c4000000, 0x00000000c6800000, 0x00000000ec000000)
  object space 40960K, 0% used [0x00000000c4000000,0x00000000c4000000,0x00000000c6800000)
 Metaspace       used 8588K, capacity 8972K, committed 9088K, reserved 1056768K
  class space    used 1044K, capacity 1134K, committed 1152K, reserved 1048576K
Event: 2,652 GC heap after
Heap after GC invocations=1 (full 0):
 PSYoungGen      total 17920K, used 1712K [0x00000000ec000000, 0x00000000ed400000, 0x0000000100000000)
  eden space 15360K, 0% used [0x00000000ec000000,0x00000000ec000000,0x00000000ecf00000)
  from space 2560K, 66% used [0x00000000ecf00000,0x00000000ed0ac050,0x00000000ed180000)
  to   space 2560K, 0% used [0x00000000ed180000,0x00000000ed180000,0x00000000ed400000)
 ParOldGen       total 40960K, used 72K [0x00000000c4000000, 0x00000000c6800000, 0x00000000ec000000)
  object space 40960K, 0% used [0x00000000c4000000,0x00000000c4012010,0x00000000c6800000)
 Metaspace       used 8588K, capacity 8972K, committed 9088K, reserved 1056768K
  class space    used 1044K, capacity 1134K, committed 1152K, reserved 1048576K
}
Event: 6,638 GC heap before
{Heap before GC invocations=2 (full 0):
 PSYoungGen      total 17920K, used 17062K [0x00000000ec000000, 0x00000000ed400000, 0x0000000100000000)
  eden space 15360K, 99% used [0x00000000ec000000,0x00000000ecefd908,0x00000000ecf00000)
  from space 2560K, 66% used [0x00000000ecf00000,0x00000000ed0ac050,0x00000000ed180000)
  to   space 2560K, 0% used [0x00000000ed180000,0x00000000ed180000,0x00000000ed400000)
 ParOldGen       total 155648K, used 113978K [0x00000000c4000000, 0x00000000cd800000, 0x00000000ec000000)
  object space 155648K, 73% used [0x00000000c4000000,0x00000000caf4e930,0x00000000cd800000)
 Metaspace       used 13097K, capacity 13548K, committed 13824K, reserved 1060864K
  class space    used 1788K, capacity 1929K, committed 2048K, reserved 1048576K
Event: 6,667 GC heap after
Heap after GC invocations=2 (full 0):
 PSYoungGen      total 17920K, used 2528K [0x00000000ec000000, 0x00000000ed400000, 0x0000000100000000)
  eden space 15360K, 0% used [0x00000000ec000000,0x00000000ec000000,0x00000000ecf00000)
  from space 2560K, 98% used [0x00000000ed180000,0x00000000ed3f8050,0x00000000ed400000)
  to   space 2560K, 0% used [0x00000000ecf00000,0x00000000ecf00000,0x00000000ed180000)
 ParOldGen       total 155648K, used 116083K [0x00000000c4000000, 0x00000000cd800000, 0x00000000ec000000)
  object space 155648K, 74% used [0x00000000c4000000,0x00000000cb15ceb0,0x00000000cd800000)
 Metaspace       used 13097K, capacity 13548K, committed 13824K, reserved 1060864K
  class space    used 1788K, capacity 1929K, committed 2048K, reserved 1048576K
}
Event: 13,519 GC heap before
{Heap before GC invocations=3 (full 0):
 PSYoungGen      total 17920K, used 17888K [0x00000000ec000000, 0x00000000ed400000, 0x0000000100000000)
  eden space 15360K, 100% used [0x00000000ec000000,0x00000000ecf00000,0x00000000ecf00000)
  from space 2560K, 98% used [0x00000000ed180000,0x00000000ed3f8050,0x00000000ed400000)
  to   space 2560K, 0% used [0x00000000ecf00000,0x00000000ecf00000,0x00000000ed180000)
 ParOldGen       total 155648K, used 116083K [0x00000000c4000000, 0x00000000cd800000, 0x00000000ec000000)
  object space 155648K, 74% used [0x00000000c4000000,0x00000000cb15ceb0,0x00000000cd800000)
 Metaspace       used 16940K, capacity 17658K, committed 17920K, reserved 1064960K
  class space    used 2492K, capacity 2694K, committed 2816K, reserved 1048576K
Event: 13,547 GC heap after
Heap after GC invocations=3 (full 0):
 PSYoungGen      total 17920K, used 2528K [0x00000000ec000000, 0x00000000ed400000, 0x0000000100000000)
  eden space 15360K, 0% used [0x00000000ec000000,0x00000000ec000000,0x00000000ecf00000)
  from space 2560K, 98% used [0x00000000ecf00000,0x00000000ed178010,0x00000000ed180000)
  to   space 2560K, 0% used [0x00000000ed180000,0x00000000ed180000,0x00000000ed400000)
 ParOldGen       total 155648K, used 118689K [0x00000000c4000000, 0x00000000cd800000, 0x00000000ec000000)
  object space 155648K, 76% used [0x00000000c4000000,0x00000000cb3e87a8,0x00000000cd800000)
 Metaspace       used 16940K, capacity 17658K, committed 17920K, reserved 1064960K
  class space    used 2492K, capacity 2694K, committed 2816K, reserved 1048576K
}

Deoptimization events (10 events):
Event: 7,205 Thread 0x00007f27842e9000 Uncommon trap: reason=class_check action=maybe_recompile pc=0x00007f2775194220 method=java.lang.String.equals(Ljava/lang/Object;)Z @ 8
Event: 12,846 Thread 0x00007f27842e9000 Uncommon trap: reason=class_check action=maybe_recompile pc=0x00007f2775194220 method=java.lang.String.equals(Ljava/lang/Object;)Z @ 8
Event: 12,982 Thread 0x00007f27842e9000 Uncommon trap: reason=unstable_if action=reinterpret pc=0x00007f2775301820 method=java.util.HashMap.hash(Ljava/lang/Object;)I @ 1
Event: 12,982 Thread 0x00007f27842e9000 Uncommon trap: reason=unstable_if action=reinterpret pc=0x00007f27753ab530 method=java.util.HashMap.hash(Ljava/lang/Object;)I @ 1
Event: 12,986 Thread 0x00007f27842e9000 Uncommon trap: reason=unstable_if action=reinterpret pc=0x00007f2775298da8 method=java.util.HashMap.hash(Ljava/lang/Object;)I @ 1
Event: 13,020 Thread 0x00007f27842e9000 Uncommon trap: reason=unstable_if action=reinterpret pc=0x00007f277541806c method=java.lang.ClassLoader.checkName(Ljava/lang/String;)Z @ 20
Event: 13,175 Thread 0x00007f27842e9000 Uncommon trap: reason=unstable_if action=reinterpret pc=0x00007f27754103b0 method=java.util.HashMap.isEmpty()Z @ 4
Event: 13,342 Thread 0x00007f27842e9000 Uncommon trap: reason=unstable_if action=reinterpret pc=0x00007f27752e5ba4 method=jdk.internal.org.objectweb.asm.Type.getArgumentsAndReturnSizes(Ljava/lang/String;)I @ 47
Event: 13,773 Thread 0x00007f2784296800 Uncommon trap: reason=unstable_if action=reinterpret pc=0x00007f27754a6fa0 method=java.lang.StrictMath.floorOrCeil(DDDD)D @ 115
Event: 18,691 Thread 0x00007f27842e9000 Uncommon trap: reason=unstable_if action=reinterpret pc=0x00007f277523ef20 method=java.lang.CharacterData.of(I)Ljava/lang/CharacterData; @ 4

Classes redefined (0 events):
No events

Internal exceptions (10 events):
Event: 2,740 Thread 0x00007f27842e9000 Exception <a 'java/lang/ArrayIndexOutOfBoundsException': 86> (0x00000000ec1914d0) thrown at [/HUDSON/workspace/8-2-build-linux-amd64/jdk8u161/10277/hotspot/src/share/vm/interpreter/interpreterRuntime.cpp, line 366]
Event: 3,952 Thread 0x00007f27842e9000 Exception <a 'java/lang/ArrayIndexOutOfBoundsException'> (0x00000000ec2f1140) thrown at [/HUDSON/workspace/8-2-build-linux-amd64/jdk8u161/10277/hotspot/src/share/vm/runtime/sharedRuntime.cpp, line 605]
Event: 4,877 Thread 0x00007f27842e9000 Exception <a 'java/lang/ArrayIndexOutOfBoundsException'> (0x00000000ec823820) thrown at [/HUDSON/workspace/8-2-build-linux-amd64/jdk8u161/10277/hotspot/src/share/vm/runtime/sharedRuntime.cpp, line 605]
Event: 5,054 Thread 0x00007f27842e9000 Exception <a 'java/io/FileNotFoundException'> (0x00000000ec9576b8) thrown at [/HUDSON/workspace/8-2-build-linux-amd64/jdk8u161/10277/hotspot/src/share/vm/prims/jni.cpp, line 709]
Event: 6,763 Thread 0x00007f27842e9000 Exception <a 'java/io/FileNotFoundException'> (0x00000000ec09e170) thrown at [/HUDSON/workspace/8-2-build-linux-amd64/jdk8u161/10277/hotspot/src/share/vm/prims/jni.cpp, line 709]
Event: 6,829 Thread 0x00007f27842e9000 Exception <a 'java/io/FileNotFoundException'> (0x00000000ec11b028) thrown at [/HUDSON/workspace/8-2-build-linux-amd64/jdk8u161/10277/hotspot/src/share/vm/prims/jni.cpp, line 709]
Event: 6,839 Thread 0x00007f27842e9000 Exception <a 'java/io/FileNotFoundException'> (0x00000000ec145160) thrown at [/HUDSON/workspace/8-2-build-linux-amd64/jdk8u161/10277/hotspot/src/share/vm/prims/jni.cpp, line 709]
Event: 12,982 Thread 0x00007f27842e9000 Implicit null exception at 0x00007f27753015f5 to 0x00007f2775301811
Event: 12,982 Thread 0x00007f27842e9000 Implicit null exception at 0x00007f27753ab498 to 0x00007f27753ab526
Event: 12,986 Thread 0x00007f27842e9000 Implicit null exception at 0x00007f2775298d2f to 0x00007f2775298d99

Events (10 events):
Event: 21,735 loading class javafx/scene/effect/DropShadow$7
Event: 21,735 loading class javafx/scene/effect/DropShadow$7 done
Event: 21,741 loading class javafx/scene/effect/DropShadow$8
Event: 21,741 loading class javafx/scene/effect/DropShadow$8 done
Event: 21,741 loading class javafx/scene/effect/DropShadow$2
Event: 21,741 loading class javafx/scene/effect/DropShadow$2 done
Event: 21,742 loading class javafx/scene/effect/DropShadow$3
Event: 21,742 loading class javafx/scene/effect/DropShadow$3 done
Event: 21,743 loading class com/sun/javafx/effect/EffectDirtyBits
Event: 21,743 loading class com/sun/javafx/effect/EffectDirtyBits done


Dynamic libraries:
00400000-00401000 r-xp 00000000 08:02 2883734                            /opt/jdk/jdk1.8.0_161/bin/java
00600000-00601000 rw-p 00000000 08:02 2883734                            /opt/jdk/jdk1.8.0_161/bin/java
01f61000-01f82000 rw-p 00000000 00:00 0                                  [heap]
c4000000-cd800000 rw-p 00000000 00:00 0 
cd800000-ec000000 ---p 00000000 00:00 0 
ec000000-ed400000 rw-p 00000000 00:00 0 
ed400000-100000000 ---p 00000000 00:00 0 
100000000-1002e0000 rw-p 00000000 00:00 0 
1002e0000-140000000 ---p 00000000 00:00 0 
7f2722000000-7f2728000000 rw-s 115214000 00:06 335                       /dev/dri/card0
7f2728000000-7f2728688000 rw-p 00000000 00:00 0 
7f2728688000-7f272c000000 ---p 00000000 00:00 0 
7f272c7c4000-7f272c7cc000 rw-s 1019cc000 00:06 335                       /dev/dri/card0
7f272c7cc000-7f272c7d4000 rw-s 1019f6000 00:06 335                       /dev/dri/card0
7f272c7d4000-7f272c7f0000 rw-s 100114000 00:06 335                       /dev/dri/card0
7f272c7f0000-7f272c800000 rw-s 00000000 00:05 233502                     /drm mm object (deleted)
7f272c800000-7f272c9c0000 rw-s 11ce14000 00:06 335                       /dev/dri/card0
7f272c9c0000-7f272ca0b000 r--p 00000000 08:02 3808232                    /usr/share/fonts/truetype/noto/NotoSans-Regular.ttf
7f272ca0b000-7f272cbcb000 rw-p 00000000 00:00 0 
7f272cbcb000-7f272cc0b000 ---p 00000000 00:00 0 
7f272cc0b000-7f272cdcb000 rw-s 1023d4000 00:06 335                       /dev/dri/card0
7f272cdcb000-7f272cddb000 rw-s 00000000 00:05 232954                     /drm mm object (deleted)
7f272cddb000-7f272e9db000 rw-s 11b214000 00:06 335                       /dev/dri/card0
7f272e9db000-7f272e9de000 ---p 00000000 00:00 0 
7f272e9de000-7f272eadc000 rw-p 00000000 00:00 0 
7f272eadc000-7f272eadf000 ---p 00000000 00:00 0 
7f272eadf000-7f272eddd000 rw-p 00000000 00:00 0 
7f272eddd000-7f272ede7000 r-xp 00000000 08:02 3671770                    /usr/lib/x86_64-linux-gnu/gtk-2.0/2.10.0/engines/libpixmap.so
7f272ede7000-7f272efe6000 ---p 0000a000 08:02 3671770                    /usr/lib/x86_64-linux-gnu/gtk-2.0/2.10.0/engines/libpixmap.so
7f272efe6000-7f272efe7000 r--p 00009000 08:02 3671770                    /usr/lib/x86_64-linux-gnu/gtk-2.0/2.10.0/engines/libpixmap.so
7f272efe7000-7f272efe8000 rw-p 0000a000 08:02 3671770                    /usr/lib/x86_64-linux-gnu/gtk-2.0/2.10.0/engines/libpixmap.so
7f272efe8000-7f272f041000 r--p 00000000 08:02 3817298                    /usr/share/fonts/Segoe UI Bold.ttf
7f272f041000-7f272f241000 rw-p 00000000 00:00 0 
7f272f241000-7f272f292000 r--p 00000000 08:02 3817300                    /usr/share/fonts/segoeuil.ttf
7f272f292000-7f272f311000 r--p 00000000 08:02 3817301                    /usr/share/fonts/segoeui.ttf
7f272f311000-7f272f3bc000 r--p 00000000 08:02 2885200                    /opt/jdk/jdk1.8.0_161/jre/lib/fonts/LucidaSansRegular.ttf
7f272f3bc000-7f272f3c0000 r-xp 00000000 08:02 2885435                    /opt/jdk/jdk1.8.0_161/jre/lib/amd64/libjavafx_font_pango.so
7f272f3c0000-7f272f5bf000 ---p 00004000 08:02 2885435                    /opt/jdk/jdk1.8.0_161/jre/lib/amd64/libjavafx_font_pango.so
7f272f5bf000-7f272f5c0000 rw-p 00003000 08:02 2885435                    /opt/jdk/jdk1.8.0_161/jre/lib/amd64/libjavafx_font_pango.so
7f272f5c0000-7f272f5c5000 r-xp 00000000 08:02 2885438                    /opt/jdk/jdk1.8.0_161/jre/lib/amd64/libjavafx_font_freetype.so
7f272f5c5000-7f272f7c4000 ---p 00005000 08:02 2885438                    /opt/jdk/jdk1.8.0_161/jre/lib/amd64/libjavafx_font_freetype.so
7f272f7c4000-7f272f7c5000 rw-p 00004000 08:02 2885438                    /opt/jdk/jdk1.8.0_161/jre/lib/amd64/libjavafx_font_freetype.so
7f272f7c5000-7f272f7c8000 r-xp 00000000 08:02 2885485                    /opt/jdk/jdk1.8.0_161/jre/lib/amd64/libjavafx_font.so
7f272f7c8000-7f272f9c7000 ---p 00003000 08:02 2885485                    /opt/jdk/jdk1.8.0_161/jre/lib/amd64/libjavafx_font.so
7f272f9c7000-7f272f9c8000 rw-p 00002000 08:02 2885485                    /opt/jdk/jdk1.8.0_161/jre/lib/amd64/libjavafx_font.so
7f272f9c8000-7f272f9fe000 r-xp 00000000 08:02 2885481                    /opt/jdk/jdk1.8.0_161/jre/lib/amd64/libjavafx_iio.so
7f272f9fe000-7f272fbfd000 ---p 00036000 08:02 2885481                    /opt/jdk/jdk1.8.0_161/jre/lib/amd64/libjavafx_iio.so
7f272fbfd000-7f272fbfe000 rw-p 00035000 08:02 2885481                    /opt/jdk/jdk1.8.0_161/jre/lib/amd64/libjavafx_iio.so
7f272fbfe000-7f272fdfe000 rw-p 00000000 00:00 0 
7f272fdfe000-7f272fe01000 ---p 00000000 00:00 0 
7f272fe01000-7f272feff000 rw-p 00000000 00:00 0 
7f272feff000-7f272ff02000 ---p 00000000 00:00 0 
7f272ff02000-7f2730000000 rw-p 00000000 00:00 0 
7f2730000000-7f2730021000 rw-p 00000000 00:00 0 
7f2730021000-7f2734000000 ---p 00000000 00:00 0 
7f2734000000-7f2735e3d000 rw-p 00000000 00:00 0 
7f2735e3d000-7f2738000000 ---p 00000000 00:00 0 
7f2738000000-7f2738008000 rw-s 100480000 00:06 335                       /dev/dri/card0
7f2738008000-7f2738018000 rw-s 00000000 00:05 232977                     /drm mm object (deleted)
7f2738018000-7f2738066000 r--p 00000000 08:02 2885202                    /opt/jdk/jdk1.8.0_161/jre/lib/fonts/LucidaSansDemiBold.ttf
7f2738066000-7f27380bb000 r--p 00000000 08:02 2885201                    /opt/jdk/jdk1.8.0_161/jre/lib/fonts/LucidaBrightRegular.ttf
7f27380bb000-7f27380f5000 r--p 00000000 08:02 2885206                    /opt/jdk/jdk1.8.0_161/jre/lib/fonts/LucidaTypewriterBold.ttf
7f27380f5000-7f273811e000 r-xp 00000000 08:02 2885460                    /opt/jdk/jdk1.8.0_161/jre/lib/amd64/libglass.so
7f273811e000-7f273831d000 ---p 00029000 08:02 2885460                    /opt/jdk/jdk1.8.0_161/jre/lib/amd64/libglass.so
7f273831d000-7f2738320000 rw-p 00028000 08:02 2885460                    /opt/jdk/jdk1.8.0_161/jre/lib/amd64/libglass.so
7f2738320000-7f2738357000 r-xp 00000000 08:02 3547217                    /usr/lib/x86_64-linux-gnu/libtxc_dxtn_s2tc.so.0.0.0
7f2738357000-7f2738556000 ---p 00037000 08:02 3547217                    /usr/lib/x86_64-linux-gnu/libtxc_dxtn_s2tc.so.0.0.0
7f2738556000-7f2738557000 r--p 00036000 08:02 3547217                    /usr/lib/x86_64-linux-gnu/libtxc_dxtn_s2tc.so.0.0.0
7f2738557000-7f2738558000 rw-p 00037000 08:02 3547217                    /usr/lib/x86_64-linux-gnu/libtxc_dxtn_s2tc.so.0.0.0
7f2738558000-7f2738560000 r-xp 00000000 08:02 3546963                    /usr/lib/x86_64-linux-gnu/libpciaccess.so.0.11.1
7f2738560000-7f2738760000 ---p 00008000 08:02 3546963                    /usr/lib/x86_64-linux-gnu/libpciaccess.so.0.11.1
7f2738760000-7f2738761000 r--p 00008000 08:02 3546963                    /usr/lib/x86_64-linux-gnu/libpciaccess.so.0.11.1
7f2738761000-7f2738762000 rw-p 00009000 08:02 3546963                    /usr/lib/x86_64-linux-gnu/libpciaccess.so.0.11.1
7f2738762000-7f273876d000 r-xp 00000000 08:02 3546417                    /usr/lib/x86_64-linux-gnu/libdrm_radeon.so.1.0.1
7f273876d000-7f273896c000 ---p 0000b000 08:02 3546417                    /usr/lib/x86_64-linux-gnu/libdrm_radeon.so.1.0.1
7f273896c000-7f273896d000 r--p 0000a000 08:02 3546417                    /usr/lib/x86_64-linux-gnu/libdrm_radeon.so.1.0.1
7f273896d000-7f273896e000 rw-p 0000b000 08:02 3546417                    /usr/lib/x86_64-linux-gnu/libdrm_radeon.so.1.0.1
7f273896e000-7f2738975000 r-xp 00000000 08:02 3546415                    /usr/lib/x86_64-linux-gnu/libdrm_nouveau.so.2.0.0
7f2738975000-7f2738b74000 ---p 00007000 08:02 3546415                    /usr/lib/x86_64-linux-gnu/libdrm_nouveau.so.2.0.0
7f2738b74000-7f2738b75000 r--p 00006000 08:02 3546415                    /usr/lib/x86_64-linux-gnu/libdrm_nouveau.so.2.0.0
7f2738b75000-7f2738b76000 rw-p 00007000 08:02 3546415                    /usr/lib/x86_64-linux-gnu/libdrm_nouveau.so.2.0.0
7f2738b76000-7f2738b98000 r-xp 00000000 08:02 3546413                    /usr/lib/x86_64-linux-gnu/libdrm_intel.so.1.0.0
7f2738b98000-7f2738d98000 ---p 00022000 08:02 3546413                    /usr/lib/x86_64-linux-gnu/libdrm_intel.so.1.0.0
7f2738d98000-7f2738d99000 r--p 00022000 08:02 3546413                    /usr/lib/x86_64-linux-gnu/libdrm_intel.so.1.0.0
7f2738d99000-7f2738d9a000 rw-p 00023000 08:02 3546413                    /usr/lib/x86_64-linux-gnu/libdrm_intel.so.1.0.0
7f2738d9a000-7f27395c1000 r-xp 00000000 08:02 3671344                    /usr/lib/x86_64-linux-gnu/dri/i965_dri.so
7f27395c1000-7f27397c1000 ---p 00827000 08:02 3671344                    /usr/lib/x86_64-linux-gnu/dri/i965_dri.so
7f27397c1000-7f2739811000 r--p 00827000 08:02 3671344                    /usr/lib/x86_64-linux-gnu/dri/i965_dri.so
7f2739811000-7f273981a000 rw-p 00877000 08:02 3671344                    /usr/lib/x86_64-linux-gnu/dri/i965_dri.so
7f273981a000-7f2739881000 rw-p 00000000 00:00 0 
7f2739881000-7f2739887000 r-xp 00000000 08:02 3546354                    /usr/lib/x86_64-linux-gnu/libdatrie.so.1.3.3
7f2739887000-7f2739a87000 ---p 00006000 08:02 3546354                    /usr/lib/x86_64-linux-gnu/libdatrie.so.1.3.3
7f2739a87000-7f2739a88000 r--p 00006000 08:02 3546354                    /usr/lib/x86_64-linux-gnu/libdatrie.so.1.3.3
7f2739a88000-7f2739a89000 rw-p 00007000 08:02 3546354                    /usr/lib/x86_64-linux-gnu/libdatrie.so.1.3.3
7f2739a89000-7f2739a8e000 r-xp 00000000 08:02 3546164                    /usr/lib/x86_64-linux-gnu/libXdmcp.so.6.0.0
7f2739a8e000-7f2739c8d000 ---p 00005000 08:02 3546164                    /usr/lib/x86_64-linux-gnu/libXdmcp.so.6.0.0
7f2739c8d000-7f2739c8e000 r--p 00004000 08:02 3546164                    /usr/lib/x86_64-linux-gnu/libXdmcp.so.6.0.0
7f2739c8e000-7f2739c8f000 rw-p 00005000 08:02 3546164                    /usr/lib/x86_64-linux-gnu/libXdmcp.so.6.0.0
7f2739c8f000-7f2739c91000 r-xp 00000000 08:02 3546153                    /usr/lib/x86_64-linux-gnu/libXau.so.6.0.0
7f2739c91000-7f2739e91000 ---p 00002000 08:02 3546153                    /usr/lib/x86_64-linux-gnu/libXau.so.6.0.0
7f2739e91000-7f2739e92000 r--p 00002000 08:02 3546153                    /usr/lib/x86_64-linux-gnu/libXau.so.6.0.0
7f2739e92000-7f2739e93000 rw-p 00003000 08:02 3546153                    /usr/lib/x86_64-linux-gnu/libXau.so.6.0.0
7f2739e93000-7f2739eb7000 r-xp 00000000 08:02 3546586                    /usr/lib/x86_64-linux-gnu/libgraphite2.so.3.0.1
7f2739eb7000-7f273a0b6000 ---p 00024000 08:02 3546586                    /usr/lib/x86_64-linux-gnu/libgraphite2.so.3.0.1
7f273a0b6000-7f273a0b8000 r--p 00023000 08:02 3546586                    /usr/lib/x86_64-linux-gnu/libgraphite2.so.3.0.1
7f273a0b8000-7f273a0b9000 rw-p 00025000 08:02 3546586                    /usr/lib/x86_64-linux-gnu/libgraphite2.so.3.0.1
7f273a0b9000-7f273a0c9000 r-xp 00000000 08:02 3546409                    /usr/lib/x86_64-linux-gnu/libdrm.so.2.4.0
7f273a0c9000-7f273a2c8000 ---p 00010000 08:02 3546409                    /usr/lib/x86_64-linux-gnu/libdrm.so.2.4.0
7f273a2c8000-7f273a2c9000 r--p 0000f000 08:02 3546409                    /usr/lib/x86_64-linux-gnu/libdrm.so.2.4.0
7f273a2c9000-7f273a2ca000 rw-p 00010000 08:02 3546409                    /usr/lib/x86_64-linux-gnu/libdrm.so.2.4.0
7f273a2ca000-7f273a2ce000 r-xp 00000000 08:02 3547342                    /usr/lib/x86_64-linux-gnu/libxcb-dri2.so.0.0.0
7f273a2ce000-7f273a4cd000 ---p 00004000 08:02 3547342                    /usr/lib/x86_64-linux-gnu/libxcb-dri2.so.0.0.0
7f273a4cd000-7f273a4ce000 r--p 00003000 08:02 3547342                    /usr/lib/x86_64-linux-gnu/libxcb-dri2.so.0.0.0
7f273a4ce000-7f273a4cf000 rw-p 00004000 08:02 3547342                    /usr/lib/x86_64-linux-gnu/libxcb-dri2.so.0.0.0
7f273a4cf000-7f273a4e6000 r-xp 00000000 08:02 3547346                    /usr/lib/x86_64-linux-gnu/libxcb-glx.so.0.0.0
7f273a4e6000-7f273a6e5000 ---p 00017000 08:02 3547346                    /usr/lib/x86_64-linux-gnu/libxcb-glx.so.0.0.0
7f273a6e5000-7f273a6e7000 r--p 00016000 08:02 3547346                    /usr/lib/x86_64-linux-gnu/libxcb-glx.so.0.0.0
7f273a6e7000-7f273a6e8000 rw-p 00018000 08:02 3547346                    /usr/lib/x86_64-linux-gnu/libxcb-glx.so.0.0.0
7f273a6e8000-7f273a6e9000 r-xp 00000000 08:02 3546149                    /usr/lib/x86_64-linux-gnu/libX11-xcb.so.1.0.0
7f273a6e9000-7f273a8e8000 ---p 00001000 08:02 3546149                    /usr/lib/x86_64-linux-gnu/libX11-xcb.so.1.0.0
7f273a8e8000-7f273a8e9000 r--p 00000000 08:02 3546149                    /usr/lib/x86_64-linux-gnu/libX11-xcb.so.1.0.0
7f273a8e9000-7f273a8ea000 rw-p 00001000 08:02 3546149                    /usr/lib/x86_64-linux-gnu/libX11-xcb.so.1.0.0
7f273a8ea000-7f273a915000 r-xp 00000000 08:02 3546557                    /usr/lib/x86_64-linux-gnu/libglapi.so.0.0.0
7f273a915000-7f273ab14000 ---p 0002b000 08:02 3546557                    /usr/lib/x86_64-linux-gnu/libglapi.so.0.0.0
7f273ab14000-7f273ab18000 r--p 0002a000 08:02 3546557                    /usr/lib/x86_64-linux-gnu/libglapi.so.0.0.0
7f273ab18000-7f273ab19000 rw-p 0002e000 08:02 3546557                    /usr/lib/x86_64-linux-gnu/libglapi.so.0.0.0
7f273ab19000-7f273ab1a000 rw-p 00000000 00:00 0 
7f273ab1a000-7f273ab1b000 r-xp 00000000 08:02 3547390                    /usr/lib/x86_64-linux-gnu/libxshmfence.so.1.0.0
7f273ab1b000-7f273ad1b000 ---p 00001000 08:02 3547390                    /usr/lib/x86_64-linux-gnu/libxshmfence.so.1.0.0
7f273ad1b000-7f273ad1c000 r--p 00001000 08:02 3547390                    /usr/lib/x86_64-linux-gnu/libxshmfence.so.1.0.0
7f273ad1c000-7f273ad1d000 rw-p 00002000 08:02 3547390                    /usr/lib/x86_64-linux-gnu/libxshmfence.so.1.0.0
7f273ad1d000-7f273ad22000 r-xp 00000000 08:02 3547368                    /usr/lib/x86_64-linux-gnu/libxcb-sync.so.1.0.0
7f273ad22000-7f273af22000 ---p 00005000 08:02 3547368                    /usr/lib/x86_64-linux-gnu/libxcb-sync.so.1.0.0
7f273af22000-7f273af23000 r--p 00005000 08:02 3547368                    /usr/lib/x86_64-linux-gnu/libxcb-sync.so.1.0.0
7f273af23000-7f273af24000 rw-p 00006000 08:02 3547368                    /usr/lib/x86_64-linux-gnu/libxcb-sync.so.1.0.0
7f273af24000-7f273af26000 r-xp 00000000 08:02 3547354                    /usr/lib/x86_64-linux-gnu/libxcb-present.so.0.0.0
7f273af26000-7f273b125000 ---p 00002000 08:02 3547354                    /usr/lib/x86_64-linux-gnu/libxcb-present.so.0.0.0
7f273b125000-7f273b126000 r--p 00001000 08:02 3547354                    /usr/lib/x86_64-linux-gnu/libxcb-present.so.0.0.0
7f273b126000-7f273b127000 rw-p 00002000 08:02 3547354                    /usr/lib/x86_64-linux-gnu/libxcb-present.so.0.0.0
7f273b127000-7f273b129000 r-xp 00000000 08:02 3547344                    /usr/lib/x86_64-linux-gnu/libxcb-dri3.so.0.0.0
7f273b129000-7f273b328000 ---p 00002000 08:02 3547344                    /usr/lib/x86_64-linux-gnu/libxcb-dri3.so.0.0.0
7f273b328000-7f273b329000 r--p 00001000 08:02 3547344                    /usr/lib/x86_64-linux-gnu/libxcb-dri3.so.0.0.0
7f273b329000-7f273b32a000 rw-p 00002000 08:02 3547344                    /usr/lib/x86_64-linux-gnu/libxcb-dri3.so.0.0.0
7f273b32a000-7f273b398000 r-xp 00000000 08:02 791258                     /lib/x86_64-linux-gnu/libpcre.so.3.13.2
7f273b398000-7f273b598000 ---p 0006e000 08:02 791258                     /lib/x86_64-linux-gnu/libpcre.so.3.13.2
7f273b598000-7f273b599000 r--p 0006e000 08:02 791258                     /lib/x86_64-linux-gnu/libpcre.so.3.13.2
7f273b599000-7f273b59a000 rw-p 0006f000 08:02 791258                     /lib/x86_64-linux-gnu/libpcre.so.3.13.2
7f273b59a000-7f273b5a1000 r-xp 00000000 08:02 3546471                    /usr/lib/x86_64-linux-gnu/libffi.so.6.0.4
7f273b5a1000-7f273b7a0000 ---p 00007000 08:02 3546471                    /usr/lib/x86_64-linux-gnu/libffi.so.6.0.4
7f273b7a0000-7f273b7a1000 r--p 00006000 08:02 3546471                    /usr/lib/x86_64-linux-gnu/libffi.so.6.0.4
7f273b7a1000-7f273b7a2000 rw-p 00007000 08:02 3546471                    /usr/lib/x86_64-linux-gnu/libffi.so.6.0.4
7f273b7a2000-7f273b7c8000 r-xp 00000000 08:02 791162                     /lib/x86_64-linux-gnu/libexpat.so.1.6.0
7f273b7c8000-7f273b9c8000 ---p 00026000 08:02 791162                     /lib/x86_64-linux-gnu/libexpat.so.1.6.0
7f273b9c8000-7f273b9ca000 r--p 00026000 08:02 791162                     /lib/x86_64-linux-gnu/libexpat.so.1.6.0
7f273b9ca000-7f273b9cb000 rw-p 00028000 08:02 791162                     /lib/x86_64-linux-gnu/libexpat.so.1.6.0
7f273b9cb000-7f273b9d3000 r-xp 00000000 08:02 3547194                    /usr/lib/x86_64-linux-gnu/libthai.so.0.2.4
7f273b9d3000-7f273bbd2000 ---p 00008000 08:02 3547194                    /usr/lib/x86_64-linux-gnu/libthai.so.0.2.4
7f273bbd2000-7f273bbd3000 r--p 00007000 08:02 3547194                    /usr/lib/x86_64-linux-gnu/libthai.so.0.2.4
7f273bbd3000-7f273bbd4000 rw-p 00008000 08:02 3547194                    /usr/lib/x86_64-linux-gnu/libthai.so.0.2.4
7f273bbd4000-7f273bbf5000 r-xp 00000000 08:02 3547380                    /usr/lib/x86_64-linux-gnu/libxcb.so.1.1.0
7f273bbf5000-7f273bdf4000 ---p 00021000 08:02 3547380                    /usr/lib/x86_64-linux-gnu/libxcb.so.1.1.0
7f273bdf4000-7f273bdf5000 r--p 00020000 08:02 3547380                    /usr/lib/x86_64-linux-gnu/libxcb.so.1.1.0
7f273bdf5000-7f273bdf6000 rw-p 00021000 08:02 3547380                    /usr/lib/x86_64-linux-gnu/libxcb.so.1.1.0
7f273bdf6000-7f273bdfe000 r-xp 00000000 08:02 3547362                    /usr/lib/x86_64-linux-gnu/libxcb-render.so.0.0.0
7f273bdfe000-7f273bffe000 ---p 00008000 08:02 3547362                    /usr/lib/x86_64-linux-gnu/libxcb-render.so.0.0.0
7f273bffe000-7f273bfff000 r--p 00008000 08:02 3547362                    /usr/lib/x86_64-linux-gnu/libxcb-render.so.0.0.0
7f273bfff000-7f273c000000 rw-p 00009000 08:02 3547362                    /usr/lib/x86_64-linux-gnu/libxcb-render.so.0.0.0
7f273c000000-7f273c021000 rw-p 00000000 00:00 0 
7f273c021000-7f2740000000 ---p 00000000 00:00 0 
7f2740007000-7f2740013000 rw-s 00000000 00:05 232939                     /drm mm object (deleted)
7f2740013000-7f2740026000 r--p 00000000 08:02 2885207                    /opt/jdk/jdk1.8.0_161/jre/lib/fonts/LucidaBrightDemiBold.ttf
7f2740026000-7f2740039000 r--p 00000000 08:02 2885204                    /opt/jdk/jdk1.8.0_161/jre/lib/fonts/LucidaBrightDemiItalic.ttf
7f2740039000-7f274004d000 r--p 00000000 08:02 2885199                    /opt/jdk/jdk1.8.0_161/jre/lib/fonts/LucidaBrightItalic.ttf
7f274004d000-7f274004f000 r-xp 00000000 08:02 3547366                    /usr/lib/x86_64-linux-gnu/libxcb-shm.so.0.0.0
7f274004f000-7f274024f000 ---p 00002000 08:02 3547366                    /usr/lib/x86_64-linux-gnu/libxcb-shm.so.0.0.0
7f274024f000-7f2740250000 r--p 00002000 08:02 3547366                    /usr/lib/x86_64-linux-gnu/libxcb-shm.so.0.0.0
7f2740250000-7f2740251000 rw-p 00003000 08:02 3547366                    /usr/lib/x86_64-linux-gnu/libxcb-shm.so.0.0.0
7f2740251000-7f2740275000 r-xp 00000000 08:02 791270                     /lib/x86_64-linux-gnu/libpng12.so.0.54.0
7f2740275000-7f2740474000 ---p 00024000 08:02 791270                     /lib/x86_64-linux-gnu/libpng12.so.0.54.0
7f2740474000-7f2740475000 r--p 00023000 08:02 791270                     /lib/x86_64-linux-gnu/libpng12.so.0.54.0
7f2740475000-7f2740476000 rw-p 00024000 08:02 791270                     /lib/x86_64-linux-gnu/libpng12.so.0.54.0
7f2740476000-7f2740515000 r-xp 00000000 08:02 3546977                    /usr/lib/x86_64-linux-gnu/libpixman-1.so.0.33.6
7f2740515000-7f2740715000 ---p 0009f000 08:02 3546977                    /usr/lib/x86_64-linux-gnu/libpixman-1.so.0.33.6
7f2740715000-7f274071d000 r--p 0009f000 08:02 3546977                    /usr/lib/x86_64-linux-gnu/libpixman-1.so.0.33.6
7f274071d000-7f274071e000 rw-p 000a7000 08:02 3546977                    /usr/lib/x86_64-linux-gnu/libpixman-1.so.0.33.6
7f274071e000-7f27407af000 r-xp 00000000 08:02 3546650                    /usr/lib/x86_64-linux-gnu/libharfbuzz.so.0.10400.6
7f27407af000-7f27409ae000 ---p 00091000 08:02 3546650                    /usr/lib/x86_64-linux-gnu/libharfbuzz.so.0.10400.6
7f27409ae000-7f27409b0000 r--p 00090000 08:02 3546650                    /usr/lib/x86_64-linux-gnu/libharfbuzz.so.0.10400.6
7f27409b0000-7f27409b1000 rw-p 00092000 08:02 3546650                    /usr/lib/x86_64-linux-gnu/libharfbuzz.so.0.10400.6
7f27409b1000-7f27409c8000 r-xp 00000000 08:02 791281                     /lib/x86_64-linux-gnu/libresolv-2.23.so
7f27409c8000-7f2740bc8000 ---p 00017000 08:02 791281                     /lib/x86_64-linux-gnu/libresolv-2.23.so
7f2740bc8000-7f2740bc9000 r--p 00017000 08:02 791281                     /lib/x86_64-linux-gnu/libresolv-2.23.so
7f2740bc9000-7f2740bca000 rw-p 00018000 08:02 791281                     /lib/x86_64-linux-gnu/libresolv-2.23.so
7f2740bca000-7f2740bcc000 rw-p 00000000 00:00 0 
7f2740bcc000-7f2740beb000 r-xp 00000000 08:02 791287                     /lib/x86_64-linux-gnu/libselinux.so.1
7f2740beb000-7f2740dea000 ---p 0001f000 08:02 791287                     /lib/x86_64-linux-gnu/libselinux.so.1
7f2740dea000-7f2740deb000 r--p 0001e000 08:02 791287                     /lib/x86_64-linux-gnu/libselinux.so.1
7f2740deb000-7f2740dec000 rw-p 0001f000 08:02 791287                     /lib/x86_64-linux-gnu/libselinux.so.1
7f2740dec000-7f2740dee000 rw-p 00000000 00:00 0 
7f2740dee000-7f2740e07000 r-xp 00000000 08:02 791320                     /lib/x86_64-linux-gnu/libz.so.1.2.8
7f2740e07000-7f2741006000 ---p 00019000 08:02 791320                     /lib/x86_64-linux-gnu/libz.so.1.2.8
7f2741006000-7f2741007000 r--p 00018000 08:02 791320                     /lib/x86_64-linux-gnu/libz.so.1.2.8
7f2741007000-7f2741008000 rw-p 00019000 08:02 791320                     /lib/x86_64-linux-gnu/libz.so.1.2.8
7f2741008000-7f2741019000 r-xp 00000000 08:02 3546166                    /usr/lib/x86_64-linux-gnu/libXext.so.6.4.0
7f2741019000-7f2741218000 ---p 00011000 08:02 3546166                    /usr/lib/x86_64-linux-gnu/libXext.so.6.4.0
7f2741218000-7f2741219000 r--p 00010000 08:02 3546166                    /usr/lib/x86_64-linux-gnu/libXext.so.6.4.0
7f2741219000-7f274121a000 rw-p 00011000 08:02 3546166                    /usr/lib/x86_64-linux-gnu/libXext.so.6.4.0
7f274121a000-7f274121c000 r-xp 00000000 08:02 3546162                    /usr/lib/x86_64-linux-gnu/libXdamage.so.1.1.0
7f274121c000-7f274141b000 ---p 00002000 08:02 3546162                    /usr/lib/x86_64-linux-gnu/libXdamage.so.1.1.0
7f274141b000-7f274141c000 r--p 00001000 08:02 3546162                    /usr/lib/x86_64-linux-gnu/libXdamage.so.1.1.0
7f274141c000-7f274141d000 rw-p 00002000 08:02 3546162                    /usr/lib/x86_64-linux-gnu/libXdamage.so.1.1.0
7f274141d000-7f274141f000 r-xp 00000000 08:02 3546158                    /usr/lib/x86_64-linux-gnu/libXcomposite.so.1.0.0
7f274141f000-7f274161e000 ---p 00002000 08:02 3546158                    /usr/lib/x86_64-linux-gnu/libXcomposite.so.1.0.0
7f274161e000-7f274161f000 r--p 00001000 08:02 3546158                    /usr/lib/x86_64-linux-gnu/libXcomposite.so.1.0.0
7f274161f000-7f2741620000 rw-p 00002000 08:02 3546158                    /usr/lib/x86_64-linux-gnu/libXcomposite.so.1.0.0
7f2741620000-7f2741629000 r-xp 00000000 08:02 3546160                    /usr/lib/x86_64-linux-gnu/libXcursor.so.1.0.2
7f2741629000-7f2741828000 ---p 00009000 08:02 3546160                    /usr/lib/x86_64-linux-gnu/libXcursor.so.1.0.2
7f2741828000-7f2741829000 r--p 00008000 08:02 3546160                    /usr/lib/x86_64-linux-gnu/libXcursor.so.1.0.2
7f2741829000-7f274182a000 rw-p 00009000 08:02 3546160                    /usr/lib/x86_64-linux-gnu/libXcursor.so.1.0.2
7f274182a000-7f2741834000 r-xp 00000000 08:02 3546186                    /usr/lib/x86_64-linux-gnu/libXrandr.so.2.2.0
7f2741834000-7f2741a33000 ---p 0000a000 08:02 3546186                    /usr/lib/x86_64-linux-gnu/libXrandr.so.2.2.0
7f2741a33000-7f2741a34000 r--p 00009000 08:02 3546186                    /usr/lib/x86_64-linux-gnu/libXrandr.so.2.2.0
7f2741a34000-7f2741a35000 rw-p 0000a000 08:02 3546186                    /usr/lib/x86_64-linux-gnu/libXrandr.so.2.2.0
7f2741a35000-7f2741a44000 r-xp 00000000 08:02 3546176                    /usr/lib/x86_64-linux-gnu/libXi.so.6.1.0
7f2741a44000-7f2741c43000 ---p 0000f000 08:02 3546176                    /usr/lib/x86_64-linux-gnu/libXi.so.6.1.0
7f2741c43000-7f2741c44000 r--p 0000e000 08:02 3546176                    /usr/lib/x86_64-linux-gnu/libXi.so.6.1.0
7f2741c44000-7f2741c45000 rw-p 0000f000 08:02 3546176                    /usr/lib/x86_64-linux-gnu/libXi.so.6.1.0
7f2741c45000-7f2741c47000 r-xp 00000000 08:02 3546178                    /usr/lib/x86_64-linux-gnu/libXinerama.so.1.0.0
7f2741c47000-7f2741e46000 ---p 00002000 08:02 3546178                    /usr/lib/x86_64-linux-gnu/libXinerama.so.1.0.0
7f2741e46000-7f2741e47000 r--p 00001000 08:02 3546178                    /usr/lib/x86_64-linux-gnu/libXinerama.so.1.0.0
7f2741e47000-7f2741e48000 rw-p 00002000 08:02 3546178                    /usr/lib/x86_64-linux-gnu/libXinerama.so.1.0.0
7f2741e48000-7f2741e51000 r-xp 00000000 08:02 3546188                    /usr/lib/x86_64-linux-gnu/libXrender.so.1.3.0
7f2741e51000-7f2742050000 ---p 00009000 08:02 3546188                    /usr/lib/x86_64-linux-gnu/libXrender.so.1.3.0
7f2742050000-7f2742051000 r--p 00008000 08:02 3546188                    /usr/lib/x86_64-linux-gnu/libXrender.so.1.3.0
7f2742051000-7f2742052000 rw-p 00009000 08:02 3546188                    /usr/lib/x86_64-linux-gnu/libXrender.so.1.3.0
7f2742052000-7f2742057000 r-xp 00000000 08:02 3546168                    /usr/lib/x86_64-linux-gnu/libXfixes.so.3.1.0
7f2742057000-7f2742256000 ---p 00005000 08:02 3546168                    /usr/lib/x86_64-linux-gnu/libXfixes.so.3.1.0
7f2742256000-7f2742257000 r--p 00004000 08:02 3546168                    /usr/lib/x86_64-linux-gnu/libXfixes.so.3.1.0
7f2742257000-7f2742258000 rw-p 00005000 08:02 3546168                    /usr/lib/x86_64-linux-gnu/libXfixes.so.3.1.0
7f2742258000-7f274226e000 r-xp 00000000 08:02 791169                     /lib/x86_64-linux-gnu/libgcc_s.so.1
7f274226e000-7f274246d000 ---p 00016000 08:02 791169                     /lib/x86_64-linux-gnu/libgcc_s.so.1
7f274246d000-7f274246e000 rw-p 00015000 08:02 791169                     /lib/x86_64-linux-gnu/libgcc_s.so.1
7f274246e000-7f27425e0000 r-xp 00000000 08:02 3547167                    /usr/lib/x86_64-linux-gnu/libstdc++.so.6.0.21
7f27425e0000-7f27427e0000 ---p 00172000 08:02 3547167                    /usr/lib/x86_64-linux-gnu/libstdc++.so.6.0.21
7f27427e0000-7f27427ea000 r--p 00172000 08:02 3547167                    /usr/lib/x86_64-linux-gnu/libstdc++.so.6.0.21
7f27427ea000-7f27427ec000 rw-p 0017c000 08:02 3547167                    /usr/lib/x86_64-linux-gnu/libstdc++.so.6.0.21
7f27427ec000-7f27427f0000 rw-p 00000000 00:00 0 
7f27427f0000-7f274285e000 r-xp 00000000 08:02 3671987                    /usr/lib/x86_64-linux-gnu/mesa/libGL.so.1.2.0
7f274285e000-7f2742a5e000 ---p 0006e000 08:02 3671987                    /usr/lib/x86_64-linux-gnu/mesa/libGL.so.1.2.0
7f2742a5e000-7f2742a61000 r--p 0006e000 08:02 3671987                    /usr/lib/x86_64-linux-gnu/mesa/libGL.so.1.2.0
7f2742a61000-7f2742a62000 rw-p 00071000 08:02 3671987                    /usr/lib/x86_64-linux-gnu/mesa/libGL.so.1.2.0
7f2742a62000-7f2742a63000 rw-p 00000000 00:00 0 
7f2742a63000-7f2742a68000 r-xp 00000000 08:02 3546200                    /usr/lib/x86_64-linux-gnu/libXxf86vm.so.1.0.0
7f2742a68000-7f2742c67000 ---p 00005000 08:02 3546200                    /usr/lib/x86_64-linux-gnu/libXxf86vm.so.1.0.0
7f2742c67000-7f2742c68000 r--p 00004000 08:02 3546200                    /usr/lib/x86_64-linux-gnu/libXxf86vm.so.1.0.0
7f2742c68000-7f2742c69000 rw-p 00005000 08:02 3546200                    /usr/lib/x86_64-linux-gnu/libXxf86vm.so.1.0.0
7f2742c69000-7f2742d9e000 r-xp 00000000 08:02 3546151                    /usr/lib/x86_64-linux-gnu/libX11.so.6.3.0
7f2742d9e000-7f2742f9e000 ---p 00135000 08:02 3546151                    /usr/lib/x86_64-linux-gnu/libX11.so.6.3.0
7f2742f9e000-7f2742f9f000 r--p 00135000 08:02 3546151                    /usr/lib/x86_64-linux-gnu/libX11.so.6.3.0
7f2742f9f000-7f2742fa3000 rw-p 00136000 08:02 3546151                    /usr/lib/x86_64-linux-gnu/libX11.so.6.3.0
7f2742fa3000-7f2742fa8000 r-xp 00000000 08:02 3546194                    /usr/lib/x86_64-linux-gnu/libXtst.so.6.1.0
7f2742fa8000-7f27431a7000 ---p 00005000 08:02 3546194                    /usr/lib/x86_64-linux-gnu/libXtst.so.6.1.0
7f27431a7000-7f27431a8000 r--p 00004000 08:02 3546194                    /usr/lib/x86_64-linux-gnu/libXtst.so.6.1.0
7f27431a8000-7f27431a9000 rw-p 00005000 08:02 3546194                    /usr/lib/x86_64-linux-gnu/libXtst.so.6.1.0
7f27431a9000-7f27432b8000 r-xp 00000000 08:02 791173                     /lib/x86_64-linux-gnu/libglib-2.0.so.0.4800.2
7f27432b8000-7f27434b7000 ---p 0010f000 08:02 791173                     /lib/x86_64-linux-gnu/libglib-2.0.so.0.4800.2
7f27434b7000-7f27434b8000 r--p 0010e000 08:02 791173                     /lib/x86_64-linux-gnu/libglib-2.0.so.0.4800.2
7f27434b8000-7f27434b9000 rw-p 0010f000 08:02 791173                     /lib/x86_64-linux-gnu/libglib-2.0.so.0.4800.2
7f27434b9000-7f27434ba000 rw-p 00000000 00:00 0 
7f27434ba000-7f27434bb000 r-xp 00000000 08:02 3546634                    /usr/lib/x86_64-linux-gnu/libgthread-2.0.so.0.4800.2
7f27434bb000-7f27436ba000 ---p 00001000 08:02 3546634                    /usr/lib/x86_64-linux-gnu/libgthread-2.0.so.0.4800.2
7f27436ba000-7f27436bb000 r--p 00000000 08:02 3546634                    /usr/lib/x86_64-linux-gnu/libgthread-2.0.so.0.4800.2
7f27436bb000-7f27436bc000 rw-p 00001000 08:02 3546634                    /usr/lib/x86_64-linux-gnu/libgthread-2.0.so.0.4800.2
7f27436bc000-7f27436bf000 r-xp 00000000 08:02 3546561                    /usr/lib/x86_64-linux-gnu/libgmodule-2.0.so.0.4800.2
7f27436bf000-7f27438be000 ---p 00003000 08:02 3546561                    /usr/lib/x86_64-linux-gnu/libgmodule-2.0.so.0.4800.2
7f27438be000-7f27438bf000 r--p 00002000 08:02 3546561                    /usr/lib/x86_64-linux-gnu/libgmodule-2.0.so.0.4800.2
7f27438bf000-7f27438c0000 rw-p 00003000 08:02 3546561                    /usr/lib/x86_64-linux-gnu/libgmodule-2.0.so.0.4800.2
7f27438c0000-7f2743912000 r-xp 00000000 08:02 3546569                    /usr/lib/x86_64-linux-gnu/libgobject-2.0.so.0.4800.2
7f2743912000-7f2743b11000 ---p 00052000 08:02 3546569                    /usr/lib/x86_64-linux-gnu/libgobject-2.0.so.0.4800.2
7f2743b11000-7f2743b12000 r--p 00051000 08:02 3546569                    /usr/lib/x86_64-linux-gnu/libgobject-2.0.so.0.4800.2
7f2743b12000-7f2743b13000 rw-p 00052000 08:02 3546569                    /usr/lib/x86_64-linux-gnu/libgobject-2.0.so.0.4800.2
7f2743b13000-7f2743b50000 r-xp 00000000 08:02 3546485                    /usr/lib/x86_64-linux-gnu/libfontconfig.so.1.9.0
7f2743b50000-7f2743d4f000 ---p 0003d000 08:02 3546485                    /usr/lib/x86_64-linux-gnu/libfontconfig.so.1.9.0
7f2743d4f000-7f2743d51000 r--p 0003c000 08:02 3546485                    /usr/lib/x86_64-linux-gnu/libfontconfig.so.1.9.0
7f2743d51000-7f2743d56000 rw-p 0003e000 08:02 3546485                    /usr/lib/x86_64-linux-gnu/libfontconfig.so.1.9.0
7f2743d56000-7f2743dfa000 r-xp 00000000 08:02 3546515                    /usr/lib/x86_64-linux-gnu/libfreetype.so.6.12.1
7f2743dfa000-7f2743ff9000 ---p 000a4000 08:02 3546515                    /usr/lib/x86_64-linux-gnu/libfreetype.so.6.12.1
7f2743ff9000-7f2743fff000 r--p 000a3000 08:02 3546515                    /usr/lib/x86_64-linux-gnu/libfreetype.so.6.12.1
7f2743fff000-7f2744000000 rw-p 000a9000 08:02 3546515                    /usr/lib/x86_64-linux-gnu/libfreetype.so.6.12.1
7f2744000000-7f2744402000 rw-p 00000000 00:00 0 
7f2744402000-7f2748000000 ---p 00000000 00:00 0 
7f2748000000-7f2748021000 rw-p 00000000 00:00 0 
7f2748021000-7f274c000000 ---p 00000000 00:00 0 
7f274c000000-7f274c1c6000 rw-p 00000000 00:00 0 
7f274c1c6000-7f2750000000 ---p 00000000 00:00 0 
7f2750002000-7f2750004000 rw-s 00000000 00:05 232993                     /drm mm object (deleted)
7f2750004000-7f2750005000 rw-s 1000e7000 00:06 335                       /dev/dri/card0
7f2750005000-7f275000a000 r--s 00084000 08:02 2885187                    /opt/jdk/jdk1.8.0_161/jre/lib/jfr.jar
7f275000a000-7f275000f000 r--s 0009d000 08:02 2885327                    /opt/jdk/jdk1.8.0_161/jre/lib/jsse.jar
7f275000f000-7f275004b000 r--p 00000000 08:02 2885205                    /opt/jdk/jdk1.8.0_161/jre/lib/fonts/LucidaTypewriterRegular.ttf
7f275004b000-7f2750052000 r--s 00000000 08:02 4200409                    /var/cache/fontconfig/4be9850f182b35c1350b6bbf2e42601c-le64.cache-6
7f2750052000-7f275005d000 r--s 00000000 08:02 4198764                    /var/cache/fontconfig/945677eb7aeaf62f1d50efc3fb3ec7d8-le64.cache-6
7f275005d000-7f2750063000 r--s 00000000 08:02 4198756                    /var/cache/fontconfig/2cd17615ca594fa2959ae173292e504c-le64.cache-6
7f2750063000-7f27500a3000 r--s 00000000 08:02 4198754                    /var/cache/fontconfig/0bd3dc0958fa2205aaaa8ebb13e2872b-le64.cache-6
7f27500a3000-7f27500aa000 r--s 00000000 08:02 4195402                    /var/cache/fontconfig/3047814df9a2f067bd2d96a2b9c36e5a-le64.cache-6
7f27500aa000-7f27500b2000 r--s 00000000 08:02 4198769                    /var/cache/fontconfig/bf3b770c553c462765856025a94f1ce6-le64.cache-6
7f27500b2000-7f27500b4000 r--s 00000000 08:02 4198768                    /var/cache/fontconfig/a0107c79d978dfcc5e42cb1335b71036-le64.cache-6
7f27500b4000-7f27500c7000 r--s 00000000 08:02 4198773                    /var/cache/fontconfig/d52a8644073d54c13679302ca1180695-le64.cache-6
7f27500c7000-7f27500d2000 r--s 00000000 08:02 4200318                    /var/cache/fontconfig/d589a48862398ed80a3d6066f4f56f4c-le64.cache-6
7f27500d2000-7f275011b000 r-xp 00000000 08:02 3546953                    /usr/lib/x86_64-linux-gnu/libpango-1.0.so.0.3800.1
7f275011b000-7f275031b000 ---p 00049000 08:02 3546953                    /usr/lib/x86_64-linux-gnu/libpango-1.0.so.0.3800.1
7f275031b000-7f275031d000 r--p 00049000 08:02 3546953                    /usr/lib/x86_64-linux-gnu/libpango-1.0.so.0.3800.1
7f275031d000-7f275031e000 rw-p 0004b000 08:02 3546953                    /usr/lib/x86_64-linux-gnu/libpango-1.0.so.0.3800.1
7f275031e000-7f275042c000 r-xp 00000000 08:02 3546300                    /usr/lib/x86_64-linux-gnu/libcairo.so.2.11400.6
7f275042c000-7f275062c000 ---p 0010e000 08:02 3546300                    /usr/lib/x86_64-linux-gnu/libcairo.so.2.11400.6
7f275062c000-7f275062f000 r--p 0010e000 08:02 3546300                    /usr/lib/x86_64-linux-gnu/libcairo.so.2.11400.6
7f275062f000-7f2750630000 rw-p 00111000 08:02 3546300                    /usr/lib/x86_64-linux-gnu/libcairo.so.2.11400.6
7f2750630000-7f2750632000 rw-p 00000000 00:00 0 
7f2750632000-7f275063e000 r-xp 00000000 08:02 3546955                    /usr/lib/x86_64-linux-gnu/libpangocairo-1.0.so.0.3800.1
7f275063e000-7f275083d000 ---p 0000c000 08:02 3546955                    /usr/lib/x86_64-linux-gnu/libpangocairo-1.0.so.0.3800.1
7f275083d000-7f275083e000 r--p 0000b000 08:02 3546955                    /usr/lib/x86_64-linux-gnu/libpangocairo-1.0.so.0.3800.1
7f275083e000-7f275083f000 rw-p 0000c000 08:02 3546955                    /usr/lib/x86_64-linux-gnu/libpangocairo-1.0.so.0.3800.1
7f275083f000-7f2750860000 r-xp 00000000 08:02 3546541                    /usr/lib/x86_64-linux-gnu/libgdk_pixbuf-2.0.so.0.3200.2
7f2750860000-7f2750a5f000 ---p 00021000 08:02 3546541                    /usr/lib/x86_64-linux-gnu/libgdk_pixbuf-2.0.so.0.3200.2
7f2750a5f000-7f2750a60000 r--p 00020000 08:02 3546541                    /usr/lib/x86_64-linux-gnu/libgdk_pixbuf-2.0.so.0.3200.2
7f2750a60000-7f2750a61000 rw-p 00021000 08:02 3546541                    /usr/lib/x86_64-linux-gnu/libgdk_pixbuf-2.0.so.0.3200.2
7f2750a61000-7f2750a75000 r-xp 00000000 08:02 3546957                    /usr/lib/x86_64-linux-gnu/libpangoft2-1.0.so.0.3800.1
7f2750a75000-7f2750c75000 ---p 00014000 08:02 3546957                    /usr/lib/x86_64-linux-gnu/libpangoft2-1.0.so.0.3800.1
7f2750c75000-7f2750c76000 r--p 00014000 08:02 3546957                    /usr/lib/x86_64-linux-gnu/libpangoft2-1.0.so.0.3800.1
7f2750c76000-7f2750c77000 rw-p 00015000 08:02 3546957                    /usr/lib/x86_64-linux-gnu/libpangoft2-1.0.so.0.3800.1
7f2750c77000-7f2750df7000 r-xp 00000000 08:02 3546551                    /usr/lib/x86_64-linux-gnu/libgio-2.0.so.0.4800.2
7f2750df7000-7f2750ff7000 ---p 00180000 08:02 3546551                    /usr/lib/x86_64-linux-gnu/libgio-2.0.so.0.4800.2
7f2750ff7000-7f2750ffb000 r--p 00180000 08:02 3546551                    /usr/lib/x86_64-linux-gnu/libgio-2.0.so.0.4800.2
7f2750ffb000-7f2750ffd000 rw-p 00184000 08:02 3546551                    /usr/lib/x86_64-linux-gnu/libgio-2.0.so.0.4800.2
7f2750ffd000-7f2754000000 rw-p 00000000 00:00 0 
7f2754000000-7f2754021000 rw-p 00000000 00:00 0 
7f2754021000-7f2758000000 ---p 00000000 00:00 0 
7f2758000000-7f2758031000 rw-p 00000000 00:00 0 
7f2758031000-7f275c000000 ---p 00000000 00:00 0 
7f275c000000-7f275c021000 rw-p 00000000 00:00 0 
7f275c021000-7f2760000000 ---p 00000000 00:00 0 
7f2760000000-7f2760021000 rw-p 00000000 00:00 0 
7f2760021000-7f2764000000 ---p 00000000 00:00 0 
7f2764000000-7f2764021000 rw-p 00000000 00:00 0 
7f2764021000-7f2768000000 ---p 00000000 00:00 0 
7f2768000000-7f2768021000 rw-p 00000000 00:00 0 
7f2768021000-7f276c000000 ---p 00000000 00:00 0 
7f276c000000-7f276c021000 rw-p 00000000 00:00 0 
7f276c021000-7f2770000000 ---p 00000000 00:00 0 
7f2770000000-7f2770003000 r--s 00000000 08:02 4200320                    /var/cache/fontconfig/e49e89034d371f0f9de17aab02136486-le64.cache-6
7f2770003000-7f2770005000 r--s 00000000 08:02 4200319                    /var/cache/fontconfig/4b14b093aebc79c320de5e86ae1d3314-le64.cache-6
7f2770005000-7f2770017000 r--s 00000000 08:02 4198766                    /var/cache/fontconfig/9b89f8e3dae116d678bbf48e5f21f69b-le64.cache-6
7f2770017000-7f277001a000 ---p 00000000 00:00 0 
7f277001a000-7f2770118000 rw-p 00000000 00:00 0 
7f2770118000-7f2770142000 r--p 00000000 08:02 3815303                    /usr/share/locale-langpack/es/LC_MESSAGES/gtk20-properties.mo
7f2770142000-7f2770167000 r--p 00000000 08:02 3813115                    /usr/share/locale-langpack/es/LC_MESSAGES/libc.mo
7f2770167000-7f2770189000 r-xp 00000000 08:02 3546244                    /usr/lib/x86_64-linux-gnu/libatk-1.0.so.0.21809.1
7f2770189000-7f2770388000 ---p 00022000 08:02 3546244                    /usr/lib/x86_64-linux-gnu/libatk-1.0.so.0.21809.1
7f2770388000-7f277038b000 r--p 00021000 08:02 3546244                    /usr/lib/x86_64-linux-gnu/libatk-1.0.so.0.21809.1
7f277038b000-7f277038c000 rw-p 00024000 08:02 3546244                    /usr/lib/x86_64-linux-gnu/libatk-1.0.so.0.21809.1
7f277038c000-7f277043c000 r-xp 00000000 08:02 3546539                    /usr/lib/x86_64-linux-gnu/libgdk-x11-2.0.so.0.2400.30
7f277043c000-7f277063b000 ---p 000b0000 08:02 3546539                    /usr/lib/x86_64-linux-gnu/libgdk-x11-2.0.so.0.2400.30
7f277063b000-7f277063f000 r--p 000af000 08:02 3546539                    /usr/lib/x86_64-linux-gnu/libgdk-x11-2.0.so.0.2400.30
7f277063f000-7f2770641000 rw-p 000b3000 08:02 3546539                    /usr/lib/x86_64-linux-gnu/libgdk-x11-2.0.so.0.2400.30
7f2770641000-7f2770a7f000 r-xp 00000000 08:02 3546638                    /usr/lib/x86_64-linux-gnu/libgtk-x11-2.0.so.0.2400.30
7f2770a7f000-7f2770c7e000 ---p 0043e000 08:02 3546638                    /usr/lib/x86_64-linux-gnu/libgtk-x11-2.0.so.0.2400.30
7f2770c7e000-7f2770c85000 r--p 0043d000 08:02 3546638                    /usr/lib/x86_64-linux-gnu/libgtk-x11-2.0.so.0.2400.30
7f2770c85000-7f2770c89000 rw-p 00444000 08:02 3546638                    /usr/lib/x86_64-linux-gnu/libgtk-x11-2.0.so.0.2400.30
7f2770c89000-7f2770c8c000 rw-p 00000000 00:00 0 
7f2770c8c000-7f2770c8d000 r--s 00000000 08:02 4200321                    /var/cache/fontconfig/4794a0821666d79190d59a36cb4f44b5-le64.cache-6
7f2770c8d000-7f2770c90000 r--s 00000000 08:02 4200317                    /var/cache/fontconfig/75114ca45c98e8a441da0ff356701271-le64.cache-6
7f2770c90000-7f2770c9b000 r--s 00000000 08:02 4195407                    /var/cache/fontconfig/83bf95040141907cd45bb53cf7c1c148-le64.cache-6
7f2770c9b000-7f2770c9e000 r--s 00000000 08:02 4195400                    /var/cache/fontconfig/e13b20fdb08344e0e664864cc2ede53d-le64.cache-6
7f2770c9e000-7f2770cad000 r--p 00000000 08:02 3815986                    /usr/share/locale-langpack/es/LC_MESSAGES/gtk20.mo
7f2770cad000-7f2770cb9000 r-xp 00000000 08:02 2885488                    /opt/jdk/jdk1.8.0_161/jre/lib/amd64/libprism_es2.so
7f2770cb9000-7f2770eb8000 ---p 0000c000 08:02 2885488                    /opt/jdk/jdk1.8.0_161/jre/lib/amd64/libprism_es2.so
7f2770eb8000-7f2770eb9000 rw-p 0000b000 08:02 2885488                    /opt/jdk/jdk1.8.0_161/jre/lib/amd64/libprism_es2.so
7f2770eb9000-7f2770ebc000 ---p 00000000 00:00 0 
7f2770ebc000-7f2770fba000 rw-p 00000000 00:00 0 
7f2770fba000-7f2770fbb000 ---p 00000000 00:00 0 
7f2770fbb000-7f27710bb000 rw-p 00000000 00:00 0 
7f27710bb000-7f27710be000 ---p 00000000 00:00 0 
7f27710be000-7f27711bc000 rw-p 00000000 00:00 0 
7f27711bc000-7f27711bf000 ---p 00000000 00:00 0 
7f27711bf000-7f27712bd000 rw-p 00000000 00:00 0 
7f27712bd000-7f27712d3000 r-xp 00000000 08:02 2885484                    /opt/jdk/jdk1.8.0_161/jre/lib/amd64/libnet.so
7f27712d3000-7f27714d3000 ---p 00016000 08:02 2885484                    /opt/jdk/jdk1.8.0_161/jre/lib/amd64/libnet.so
7f27714d3000-7f27714d4000 rw-p 00016000 08:02 2885484                    /opt/jdk/jdk1.8.0_161/jre/lib/amd64/libnet.so
7f27714d4000-7f27714d7000 ---p 00000000 00:00 0 
7f27714d7000-7f27715d5000 rw-p 00000000 00:00 0 
7f27715d5000-7f27715d8000 ---p 00000000 00:00 0 
7f27715d8000-7f27716d6000 rw-p 00000000 00:00 0 
7f27716d6000-7f27716eb000 r--s 00237000 08:02 1313300                    /home/blacksabbathx/IdeaProjects/ProyectoCine/src/sources/jfoenix-8.0.1.jar
7f27716eb000-7f27716fe000 r--s 00345000 08:02 2885308                    /opt/jdk/jdk1.8.0_161/jre/lib/resources.jar
7f27716fe000-7f2771711000 r--s 000d6000 08:02 2885212                    /opt/jdk/jdk1.8.0_161/jre/lib/plugin.jar
7f2771711000-7f27717a7000 r--s 0110a000 08:02 2885332                    /opt/jdk/jdk1.8.0_161/jre/lib/ext/jfxrt.jar
7f27717a7000-7f27717aa000 ---p 00000000 00:00 0 
7f27717aa000-7f27718a8000 rw-p 00000000 00:00 0 
7f27718a8000-7f2771df4000 r--p 00000000 08:02 3549632                    /usr/lib/locale/locale-archive
7f2771df4000-7f2771df7000 ---p 00000000 00:00 0 
7f2771df7000-7f2771ef5000 rw-p 00000000 00:00 0 
7f2771ef5000-7f2771ef8000 ---p 00000000 00:00 0 
7f2771ef8000-7f2771ff6000 rw-p 00000000 00:00 0 
7f2771ff6000-7f2771ff7000 ---p 00000000 00:00 0 
7f2771ff7000-7f2775000000 rw-p 00000000 00:00 0 
7f2775000000-7f2775630000 rwxp 00000000 00:00 0 
7f2775630000-7f2784000000 ---p 00000000 00:00 0 
7f2784000000-7f27844d5000 rw-p 00000000 00:00 0 
7f27844d5000-7f2788000000 ---p 00000000 00:00 0 
7f2788000000-7f2788006000 r--s 00000000 08:02 4202079                    /var/cache/fontconfig/3830d5c3ddfd5cd38a049b759396e72e-le64.cache-6
7f2788008000-7f2788009000 rw-s 00000000 00:05 232912                     /drm mm object (deleted)
7f2788009000-7f2788010000 r--s 00000000 08:02 3671625                    /usr/lib/x86_64-linux-gnu/gconv/gconv-modules.cache
7f2788010000-7f2788012000 r--s 0001a000 08:02 5115840                    /home/blacksabbathx/.local/share/JetBrains/Toolbox/apps/IDEA-U/ch-0/181.4445.78/lib/idea_rt.jar
7f2788012000-7f2788017000 r--s 0009d000 08:02 2885327                    /opt/jdk/jdk1.8.0_161/jre/lib/jsse.jar
7f2788017000-7f278801c000 r--s 00084000 08:02 2885187                    /opt/jdk/jdk1.8.0_161/jre/lib/jfr.jar
7f278801c000-7f2788025000 r--s 0006d000 08:02 2885197                    /opt/jdk/jdk1.8.0_161/jre/lib/javaws.jar
7f2788025000-7f2788041000 r--s 0020b000 08:02 2885188                    /opt/jdk/jdk1.8.0_161/jre/lib/deploy.jar
7f2788041000-7f2788090000 rw-p 00000000 00:00 0 
7f2788090000-7f2788269000 r--s 03d64000 08:02 2885270                    /opt/jdk/jdk1.8.0_161/jre/lib/rt.jar
7f2788269000-7f2788449000 rw-p 00000000 00:00 0 
7f2788449000-7f278844a000 ---p 00000000 00:00 0 
7f278844a000-7f278854a000 rw-p 00000000 00:00 0 
7f278854a000-7f278854b000 ---p 00000000 00:00 0 
7f278854b000-7f2788697000 rw-p 00000000 00:00 0 
7f2788697000-7f278878b000 ---p 00000000 00:00 0 
7f278878b000-7f27887d7000 rw-p 00000000 00:00 0 
7f27887d7000-7f27888cb000 ---p 00000000 00:00 0 
7f27888cb000-7f27888d5000 rw-p 00000000 00:00 0 
7f27888d5000-7f278896b000 ---p 00000000 00:00 0 
7f278896b000-7f2788985000 rw-p 00000000 00:00 0 
7f2788985000-7f2788d2c000 ---p 00000000 00:00 0 
7f2788d2c000-7f2788d47000 r-xp 00000000 08:02 2885480                    /opt/jdk/jdk1.8.0_161/jre/lib/amd64/libzip.so
7f2788d47000-7f2788f47000 ---p 0001b000 08:02 2885480                    /opt/jdk/jdk1.8.0_161/jre/lib/amd64/libzip.so
7f2788f47000-7f2788f48000 rw-p 0001b000 08:02 2885480                    /opt/jdk/jdk1.8.0_161/jre/lib/amd64/libzip.so
7f2788f48000-7f2788f53000 r-xp 00000000 08:02 791228                     /lib/x86_64-linux-gnu/libnss_files-2.23.so
7f2788f53000-7f2789152000 ---p 0000b000 08:02 791228                     /lib/x86_64-linux-gnu/libnss_files-2.23.so
7f2789152000-7f2789153000 r--p 0000a000 08:02 791228                     /lib/x86_64-linux-gnu/libnss_files-2.23.so
7f2789153000-7f2789154000 rw-p 0000b000 08:02 791228                     /lib/x86_64-linux-gnu/libnss_files-2.23.so
7f2789154000-7f278915a000 rw-p 00000000 00:00 0 
7f278915a000-7f2789165000 r-xp 00000000 08:02 791238                     /lib/x86_64-linux-gnu/libnss_nis-2.23.so
7f2789165000-7f2789364000 ---p 0000b000 08:02 791238                     /lib/x86_64-linux-gnu/libnss_nis-2.23.so
7f2789364000-7f2789365000 r--p 0000a000 08:02 791238                     /lib/x86_64-linux-gnu/libnss_nis-2.23.so
7f2789365000-7f2789366000 rw-p 0000b000 08:02 791238                     /lib/x86_64-linux-gnu/libnss_nis-2.23.so
7f2789366000-7f278937c000 r-xp 00000000 08:02 791222                     /lib/x86_64-linux-gnu/libnsl-2.23.so
7f278937c000-7f278957b000 ---p 00016000 08:02 791222                     /lib/x86_64-linux-gnu/libnsl-2.23.so
7f278957b000-7f278957c000 r--p 00015000 08:02 791222                     /lib/x86_64-linux-gnu/libnsl-2.23.so
7f278957c000-7f278957d000 rw-p 00016000 08:02 791222                     /lib/x86_64-linux-gnu/libnsl-2.23.so
7f278957d000-7f278957f000 rw-p 00000000 00:00 0 
7f278957f000-7f2789587000 r-xp 00000000 08:02 791224                     /lib/x86_64-linux-gnu/libnss_compat-2.23.so
7f2789587000-7f2789786000 ---p 00008000 08:02 791224                     /lib/x86_64-linux-gnu/libnss_compat-2.23.so
7f2789786000-7f2789787000 r--p 00007000 08:02 791224                     /lib/x86_64-linux-gnu/libnss_compat-2.23.so
7f2789787000-7f2789788000 rw-p 00008000 08:02 791224                     /lib/x86_64-linux-gnu/libnss_compat-2.23.so
7f2789788000-7f2789792000 r-xp 00000000 08:02 2885489                    /opt/jdk/jdk1.8.0_161/jre/lib/amd64/libinstrument.so
7f2789792000-7f2789991000 ---p 0000a000 08:02 2885489                    /opt/jdk/jdk1.8.0_161/jre/lib/amd64/libinstrument.so
7f2789991000-7f2789992000 rw-p 00009000 08:02 2885489                    /opt/jdk/jdk1.8.0_161/jre/lib/amd64/libinstrument.so
7f2789992000-7f27899bd000 r-xp 00000000 08:02 2885474                    /opt/jdk/jdk1.8.0_161/jre/lib/amd64/libjava.so
7f27899bd000-7f2789bbc000 ---p 0002b000 08:02 2885474                    /opt/jdk/jdk1.8.0_161/jre/lib/amd64/libjava.so
7f2789bbc000-7f2789bbe000 rw-p 0002a000 08:02 2885474                    /opt/jdk/jdk1.8.0_161/jre/lib/amd64/libjava.so
7f2789bbe000-7f2789bcb000 r-xp 00000000 08:02 2885479                    /opt/jdk/jdk1.8.0_161/jre/lib/amd64/libverify.so
7f2789bcb000-7f2789dcb000 ---p 0000d000 08:02 2885479                    /opt/jdk/jdk1.8.0_161/jre/lib/amd64/libverify.so
7f2789dcb000-7f2789dcd000 rw-p 0000d000 08:02 2885479                    /opt/jdk/jdk1.8.0_161/jre/lib/amd64/libverify.so
7f2789dcd000-7f2789dd4000 r-xp 00000000 08:02 791283                     /lib/x86_64-linux-gnu/librt-2.23.so
7f2789dd4000-7f2789fd3000 ---p 00007000 08:02 791283                     /lib/x86_64-linux-gnu/librt-2.23.so
7f2789fd3000-7f2789fd4000 r--p 00006000 08:02 791283                     /lib/x86_64-linux-gnu/librt-2.23.so
7f2789fd4000-7f2789fd5000 rw-p 00007000 08:02 791283                     /lib/x86_64-linux-gnu/librt-2.23.so
7f2789fd5000-7f278a0dd000 r-xp 00000000 08:02 791201                     /lib/x86_64-linux-gnu/libm-2.23.so
7f278a0dd000-7f278a2dc000 ---p 00108000 08:02 791201                     /lib/x86_64-linux-gnu/libm-2.23.so
7f278a2dc000-7f278a2dd000 r--p 00107000 08:02 791201                     /lib/x86_64-linux-gnu/libm-2.23.so
7f278a2dd000-7f278a2de000 rw-p 00108000 08:02 791201                     /lib/x86_64-linux-gnu/libm-2.23.so
7f278a2de000-7f278afb7000 r-xp 00000000 08:02 2885457                    /opt/jdk/jdk1.8.0_161/jre/lib/amd64/server/libjvm.so
7f278afb7000-7f278b1b6000 ---p 00cd9000 08:02 2885457                    /opt/jdk/jdk1.8.0_161/jre/lib/amd64/server/libjvm.so
7f278b1b6000-7f278b28f000 rw-p 00cd8000 08:02 2885457                    /opt/jdk/jdk1.8.0_161/jre/lib/amd64/server/libjvm.so
7f278b28f000-7f278b2db000 rw-p 00000000 00:00 0 
7f278b2db000-7f278b49b000 r-xp 00000000 08:02 791133                     /lib/x86_64-linux-gnu/libc-2.23.so
7f278b49b000-7f278b69b000 ---p 001c0000 08:02 791133                     /lib/x86_64-linux-gnu/libc-2.23.so
7f278b69b000-7f278b69f000 r--p 001c0000 08:02 791133                     /lib/x86_64-linux-gnu/libc-2.23.so
7f278b69f000-7f278b6a1000 rw-p 001c4000 08:02 791133                     /lib/x86_64-linux-gnu/libc-2.23.so
7f278b6a1000-7f278b6a5000 rw-p 00000000 00:00 0 
7f278b6a5000-7f278b6a8000 r-xp 00000000 08:02 791155                     /lib/x86_64-linux-gnu/libdl-2.23.so
7f278b6a8000-7f278b8a7000 ---p 00003000 08:02 791155                     /lib/x86_64-linux-gnu/libdl-2.23.so
7f278b8a7000-7f278b8a8000 r--p 00002000 08:02 791155                     /lib/x86_64-linux-gnu/libdl-2.23.so
7f278b8a8000-7f278b8a9000 rw-p 00003000 08:02 791155                     /lib/x86_64-linux-gnu/libdl-2.23.so
7f278b8a9000-7f278b8bf000 r-xp 00000000 08:02 2885095                    /opt/jdk/jdk1.8.0_161/lib/amd64/jli/libjli.so
7f278b8bf000-7f278babe000 ---p 00016000 08:02 2885095                    /opt/jdk/jdk1.8.0_161/lib/amd64/jli/libjli.so
7f278babe000-7f278babf000 rw-p 00015000 08:02 2885095                    /opt/jdk/jdk1.8.0_161/lib/amd64/jli/libjli.so
7f278babf000-7f278bad7000 r-xp 00000000 08:02 791275                     /lib/x86_64-linux-gnu/libpthread-2.23.so
7f278bad7000-7f278bcd6000 ---p 00018000 08:02 791275                     /lib/x86_64-linux-gnu/libpthread-2.23.so
7f278bcd6000-7f278bcd7000 r--p 00017000 08:02 791275                     /lib/x86_64-linux-gnu/libpthread-2.23.so
7f278bcd7000-7f278bcd8000 rw-p 00018000 08:02 791275                     /lib/x86_64-linux-gnu/libpthread-2.23.so
7f278bcd8000-7f278bcdc000 rw-p 00000000 00:00 0 
7f278bcdc000-7f278bd02000 r-xp 00000000 08:02 791107                     /lib/x86_64-linux-gnu/ld-2.23.so
7f278bd02000-7f278bd04000 r--s 00007000 08:02 2885502                    /opt/jdk/jdk1.8.0_161/jre/lib/jfxswt.jar
7f278bd04000-7f278bd09000 r--s 002f9000 08:02 2885268                    /opt/jdk/jdk1.8.0_161/jre/lib/charsets.jar
7f278bd09000-7f278bdda000 rw-p 00000000 00:00 0 
7f278bdda000-7f278bddd000 ---p 00000000 00:00 0 
7f278bddd000-7f278bee0000 rw-p 00000000 00:00 0 
7f278bee0000-7f278bee1000 r--s 00000000 08:02 2885194                    /opt/jdk/jdk1.8.0_161/jre/lib/management-agent.jar
7f278bee1000-7f278bee4000 r--s 0001a000 08:02 2885500                    /opt/jdk/jdk1.8.0_161/jre/lib/jce.jar
7f278bee4000-7f278bef7000 rw-p 00000000 00:00 0 
7f278bef7000-7f278beff000 rw-s 00000000 08:02 3015323                    /tmp/hsperfdata_blacksabbathx/13640
7f278beff000-7f278bf00000 rw-p 00000000 00:00 0 
7f278bf00000-7f278bf01000 r--p 00000000 00:00 0 
7f278bf01000-7f278bf02000 r--p 00025000 08:02 791107                     /lib/x86_64-linux-gnu/ld-2.23.so
7f278bf02000-7f278bf03000 rw-p 00026000 08:02 791107                     /lib/x86_64-linux-gnu/ld-2.23.so
7f278bf03000-7f278bf04000 rw-p 00000000 00:00 0 
7fffdf4e3000-7fffdf504000 rw-p 00000000 00:00 0                          [stack]
7fffdf5f6000-7fffdf5f9000 r--p 00000000 00:00 0                          [vvar]
7fffdf5f9000-7fffdf5fb000 r-xp 00000000 00:00 0                          [vdso]
ffffffffff600000-ffffffffff601000 r-xp 00000000 00:00 0                  [vsyscall]

VM Arguments:
jvm_args: -javaagent:/home/blacksabbathx/.local/share/JetBrains/Toolbox/apps/IDEA-U/ch-0/181.4445.78/lib/idea_rt.jar=39251:/home/blacksabbathx/.local/share/JetBrains/Toolbox/apps/IDEA-U/ch-0/181.4445.78/bin -Dfile.encoding=UTF-8 
java_command: MainClass
java_class_path (initial): /opt/jdk/jdk1.8.0_161/jre/lib/charsets.jar:/opt/jdk/jdk1.8.0_161/jre/lib/deploy.jar:/opt/jdk/jdk1.8.0_161/jre/lib/ext/cldrdata.jar:/opt/jdk/jdk1.8.0_161/jre/lib/ext/dnsns.jar:/opt/jdk/jdk1.8.0_161/jre/lib/ext/jaccess.jar:/opt/jdk/jdk1.8.0_161/jre/lib/ext/jfxrt.jar:/opt/jdk/jdk1.8.0_161/jre/lib/ext/localedata.jar:/opt/jdk/jdk1.8.0_161/jre/lib/ext/nashorn.jar:/opt/jdk/jdk1.8.0_161/jre/lib/ext/sunec.jar:/opt/jdk/jdk1.8.0_161/jre/lib/ext/sunjce_provider.jar:/opt/jdk/jdk1.8.0_161/jre/lib/ext/sunpkcs11.jar:/opt/jdk/jdk1.8.0_161/jre/lib/ext/zipfs.jar:/opt/jdk/jdk1.8.0_161/jre/lib/javaws.jar:/opt/jdk/jdk1.8.0_161/jre/lib/jce.jar:/opt/jdk/jdk1.8.0_161/jre/lib/jfr.jar:/opt/jdk/jdk1.8.0_161/jre/lib/jfxswt.jar:/opt/jdk/jdk1.8.0_161/jre/lib/jsse.jar:/opt/jdk/jdk1.8.0_161/jre/lib/management-agent.jar:/opt/jdk/jdk1.8.0_161/jre/lib/plugin.jar:/opt/jdk/jdk1.8.0_161/jre/lib/resources.jar:/opt/jdk/jdk1.8.0_161/jre/lib/rt.jar:/home/blacksabbathx/IdeaProjects/ProyectoCine/out/production/ProyectoCine:/home/blacksabbathx/IdeaProjects/ProyectoCine/src/sources/jfoenix-8.0.1.jar:/home/blacksabbathx/.local/share/JetBrains/Toolbox/apps/IDEA-U/ch-0/181.4445.78/lib/idea_rt.jar
Launcher Type: SUN_STANDARD

Environment Variables:
PATH=/home/blacksabbathx/bin:/home/blacksabbathx/.local/bin:/usr/local/sbin:/usr/local/bin:/usr/sbin:/usr/bin:/sbin:/bin:/usr/games:/usr/local/games:/snap/bin
SHELL=/bin/bash
DISPLAY=:0

Signal Handlers:
SIGSEGV: [libjvm.so+0xad01e0], sa_mask[0]=11111111011111111101111111111110, sa_flags=SA_RESTART|SA_SIGINFO
SIGBUS: [libjvm.so+0xad01e0], sa_mask[0]=11111111011111111101111111111110, sa_flags=SA_RESTART|SA_SIGINFO
SIGFPE: [libjvm.so+0x927fb0], sa_mask[0]=11111111011111111101111111111110, sa_flags=SA_RESTART|SA_SIGINFO
SIGPIPE: SIG_IGN, sa_mask[0]=00000000000010000000000000000000, sa_flags=SA_RESTART
SIGXFSZ: [libjvm.so+0x927fb0], sa_mask[0]=11111111011111111101111111111110, sa_flags=SA_RESTART|SA_SIGINFO
SIGILL: [libjvm.so+0x927fb0], sa_mask[0]=11111111011111111101111111111110, sa_flags=SA_RESTART|SA_SIGINFO
SIGUSR1: SIG_DFL, sa_mask[0]=00000000000000000000000000000000, sa_flags=none
SIGUSR2: [libjvm.so+0x9297f0], sa_mask[0]=00100000000000000000000000000000, sa_flags=SA_RESTART|SA_SIGINFO
SIGHUP: [libjvm.so+0x92abf0], sa_mask[0]=11111111011111111101111111111110, sa_flags=SA_RESTART|SA_SIGINFO
SIGINT: [libjvm.so+0x92abf0], sa_mask[0]=11111111011111111101111111111110, sa_flags=SA_RESTART|SA_SIGINFO
SIGTERM: [libjvm.so+0x92abf0], sa_mask[0]=11111111011111111101111111111110, sa_flags=SA_RESTART|SA_SIGINFO
SIGQUIT: [libjvm.so+0x92abf0], sa_mask[0]=11111111011111111101111111111110, sa_flags=SA_RESTART|SA_SIGINFO


---------------  S Y S T E M  ---------------

OS:DISTRIB_ID=neon
DISTRIB_RELEASE=16.04
DISTRIB_CODENAME=xenial
DISTRIB_DESCRIPTION="KDE neon User Edition 5.12"

uname:Linux 4.13.0-38-generic #43~16.04.1-Ubuntu SMP Wed Mar 14 17:48:43 UTC 2018 x86_64
libc:glibc 2.23 NPTL 2.23 
rlimit: STACK 8192k, CORE 0k, NPROC 15129, NOFILE 1048576, AS infinity
load average:1,81 1,68 1,34

/proc/meminfo:
MemTotal:        3927380 kB
MemFree:          118460 kB
MemAvailable:     279676 kB
Buffers:           13564 kB
Cached:           633244 kB
SwapCached:        65012 kB
Active:          2883160 kB
Inactive:         752516 kB
Active(anon):    2697376 kB
Inactive(anon):   587160 kB
Active(file):     185784 kB
Inactive(file):   165356 kB
Unevictable:          32 kB
Mlocked:              32 kB
SwapTotal:       3907580 kB
SwapFree:        3011396 kB
Dirty:             13228 kB
Writeback:             0 kB
AnonPages:       2971288 kB
Mapped:           210364 kB
Shmem:            336552 kB
Slab:              77808 kB
SReclaimable:      37808 kB
SUnreclaim:        40000 kB
KernelStack:        7808 kB
PageTables:        43116 kB
NFS_Unstable:          0 kB
Bounce:                0 kB
WritebackTmp:          0 kB
CommitLimit:     5871268 kB
Committed_AS:    6699620 kB
VmallocTotal:   34359738367 kB
VmallocUsed:           0 kB
VmallocChunk:          0 kB
HardwareCorrupted:     0 kB
AnonHugePages:         0 kB
ShmemHugePages:        0 kB
ShmemPmdMapped:        0 kB
CmaTotal:              0 kB
CmaFree:               0 kB
HugePages_Total:       0
HugePages_Free:        0
HugePages_Rsvd:        0
HugePages_Surp:        0
Hugepagesize:       2048 kB
DirectMap4k:      370688 kB
DirectMap2M:     3710976 kB


CPU:total 2 (initial active 2) (2 cores per cpu, 1 threads per core) family 6 model 76 stepping 4, cmov, cx8, fxsr, mmx, sse, sse2, sse3, ssse3, sse4.1, sse4.2, popcnt, aes, clmul, erms, 3dnowpref, tsc, tscinvbit

/proc/cpuinfo:
processor	: 0
vendor_id	: GenuineIntel
cpu family	: 6
model		: 76
model name	: Intel(R) Celeron(R) CPU  N3060  @ 1.60GHz
stepping	: 4
microcode	: 0x404
cpu MHz		: 2480.003
cache size	: 1024 KB
physical id	: 0
siblings	: 2
core id		: 0
cpu cores	: 2
apicid		: 0
initial apicid	: 0
fpu		: yes
fpu_exception	: yes
cpuid level	: 11
wp		: yes
flags		: fpu vme de pse tsc msr pae mce cx8 apic sep mtrr pge mca cmov pat pse36 clflush dts acpi mmx fxsr sse sse2 ss ht tm pbe syscall nx rdtscp lm constant_tsc arch_perfmon pebs bts rep_good nopl xtopology tsc_reliable nonstop_tsc cpuid aperfmperf tsc_known_freq pni pclmulqdq dtes64 monitor ds_cpl vmx est tm2 ssse3 cx16 xtpr pdcm sse4_1 sse4_2 movbe popcnt tsc_deadline_timer aes rdrand lahf_lm 3dnowprefetch epb pti retpoline tpr_shadow vnmi flexpriority ept vpid tsc_adjust smep erms dtherm ida arat
bugs		: cpu_meltdown spectre_v1 spectre_v2
bogomips	: 3200.00
clflush size	: 64
cache_alignment	: 64
address sizes	: 36 bits physical, 48 bits virtual
power management:

processor	: 1
vendor_id	: GenuineIntel
cpu family	: 6
model		: 76
model name	: Intel(R) Celeron(R) CPU  N3060  @ 1.60GHz
stepping	: 4
microcode	: 0x404
cpu MHz		: 2480.001
cache size	: 1024 KB
physical id	: 0
siblings	: 2
core id		: 2
cpu cores	: 2
apicid		: 4
initial apicid	: 4
fpu		: yes
fpu_exception	: yes
cpuid level	: 11
wp		: yes
flags		: fpu vme de pse tsc msr pae mce cx8 apic sep mtrr pge mca cmov pat pse36 clflush dts acpi mmx fxsr sse sse2 ss ht tm pbe syscall nx rdtscp lm constant_tsc arch_perfmon pebs bts rep_good nopl xtopology tsc_reliable nonstop_tsc cpuid aperfmperf tsc_known_freq pni pclmulqdq dtes64 monitor ds_cpl vmx est tm2 ssse3 cx16 xtpr pdcm sse4_1 sse4_2 movbe popcnt tsc_deadline_timer aes rdrand lahf_lm 3dnowprefetch epb pti retpoline tpr_shadow vnmi flexpriority ept vpid tsc_adjust smep erms dtherm ida arat
bugs		: cpu_meltdown spectre_v1 spectre_v2
bogomips	: 3200.00
clflush size	: 64
cache_alignment	: 64
address sizes	: 36 bits physical, 48 bits virtual
power management:



Memory: 4k page, physical 3927380k(118432k free), swap 3907580k(3011396k free)

vm_info: Java HotSpot(TM) 64-Bit Server VM (25.161-b12) for linux-amd64 JRE (1.8.0_161-b12), built on Dec 19 2017 16:12:43 by "java_re" with gcc 4.3.0 20080428 (Red Hat 4.3.0-8)

time: Tue Apr 17 18:01:00 2018
elapsed time: 21 seconds (0d 0h 0m 21s)

