#
# A fatal error has been detected by the Java Runtime Environment:
#
#  SIGSEGV (0xb) at pc=0x00007f1c06cc0788, pid=14132, tid=0x00007f1bb03eb700
#
# JRE version: Java(TM) SE Runtime Environment (8.0_161-b12) (build 1.8.0_161-b12)
# Java VM: Java HotSpot(TM) 64-Bit Server VM (25.161-b12 mixed mode linux-amd64 compressed oops)
# Problematic frame:
# V  [libjvm.so+0x6d7788]  jni_invoke_nonstatic(JNIEnv_*, JavaValue*, _jobject*, JNICallType, _jmethodID*, JNI_ArgumentPusher*, Thread*)+0x38
#
# Failed to write core dump. Core dumps have been disabled. To enable core dumping, try "ulimit -c unlimited" before starting Java again
#
# If you would like to submit a bug report, please visit:
#   http://bugreport.java.com/bugreport/crash.jsp
#

---------------  T H R E A D  ---------------

Current thread (0x00007f1c002e9000):  JavaThread "JavaFX Application Thread" [_thread_in_vm, id=14157, stack(0x00007f1bb02eb000,0x00007f1bb03ec000)]

siginfo: si_signo: 11 (SIGSEGV), si_code: 1 (SEGV_MAPERR), si_addr: 0xffffffffffffffff

Registers:
RAX=0x00007f1bb03ea440, RBX=0x00007f1bb03ea350, RCX=0x0000000000000001, RDX=0xffffffffffffffff
RSP=0x00007f1bb03ea1a0, RBP=0x00007f1bb03ea320, RSI=0x00007f1bb03ea3b0, RDI=0x00007f1c002e91f8
R8 =0x00007f1c002a63d8, R9 =0x00007f1bb03ea350, R10=0x00007f1ba4000c00, R11=0x00007f1bf150ac60
R12=0x00007f1c002e9000, R13=0x00007f1c002a63d8, R14=0x0000000000000001, R15=0x00007f1c002e91f8
RIP=0x00007f1c06cc0788, EFLAGS=0x0000000000010286, CSGSFS=0x002b000000000033, ERR=0x0000000000000005
  TRAPNO=0x000000000000000e

Top of Stack: (sp=0x00007f1bb03ea1a0)
0x00007f1bb03ea1a0:   00007f1bb03ea8a0 00007f1bb03ea4c0
0x00007f1bb03ea1b0:   00007f1bb03ea200 00007f1bb03ea280
0x00007f1bb03ea1c0:   00007f1bb03ea350 00007f1bb03ea3b0
0x00007f1bb03ea1d0:   00007f1c002e91f8 00007f1c06ce0290
0x00007f1bb03ea1e0:   00007f1bc8019e40 00007f1bc8019e50
0x00007f1bb03ea1f0:   00007f1bc801a228 00000000000003d8
0x00007f1bb03ea200:   00007f1c002e8b08 00000000ed015ed8
0x00007f1bb03ea210:   00007f1b0000006f 00007f1c0000000a
0x00007f1bb03ea220:   00000000ec231850 00007f1c00000000
0x00007f1bb03ea230:   0000000000000000 7fffffffffffffff
0x00007f1bb03ea240:   00007f1beeee9c30 0000000100000100
0x00007f1bb03ea250:   00007f1beef71748 00007f1bb03ea208
0x00007f1bb03ea260:   00007f1bb03ea249 0000000800000005
0x00007f1bb03ea270:   00007f1beef8dd00 00007f1c002e8b10
0x00007f1bb03ea280:   00007f1c07553e70 00007f1c08090720
0x00007f1bb03ea290:   00000000002e89a0 00007f1c002e9000
0x00007f1bb03ea2a0:   0000000000000000 00007f1c06cc0b5b
0x00007f1bb03ea2b0:   00007f1beeef3d78 00007f1c002e9000
0x00007f1bb03ea2c0:   00007f1beeef3d78 00007f1c002e9000
0x00007f1bb03ea2d0:   00007f1bb03ea460 00007f1beeef3d78
0x00007f1bb03ea2e0:   00007f1beeef3d78 00007f1beeef3d78
0x00007f1bb03ea2f0:   00007f1bc8019e40 00007f1bb03ea350
0x00007f1bb03ea300:   00007f1c002e9000 00007f1bb03ea390
0x00007f1bb03ea310:   00007f1c002a63d8 00007f1c002e91f8
0x00007f1bb03ea320:   00007f1bb03ea410 00007f1c06cc4f2f
0x00007f1bb03ea330:   00007f1c002e9000 00007f1bec735094
0x00007f1bb03ea340:   00007f1bb03ea428 ffffffffffffffff
0x00007f1bb03ea350:   00007f1c07554af0 00007f1c08090720
0x00007f1bb03ea360:   00000000b03ea3d0 00007f1b00000063
0x00007f1bb03ea370:   0000000000000000 0000003000000018
0x00007f1bb03ea380:   00007f1bb03ea500 00007f1bb03ea440
0x00007f1bb03ea390:   00007f1c002e9000 0000000000000000 

Instructions: (pc=0x00007f1c06cc0788)
0x00007f1c06cc0768:   00 00 48 85 d2 48 89 bd b0 fe ff ff 48 89 b5 a8
0x00007f1c06cc0778:   fe ff ff 4c 89 8d a0 fe ff ff 0f 84 78 09 00 00
0x00007f1c06cc0788:   4c 8b 22 4d 85 e4 0f 84 6c 09 00 00 48 8b 45 10
0x00007f1c06cc0798:   48 8b 98 38 01 00 00 48 83 7b 18 f7 0f 87 16 07 

Register to memory mapping:

RAX=0x00007f1bb03ea440 is pointing into the stack for thread: 0x00007f1c002e9000
RBX=0x00007f1bb03ea350 is pointing into the stack for thread: 0x00007f1c002e9000
RCX=0x0000000000000001 is an unknown value
RDX=0xffffffffffffffff is an unknown value
RSP=0x00007f1bb03ea1a0 is pointing into the stack for thread: 0x00007f1c002e9000
RBP=0x00007f1bb03ea320 is pointing into the stack for thread: 0x00007f1c002e9000
RSI=0x00007f1bb03ea3b0 is pointing into the stack for thread: 0x00007f1c002e9000
RDI=0x00007f1c002e91f8 is an unknown value
R8 =0x00007f1c002a63d8 is an unknown value
R9 =0x00007f1bb03ea350 is pointing into the stack for thread: 0x00007f1c002e9000
R10=0x00007f1ba4000c00 is an unknown value
R11=0x00007f1bf150ac60 is at entry_point+32 in (nmethod*)0x00007f1bf150aad0
R12=0x00007f1c002e9000 is a thread
R13=0x00007f1c002a63d8 is an unknown value
R14=0x0000000000000001 is an unknown value
R15=0x00007f1c002e91f8 is an unknown value


Stack: [0x00007f1bb02eb000,0x00007f1bb03ec000],  sp=0x00007f1bb03ea1a0,  free space=1020k
Native frames: (J=compiled Java code, j=interpreted, Vv=VM code, C=native code)
V  [libjvm.so+0x6d7788]  jni_invoke_nonstatic(JNIEnv_*, JavaValue*, _jobject*, JNICallType, _jmethodID*, JNI_ArgumentPusher*, Thread*)+0x38
V  [libjvm.so+0x6dbf2f]  jni_CallVoidMethodV+0x10f
C  [libglass.so+0x18641]  JNIEnv_::CallVoidMethod(_jobject*, _jmethodID*, ...)+0x81
C  [libglass.so+0x14f0f]  WindowContextBase::process_key(_GdkEventKey*)+0x20f
C  [libglass.so+0x19f60]  WindowContextBase::im_filter_keypress(_GdkEventKey*)+0x1c0
C  [libglass.so+0x1a91c]  process_events(_GdkEvent*, void*)+0x22c
C  [libgdk-x11-2.0.so.0+0x5ac8c]

Java frames: (J=compiled Java code, j=interpreted, Vv=VM code)
j  com.sun.glass.ui.gtk.GtkApplication._runLoop(Ljava/lang/Runnable;Z)V+0
j  com.sun.glass.ui.gtk.GtkApplication.lambda$null$48(Ljava/lang/Runnable;Z)V+7
j  com.sun.glass.ui.gtk.GtkApplication$$Lambda$41.run()V+12
j  java.lang.Thread.run()V+11
v  ~StubRoutines::call_stub

---------------  P R O C E S S  ---------------

Java Threads: ( => current thread )
  0x00007f1ba42c0800 JavaThread "Prism Font Disposer" daemon [_thread_blocked, id=14165, stack(0x00007f1baae08000,0x00007f1baaf09000)]
  0x00007f1c002ec800 JavaThread "JavaFX-Launcher" [_thread_blocked, id=14158, stack(0x00007f1bb01ea000,0x00007f1bb02eb000)]
=>0x00007f1c002e9000 JavaThread "JavaFX Application Thread" [_thread_in_vm, id=14157, stack(0x00007f1bb02eb000,0x00007f1bb03ec000)]
  0x00007f1c002e5000 JavaThread "Thread-1" daemon [_thread_blocked, id=14156, stack(0x00007f1bcc0af000,0x00007f1bcc1b0000)]
  0x00007f1c00297000 JavaThread "QuantumRenderer-0" daemon [_thread_blocked, id=14155, stack(0x00007f1bed1cf000,0x00007f1bed2d0000)]
  0x00007f1c001e4000 JavaThread "Service Thread" daemon [_thread_blocked, id=14148, stack(0x00007f1bed3d1000,0x00007f1bed4d2000)]
  0x00007f1c001de000 JavaThread "C1 CompilerThread1" daemon [_thread_in_vm, id=14147, stack(0x00007f1bed4d2000,0x00007f1bed5d3000)]
  0x00007f1c001dc800 JavaThread "C2 CompilerThread0" daemon [_thread_blocked, id=14146, stack(0x00007f1bed7ea000,0x00007f1bed8eb000)]
  0x00007f1c001d2000 JavaThread "Monitor Ctrl-Break" daemon [_thread_in_native, id=14145, stack(0x00007f1bed8eb000,0x00007f1bed9ec000)]
  0x00007f1c0013c000 JavaThread "Signal Dispatcher" daemon [_thread_blocked, id=14144, stack(0x00007f1bedaaa000,0x00007f1bedbab000)]
  0x00007f1c00109000 JavaThread "Finalizer" daemon [_thread_blocked, id=14141, stack(0x00007f1bee0f7000,0x00007f1bee1f8000)]
  0x00007f1c00104800 JavaThread "Reference Handler" daemon [_thread_blocked, id=14140, stack(0x00007f1bee1f8000,0x00007f1bee2f9000)]
  0x00007f1c0000c000 JavaThread "main" [_thread_blocked, id=14135, stack(0x00007f1c080e5000,0x00007f1c081e6000)]

Other Threads:
  0x00007f1c000fd000 VMThread [stack: 0x00007f1bee2f9000,0x00007f1bee3fa000] [id=14138]
  0x00007f1c001fa000 WatcherThread [stack: 0x00007f1bed2d0000,0x00007f1bed3d1000] [id=14149]

VM state:not at safepoint (normal execution)

VM Mutex/Monitor currently owned by a thread: None

Heap:
 PSYoungGen      total 17920K, used 6281K [0x00000000ec000000, 0x00000000ed400000, 0x0000000100000000)
  eden space 15360K, 24% used [0x00000000ec000000,0x00000000ec3aa538,0x00000000ecf00000)
  from space 2560K, 98% used [0x00000000ecf00000,0x00000000ed178030,0x00000000ed180000)
  to   space 2560K, 0% used [0x00000000ed180000,0x00000000ed180000,0x00000000ed400000)
 ParOldGen       total 155648K, used 118744K [0x00000000c4000000, 0x00000000cd800000, 0x00000000ec000000)
  object space 155648K, 76% used [0x00000000c4000000,0x00000000cb3f6270,0x00000000cd800000)
 Metaspace       used 18008K, capacity 18898K, committed 19072K, reserved 1064960K
  class space    used 2607K, capacity 2822K, committed 2944K, reserved 1048576K

Card table byte_map: [0x00007f1c04a96000,0x00007f1c04c77000] byte_map_base: 0x00007f1c04476000

Marking Bits: (ParMarkBitMap*) 0x00007f1c075b8920
 Begin Bits: [0x00007f1bef200000, 0x00007f1bf0100000)
 End Bits:   [0x00007f1bf0100000, 0x00007f1bf1000000)

Polling page: 0x00007f1c0820b000

CodeCache: size=245760Kb used=6528Kb max_used=6528Kb free=239231Kb
 bounds [0x00007f1bf1000000, 0x00007f1bf1670000, 0x00007f1c00000000]
 total_blobs=2807 nmethods=2159 adapters=562
 compilation: enabled

Compilation events (10 events):
Event: 23,714 Thread 0x00007f1c001de000 nmethod 2154 0x00007f1bf165a0d0 code [0x00007f1bf165a280, 0x00007f1bf165a868]
Event: 23,714 Thread 0x00007f1c001de000 2153   !   3       com.sun.javafx.font.OpenTypeGlyphMapper::getGlyphCode (19 bytes)
Event: 23,714 Thread 0x00007f1c001de000 nmethod 2153 0x00007f1bf165df50 code [0x00007f1bf165e0c0, 0x00007f1bf165e388]
Event: 23,714 Thread 0x00007f1c001de000 2155       3       com.sun.javafx.font.CMap::getControlCodeGlyph (105 bytes)
Event: 23,715 Thread 0x00007f1c001de000 nmethod 2155 0x00007f1bf165d990 code [0x00007f1bf165db00, 0x00007f1bf165ded0]
Event: 23,715 Thread 0x00007f1c001de000 2156       3       javafx.geometry.Bounds::getWidth (5 bytes)
Event: 23,715 Thread 0x00007f1c001de000 nmethod 2156 0x00007f1bf1659d90 code [0x00007f1bf1659ee0, 0x00007f1bf165a030]
Event: 23,715 Thread 0x00007f1c001de000 2157       3       javafx.geometry.Bounds::<init> (64 bytes)
Event: 23,715 Thread 0x00007f1c001de000 nmethod 2157 0x00007f1bf165d550 code [0x00007f1bf165d6c0, 0x00007f1bf165d8b0]
Event: 23,715 Thread 0x00007f1c001de000 2158       3       javafx.scene.layout.Region::heightChanged (49 bytes)

GC Heap History (6 events):
Event: 1,963 GC heap before
{Heap before GC invocations=1 (full 0):
 PSYoungGen      total 17920K, used 15360K [0x00000000ec000000, 0x00000000ed400000, 0x0000000100000000)
  eden space 15360K, 100% used [0x00000000ec000000,0x00000000ecf00000,0x00000000ecf00000)
  from space 2560K, 0% used [0x00000000ed180000,0x00000000ed180000,0x00000000ed400000)
  to   space 2560K, 0% used [0x00000000ecf00000,0x00000000ecf00000,0x00000000ed180000)
 ParOldGen       total 40960K, used 0K [0x00000000c4000000, 0x00000000c6800000, 0x00000000ec000000)
  object space 40960K, 0% used [0x00000000c4000000,0x00000000c4000000,0x00000000c6800000)
 Metaspace       used 8589K, capacity 8972K, committed 9088K, reserved 1056768K
  class space    used 1044K, capacity 1134K, committed 1152K, reserved 1048576K
Event: 1,978 GC heap after
Heap after GC invocations=1 (full 0):
 PSYoungGen      total 17920K, used 1808K [0x00000000ec000000, 0x00000000ed400000, 0x0000000100000000)
  eden space 15360K, 0% used [0x00000000ec000000,0x00000000ec000000,0x00000000ecf00000)
  from space 2560K, 70% used [0x00000000ecf00000,0x00000000ed0c4040,0x00000000ed180000)
  to   space 2560K, 0% used [0x00000000ed180000,0x00000000ed180000,0x00000000ed400000)
 ParOldGen       total 40960K, used 8K [0x00000000c4000000, 0x00000000c6800000, 0x00000000ec000000)
  object space 40960K, 0% used [0x00000000c4000000,0x00000000c4002000,0x00000000c6800000)
 Metaspace       used 8589K, capacity 8972K, committed 9088K, reserved 1056768K
  class space    used 1044K, capacity 1134K, committed 1152K, reserved 1048576K
}
Event: 6,581 GC heap before
{Heap before GC invocations=2 (full 0):
 PSYoungGen      total 17920K, used 17168K [0x00000000ec000000, 0x00000000ed400000, 0x0000000100000000)
  eden space 15360K, 100% used [0x00000000ec000000,0x00000000ecf00000,0x00000000ecf00000)
  from space 2560K, 70% used [0x00000000ecf00000,0x00000000ed0c4040,0x00000000ed180000)
  to   space 2560K, 0% used [0x00000000ed180000,0x00000000ed180000,0x00000000ed400000)
 ParOldGen       total 155648K, used 113914K [0x00000000c4000000, 0x00000000cd800000, 0x00000000ec000000)
  object space 155648K, 73% used [0x00000000c4000000,0x00000000caf3e920,0x00000000cd800000)
 Metaspace       used 13133K, capacity 13590K, committed 13824K, reserved 1060864K
  class space    used 1801K, capacity 1962K, committed 2048K, reserved 1048576K
Event: 6,610 GC heap after
Heap after GC invocations=2 (full 0):
 PSYoungGen      total 17920K, used 2528K [0x00000000ec000000, 0x00000000ed400000, 0x0000000100000000)
  eden space 15360K, 0% used [0x00000000ec000000,0x00000000ec000000,0x00000000ecf00000)
  from space 2560K, 98% used [0x00000000ed180000,0x00000000ed3f8030,0x00000000ed400000)
  to   space 2560K, 0% used [0x00000000ecf00000,0x00000000ecf00000,0x00000000ed180000)
 ParOldGen       total 155648K, used 116076K [0x00000000c4000000, 0x00000000cd800000, 0x00000000ec000000)
  object space 155648K, 74% used [0x00000000c4000000,0x00000000cb15b2b0,0x00000000cd800000)
 Metaspace       used 13133K, capacity 13590K, committed 13824K, reserved 1060864K
  class space    used 1801K, capacity 1962K, committed 2048K, reserved 1048576K
}
Event: 13,076 GC heap before
{Heap before GC invocations=3 (full 0):
 PSYoungGen      total 17920K, used 17888K [0x00000000ec000000, 0x00000000ed400000, 0x0000000100000000)
  eden space 15360K, 100% used [0x00000000ec000000,0x00000000ecf00000,0x00000000ecf00000)
  from space 2560K, 98% used [0x00000000ed180000,0x00000000ed3f8030,0x00000000ed400000)
  to   space 2560K, 0% used [0x00000000ecf00000,0x00000000ecf00000,0x00000000ed180000)
 ParOldGen       total 155648K, used 116076K [0x00000000c4000000, 0x00000000cd800000, 0x00000000ec000000)
  object space 155648K, 74% used [0x00000000c4000000,0x00000000cb15b2b0,0x00000000cd800000)
 Metaspace       used 16994K, capacity 17734K, committed 17920K, reserved 1064960K
  class space    used 2499K, capacity 2696K, committed 2816K, reserved 1048576K
Event: 13,105 GC heap after
Heap after GC invocations=3 (full 0):
 PSYoungGen      total 17920K, used 2528K [0x00000000ec000000, 0x00000000ed400000, 0x0000000100000000)
  eden space 15360K, 0% used [0x00000000ec000000,0x00000000ec000000,0x00000000ecf00000)
  from space 2560K, 98% used [0x00000000ecf00000,0x00000000ed178030,0x00000000ed180000)
  to   space 2560K, 0% used [0x00000000ed180000,0x00000000ed180000,0x00000000ed400000)
 ParOldGen       total 155648K, used 118744K [0x00000000c4000000, 0x00000000cd800000, 0x00000000ec000000)
  object space 155648K, 76% used [0x00000000c4000000,0x00000000cb3f6270,0x00000000cd800000)
 Metaspace       used 16994K, capacity 17734K, committed 17920K, reserved 1064960K
  class space    used 2499K, capacity 2696K, committed 2816K, reserved 1048576K
}

Deoptimization events (10 events):
Event: 7,088 Thread 0x00007f1c002e9000 Uncommon trap: reason=class_check action=maybe_recompile pc=0x00007f1bf1195160 method=java.lang.String.equals(Ljava/lang/Object;)Z @ 8
Event: 7,088 Thread 0x00007f1c002e9000 Uncommon trap: reason=class_check action=maybe_recompile pc=0x00007f1bf1195160 method=java.lang.String.equals(Ljava/lang/Object;)Z @ 8
Event: 12,345 Thread 0x00007f1c002e9000 Uncommon trap: reason=class_check action=maybe_recompile pc=0x00007f1bf1195160 method=java.lang.String.equals(Ljava/lang/Object;)Z @ 8
Event: 12,490 Thread 0x00007f1c002e9000 Uncommon trap: reason=unstable_if action=reinterpret pc=0x00007f1bf133142c method=java.util.HashMap.hash(Ljava/lang/Object;)I @ 1
Event: 12,491 Thread 0x00007f1c002e9000 Uncommon trap: reason=unstable_if action=reinterpret pc=0x00007f1bf139d4b0 method=java.util.HashMap.hash(Ljava/lang/Object;)I @ 1
Event: 12,530 Thread 0x00007f1c002e9000 Uncommon trap: reason=unstable_if action=reinterpret pc=0x00007f1bf143f22c method=java.lang.ClassLoader.checkName(Ljava/lang/String;)Z @ 20
Event: 12,692 Thread 0x00007f1c002e9000 Uncommon trap: reason=unstable_if action=reinterpret pc=0x00007f1bf13cba30 method=java.util.HashMap.isEmpty()Z @ 4
Event: 12,874 Thread 0x00007f1c002e9000 Uncommon trap: reason=unstable_if action=reinterpret pc=0x00007f1bf1412824 method=jdk.internal.org.objectweb.asm.Type.getArgumentsAndReturnSizes(Ljava/lang/String;)I @ 47
Event: 13,285 Thread 0x00007f1c00297000 Uncommon trap: reason=unstable_if action=reinterpret pc=0x00007f1bf14e3520 method=java.lang.StrictMath.floorOrCeil(DDDD)D @ 115
Event: 20,209 Thread 0x00007f1c002e9000 Uncommon trap: reason=unstable_if action=reinterpret pc=0x00007f1bf12513e0 method=java.lang.CharacterData.of(I)Ljava/lang/CharacterData; @ 4

Classes redefined (0 events):
No events

Internal exceptions (10 events):
Event: 2,089 Thread 0x00007f1c002e9000 Exception <a 'java/lang/ArrayIndexOutOfBoundsException': 18> (0x00000000ec18f960) thrown at [/HUDSON/workspace/8-2-build-linux-amd64/jdk8u161/10277/hotspot/src/share/vm/interpreter/interpreterRuntime.cpp, line 366]
Event: 2,090 Thread 0x00007f1c002e9000 Exception <a 'java/lang/ArrayIndexOutOfBoundsException'> (0x00000000ec191808) thrown at [/HUDSON/workspace/8-2-build-linux-amd64/jdk8u161/10277/hotspot/src/share/vm/runtime/sharedRuntime.cpp, line 605]
Event: 3,553 Thread 0x00007f1c002e9000 Exception <a 'java/lang/ArrayIndexOutOfBoundsException'> (0x00000000ec2f0c58) thrown at [/HUDSON/workspace/8-2-build-linux-amd64/jdk8u161/10277/hotspot/src/share/vm/runtime/sharedRuntime.cpp, line 605]
Event: 4,689 Thread 0x00007f1c002e9000 Exception <a 'java/lang/ArrayIndexOutOfBoundsException'> (0x00000000ec8234f0) thrown at [/HUDSON/workspace/8-2-build-linux-amd64/jdk8u161/10277/hotspot/src/share/vm/runtime/sharedRuntime.cpp, line 605]
Event: 4,804 Thread 0x00007f1c002e9000 Exception <a 'java/io/FileNotFoundException'> (0x00000000ec957898) thrown at [/HUDSON/workspace/8-2-build-linux-amd64/jdk8u161/10277/hotspot/src/share/vm/prims/jni.cpp, line 709]
Event: 6,707 Thread 0x00007f1c002e9000 Exception <a 'java/io/FileNotFoundException'> (0x00000000ec0a96d0) thrown at [/HUDSON/workspace/8-2-build-linux-amd64/jdk8u161/10277/hotspot/src/share/vm/prims/jni.cpp, line 709]
Event: 6,783 Thread 0x00007f1c002e9000 Exception <a 'java/io/FileNotFoundException'> (0x00000000ec126ca8) thrown at [/HUDSON/workspace/8-2-build-linux-amd64/jdk8u161/10277/hotspot/src/share/vm/prims/jni.cpp, line 709]
Event: 6,802 Thread 0x00007f1c002e9000 Exception <a 'java/io/FileNotFoundException'> (0x00000000ec1505d8) thrown at [/HUDSON/workspace/8-2-build-linux-amd64/jdk8u161/10277/hotspot/src/share/vm/prims/jni.cpp, line 709]
Event: 12,490 Thread 0x00007f1c002e9000 Implicit null exception at 0x00007f1bf13311f5 to 0x00007f1bf133141d
Event: 12,491 Thread 0x00007f1c002e9000 Implicit null exception at 0x00007f1bf139d418 to 0x00007f1bf139d4a6

Events (10 events):
Event: 23,665 loading class javafx/scene/effect/DropShadow$7
Event: 23,665 loading class javafx/scene/effect/DropShadow$7 done
Event: 23,668 loading class javafx/scene/effect/DropShadow$8
Event: 23,668 loading class javafx/scene/effect/DropShadow$8 done
Event: 23,669 loading class javafx/scene/effect/DropShadow$2
Event: 23,669 loading class javafx/scene/effect/DropShadow$2 done
Event: 23,670 loading class javafx/scene/effect/DropShadow$3
Event: 23,670 loading class javafx/scene/effect/DropShadow$3 done
Event: 23,670 loading class com/sun/javafx/effect/EffectDirtyBits
Event: 23,670 loading class com/sun/javafx/effect/EffectDirtyBits done


Dynamic libraries:
00400000-00401000 r-xp 00000000 08:02 2883734                            /opt/jdk/jdk1.8.0_161/bin/java
00600000-00601000 rw-p 00000000 08:02 2883734                            /opt/jdk/jdk1.8.0_161/bin/java
00ab3000-00ad4000 rw-p 00000000 00:00 0                                  [heap]
c4000000-cd800000 rw-p 00000000 00:00 0 
cd800000-ec000000 ---p 00000000 00:00 0 
ec000000-ed400000 rw-p 00000000 00:00 0 
ed400000-100000000 ---p 00000000 00:00 0 
100000000-1002e0000 rw-p 00000000 00:00 0 
1002e0000-140000000 ---p 00000000 00:00 0 
7f1b9e000000-7f1ba4000000 rw-s 115894000 00:06 335                       /dev/dri/card0
7f1ba4000000-7f1ba4640000 rw-p 00000000 00:00 0 
7f1ba4640000-7f1ba8000000 ---p 00000000 00:00 0 
7f1ba8ad4000-7f1ba8adc000 rw-s 101971000 00:06 335                       /dev/dri/card0
7f1ba8adc000-7f1ba8ae4000 rw-s 100480000 00:06 335                       /dev/dri/card0
7f1ba8ae4000-7f1ba8b00000 rw-s 1151b4000 00:06 335                       /dev/dri/card0
7f1ba8b00000-7f1ba8b10000 rw-s 00000000 00:05 246645                     /drm mm object (deleted)
7f1ba8b10000-7f1ba8cd0000 rw-s 11d494000 00:06 335                       /dev/dri/card0
7f1ba8cd0000-7f1ba8d1b000 r--p 00000000 08:02 3808232                    /usr/share/fonts/truetype/noto/NotoSans-Regular.ttf
7f1ba8d1b000-7f1ba8edb000 rw-p 00000000 00:00 0 
7f1ba8edb000-7f1ba8f1b000 ---p 00000000 00:00 0 
7f1ba8f1b000-7f1ba90db000 rw-s 115454000 00:06 335                       /dev/dri/card0
7f1ba90db000-7f1ba90eb000 rw-s 00000000 00:05 246640                     /drm mm object (deleted)
7f1ba90eb000-7f1baaceb000 rw-s 11b894000 00:06 335                       /dev/dri/card0
7f1baaceb000-7f1baacfb000 rw-s 00000000 00:05 246635                     /drm mm object (deleted)
7f1baacfb000-7f1baad07000 rw-s 00000000 00:05 246432                     /drm mm object (deleted)
7f1baad07000-7f1baad0a000 ---p 00000000 00:00 0 
7f1baad0a000-7f1baae08000 rw-p 00000000 00:00 0 
7f1baae08000-7f1baae0b000 ---p 00000000 00:00 0 
7f1baae0b000-7f1bab109000 rw-p 00000000 00:00 0 
7f1bab109000-7f1bab113000 r-xp 00000000 08:02 3671770                    /usr/lib/x86_64-linux-gnu/gtk-2.0/2.10.0/engines/libpixmap.so
7f1bab113000-7f1bab312000 ---p 0000a000 08:02 3671770                    /usr/lib/x86_64-linux-gnu/gtk-2.0/2.10.0/engines/libpixmap.so
7f1bab312000-7f1bab313000 r--p 00009000 08:02 3671770                    /usr/lib/x86_64-linux-gnu/gtk-2.0/2.10.0/engines/libpixmap.so
7f1bab313000-7f1bab314000 rw-p 0000a000 08:02 3671770                    /usr/lib/x86_64-linux-gnu/gtk-2.0/2.10.0/engines/libpixmap.so
7f1bab314000-7f1bab36d000 r--p 00000000 08:02 3817298                    /usr/share/fonts/Segoe UI Bold.ttf
7f1bab36d000-7f1bab56d000 rw-p 00000000 00:00 0 
7f1bab56d000-7f1bab5be000 r--p 00000000 08:02 3817300                    /usr/share/fonts/segoeuil.ttf
7f1bab5be000-7f1bab5c2000 r-xp 00000000 08:02 2885435                    /opt/jdk/jdk1.8.0_161/jre/lib/amd64/libjavafx_font_pango.so
7f1bab5c2000-7f1bab7c1000 ---p 00004000 08:02 2885435                    /opt/jdk/jdk1.8.0_161/jre/lib/amd64/libjavafx_font_pango.so
7f1bab7c1000-7f1bab7c2000 rw-p 00003000 08:02 2885435                    /opt/jdk/jdk1.8.0_161/jre/lib/amd64/libjavafx_font_pango.so
7f1bab7c2000-7f1bab7c7000 r-xp 00000000 08:02 2885438                    /opt/jdk/jdk1.8.0_161/jre/lib/amd64/libjavafx_font_freetype.so
7f1bab7c7000-7f1bab9c6000 ---p 00005000 08:02 2885438                    /opt/jdk/jdk1.8.0_161/jre/lib/amd64/libjavafx_font_freetype.so
7f1bab9c6000-7f1bab9c7000 rw-p 00004000 08:02 2885438                    /opt/jdk/jdk1.8.0_161/jre/lib/amd64/libjavafx_font_freetype.so
7f1bab9c7000-7f1bab9ca000 r-xp 00000000 08:02 2885485                    /opt/jdk/jdk1.8.0_161/jre/lib/amd64/libjavafx_font.so
7f1bab9ca000-7f1babbc9000 ---p 00003000 08:02 2885485                    /opt/jdk/jdk1.8.0_161/jre/lib/amd64/libjavafx_font.so
7f1babbc9000-7f1babbca000 rw-p 00002000 08:02 2885485                    /opt/jdk/jdk1.8.0_161/jre/lib/amd64/libjavafx_font.so
7f1babbca000-7f1babc00000 r-xp 00000000 08:02 2885481                    /opt/jdk/jdk1.8.0_161/jre/lib/amd64/libjavafx_iio.so
7f1babc00000-7f1babdff000 ---p 00036000 08:02 2885481                    /opt/jdk/jdk1.8.0_161/jre/lib/amd64/libjavafx_iio.so
7f1babdff000-7f1babe00000 rw-p 00035000 08:02 2885481                    /opt/jdk/jdk1.8.0_161/jre/lib/amd64/libjavafx_iio.so
7f1babe00000-7f1bac000000 rw-p 00000000 00:00 0 
7f1bac000000-7f1bac021000 rw-p 00000000 00:00 0 
7f1bac021000-7f1bb0000000 ---p 00000000 00:00 0 
7f1bb0002000-7f1bb000a000 rw-s 1019cc000 00:06 335                       /dev/dri/card0
7f1bb000a000-7f1bb0089000 r--p 00000000 08:02 3817301                    /usr/share/fonts/segoeui.ttf
7f1bb0089000-7f1bb009c000 r--p 00000000 08:02 2885207                    /opt/jdk/jdk1.8.0_161/jre/lib/fonts/LucidaBrightDemiBold.ttf
7f1bb009c000-7f1bb0147000 r--p 00000000 08:02 2885200                    /opt/jdk/jdk1.8.0_161/jre/lib/fonts/LucidaSansRegular.ttf
7f1bb0147000-7f1bb0195000 r--p 00000000 08:02 2885202                    /opt/jdk/jdk1.8.0_161/jre/lib/fonts/LucidaSansDemiBold.ttf
7f1bb0195000-7f1bb01ea000 r--p 00000000 08:02 2885201                    /opt/jdk/jdk1.8.0_161/jre/lib/fonts/LucidaBrightRegular.ttf
7f1bb01ea000-7f1bb01ed000 ---p 00000000 00:00 0 
7f1bb01ed000-7f1bb02eb000 rw-p 00000000 00:00 0 
7f1bb02eb000-7f1bb02ee000 ---p 00000000 00:00 0 
7f1bb02ee000-7f1bb03ec000 rw-p 00000000 00:00 0 
7f1bb03ec000-7f1bb0415000 r-xp 00000000 08:02 2885460                    /opt/jdk/jdk1.8.0_161/jre/lib/amd64/libglass.so
7f1bb0415000-7f1bb0614000 ---p 00029000 08:02 2885460                    /opt/jdk/jdk1.8.0_161/jre/lib/amd64/libglass.so
7f1bb0614000-7f1bb0617000 rw-p 00028000 08:02 2885460                    /opt/jdk/jdk1.8.0_161/jre/lib/amd64/libglass.so
7f1bb0617000-7f1bb064e000 r-xp 00000000 08:02 3547217                    /usr/lib/x86_64-linux-gnu/libtxc_dxtn_s2tc.so.0.0.0
7f1bb064e000-7f1bb084d000 ---p 00037000 08:02 3547217                    /usr/lib/x86_64-linux-gnu/libtxc_dxtn_s2tc.so.0.0.0
7f1bb084d000-7f1bb084e000 r--p 00036000 08:02 3547217                    /usr/lib/x86_64-linux-gnu/libtxc_dxtn_s2tc.so.0.0.0
7f1bb084e000-7f1bb084f000 rw-p 00037000 08:02 3547217                    /usr/lib/x86_64-linux-gnu/libtxc_dxtn_s2tc.so.0.0.0
7f1bb084f000-7f1bb0857000 r-xp 00000000 08:02 3546963                    /usr/lib/x86_64-linux-gnu/libpciaccess.so.0.11.1
7f1bb0857000-7f1bb0a57000 ---p 00008000 08:02 3546963                    /usr/lib/x86_64-linux-gnu/libpciaccess.so.0.11.1
7f1bb0a57000-7f1bb0a58000 r--p 00008000 08:02 3546963                    /usr/lib/x86_64-linux-gnu/libpciaccess.so.0.11.1
7f1bb0a58000-7f1bb0a59000 rw-p 00009000 08:02 3546963                    /usr/lib/x86_64-linux-gnu/libpciaccess.so.0.11.1
7f1bb0a59000-7f1bb0a64000 r-xp 00000000 08:02 3546417                    /usr/lib/x86_64-linux-gnu/libdrm_radeon.so.1.0.1
7f1bb0a64000-7f1bb0c63000 ---p 0000b000 08:02 3546417                    /usr/lib/x86_64-linux-gnu/libdrm_radeon.so.1.0.1
7f1bb0c63000-7f1bb0c64000 r--p 0000a000 08:02 3546417                    /usr/lib/x86_64-linux-gnu/libdrm_radeon.so.1.0.1
7f1bb0c64000-7f1bb0c65000 rw-p 0000b000 08:02 3546417                    /usr/lib/x86_64-linux-gnu/libdrm_radeon.so.1.0.1
7f1bb0c65000-7f1bb0c6c000 r-xp 00000000 08:02 3546415                    /usr/lib/x86_64-linux-gnu/libdrm_nouveau.so.2.0.0
7f1bb0c6c000-7f1bb0e6b000 ---p 00007000 08:02 3546415                    /usr/lib/x86_64-linux-gnu/libdrm_nouveau.so.2.0.0
7f1bb0e6b000-7f1bb0e6c000 r--p 00006000 08:02 3546415                    /usr/lib/x86_64-linux-gnu/libdrm_nouveau.so.2.0.0
7f1bb0e6c000-7f1bb0e6d000 rw-p 00007000 08:02 3546415                    /usr/lib/x86_64-linux-gnu/libdrm_nouveau.so.2.0.0
7f1bb0e6d000-7f1bb0e8f000 r-xp 00000000 08:02 3546413                    /usr/lib/x86_64-linux-gnu/libdrm_intel.so.1.0.0
7f1bb0e8f000-7f1bb108f000 ---p 00022000 08:02 3546413                    /usr/lib/x86_64-linux-gnu/libdrm_intel.so.1.0.0
7f1bb108f000-7f1bb1090000 r--p 00022000 08:02 3546413                    /usr/lib/x86_64-linux-gnu/libdrm_intel.so.1.0.0
7f1bb1090000-7f1bb1091000 rw-p 00023000 08:02 3546413                    /usr/lib/x86_64-linux-gnu/libdrm_intel.so.1.0.0
7f1bb1091000-7f1bb18b8000 r-xp 00000000 08:02 3671344                    /usr/lib/x86_64-linux-gnu/dri/i965_dri.so
7f1bb18b8000-7f1bb1ab8000 ---p 00827000 08:02 3671344                    /usr/lib/x86_64-linux-gnu/dri/i965_dri.so
7f1bb1ab8000-7f1bb1b08000 r--p 00827000 08:02 3671344                    /usr/lib/x86_64-linux-gnu/dri/i965_dri.so
7f1bb1b08000-7f1bb1b11000 rw-p 00877000 08:02 3671344                    /usr/lib/x86_64-linux-gnu/dri/i965_dri.so
7f1bb1b11000-7f1bb1b78000 rw-p 00000000 00:00 0 
7f1bb1b78000-7f1bb1b7e000 r-xp 00000000 08:02 3546354                    /usr/lib/x86_64-linux-gnu/libdatrie.so.1.3.3
7f1bb1b7e000-7f1bb1d7e000 ---p 00006000 08:02 3546354                    /usr/lib/x86_64-linux-gnu/libdatrie.so.1.3.3
7f1bb1d7e000-7f1bb1d7f000 r--p 00006000 08:02 3546354                    /usr/lib/x86_64-linux-gnu/libdatrie.so.1.3.3
7f1bb1d7f000-7f1bb1d80000 rw-p 00007000 08:02 3546354                    /usr/lib/x86_64-linux-gnu/libdatrie.so.1.3.3
7f1bb1d80000-7f1bb1d85000 r-xp 00000000 08:02 3546164                    /usr/lib/x86_64-linux-gnu/libXdmcp.so.6.0.0
7f1bb1d85000-7f1bb1f84000 ---p 00005000 08:02 3546164                    /usr/lib/x86_64-linux-gnu/libXdmcp.so.6.0.0
7f1bb1f84000-7f1bb1f85000 r--p 00004000 08:02 3546164                    /usr/lib/x86_64-linux-gnu/libXdmcp.so.6.0.0
7f1bb1f85000-7f1bb1f86000 rw-p 00005000 08:02 3546164                    /usr/lib/x86_64-linux-gnu/libXdmcp.so.6.0.0
7f1bb1f86000-7f1bb1f88000 r-xp 00000000 08:02 3546153                    /usr/lib/x86_64-linux-gnu/libXau.so.6.0.0
7f1bb1f88000-7f1bb2188000 ---p 00002000 08:02 3546153                    /usr/lib/x86_64-linux-gnu/libXau.so.6.0.0
7f1bb2188000-7f1bb2189000 r--p 00002000 08:02 3546153                    /usr/lib/x86_64-linux-gnu/libXau.so.6.0.0
7f1bb2189000-7f1bb218a000 rw-p 00003000 08:02 3546153                    /usr/lib/x86_64-linux-gnu/libXau.so.6.0.0
7f1bb218a000-7f1bb21ae000 r-xp 00000000 08:02 3546586                    /usr/lib/x86_64-linux-gnu/libgraphite2.so.3.0.1
7f1bb21ae000-7f1bb23ad000 ---p 00024000 08:02 3546586                    /usr/lib/x86_64-linux-gnu/libgraphite2.so.3.0.1
7f1bb23ad000-7f1bb23af000 r--p 00023000 08:02 3546586                    /usr/lib/x86_64-linux-gnu/libgraphite2.so.3.0.1
7f1bb23af000-7f1bb23b0000 rw-p 00025000 08:02 3546586                    /usr/lib/x86_64-linux-gnu/libgraphite2.so.3.0.1
7f1bb23b0000-7f1bb23c0000 r-xp 00000000 08:02 3546409                    /usr/lib/x86_64-linux-gnu/libdrm.so.2.4.0
7f1bb23c0000-7f1bb25bf000 ---p 00010000 08:02 3546409                    /usr/lib/x86_64-linux-gnu/libdrm.so.2.4.0
7f1bb25bf000-7f1bb25c0000 r--p 0000f000 08:02 3546409                    /usr/lib/x86_64-linux-gnu/libdrm.so.2.4.0
7f1bb25c0000-7f1bb25c1000 rw-p 00010000 08:02 3546409                    /usr/lib/x86_64-linux-gnu/libdrm.so.2.4.0
7f1bb25c1000-7f1bb25c5000 r-xp 00000000 08:02 3547342                    /usr/lib/x86_64-linux-gnu/libxcb-dri2.so.0.0.0
7f1bb25c5000-7f1bb27c4000 ---p 00004000 08:02 3547342                    /usr/lib/x86_64-linux-gnu/libxcb-dri2.so.0.0.0
7f1bb27c4000-7f1bb27c5000 r--p 00003000 08:02 3547342                    /usr/lib/x86_64-linux-gnu/libxcb-dri2.so.0.0.0
7f1bb27c5000-7f1bb27c6000 rw-p 00004000 08:02 3547342                    /usr/lib/x86_64-linux-gnu/libxcb-dri2.so.0.0.0
7f1bb27c6000-7f1bb27dd000 r-xp 00000000 08:02 3547346                    /usr/lib/x86_64-linux-gnu/libxcb-glx.so.0.0.0
7f1bb27dd000-7f1bb29dc000 ---p 00017000 08:02 3547346                    /usr/lib/x86_64-linux-gnu/libxcb-glx.so.0.0.0
7f1bb29dc000-7f1bb29de000 r--p 00016000 08:02 3547346                    /usr/lib/x86_64-linux-gnu/libxcb-glx.so.0.0.0
7f1bb29de000-7f1bb29df000 rw-p 00018000 08:02 3547346                    /usr/lib/x86_64-linux-gnu/libxcb-glx.so.0.0.0
7f1bb29df000-7f1bb29e0000 r-xp 00000000 08:02 3546149                    /usr/lib/x86_64-linux-gnu/libX11-xcb.so.1.0.0
7f1bb29e0000-7f1bb2bdf000 ---p 00001000 08:02 3546149                    /usr/lib/x86_64-linux-gnu/libX11-xcb.so.1.0.0
7f1bb2bdf000-7f1bb2be0000 r--p 00000000 08:02 3546149                    /usr/lib/x86_64-linux-gnu/libX11-xcb.so.1.0.0
7f1bb2be0000-7f1bb2be1000 rw-p 00001000 08:02 3546149                    /usr/lib/x86_64-linux-gnu/libX11-xcb.so.1.0.0
7f1bb2be1000-7f1bb2c0c000 r-xp 00000000 08:02 3546557                    /usr/lib/x86_64-linux-gnu/libglapi.so.0.0.0
7f1bb2c0c000-7f1bb2e0b000 ---p 0002b000 08:02 3546557                    /usr/lib/x86_64-linux-gnu/libglapi.so.0.0.0
7f1bb2e0b000-7f1bb2e0f000 r--p 0002a000 08:02 3546557                    /usr/lib/x86_64-linux-gnu/libglapi.so.0.0.0
7f1bb2e0f000-7f1bb2e10000 rw-p 0002e000 08:02 3546557                    /usr/lib/x86_64-linux-gnu/libglapi.so.0.0.0
7f1bb2e10000-7f1bb2e11000 rw-p 00000000 00:00 0 
7f1bb2e11000-7f1bb2e12000 r-xp 00000000 08:02 3547390                    /usr/lib/x86_64-linux-gnu/libxshmfence.so.1.0.0
7f1bb2e12000-7f1bb3012000 ---p 00001000 08:02 3547390                    /usr/lib/x86_64-linux-gnu/libxshmfence.so.1.0.0
7f1bb3012000-7f1bb3013000 r--p 00001000 08:02 3547390                    /usr/lib/x86_64-linux-gnu/libxshmfence.so.1.0.0
7f1bb3013000-7f1bb3014000 rw-p 00002000 08:02 3547390                    /usr/lib/x86_64-linux-gnu/libxshmfence.so.1.0.0
7f1bb3014000-7f1bb3019000 r-xp 00000000 08:02 3547368                    /usr/lib/x86_64-linux-gnu/libxcb-sync.so.1.0.0
7f1bb3019000-7f1bb3219000 ---p 00005000 08:02 3547368                    /usr/lib/x86_64-linux-gnu/libxcb-sync.so.1.0.0
7f1bb3219000-7f1bb321a000 r--p 00005000 08:02 3547368                    /usr/lib/x86_64-linux-gnu/libxcb-sync.so.1.0.0
7f1bb321a000-7f1bb321b000 rw-p 00006000 08:02 3547368                    /usr/lib/x86_64-linux-gnu/libxcb-sync.so.1.0.0
7f1bb321b000-7f1bb321d000 r-xp 00000000 08:02 3547354                    /usr/lib/x86_64-linux-gnu/libxcb-present.so.0.0.0
7f1bb321d000-7f1bb341c000 ---p 00002000 08:02 3547354                    /usr/lib/x86_64-linux-gnu/libxcb-present.so.0.0.0
7f1bb341c000-7f1bb341d000 r--p 00001000 08:02 3547354                    /usr/lib/x86_64-linux-gnu/libxcb-present.so.0.0.0
7f1bb341d000-7f1bb341e000 rw-p 00002000 08:02 3547354                    /usr/lib/x86_64-linux-gnu/libxcb-present.so.0.0.0
7f1bb341e000-7f1bb3420000 r-xp 00000000 08:02 3547344                    /usr/lib/x86_64-linux-gnu/libxcb-dri3.so.0.0.0
7f1bb3420000-7f1bb361f000 ---p 00002000 08:02 3547344                    /usr/lib/x86_64-linux-gnu/libxcb-dri3.so.0.0.0
7f1bb361f000-7f1bb3620000 r--p 00001000 08:02 3547344                    /usr/lib/x86_64-linux-gnu/libxcb-dri3.so.0.0.0
7f1bb3620000-7f1bb3621000 rw-p 00002000 08:02 3547344                    /usr/lib/x86_64-linux-gnu/libxcb-dri3.so.0.0.0
7f1bb3621000-7f1bb368f000 r-xp 00000000 08:02 791258                     /lib/x86_64-linux-gnu/libpcre.so.3.13.2
7f1bb368f000-7f1bb388f000 ---p 0006e000 08:02 791258                     /lib/x86_64-linux-gnu/libpcre.so.3.13.2
7f1bb388f000-7f1bb3890000 r--p 0006e000 08:02 791258                     /lib/x86_64-linux-gnu/libpcre.so.3.13.2
7f1bb3890000-7f1bb3891000 rw-p 0006f000 08:02 791258                     /lib/x86_64-linux-gnu/libpcre.so.3.13.2
7f1bb3891000-7f1bb3898000 r-xp 00000000 08:02 3546471                    /usr/lib/x86_64-linux-gnu/libffi.so.6.0.4
7f1bb3898000-7f1bb3a97000 ---p 00007000 08:02 3546471                    /usr/lib/x86_64-linux-gnu/libffi.so.6.0.4
7f1bb3a97000-7f1bb3a98000 r--p 00006000 08:02 3546471                    /usr/lib/x86_64-linux-gnu/libffi.so.6.0.4
7f1bb3a98000-7f1bb3a99000 rw-p 00007000 08:02 3546471                    /usr/lib/x86_64-linux-gnu/libffi.so.6.0.4
7f1bb3a99000-7f1bb3abf000 r-xp 00000000 08:02 791162                     /lib/x86_64-linux-gnu/libexpat.so.1.6.0
7f1bb3abf000-7f1bb3cbf000 ---p 00026000 08:02 791162                     /lib/x86_64-linux-gnu/libexpat.so.1.6.0
7f1bb3cbf000-7f1bb3cc1000 r--p 00026000 08:02 791162                     /lib/x86_64-linux-gnu/libexpat.so.1.6.0
7f1bb3cc1000-7f1bb3cc2000 rw-p 00028000 08:02 791162                     /lib/x86_64-linux-gnu/libexpat.so.1.6.0
7f1bb3cc2000-7f1bb3cca000 r-xp 00000000 08:02 3547194                    /usr/lib/x86_64-linux-gnu/libthai.so.0.2.4
7f1bb3cca000-7f1bb3ec9000 ---p 00008000 08:02 3547194                    /usr/lib/x86_64-linux-gnu/libthai.so.0.2.4
7f1bb3ec9000-7f1bb3eca000 r--p 00007000 08:02 3547194                    /usr/lib/x86_64-linux-gnu/libthai.so.0.2.4
7f1bb3eca000-7f1bb3ecb000 rw-p 00008000 08:02 3547194                    /usr/lib/x86_64-linux-gnu/libthai.so.0.2.4
7f1bb3ecb000-7f1bb3eec000 r-xp 00000000 08:02 3547380                    /usr/lib/x86_64-linux-gnu/libxcb.so.1.1.0
7f1bb3eec000-7f1bb40eb000 ---p 00021000 08:02 3547380                    /usr/lib/x86_64-linux-gnu/libxcb.so.1.1.0
7f1bb40eb000-7f1bb40ec000 r--p 00020000 08:02 3547380                    /usr/lib/x86_64-linux-gnu/libxcb.so.1.1.0
7f1bb40ec000-7f1bb40ed000 rw-p 00021000 08:02 3547380                    /usr/lib/x86_64-linux-gnu/libxcb.so.1.1.0
7f1bb40ed000-7f1bb40f5000 r-xp 00000000 08:02 3547362                    /usr/lib/x86_64-linux-gnu/libxcb-render.so.0.0.0
7f1bb40f5000-7f1bb42f5000 ---p 00008000 08:02 3547362                    /usr/lib/x86_64-linux-gnu/libxcb-render.so.0.0.0
7f1bb42f5000-7f1bb42f6000 r--p 00008000 08:02 3547362                    /usr/lib/x86_64-linux-gnu/libxcb-render.so.0.0.0
7f1bb42f6000-7f1bb42f7000 rw-p 00009000 08:02 3547362                    /usr/lib/x86_64-linux-gnu/libxcb-render.so.0.0.0
7f1bb42f7000-7f1bb42f9000 r-xp 00000000 08:02 3547366                    /usr/lib/x86_64-linux-gnu/libxcb-shm.so.0.0.0
7f1bb42f9000-7f1bb44f9000 ---p 00002000 08:02 3547366                    /usr/lib/x86_64-linux-gnu/libxcb-shm.so.0.0.0
7f1bb44f9000-7f1bb44fa000 r--p 00002000 08:02 3547366                    /usr/lib/x86_64-linux-gnu/libxcb-shm.so.0.0.0
7f1bb44fa000-7f1bb44fb000 rw-p 00003000 08:02 3547366                    /usr/lib/x86_64-linux-gnu/libxcb-shm.so.0.0.0
7f1bb44fb000-7f1bb451f000 r-xp 00000000 08:02 791270                     /lib/x86_64-linux-gnu/libpng12.so.0.54.0
7f1bb451f000-7f1bb471e000 ---p 00024000 08:02 791270                     /lib/x86_64-linux-gnu/libpng12.so.0.54.0
7f1bb471e000-7f1bb471f000 r--p 00023000 08:02 791270                     /lib/x86_64-linux-gnu/libpng12.so.0.54.0
7f1bb471f000-7f1bb4720000 rw-p 00024000 08:02 791270                     /lib/x86_64-linux-gnu/libpng12.so.0.54.0
7f1bb4720000-7f1bb47bf000 r-xp 00000000 08:02 3546977                    /usr/lib/x86_64-linux-gnu/libpixman-1.so.0.33.6
7f1bb47bf000-7f1bb49bf000 ---p 0009f000 08:02 3546977                    /usr/lib/x86_64-linux-gnu/libpixman-1.so.0.33.6
7f1bb49bf000-7f1bb49c7000 r--p 0009f000 08:02 3546977                    /usr/lib/x86_64-linux-gnu/libpixman-1.so.0.33.6
7f1bb49c7000-7f1bb49c8000 rw-p 000a7000 08:02 3546977                    /usr/lib/x86_64-linux-gnu/libpixman-1.so.0.33.6
7f1bb49c8000-7f1bb4a59000 r-xp 00000000 08:02 3546650                    /usr/lib/x86_64-linux-gnu/libharfbuzz.so.0.10400.6
7f1bb4a59000-7f1bb4c58000 ---p 00091000 08:02 3546650                    /usr/lib/x86_64-linux-gnu/libharfbuzz.so.0.10400.6
7f1bb4c58000-7f1bb4c5a000 r--p 00090000 08:02 3546650                    /usr/lib/x86_64-linux-gnu/libharfbuzz.so.0.10400.6
7f1bb4c5a000-7f1bb4c5b000 rw-p 00092000 08:02 3546650                    /usr/lib/x86_64-linux-gnu/libharfbuzz.so.0.10400.6
7f1bb4c5b000-7f1bb4c72000 r-xp 00000000 08:02 791281                     /lib/x86_64-linux-gnu/libresolv-2.23.so
7f1bb4c72000-7f1bb4e72000 ---p 00017000 08:02 791281                     /lib/x86_64-linux-gnu/libresolv-2.23.so
7f1bb4e72000-7f1bb4e73000 r--p 00017000 08:02 791281                     /lib/x86_64-linux-gnu/libresolv-2.23.so
7f1bb4e73000-7f1bb4e74000 rw-p 00018000 08:02 791281                     /lib/x86_64-linux-gnu/libresolv-2.23.so
7f1bb4e74000-7f1bb4e76000 rw-p 00000000 00:00 0 
7f1bb4e76000-7f1bb4e95000 r-xp 00000000 08:02 791287                     /lib/x86_64-linux-gnu/libselinux.so.1
7f1bb4e95000-7f1bb5094000 ---p 0001f000 08:02 791287                     /lib/x86_64-linux-gnu/libselinux.so.1
7f1bb5094000-7f1bb5095000 r--p 0001e000 08:02 791287                     /lib/x86_64-linux-gnu/libselinux.so.1
7f1bb5095000-7f1bb5096000 rw-p 0001f000 08:02 791287                     /lib/x86_64-linux-gnu/libselinux.so.1
7f1bb5096000-7f1bb5098000 rw-p 00000000 00:00 0 
7f1bb5098000-7f1bb50b1000 r-xp 00000000 08:02 791320                     /lib/x86_64-linux-gnu/libz.so.1.2.8
7f1bb50b1000-7f1bb52b0000 ---p 00019000 08:02 791320                     /lib/x86_64-linux-gnu/libz.so.1.2.8
7f1bb52b0000-7f1bb52b1000 r--p 00018000 08:02 791320                     /lib/x86_64-linux-gnu/libz.so.1.2.8
7f1bb52b1000-7f1bb52b2000 rw-p 00019000 08:02 791320                     /lib/x86_64-linux-gnu/libz.so.1.2.8
7f1bb52b2000-7f1bb52c3000 r-xp 00000000 08:02 3546166                    /usr/lib/x86_64-linux-gnu/libXext.so.6.4.0
7f1bb52c3000-7f1bb54c2000 ---p 00011000 08:02 3546166                    /usr/lib/x86_64-linux-gnu/libXext.so.6.4.0
7f1bb54c2000-7f1bb54c3000 r--p 00010000 08:02 3546166                    /usr/lib/x86_64-linux-gnu/libXext.so.6.4.0
7f1bb54c3000-7f1bb54c4000 rw-p 00011000 08:02 3546166                    /usr/lib/x86_64-linux-gnu/libXext.so.6.4.0
7f1bb54c4000-7f1bb54c6000 r-xp 00000000 08:02 3546162                    /usr/lib/x86_64-linux-gnu/libXdamage.so.1.1.0
7f1bb54c6000-7f1bb56c5000 ---p 00002000 08:02 3546162                    /usr/lib/x86_64-linux-gnu/libXdamage.so.1.1.0
7f1bb56c5000-7f1bb56c6000 r--p 00001000 08:02 3546162                    /usr/lib/x86_64-linux-gnu/libXdamage.so.1.1.0
7f1bb56c6000-7f1bb56c7000 rw-p 00002000 08:02 3546162                    /usr/lib/x86_64-linux-gnu/libXdamage.so.1.1.0
7f1bb56c7000-7f1bb56c9000 r-xp 00000000 08:02 3546158                    /usr/lib/x86_64-linux-gnu/libXcomposite.so.1.0.0
7f1bb56c9000-7f1bb58c8000 ---p 00002000 08:02 3546158                    /usr/lib/x86_64-linux-gnu/libXcomposite.so.1.0.0
7f1bb58c8000-7f1bb58c9000 r--p 00001000 08:02 3546158                    /usr/lib/x86_64-linux-gnu/libXcomposite.so.1.0.0
7f1bb58c9000-7f1bb58ca000 rw-p 00002000 08:02 3546158                    /usr/lib/x86_64-linux-gnu/libXcomposite.so.1.0.0
7f1bb58ca000-7f1bb58d3000 r-xp 00000000 08:02 3546160                    /usr/lib/x86_64-linux-gnu/libXcursor.so.1.0.2
7f1bb58d3000-7f1bb5ad2000 ---p 00009000 08:02 3546160                    /usr/lib/x86_64-linux-gnu/libXcursor.so.1.0.2
7f1bb5ad2000-7f1bb5ad3000 r--p 00008000 08:02 3546160                    /usr/lib/x86_64-linux-gnu/libXcursor.so.1.0.2
7f1bb5ad3000-7f1bb5ad4000 rw-p 00009000 08:02 3546160                    /usr/lib/x86_64-linux-gnu/libXcursor.so.1.0.2
7f1bb5ad4000-7f1bb5ade000 r-xp 00000000 08:02 3546186                    /usr/lib/x86_64-linux-gnu/libXrandr.so.2.2.0
7f1bb5ade000-7f1bb5cdd000 ---p 0000a000 08:02 3546186                    /usr/lib/x86_64-linux-gnu/libXrandr.so.2.2.0
7f1bb5cdd000-7f1bb5cde000 r--p 00009000 08:02 3546186                    /usr/lib/x86_64-linux-gnu/libXrandr.so.2.2.0
7f1bb5cde000-7f1bb5cdf000 rw-p 0000a000 08:02 3546186                    /usr/lib/x86_64-linux-gnu/libXrandr.so.2.2.0
7f1bb5cdf000-7f1bb5cee000 r-xp 00000000 08:02 3546176                    /usr/lib/x86_64-linux-gnu/libXi.so.6.1.0
7f1bb5cee000-7f1bb5eed000 ---p 0000f000 08:02 3546176                    /usr/lib/x86_64-linux-gnu/libXi.so.6.1.0
7f1bb5eed000-7f1bb5eee000 r--p 0000e000 08:02 3546176                    /usr/lib/x86_64-linux-gnu/libXi.so.6.1.0
7f1bb5eee000-7f1bb5eef000 rw-p 0000f000 08:02 3546176                    /usr/lib/x86_64-linux-gnu/libXi.so.6.1.0
7f1bb5eef000-7f1bb5ef1000 r-xp 00000000 08:02 3546178                    /usr/lib/x86_64-linux-gnu/libXinerama.so.1.0.0
7f1bb5ef1000-7f1bb60f0000 ---p 00002000 08:02 3546178                    /usr/lib/x86_64-linux-gnu/libXinerama.so.1.0.0
7f1bb60f0000-7f1bb60f1000 r--p 00001000 08:02 3546178                    /usr/lib/x86_64-linux-gnu/libXinerama.so.1.0.0
7f1bb60f1000-7f1bb60f2000 rw-p 00002000 08:02 3546178                    /usr/lib/x86_64-linux-gnu/libXinerama.so.1.0.0
7f1bb60f2000-7f1bb60fb000 r-xp 00000000 08:02 3546188                    /usr/lib/x86_64-linux-gnu/libXrender.so.1.3.0
7f1bb60fb000-7f1bb62fa000 ---p 00009000 08:02 3546188                    /usr/lib/x86_64-linux-gnu/libXrender.so.1.3.0
7f1bb62fa000-7f1bb62fb000 r--p 00008000 08:02 3546188                    /usr/lib/x86_64-linux-gnu/libXrender.so.1.3.0
7f1bb62fb000-7f1bb62fc000 rw-p 00009000 08:02 3546188                    /usr/lib/x86_64-linux-gnu/libXrender.so.1.3.0
7f1bb62fc000-7f1bb6301000 r-xp 00000000 08:02 3546168                    /usr/lib/x86_64-linux-gnu/libXfixes.so.3.1.0
7f1bb6301000-7f1bb6500000 ---p 00005000 08:02 3546168                    /usr/lib/x86_64-linux-gnu/libXfixes.so.3.1.0
7f1bb6500000-7f1bb6501000 r--p 00004000 08:02 3546168                    /usr/lib/x86_64-linux-gnu/libXfixes.so.3.1.0
7f1bb6501000-7f1bb6502000 rw-p 00005000 08:02 3546168                    /usr/lib/x86_64-linux-gnu/libXfixes.so.3.1.0
7f1bb6502000-7f1bb6518000 r-xp 00000000 08:02 791169                     /lib/x86_64-linux-gnu/libgcc_s.so.1
7f1bb6518000-7f1bb6717000 ---p 00016000 08:02 791169                     /lib/x86_64-linux-gnu/libgcc_s.so.1
7f1bb6717000-7f1bb6718000 rw-p 00015000 08:02 791169                     /lib/x86_64-linux-gnu/libgcc_s.so.1
7f1bb6718000-7f1bb688a000 r-xp 00000000 08:02 3547167                    /usr/lib/x86_64-linux-gnu/libstdc++.so.6.0.21
7f1bb688a000-7f1bb6a8a000 ---p 00172000 08:02 3547167                    /usr/lib/x86_64-linux-gnu/libstdc++.so.6.0.21
7f1bb6a8a000-7f1bb6a94000 r--p 00172000 08:02 3547167                    /usr/lib/x86_64-linux-gnu/libstdc++.so.6.0.21
7f1bb6a94000-7f1bb6a96000 rw-p 0017c000 08:02 3547167                    /usr/lib/x86_64-linux-gnu/libstdc++.so.6.0.21
7f1bb6a96000-7f1bb6a9a000 rw-p 00000000 00:00 0 
7f1bb6a9a000-7f1bb6b08000 r-xp 00000000 08:02 3671987                    /usr/lib/x86_64-linux-gnu/mesa/libGL.so.1.2.0
7f1bb6b08000-7f1bb6d08000 ---p 0006e000 08:02 3671987                    /usr/lib/x86_64-linux-gnu/mesa/libGL.so.1.2.0
7f1bb6d08000-7f1bb6d0b000 r--p 0006e000 08:02 3671987                    /usr/lib/x86_64-linux-gnu/mesa/libGL.so.1.2.0
7f1bb6d0b000-7f1bb6d0c000 rw-p 00071000 08:02 3671987                    /usr/lib/x86_64-linux-gnu/mesa/libGL.so.1.2.0
7f1bb6d0c000-7f1bb6d0d000 rw-p 00000000 00:00 0 
7f1bb6d0d000-7f1bb6d12000 r-xp 00000000 08:02 3546200                    /usr/lib/x86_64-linux-gnu/libXxf86vm.so.1.0.0
7f1bb6d12000-7f1bb6f11000 ---p 00005000 08:02 3546200                    /usr/lib/x86_64-linux-gnu/libXxf86vm.so.1.0.0
7f1bb6f11000-7f1bb6f12000 r--p 00004000 08:02 3546200                    /usr/lib/x86_64-linux-gnu/libXxf86vm.so.1.0.0
7f1bb6f12000-7f1bb6f13000 rw-p 00005000 08:02 3546200                    /usr/lib/x86_64-linux-gnu/libXxf86vm.so.1.0.0
7f1bb6f13000-7f1bb7048000 r-xp 00000000 08:02 3546151                    /usr/lib/x86_64-linux-gnu/libX11.so.6.3.0
7f1bb7048000-7f1bb7248000 ---p 00135000 08:02 3546151                    /usr/lib/x86_64-linux-gnu/libX11.so.6.3.0
7f1bb7248000-7f1bb7249000 r--p 00135000 08:02 3546151                    /usr/lib/x86_64-linux-gnu/libX11.so.6.3.0
7f1bb7249000-7f1bb724d000 rw-p 00136000 08:02 3546151                    /usr/lib/x86_64-linux-gnu/libX11.so.6.3.0
7f1bb724d000-7f1bb7252000 r-xp 00000000 08:02 3546194                    /usr/lib/x86_64-linux-gnu/libXtst.so.6.1.0
7f1bb7252000-7f1bb7451000 ---p 00005000 08:02 3546194                    /usr/lib/x86_64-linux-gnu/libXtst.so.6.1.0
7f1bb7451000-7f1bb7452000 r--p 00004000 08:02 3546194                    /usr/lib/x86_64-linux-gnu/libXtst.so.6.1.0
7f1bb7452000-7f1bb7453000 rw-p 00005000 08:02 3546194                    /usr/lib/x86_64-linux-gnu/libXtst.so.6.1.0
7f1bb7453000-7f1bb7562000 r-xp 00000000 08:02 791173                     /lib/x86_64-linux-gnu/libglib-2.0.so.0.4800.2
7f1bb7562000-7f1bb7761000 ---p 0010f000 08:02 791173                     /lib/x86_64-linux-gnu/libglib-2.0.so.0.4800.2
7f1bb7761000-7f1bb7762000 r--p 0010e000 08:02 791173                     /lib/x86_64-linux-gnu/libglib-2.0.so.0.4800.2
7f1bb7762000-7f1bb7763000 rw-p 0010f000 08:02 791173                     /lib/x86_64-linux-gnu/libglib-2.0.so.0.4800.2
7f1bb7763000-7f1bb7764000 rw-p 00000000 00:00 0 
7f1bb7764000-7f1bb7765000 r-xp 00000000 08:02 3546634                    /usr/lib/x86_64-linux-gnu/libgthread-2.0.so.0.4800.2
7f1bb7765000-7f1bb7964000 ---p 00001000 08:02 3546634                    /usr/lib/x86_64-linux-gnu/libgthread-2.0.so.0.4800.2
7f1bb7964000-7f1bb7965000 r--p 00000000 08:02 3546634                    /usr/lib/x86_64-linux-gnu/libgthread-2.0.so.0.4800.2
7f1bb7965000-7f1bb7966000 rw-p 00001000 08:02 3546634                    /usr/lib/x86_64-linux-gnu/libgthread-2.0.so.0.4800.2
7f1bb7966000-7f1bb7969000 r-xp 00000000 08:02 3546561                    /usr/lib/x86_64-linux-gnu/libgmodule-2.0.so.0.4800.2
7f1bb7969000-7f1bb7b68000 ---p 00003000 08:02 3546561                    /usr/lib/x86_64-linux-gnu/libgmodule-2.0.so.0.4800.2
7f1bb7b68000-7f1bb7b69000 r--p 00002000 08:02 3546561                    /usr/lib/x86_64-linux-gnu/libgmodule-2.0.so.0.4800.2
7f1bb7b69000-7f1bb7b6a000 rw-p 00003000 08:02 3546561                    /usr/lib/x86_64-linux-gnu/libgmodule-2.0.so.0.4800.2
7f1bb7b6a000-7f1bb7bbc000 r-xp 00000000 08:02 3546569                    /usr/lib/x86_64-linux-gnu/libgobject-2.0.so.0.4800.2
7f1bb7bbc000-7f1bb7dbb000 ---p 00052000 08:02 3546569                    /usr/lib/x86_64-linux-gnu/libgobject-2.0.so.0.4800.2
7f1bb7dbb000-7f1bb7dbc000 r--p 00051000 08:02 3546569                    /usr/lib/x86_64-linux-gnu/libgobject-2.0.so.0.4800.2
7f1bb7dbc000-7f1bb7dbd000 rw-p 00052000 08:02 3546569                    /usr/lib/x86_64-linux-gnu/libgobject-2.0.so.0.4800.2
7f1bb7dbd000-7f1bb7dfa000 r-xp 00000000 08:02 3546485                    /usr/lib/x86_64-linux-gnu/libfontconfig.so.1.9.0
7f1bb7dfa000-7f1bb7ff9000 ---p 0003d000 08:02 3546485                    /usr/lib/x86_64-linux-gnu/libfontconfig.so.1.9.0
7f1bb7ff9000-7f1bb7ffb000 r--p 0003c000 08:02 3546485                    /usr/lib/x86_64-linux-gnu/libfontconfig.so.1.9.0
7f1bb7ffb000-7f1bb8000000 rw-p 0003e000 08:02 3546485                    /usr/lib/x86_64-linux-gnu/libfontconfig.so.1.9.0
7f1bb8000000-7f1bb8021000 rw-p 00000000 00:00 0 
7f1bb8021000-7f1bbc000000 ---p 00000000 00:00 0 
7f1bbc000000-7f1bbde3b000 rw-p 00000000 00:00 0 
7f1bbde3b000-7f1bc0000000 ---p 00000000 00:00 0 
7f1bc0000000-7f1bc03e1000 rw-p 00000000 00:00 0 
7f1bc03e1000-7f1bc4000000 ---p 00000000 00:00 0 
7f1bc4000000-7f1bc4021000 rw-p 00000000 00:00 0 
7f1bc4021000-7f1bc8000000 ---p 00000000 00:00 0 
7f1bc8000000-7f1bc825b000 rw-p 00000000 00:00 0 
7f1bc825b000-7f1bcc000000 ---p 00000000 00:00 0 
7f1bcc001000-7f1bcc006000 r--s 00084000 08:02 2885187                    /opt/jdk/jdk1.8.0_161/jre/lib/jfr.jar
7f1bcc006000-7f1bcc00b000 r--s 0009d000 08:02 2885327                    /opt/jdk/jdk1.8.0_161/jre/lib/jsse.jar
7f1bcc00b000-7f1bcc01e000 r--p 00000000 08:02 2885204                    /opt/jdk/jdk1.8.0_161/jre/lib/fonts/LucidaBrightDemiItalic.ttf
7f1bcc01e000-7f1bcc058000 r--p 00000000 08:02 2885206                    /opt/jdk/jdk1.8.0_161/jre/lib/fonts/LucidaTypewriterBold.ttf
7f1bcc058000-7f1bcc06c000 r--p 00000000 08:02 2885199                    /opt/jdk/jdk1.8.0_161/jre/lib/fonts/LucidaBrightItalic.ttf
7f1bcc06c000-7f1bcc0a8000 r--p 00000000 08:02 2885205                    /opt/jdk/jdk1.8.0_161/jre/lib/fonts/LucidaTypewriterRegular.ttf
7f1bcc0a8000-7f1bcc0af000 r--s 00000000 08:02 4200409                    /var/cache/fontconfig/4be9850f182b35c1350b6bbf2e42601c-le64.cache-6
7f1bcc0af000-7f1bcc0b2000 ---p 00000000 00:00 0 
7f1bcc0b2000-7f1bcc1b0000 rw-p 00000000 00:00 0 
7f1bcc1b0000-7f1bcc254000 r-xp 00000000 08:02 3546515                    /usr/lib/x86_64-linux-gnu/libfreetype.so.6.12.1
7f1bcc254000-7f1bcc453000 ---p 000a4000 08:02 3546515                    /usr/lib/x86_64-linux-gnu/libfreetype.so.6.12.1
7f1bcc453000-7f1bcc459000 r--p 000a3000 08:02 3546515                    /usr/lib/x86_64-linux-gnu/libfreetype.so.6.12.1
7f1bcc459000-7f1bcc45a000 rw-p 000a9000 08:02 3546515                    /usr/lib/x86_64-linux-gnu/libfreetype.so.6.12.1
7f1bcc45a000-7f1bcc4a3000 r-xp 00000000 08:02 3546953                    /usr/lib/x86_64-linux-gnu/libpango-1.0.so.0.3800.1
7f1bcc4a3000-7f1bcc6a3000 ---p 00049000 08:02 3546953                    /usr/lib/x86_64-linux-gnu/libpango-1.0.so.0.3800.1
7f1bcc6a3000-7f1bcc6a5000 r--p 00049000 08:02 3546953                    /usr/lib/x86_64-linux-gnu/libpango-1.0.so.0.3800.1
7f1bcc6a5000-7f1bcc6a6000 rw-p 0004b000 08:02 3546953                    /usr/lib/x86_64-linux-gnu/libpango-1.0.so.0.3800.1
7f1bcc6a6000-7f1bcc7b4000 r-xp 00000000 08:02 3546300                    /usr/lib/x86_64-linux-gnu/libcairo.so.2.11400.6
7f1bcc7b4000-7f1bcc9b4000 ---p 0010e000 08:02 3546300                    /usr/lib/x86_64-linux-gnu/libcairo.so.2.11400.6
7f1bcc9b4000-7f1bcc9b7000 r--p 0010e000 08:02 3546300                    /usr/lib/x86_64-linux-gnu/libcairo.so.2.11400.6
7f1bcc9b7000-7f1bcc9b8000 rw-p 00111000 08:02 3546300                    /usr/lib/x86_64-linux-gnu/libcairo.so.2.11400.6
7f1bcc9b8000-7f1bcc9ba000 rw-p 00000000 00:00 0 
7f1bcc9ba000-7f1bcc9c6000 r-xp 00000000 08:02 3546955                    /usr/lib/x86_64-linux-gnu/libpangocairo-1.0.so.0.3800.1
7f1bcc9c6000-7f1bccbc5000 ---p 0000c000 08:02 3546955                    /usr/lib/x86_64-linux-gnu/libpangocairo-1.0.so.0.3800.1
7f1bccbc5000-7f1bccbc6000 r--p 0000b000 08:02 3546955                    /usr/lib/x86_64-linux-gnu/libpangocairo-1.0.so.0.3800.1
7f1bccbc6000-7f1bccbc7000 rw-p 0000c000 08:02 3546955                    /usr/lib/x86_64-linux-gnu/libpangocairo-1.0.so.0.3800.1
7f1bccbc7000-7f1bccbe8000 r-xp 00000000 08:02 3546541                    /usr/lib/x86_64-linux-gnu/libgdk_pixbuf-2.0.so.0.3200.2
7f1bccbe8000-7f1bccde7000 ---p 00021000 08:02 3546541                    /usr/lib/x86_64-linux-gnu/libgdk_pixbuf-2.0.so.0.3200.2
7f1bccde7000-7f1bccde8000 r--p 00020000 08:02 3546541                    /usr/lib/x86_64-linux-gnu/libgdk_pixbuf-2.0.so.0.3200.2
7f1bccde8000-7f1bccde9000 rw-p 00021000 08:02 3546541                    /usr/lib/x86_64-linux-gnu/libgdk_pixbuf-2.0.so.0.3200.2
7f1bccde9000-7f1bccdfd000 r-xp 00000000 08:02 3546957                    /usr/lib/x86_64-linux-gnu/libpangoft2-1.0.so.0.3800.1
7f1bccdfd000-7f1bccffd000 ---p 00014000 08:02 3546957                    /usr/lib/x86_64-linux-gnu/libpangoft2-1.0.so.0.3800.1
7f1bccffd000-7f1bccffe000 r--p 00014000 08:02 3546957                    /usr/lib/x86_64-linux-gnu/libpangoft2-1.0.so.0.3800.1
7f1bccffe000-7f1bccfff000 rw-p 00015000 08:02 3546957                    /usr/lib/x86_64-linux-gnu/libpangoft2-1.0.so.0.3800.1
7f1bccfff000-7f1bd0000000 rw-p 00000000 00:00 0 
7f1bd0000000-7f1bd0021000 rw-p 00000000 00:00 0 
7f1bd0021000-7f1bd4000000 ---p 00000000 00:00 0 
7f1bd4000000-7f1bd4021000 rw-p 00000000 00:00 0 
7f1bd4021000-7f1bd8000000 ---p 00000000 00:00 0 
7f1bd8000000-7f1bd8021000 rw-p 00000000 00:00 0 
7f1bd8021000-7f1bdc000000 ---p 00000000 00:00 0 
7f1bdc000000-7f1bdc021000 rw-p 00000000 00:00 0 
7f1bdc021000-7f1be0000000 ---p 00000000 00:00 0 
7f1be0000000-7f1be0021000 rw-p 00000000 00:00 0 
7f1be0021000-7f1be4000000 ---p 00000000 00:00 0 
7f1be4000000-7f1be4021000 rw-p 00000000 00:00 0 
7f1be4021000-7f1be8000000 ---p 00000000 00:00 0 
7f1be8000000-7f1be8021000 rw-p 00000000 00:00 0 
7f1be8021000-7f1bec000000 ---p 00000000 00:00 0 
7f1bec001000-7f1bec003000 rw-s 00000000 00:05 245296                     /drm mm object (deleted)
7f1bec003000-7f1bec004000 rw-s 10519c000 00:06 335                       /dev/dri/card0
7f1bec004000-7f1bec00f000 r--s 00000000 08:02 4198764                    /var/cache/fontconfig/945677eb7aeaf62f1d50efc3fb3ec7d8-le64.cache-6
7f1bec00f000-7f1bec015000 r--s 00000000 08:02 4198756                    /var/cache/fontconfig/2cd17615ca594fa2959ae173292e504c-le64.cache-6
7f1bec015000-7f1bec016000 r--s 00000000 08:02 4200321                    /var/cache/fontconfig/4794a0821666d79190d59a36cb4f44b5-le64.cache-6
7f1bec016000-7f1bec056000 r--s 00000000 08:02 4198754                    /var/cache/fontconfig/0bd3dc0958fa2205aaaa8ebb13e2872b-le64.cache-6
7f1bec056000-7f1bec05d000 r--s 00000000 08:02 4195402                    /var/cache/fontconfig/3047814df9a2f067bd2d96a2b9c36e5a-le64.cache-6
7f1bec05d000-7f1bec065000 r--s 00000000 08:02 4198769                    /var/cache/fontconfig/bf3b770c553c462765856025a94f1ce6-le64.cache-6
7f1bec065000-7f1bec068000 r--s 00000000 08:02 4200320                    /var/cache/fontconfig/e49e89034d371f0f9de17aab02136486-le64.cache-6
7f1bec068000-7f1bec07b000 r--s 00000000 08:02 4198773                    /var/cache/fontconfig/d52a8644073d54c13679302ca1180695-le64.cache-6
7f1bec07b000-7f1bec086000 r--s 00000000 08:02 4200318                    /var/cache/fontconfig/d589a48862398ed80a3d6066f4f56f4c-le64.cache-6
7f1bec086000-7f1bec089000 r--s 00000000 08:02 4200317                    /var/cache/fontconfig/75114ca45c98e8a441da0ff356701271-le64.cache-6
7f1bec089000-7f1bec094000 r--s 00000000 08:02 4195407                    /var/cache/fontconfig/83bf95040141907cd45bb53cf7c1c148-le64.cache-6
7f1bec094000-7f1bec0a6000 r--s 00000000 08:02 4198766                    /var/cache/fontconfig/9b89f8e3dae116d678bbf48e5f21f69b-le64.cache-6
7f1bec0a6000-7f1bec0d0000 r--p 00000000 08:02 3815303                    /usr/share/locale-langpack/es/LC_MESSAGES/gtk20-properties.mo
7f1bec0d0000-7f1bec0f5000 r--p 00000000 08:02 3813115                    /usr/share/locale-langpack/es/LC_MESSAGES/libc.mo
7f1bec0f5000-7f1bec275000 r-xp 00000000 08:02 3546551                    /usr/lib/x86_64-linux-gnu/libgio-2.0.so.0.4800.2
7f1bec275000-7f1bec475000 ---p 00180000 08:02 3546551                    /usr/lib/x86_64-linux-gnu/libgio-2.0.so.0.4800.2
7f1bec475000-7f1bec479000 r--p 00180000 08:02 3546551                    /usr/lib/x86_64-linux-gnu/libgio-2.0.so.0.4800.2
7f1bec479000-7f1bec47b000 rw-p 00184000 08:02 3546551                    /usr/lib/x86_64-linux-gnu/libgio-2.0.so.0.4800.2
7f1bec47b000-7f1bec47d000 rw-p 00000000 00:00 0 
7f1bec47d000-7f1bec49f000 r-xp 00000000 08:02 3546244                    /usr/lib/x86_64-linux-gnu/libatk-1.0.so.0.21809.1
7f1bec49f000-7f1bec69e000 ---p 00022000 08:02 3546244                    /usr/lib/x86_64-linux-gnu/libatk-1.0.so.0.21809.1
7f1bec69e000-7f1bec6a1000 r--p 00021000 08:02 3546244                    /usr/lib/x86_64-linux-gnu/libatk-1.0.so.0.21809.1
7f1bec6a1000-7f1bec6a2000 rw-p 00024000 08:02 3546244                    /usr/lib/x86_64-linux-gnu/libatk-1.0.so.0.21809.1
7f1bec6a2000-7f1bec752000 r-xp 00000000 08:02 3546539                    /usr/lib/x86_64-linux-gnu/libgdk-x11-2.0.so.0.2400.30
7f1bec752000-7f1bec951000 ---p 000b0000 08:02 3546539                    /usr/lib/x86_64-linux-gnu/libgdk-x11-2.0.so.0.2400.30
7f1bec951000-7f1bec955000 r--p 000af000 08:02 3546539                    /usr/lib/x86_64-linux-gnu/libgdk-x11-2.0.so.0.2400.30
7f1bec955000-7f1bec957000 rw-p 000b3000 08:02 3546539                    /usr/lib/x86_64-linux-gnu/libgdk-x11-2.0.so.0.2400.30
7f1bec957000-7f1becd95000 r-xp 00000000 08:02 3546638                    /usr/lib/x86_64-linux-gnu/libgtk-x11-2.0.so.0.2400.30
7f1becd95000-7f1becf94000 ---p 0043e000 08:02 3546638                    /usr/lib/x86_64-linux-gnu/libgtk-x11-2.0.so.0.2400.30
7f1becf94000-7f1becf9b000 r--p 0043d000 08:02 3546638                    /usr/lib/x86_64-linux-gnu/libgtk-x11-2.0.so.0.2400.30
7f1becf9b000-7f1becf9f000 rw-p 00444000 08:02 3546638                    /usr/lib/x86_64-linux-gnu/libgtk-x11-2.0.so.0.2400.30
7f1becf9f000-7f1becfa2000 rw-p 00000000 00:00 0 
7f1becfa2000-7f1becfa4000 r--s 00000000 08:02 4198768                    /var/cache/fontconfig/a0107c79d978dfcc5e42cb1335b71036-le64.cache-6
7f1becfa4000-7f1becfa7000 r--s 00000000 08:02 4195400                    /var/cache/fontconfig/e13b20fdb08344e0e664864cc2ede53d-le64.cache-6
7f1becfa7000-7f1becfad000 r--s 00000000 08:02 4202079                    /var/cache/fontconfig/3830d5c3ddfd5cd38a049b759396e72e-le64.cache-6
7f1becfad000-7f1becfbc000 r--p 00000000 08:02 3815986                    /usr/share/locale-langpack/es/LC_MESSAGES/gtk20.mo
7f1becfbc000-7f1becfc3000 r--s 00000000 08:02 3671625                    /usr/lib/x86_64-linux-gnu/gconv/gconv-modules.cache
7f1becfc3000-7f1becfcf000 r-xp 00000000 08:02 2885488                    /opt/jdk/jdk1.8.0_161/jre/lib/amd64/libprism_es2.so
7f1becfcf000-7f1bed1ce000 ---p 0000c000 08:02 2885488                    /opt/jdk/jdk1.8.0_161/jre/lib/amd64/libprism_es2.so
7f1bed1ce000-7f1bed1cf000 rw-p 0000b000 08:02 2885488                    /opt/jdk/jdk1.8.0_161/jre/lib/amd64/libprism_es2.so
7f1bed1cf000-7f1bed1d2000 ---p 00000000 00:00 0 
7f1bed1d2000-7f1bed2d0000 rw-p 00000000 00:00 0 
7f1bed2d0000-7f1bed2d1000 ---p 00000000 00:00 0 
7f1bed2d1000-7f1bed3d1000 rw-p 00000000 00:00 0 
7f1bed3d1000-7f1bed3d4000 ---p 00000000 00:00 0 
7f1bed3d4000-7f1bed4d2000 rw-p 00000000 00:00 0 
7f1bed4d2000-7f1bed4d5000 ---p 00000000 00:00 0 
7f1bed4d5000-7f1bed5d3000 rw-p 00000000 00:00 0 
7f1bed5d3000-7f1bed5e9000 r-xp 00000000 08:02 2885484                    /opt/jdk/jdk1.8.0_161/jre/lib/amd64/libnet.so
7f1bed5e9000-7f1bed7e9000 ---p 00016000 08:02 2885484                    /opt/jdk/jdk1.8.0_161/jre/lib/amd64/libnet.so
7f1bed7e9000-7f1bed7ea000 rw-p 00016000 08:02 2885484                    /opt/jdk/jdk1.8.0_161/jre/lib/amd64/libnet.so
7f1bed7ea000-7f1bed7ed000 ---p 00000000 00:00 0 
7f1bed7ed000-7f1bed8eb000 rw-p 00000000 00:00 0 
7f1bed8eb000-7f1bed8ee000 ---p 00000000 00:00 0 
7f1bed8ee000-7f1bed9ec000 rw-p 00000000 00:00 0 
7f1bed9ec000-7f1beda01000 r--s 00237000 08:02 1313300                    /home/blacksabbathx/IdeaProjects/ProyectoCine/src/sources/jfoenix-8.0.1.jar
7f1beda01000-7f1beda14000 r--s 00345000 08:02 2885308                    /opt/jdk/jdk1.8.0_161/jre/lib/resources.jar
7f1beda14000-7f1bedaaa000 r--s 0110a000 08:02 2885332                    /opt/jdk/jdk1.8.0_161/jre/lib/ext/jfxrt.jar
7f1bedaaa000-7f1bedaad000 ---p 00000000 00:00 0 
7f1bedaad000-7f1bedbab000 rw-p 00000000 00:00 0 
7f1bedbab000-7f1bee0f7000 r--p 00000000 08:02 3549632                    /usr/lib/locale/locale-archive
7f1bee0f7000-7f1bee0fa000 ---p 00000000 00:00 0 
7f1bee0fa000-7f1bee1f8000 rw-p 00000000 00:00 0 
7f1bee1f8000-7f1bee1fb000 ---p 00000000 00:00 0 
7f1bee1fb000-7f1bee2f9000 rw-p 00000000 00:00 0 
7f1bee2f9000-7f1bee2fa000 ---p 00000000 00:00 0 
7f1bee2fa000-7f1bf1000000 rw-p 00000000 00:00 0 
7f1bf1000000-7f1bf1670000 rwxp 00000000 00:00 0 
7f1bf1670000-7f1c00000000 ---p 00000000 00:00 0 
7f1c00000000-7f1c004e5000 rw-p 00000000 00:00 0 
7f1c004e5000-7f1c04000000 ---p 00000000 00:00 0 
7f1c04000000-7f1c04002000 r--s 00000000 08:02 4200319                    /var/cache/fontconfig/4b14b093aebc79c320de5e86ae1d3314-le64.cache-6
7f1c04004000-7f1c04005000 rw-s 00000000 00:05 246406                     /drm mm object (deleted)
7f1c04005000-7f1c04007000 r--s 0001a000 08:02 5115840                    /home/blacksabbathx/.local/share/JetBrains/Toolbox/apps/IDEA-U/ch-0/181.4445.78/lib/idea_rt.jar
7f1c04007000-7f1c0401a000 r--s 000d6000 08:02 2885212                    /opt/jdk/jdk1.8.0_161/jre/lib/plugin.jar
7f1c0401a000-7f1c0401f000 r--s 0009d000 08:02 2885327                    /opt/jdk/jdk1.8.0_161/jre/lib/jsse.jar
7f1c0401f000-7f1c04024000 r--s 00084000 08:02 2885187                    /opt/jdk/jdk1.8.0_161/jre/lib/jfr.jar
7f1c04024000-7f1c0402d000 r--s 0006d000 08:02 2885197                    /opt/jdk/jdk1.8.0_161/jre/lib/javaws.jar
7f1c0402d000-7f1c04049000 r--s 0020b000 08:02 2885188                    /opt/jdk/jdk1.8.0_161/jre/lib/deploy.jar
7f1c04049000-7f1c0439b000 rw-p 00000000 00:00 0 
7f1c0439b000-7f1c04574000 r--s 03d64000 08:02 2885270                    /opt/jdk/jdk1.8.0_161/jre/lib/rt.jar
7f1c04574000-7f1c04754000 rw-p 00000000 00:00 0 
7f1c04754000-7f1c04755000 ---p 00000000 00:00 0 
7f1c04755000-7f1c04855000 rw-p 00000000 00:00 0 
7f1c04855000-7f1c04856000 ---p 00000000 00:00 0 
7f1c04856000-7f1c049a2000 rw-p 00000000 00:00 0 
7f1c049a2000-7f1c04a96000 ---p 00000000 00:00 0 
7f1c04a96000-7f1c04ae2000 rw-p 00000000 00:00 0 
7f1c04ae2000-7f1c04bd6000 ---p 00000000 00:00 0 
7f1c04bd6000-7f1c04be0000 rw-p 00000000 00:00 0 
7f1c04be0000-7f1c04c76000 ---p 00000000 00:00 0 
7f1c04c76000-7f1c04c91000 rw-p 00000000 00:00 0 
7f1c04c91000-7f1c05037000 ---p 00000000 00:00 0 
7f1c05037000-7f1c05052000 r-xp 00000000 08:02 2885480                    /opt/jdk/jdk1.8.0_161/jre/lib/amd64/libzip.so
7f1c05052000-7f1c05252000 ---p 0001b000 08:02 2885480                    /opt/jdk/jdk1.8.0_161/jre/lib/amd64/libzip.so
7f1c05252000-7f1c05253000 rw-p 0001b000 08:02 2885480                    /opt/jdk/jdk1.8.0_161/jre/lib/amd64/libzip.so
7f1c05253000-7f1c0525e000 r-xp 00000000 08:02 791228                     /lib/x86_64-linux-gnu/libnss_files-2.23.so
7f1c0525e000-7f1c0545d000 ---p 0000b000 08:02 791228                     /lib/x86_64-linux-gnu/libnss_files-2.23.so
7f1c0545d000-7f1c0545e000 r--p 0000a000 08:02 791228                     /lib/x86_64-linux-gnu/libnss_files-2.23.so
7f1c0545e000-7f1c0545f000 rw-p 0000b000 08:02 791228                     /lib/x86_64-linux-gnu/libnss_files-2.23.so
7f1c0545f000-7f1c05465000 rw-p 00000000 00:00 0 
7f1c05465000-7f1c05470000 r-xp 00000000 08:02 791238                     /lib/x86_64-linux-gnu/libnss_nis-2.23.so
7f1c05470000-7f1c0566f000 ---p 0000b000 08:02 791238                     /lib/x86_64-linux-gnu/libnss_nis-2.23.so
7f1c0566f000-7f1c05670000 r--p 0000a000 08:02 791238                     /lib/x86_64-linux-gnu/libnss_nis-2.23.so
7f1c05670000-7f1c05671000 rw-p 0000b000 08:02 791238                     /lib/x86_64-linux-gnu/libnss_nis-2.23.so
7f1c05671000-7f1c05687000 r-xp 00000000 08:02 791222                     /lib/x86_64-linux-gnu/libnsl-2.23.so
7f1c05687000-7f1c05886000 ---p 00016000 08:02 791222                     /lib/x86_64-linux-gnu/libnsl-2.23.so
7f1c05886000-7f1c05887000 r--p 00015000 08:02 791222                     /lib/x86_64-linux-gnu/libnsl-2.23.so
7f1c05887000-7f1c05888000 rw-p 00016000 08:02 791222                     /lib/x86_64-linux-gnu/libnsl-2.23.so
7f1c05888000-7f1c0588a000 rw-p 00000000 00:00 0 
7f1c0588a000-7f1c05892000 r-xp 00000000 08:02 791224                     /lib/x86_64-linux-gnu/libnss_compat-2.23.so
7f1c05892000-7f1c05a91000 ---p 00008000 08:02 791224                     /lib/x86_64-linux-gnu/libnss_compat-2.23.so
7f1c05a91000-7f1c05a92000 r--p 00007000 08:02 791224                     /lib/x86_64-linux-gnu/libnss_compat-2.23.so
7f1c05a92000-7f1c05a93000 rw-p 00008000 08:02 791224                     /lib/x86_64-linux-gnu/libnss_compat-2.23.so
7f1c05a93000-7f1c05a9d000 r-xp 00000000 08:02 2885489                    /opt/jdk/jdk1.8.0_161/jre/lib/amd64/libinstrument.so
7f1c05a9d000-7f1c05c9c000 ---p 0000a000 08:02 2885489                    /opt/jdk/jdk1.8.0_161/jre/lib/amd64/libinstrument.so
7f1c05c9c000-7f1c05c9d000 rw-p 00009000 08:02 2885489                    /opt/jdk/jdk1.8.0_161/jre/lib/amd64/libinstrument.so
7f1c05c9d000-7f1c05cc8000 r-xp 00000000 08:02 2885474                    /opt/jdk/jdk1.8.0_161/jre/lib/amd64/libjava.so
7f1c05cc8000-7f1c05ec7000 ---p 0002b000 08:02 2885474                    /opt/jdk/jdk1.8.0_161/jre/lib/amd64/libjava.so
7f1c05ec7000-7f1c05ec9000 rw-p 0002a000 08:02 2885474                    /opt/jdk/jdk1.8.0_161/jre/lib/amd64/libjava.so
7f1c05ec9000-7f1c05ed6000 r-xp 00000000 08:02 2885479                    /opt/jdk/jdk1.8.0_161/jre/lib/amd64/libverify.so
7f1c05ed6000-7f1c060d6000 ---p 0000d000 08:02 2885479                    /opt/jdk/jdk1.8.0_161/jre/lib/amd64/libverify.so
7f1c060d6000-7f1c060d8000 rw-p 0000d000 08:02 2885479                    /opt/jdk/jdk1.8.0_161/jre/lib/amd64/libverify.so
7f1c060d8000-7f1c060df000 r-xp 00000000 08:02 791283                     /lib/x86_64-linux-gnu/librt-2.23.so
7f1c060df000-7f1c062de000 ---p 00007000 08:02 791283                     /lib/x86_64-linux-gnu/librt-2.23.so
7f1c062de000-7f1c062df000 r--p 00006000 08:02 791283                     /lib/x86_64-linux-gnu/librt-2.23.so
7f1c062df000-7f1c062e0000 rw-p 00007000 08:02 791283                     /lib/x86_64-linux-gnu/librt-2.23.so
7f1c062e0000-7f1c063e8000 r-xp 00000000 08:02 791201                     /lib/x86_64-linux-gnu/libm-2.23.so
7f1c063e8000-7f1c065e7000 ---p 00108000 08:02 791201                     /lib/x86_64-linux-gnu/libm-2.23.so
7f1c065e7000-7f1c065e8000 r--p 00107000 08:02 791201                     /lib/x86_64-linux-gnu/libm-2.23.so
7f1c065e8000-7f1c065e9000 rw-p 00108000 08:02 791201                     /lib/x86_64-linux-gnu/libm-2.23.so
7f1c065e9000-7f1c072c2000 r-xp 00000000 08:02 2885457                    /opt/jdk/jdk1.8.0_161/jre/lib/amd64/server/libjvm.so
7f1c072c2000-7f1c074c1000 ---p 00cd9000 08:02 2885457                    /opt/jdk/jdk1.8.0_161/jre/lib/amd64/server/libjvm.so
7f1c074c1000-7f1c0759a000 rw-p 00cd8000 08:02 2885457                    /opt/jdk/jdk1.8.0_161/jre/lib/amd64/server/libjvm.so
7f1c0759a000-7f1c075e6000 rw-p 00000000 00:00 0 
7f1c075e6000-7f1c077a6000 r-xp 00000000 08:02 791133                     /lib/x86_64-linux-gnu/libc-2.23.so
7f1c077a6000-7f1c079a6000 ---p 001c0000 08:02 791133                     /lib/x86_64-linux-gnu/libc-2.23.so
7f1c079a6000-7f1c079aa000 r--p 001c0000 08:02 791133                     /lib/x86_64-linux-gnu/libc-2.23.so
7f1c079aa000-7f1c079ac000 rw-p 001c4000 08:02 791133                     /lib/x86_64-linux-gnu/libc-2.23.so
7f1c079ac000-7f1c079b0000 rw-p 00000000 00:00 0 
7f1c079b0000-7f1c079b3000 r-xp 00000000 08:02 791155                     /lib/x86_64-linux-gnu/libdl-2.23.so
7f1c079b3000-7f1c07bb2000 ---p 00003000 08:02 791155                     /lib/x86_64-linux-gnu/libdl-2.23.so
7f1c07bb2000-7f1c07bb3000 r--p 00002000 08:02 791155                     /lib/x86_64-linux-gnu/libdl-2.23.so
7f1c07bb3000-7f1c07bb4000 rw-p 00003000 08:02 791155                     /lib/x86_64-linux-gnu/libdl-2.23.so
7f1c07bb4000-7f1c07bca000 r-xp 00000000 08:02 2885095                    /opt/jdk/jdk1.8.0_161/lib/amd64/jli/libjli.so
7f1c07bca000-7f1c07dc9000 ---p 00016000 08:02 2885095                    /opt/jdk/jdk1.8.0_161/lib/amd64/jli/libjli.so
7f1c07dc9000-7f1c07dca000 rw-p 00015000 08:02 2885095                    /opt/jdk/jdk1.8.0_161/lib/amd64/jli/libjli.so
7f1c07dca000-7f1c07de2000 r-xp 00000000 08:02 791275                     /lib/x86_64-linux-gnu/libpthread-2.23.so
7f1c07de2000-7f1c07fe1000 ---p 00018000 08:02 791275                     /lib/x86_64-linux-gnu/libpthread-2.23.so
7f1c07fe1000-7f1c07fe2000 r--p 00017000 08:02 791275                     /lib/x86_64-linux-gnu/libpthread-2.23.so
7f1c07fe2000-7f1c07fe3000 rw-p 00018000 08:02 791275                     /lib/x86_64-linux-gnu/libpthread-2.23.so
7f1c07fe3000-7f1c07fe7000 rw-p 00000000 00:00 0 
7f1c07fe7000-7f1c0800d000 r-xp 00000000 08:02 791107                     /lib/x86_64-linux-gnu/ld-2.23.so
7f1c0800d000-7f1c0800f000 r--s 00007000 08:02 2885502                    /opt/jdk/jdk1.8.0_161/jre/lib/jfxswt.jar
7f1c0800f000-7f1c08014000 r--s 002f9000 08:02 2885268                    /opt/jdk/jdk1.8.0_161/jre/lib/charsets.jar
7f1c08014000-7f1c080e5000 rw-p 00000000 00:00 0 
7f1c080e5000-7f1c080e8000 ---p 00000000 00:00 0 
7f1c080e8000-7f1c081eb000 rw-p 00000000 00:00 0 
7f1c081eb000-7f1c081ec000 r--s 00000000 08:02 2885194                    /opt/jdk/jdk1.8.0_161/jre/lib/management-agent.jar
7f1c081ec000-7f1c081ef000 r--s 0001a000 08:02 2885500                    /opt/jdk/jdk1.8.0_161/jre/lib/jce.jar
7f1c081ef000-7f1c08202000 rw-p 00000000 00:00 0 
7f1c08202000-7f1c0820a000 rw-s 00000000 08:02 3015323                    /tmp/hsperfdata_blacksabbathx/14132
7f1c0820a000-7f1c0820b000 rw-p 00000000 00:00 0 
7f1c0820b000-7f1c0820c000 r--p 00000000 00:00 0 
7f1c0820c000-7f1c0820d000 r--p 00025000 08:02 791107                     /lib/x86_64-linux-gnu/ld-2.23.so
7f1c0820d000-7f1c0820e000 rw-p 00026000 08:02 791107                     /lib/x86_64-linux-gnu/ld-2.23.so
7f1c0820e000-7f1c0820f000 rw-p 00000000 00:00 0 
7ffeb9b42000-7ffeb9b63000 rw-p 00000000 00:00 0                          [stack]
7ffeb9bc2000-7ffeb9bc5000 r--p 00000000 00:00 0                          [vvar]
7ffeb9bc5000-7ffeb9bc7000 r-xp 00000000 00:00 0                          [vdso]
ffffffffff600000-ffffffffff601000 r-xp 00000000 00:00 0                  [vsyscall]

VM Arguments:
jvm_args: -javaagent:/home/blacksabbathx/.local/share/JetBrains/Toolbox/apps/IDEA-U/ch-0/181.4445.78/lib/idea_rt.jar=38791:/home/blacksabbathx/.local/share/JetBrains/Toolbox/apps/IDEA-U/ch-0/181.4445.78/bin -Dfile.encoding=UTF-8 
java_command: MainClass
java_class_path (initial): /opt/jdk/jdk1.8.0_161/jre/lib/charsets.jar:/opt/jdk/jdk1.8.0_161/jre/lib/deploy.jar:/opt/jdk/jdk1.8.0_161/jre/lib/ext/cldrdata.jar:/opt/jdk/jdk1.8.0_161/jre/lib/ext/dnsns.jar:/opt/jdk/jdk1.8.0_161/jre/lib/ext/jaccess.jar:/opt/jdk/jdk1.8.0_161/jre/lib/ext/jfxrt.jar:/opt/jdk/jdk1.8.0_161/jre/lib/ext/localedata.jar:/opt/jdk/jdk1.8.0_161/jre/lib/ext/nashorn.jar:/opt/jdk/jdk1.8.0_161/jre/lib/ext/sunec.jar:/opt/jdk/jdk1.8.0_161/jre/lib/ext/sunjce_provider.jar:/opt/jdk/jdk1.8.0_161/jre/lib/ext/sunpkcs11.jar:/opt/jdk/jdk1.8.0_161/jre/lib/ext/zipfs.jar:/opt/jdk/jdk1.8.0_161/jre/lib/javaws.jar:/opt/jdk/jdk1.8.0_161/jre/lib/jce.jar:/opt/jdk/jdk1.8.0_161/jre/lib/jfr.jar:/opt/jdk/jdk1.8.0_161/jre/lib/jfxswt.jar:/opt/jdk/jdk1.8.0_161/jre/lib/jsse.jar:/opt/jdk/jdk1.8.0_161/jre/lib/management-agent.jar:/opt/jdk/jdk1.8.0_161/jre/lib/plugin.jar:/opt/jdk/jdk1.8.0_161/jre/lib/resources.jar:/opt/jdk/jdk1.8.0_161/jre/lib/rt.jar:/home/blacksabbathx/IdeaProjects/ProyectoCine/out/production/ProyectoCine:/home/blacksabbathx/IdeaProjects/ProyectoCine/src/sources/jfoenix-8.0.1.jar:/home/blacksabbathx/.local/share/JetBrains/Toolbox/apps/IDEA-U/ch-0/181.4445.78/lib/idea_rt.jar
Launcher Type: SUN_STANDARD

Environment Variables:
PATH=/home/blacksabbathx/bin:/home/blacksabbathx/.local/bin:/usr/local/sbin:/usr/local/bin:/usr/sbin:/usr/bin:/sbin:/bin:/usr/games:/usr/local/games:/snap/bin
SHELL=/bin/bash
DISPLAY=:0

Signal Handlers:
SIGSEGV: [libjvm.so+0xad01e0], sa_mask[0]=11111111011111111101111111111110, sa_flags=SA_RESTART|SA_SIGINFO
SIGBUS: [libjvm.so+0xad01e0], sa_mask[0]=11111111011111111101111111111110, sa_flags=SA_RESTART|SA_SIGINFO
SIGFPE: [libjvm.so+0x927fb0], sa_mask[0]=11111111011111111101111111111110, sa_flags=SA_RESTART|SA_SIGINFO
SIGPIPE: SIG_IGN, sa_mask[0]=00000000000010000000000000000000, sa_flags=SA_RESTART
SIGXFSZ: [libjvm.so+0x927fb0], sa_mask[0]=11111111011111111101111111111110, sa_flags=SA_RESTART|SA_SIGINFO
SIGILL: [libjvm.so+0x927fb0], sa_mask[0]=11111111011111111101111111111110, sa_flags=SA_RESTART|SA_SIGINFO
SIGUSR1: SIG_DFL, sa_mask[0]=00000000000000000000000000000000, sa_flags=none
SIGUSR2: [libjvm.so+0x9297f0], sa_mask[0]=00100000000000000000000000000000, sa_flags=SA_RESTART|SA_SIGINFO
SIGHUP: [libjvm.so+0x92abf0], sa_mask[0]=11111111011111111101111111111110, sa_flags=SA_RESTART|SA_SIGINFO
SIGINT: [libjvm.so+0x92abf0], sa_mask[0]=11111111011111111101111111111110, sa_flags=SA_RESTART|SA_SIGINFO
SIGTERM: [libjvm.so+0x92abf0], sa_mask[0]=11111111011111111101111111111110, sa_flags=SA_RESTART|SA_SIGINFO
SIGQUIT: [libjvm.so+0x92abf0], sa_mask[0]=11111111011111111101111111111110, sa_flags=SA_RESTART|SA_SIGINFO


---------------  S Y S T E M  ---------------

OS:DISTRIB_ID=neon
DISTRIB_RELEASE=16.04
DISTRIB_CODENAME=xenial
DISTRIB_DESCRIPTION="KDE neon User Edition 5.12"

uname:Linux 4.13.0-38-generic #43~16.04.1-Ubuntu SMP Wed Mar 14 17:48:43 UTC 2018 x86_64
libc:glibc 2.23 NPTL 2.23 
rlimit: STACK 8192k, CORE 0k, NPROC 15129, NOFILE 1048576, AS infinity
load average:2,64 1,98 1,59

/proc/meminfo:
MemTotal:        3927380 kB
MemFree:          129244 kB
MemAvailable:     268040 kB
Buffers:            8328 kB
Cached:           606684 kB
SwapCached:        54008 kB
Active:          2978480 kB
Inactive:         645048 kB
Active(anon):    2801592 kB
Inactive(anon):   493392 kB
Active(file):     176888 kB
Inactive(file):   151656 kB
Unevictable:          32 kB
Mlocked:              32 kB
SwapTotal:       3907580 kB
SwapFree:        2975280 kB
Dirty:              3736 kB
Writeback:             0 kB
AnonPages:       3002144 kB
Mapped:           204892 kB
Shmem:            347788 kB
Slab:              78092 kB
SReclaimable:      38156 kB
SUnreclaim:        39936 kB
KernelStack:        7984 kB
PageTables:        43852 kB
NFS_Unstable:          0 kB
Bounce:                0 kB
WritebackTmp:          0 kB
CommitLimit:     5871268 kB
Committed_AS:    6872608 kB
VmallocTotal:   34359738367 kB
VmallocUsed:           0 kB
VmallocChunk:          0 kB
HardwareCorrupted:     0 kB
AnonHugePages:         0 kB
ShmemHugePages:        0 kB
ShmemPmdMapped:        0 kB
CmaTotal:              0 kB
CmaFree:               0 kB
HugePages_Total:       0
HugePages_Free:        0
HugePages_Rsvd:        0
HugePages_Surp:        0
Hugepagesize:       2048 kB
DirectMap4k:      372736 kB
DirectMap2M:     3708928 kB


CPU:total 2 (initial active 2) (2 cores per cpu, 1 threads per core) family 6 model 76 stepping 4, cmov, cx8, fxsr, mmx, sse, sse2, sse3, ssse3, sse4.1, sse4.2, popcnt, aes, clmul, erms, 3dnowpref, tsc, tscinvbit

/proc/cpuinfo:
processor	: 0
vendor_id	: GenuineIntel
cpu family	: 6
model		: 76
model name	: Intel(R) Celeron(R) CPU  N3060  @ 1.60GHz
stepping	: 4
microcode	: 0x404
cpu MHz		: 1652.904
cache size	: 1024 KB
physical id	: 0
siblings	: 2
core id		: 0
cpu cores	: 2
apicid		: 0
initial apicid	: 0
fpu		: yes
fpu_exception	: yes
cpuid level	: 11
wp		: yes
flags		: fpu vme de pse tsc msr pae mce cx8 apic sep mtrr pge mca cmov pat pse36 clflush dts acpi mmx fxsr sse sse2 ss ht tm pbe syscall nx rdtscp lm constant_tsc arch_perfmon pebs bts rep_good nopl xtopology tsc_reliable nonstop_tsc cpuid aperfmperf tsc_known_freq pni pclmulqdq dtes64 monitor ds_cpl vmx est tm2 ssse3 cx16 xtpr pdcm sse4_1 sse4_2 movbe popcnt tsc_deadline_timer aes rdrand lahf_lm 3dnowprefetch epb pti retpoline tpr_shadow vnmi flexpriority ept vpid tsc_adjust smep erms dtherm ida arat
bugs		: cpu_meltdown spectre_v1 spectre_v2
bogomips	: 3200.00
clflush size	: 64
cache_alignment	: 64
address sizes	: 36 bits physical, 48 bits virtual
power management:

processor	: 1
vendor_id	: GenuineIntel
cpu family	: 6
model		: 76
model name	: Intel(R) Celeron(R) CPU  N3060  @ 1.60GHz
stepping	: 4
microcode	: 0x404
cpu MHz		: 2190.583
cache size	: 1024 KB
physical id	: 0
siblings	: 2
core id		: 2
cpu cores	: 2
apicid		: 4
initial apicid	: 4
fpu		: yes
fpu_exception	: yes
cpuid level	: 11
wp		: yes
flags		: fpu vme de pse tsc msr pae mce cx8 apic sep mtrr pge mca cmov pat pse36 clflush dts acpi mmx fxsr sse sse2 ss ht tm pbe syscall nx rdtscp lm constant_tsc arch_perfmon pebs bts rep_good nopl xtopology tsc_reliable nonstop_tsc cpuid aperfmperf tsc_known_freq pni pclmulqdq dtes64 monitor ds_cpl vmx est tm2 ssse3 cx16 xtpr pdcm sse4_1 sse4_2 movbe popcnt tsc_deadline_timer aes rdrand lahf_lm 3dnowprefetch epb pti retpoline tpr_shadow vnmi flexpriority ept vpid tsc_adjust smep erms dtherm ida arat
bugs		: cpu_meltdown spectre_v1 spectre_v2
bogomips	: 3200.00
clflush size	: 64
cache_alignment	: 64
address sizes	: 36 bits physical, 48 bits virtual
power management:



Memory: 4k page, physical 3927380k(128996k free), swap 3907580k(2975280k free)

vm_info: Java HotSpot(TM) 64-Bit Server VM (25.161-b12) for linux-amd64 JRE (1.8.0_161-b12), built on Dec 19 2017 16:12:43 by "java_re" with gcc 4.3.0 20080428 (Red Hat 4.3.0-8)

time: Tue Apr 17 18:10:06 2018
elapsed time: 23 seconds (0d 0h 0m 23s)

