#
# A fatal error has been detected by the Java Runtime Environment:
#
#  SIGSEGV (0xb) at pc=0x00007fe89a61e788, pid=23546, tid=0x00007fe843df4700
#
# JRE version: Java(TM) SE Runtime Environment (8.0_161-b12) (build 1.8.0_161-b12)
# Java VM: Java HotSpot(TM) 64-Bit Server VM (25.161-b12 mixed mode linux-amd64 compressed oops)
# Problematic frame:
# V  [libjvm.so+0x6d7788]  jni_invoke_nonstatic(JNIEnv_*, JavaValue*, _jobject*, JNICallType, _jmethodID*, JNI_ArgumentPusher*, Thread*)+0x38
#
# Failed to write core dump. Core dumps have been disabled. To enable core dumping, try "ulimit -c unlimited" before starting Java again
#
# If you would like to submit a bug report, please visit:
#   http://bugreport.java.com/bugreport/crash.jsp
#

---------------  T H R E A D  ---------------

Current thread (0x00007fe894304000):  JavaThread "JavaFX Application Thread" [_thread_in_vm, id=23573, stack(0x00007fe843cf4000,0x00007fe843df5000)]

siginfo: si_signo: 11 (SIGSEGV), si_code: 1 (SEGV_MAPERR), si_addr: 0xffffffffffffffff

Registers:
RAX=0x00007fe843df3140, RBX=0x00007fe843df3050, RCX=0x0000000000000001, RDX=0xffffffffffffffff
RSP=0x00007fe843df2ea0, RBP=0x00007fe843df3020, RSI=0x00007fe843df30b0, RDI=0x00007fe8943041f8
R8 =0x00007fe8942c1688, R9 =0x00007fe843df3050, R10=0x00007fe834000be0, R11=0x00007fe885591340
R12=0x00007fe894304000, R13=0x00007fe8942c1688, R14=0x0000000000000001, R15=0x00007fe8943041f8
RIP=0x00007fe89a61e788, EFLAGS=0x0000000000010286, CSGSFS=0x002b000000000033, ERR=0x0000000000000005
  TRAPNO=0x000000000000000e

Top of Stack: (sp=0x00007fe843df2ea0)
0x00007fe843df2ea0:   00007fe843df35a0 00007fe843df31c0
0x00007fe843df2eb0:   00007fe843df2f00 00007fe843df2f80
0x00007fe843df2ec0:   00007fe843df3050 00007fe843df30b0
0x00007fe843df2ed0:   00007fe8943041f8 00007fe89a63e290
0x00007fe843df2ee0:   00007fe85400b700 00007fe85400b710
0x00007fe843df2ef0:   00007fe85400bae8 00000000000003d8
0x00007fe843df2f00:   00007fe894303d08 00000000ed123558
0x00007fe843df2f10:   00007fe80000006f 00007fe80000000a
0x00007fe843df2f20:   00000000ec66a0d0 00007fe800000000
0x00007fe843df2f30:   0000000000000034 00007fe89b94fb1f
0x00007fe843df2f40:   00007fe882d09d78 0000000100000100
0x00007fe843df2f50:   00007fe882d91748 00007fe843df2f08
0x00007fe843df2f60:   00007fe843df2f49 0000000800000005
0x00007fe843df2f70:   00007fe882dae300 00007fe894303d10
0x00007fe843df2f80:   00007fe89aeb1e70 00007fe89b9ee720
0x00007fe843df2f90:   0000000094303ba0 00007fe894304000
0x00007fe843df2fa0:   0000000000000000 00007fe89a61eb5b
0x00007fe843df2fb0:   00007fe882d13ec0 00007fe894304000
0x00007fe843df2fc0:   00007fe882d13ec0 00007fe894304000
0x00007fe843df2fd0:   00007fe843df3160 00007fe882d13ec0
0x00007fe843df2fe0:   00007fe882d13ec0 00007fe882d13ec0
0x00007fe843df2ff0:   00007fe85400b700 00007fe843df3050
0x00007fe843df3000:   00007fe894304000 00007fe843df3090
0x00007fe843df3010:   00007fe8942c1688 00007fe8943041f8
0x00007fe843df3020:   00007fe843df3110 00007fe89a622f2f
0x00007fe843df3030:   00007fe894304000 00007fe860ddd094
0x00007fe843df3040:   00007fe843df3128 ffffffffffffffff
0x00007fe843df3050:   00007fe89aeb2af0 00007fe89b9ee720
0x00007fe843df3060:   0000000043df30d0 00007fe800000063
0x00007fe843df3070:   0000000000000000 0000003000000018
0x00007fe843df3080:   00007fe843df3200 00007fe843df3140
0x00007fe843df3090:   00007fe894304000 0000000000000000 

Instructions: (pc=0x00007fe89a61e788)
0x00007fe89a61e768:   00 00 48 85 d2 48 89 bd b0 fe ff ff 48 89 b5 a8
0x00007fe89a61e778:   fe ff ff 4c 89 8d a0 fe ff ff 0f 84 78 09 00 00
0x00007fe89a61e788:   4c 8b 22 4d 85 e4 0f 84 6c 09 00 00 48 8b 45 10
0x00007fe89a61e798:   48 8b 98 38 01 00 00 48 83 7b 18 f7 0f 87 16 07 

Register to memory mapping:

RAX=0x00007fe843df3140 is pointing into the stack for thread: 0x00007fe894304000
RBX=0x00007fe843df3050 is pointing into the stack for thread: 0x00007fe894304000
RCX=0x0000000000000001 is an unknown value
RDX=0xffffffffffffffff is an unknown value
RSP=0x00007fe843df2ea0 is pointing into the stack for thread: 0x00007fe894304000
RBP=0x00007fe843df3020 is pointing into the stack for thread: 0x00007fe894304000
RSI=0x00007fe843df30b0 is pointing into the stack for thread: 0x00007fe894304000
RDI=0x00007fe8943041f8 is an unknown value
R8 =0x00007fe8942c1688 is an unknown value
R9 =0x00007fe843df3050 is pointing into the stack for thread: 0x00007fe894304000
R10=0x00007fe834000be0 is an unknown value
R11=0x00007fe885591340 is at entry_point+32 in (nmethod*)0x00007fe8855911d0
R12=0x00007fe894304000 is a thread
R13=0x00007fe8942c1688 is an unknown value
R14=0x0000000000000001 is an unknown value
R15=0x00007fe8943041f8 is an unknown value


Stack: [0x00007fe843cf4000,0x00007fe843df5000],  sp=0x00007fe843df2ea0,  free space=1019k
Native frames: (J=compiled Java code, j=interpreted, Vv=VM code, C=native code)
V  [libjvm.so+0x6d7788]  jni_invoke_nonstatic(JNIEnv_*, JavaValue*, _jobject*, JNICallType, _jmethodID*, JNI_ArgumentPusher*, Thread*)+0x38
V  [libjvm.so+0x6dbf2f]  jni_CallVoidMethodV+0x10f
C  [libglass.so+0x18641]  JNIEnv_::CallVoidMethod(_jobject*, _jmethodID*, ...)+0x81
C  [libglass.so+0x14f0f]  WindowContextBase::process_key(_GdkEventKey*)+0x20f
C  [libglass.so+0x19f60]  WindowContextBase::im_filter_keypress(_GdkEventKey*)+0x1c0
C  [libglass.so+0x1a91c]  process_events(_GdkEvent*, void*)+0x22c
C  [libgdk-x11-2.0.so.0+0x5ac8c]

Java frames: (J=compiled Java code, j=interpreted, Vv=VM code)
j  com.sun.glass.ui.gtk.GtkApplication._runLoop(Ljava/lang/Runnable;Z)V+0
j  com.sun.glass.ui.gtk.GtkApplication.lambda$null$48(Ljava/lang/Runnable;Z)V+7
j  com.sun.glass.ui.gtk.GtkApplication$$Lambda$41.run()V+12
j  java.lang.Thread.run()V+11
v  ~StubRoutines::call_stub

---------------  P R O C E S S  ---------------

Java Threads: ( => current thread )
  0x00007fe834316000 JavaThread "Prism Font Disposer" daemon [_thread_blocked, id=23590, stack(0x00007fe842707000,0x00007fe842808000)]
  0x00007fe894307800 JavaThread "JavaFX-Launcher" [_thread_blocked, id=23574, stack(0x00007fe843bf3000,0x00007fe843cf4000)]
=>0x00007fe894304000 JavaThread "JavaFX Application Thread" [_thread_in_vm, id=23573, stack(0x00007fe843cf4000,0x00007fe843df5000)]
  0x00007fe894300000 JavaThread "Thread-1" daemon [_thread_blocked, id=23572, stack(0x00007fe843df5000,0x00007fe843ef6000)]
  0x00007fe8942b1800 JavaThread "QuantumRenderer-0" daemon [_thread_blocked, id=23571, stack(0x00007fe880b14000,0x00007fe880c15000)]
  0x00007fe8941f7800 JavaThread "Service Thread" daemon [_thread_blocked, id=23569, stack(0x00007fe880d16000,0x00007fe880e17000)]
  0x00007fe8941ec000 JavaThread "C1 CompilerThread1" daemon [_thread_blocked, id=23568, stack(0x00007fe880e17000,0x00007fe880f18000)]
  0x00007fe8941ea000 JavaThread "C2 CompilerThread0" daemon [_thread_blocked, id=23567, stack(0x00007fe88112f000,0x00007fe881230000)]
  0x00007fe8941e8800 JavaThread "Monitor Ctrl-Break" daemon [_thread_in_native, id=23566, stack(0x00007fe881230000,0x00007fe881331000)]
  0x00007fe89413c000 JavaThread "Signal Dispatcher" daemon [_thread_blocked, id=23565, stack(0x00007fe8813ee000,0x00007fe8814ef000)]
  0x00007fe894109000 JavaThread "Finalizer" daemon [_thread_blocked, id=23559, stack(0x00007fe881a3b000,0x00007fe881b3c000)]
  0x00007fe894104800 JavaThread "Reference Handler" daemon [_thread_blocked, id=23558, stack(0x00007fe881b3c000,0x00007fe881c3d000)]
  0x00007fe89400c000 JavaThread "main" [_thread_blocked, id=23550, stack(0x00007fe89ba43000,0x00007fe89bb44000)]

Other Threads:
  0x00007fe8940fd000 VMThread [stack: 0x00007fe881c3d000,0x00007fe881d3e000] [id=23557]
  0x00007fe8941fa800 WatcherThread [stack: 0x00007fe880c15000,0x00007fe880d16000] [id=23570]

VM state:not at safepoint (normal execution)

VM Mutex/Monitor currently owned by a thread: None

Heap:
 PSYoungGen      total 17920K, used 11863K [0x00000000ec000000, 0x00000000ee300000, 0x0000000100000000)
  eden space 15360K, 60% used [0x00000000ec000000,0x00000000ec91dbd8,0x00000000ecf00000)
  from space 2560K, 98% used [0x00000000ecf00000,0x00000000ed178050,0x00000000ed180000)
  to   space 2560K, 0% used [0x00000000ee080000,0x00000000ee080000,0x00000000ee300000)
 ParOldGen       total 98304K, used 63570K [0x00000000c4000000, 0x00000000ca000000, 0x00000000ec000000)
  object space 98304K, 64% used [0x00000000c4000000,0x00000000c7e14800,0x00000000ca000000)
 Metaspace       used 18263K, capacity 19198K, committed 19328K, reserved 1064960K
  class space    used 2629K, capacity 2830K, committed 2944K, reserved 1048576K

Card table byte_map: [0x00007fe8983f4000,0x00007fe8985d5000] byte_map_base: 0x00007fe897dd4000

Marking Bits: (ParMarkBitMap*) 0x00007fe89af16920
 Begin Bits: [0x00007fe883200000, 0x00007fe884100000)
 End Bits:   [0x00007fe884100000, 0x00007fe885000000)

Polling page: 0x00007fe89bb69000

CodeCache: size=245760Kb used=6949Kb max_used=6949Kb free=238810Kb
 bounds [0x00007fe885000000, 0x00007fe8856d0000, 0x00007fe894000000]
 total_blobs=2949 nmethods=2297 adapters=565
 compilation: enabled

Compilation events (10 events):
Event: 17,691 Thread 0x00007fe8941ec000 2304       3       javafx.scene.Parent::impl_computeGeomBounds (430 bytes)
Event: 17,695 Thread 0x00007fe8941ec000 nmethod 2304 0x00007fe8856c4710 code [0x00007fe8856c4c00, 0x00007fe8856c7728]
Event: 17,695 Thread 0x00007fe8941ec000 2300       3       com.sun.javafx.text.ScriptMapper::isComplexCharCode (167 bytes)
Event: 17,696 Thread 0x00007fe8941ec000 nmethod 2300 0x00007fe8856bf610 code [0x00007fe8856bf7c0, 0x00007fe8856bfe70]
Event: 17,696 Thread 0x00007fe8941ec000 2305       3       javafx.geometry.Bounds::<init> (64 bytes)
Event: 17,697 Thread 0x00007fe8941ec000 nmethod 2305 0x00007fe8856c8c90 code [0x00007fe8856c8e00, 0x00007fe8856c8ff0]
Event: 17,697 Thread 0x00007fe8941ec000 2302       3       com.sun.javafx.font.PrismCompositeFontResource::getAdvance (29 bytes)
Event: 17,697 Thread 0x00007fe8941ea000 2309       4       java.util.AbstractCollection::isEmpty (13 bytes)
Event: 17,698 Thread 0x00007fe8941ea000 nmethod 2309 0x00007fe8856cbd50 code [0x00007fe8856cbea0, 0x00007fe8856cbf18]
Event: 17,698 Thread 0x00007fe8941ea000 2310       4       com.sun.javafx.geom.RectBounds::deriveWithNewBounds (96 bytes)

GC Heap History (6 events):
Event: 2,831 GC heap before
{Heap before GC invocations=1 (full 0):
 PSYoungGen      total 17920K, used 15360K [0x00000000ec000000, 0x00000000ed400000, 0x0000000100000000)
  eden space 15360K, 100% used [0x00000000ec000000,0x00000000ecf00000,0x00000000ecf00000)
  from space 2560K, 0% used [0x00000000ed180000,0x00000000ed180000,0x00000000ed400000)
  to   space 2560K, 0% used [0x00000000ecf00000,0x00000000ecf00000,0x00000000ed180000)
 ParOldGen       total 40960K, used 0K [0x00000000c4000000, 0x00000000c6800000, 0x00000000ec000000)
  object space 40960K, 0% used [0x00000000c4000000,0x00000000c4000000,0x00000000c6800000)
 Metaspace       used 8577K, capacity 8902K, committed 9088K, reserved 1056768K
  class space    used 1043K, capacity 1133K, committed 1152K, reserved 1048576K
Event: 2,846 GC heap after
Heap after GC invocations=1 (full 0):
 PSYoungGen      total 17920K, used 1744K [0x00000000ec000000, 0x00000000ed400000, 0x0000000100000000)
  eden space 15360K, 0% used [0x00000000ec000000,0x00000000ec000000,0x00000000ecf00000)
  from space 2560K, 68% used [0x00000000ecf00000,0x00000000ed0b4050,0x00000000ed180000)
  to   space 2560K, 0% used [0x00000000ed180000,0x00000000ed180000,0x00000000ed400000)
 ParOldGen       total 40960K, used 72K [0x00000000c4000000, 0x00000000c6800000, 0x00000000ec000000)
  object space 40960K, 0% used [0x00000000c4000000,0x00000000c4012010,0x00000000c6800000)
 Metaspace       used 8577K, capacity 8902K, committed 9088K, reserved 1056768K
  class space    used 1043K, capacity 1133K, committed 1152K, reserved 1048576K
}
Event: 7,070 GC heap before
{Heap before GC invocations=2 (full 0):
 PSYoungGen      total 17920K, used 17104K [0x00000000ec000000, 0x00000000ed400000, 0x0000000100000000)
  eden space 15360K, 100% used [0x00000000ec000000,0x00000000ecf00000,0x00000000ecf00000)
  from space 2560K, 68% used [0x00000000ecf00000,0x00000000ed0b4050,0x00000000ed180000)
  to   space 2560K, 0% used [0x00000000ed180000,0x00000000ed180000,0x00000000ed400000)
 ParOldGen       total 98304K, used 57025K [0x00000000c4000000, 0x00000000ca000000, 0x00000000ec000000)
  object space 98304K, 58% used [0x00000000c4000000,0x00000000c77b04a0,0x00000000ca000000)
 Metaspace       used 13118K, capacity 13606K, committed 13824K, reserved 1060864K
  class space    used 1791K, capacity 1928K, committed 2048K, reserved 1048576K
Event: 7,144 GC heap after
Heap after GC invocations=2 (full 0):
 PSYoungGen      total 17920K, used 2528K [0x00000000ec000000, 0x00000000ee300000, 0x0000000100000000)
  eden space 15360K, 0% used [0x00000000ec000000,0x00000000ec000000,0x00000000ecf00000)
  from space 2560K, 98% used [0x00000000ed180000,0x00000000ed3f8050,0x00000000ed400000)
  to   space 2560K, 0% used [0x00000000ecf00000,0x00000000ecf00000,0x00000000ed180000)
 ParOldGen       total 98304K, used 59132K [0x00000000c4000000, 0x00000000ca000000, 0x00000000ec000000)
  object space 98304K, 60% used [0x00000000c4000000,0x00000000c79bf2b0,0x00000000ca000000)
 Metaspace       used 13118K, capacity 13606K, committed 13824K, reserved 1060864K
  class space    used 1791K, capacity 1928K, committed 2048K, reserved 1048576K
}
Event: 9,918 GC heap before
{Heap before GC invocations=3 (full 0):
 PSYoungGen      total 17920K, used 17888K [0x00000000ec000000, 0x00000000ee300000, 0x0000000100000000)
  eden space 15360K, 100% used [0x00000000ec000000,0x00000000ecf00000,0x00000000ecf00000)
  from space 2560K, 98% used [0x00000000ed180000,0x00000000ed3f8050,0x00000000ed400000)
  to   space 2560K, 0% used [0x00000000ecf00000,0x00000000ecf00000,0x00000000ed180000)
 ParOldGen       total 98304K, used 59132K [0x00000000c4000000, 0x00000000ca000000, 0x00000000ec000000)
  object space 98304K, 60% used [0x00000000c4000000,0x00000000c79bf2b0,0x00000000ca000000)
 Metaspace       used 16242K, capacity 16882K, committed 17152K, reserved 1064960K
  class space    used 2346K, capacity 2542K, committed 2560K, reserved 1048576K
Event: 9,942 GC heap after
Heap after GC invocations=3 (full 0):
 PSYoungGen      total 17920K, used 2528K [0x00000000ec000000, 0x00000000ee300000, 0x0000000100000000)
  eden space 15360K, 0% used [0x00000000ec000000,0x00000000ec000000,0x00000000ecf00000)
  from space 2560K, 98% used [0x00000000ecf00000,0x00000000ed178050,0x00000000ed180000)
  to   space 2560K, 0% used [0x00000000ee080000,0x00000000ee080000,0x00000000ee300000)
 ParOldGen       total 98304K, used 63570K [0x00000000c4000000, 0x00000000ca000000, 0x00000000ec000000)
  object space 98304K, 64% used [0x00000000c4000000,0x00000000c7e14800,0x00000000ca000000)
 Metaspace       used 16242K, capacity 16882K, committed 17152K, reserved 1064960K
  class space    used 2346K, capacity 2542K, committed 2560K, reserved 1048576K
}

Deoptimization events (10 events):
Event: 15,327 Thread 0x00007fe894304000 Uncommon trap: reason=unstable_if action=reinterpret pc=0x00007fe885250e60 method=java.lang.CharacterData.of(I)Ljava/lang/CharacterData; @ 4
Event: 17,108 Thread 0x00007fe894304000 Uncommon trap: reason=unstable_if action=reinterpret pc=0x00007fe8855efbb8 method=java.lang.StrictMath.floorOrCeil(DDDD)D @ 38
Event: 17,398 Thread 0x00007fe894304000 Uncommon trap: reason=class_check action=maybe_recompile pc=0x00007fe88540b20c method=java.io.FilterInputStream.read()I @ 4
Event: 17,398 Thread 0x00007fe894304000 Uncommon trap: reason=class_check action=maybe_recompile pc=0x00007fe88540b20c method=java.io.FilterInputStream.read()I @ 4
Event: 17,399 Thread 0x00007fe894304000 Uncommon trap: reason=class_check action=maybe_recompile pc=0x00007fe88540b20c method=java.io.FilterInputStream.read()I @ 4
Event: 17,399 Thread 0x00007fe894304000 Uncommon trap: reason=class_check action=maybe_recompile pc=0x00007fe88540b20c method=java.io.FilterInputStream.read()I @ 4
Event: 17,542 Thread 0x00007fe894304000 Uncommon trap: reason=array_check action=maybe_recompile pc=0x00007fe885687bb0 method=com.sun.javafx.css.SimpleSelector.applies(Ljavafx/css/Styleable;[Ljava/util/Set;I)Z @ 37
Event: 17,542 Thread 0x00007fe894304000 Uncommon trap: reason=array_check action=maybe_recompile pc=0x00007fe885687bb0 method=com.sun.javafx.css.SimpleSelector.applies(Ljavafx/css/Styleable;[Ljava/util/Set;I)Z @ 37
Event: 17,542 Thread 0x00007fe894304000 Uncommon trap: reason=array_check action=maybe_recompile pc=0x00007fe885687bb0 method=com.sun.javafx.css.SimpleSelector.applies(Ljavafx/css/Styleable;[Ljava/util/Set;I)Z @ 37
Event: 17,542 Thread 0x00007fe894304000 Uncommon trap: reason=array_check action=maybe_recompile pc=0x00007fe885687bb0 method=com.sun.javafx.css.SimpleSelector.applies(Ljavafx/css/Styleable;[Ljava/util/Set;I)Z @ 37

Classes redefined (0 events):
No events

Internal exceptions (10 events):
Event: 4,429 Thread 0x00007fe894304000 Exception <a 'java/lang/ArrayIndexOutOfBoundsException'> (0x00000000ec2f7448) thrown at [/HUDSON/workspace/8-2-build-linux-amd64/jdk8u161/10277/hotspot/src/share/vm/runtime/sharedRuntime.cpp, line 605]
Event: 5,455 Thread 0x00007fe894304000 Exception <a 'java/lang/ArrayIndexOutOfBoundsException'> (0x00000000ec8282e0) thrown at [/HUDSON/workspace/8-2-build-linux-amd64/jdk8u161/10277/hotspot/src/share/vm/runtime/sharedRuntime.cpp, line 605]
Event: 5,836 Thread 0x00007fe894304000 Exception <a 'java/io/FileNotFoundException'> (0x00000000ec95c590) thrown at [/HUDSON/workspace/8-2-build-linux-amd64/jdk8u161/10277/hotspot/src/share/vm/prims/jni.cpp, line 709]
Event: 7,976 Thread 0x00007fe894304000 Exception <a 'java/io/FileNotFoundException'> (0x00000000ec4fb0f8) thrown at [/HUDSON/workspace/8-2-build-linux-amd64/jdk8u161/10277/hotspot/src/share/vm/prims/jni.cpp, line 709]
Event: 8,093 Thread 0x00007fe894304000 Exception <a 'java/io/FileNotFoundException'> (0x00000000ec578a08) thrown at [/HUDSON/workspace/8-2-build-linux-amd64/jdk8u161/10277/hotspot/src/share/vm/prims/jni.cpp, line 709]
Event: 8,135 Thread 0x00007fe894304000 Exception <a 'java/io/FileNotFoundException'> (0x00000000ec5a2958) thrown at [/HUDSON/workspace/8-2-build-linux-amd64/jdk8u161/10277/hotspot/src/share/vm/prims/jni.cpp, line 709]
Event: 8,174 Thread 0x00007fe894304000 Exception <a 'java/io/FileNotFoundException'> (0x00000000ec5d2b88) thrown at [/HUDSON/workspace/8-2-build-linux-amd64/jdk8u161/10277/hotspot/src/share/vm/prims/jni.cpp, line 709]
Event: 9,794 Thread 0x00007fe894304000 Implicit null exception at 0x00007fe88531e2f5 to 0x00007fe88531e51d
Event: 9,795 Thread 0x00007fe894304000 Implicit null exception at 0x00007fe885397998 to 0x00007fe885397a26
Event: 9,799 Thread 0x00007fe894304000 Implicit null exception at 0x00007fe8853976af to 0x00007fe885397719

Events (10 events):
Event: 17,578 loading class javafx/scene/effect/DropShadow$7
Event: 17,578 loading class javafx/scene/effect/DropShadow$7 done
Event: 17,578 loading class javafx/scene/effect/DropShadow$8
Event: 17,578 loading class javafx/scene/effect/DropShadow$8 done
Event: 17,579 loading class javafx/scene/effect/DropShadow$2
Event: 17,579 loading class javafx/scene/effect/DropShadow$2 done
Event: 17,579 loading class javafx/scene/effect/DropShadow$3
Event: 17,579 loading class javafx/scene/effect/DropShadow$3 done
Event: 17,583 loading class com/sun/javafx/effect/EffectDirtyBits
Event: 17,583 loading class com/sun/javafx/effect/EffectDirtyBits done


Dynamic libraries:
00400000-00401000 r-xp 00000000 08:02 2883734                            /opt/jdk/jdk1.8.0_161/bin/java
00600000-00601000 rw-p 00000000 08:02 2883734                            /opt/jdk/jdk1.8.0_161/bin/java
00f41000-00f62000 rw-p 00000000 00:00 0                                  [heap]
c4000000-ca000000 rw-p 00000000 00:00 0 
ca000000-ec000000 ---p 00000000 00:00 0 
ec000000-ee300000 rw-p 00000000 00:00 0 
ee300000-100000000 ---p 00000000 00:00 0 
100000000-1002e0000 rw-p 00000000 00:00 0 
1002e0000-140000000 ---p 00000000 00:00 0 
7fe82e000000-7fe834000000 rw-s 104807000 00:06 334                       /dev/dri/card0
7fe834000000-7fe8346ab000 rw-p 00000000 00:00 0 
7fe8346ab000-7fe838000000 ---p 00000000 00:00 0 
7fe83c000000-7fe83c021000 rw-p 00000000 00:00 0 
7fe83c021000-7fe840000000 ---p 00000000 00:00 0 
7fe8402c9000-7fe8402cb000 rw-s 00000000 00:05 336963                     /drm mm object (deleted)
7fe8402cb000-7fe8402d3000 rw-s 101b3c000 00:06 334                       /dev/dri/card0
7fe8402d3000-7fe8402db000 rw-s 103186000 00:06 334                       /dev/dri/card0
7fe8402db000-7fe8402f7000 rw-s 100660000 00:06 334                       /dev/dri/card0
7fe8402f7000-7fe840307000 rw-s 00000000 00:05 335490                     /drm mm object (deleted)
7fe840307000-7fe84030f000 rw-s 100852000 00:06 334                       /dev/dri/card0
7fe84030f000-7fe8404cf000 rw-s 10cad7000 00:06 334                       /dev/dri/card0
7fe8405cf000-7fe84061a000 r--p 00000000 08:02 3808232                    /usr/share/fonts/truetype/noto/NotoSans-Regular.ttf
7fe84061a000-7fe84081a000 rw-p 00000000 00:00 0 
7fe84081a000-7fe8409da000 rw-s 10c917000 00:06 334                       /dev/dri/card0
7fe8409da000-7fe8409ea000 rw-s 00000000 00:05 336933                     /drm mm object (deleted)
7fe8409ea000-7fe8425ea000 rw-s 10a807000 00:06 334                       /dev/dri/card0
7fe8425ea000-7fe8425fa000 rw-s 00000000 00:05 335477                     /drm mm object (deleted)
7fe8425fa000-7fe842606000 rw-s 00000000 00:05 336779                     /drm mm object (deleted)
7fe842606000-7fe842609000 ---p 00000000 00:00 0 
7fe842609000-7fe842707000 rw-p 00000000 00:00 0 
7fe842707000-7fe84270a000 ---p 00000000 00:00 0 
7fe84270a000-7fe842808000 rw-p 00000000 00:00 0 
7fe842808000-7fe84280d000 r--s 00084000 08:02 2885187                    /opt/jdk/jdk1.8.0_161/jre/lib/jfr.jar
7fe84280d000-7fe842a0d000 rw-p 00000000 00:00 0 
7fe842a0d000-7fe842a17000 r-xp 00000000 08:02 3671770                    /usr/lib/x86_64-linux-gnu/gtk-2.0/2.10.0/engines/libpixmap.so
7fe842a17000-7fe842c16000 ---p 0000a000 08:02 3671770                    /usr/lib/x86_64-linux-gnu/gtk-2.0/2.10.0/engines/libpixmap.so
7fe842c16000-7fe842c17000 r--p 00009000 08:02 3671770                    /usr/lib/x86_64-linux-gnu/gtk-2.0/2.10.0/engines/libpixmap.so
7fe842c17000-7fe842c18000 rw-p 0000a000 08:02 3671770                    /usr/lib/x86_64-linux-gnu/gtk-2.0/2.10.0/engines/libpixmap.so
7fe842c18000-7fe842c73000 r--p 00000000 08:02 3817299                    /usr/share/fonts/Segoe UI Italic.ttf
7fe842c73000-7fe842ccc000 r--p 00000000 08:02 3817298                    /usr/share/fonts/Segoe UI Bold.ttf
7fe842ccc000-7fe842cd1000 r--s 0009d000 08:02 2885327                    /opt/jdk/jdk1.8.0_161/jre/lib/jsse.jar
7fe842cd1000-7fe842ed1000 rw-p 00000000 00:00 0 
7fe842ed1000-7fe842f22000 r--p 00000000 08:02 3817300                    /usr/share/fonts/segoeuil.ttf
7fe842f22000-7fe842fa1000 r--p 00000000 08:02 3817301                    /usr/share/fonts/segoeui.ttf
7fe842fa1000-7fe842fb4000 r--p 00000000 08:02 2885207                    /opt/jdk/jdk1.8.0_161/jre/lib/fonts/LucidaBrightDemiBold.ttf
7fe842fb4000-7fe84305f000 r--p 00000000 08:02 2885200                    /opt/jdk/jdk1.8.0_161/jre/lib/fonts/LucidaSansRegular.ttf
7fe84305f000-7fe843072000 r--p 00000000 08:02 2885204                    /opt/jdk/jdk1.8.0_161/jre/lib/fonts/LucidaBrightDemiItalic.ttf
7fe843072000-7fe8430c0000 r--p 00000000 08:02 2885202                    /opt/jdk/jdk1.8.0_161/jre/lib/fonts/LucidaSansDemiBold.ttf
7fe8430c0000-7fe843115000 r--p 00000000 08:02 2885201                    /opt/jdk/jdk1.8.0_161/jre/lib/fonts/LucidaBrightRegular.ttf
7fe843115000-7fe84314f000 r--p 00000000 08:02 2885206                    /opt/jdk/jdk1.8.0_161/jre/lib/fonts/LucidaTypewriterBold.ttf
7fe84314f000-7fe843163000 r--p 00000000 08:02 2885199                    /opt/jdk/jdk1.8.0_161/jre/lib/fonts/LucidaBrightItalic.ttf
7fe843163000-7fe84319f000 r--p 00000000 08:02 2885205                    /opt/jdk/jdk1.8.0_161/jre/lib/fonts/LucidaTypewriterRegular.ttf
7fe84319f000-7fe8431a3000 r-xp 00000000 08:02 2885435                    /opt/jdk/jdk1.8.0_161/jre/lib/amd64/libjavafx_font_pango.so
7fe8431a3000-7fe8433a2000 ---p 00004000 08:02 2885435                    /opt/jdk/jdk1.8.0_161/jre/lib/amd64/libjavafx_font_pango.so
7fe8433a2000-7fe8433a3000 rw-p 00003000 08:02 2885435                    /opt/jdk/jdk1.8.0_161/jre/lib/amd64/libjavafx_font_pango.so
7fe8433a3000-7fe8433aa000 r--s 00000000 08:02 4200409                    /var/cache/fontconfig/4be9850f182b35c1350b6bbf2e42601c-le64.cache-6
7fe8433aa000-7fe8433b5000 r--s 00000000 08:02 4198764                    /var/cache/fontconfig/945677eb7aeaf62f1d50efc3fb3ec7d8-le64.cache-6
7fe8433b5000-7fe8433ba000 r-xp 00000000 08:02 2885438                    /opt/jdk/jdk1.8.0_161/jre/lib/amd64/libjavafx_font_freetype.so
7fe8433ba000-7fe8435b9000 ---p 00005000 08:02 2885438                    /opt/jdk/jdk1.8.0_161/jre/lib/amd64/libjavafx_font_freetype.so
7fe8435b9000-7fe8435ba000 rw-p 00004000 08:02 2885438                    /opt/jdk/jdk1.8.0_161/jre/lib/amd64/libjavafx_font_freetype.so
7fe8435ba000-7fe8435bd000 r-xp 00000000 08:02 2885485                    /opt/jdk/jdk1.8.0_161/jre/lib/amd64/libjavafx_font.so
7fe8435bd000-7fe8437bc000 ---p 00003000 08:02 2885485                    /opt/jdk/jdk1.8.0_161/jre/lib/amd64/libjavafx_font.so
7fe8437bc000-7fe8437bd000 rw-p 00002000 08:02 2885485                    /opt/jdk/jdk1.8.0_161/jre/lib/amd64/libjavafx_font.so
7fe8437bd000-7fe8437f3000 r-xp 00000000 08:02 2885481                    /opt/jdk/jdk1.8.0_161/jre/lib/amd64/libjavafx_iio.so
7fe8437f3000-7fe8439f2000 ---p 00036000 08:02 2885481                    /opt/jdk/jdk1.8.0_161/jre/lib/amd64/libjavafx_iio.so
7fe8439f2000-7fe8439f3000 rw-p 00035000 08:02 2885481                    /opt/jdk/jdk1.8.0_161/jre/lib/amd64/libjavafx_iio.so
7fe8439f3000-7fe843bf3000 rw-p 00000000 00:00 0 
7fe843bf3000-7fe843bf6000 ---p 00000000 00:00 0 
7fe843bf6000-7fe843cf4000 rw-p 00000000 00:00 0 
7fe843cf4000-7fe843cf7000 ---p 00000000 00:00 0 
7fe843cf7000-7fe843df5000 rw-p 00000000 00:00 0 
7fe843df5000-7fe843df8000 ---p 00000000 00:00 0 
7fe843df8000-7fe843ef6000 rw-p 00000000 00:00 0 
7fe843ef6000-7fe843f1f000 r-xp 00000000 08:02 2885460                    /opt/jdk/jdk1.8.0_161/jre/lib/amd64/libglass.so
7fe843f1f000-7fe84411e000 ---p 00029000 08:02 2885460                    /opt/jdk/jdk1.8.0_161/jre/lib/amd64/libglass.so
7fe84411e000-7fe844121000 rw-p 00028000 08:02 2885460                    /opt/jdk/jdk1.8.0_161/jre/lib/amd64/libglass.so
7fe844121000-7fe844158000 r-xp 00000000 08:02 3547217                    /usr/lib/x86_64-linux-gnu/libtxc_dxtn_s2tc.so.0.0.0
7fe844158000-7fe844357000 ---p 00037000 08:02 3547217                    /usr/lib/x86_64-linux-gnu/libtxc_dxtn_s2tc.so.0.0.0
7fe844357000-7fe844358000 r--p 00036000 08:02 3547217                    /usr/lib/x86_64-linux-gnu/libtxc_dxtn_s2tc.so.0.0.0
7fe844358000-7fe844359000 rw-p 00037000 08:02 3547217                    /usr/lib/x86_64-linux-gnu/libtxc_dxtn_s2tc.so.0.0.0
7fe844359000-7fe844361000 r-xp 00000000 08:02 3546963                    /usr/lib/x86_64-linux-gnu/libpciaccess.so.0.11.1
7fe844361000-7fe844561000 ---p 00008000 08:02 3546963                    /usr/lib/x86_64-linux-gnu/libpciaccess.so.0.11.1
7fe844561000-7fe844562000 r--p 00008000 08:02 3546963                    /usr/lib/x86_64-linux-gnu/libpciaccess.so.0.11.1
7fe844562000-7fe844563000 rw-p 00009000 08:02 3546963                    /usr/lib/x86_64-linux-gnu/libpciaccess.so.0.11.1
7fe844563000-7fe84456e000 r-xp 00000000 08:02 3546417                    /usr/lib/x86_64-linux-gnu/libdrm_radeon.so.1.0.1
7fe84456e000-7fe84476d000 ---p 0000b000 08:02 3546417                    /usr/lib/x86_64-linux-gnu/libdrm_radeon.so.1.0.1
7fe84476d000-7fe84476e000 r--p 0000a000 08:02 3546417                    /usr/lib/x86_64-linux-gnu/libdrm_radeon.so.1.0.1
7fe84476e000-7fe84476f000 rw-p 0000b000 08:02 3546417                    /usr/lib/x86_64-linux-gnu/libdrm_radeon.so.1.0.1
7fe84476f000-7fe844776000 r-xp 00000000 08:02 3546415                    /usr/lib/x86_64-linux-gnu/libdrm_nouveau.so.2.0.0
7fe844776000-7fe844975000 ---p 00007000 08:02 3546415                    /usr/lib/x86_64-linux-gnu/libdrm_nouveau.so.2.0.0
7fe844975000-7fe844976000 r--p 00006000 08:02 3546415                    /usr/lib/x86_64-linux-gnu/libdrm_nouveau.so.2.0.0
7fe844976000-7fe844977000 rw-p 00007000 08:02 3546415                    /usr/lib/x86_64-linux-gnu/libdrm_nouveau.so.2.0.0
7fe844977000-7fe844999000 r-xp 00000000 08:02 3546413                    /usr/lib/x86_64-linux-gnu/libdrm_intel.so.1.0.0
7fe844999000-7fe844b99000 ---p 00022000 08:02 3546413                    /usr/lib/x86_64-linux-gnu/libdrm_intel.so.1.0.0
7fe844b99000-7fe844b9a000 r--p 00022000 08:02 3546413                    /usr/lib/x86_64-linux-gnu/libdrm_intel.so.1.0.0
7fe844b9a000-7fe844b9b000 rw-p 00023000 08:02 3546413                    /usr/lib/x86_64-linux-gnu/libdrm_intel.so.1.0.0
7fe844b9b000-7fe8453c2000 r-xp 00000000 08:02 3671344                    /usr/lib/x86_64-linux-gnu/dri/i965_dri.so
7fe8453c2000-7fe8455c2000 ---p 00827000 08:02 3671344                    /usr/lib/x86_64-linux-gnu/dri/i965_dri.so
7fe8455c2000-7fe845612000 r--p 00827000 08:02 3671344                    /usr/lib/x86_64-linux-gnu/dri/i965_dri.so
7fe845612000-7fe84561b000 rw-p 00877000 08:02 3671344                    /usr/lib/x86_64-linux-gnu/dri/i965_dri.so
7fe84561b000-7fe845682000 rw-p 00000000 00:00 0 
7fe845682000-7fe845688000 r-xp 00000000 08:02 3546354                    /usr/lib/x86_64-linux-gnu/libdatrie.so.1.3.3
7fe845688000-7fe845888000 ---p 00006000 08:02 3546354                    /usr/lib/x86_64-linux-gnu/libdatrie.so.1.3.3
7fe845888000-7fe845889000 r--p 00006000 08:02 3546354                    /usr/lib/x86_64-linux-gnu/libdatrie.so.1.3.3
7fe845889000-7fe84588a000 rw-p 00007000 08:02 3546354                    /usr/lib/x86_64-linux-gnu/libdatrie.so.1.3.3
7fe84588a000-7fe84588f000 r-xp 00000000 08:02 3546164                    /usr/lib/x86_64-linux-gnu/libXdmcp.so.6.0.0
7fe84588f000-7fe845a8e000 ---p 00005000 08:02 3546164                    /usr/lib/x86_64-linux-gnu/libXdmcp.so.6.0.0
7fe845a8e000-7fe845a8f000 r--p 00004000 08:02 3546164                    /usr/lib/x86_64-linux-gnu/libXdmcp.so.6.0.0
7fe845a8f000-7fe845a90000 rw-p 00005000 08:02 3546164                    /usr/lib/x86_64-linux-gnu/libXdmcp.so.6.0.0
7fe845a90000-7fe845a92000 r-xp 00000000 08:02 3546153                    /usr/lib/x86_64-linux-gnu/libXau.so.6.0.0
7fe845a92000-7fe845c92000 ---p 00002000 08:02 3546153                    /usr/lib/x86_64-linux-gnu/libXau.so.6.0.0
7fe845c92000-7fe845c93000 r--p 00002000 08:02 3546153                    /usr/lib/x86_64-linux-gnu/libXau.so.6.0.0
7fe845c93000-7fe845c94000 rw-p 00003000 08:02 3546153                    /usr/lib/x86_64-linux-gnu/libXau.so.6.0.0
7fe845c94000-7fe845cb8000 r-xp 00000000 08:02 3546586                    /usr/lib/x86_64-linux-gnu/libgraphite2.so.3.0.1
7fe845cb8000-7fe845eb7000 ---p 00024000 08:02 3546586                    /usr/lib/x86_64-linux-gnu/libgraphite2.so.3.0.1
7fe845eb7000-7fe845eb9000 r--p 00023000 08:02 3546586                    /usr/lib/x86_64-linux-gnu/libgraphite2.so.3.0.1
7fe845eb9000-7fe845eba000 rw-p 00025000 08:02 3546586                    /usr/lib/x86_64-linux-gnu/libgraphite2.so.3.0.1
7fe845eba000-7fe845eca000 r-xp 00000000 08:02 3546409                    /usr/lib/x86_64-linux-gnu/libdrm.so.2.4.0
7fe845eca000-7fe8460c9000 ---p 00010000 08:02 3546409                    /usr/lib/x86_64-linux-gnu/libdrm.so.2.4.0
7fe8460c9000-7fe8460ca000 r--p 0000f000 08:02 3546409                    /usr/lib/x86_64-linux-gnu/libdrm.so.2.4.0
7fe8460ca000-7fe8460cb000 rw-p 00010000 08:02 3546409                    /usr/lib/x86_64-linux-gnu/libdrm.so.2.4.0
7fe8460cb000-7fe8460cf000 r-xp 00000000 08:02 3547342                    /usr/lib/x86_64-linux-gnu/libxcb-dri2.so.0.0.0
7fe8460cf000-7fe8462ce000 ---p 00004000 08:02 3547342                    /usr/lib/x86_64-linux-gnu/libxcb-dri2.so.0.0.0
7fe8462ce000-7fe8462cf000 r--p 00003000 08:02 3547342                    /usr/lib/x86_64-linux-gnu/libxcb-dri2.so.0.0.0
7fe8462cf000-7fe8462d0000 rw-p 00004000 08:02 3547342                    /usr/lib/x86_64-linux-gnu/libxcb-dri2.so.0.0.0
7fe8462d0000-7fe8462e7000 r-xp 00000000 08:02 3547346                    /usr/lib/x86_64-linux-gnu/libxcb-glx.so.0.0.0
7fe8462e7000-7fe8464e6000 ---p 00017000 08:02 3547346                    /usr/lib/x86_64-linux-gnu/libxcb-glx.so.0.0.0
7fe8464e6000-7fe8464e8000 r--p 00016000 08:02 3547346                    /usr/lib/x86_64-linux-gnu/libxcb-glx.so.0.0.0
7fe8464e8000-7fe8464e9000 rw-p 00018000 08:02 3547346                    /usr/lib/x86_64-linux-gnu/libxcb-glx.so.0.0.0
7fe8464e9000-7fe8464ea000 r-xp 00000000 08:02 3546149                    /usr/lib/x86_64-linux-gnu/libX11-xcb.so.1.0.0
7fe8464ea000-7fe8466e9000 ---p 00001000 08:02 3546149                    /usr/lib/x86_64-linux-gnu/libX11-xcb.so.1.0.0
7fe8466e9000-7fe8466ea000 r--p 00000000 08:02 3546149                    /usr/lib/x86_64-linux-gnu/libX11-xcb.so.1.0.0
7fe8466ea000-7fe8466eb000 rw-p 00001000 08:02 3546149                    /usr/lib/x86_64-linux-gnu/libX11-xcb.so.1.0.0
7fe8466eb000-7fe846716000 r-xp 00000000 08:02 3546557                    /usr/lib/x86_64-linux-gnu/libglapi.so.0.0.0
7fe846716000-7fe846915000 ---p 0002b000 08:02 3546557                    /usr/lib/x86_64-linux-gnu/libglapi.so.0.0.0
7fe846915000-7fe846919000 r--p 0002a000 08:02 3546557                    /usr/lib/x86_64-linux-gnu/libglapi.so.0.0.0
7fe846919000-7fe84691a000 rw-p 0002e000 08:02 3546557                    /usr/lib/x86_64-linux-gnu/libglapi.so.0.0.0
7fe84691a000-7fe84691b000 rw-p 00000000 00:00 0 
7fe84691b000-7fe84691c000 r-xp 00000000 08:02 3547390                    /usr/lib/x86_64-linux-gnu/libxshmfence.so.1.0.0
7fe84691c000-7fe846b1c000 ---p 00001000 08:02 3547390                    /usr/lib/x86_64-linux-gnu/libxshmfence.so.1.0.0
7fe846b1c000-7fe846b1d000 r--p 00001000 08:02 3547390                    /usr/lib/x86_64-linux-gnu/libxshmfence.so.1.0.0
7fe846b1d000-7fe846b1e000 rw-p 00002000 08:02 3547390                    /usr/lib/x86_64-linux-gnu/libxshmfence.so.1.0.0
7fe846b1e000-7fe846b23000 r-xp 00000000 08:02 3547368                    /usr/lib/x86_64-linux-gnu/libxcb-sync.so.1.0.0
7fe846b23000-7fe846d23000 ---p 00005000 08:02 3547368                    /usr/lib/x86_64-linux-gnu/libxcb-sync.so.1.0.0
7fe846d23000-7fe846d24000 r--p 00005000 08:02 3547368                    /usr/lib/x86_64-linux-gnu/libxcb-sync.so.1.0.0
7fe846d24000-7fe846d25000 rw-p 00006000 08:02 3547368                    /usr/lib/x86_64-linux-gnu/libxcb-sync.so.1.0.0
7fe846d25000-7fe846d27000 r-xp 00000000 08:02 3547354                    /usr/lib/x86_64-linux-gnu/libxcb-present.so.0.0.0
7fe846d27000-7fe846f26000 ---p 00002000 08:02 3547354                    /usr/lib/x86_64-linux-gnu/libxcb-present.so.0.0.0
7fe846f26000-7fe846f27000 r--p 00001000 08:02 3547354                    /usr/lib/x86_64-linux-gnu/libxcb-present.so.0.0.0
7fe846f27000-7fe846f28000 rw-p 00002000 08:02 3547354                    /usr/lib/x86_64-linux-gnu/libxcb-present.so.0.0.0
7fe846f28000-7fe846f2a000 r-xp 00000000 08:02 3547344                    /usr/lib/x86_64-linux-gnu/libxcb-dri3.so.0.0.0
7fe846f2a000-7fe847129000 ---p 00002000 08:02 3547344                    /usr/lib/x86_64-linux-gnu/libxcb-dri3.so.0.0.0
7fe847129000-7fe84712a000 r--p 00001000 08:02 3547344                    /usr/lib/x86_64-linux-gnu/libxcb-dri3.so.0.0.0
7fe84712a000-7fe84712b000 rw-p 00002000 08:02 3547344                    /usr/lib/x86_64-linux-gnu/libxcb-dri3.so.0.0.0
7fe84712b000-7fe847199000 r-xp 00000000 08:02 791258                     /lib/x86_64-linux-gnu/libpcre.so.3.13.2
7fe847199000-7fe847399000 ---p 0006e000 08:02 791258                     /lib/x86_64-linux-gnu/libpcre.so.3.13.2
7fe847399000-7fe84739a000 r--p 0006e000 08:02 791258                     /lib/x86_64-linux-gnu/libpcre.so.3.13.2
7fe84739a000-7fe84739b000 rw-p 0006f000 08:02 791258                     /lib/x86_64-linux-gnu/libpcre.so.3.13.2
7fe84739b000-7fe8473a2000 r-xp 00000000 08:02 3546471                    /usr/lib/x86_64-linux-gnu/libffi.so.6.0.4
7fe8473a2000-7fe8475a1000 ---p 00007000 08:02 3546471                    /usr/lib/x86_64-linux-gnu/libffi.so.6.0.4
7fe8475a1000-7fe8475a2000 r--p 00006000 08:02 3546471                    /usr/lib/x86_64-linux-gnu/libffi.so.6.0.4
7fe8475a2000-7fe8475a3000 rw-p 00007000 08:02 3546471                    /usr/lib/x86_64-linux-gnu/libffi.so.6.0.4
7fe8475a3000-7fe8475c9000 r-xp 00000000 08:02 791162                     /lib/x86_64-linux-gnu/libexpat.so.1.6.0
7fe8475c9000-7fe8477c9000 ---p 00026000 08:02 791162                     /lib/x86_64-linux-gnu/libexpat.so.1.6.0
7fe8477c9000-7fe8477cb000 r--p 00026000 08:02 791162                     /lib/x86_64-linux-gnu/libexpat.so.1.6.0
7fe8477cb000-7fe8477cc000 rw-p 00028000 08:02 791162                     /lib/x86_64-linux-gnu/libexpat.so.1.6.0
7fe8477cc000-7fe8477d4000 r-xp 00000000 08:02 3547194                    /usr/lib/x86_64-linux-gnu/libthai.so.0.2.4
7fe8477d4000-7fe8479d3000 ---p 00008000 08:02 3547194                    /usr/lib/x86_64-linux-gnu/libthai.so.0.2.4
7fe8479d3000-7fe8479d4000 r--p 00007000 08:02 3547194                    /usr/lib/x86_64-linux-gnu/libthai.so.0.2.4
7fe8479d4000-7fe8479d5000 rw-p 00008000 08:02 3547194                    /usr/lib/x86_64-linux-gnu/libthai.so.0.2.4
7fe8479d5000-7fe8479f6000 r-xp 00000000 08:02 3547380                    /usr/lib/x86_64-linux-gnu/libxcb.so.1.1.0
7fe8479f6000-7fe847bf5000 ---p 00021000 08:02 3547380                    /usr/lib/x86_64-linux-gnu/libxcb.so.1.1.0
7fe847bf5000-7fe847bf6000 r--p 00020000 08:02 3547380                    /usr/lib/x86_64-linux-gnu/libxcb.so.1.1.0
7fe847bf6000-7fe847bf7000 rw-p 00021000 08:02 3547380                    /usr/lib/x86_64-linux-gnu/libxcb.so.1.1.0
7fe847bf7000-7fe847bff000 r-xp 00000000 08:02 3547362                    /usr/lib/x86_64-linux-gnu/libxcb-render.so.0.0.0
7fe847bff000-7fe847dff000 ---p 00008000 08:02 3547362                    /usr/lib/x86_64-linux-gnu/libxcb-render.so.0.0.0
7fe847dff000-7fe847e00000 r--p 00008000 08:02 3547362                    /usr/lib/x86_64-linux-gnu/libxcb-render.so.0.0.0
7fe847e00000-7fe847e01000 rw-p 00009000 08:02 3547362                    /usr/lib/x86_64-linux-gnu/libxcb-render.so.0.0.0
7fe847e01000-7fe847e03000 r-xp 00000000 08:02 3547366                    /usr/lib/x86_64-linux-gnu/libxcb-shm.so.0.0.0
7fe847e03000-7fe848003000 ---p 00002000 08:02 3547366                    /usr/lib/x86_64-linux-gnu/libxcb-shm.so.0.0.0
7fe848003000-7fe848004000 r--p 00002000 08:02 3547366                    /usr/lib/x86_64-linux-gnu/libxcb-shm.so.0.0.0
7fe848004000-7fe848005000 rw-p 00003000 08:02 3547366                    /usr/lib/x86_64-linux-gnu/libxcb-shm.so.0.0.0
7fe848005000-7fe848029000 r-xp 00000000 08:02 791270                     /lib/x86_64-linux-gnu/libpng12.so.0.54.0
7fe848029000-7fe848228000 ---p 00024000 08:02 791270                     /lib/x86_64-linux-gnu/libpng12.so.0.54.0
7fe848228000-7fe848229000 r--p 00023000 08:02 791270                     /lib/x86_64-linux-gnu/libpng12.so.0.54.0
7fe848229000-7fe84822a000 rw-p 00024000 08:02 791270                     /lib/x86_64-linux-gnu/libpng12.so.0.54.0
7fe84822a000-7fe8482c9000 r-xp 00000000 08:02 3546977                    /usr/lib/x86_64-linux-gnu/libpixman-1.so.0.33.6
7fe8482c9000-7fe8484c9000 ---p 0009f000 08:02 3546977                    /usr/lib/x86_64-linux-gnu/libpixman-1.so.0.33.6
7fe8484c9000-7fe8484d1000 r--p 0009f000 08:02 3546977                    /usr/lib/x86_64-linux-gnu/libpixman-1.so.0.33.6
7fe8484d1000-7fe8484d2000 rw-p 000a7000 08:02 3546977                    /usr/lib/x86_64-linux-gnu/libpixman-1.so.0.33.6
7fe8484d2000-7fe848563000 r-xp 00000000 08:02 3546650                    /usr/lib/x86_64-linux-gnu/libharfbuzz.so.0.10400.6
7fe848563000-7fe848762000 ---p 00091000 08:02 3546650                    /usr/lib/x86_64-linux-gnu/libharfbuzz.so.0.10400.6
7fe848762000-7fe848764000 r--p 00090000 08:02 3546650                    /usr/lib/x86_64-linux-gnu/libharfbuzz.so.0.10400.6
7fe848764000-7fe848765000 rw-p 00092000 08:02 3546650                    /usr/lib/x86_64-linux-gnu/libharfbuzz.so.0.10400.6
7fe848765000-7fe84877c000 r-xp 00000000 08:02 791281                     /lib/x86_64-linux-gnu/libresolv-2.23.so
7fe84877c000-7fe84897c000 ---p 00017000 08:02 791281                     /lib/x86_64-linux-gnu/libresolv-2.23.so
7fe84897c000-7fe84897d000 r--p 00017000 08:02 791281                     /lib/x86_64-linux-gnu/libresolv-2.23.so
7fe84897d000-7fe84897e000 rw-p 00018000 08:02 791281                     /lib/x86_64-linux-gnu/libresolv-2.23.so
7fe84897e000-7fe848980000 rw-p 00000000 00:00 0 
7fe848980000-7fe84899f000 r-xp 00000000 08:02 791287                     /lib/x86_64-linux-gnu/libselinux.so.1
7fe84899f000-7fe848b9e000 ---p 0001f000 08:02 791287                     /lib/x86_64-linux-gnu/libselinux.so.1
7fe848b9e000-7fe848b9f000 r--p 0001e000 08:02 791287                     /lib/x86_64-linux-gnu/libselinux.so.1
7fe848b9f000-7fe848ba0000 rw-p 0001f000 08:02 791287                     /lib/x86_64-linux-gnu/libselinux.so.1
7fe848ba0000-7fe848ba2000 rw-p 00000000 00:00 0 
7fe848ba2000-7fe848bbb000 r-xp 00000000 08:02 791320                     /lib/x86_64-linux-gnu/libz.so.1.2.8
7fe848bbb000-7fe848dba000 ---p 00019000 08:02 791320                     /lib/x86_64-linux-gnu/libz.so.1.2.8
7fe848dba000-7fe848dbb000 r--p 00018000 08:02 791320                     /lib/x86_64-linux-gnu/libz.so.1.2.8
7fe848dbb000-7fe848dbc000 rw-p 00019000 08:02 791320                     /lib/x86_64-linux-gnu/libz.so.1.2.8
7fe848dbc000-7fe848dcd000 r-xp 00000000 08:02 3546166                    /usr/lib/x86_64-linux-gnu/libXext.so.6.4.0
7fe848dcd000-7fe848fcc000 ---p 00011000 08:02 3546166                    /usr/lib/x86_64-linux-gnu/libXext.so.6.4.0
7fe848fcc000-7fe848fcd000 r--p 00010000 08:02 3546166                    /usr/lib/x86_64-linux-gnu/libXext.so.6.4.0
7fe848fcd000-7fe848fce000 rw-p 00011000 08:02 3546166                    /usr/lib/x86_64-linux-gnu/libXext.so.6.4.0
7fe848fce000-7fe848fd0000 r-xp 00000000 08:02 3546162                    /usr/lib/x86_64-linux-gnu/libXdamage.so.1.1.0
7fe848fd0000-7fe8491cf000 ---p 00002000 08:02 3546162                    /usr/lib/x86_64-linux-gnu/libXdamage.so.1.1.0
7fe8491cf000-7fe8491d0000 r--p 00001000 08:02 3546162                    /usr/lib/x86_64-linux-gnu/libXdamage.so.1.1.0
7fe8491d0000-7fe8491d1000 rw-p 00002000 08:02 3546162                    /usr/lib/x86_64-linux-gnu/libXdamage.so.1.1.0
7fe8491d1000-7fe8491d3000 r-xp 00000000 08:02 3546158                    /usr/lib/x86_64-linux-gnu/libXcomposite.so.1.0.0
7fe8491d3000-7fe8493d2000 ---p 00002000 08:02 3546158                    /usr/lib/x86_64-linux-gnu/libXcomposite.so.1.0.0
7fe8493d2000-7fe8493d3000 r--p 00001000 08:02 3546158                    /usr/lib/x86_64-linux-gnu/libXcomposite.so.1.0.0
7fe8493d3000-7fe8493d4000 rw-p 00002000 08:02 3546158                    /usr/lib/x86_64-linux-gnu/libXcomposite.so.1.0.0
7fe8493d4000-7fe8493dd000 r-xp 00000000 08:02 3546160                    /usr/lib/x86_64-linux-gnu/libXcursor.so.1.0.2
7fe8493dd000-7fe8495dc000 ---p 00009000 08:02 3546160                    /usr/lib/x86_64-linux-gnu/libXcursor.so.1.0.2
7fe8495dc000-7fe8495dd000 r--p 00008000 08:02 3546160                    /usr/lib/x86_64-linux-gnu/libXcursor.so.1.0.2
7fe8495dd000-7fe8495de000 rw-p 00009000 08:02 3546160                    /usr/lib/x86_64-linux-gnu/libXcursor.so.1.0.2
7fe8495de000-7fe8495e8000 r-xp 00000000 08:02 3546186                    /usr/lib/x86_64-linux-gnu/libXrandr.so.2.2.0
7fe8495e8000-7fe8497e7000 ---p 0000a000 08:02 3546186                    /usr/lib/x86_64-linux-gnu/libXrandr.so.2.2.0
7fe8497e7000-7fe8497e8000 r--p 00009000 08:02 3546186                    /usr/lib/x86_64-linux-gnu/libXrandr.so.2.2.0
7fe8497e8000-7fe8497e9000 rw-p 0000a000 08:02 3546186                    /usr/lib/x86_64-linux-gnu/libXrandr.so.2.2.0
7fe8497e9000-7fe8497f8000 r-xp 00000000 08:02 3546176                    /usr/lib/x86_64-linux-gnu/libXi.so.6.1.0
7fe8497f8000-7fe8499f7000 ---p 0000f000 08:02 3546176                    /usr/lib/x86_64-linux-gnu/libXi.so.6.1.0
7fe8499f7000-7fe8499f8000 r--p 0000e000 08:02 3546176                    /usr/lib/x86_64-linux-gnu/libXi.so.6.1.0
7fe8499f8000-7fe8499f9000 rw-p 0000f000 08:02 3546176                    /usr/lib/x86_64-linux-gnu/libXi.so.6.1.0
7fe8499f9000-7fe8499fb000 r-xp 00000000 08:02 3546178                    /usr/lib/x86_64-linux-gnu/libXinerama.so.1.0.0
7fe8499fb000-7fe849bfa000 ---p 00002000 08:02 3546178                    /usr/lib/x86_64-linux-gnu/libXinerama.so.1.0.0
7fe849bfa000-7fe849bfb000 r--p 00001000 08:02 3546178                    /usr/lib/x86_64-linux-gnu/libXinerama.so.1.0.0
7fe849bfb000-7fe849bfc000 rw-p 00002000 08:02 3546178                    /usr/lib/x86_64-linux-gnu/libXinerama.so.1.0.0
7fe849bfc000-7fe849c05000 r-xp 00000000 08:02 3546188                    /usr/lib/x86_64-linux-gnu/libXrender.so.1.3.0
7fe849c05000-7fe849e04000 ---p 00009000 08:02 3546188                    /usr/lib/x86_64-linux-gnu/libXrender.so.1.3.0
7fe849e04000-7fe849e05000 r--p 00008000 08:02 3546188                    /usr/lib/x86_64-linux-gnu/libXrender.so.1.3.0
7fe849e05000-7fe849e06000 rw-p 00009000 08:02 3546188                    /usr/lib/x86_64-linux-gnu/libXrender.so.1.3.0
7fe849e06000-7fe849e0b000 r-xp 00000000 08:02 3546168                    /usr/lib/x86_64-linux-gnu/libXfixes.so.3.1.0
7fe849e0b000-7fe84a00a000 ---p 00005000 08:02 3546168                    /usr/lib/x86_64-linux-gnu/libXfixes.so.3.1.0
7fe84a00a000-7fe84a00b000 r--p 00004000 08:02 3546168                    /usr/lib/x86_64-linux-gnu/libXfixes.so.3.1.0
7fe84a00b000-7fe84a00c000 rw-p 00005000 08:02 3546168                    /usr/lib/x86_64-linux-gnu/libXfixes.so.3.1.0
7fe84a00c000-7fe84a022000 r-xp 00000000 08:02 791169                     /lib/x86_64-linux-gnu/libgcc_s.so.1
7fe84a022000-7fe84a221000 ---p 00016000 08:02 791169                     /lib/x86_64-linux-gnu/libgcc_s.so.1
7fe84a221000-7fe84a222000 rw-p 00015000 08:02 791169                     /lib/x86_64-linux-gnu/libgcc_s.so.1
7fe84a222000-7fe84a394000 r-xp 00000000 08:02 3547167                    /usr/lib/x86_64-linux-gnu/libstdc++.so.6.0.21
7fe84a394000-7fe84a594000 ---p 00172000 08:02 3547167                    /usr/lib/x86_64-linux-gnu/libstdc++.so.6.0.21
7fe84a594000-7fe84a59e000 r--p 00172000 08:02 3547167                    /usr/lib/x86_64-linux-gnu/libstdc++.so.6.0.21
7fe84a59e000-7fe84a5a0000 rw-p 0017c000 08:02 3547167                    /usr/lib/x86_64-linux-gnu/libstdc++.so.6.0.21
7fe84a5a0000-7fe84a5a4000 rw-p 00000000 00:00 0 
7fe84a5a4000-7fe84a612000 r-xp 00000000 08:02 3671987                    /usr/lib/x86_64-linux-gnu/mesa/libGL.so.1.2.0
7fe84a612000-7fe84a812000 ---p 0006e000 08:02 3671987                    /usr/lib/x86_64-linux-gnu/mesa/libGL.so.1.2.0
7fe84a812000-7fe84a815000 r--p 0006e000 08:02 3671987                    /usr/lib/x86_64-linux-gnu/mesa/libGL.so.1.2.0
7fe84a815000-7fe84a816000 rw-p 00071000 08:02 3671987                    /usr/lib/x86_64-linux-gnu/mesa/libGL.so.1.2.0
7fe84a816000-7fe84a817000 rw-p 00000000 00:00 0 
7fe84a817000-7fe84a81c000 r-xp 00000000 08:02 3546200                    /usr/lib/x86_64-linux-gnu/libXxf86vm.so.1.0.0
7fe84a81c000-7fe84aa1b000 ---p 00005000 08:02 3546200                    /usr/lib/x86_64-linux-gnu/libXxf86vm.so.1.0.0
7fe84aa1b000-7fe84aa1c000 r--p 00004000 08:02 3546200                    /usr/lib/x86_64-linux-gnu/libXxf86vm.so.1.0.0
7fe84aa1c000-7fe84aa1d000 rw-p 00005000 08:02 3546200                    /usr/lib/x86_64-linux-gnu/libXxf86vm.so.1.0.0
7fe84aa1d000-7fe84ab52000 r-xp 00000000 08:02 3546151                    /usr/lib/x86_64-linux-gnu/libX11.so.6.3.0
7fe84ab52000-7fe84ad52000 ---p 00135000 08:02 3546151                    /usr/lib/x86_64-linux-gnu/libX11.so.6.3.0
7fe84ad52000-7fe84ad53000 r--p 00135000 08:02 3546151                    /usr/lib/x86_64-linux-gnu/libX11.so.6.3.0
7fe84ad53000-7fe84ad57000 rw-p 00136000 08:02 3546151                    /usr/lib/x86_64-linux-gnu/libX11.so.6.3.0
7fe84ad57000-7fe84ad5c000 r-xp 00000000 08:02 3546194                    /usr/lib/x86_64-linux-gnu/libXtst.so.6.1.0
7fe84ad5c000-7fe84af5b000 ---p 00005000 08:02 3546194                    /usr/lib/x86_64-linux-gnu/libXtst.so.6.1.0
7fe84af5b000-7fe84af5c000 r--p 00004000 08:02 3546194                    /usr/lib/x86_64-linux-gnu/libXtst.so.6.1.0
7fe84af5c000-7fe84af5d000 rw-p 00005000 08:02 3546194                    /usr/lib/x86_64-linux-gnu/libXtst.so.6.1.0
7fe84af5d000-7fe84b06c000 r-xp 00000000 08:02 791173                     /lib/x86_64-linux-gnu/libglib-2.0.so.0.4800.2
7fe84b06c000-7fe84b26b000 ---p 0010f000 08:02 791173                     /lib/x86_64-linux-gnu/libglib-2.0.so.0.4800.2
7fe84b26b000-7fe84b26c000 r--p 0010e000 08:02 791173                     /lib/x86_64-linux-gnu/libglib-2.0.so.0.4800.2
7fe84b26c000-7fe84b26d000 rw-p 0010f000 08:02 791173                     /lib/x86_64-linux-gnu/libglib-2.0.so.0.4800.2
7fe84b26d000-7fe84b26e000 rw-p 00000000 00:00 0 
7fe84b26e000-7fe84b26f000 r-xp 00000000 08:02 3546634                    /usr/lib/x86_64-linux-gnu/libgthread-2.0.so.0.4800.2
7fe84b26f000-7fe84b46e000 ---p 00001000 08:02 3546634                    /usr/lib/x86_64-linux-gnu/libgthread-2.0.so.0.4800.2
7fe84b46e000-7fe84b46f000 r--p 00000000 08:02 3546634                    /usr/lib/x86_64-linux-gnu/libgthread-2.0.so.0.4800.2
7fe84b46f000-7fe84b470000 rw-p 00001000 08:02 3546634                    /usr/lib/x86_64-linux-gnu/libgthread-2.0.so.0.4800.2
7fe84b470000-7fe84b473000 r-xp 00000000 08:02 3546561                    /usr/lib/x86_64-linux-gnu/libgmodule-2.0.so.0.4800.2
7fe84b473000-7fe84b672000 ---p 00003000 08:02 3546561                    /usr/lib/x86_64-linux-gnu/libgmodule-2.0.so.0.4800.2
7fe84b672000-7fe84b673000 r--p 00002000 08:02 3546561                    /usr/lib/x86_64-linux-gnu/libgmodule-2.0.so.0.4800.2
7fe84b673000-7fe84b674000 rw-p 00003000 08:02 3546561                    /usr/lib/x86_64-linux-gnu/libgmodule-2.0.so.0.4800.2
7fe84b674000-7fe84b6c6000 r-xp 00000000 08:02 3546569                    /usr/lib/x86_64-linux-gnu/libgobject-2.0.so.0.4800.2
7fe84b6c6000-7fe84b8c5000 ---p 00052000 08:02 3546569                    /usr/lib/x86_64-linux-gnu/libgobject-2.0.so.0.4800.2
7fe84b8c5000-7fe84b8c6000 r--p 00051000 08:02 3546569                    /usr/lib/x86_64-linux-gnu/libgobject-2.0.so.0.4800.2
7fe84b8c6000-7fe84b8c7000 rw-p 00052000 08:02 3546569                    /usr/lib/x86_64-linux-gnu/libgobject-2.0.so.0.4800.2
7fe84b8c7000-7fe84b904000 r-xp 00000000 08:02 3546485                    /usr/lib/x86_64-linux-gnu/libfontconfig.so.1.9.0
7fe84b904000-7fe84bb03000 ---p 0003d000 08:02 3546485                    /usr/lib/x86_64-linux-gnu/libfontconfig.so.1.9.0
7fe84bb03000-7fe84bb05000 r--p 0003c000 08:02 3546485                    /usr/lib/x86_64-linux-gnu/libfontconfig.so.1.9.0
7fe84bb05000-7fe84bb0a000 rw-p 0003e000 08:02 3546485                    /usr/lib/x86_64-linux-gnu/libfontconfig.so.1.9.0
7fe84bb0a000-7fe84bbae000 r-xp 00000000 08:02 3546515                    /usr/lib/x86_64-linux-gnu/libfreetype.so.6.12.1
7fe84bbae000-7fe84bdad000 ---p 000a4000 08:02 3546515                    /usr/lib/x86_64-linux-gnu/libfreetype.so.6.12.1
7fe84bdad000-7fe84bdb3000 r--p 000a3000 08:02 3546515                    /usr/lib/x86_64-linux-gnu/libfreetype.so.6.12.1
7fe84bdb3000-7fe84bdb4000 rw-p 000a9000 08:02 3546515                    /usr/lib/x86_64-linux-gnu/libfreetype.so.6.12.1
7fe84bdb4000-7fe84bdfd000 r-xp 00000000 08:02 3546953                    /usr/lib/x86_64-linux-gnu/libpango-1.0.so.0.3800.1
7fe84bdfd000-7fe84bffd000 ---p 00049000 08:02 3546953                    /usr/lib/x86_64-linux-gnu/libpango-1.0.so.0.3800.1
7fe84bffd000-7fe84bfff000 r--p 00049000 08:02 3546953                    /usr/lib/x86_64-linux-gnu/libpango-1.0.so.0.3800.1
7fe84bfff000-7fe84c000000 rw-p 0004b000 08:02 3546953                    /usr/lib/x86_64-linux-gnu/libpango-1.0.so.0.3800.1
7fe84c000000-7fe84c021000 rw-p 00000000 00:00 0 
7fe84c021000-7fe850000000 ---p 00000000 00:00 0 
7fe850000000-7fe851e46000 rw-p 00000000 00:00 0 
7fe851e46000-7fe854000000 ---p 00000000 00:00 0 
7fe854000000-7fe8542f5000 rw-p 00000000 00:00 0 
7fe8542f5000-7fe858000000 ---p 00000000 00:00 0 
7fe858000000-7fe858021000 rw-p 00000000 00:00 0 
7fe858021000-7fe85c000000 ---p 00000000 00:00 0 
7fe85c000000-7fe85c2f5000 rw-p 00000000 00:00 0 
7fe85c2f5000-7fe860000000 ---p 00000000 00:00 0 
7fe860000000-7fe860001000 rw-s 1000f0000 00:06 334                       /dev/dri/card0
7fe860001000-7fe860007000 r--s 00000000 08:02 4198756                    /var/cache/fontconfig/2cd17615ca594fa2959ae173292e504c-le64.cache-6
7fe860007000-7fe860047000 r--s 00000000 08:02 4198754                    /var/cache/fontconfig/0bd3dc0958fa2205aaaa8ebb13e2872b-le64.cache-6
7fe860047000-7fe86004e000 r--s 00000000 08:02 4195402                    /var/cache/fontconfig/3047814df9a2f067bd2d96a2b9c36e5a-le64.cache-6
7fe86004e000-7fe860056000 r--s 00000000 08:02 4198769                    /var/cache/fontconfig/bf3b770c553c462765856025a94f1ce6-le64.cache-6
7fe860056000-7fe860069000 r--s 00000000 08:02 4198773                    /var/cache/fontconfig/d52a8644073d54c13679302ca1180695-le64.cache-6
7fe860069000-7fe860177000 r-xp 00000000 08:02 3546300                    /usr/lib/x86_64-linux-gnu/libcairo.so.2.11400.6
7fe860177000-7fe860377000 ---p 0010e000 08:02 3546300                    /usr/lib/x86_64-linux-gnu/libcairo.so.2.11400.6
7fe860377000-7fe86037a000 r--p 0010e000 08:02 3546300                    /usr/lib/x86_64-linux-gnu/libcairo.so.2.11400.6
7fe86037a000-7fe86037b000 rw-p 00111000 08:02 3546300                    /usr/lib/x86_64-linux-gnu/libcairo.so.2.11400.6
7fe86037b000-7fe86037d000 rw-p 00000000 00:00 0 
7fe86037d000-7fe860389000 r-xp 00000000 08:02 3546955                    /usr/lib/x86_64-linux-gnu/libpangocairo-1.0.so.0.3800.1
7fe860389000-7fe860588000 ---p 0000c000 08:02 3546955                    /usr/lib/x86_64-linux-gnu/libpangocairo-1.0.so.0.3800.1
7fe860588000-7fe860589000 r--p 0000b000 08:02 3546955                    /usr/lib/x86_64-linux-gnu/libpangocairo-1.0.so.0.3800.1
7fe860589000-7fe86058a000 rw-p 0000c000 08:02 3546955                    /usr/lib/x86_64-linux-gnu/libpangocairo-1.0.so.0.3800.1
7fe86058a000-7fe8605ab000 r-xp 00000000 08:02 3546541                    /usr/lib/x86_64-linux-gnu/libgdk_pixbuf-2.0.so.0.3200.2
7fe8605ab000-7fe8607aa000 ---p 00021000 08:02 3546541                    /usr/lib/x86_64-linux-gnu/libgdk_pixbuf-2.0.so.0.3200.2
7fe8607aa000-7fe8607ab000 r--p 00020000 08:02 3546541                    /usr/lib/x86_64-linux-gnu/libgdk_pixbuf-2.0.so.0.3200.2
7fe8607ab000-7fe8607ac000 rw-p 00021000 08:02 3546541                    /usr/lib/x86_64-linux-gnu/libgdk_pixbuf-2.0.so.0.3200.2
7fe8607ac000-7fe8607c0000 r-xp 00000000 08:02 3546957                    /usr/lib/x86_64-linux-gnu/libpangoft2-1.0.so.0.3800.1
7fe8607c0000-7fe8609c0000 ---p 00014000 08:02 3546957                    /usr/lib/x86_64-linux-gnu/libpangoft2-1.0.so.0.3800.1
7fe8609c0000-7fe8609c1000 r--p 00014000 08:02 3546957                    /usr/lib/x86_64-linux-gnu/libpangoft2-1.0.so.0.3800.1
7fe8609c1000-7fe8609c2000 rw-p 00015000 08:02 3546957                    /usr/lib/x86_64-linux-gnu/libpangoft2-1.0.so.0.3800.1
7fe8609c2000-7fe860b42000 r-xp 00000000 08:02 3546551                    /usr/lib/x86_64-linux-gnu/libgio-2.0.so.0.4800.2
7fe860b42000-7fe860d42000 ---p 00180000 08:02 3546551                    /usr/lib/x86_64-linux-gnu/libgio-2.0.so.0.4800.2
7fe860d42000-7fe860d46000 r--p 00180000 08:02 3546551                    /usr/lib/x86_64-linux-gnu/libgio-2.0.so.0.4800.2
7fe860d46000-7fe860d48000 rw-p 00184000 08:02 3546551                    /usr/lib/x86_64-linux-gnu/libgio-2.0.so.0.4800.2
7fe860d48000-7fe860d4a000 rw-p 00000000 00:00 0 
7fe860d4a000-7fe860dfa000 r-xp 00000000 08:02 3546539                    /usr/lib/x86_64-linux-gnu/libgdk-x11-2.0.so.0.2400.30
7fe860dfa000-7fe860ff9000 ---p 000b0000 08:02 3546539                    /usr/lib/x86_64-linux-gnu/libgdk-x11-2.0.so.0.2400.30
7fe860ff9000-7fe860ffd000 r--p 000af000 08:02 3546539                    /usr/lib/x86_64-linux-gnu/libgdk-x11-2.0.so.0.2400.30
7fe860ffd000-7fe860fff000 rw-p 000b3000 08:02 3546539                    /usr/lib/x86_64-linux-gnu/libgdk-x11-2.0.so.0.2400.30
7fe860fff000-7fe864000000 rw-p 00000000 00:00 0 
7fe864000000-7fe864021000 rw-p 00000000 00:00 0 
7fe864021000-7fe868000000 ---p 00000000 00:00 0 
7fe868000000-7fe868021000 rw-p 00000000 00:00 0 
7fe868021000-7fe86c000000 ---p 00000000 00:00 0 
7fe86c000000-7fe86c021000 rw-p 00000000 00:00 0 
7fe86c021000-7fe870000000 ---p 00000000 00:00 0 
7fe870000000-7fe870021000 rw-p 00000000 00:00 0 
7fe870021000-7fe874000000 ---p 00000000 00:00 0 
7fe874000000-7fe874021000 rw-p 00000000 00:00 0 
7fe874021000-7fe878000000 ---p 00000000 00:00 0 
7fe878000000-7fe878021000 rw-p 00000000 00:00 0 
7fe878021000-7fe87c000000 ---p 00000000 00:00 0 
7fe87c000000-7fe87c021000 rw-p 00000000 00:00 0 
7fe87c021000-7fe880000000 ---p 00000000 00:00 0 
7fe880000000-7fe88000b000 r--s 00000000 08:02 4200318                    /var/cache/fontconfig/d589a48862398ed80a3d6066f4f56f4c-le64.cache-6
7fe88000b000-7fe880016000 r--s 00000000 08:02 4195407                    /var/cache/fontconfig/83bf95040141907cd45bb53cf7c1c148-le64.cache-6
7fe880016000-7fe880028000 r--s 00000000 08:02 4198766                    /var/cache/fontconfig/9b89f8e3dae116d678bbf48e5f21f69b-le64.cache-6
7fe880028000-7fe880052000 r--p 00000000 08:02 3815303                    /usr/share/locale-langpack/es/LC_MESSAGES/gtk20-properties.mo
7fe880052000-7fe880077000 r--p 00000000 08:02 3813115                    /usr/share/locale-langpack/es/LC_MESSAGES/libc.mo
7fe880077000-7fe880099000 r-xp 00000000 08:02 3546244                    /usr/lib/x86_64-linux-gnu/libatk-1.0.so.0.21809.1
7fe880099000-7fe880298000 ---p 00022000 08:02 3546244                    /usr/lib/x86_64-linux-gnu/libatk-1.0.so.0.21809.1
7fe880298000-7fe88029b000 r--p 00021000 08:02 3546244                    /usr/lib/x86_64-linux-gnu/libatk-1.0.so.0.21809.1
7fe88029b000-7fe88029c000 rw-p 00024000 08:02 3546244                    /usr/lib/x86_64-linux-gnu/libatk-1.0.so.0.21809.1
7fe88029c000-7fe8806da000 r-xp 00000000 08:02 3546638                    /usr/lib/x86_64-linux-gnu/libgtk-x11-2.0.so.0.2400.30
7fe8806da000-7fe8808d9000 ---p 0043e000 08:02 3546638                    /usr/lib/x86_64-linux-gnu/libgtk-x11-2.0.so.0.2400.30
7fe8808d9000-7fe8808e0000 r--p 0043d000 08:02 3546638                    /usr/lib/x86_64-linux-gnu/libgtk-x11-2.0.so.0.2400.30
7fe8808e0000-7fe8808e4000 rw-p 00444000 08:02 3546638                    /usr/lib/x86_64-linux-gnu/libgtk-x11-2.0.so.0.2400.30
7fe8808e4000-7fe8808e7000 rw-p 00000000 00:00 0 
7fe8808e7000-7fe8808e8000 r--s 00000000 08:02 4200321                    /var/cache/fontconfig/4794a0821666d79190d59a36cb4f44b5-le64.cache-6
7fe8808e8000-7fe8808ea000 r--s 00000000 08:02 4198768                    /var/cache/fontconfig/a0107c79d978dfcc5e42cb1335b71036-le64.cache-6
7fe8808ea000-7fe8808ed000 r--s 00000000 08:02 4200320                    /var/cache/fontconfig/e49e89034d371f0f9de17aab02136486-le64.cache-6
7fe8808ed000-7fe8808f0000 r--s 00000000 08:02 4200317                    /var/cache/fontconfig/75114ca45c98e8a441da0ff356701271-le64.cache-6
7fe8808f0000-7fe8808f3000 r--s 00000000 08:02 4195400                    /var/cache/fontconfig/e13b20fdb08344e0e664864cc2ede53d-le64.cache-6
7fe8808f3000-7fe8808f9000 r--s 00000000 08:02 4202079                    /var/cache/fontconfig/3830d5c3ddfd5cd38a049b759396e72e-le64.cache-6
7fe8808f9000-7fe880908000 r--p 00000000 08:02 3815986                    /usr/share/locale-langpack/es/LC_MESSAGES/gtk20.mo
7fe880908000-7fe880914000 r-xp 00000000 08:02 2885488                    /opt/jdk/jdk1.8.0_161/jre/lib/amd64/libprism_es2.so
7fe880914000-7fe880b13000 ---p 0000c000 08:02 2885488                    /opt/jdk/jdk1.8.0_161/jre/lib/amd64/libprism_es2.so
7fe880b13000-7fe880b14000 rw-p 0000b000 08:02 2885488                    /opt/jdk/jdk1.8.0_161/jre/lib/amd64/libprism_es2.so
7fe880b14000-7fe880b17000 ---p 00000000 00:00 0 
7fe880b17000-7fe880c15000 rw-p 00000000 00:00 0 
7fe880c15000-7fe880c16000 ---p 00000000 00:00 0 
7fe880c16000-7fe880d16000 rw-p 00000000 00:00 0 
7fe880d16000-7fe880d19000 ---p 00000000 00:00 0 
7fe880d19000-7fe880e17000 rw-p 00000000 00:00 0 
7fe880e17000-7fe880e1a000 ---p 00000000 00:00 0 
7fe880e1a000-7fe880f18000 rw-p 00000000 00:00 0 
7fe880f18000-7fe880f2e000 r-xp 00000000 08:02 2885484                    /opt/jdk/jdk1.8.0_161/jre/lib/amd64/libnet.so
7fe880f2e000-7fe88112e000 ---p 00016000 08:02 2885484                    /opt/jdk/jdk1.8.0_161/jre/lib/amd64/libnet.so
7fe88112e000-7fe88112f000 rw-p 00016000 08:02 2885484                    /opt/jdk/jdk1.8.0_161/jre/lib/amd64/libnet.so
7fe88112f000-7fe881132000 ---p 00000000 00:00 0 
7fe881132000-7fe881230000 rw-p 00000000 00:00 0 
7fe881230000-7fe881233000 ---p 00000000 00:00 0 
7fe881233000-7fe881331000 rw-p 00000000 00:00 0 
7fe881331000-7fe881343000 r--s 00117000 08:02 1315416                    /home/blacksabbathx/IdeaProjects/ProyectoCine/src/sources/controlsfx-8.40.14.jar
7fe881343000-7fe881358000 r--s 00237000 08:02 1313300                    /home/blacksabbathx/IdeaProjects/ProyectoCine/src/sources/jfoenix-8.0.1.jar
7fe881358000-7fe8813ee000 r--s 0110a000 08:02 2885332                    /opt/jdk/jdk1.8.0_161/jre/lib/ext/jfxrt.jar
7fe8813ee000-7fe8813f1000 ---p 00000000 00:00 0 
7fe8813f1000-7fe8814ef000 rw-p 00000000 00:00 0 
7fe8814ef000-7fe881a3b000 r--p 00000000 08:02 3549632                    /usr/lib/locale/locale-archive
7fe881a3b000-7fe881a3e000 ---p 00000000 00:00 0 
7fe881a3e000-7fe881b3c000 rw-p 00000000 00:00 0 
7fe881b3c000-7fe881b3f000 ---p 00000000 00:00 0 
7fe881b3f000-7fe881c3d000 rw-p 00000000 00:00 0 
7fe881c3d000-7fe881c3e000 ---p 00000000 00:00 0 
7fe881c3e000-7fe882647000 rw-p 00000000 00:00 0 
7fe882647000-7fe882820000 r--s 03d64000 08:02 2885270                    /opt/jdk/jdk1.8.0_161/jre/lib/rt.jar
7fe882820000-7fe885000000 rw-p 00000000 00:00 0 
7fe885000000-7fe8856d0000 rwxp 00000000 00:00 0 
7fe8856d0000-7fe894000000 ---p 00000000 00:00 0 
7fe894000000-7fe8944f1000 rw-p 00000000 00:00 0 
7fe8944f1000-7fe898000000 ---p 00000000 00:00 0 
7fe898000000-7fe898002000 r--s 00000000 08:02 4200319                    /var/cache/fontconfig/4b14b093aebc79c320de5e86ae1d3314-le64.cache-6
7fe898004000-7fe898005000 rw-s 00000000 00:05 336747                     /drm mm object (deleted)
7fe898005000-7fe89800c000 r--s 00000000 08:02 3671625                    /usr/lib/x86_64-linux-gnu/gconv/gconv-modules.cache
7fe89800c000-7fe89800e000 r--s 0001a000 08:02 5115840                    /home/blacksabbathx/.local/share/JetBrains/Toolbox/apps/IDEA-U/ch-0/181.4445.78/lib/idea_rt.jar
7fe89800e000-7fe898021000 r--s 00345000 08:02 2885308                    /opt/jdk/jdk1.8.0_161/jre/lib/resources.jar
7fe898021000-7fe898034000 r--s 000d6000 08:02 2885212                    /opt/jdk/jdk1.8.0_161/jre/lib/plugin.jar
7fe898034000-7fe898039000 r--s 0009d000 08:02 2885327                    /opt/jdk/jdk1.8.0_161/jre/lib/jsse.jar
7fe898039000-7fe89803e000 r--s 00084000 08:02 2885187                    /opt/jdk/jdk1.8.0_161/jre/lib/jfr.jar
7fe89803e000-7fe898047000 r--s 0006d000 08:02 2885197                    /opt/jdk/jdk1.8.0_161/jre/lib/javaws.jar
7fe898047000-7fe898063000 r--s 0020b000 08:02 2885188                    /opt/jdk/jdk1.8.0_161/jre/lib/deploy.jar
7fe898063000-7fe8980b2000 rw-p 00000000 00:00 0 
7fe8980b2000-7fe8980b3000 ---p 00000000 00:00 0 
7fe8980b3000-7fe8981b3000 rw-p 00000000 00:00 0 
7fe8981b3000-7fe8981b4000 ---p 00000000 00:00 0 
7fe8981b4000-7fe8982e4000 rw-p 00000000 00:00 0 
7fe8982e4000-7fe8983f4000 ---p 00000000 00:00 0 
7fe8983f4000-7fe898424000 rw-p 00000000 00:00 0 
7fe898424000-7fe898534000 ---p 00000000 00:00 0 
7fe898534000-7fe898546000 rw-p 00000000 00:00 0 
7fe898546000-7fe8985d4000 ---p 00000000 00:00 0 
7fe8985d4000-7fe8985f1000 rw-p 00000000 00:00 0 
7fe8985f1000-7fe898995000 ---p 00000000 00:00 0 
7fe898995000-7fe8989b0000 r-xp 00000000 08:02 2885480                    /opt/jdk/jdk1.8.0_161/jre/lib/amd64/libzip.so
7fe8989b0000-7fe898bb0000 ---p 0001b000 08:02 2885480                    /opt/jdk/jdk1.8.0_161/jre/lib/amd64/libzip.so
7fe898bb0000-7fe898bb1000 rw-p 0001b000 08:02 2885480                    /opt/jdk/jdk1.8.0_161/jre/lib/amd64/libzip.so
7fe898bb1000-7fe898bbc000 r-xp 00000000 08:02 791228                     /lib/x86_64-linux-gnu/libnss_files-2.23.so
7fe898bbc000-7fe898dbb000 ---p 0000b000 08:02 791228                     /lib/x86_64-linux-gnu/libnss_files-2.23.so
7fe898dbb000-7fe898dbc000 r--p 0000a000 08:02 791228                     /lib/x86_64-linux-gnu/libnss_files-2.23.so
7fe898dbc000-7fe898dbd000 rw-p 0000b000 08:02 791228                     /lib/x86_64-linux-gnu/libnss_files-2.23.so
7fe898dbd000-7fe898dc3000 rw-p 00000000 00:00 0 
7fe898dc3000-7fe898dce000 r-xp 00000000 08:02 791238                     /lib/x86_64-linux-gnu/libnss_nis-2.23.so
7fe898dce000-7fe898fcd000 ---p 0000b000 08:02 791238                     /lib/x86_64-linux-gnu/libnss_nis-2.23.so
7fe898fcd000-7fe898fce000 r--p 0000a000 08:02 791238                     /lib/x86_64-linux-gnu/libnss_nis-2.23.so
7fe898fce000-7fe898fcf000 rw-p 0000b000 08:02 791238                     /lib/x86_64-linux-gnu/libnss_nis-2.23.so
7fe898fcf000-7fe898fe5000 r-xp 00000000 08:02 791222                     /lib/x86_64-linux-gnu/libnsl-2.23.so
7fe898fe5000-7fe8991e4000 ---p 00016000 08:02 791222                     /lib/x86_64-linux-gnu/libnsl-2.23.so
7fe8991e4000-7fe8991e5000 r--p 00015000 08:02 791222                     /lib/x86_64-linux-gnu/libnsl-2.23.so
7fe8991e5000-7fe8991e6000 rw-p 00016000 08:02 791222                     /lib/x86_64-linux-gnu/libnsl-2.23.so
7fe8991e6000-7fe8991e8000 rw-p 00000000 00:00 0 
7fe8991e8000-7fe8991f0000 r-xp 00000000 08:02 791224                     /lib/x86_64-linux-gnu/libnss_compat-2.23.so
7fe8991f0000-7fe8993ef000 ---p 00008000 08:02 791224                     /lib/x86_64-linux-gnu/libnss_compat-2.23.so
7fe8993ef000-7fe8993f0000 r--p 00007000 08:02 791224                     /lib/x86_64-linux-gnu/libnss_compat-2.23.so
7fe8993f0000-7fe8993f1000 rw-p 00008000 08:02 791224                     /lib/x86_64-linux-gnu/libnss_compat-2.23.so
7fe8993f1000-7fe8993fb000 r-xp 00000000 08:02 2885489                    /opt/jdk/jdk1.8.0_161/jre/lib/amd64/libinstrument.so
7fe8993fb000-7fe8995fa000 ---p 0000a000 08:02 2885489                    /opt/jdk/jdk1.8.0_161/jre/lib/amd64/libinstrument.so
7fe8995fa000-7fe8995fb000 rw-p 00009000 08:02 2885489                    /opt/jdk/jdk1.8.0_161/jre/lib/amd64/libinstrument.so
7fe8995fb000-7fe899626000 r-xp 00000000 08:02 2885474                    /opt/jdk/jdk1.8.0_161/jre/lib/amd64/libjava.so
7fe899626000-7fe899825000 ---p 0002b000 08:02 2885474                    /opt/jdk/jdk1.8.0_161/jre/lib/amd64/libjava.so
7fe899825000-7fe899827000 rw-p 0002a000 08:02 2885474                    /opt/jdk/jdk1.8.0_161/jre/lib/amd64/libjava.so
7fe899827000-7fe899834000 r-xp 00000000 08:02 2885479                    /opt/jdk/jdk1.8.0_161/jre/lib/amd64/libverify.so
7fe899834000-7fe899a34000 ---p 0000d000 08:02 2885479                    /opt/jdk/jdk1.8.0_161/jre/lib/amd64/libverify.so
7fe899a34000-7fe899a36000 rw-p 0000d000 08:02 2885479                    /opt/jdk/jdk1.8.0_161/jre/lib/amd64/libverify.so
7fe899a36000-7fe899a3d000 r-xp 00000000 08:02 791283                     /lib/x86_64-linux-gnu/librt-2.23.so
7fe899a3d000-7fe899c3c000 ---p 00007000 08:02 791283                     /lib/x86_64-linux-gnu/librt-2.23.so
7fe899c3c000-7fe899c3d000 r--p 00006000 08:02 791283                     /lib/x86_64-linux-gnu/librt-2.23.so
7fe899c3d000-7fe899c3e000 rw-p 00007000 08:02 791283                     /lib/x86_64-linux-gnu/librt-2.23.so
7fe899c3e000-7fe899d46000 r-xp 00000000 08:02 791201                     /lib/x86_64-linux-gnu/libm-2.23.so
7fe899d46000-7fe899f45000 ---p 00108000 08:02 791201                     /lib/x86_64-linux-gnu/libm-2.23.so
7fe899f45000-7fe899f46000 r--p 00107000 08:02 791201                     /lib/x86_64-linux-gnu/libm-2.23.so
7fe899f46000-7fe899f47000 rw-p 00108000 08:02 791201                     /lib/x86_64-linux-gnu/libm-2.23.so
7fe899f47000-7fe89ac20000 r-xp 00000000 08:02 2885457                    /opt/jdk/jdk1.8.0_161/jre/lib/amd64/server/libjvm.so
7fe89ac20000-7fe89ae1f000 ---p 00cd9000 08:02 2885457                    /opt/jdk/jdk1.8.0_161/jre/lib/amd64/server/libjvm.so
7fe89ae1f000-7fe89aef8000 rw-p 00cd8000 08:02 2885457                    /opt/jdk/jdk1.8.0_161/jre/lib/amd64/server/libjvm.so
7fe89aef8000-7fe89af44000 rw-p 00000000 00:00 0 
7fe89af44000-7fe89b104000 r-xp 00000000 08:02 791133                     /lib/x86_64-linux-gnu/libc-2.23.so
7fe89b104000-7fe89b304000 ---p 001c0000 08:02 791133                     /lib/x86_64-linux-gnu/libc-2.23.so
7fe89b304000-7fe89b308000 r--p 001c0000 08:02 791133                     /lib/x86_64-linux-gnu/libc-2.23.so
7fe89b308000-7fe89b30a000 rw-p 001c4000 08:02 791133                     /lib/x86_64-linux-gnu/libc-2.23.so
7fe89b30a000-7fe89b30e000 rw-p 00000000 00:00 0 
7fe89b30e000-7fe89b311000 r-xp 00000000 08:02 791155                     /lib/x86_64-linux-gnu/libdl-2.23.so
7fe89b311000-7fe89b510000 ---p 00003000 08:02 791155                     /lib/x86_64-linux-gnu/libdl-2.23.so
7fe89b510000-7fe89b511000 r--p 00002000 08:02 791155                     /lib/x86_64-linux-gnu/libdl-2.23.so
7fe89b511000-7fe89b512000 rw-p 00003000 08:02 791155                     /lib/x86_64-linux-gnu/libdl-2.23.so
7fe89b512000-7fe89b528000 r-xp 00000000 08:02 2885095                    /opt/jdk/jdk1.8.0_161/lib/amd64/jli/libjli.so
7fe89b528000-7fe89b727000 ---p 00016000 08:02 2885095                    /opt/jdk/jdk1.8.0_161/lib/amd64/jli/libjli.so
7fe89b727000-7fe89b728000 rw-p 00015000 08:02 2885095                    /opt/jdk/jdk1.8.0_161/lib/amd64/jli/libjli.so
7fe89b728000-7fe89b740000 r-xp 00000000 08:02 791275                     /lib/x86_64-linux-gnu/libpthread-2.23.so
7fe89b740000-7fe89b93f000 ---p 00018000 08:02 791275                     /lib/x86_64-linux-gnu/libpthread-2.23.so
7fe89b93f000-7fe89b940000 r--p 00017000 08:02 791275                     /lib/x86_64-linux-gnu/libpthread-2.23.so
7fe89b940000-7fe89b941000 rw-p 00018000 08:02 791275                     /lib/x86_64-linux-gnu/libpthread-2.23.so
7fe89b941000-7fe89b945000 rw-p 00000000 00:00 0 
7fe89b945000-7fe89b96b000 r-xp 00000000 08:02 791107                     /lib/x86_64-linux-gnu/ld-2.23.so
7fe89b96b000-7fe89b96d000 r--s 00007000 08:02 2885502                    /opt/jdk/jdk1.8.0_161/jre/lib/jfxswt.jar
7fe89b96d000-7fe89b972000 r--s 002f9000 08:02 2885268                    /opt/jdk/jdk1.8.0_161/jre/lib/charsets.jar
7fe89b972000-7fe89ba43000 rw-p 00000000 00:00 0 
7fe89ba43000-7fe89ba46000 ---p 00000000 00:00 0 
7fe89ba46000-7fe89bb49000 rw-p 00000000 00:00 0 
7fe89bb49000-7fe89bb4a000 r--s 00000000 08:02 2885194                    /opt/jdk/jdk1.8.0_161/jre/lib/management-agent.jar
7fe89bb4a000-7fe89bb4d000 r--s 0001a000 08:02 2885500                    /opt/jdk/jdk1.8.0_161/jre/lib/jce.jar
7fe89bb4d000-7fe89bb60000 rw-p 00000000 00:00 0 
7fe89bb60000-7fe89bb68000 rw-s 00000000 08:02 3015331                    /tmp/hsperfdata_blacksabbathx/23546
7fe89bb68000-7fe89bb69000 rw-p 00000000 00:00 0 
7fe89bb69000-7fe89bb6a000 r--p 00000000 00:00 0 
7fe89bb6a000-7fe89bb6b000 r--p 00025000 08:02 791107                     /lib/x86_64-linux-gnu/ld-2.23.so
7fe89bb6b000-7fe89bb6c000 rw-p 00026000 08:02 791107                     /lib/x86_64-linux-gnu/ld-2.23.so
7fe89bb6c000-7fe89bb6d000 rw-p 00000000 00:00 0 
7fffe89a7000-7fffe89c8000 rw-p 00000000 00:00 0                          [stack]
7fffe89fa000-7fffe89fd000 r--p 00000000 00:00 0                          [vvar]
7fffe89fd000-7fffe89ff000 r-xp 00000000 00:00 0                          [vdso]
ffffffffff600000-ffffffffff601000 r-xp 00000000 00:00 0                  [vsyscall]

VM Arguments:
jvm_args: -javaagent:/home/blacksabbathx/.local/share/JetBrains/Toolbox/apps/IDEA-U/ch-0/181.4445.78/lib/idea_rt.jar=43281:/home/blacksabbathx/.local/share/JetBrains/Toolbox/apps/IDEA-U/ch-0/181.4445.78/bin -Dfile.encoding=UTF-8 
java_command: MainClass
java_class_path (initial): /opt/jdk/jdk1.8.0_161/jre/lib/charsets.jar:/opt/jdk/jdk1.8.0_161/jre/lib/deploy.jar:/opt/jdk/jdk1.8.0_161/jre/lib/ext/cldrdata.jar:/opt/jdk/jdk1.8.0_161/jre/lib/ext/dnsns.jar:/opt/jdk/jdk1.8.0_161/jre/lib/ext/jaccess.jar:/opt/jdk/jdk1.8.0_161/jre/lib/ext/jfxrt.jar:/opt/jdk/jdk1.8.0_161/jre/lib/ext/localedata.jar:/opt/jdk/jdk1.8.0_161/jre/lib/ext/nashorn.jar:/opt/jdk/jdk1.8.0_161/jre/lib/ext/sunec.jar:/opt/jdk/jdk1.8.0_161/jre/lib/ext/sunjce_provider.jar:/opt/jdk/jdk1.8.0_161/jre/lib/ext/sunpkcs11.jar:/opt/jdk/jdk1.8.0_161/jre/lib/ext/zipfs.jar:/opt/jdk/jdk1.8.0_161/jre/lib/javaws.jar:/opt/jdk/jdk1.8.0_161/jre/lib/jce.jar:/opt/jdk/jdk1.8.0_161/jre/lib/jfr.jar:/opt/jdk/jdk1.8.0_161/jre/lib/jfxswt.jar:/opt/jdk/jdk1.8.0_161/jre/lib/jsse.jar:/opt/jdk/jdk1.8.0_161/jre/lib/management-agent.jar:/opt/jdk/jdk1.8.0_161/jre/lib/plugin.jar:/opt/jdk/jdk1.8.0_161/jre/lib/resources.jar:/opt/jdk/jdk1.8.0_161/jre/lib/rt.jar:/home/blacksabbathx/IdeaProjects/ProyectoCine/out/production/ProyectoCine:/home/blacksabbathx/IdeaProjects/ProyectoCine/src/sources/jfoenix-8.0.1.jar:/home/blacksabbathx/IdeaProjects/ProyectoCine/src/sources/controlsfx-8.40.14.jar:/home/blacksabbathx/.local/share/JetBrains/Toolbox/apps/IDEA-U/ch-0/181.4445.78/lib/idea_rt.jar
Launcher Type: SUN_STANDARD

Environment Variables:
PATH=/home/blacksabbathx/bin:/home/blacksabbathx/.local/bin:/usr/local/sbin:/usr/local/bin:/usr/sbin:/usr/bin:/sbin:/bin:/usr/games:/usr/local/games:/snap/bin
SHELL=/bin/bash
DISPLAY=:0

Signal Handlers:
SIGSEGV: [libjvm.so+0xad01e0], sa_mask[0]=11111111011111111101111111111110, sa_flags=SA_RESTART|SA_SIGINFO
SIGBUS: [libjvm.so+0xad01e0], sa_mask[0]=11111111011111111101111111111110, sa_flags=SA_RESTART|SA_SIGINFO
SIGFPE: [libjvm.so+0x927fb0], sa_mask[0]=11111111011111111101111111111110, sa_flags=SA_RESTART|SA_SIGINFO
SIGPIPE: SIG_IGN, sa_mask[0]=00000000000010000000000000000000, sa_flags=SA_RESTART
SIGXFSZ: [libjvm.so+0x927fb0], sa_mask[0]=11111111011111111101111111111110, sa_flags=SA_RESTART|SA_SIGINFO
SIGILL: [libjvm.so+0x927fb0], sa_mask[0]=11111111011111111101111111111110, sa_flags=SA_RESTART|SA_SIGINFO
SIGUSR1: SIG_DFL, sa_mask[0]=00000000000000000000000000000000, sa_flags=none
SIGUSR2: [libjvm.so+0x9297f0], sa_mask[0]=00100000000000000000000000000000, sa_flags=SA_RESTART|SA_SIGINFO
SIGHUP: [libjvm.so+0x92abf0], sa_mask[0]=11111111011111111101111111111110, sa_flags=SA_RESTART|SA_SIGINFO
SIGINT: [libjvm.so+0x92abf0], sa_mask[0]=11111111011111111101111111111110, sa_flags=SA_RESTART|SA_SIGINFO
SIGTERM: [libjvm.so+0x92abf0], sa_mask[0]=11111111011111111101111111111110, sa_flags=SA_RESTART|SA_SIGINFO
SIGQUIT: [libjvm.so+0x92abf0], sa_mask[0]=11111111011111111101111111111110, sa_flags=SA_RESTART|SA_SIGINFO


---------------  S Y S T E M  ---------------

OS:DISTRIB_ID=neon
DISTRIB_RELEASE=16.04
DISTRIB_CODENAME=xenial
DISTRIB_DESCRIPTION="KDE neon User Edition 5.12"

uname:Linux 4.13.0-38-generic #43~16.04.1-Ubuntu SMP Wed Mar 14 17:48:43 UTC 2018 x86_64
libc:glibc 2.23 NPTL 2.23 
rlimit: STACK 8192k, CORE 0k, NPROC 15129, NOFILE 1048576, AS infinity
load average:4,04 2,24 1,86

/proc/meminfo:
MemTotal:        3927388 kB
MemFree:          135876 kB
MemAvailable:     482980 kB
Buffers:           23696 kB
Cached:           810192 kB
SwapCached:        22140 kB
Active:          2728080 kB
Inactive:         887944 kB
Active(anon):    2464832 kB
Inactive(anon):   618984 kB
Active(file):     263248 kB
Inactive(file):   268960 kB
Unevictable:          32 kB
Mlocked:              32 kB
SwapTotal:       3907580 kB
SwapFree:        3630680 kB
Dirty:             11456 kB
Writeback:             0 kB
AnonPages:       2777640 kB
Mapped:           298040 kB
Shmem:            361020 kB
Slab:              85464 kB
SReclaimable:      47452 kB
SUnreclaim:        38012 kB
KernelStack:        7904 kB
PageTables:        40552 kB
NFS_Unstable:          0 kB
Bounce:                0 kB
WritebackTmp:          0 kB
CommitLimit:     5871272 kB
Committed_AS:    5593084 kB
VmallocTotal:   34359738367 kB
VmallocUsed:           0 kB
VmallocChunk:          0 kB
HardwareCorrupted:     0 kB
AnonHugePages:         0 kB
ShmemHugePages:        0 kB
ShmemPmdMapped:        0 kB
CmaTotal:              0 kB
CmaFree:               0 kB
HugePages_Total:       0
HugePages_Free:        0
HugePages_Rsvd:        0
HugePages_Surp:        0
Hugepagesize:       2048 kB
DirectMap4k:      251904 kB
DirectMap2M:     3829760 kB


CPU:total 2 (initial active 2) (2 cores per cpu, 1 threads per core) family 6 model 76 stepping 4, cmov, cx8, fxsr, mmx, sse, sse2, sse3, ssse3, sse4.1, sse4.2, popcnt, aes, clmul, erms, 3dnowpref, tsc, tscinvbit

/proc/cpuinfo:
processor	: 0
vendor_id	: GenuineIntel
cpu family	: 6
model		: 76
model name	: Intel(R) Celeron(R) CPU  N3060  @ 1.60GHz
stepping	: 4
microcode	: 0x404
cpu MHz		: 2171.019
cache size	: 1024 KB
physical id	: 0
siblings	: 2
core id		: 0
cpu cores	: 2
apicid		: 0
initial apicid	: 0
fpu		: yes
fpu_exception	: yes
cpuid level	: 11
wp		: yes
flags		: fpu vme de pse tsc msr pae mce cx8 apic sep mtrr pge mca cmov pat pse36 clflush dts acpi mmx fxsr sse sse2 ss ht tm pbe syscall nx rdtscp lm constant_tsc arch_perfmon pebs bts rep_good nopl xtopology tsc_reliable nonstop_tsc cpuid aperfmperf tsc_known_freq pni pclmulqdq dtes64 monitor ds_cpl vmx est tm2 ssse3 cx16 xtpr pdcm sse4_1 sse4_2 movbe popcnt tsc_deadline_timer aes rdrand lahf_lm 3dnowprefetch epb pti retpoline tpr_shadow vnmi flexpriority ept vpid tsc_adjust smep erms dtherm ida arat
bugs		: cpu_meltdown spectre_v1 spectre_v2
bogomips	: 3200.00
clflush size	: 64
cache_alignment	: 64
address sizes	: 36 bits physical, 48 bits virtual
power management:

processor	: 1
vendor_id	: GenuineIntel
cpu family	: 6
model		: 76
model name	: Intel(R) Celeron(R) CPU  N3060  @ 1.60GHz
stepping	: 4
microcode	: 0x404
cpu MHz		: 2081.214
cache size	: 1024 KB
physical id	: 0
siblings	: 2
core id		: 2
cpu cores	: 2
apicid		: 4
initial apicid	: 4
fpu		: yes
fpu_exception	: yes
cpuid level	: 11
wp		: yes
flags		: fpu vme de pse tsc msr pae mce cx8 apic sep mtrr pge mca cmov pat pse36 clflush dts acpi mmx fxsr sse sse2 ss ht tm pbe syscall nx rdtscp lm constant_tsc arch_perfmon pebs bts rep_good nopl xtopology tsc_reliable nonstop_tsc cpuid aperfmperf tsc_known_freq pni pclmulqdq dtes64 monitor ds_cpl vmx est tm2 ssse3 cx16 xtpr pdcm sse4_1 sse4_2 movbe popcnt tsc_deadline_timer aes rdrand lahf_lm 3dnowprefetch epb pti retpoline tpr_shadow vnmi flexpriority ept vpid tsc_adjust smep erms dtherm ida arat
bugs		: cpu_meltdown spectre_v1 spectre_v2
bogomips	: 3200.00
clflush size	: 64
cache_alignment	: 64
address sizes	: 36 bits physical, 48 bits virtual
power management:



Memory: 4k page, physical 3927388k(135752k free), swap 3907580k(3630680k free)

vm_info: Java HotSpot(TM) 64-Bit Server VM (25.161-b12) for linux-amd64 JRE (1.8.0_161-b12), built on Dec 19 2017 16:12:43 by "java_re" with gcc 4.3.0 20080428 (Red Hat 4.3.0-8)

time: Wed Apr 18 09:37:49 2018
elapsed time: 17 seconds (0d 0h 0m 17s)

