#
# A fatal error has been detected by the Java Runtime Environment:
#
#  SIGSEGV (0xb) at pc=0x00007f9aae576788, pid=14141, tid=0x00007f9a57df4700
#
# JRE version: Java(TM) SE Runtime Environment (8.0_161-b12) (build 1.8.0_161-b12)
# Java VM: Java HotSpot(TM) 64-Bit Server VM (25.161-b12 mixed mode linux-amd64 compressed oops)
# Problematic frame:
# V  [libjvm.so+0x6d7788]  jni_invoke_nonstatic(JNIEnv_*, JavaValue*, _jobject*, JNICallType, _jmethodID*, JNI_ArgumentPusher*, Thread*)+0x38
#
# Failed to write core dump. Core dumps have been disabled. To enable core dumping, try "ulimit -c unlimited" before starting Java again
#
# If you would like to submit a bug report, please visit:
#   http://bugreport.java.com/bugreport/crash.jsp
#

---------------  T H R E A D  ---------------

Current thread (0x00007f9aa8308800):  JavaThread "JavaFX Application Thread" [_thread_in_vm, id=14168, stack(0x00007f9a57cf4000,0x00007f9a57df5000)]

siginfo: si_signo: 11 (SIGSEGV), si_code: 1 (SEGV_MAPERR), si_addr: 0xffffffffffffffff

Registers:
RAX=0x00007f9a57df34c0, RBX=0x00007f9a57df33d0, RCX=0x0000000000000001, RDX=0xffffffffffffffff
RSP=0x00007f9a57df3220, RBP=0x00007f9a57df33a0, RSI=0x00007f9a57df3430, RDI=0x00007f9aa83089f8
R8 =0x00007f9aa82c3878, R9 =0x00007f9a57df33d0, R10=0x00007f9a48000be8, R11=0x00007f9a994b0e20
R12=0x00007f9aa8308800, R13=0x00007f9aa82c3878, R14=0x0000000000000001, R15=0x00007f9aa83089f8
RIP=0x00007f9aae576788, EFLAGS=0x0000000000010286, CSGSFS=0x002b000000000033, ERR=0x0000000000000005
  TRAPNO=0x000000000000000e

Top of Stack: (sp=0x00007f9a57df3220)
0x00007f9a57df3220:   00007f9a57df3920 00007f9a57df3540
0x00007f9a57df3230:   00007f9a57df3280 00007f9a57df3300
0x00007f9a57df3240:   00007f9a57df33d0 00007f9a57df3430
0x00007f9a57df3250:   00007f9aa83089f8 00007f9aae596290
0x00007f9a57df3260:   00007f9a70021e30 00007f9a70021e40
0x00007f9a57df3270:   00007f9a70022218 00000000000003d8
0x00007f9a57df3280:   00007f9aa8308568 00000000ed09ddf8
0x00007f9a57df3290:   00007f9a0000006f 00007f9a0000000a
0x00007f9a57df32a0:   00000000ec5a4980 00007f9a00000000
0x00007f9a57df32b0:   0004000500000015 00007f9a5b9e0665
0x00007f9a57df32c0:   00007f9a96d09d78 0000000100000100
0x00007f9a57df32d0:   00007f9a96d91748 00007f9a57df3288
0x00007f9a57df32e0:   00007f9a57df32c9 0000000800000005
0x00007f9a57df32f0:   00007f9a96db0c00 00007f9aa8308570
0x00007f9a57df3300:   00007f9aaee09e70 00007f9aaf946720
0x00007f9a57df3310:   00000000a8308400 00007f9aa8308800
0x00007f9a57df3320:   0000000000000000 00007f9aae576b5b
0x00007f9a57df3330:   00007f9a96d13ec0 00007f9aa8308800
0x00007f9a57df3340:   00007f9a96d13ec0 00007f9aa8308800
0x00007f9a57df3350:   00007f9a57df34e0 00007f9a96d13ec0
0x00007f9a57df3360:   00007f9a96d13ec0 00007f9a96d13ec0
0x00007f9a57df3370:   00007f9a70021e30 00007f9a57df33d0
0x00007f9a57df3380:   00007f9aa8308800 00007f9a57df3410
0x00007f9a57df3390:   00007f9aa82c3878 00007f9aa83089f8
0x00007f9a57df33a0:   00007f9a57df3490 00007f9aae57af2f
0x00007f9a57df33b0:   00007f9aa8308800 00007f9a74ddd094
0x00007f9a57df33c0:   00007f9a57df34a8 ffffffffffffffff
0x00007f9a57df33d0:   00007f9aaee0aaf0 00007f9aaf946720
0x00007f9a57df33e0:   0000000057df3450 00007f9a00000063
0x00007f9a57df33f0:   0000000000000000 0000003000000018
0x00007f9a57df3400:   00007f9a57df3580 00007f9a57df34c0
0x00007f9a57df3410:   00007f9aa8308800 0000000000000000 

Instructions: (pc=0x00007f9aae576788)
0x00007f9aae576768:   00 00 48 85 d2 48 89 bd b0 fe ff ff 48 89 b5 a8
0x00007f9aae576778:   fe ff ff 4c 89 8d a0 fe ff ff 0f 84 78 09 00 00
0x00007f9aae576788:   4c 8b 22 4d 85 e4 0f 84 6c 09 00 00 48 8b 45 10
0x00007f9aae576798:   48 8b 98 38 01 00 00 48 83 7b 18 f7 0f 87 16 07 

Register to memory mapping:

RAX=0x00007f9a57df34c0 is pointing into the stack for thread: 0x00007f9aa8308800
RBX=0x00007f9a57df33d0 is pointing into the stack for thread: 0x00007f9aa8308800
RCX=0x0000000000000001 is an unknown value
RDX=0xffffffffffffffff is an unknown value
RSP=0x00007f9a57df3220 is pointing into the stack for thread: 0x00007f9aa8308800
RBP=0x00007f9a57df33a0 is pointing into the stack for thread: 0x00007f9aa8308800
RSI=0x00007f9a57df3430 is pointing into the stack for thread: 0x00007f9aa8308800
RDI=0x00007f9aa83089f8 is an unknown value
R8 =0x00007f9aa82c3878 is an unknown value
R9 =0x00007f9a57df33d0 is pointing into the stack for thread: 0x00007f9aa8308800
R10=0x00007f9a48000be8 is an unknown value
R11=0x00007f9a994b0e20 is at entry_point+32 in (nmethod*)0x00007f9a994b0c90
R12=0x00007f9aa8308800 is a thread
R13=0x00007f9aa82c3878 is an unknown value
R14=0x0000000000000001 is an unknown value
R15=0x00007f9aa83089f8 is an unknown value


Stack: [0x00007f9a57cf4000,0x00007f9a57df5000],  sp=0x00007f9a57df3220,  free space=1020k
Native frames: (J=compiled Java code, j=interpreted, Vv=VM code, C=native code)
V  [libjvm.so+0x6d7788]  jni_invoke_nonstatic(JNIEnv_*, JavaValue*, _jobject*, JNICallType, _jmethodID*, JNI_ArgumentPusher*, Thread*)+0x38
V  [libjvm.so+0x6dbf2f]  jni_CallVoidMethodV+0x10f
C  [libglass.so+0x18641]  JNIEnv_::CallVoidMethod(_jobject*, _jmethodID*, ...)+0x81
C  [libglass.so+0x14f0f]  WindowContextBase::process_key(_GdkEventKey*)+0x20f
C  [libglass.so+0x19f60]  WindowContextBase::im_filter_keypress(_GdkEventKey*)+0x1c0
C  [libglass.so+0x1a91c]  process_events(_GdkEvent*, void*)+0x22c
C  [libgdk-x11-2.0.so.0+0x5ac8c]

Java frames: (J=compiled Java code, j=interpreted, Vv=VM code)
j  com.sun.glass.ui.gtk.GtkApplication._runLoop(Ljava/lang/Runnable;Z)V+0
j  com.sun.glass.ui.gtk.GtkApplication.lambda$null$48(Ljava/lang/Runnable;Z)V+7
j  com.sun.glass.ui.gtk.GtkApplication$$Lambda$41.run()V+12
j  java.lang.Thread.run()V+11
v  ~StubRoutines::call_stub

---------------  P R O C E S S  ---------------

Java Threads: ( => current thread )
  0x00007f9a482aa000 JavaThread "Prism Font Disposer" daemon [_thread_blocked, id=14179, stack(0x00007f9a56672000,0x00007f9a56773000)]
  0x00007f9aa830c800 JavaThread "JavaFX-Launcher" [_thread_blocked, id=14169, stack(0x00007f9a57bf3000,0x00007f9a57cf4000)]
=>0x00007f9aa8308800 JavaThread "JavaFX Application Thread" [_thread_in_vm, id=14168, stack(0x00007f9a57cf4000,0x00007f9a57df5000)]
  0x00007f9aa8304800 JavaThread "Thread-1" daemon [_thread_blocked, id=14167, stack(0x00007f9a57df5000,0x00007f9a57ef6000)]
  0x00007f9aa82b6800 JavaThread "QuantumRenderer-0" daemon [_thread_blocked, id=14166, stack(0x00007f9a94a89000,0x00007f9a94b8a000)]
  0x00007f9aa81e4000 JavaThread "Service Thread" daemon [_thread_blocked, id=14164, stack(0x00007f9a94c8b000,0x00007f9a94d8c000)]
  0x00007f9aa81de000 JavaThread "C1 CompilerThread1" daemon [_thread_blocked, id=14163, stack(0x00007f9a94d8c000,0x00007f9a94e8d000)]
  0x00007f9aa81dc800 JavaThread "C2 CompilerThread0" daemon [_thread_in_native, id=14162, stack(0x00007f9a950a4000,0x00007f9a951a5000)]
  0x00007f9aa81d2000 JavaThread "Monitor Ctrl-Break" daemon [_thread_in_native, id=14161, stack(0x00007f9a951a5000,0x00007f9a952a6000)]
  0x00007f9aa813c000 JavaThread "Signal Dispatcher" daemon [_thread_blocked, id=14154, stack(0x00007f9a9539f000,0x00007f9a954a0000)]
  0x00007f9aa8109000 JavaThread "Finalizer" daemon [_thread_blocked, id=14151, stack(0x00007f9a959ec000,0x00007f9a95aed000)]
  0x00007f9aa8104800 JavaThread "Reference Handler" daemon [_thread_blocked, id=14150, stack(0x00007f9a95aed000,0x00007f9a95bee000)]
  0x00007f9aa800c000 JavaThread "main" [_thread_blocked, id=14143, stack(0x00007f9aaf99b000,0x00007f9aafa9c000)]

Other Threads:
  0x00007f9aa80fd000 VMThread [stack: 0x00007f9a95bee000,0x00007f9a95cef000] [id=14149]
  0x00007f9aa81e8800 WatcherThread [stack: 0x00007f9a94b8a000,0x00007f9a94c8b000] [id=14165]

VM state:not at safepoint (normal execution)

VM Mutex/Monitor currently owned by a thread: None

Heap:
 PSYoungGen      total 17920K, used 10301K [0x00000000ec000000, 0x00000000ed400000, 0x0000000100000000)
  eden space 15360K, 50% used [0x00000000ec000000,0x00000000ec793490,0x00000000ecf00000)
  from space 2560K, 99% used [0x00000000ecf00000,0x00000000ed17c070,0x00000000ed180000)
  to   space 2560K, 0% used [0x00000000ed180000,0x00000000ed180000,0x00000000ed400000)
 ParOldGen       total 98304K, used 63537K [0x00000000c4000000, 0x00000000ca000000, 0x00000000ec000000)
  object space 98304K, 64% used [0x00000000c4000000,0x00000000c7e0c538,0x00000000ca000000)
 Metaspace       used 18220K, capacity 19084K, committed 19328K, reserved 1064960K
  class space    used 2634K, capacity 2859K, committed 2944K, reserved 1048576K

Card table byte_map: [0x00007f9aac34c000,0x00007f9aac52d000] byte_map_base: 0x00007f9aabd2c000

Marking Bits: (ParMarkBitMap*) 0x00007f9aaee6e920
 Begin Bits: [0x00007f9a97200000, 0x00007f9a98100000)
 End Bits:   [0x00007f9a98100000, 0x00007f9a99000000)

Polling page: 0x00007f9aafac1000

CodeCache: size=245760Kb used=6412Kb max_used=6412Kb free=239347Kb
 bounds [0x00007f9a99000000, 0x00007f9a99650000, 0x00007f9aa8000000]
 total_blobs=2804 nmethods=2155 adapters=563
 compilation: enabled

Compilation events (10 events):
Event: 21,156 Thread 0x00007f9aa81de000 nmethod 2164 0x00007f9a9963dd90 code [0x00007f9a9963df40, 0x00007f9a9963e288]
Event: 21,159 Thread 0x00007f9aa81de000 2171       3       com.sun.javafx.font.CMap$CMapFormat4::getGlyph (168 bytes)
Event: 21,160 Thread 0x00007f9aa81de000 nmethod 2171 0x00007f9a9963e3d0 code [0x00007f9a9963e580, 0x00007f9a9963eb68]
Event: 21,160 Thread 0x00007f9aa81de000 2170   !   3       com.sun.javafx.font.OpenTypeGlyphMapper::getGlyphCode (19 bytes)
Event: 21,160 Thread 0x00007f9aa81de000 nmethod 2170 0x00007f9a9963f050 code [0x00007f9a9963f1c0, 0x00007f9a9963f488]
Event: 21,160 Thread 0x00007f9aa81de000 2172       3       com.sun.javafx.font.CMap::getControlCodeGlyph (105 bytes)
Event: 21,161 Thread 0x00007f9aa81de000 nmethod 2172 0x00007f9a9963f5d0 code [0x00007f9a9963f740, 0x00007f9a9963fb10]
Event: 21,161 Thread 0x00007f9aa81de000 2169   !   3       java.lang.StringCoding::encode (120 bytes)
Event: 21,172 Thread 0x00007f9aa81de000 nmethod 2169 0x00007f9a9963fb90 code [0x00007f9a9963fee0, 0x00007f9a99641958]
Event: 21,172 Thread 0x00007f9aa81de000 2178  s    3       com.sun.javafx.text.ScriptMapper::getScript (108 bytes)

GC Heap History (6 events):
Event: 2,158 GC heap before
{Heap before GC invocations=1 (full 0):
 PSYoungGen      total 17920K, used 15360K [0x00000000ec000000, 0x00000000ed400000, 0x0000000100000000)
  eden space 15360K, 100% used [0x00000000ec000000,0x00000000ecf00000,0x00000000ecf00000)
  from space 2560K, 0% used [0x00000000ed180000,0x00000000ed180000,0x00000000ed400000)
  to   space 2560K, 0% used [0x00000000ecf00000,0x00000000ecf00000,0x00000000ed180000)
 ParOldGen       total 40960K, used 0K [0x00000000c4000000, 0x00000000c6800000, 0x00000000ec000000)
  object space 40960K, 0% used [0x00000000c4000000,0x00000000c4000000,0x00000000c6800000)
 Metaspace       used 8582K, capacity 8972K, committed 9088K, reserved 1056768K
  class space    used 1044K, capacity 1134K, committed 1152K, reserved 1048576K
Event: 2,171 GC heap after
Heap after GC invocations=1 (full 0):
 PSYoungGen      total 17920K, used 1728K [0x00000000ec000000, 0x00000000ed400000, 0x0000000100000000)
  eden space 15360K, 0% used [0x00000000ec000000,0x00000000ec000000,0x00000000ecf00000)
  from space 2560K, 67% used [0x00000000ecf00000,0x00000000ed0b0040,0x00000000ed180000)
  to   space 2560K, 0% used [0x00000000ed180000,0x00000000ed180000,0x00000000ed400000)
 ParOldGen       total 40960K, used 72K [0x00000000c4000000, 0x00000000c6800000, 0x00000000ec000000)
  object space 40960K, 0% used [0x00000000c4000000,0x00000000c4012010,0x00000000c6800000)
 Metaspace       used 8582K, capacity 8972K, committed 9088K, reserved 1056768K
  class space    used 1044K, capacity 1134K, committed 1152K, reserved 1048576K
}
Event: 5,385 GC heap before
{Heap before GC invocations=2 (full 0):
 PSYoungGen      total 17920K, used 17088K [0x00000000ec000000, 0x00000000ed400000, 0x0000000100000000)
  eden space 15360K, 100% used [0x00000000ec000000,0x00000000ecf00000,0x00000000ecf00000)
  from space 2560K, 67% used [0x00000000ecf00000,0x00000000ed0b0040,0x00000000ed180000)
  to   space 2560K, 0% used [0x00000000ed180000,0x00000000ed180000,0x00000000ed400000)
 ParOldGen       total 98304K, used 57025K [0x00000000c4000000, 0x00000000ca000000, 0x00000000ec000000)
  object space 98304K, 58% used [0x00000000c4000000,0x00000000c77b04a0,0x00000000ca000000)
 Metaspace       used 13111K, capacity 13548K, committed 13824K, reserved 1060864K
  class space    used 1796K, capacity 1929K, committed 2048K, reserved 1048576K
Event: 5,422 GC heap after
Heap after GC invocations=2 (full 0):
 PSYoungGen      total 17920K, used 2528K [0x00000000ec000000, 0x00000000ed400000, 0x0000000100000000)
  eden space 15360K, 0% used [0x00000000ec000000,0x00000000ec000000,0x00000000ecf00000)
  from space 2560K, 98% used [0x00000000ed180000,0x00000000ed3f8050,0x00000000ed400000)
  to   space 2560K, 0% used [0x00000000ecf00000,0x00000000ecf00000,0x00000000ed180000)
 ParOldGen       total 98304K, used 59136K [0x00000000c4000000, 0x00000000ca000000, 0x00000000ec000000)
  object space 98304K, 60% used [0x00000000c4000000,0x00000000c79c0350,0x00000000ca000000)
 Metaspace       used 13111K, capacity 13548K, committed 13824K, reserved 1060864K
  class space    used 1796K, capacity 1929K, committed 2048K, reserved 1048576K
}
Event: 12,151 GC heap before
{Heap before GC invocations=3 (full 0):
 PSYoungGen      total 17920K, used 17888K [0x00000000ec000000, 0x00000000ed400000, 0x0000000100000000)
  eden space 15360K, 100% used [0x00000000ec000000,0x00000000ecf00000,0x00000000ecf00000)
  from space 2560K, 98% used [0x00000000ed180000,0x00000000ed3f8050,0x00000000ed400000)
  to   space 2560K, 0% used [0x00000000ecf00000,0x00000000ecf00000,0x00000000ed180000)
 ParOldGen       total 98304K, used 59136K [0x00000000c4000000, 0x00000000ca000000, 0x00000000ec000000)
  object space 98304K, 60% used [0x00000000c4000000,0x00000000c79c0350,0x00000000ca000000)
 Metaspace       used 16377K, capacity 17106K, committed 17280K, reserved 1064960K
  class space    used 2411K, capacity 2612K, committed 2688K, reserved 1048576K
Event: 12,196 GC heap after
Heap after GC invocations=3 (full 0):
 PSYoungGen      total 17920K, used 2544K [0x00000000ec000000, 0x00000000ed400000, 0x0000000100000000)
  eden space 15360K, 0% used [0x00000000ec000000,0x00000000ec000000,0x00000000ecf00000)
  from space 2560K, 99% used [0x00000000ecf00000,0x00000000ed17c070,0x00000000ed180000)
  to   space 2560K, 0% used [0x00000000ed180000,0x00000000ed180000,0x00000000ed400000)
 ParOldGen       total 98304K, used 63537K [0x00000000c4000000, 0x00000000ca000000, 0x00000000ec000000)
  object space 98304K, 64% used [0x00000000c4000000,0x00000000c7e0c538,0x00000000ca000000)
 Metaspace       used 16377K, capacity 17106K, committed 17280K, reserved 1064960K
  class space    used 2411K, capacity 2612K, committed 2688K, reserved 1048576K
}

Deoptimization events (10 events):
Event: 6,481 Thread 0x00007f9aa8308800 Uncommon trap: reason=class_check action=maybe_recompile pc=0x00007f9a9918c260 method=java.lang.String.equals(Ljava/lang/Object;)Z @ 8
Event: 6,481 Thread 0x00007f9aa8308800 Uncommon trap: reason=class_check action=maybe_recompile pc=0x00007f9a9918c260 method=java.lang.String.equals(Ljava/lang/Object;)Z @ 8
Event: 11,758 Thread 0x00007f9aa8308800 Uncommon trap: reason=class_check action=maybe_recompile pc=0x00007f9a9918c260 method=java.lang.String.equals(Ljava/lang/Object;)Z @ 8
Event: 11,942 Thread 0x00007f9aa8308800 Uncommon trap: reason=unstable_if action=reinterpret pc=0x00007f9a993036a0 method=java.util.HashMap.hash(Ljava/lang/Object;)I @ 1
Event: 11,948 Thread 0x00007f9aa8308800 Uncommon trap: reason=unstable_if action=reinterpret pc=0x00007f9a992ef3e8 method=java.util.HashMap.hash(Ljava/lang/Object;)I @ 1
Event: 11,987 Thread 0x00007f9aa8308800 Uncommon trap: reason=unstable_if action=reinterpret pc=0x00007f9a99414eec method=java.lang.ClassLoader.checkName(Ljava/lang/String;)Z @ 20
Event: 12,273 Thread 0x00007f9aa8308800 Uncommon trap: reason=unstable_if action=reinterpret pc=0x00007f9a993c5ff0 method=java.util.HashMap.isEmpty()Z @ 4
Event: 12,722 Thread 0x00007f9aa8308800 Uncommon trap: reason=unstable_if action=reinterpret pc=0x00007f9a993cd7fc method=jdk.internal.org.objectweb.asm.Type.getArgumentsAndReturnSizes(Ljava/lang/String;)I @ 47
Event: 17,069 Thread 0x00007f9aa82b6800 Uncommon trap: reason=unstable_if action=reinterpret pc=0x00007f9a994dbe60 method=java.lang.StrictMath.floorOrCeil(DDDD)D @ 115
Event: 17,436 Thread 0x00007f9aa8308800 Uncommon trap: reason=unstable_if action=reinterpret pc=0x00007f9a99240760 method=java.lang.CharacterData.of(I)Ljava/lang/CharacterData; @ 4

Classes redefined (0 events):
No events

Internal exceptions (10 events):
Event: 2,287 Thread 0x00007f9aa8308800 Exception <a 'java/lang/ArrayIndexOutOfBoundsException': 18> (0x00000000ec18e5d0) thrown at [/HUDSON/workspace/8-2-build-linux-amd64/jdk8u161/10277/hotspot/src/share/vm/interpreter/interpreterRuntime.cpp, line 366]
Event: 2,301 Thread 0x00007f9aa8308800 Exception <a 'java/lang/ArrayIndexOutOfBoundsException'> (0x00000000ec190478) thrown at [/HUDSON/workspace/8-2-build-linux-amd64/jdk8u161/10277/hotspot/src/share/vm/runtime/sharedRuntime.cpp, line 605]
Event: 3,548 Thread 0x00007f9aa8308800 Exception <a 'java/lang/ArrayIndexOutOfBoundsException'> (0x00000000ec2ef5d0) thrown at [/HUDSON/workspace/8-2-build-linux-amd64/jdk8u161/10277/hotspot/src/share/vm/runtime/sharedRuntime.cpp, line 605]
Event: 4,409 Thread 0x00007f9aa8308800 Exception <a 'java/lang/ArrayIndexOutOfBoundsException'> (0x00000000ec821608) thrown at [/HUDSON/workspace/8-2-build-linux-amd64/jdk8u161/10277/hotspot/src/share/vm/runtime/sharedRuntime.cpp, line 605]
Event: 4,594 Thread 0x00007f9aa8308800 Exception <a 'java/io/FileNotFoundException'> (0x00000000ec9553c0) thrown at [/HUDSON/workspace/8-2-build-linux-amd64/jdk8u161/10277/hotspot/src/share/vm/prims/jni.cpp, line 709]
Event: 6,011 Thread 0x00007f9aa8308800 Exception <a 'java/io/FileNotFoundException'> (0x00000000ec45acf8) thrown at [/HUDSON/workspace/8-2-build-linux-amd64/jdk8u161/10277/hotspot/src/share/vm/prims/jni.cpp, line 709]
Event: 6,139 Thread 0x00007f9aa8308800 Exception <a 'java/io/FileNotFoundException'> (0x00000000ec4d8448) thrown at [/HUDSON/workspace/8-2-build-linux-amd64/jdk8u161/10277/hotspot/src/share/vm/prims/jni.cpp, line 709]
Event: 6,159 Thread 0x00007f9aa8308800 Exception <a 'java/io/FileNotFoundException'> (0x00000000ec501d20) thrown at [/HUDSON/workspace/8-2-build-linux-amd64/jdk8u161/10277/hotspot/src/share/vm/prims/jni.cpp, line 709]
Event: 11,942 Thread 0x00007f9aa8308800 Implicit null exception at 0x00007f9a99303475 to 0x00007f9a99303691
Event: 11,948 Thread 0x00007f9aa8308800 Implicit null exception at 0x00007f9a992ef36f to 0x00007f9a992ef3d9

Events (10 events):
Event: 21,057 loading class javafx/scene/effect/DropShadow$7
Event: 21,057 loading class javafx/scene/effect/DropShadow$7 done
Event: 21,057 loading class javafx/scene/effect/DropShadow$8
Event: 21,057 loading class javafx/scene/effect/DropShadow$8 done
Event: 21,058 loading class javafx/scene/effect/DropShadow$2
Event: 21,058 loading class javafx/scene/effect/DropShadow$2 done
Event: 21,058 loading class javafx/scene/effect/DropShadow$3
Event: 21,058 loading class javafx/scene/effect/DropShadow$3 done
Event: 21,059 loading class com/sun/javafx/effect/EffectDirtyBits
Event: 21,059 loading class com/sun/javafx/effect/EffectDirtyBits done


Dynamic libraries:
00400000-00401000 r-xp 00000000 08:02 2883734                            /opt/jdk/jdk1.8.0_161/bin/java
00600000-00601000 rw-p 00000000 08:02 2883734                            /opt/jdk/jdk1.8.0_161/bin/java
01f24000-01f45000 rw-p 00000000 00:00 0                                  [heap]
c4000000-ca000000 rw-p 00000000 00:00 0 
ca000000-ec000000 ---p 00000000 00:00 0 
ec000000-ed400000 rw-p 00000000 00:00 0 
ed400000-100000000 ---p 00000000 00:00 0 
100000000-1002e0000 rw-p 00000000 00:00 0 
1002e0000-140000000 ---p 00000000 00:00 0 
7f9a42000000-7f9a48000000 rw-s 1041db000 00:06 334                       /dev/dri/card0
7f9a48000000-7f9a486c6000 rw-p 00000000 00:00 0 
7f9a486c6000-7f9a4c000000 ---p 00000000 00:00 0 
7f9a50000000-7f9a50021000 rw-p 00000000 00:00 0 
7f9a50021000-7f9a54000000 ---p 00000000 00:00 0 
7f9a5432e000-7f9a54336000 rw-s 1033cc000 00:06 334                       /dev/dri/card0
7f9a54336000-7f9a5433e000 rw-s 1033c4000 00:06 334                       /dev/dri/card0
7f9a5433e000-7f9a5435a000 rw-s 102c30000 00:06 334                       /dev/dri/card0
7f9a5435a000-7f9a5436a000 rw-s 00000000 00:05 199922                     /drm mm object (deleted)
7f9a5436a000-7f9a5452a000 rw-s 10bf9b000 00:06 334                       /dev/dri/card0
7f9a5452a000-7f9a5453a000 rw-s 00000000 00:05 199916                     /drm mm object (deleted)
7f9a5453a000-7f9a54585000 r--p 00000000 08:02 3808232                    /usr/share/fonts/truetype/noto/NotoSans-Regular.ttf
7f9a54585000-7f9a54785000 rw-p 00000000 00:00 0 
7f9a54785000-7f9a54945000 rw-s 10bddb000 00:06 334                       /dev/dri/card0
7f9a54945000-7f9a54955000 rw-s 00000000 00:05 201148                     /drm mm object (deleted)
7f9a54955000-7f9a56555000 rw-s 10a1db000 00:06 334                       /dev/dri/card0
7f9a56558000-7f9a5655a000 rw-s 100106000 00:06 334                       /dev/dri/card0
7f9a5655a000-7f9a5655c000 rw-s 00000000 00:05 199941                     /drm mm object (deleted)
7f9a5655c000-7f9a56564000 rw-s 102a15000 00:06 334                       /dev/dri/card0
7f9a56564000-7f9a56565000 rw-s 10074e000 00:06 334                       /dev/dri/card0
7f9a56565000-7f9a56571000 rw-s 00000000 00:05 199859                     /drm mm object (deleted)
7f9a56571000-7f9a56574000 ---p 00000000 00:00 0 
7f9a56574000-7f9a56672000 rw-p 00000000 00:00 0 
7f9a56672000-7f9a56675000 ---p 00000000 00:00 0 
7f9a56675000-7f9a56773000 rw-p 00000000 00:00 0 
7f9a56773000-7f9a56778000 r--s 00084000 08:02 2885187                    /opt/jdk/jdk1.8.0_161/jre/lib/jfr.jar
7f9a56778000-7f9a56978000 rw-p 00000000 00:00 0 
7f9a56978000-7f9a56982000 r-xp 00000000 08:02 3671770                    /usr/lib/x86_64-linux-gnu/gtk-2.0/2.10.0/engines/libpixmap.so
7f9a56982000-7f9a56b81000 ---p 0000a000 08:02 3671770                    /usr/lib/x86_64-linux-gnu/gtk-2.0/2.10.0/engines/libpixmap.so
7f9a56b81000-7f9a56b82000 r--p 00009000 08:02 3671770                    /usr/lib/x86_64-linux-gnu/gtk-2.0/2.10.0/engines/libpixmap.so
7f9a56b82000-7f9a56b83000 rw-p 0000a000 08:02 3671770                    /usr/lib/x86_64-linux-gnu/gtk-2.0/2.10.0/engines/libpixmap.so
7f9a56b83000-7f9a56bde000 r--p 00000000 08:02 3817299                    /usr/share/fonts/Segoe UI Italic.ttf
7f9a56bde000-7f9a56c37000 r--p 00000000 08:02 3817298                    /usr/share/fonts/Segoe UI Bold.ttf
7f9a56c37000-7f9a56c3c000 r--s 0009d000 08:02 2885327                    /opt/jdk/jdk1.8.0_161/jre/lib/jsse.jar
7f9a56c3c000-7f9a56e3c000 rw-p 00000000 00:00 0 
7f9a56e3c000-7f9a56e8d000 r--p 00000000 08:02 3817300                    /usr/share/fonts/segoeuil.ttf
7f9a56e8d000-7f9a56f0c000 r--p 00000000 08:02 3817301                    /usr/share/fonts/segoeui.ttf
7f9a56f0c000-7f9a56f1f000 r--p 00000000 08:02 2885207                    /opt/jdk/jdk1.8.0_161/jre/lib/fonts/LucidaBrightDemiBold.ttf
7f9a56f1f000-7f9a56fca000 r--p 00000000 08:02 2885200                    /opt/jdk/jdk1.8.0_161/jre/lib/fonts/LucidaSansRegular.ttf
7f9a56fca000-7f9a56fdd000 r--p 00000000 08:02 2885204                    /opt/jdk/jdk1.8.0_161/jre/lib/fonts/LucidaBrightDemiItalic.ttf
7f9a56fdd000-7f9a5702b000 r--p 00000000 08:02 2885202                    /opt/jdk/jdk1.8.0_161/jre/lib/fonts/LucidaSansDemiBold.ttf
7f9a5702b000-7f9a57080000 r--p 00000000 08:02 2885201                    /opt/jdk/jdk1.8.0_161/jre/lib/fonts/LucidaBrightRegular.ttf
7f9a57080000-7f9a570ba000 r--p 00000000 08:02 2885206                    /opt/jdk/jdk1.8.0_161/jre/lib/fonts/LucidaTypewriterBold.ttf
7f9a570ba000-7f9a570ce000 r--p 00000000 08:02 2885199                    /opt/jdk/jdk1.8.0_161/jre/lib/fonts/LucidaBrightItalic.ttf
7f9a570ce000-7f9a5710a000 r--p 00000000 08:02 2885205                    /opt/jdk/jdk1.8.0_161/jre/lib/fonts/LucidaTypewriterRegular.ttf
7f9a5710a000-7f9a5710e000 r-xp 00000000 08:02 2885435                    /opt/jdk/jdk1.8.0_161/jre/lib/amd64/libjavafx_font_pango.so
7f9a5710e000-7f9a5730d000 ---p 00004000 08:02 2885435                    /opt/jdk/jdk1.8.0_161/jre/lib/amd64/libjavafx_font_pango.so
7f9a5730d000-7f9a5730e000 rw-p 00003000 08:02 2885435                    /opt/jdk/jdk1.8.0_161/jre/lib/amd64/libjavafx_font_pango.so
7f9a5730e000-7f9a57315000 r--s 00000000 08:02 4200409                    /var/cache/fontconfig/4be9850f182b35c1350b6bbf2e42601c-le64.cache-6
7f9a57315000-7f9a57320000 r--s 00000000 08:02 4198764                    /var/cache/fontconfig/945677eb7aeaf62f1d50efc3fb3ec7d8-le64.cache-6
7f9a57320000-7f9a57326000 r--s 00000000 08:02 4198756                    /var/cache/fontconfig/2cd17615ca594fa2959ae173292e504c-le64.cache-6
7f9a57326000-7f9a57366000 r--s 00000000 08:02 4198754                    /var/cache/fontconfig/0bd3dc0958fa2205aaaa8ebb13e2872b-le64.cache-6
7f9a57366000-7f9a5736d000 r--s 00000000 08:02 4195402                    /var/cache/fontconfig/3047814df9a2f067bd2d96a2b9c36e5a-le64.cache-6
7f9a5736d000-7f9a57375000 r--s 00000000 08:02 4198769                    /var/cache/fontconfig/bf3b770c553c462765856025a94f1ce6-le64.cache-6
7f9a57375000-7f9a57377000 r--s 00000000 08:02 4198768                    /var/cache/fontconfig/a0107c79d978dfcc5e42cb1335b71036-le64.cache-6
7f9a57377000-7f9a5737a000 r--s 00000000 08:02 4200320                    /var/cache/fontconfig/e49e89034d371f0f9de17aab02136486-le64.cache-6
7f9a5737a000-7f9a5738d000 r--s 00000000 08:02 4198773                    /var/cache/fontconfig/d52a8644073d54c13679302ca1180695-le64.cache-6
7f9a5738d000-7f9a57398000 r--s 00000000 08:02 4200318                    /var/cache/fontconfig/d589a48862398ed80a3d6066f4f56f4c-le64.cache-6
7f9a57398000-7f9a573a3000 r--s 00000000 08:02 4195407                    /var/cache/fontconfig/83bf95040141907cd45bb53cf7c1c148-le64.cache-6
7f9a573a3000-7f9a573b5000 r--s 00000000 08:02 4198766                    /var/cache/fontconfig/9b89f8e3dae116d678bbf48e5f21f69b-le64.cache-6
7f9a573b5000-7f9a573ba000 r-xp 00000000 08:02 2885438                    /opt/jdk/jdk1.8.0_161/jre/lib/amd64/libjavafx_font_freetype.so
7f9a573ba000-7f9a575b9000 ---p 00005000 08:02 2885438                    /opt/jdk/jdk1.8.0_161/jre/lib/amd64/libjavafx_font_freetype.so
7f9a575b9000-7f9a575ba000 rw-p 00004000 08:02 2885438                    /opt/jdk/jdk1.8.0_161/jre/lib/amd64/libjavafx_font_freetype.so
7f9a575ba000-7f9a575bd000 r-xp 00000000 08:02 2885485                    /opt/jdk/jdk1.8.0_161/jre/lib/amd64/libjavafx_font.so
7f9a575bd000-7f9a577bc000 ---p 00003000 08:02 2885485                    /opt/jdk/jdk1.8.0_161/jre/lib/amd64/libjavafx_font.so
7f9a577bc000-7f9a577bd000 rw-p 00002000 08:02 2885485                    /opt/jdk/jdk1.8.0_161/jre/lib/amd64/libjavafx_font.so
7f9a577bd000-7f9a577f3000 r-xp 00000000 08:02 2885481                    /opt/jdk/jdk1.8.0_161/jre/lib/amd64/libjavafx_iio.so
7f9a577f3000-7f9a579f2000 ---p 00036000 08:02 2885481                    /opt/jdk/jdk1.8.0_161/jre/lib/amd64/libjavafx_iio.so
7f9a579f2000-7f9a579f3000 rw-p 00035000 08:02 2885481                    /opt/jdk/jdk1.8.0_161/jre/lib/amd64/libjavafx_iio.so
7f9a579f3000-7f9a57bf3000 rw-p 00000000 00:00 0 
7f9a57bf3000-7f9a57bf6000 ---p 00000000 00:00 0 
7f9a57bf6000-7f9a57cf4000 rw-p 00000000 00:00 0 
7f9a57cf4000-7f9a57cf7000 ---p 00000000 00:00 0 
7f9a57cf7000-7f9a57df5000 rw-p 00000000 00:00 0 
7f9a57df5000-7f9a57df8000 ---p 00000000 00:00 0 
7f9a57df8000-7f9a57ef6000 rw-p 00000000 00:00 0 
7f9a57ef6000-7f9a57f1f000 r-xp 00000000 08:02 2885460                    /opt/jdk/jdk1.8.0_161/jre/lib/amd64/libglass.so
7f9a57f1f000-7f9a5811e000 ---p 00029000 08:02 2885460                    /opt/jdk/jdk1.8.0_161/jre/lib/amd64/libglass.so
7f9a5811e000-7f9a58121000 rw-p 00028000 08:02 2885460                    /opt/jdk/jdk1.8.0_161/jre/lib/amd64/libglass.so
7f9a58121000-7f9a58158000 r-xp 00000000 08:02 3547217                    /usr/lib/x86_64-linux-gnu/libtxc_dxtn_s2tc.so.0.0.0
7f9a58158000-7f9a58357000 ---p 00037000 08:02 3547217                    /usr/lib/x86_64-linux-gnu/libtxc_dxtn_s2tc.so.0.0.0
7f9a58357000-7f9a58358000 r--p 00036000 08:02 3547217                    /usr/lib/x86_64-linux-gnu/libtxc_dxtn_s2tc.so.0.0.0
7f9a58358000-7f9a58359000 rw-p 00037000 08:02 3547217                    /usr/lib/x86_64-linux-gnu/libtxc_dxtn_s2tc.so.0.0.0
7f9a58359000-7f9a58361000 r-xp 00000000 08:02 3546963                    /usr/lib/x86_64-linux-gnu/libpciaccess.so.0.11.1
7f9a58361000-7f9a58561000 ---p 00008000 08:02 3546963                    /usr/lib/x86_64-linux-gnu/libpciaccess.so.0.11.1
7f9a58561000-7f9a58562000 r--p 00008000 08:02 3546963                    /usr/lib/x86_64-linux-gnu/libpciaccess.so.0.11.1
7f9a58562000-7f9a58563000 rw-p 00009000 08:02 3546963                    /usr/lib/x86_64-linux-gnu/libpciaccess.so.0.11.1
7f9a58563000-7f9a5856e000 r-xp 00000000 08:02 3546417                    /usr/lib/x86_64-linux-gnu/libdrm_radeon.so.1.0.1
7f9a5856e000-7f9a5876d000 ---p 0000b000 08:02 3546417                    /usr/lib/x86_64-linux-gnu/libdrm_radeon.so.1.0.1
7f9a5876d000-7f9a5876e000 r--p 0000a000 08:02 3546417                    /usr/lib/x86_64-linux-gnu/libdrm_radeon.so.1.0.1
7f9a5876e000-7f9a5876f000 rw-p 0000b000 08:02 3546417                    /usr/lib/x86_64-linux-gnu/libdrm_radeon.so.1.0.1
7f9a5876f000-7f9a58776000 r-xp 00000000 08:02 3546415                    /usr/lib/x86_64-linux-gnu/libdrm_nouveau.so.2.0.0
7f9a58776000-7f9a58975000 ---p 00007000 08:02 3546415                    /usr/lib/x86_64-linux-gnu/libdrm_nouveau.so.2.0.0
7f9a58975000-7f9a58976000 r--p 00006000 08:02 3546415                    /usr/lib/x86_64-linux-gnu/libdrm_nouveau.so.2.0.0
7f9a58976000-7f9a58977000 rw-p 00007000 08:02 3546415                    /usr/lib/x86_64-linux-gnu/libdrm_nouveau.so.2.0.0
7f9a58977000-7f9a58999000 r-xp 00000000 08:02 3546413                    /usr/lib/x86_64-linux-gnu/libdrm_intel.so.1.0.0
7f9a58999000-7f9a58b99000 ---p 00022000 08:02 3546413                    /usr/lib/x86_64-linux-gnu/libdrm_intel.so.1.0.0
7f9a58b99000-7f9a58b9a000 r--p 00022000 08:02 3546413                    /usr/lib/x86_64-linux-gnu/libdrm_intel.so.1.0.0
7f9a58b9a000-7f9a58b9b000 rw-p 00023000 08:02 3546413                    /usr/lib/x86_64-linux-gnu/libdrm_intel.so.1.0.0
7f9a58b9b000-7f9a593c2000 r-xp 00000000 08:02 3671344                    /usr/lib/x86_64-linux-gnu/dri/i965_dri.so
7f9a593c2000-7f9a595c2000 ---p 00827000 08:02 3671344                    /usr/lib/x86_64-linux-gnu/dri/i965_dri.so
7f9a595c2000-7f9a59612000 r--p 00827000 08:02 3671344                    /usr/lib/x86_64-linux-gnu/dri/i965_dri.so
7f9a59612000-7f9a5961b000 rw-p 00877000 08:02 3671344                    /usr/lib/x86_64-linux-gnu/dri/i965_dri.so
7f9a5961b000-7f9a59682000 rw-p 00000000 00:00 0 
7f9a59682000-7f9a59688000 r-xp 00000000 08:02 3546354                    /usr/lib/x86_64-linux-gnu/libdatrie.so.1.3.3
7f9a59688000-7f9a59888000 ---p 00006000 08:02 3546354                    /usr/lib/x86_64-linux-gnu/libdatrie.so.1.3.3
7f9a59888000-7f9a59889000 r--p 00006000 08:02 3546354                    /usr/lib/x86_64-linux-gnu/libdatrie.so.1.3.3
7f9a59889000-7f9a5988a000 rw-p 00007000 08:02 3546354                    /usr/lib/x86_64-linux-gnu/libdatrie.so.1.3.3
7f9a5988a000-7f9a5988f000 r-xp 00000000 08:02 3546164                    /usr/lib/x86_64-linux-gnu/libXdmcp.so.6.0.0
7f9a5988f000-7f9a59a8e000 ---p 00005000 08:02 3546164                    /usr/lib/x86_64-linux-gnu/libXdmcp.so.6.0.0
7f9a59a8e000-7f9a59a8f000 r--p 00004000 08:02 3546164                    /usr/lib/x86_64-linux-gnu/libXdmcp.so.6.0.0
7f9a59a8f000-7f9a59a90000 rw-p 00005000 08:02 3546164                    /usr/lib/x86_64-linux-gnu/libXdmcp.so.6.0.0
7f9a59a90000-7f9a59a92000 r-xp 00000000 08:02 3546153                    /usr/lib/x86_64-linux-gnu/libXau.so.6.0.0
7f9a59a92000-7f9a59c92000 ---p 00002000 08:02 3546153                    /usr/lib/x86_64-linux-gnu/libXau.so.6.0.0
7f9a59c92000-7f9a59c93000 r--p 00002000 08:02 3546153                    /usr/lib/x86_64-linux-gnu/libXau.so.6.0.0
7f9a59c93000-7f9a59c94000 rw-p 00003000 08:02 3546153                    /usr/lib/x86_64-linux-gnu/libXau.so.6.0.0
7f9a59c94000-7f9a59cb8000 r-xp 00000000 08:02 3546586                    /usr/lib/x86_64-linux-gnu/libgraphite2.so.3.0.1
7f9a59cb8000-7f9a59eb7000 ---p 00024000 08:02 3546586                    /usr/lib/x86_64-linux-gnu/libgraphite2.so.3.0.1
7f9a59eb7000-7f9a59eb9000 r--p 00023000 08:02 3546586                    /usr/lib/x86_64-linux-gnu/libgraphite2.so.3.0.1
7f9a59eb9000-7f9a59eba000 rw-p 00025000 08:02 3546586                    /usr/lib/x86_64-linux-gnu/libgraphite2.so.3.0.1
7f9a59eba000-7f9a59eca000 r-xp 00000000 08:02 3546409                    /usr/lib/x86_64-linux-gnu/libdrm.so.2.4.0
7f9a59eca000-7f9a5a0c9000 ---p 00010000 08:02 3546409                    /usr/lib/x86_64-linux-gnu/libdrm.so.2.4.0
7f9a5a0c9000-7f9a5a0ca000 r--p 0000f000 08:02 3546409                    /usr/lib/x86_64-linux-gnu/libdrm.so.2.4.0
7f9a5a0ca000-7f9a5a0cb000 rw-p 00010000 08:02 3546409                    /usr/lib/x86_64-linux-gnu/libdrm.so.2.4.0
7f9a5a0cb000-7f9a5a0cf000 r-xp 00000000 08:02 3547342                    /usr/lib/x86_64-linux-gnu/libxcb-dri2.so.0.0.0
7f9a5a0cf000-7f9a5a2ce000 ---p 00004000 08:02 3547342                    /usr/lib/x86_64-linux-gnu/libxcb-dri2.so.0.0.0
7f9a5a2ce000-7f9a5a2cf000 r--p 00003000 08:02 3547342                    /usr/lib/x86_64-linux-gnu/libxcb-dri2.so.0.0.0
7f9a5a2cf000-7f9a5a2d0000 rw-p 00004000 08:02 3547342                    /usr/lib/x86_64-linux-gnu/libxcb-dri2.so.0.0.0
7f9a5a2d0000-7f9a5a2e7000 r-xp 00000000 08:02 3547346                    /usr/lib/x86_64-linux-gnu/libxcb-glx.so.0.0.0
7f9a5a2e7000-7f9a5a4e6000 ---p 00017000 08:02 3547346                    /usr/lib/x86_64-linux-gnu/libxcb-glx.so.0.0.0
7f9a5a4e6000-7f9a5a4e8000 r--p 00016000 08:02 3547346                    /usr/lib/x86_64-linux-gnu/libxcb-glx.so.0.0.0
7f9a5a4e8000-7f9a5a4e9000 rw-p 00018000 08:02 3547346                    /usr/lib/x86_64-linux-gnu/libxcb-glx.so.0.0.0
7f9a5a4e9000-7f9a5a4ea000 r-xp 00000000 08:02 3546149                    /usr/lib/x86_64-linux-gnu/libX11-xcb.so.1.0.0
7f9a5a4ea000-7f9a5a6e9000 ---p 00001000 08:02 3546149                    /usr/lib/x86_64-linux-gnu/libX11-xcb.so.1.0.0
7f9a5a6e9000-7f9a5a6ea000 r--p 00000000 08:02 3546149                    /usr/lib/x86_64-linux-gnu/libX11-xcb.so.1.0.0
7f9a5a6ea000-7f9a5a6eb000 rw-p 00001000 08:02 3546149                    /usr/lib/x86_64-linux-gnu/libX11-xcb.so.1.0.0
7f9a5a6eb000-7f9a5a716000 r-xp 00000000 08:02 3546557                    /usr/lib/x86_64-linux-gnu/libglapi.so.0.0.0
7f9a5a716000-7f9a5a915000 ---p 0002b000 08:02 3546557                    /usr/lib/x86_64-linux-gnu/libglapi.so.0.0.0
7f9a5a915000-7f9a5a919000 r--p 0002a000 08:02 3546557                    /usr/lib/x86_64-linux-gnu/libglapi.so.0.0.0
7f9a5a919000-7f9a5a91a000 rw-p 0002e000 08:02 3546557                    /usr/lib/x86_64-linux-gnu/libglapi.so.0.0.0
7f9a5a91a000-7f9a5a91b000 rw-p 00000000 00:00 0 
7f9a5a91b000-7f9a5a91c000 r-xp 00000000 08:02 3547390                    /usr/lib/x86_64-linux-gnu/libxshmfence.so.1.0.0
7f9a5a91c000-7f9a5ab1c000 ---p 00001000 08:02 3547390                    /usr/lib/x86_64-linux-gnu/libxshmfence.so.1.0.0
7f9a5ab1c000-7f9a5ab1d000 r--p 00001000 08:02 3547390                    /usr/lib/x86_64-linux-gnu/libxshmfence.so.1.0.0
7f9a5ab1d000-7f9a5ab1e000 rw-p 00002000 08:02 3547390                    /usr/lib/x86_64-linux-gnu/libxshmfence.so.1.0.0
7f9a5ab1e000-7f9a5ab23000 r-xp 00000000 08:02 3547368                    /usr/lib/x86_64-linux-gnu/libxcb-sync.so.1.0.0
7f9a5ab23000-7f9a5ad23000 ---p 00005000 08:02 3547368                    /usr/lib/x86_64-linux-gnu/libxcb-sync.so.1.0.0
7f9a5ad23000-7f9a5ad24000 r--p 00005000 08:02 3547368                    /usr/lib/x86_64-linux-gnu/libxcb-sync.so.1.0.0
7f9a5ad24000-7f9a5ad25000 rw-p 00006000 08:02 3547368                    /usr/lib/x86_64-linux-gnu/libxcb-sync.so.1.0.0
7f9a5ad25000-7f9a5ad27000 r-xp 00000000 08:02 3547354                    /usr/lib/x86_64-linux-gnu/libxcb-present.so.0.0.0
7f9a5ad27000-7f9a5af26000 ---p 00002000 08:02 3547354                    /usr/lib/x86_64-linux-gnu/libxcb-present.so.0.0.0
7f9a5af26000-7f9a5af27000 r--p 00001000 08:02 3547354                    /usr/lib/x86_64-linux-gnu/libxcb-present.so.0.0.0
7f9a5af27000-7f9a5af28000 rw-p 00002000 08:02 3547354                    /usr/lib/x86_64-linux-gnu/libxcb-present.so.0.0.0
7f9a5af28000-7f9a5af2a000 r-xp 00000000 08:02 3547344                    /usr/lib/x86_64-linux-gnu/libxcb-dri3.so.0.0.0
7f9a5af2a000-7f9a5b129000 ---p 00002000 08:02 3547344                    /usr/lib/x86_64-linux-gnu/libxcb-dri3.so.0.0.0
7f9a5b129000-7f9a5b12a000 r--p 00001000 08:02 3547344                    /usr/lib/x86_64-linux-gnu/libxcb-dri3.so.0.0.0
7f9a5b12a000-7f9a5b12b000 rw-p 00002000 08:02 3547344                    /usr/lib/x86_64-linux-gnu/libxcb-dri3.so.0.0.0
7f9a5b12b000-7f9a5b199000 r-xp 00000000 08:02 791258                     /lib/x86_64-linux-gnu/libpcre.so.3.13.2
7f9a5b199000-7f9a5b399000 ---p 0006e000 08:02 791258                     /lib/x86_64-linux-gnu/libpcre.so.3.13.2
7f9a5b399000-7f9a5b39a000 r--p 0006e000 08:02 791258                     /lib/x86_64-linux-gnu/libpcre.so.3.13.2
7f9a5b39a000-7f9a5b39b000 rw-p 0006f000 08:02 791258                     /lib/x86_64-linux-gnu/libpcre.so.3.13.2
7f9a5b39b000-7f9a5b3a2000 r-xp 00000000 08:02 3546471                    /usr/lib/x86_64-linux-gnu/libffi.so.6.0.4
7f9a5b3a2000-7f9a5b5a1000 ---p 00007000 08:02 3546471                    /usr/lib/x86_64-linux-gnu/libffi.so.6.0.4
7f9a5b5a1000-7f9a5b5a2000 r--p 00006000 08:02 3546471                    /usr/lib/x86_64-linux-gnu/libffi.so.6.0.4
7f9a5b5a2000-7f9a5b5a3000 rw-p 00007000 08:02 3546471                    /usr/lib/x86_64-linux-gnu/libffi.so.6.0.4
7f9a5b5a3000-7f9a5b5c9000 r-xp 00000000 08:02 791162                     /lib/x86_64-linux-gnu/libexpat.so.1.6.0
7f9a5b5c9000-7f9a5b7c9000 ---p 00026000 08:02 791162                     /lib/x86_64-linux-gnu/libexpat.so.1.6.0
7f9a5b7c9000-7f9a5b7cb000 r--p 00026000 08:02 791162                     /lib/x86_64-linux-gnu/libexpat.so.1.6.0
7f9a5b7cb000-7f9a5b7cc000 rw-p 00028000 08:02 791162                     /lib/x86_64-linux-gnu/libexpat.so.1.6.0
7f9a5b7cc000-7f9a5b7d4000 r-xp 00000000 08:02 3547194                    /usr/lib/x86_64-linux-gnu/libthai.so.0.2.4
7f9a5b7d4000-7f9a5b9d3000 ---p 00008000 08:02 3547194                    /usr/lib/x86_64-linux-gnu/libthai.so.0.2.4
7f9a5b9d3000-7f9a5b9d4000 r--p 00007000 08:02 3547194                    /usr/lib/x86_64-linux-gnu/libthai.so.0.2.4
7f9a5b9d4000-7f9a5b9d5000 rw-p 00008000 08:02 3547194                    /usr/lib/x86_64-linux-gnu/libthai.so.0.2.4
7f9a5b9d5000-7f9a5b9f6000 r-xp 00000000 08:02 3547380                    /usr/lib/x86_64-linux-gnu/libxcb.so.1.1.0
7f9a5b9f6000-7f9a5bbf5000 ---p 00021000 08:02 3547380                    /usr/lib/x86_64-linux-gnu/libxcb.so.1.1.0
7f9a5bbf5000-7f9a5bbf6000 r--p 00020000 08:02 3547380                    /usr/lib/x86_64-linux-gnu/libxcb.so.1.1.0
7f9a5bbf6000-7f9a5bbf7000 rw-p 00021000 08:02 3547380                    /usr/lib/x86_64-linux-gnu/libxcb.so.1.1.0
7f9a5bbf7000-7f9a5bbff000 r-xp 00000000 08:02 3547362                    /usr/lib/x86_64-linux-gnu/libxcb-render.so.0.0.0
7f9a5bbff000-7f9a5bdff000 ---p 00008000 08:02 3547362                    /usr/lib/x86_64-linux-gnu/libxcb-render.so.0.0.0
7f9a5bdff000-7f9a5be00000 r--p 00008000 08:02 3547362                    /usr/lib/x86_64-linux-gnu/libxcb-render.so.0.0.0
7f9a5be00000-7f9a5be01000 rw-p 00009000 08:02 3547362                    /usr/lib/x86_64-linux-gnu/libxcb-render.so.0.0.0
7f9a5be01000-7f9a5be03000 r-xp 00000000 08:02 3547366                    /usr/lib/x86_64-linux-gnu/libxcb-shm.so.0.0.0
7f9a5be03000-7f9a5c003000 ---p 00002000 08:02 3547366                    /usr/lib/x86_64-linux-gnu/libxcb-shm.so.0.0.0
7f9a5c003000-7f9a5c004000 r--p 00002000 08:02 3547366                    /usr/lib/x86_64-linux-gnu/libxcb-shm.so.0.0.0
7f9a5c004000-7f9a5c005000 rw-p 00003000 08:02 3547366                    /usr/lib/x86_64-linux-gnu/libxcb-shm.so.0.0.0
7f9a5c005000-7f9a5c029000 r-xp 00000000 08:02 791270                     /lib/x86_64-linux-gnu/libpng12.so.0.54.0
7f9a5c029000-7f9a5c228000 ---p 00024000 08:02 791270                     /lib/x86_64-linux-gnu/libpng12.so.0.54.0
7f9a5c228000-7f9a5c229000 r--p 00023000 08:02 791270                     /lib/x86_64-linux-gnu/libpng12.so.0.54.0
7f9a5c229000-7f9a5c22a000 rw-p 00024000 08:02 791270                     /lib/x86_64-linux-gnu/libpng12.so.0.54.0
7f9a5c22a000-7f9a5c2c9000 r-xp 00000000 08:02 3546977                    /usr/lib/x86_64-linux-gnu/libpixman-1.so.0.33.6
7f9a5c2c9000-7f9a5c4c9000 ---p 0009f000 08:02 3546977                    /usr/lib/x86_64-linux-gnu/libpixman-1.so.0.33.6
7f9a5c4c9000-7f9a5c4d1000 r--p 0009f000 08:02 3546977                    /usr/lib/x86_64-linux-gnu/libpixman-1.so.0.33.6
7f9a5c4d1000-7f9a5c4d2000 rw-p 000a7000 08:02 3546977                    /usr/lib/x86_64-linux-gnu/libpixman-1.so.0.33.6
7f9a5c4d2000-7f9a5c563000 r-xp 00000000 08:02 3546650                    /usr/lib/x86_64-linux-gnu/libharfbuzz.so.0.10400.6
7f9a5c563000-7f9a5c762000 ---p 00091000 08:02 3546650                    /usr/lib/x86_64-linux-gnu/libharfbuzz.so.0.10400.6
7f9a5c762000-7f9a5c764000 r--p 00090000 08:02 3546650                    /usr/lib/x86_64-linux-gnu/libharfbuzz.so.0.10400.6
7f9a5c764000-7f9a5c765000 rw-p 00092000 08:02 3546650                    /usr/lib/x86_64-linux-gnu/libharfbuzz.so.0.10400.6
7f9a5c765000-7f9a5c77c000 r-xp 00000000 08:02 791281                     /lib/x86_64-linux-gnu/libresolv-2.23.so
7f9a5c77c000-7f9a5c97c000 ---p 00017000 08:02 791281                     /lib/x86_64-linux-gnu/libresolv-2.23.so
7f9a5c97c000-7f9a5c97d000 r--p 00017000 08:02 791281                     /lib/x86_64-linux-gnu/libresolv-2.23.so
7f9a5c97d000-7f9a5c97e000 rw-p 00018000 08:02 791281                     /lib/x86_64-linux-gnu/libresolv-2.23.so
7f9a5c97e000-7f9a5c980000 rw-p 00000000 00:00 0 
7f9a5c980000-7f9a5c99f000 r-xp 00000000 08:02 791287                     /lib/x86_64-linux-gnu/libselinux.so.1
7f9a5c99f000-7f9a5cb9e000 ---p 0001f000 08:02 791287                     /lib/x86_64-linux-gnu/libselinux.so.1
7f9a5cb9e000-7f9a5cb9f000 r--p 0001e000 08:02 791287                     /lib/x86_64-linux-gnu/libselinux.so.1
7f9a5cb9f000-7f9a5cba0000 rw-p 0001f000 08:02 791287                     /lib/x86_64-linux-gnu/libselinux.so.1
7f9a5cba0000-7f9a5cba2000 rw-p 00000000 00:00 0 
7f9a5cba2000-7f9a5cbbb000 r-xp 00000000 08:02 791320                     /lib/x86_64-linux-gnu/libz.so.1.2.8
7f9a5cbbb000-7f9a5cdba000 ---p 00019000 08:02 791320                     /lib/x86_64-linux-gnu/libz.so.1.2.8
7f9a5cdba000-7f9a5cdbb000 r--p 00018000 08:02 791320                     /lib/x86_64-linux-gnu/libz.so.1.2.8
7f9a5cdbb000-7f9a5cdbc000 rw-p 00019000 08:02 791320                     /lib/x86_64-linux-gnu/libz.so.1.2.8
7f9a5cdbc000-7f9a5cdcd000 r-xp 00000000 08:02 3546166                    /usr/lib/x86_64-linux-gnu/libXext.so.6.4.0
7f9a5cdcd000-7f9a5cfcc000 ---p 00011000 08:02 3546166                    /usr/lib/x86_64-linux-gnu/libXext.so.6.4.0
7f9a5cfcc000-7f9a5cfcd000 r--p 00010000 08:02 3546166                    /usr/lib/x86_64-linux-gnu/libXext.so.6.4.0
7f9a5cfcd000-7f9a5cfce000 rw-p 00011000 08:02 3546166                    /usr/lib/x86_64-linux-gnu/libXext.so.6.4.0
7f9a5cfce000-7f9a5cfd0000 r-xp 00000000 08:02 3546162                    /usr/lib/x86_64-linux-gnu/libXdamage.so.1.1.0
7f9a5cfd0000-7f9a5d1cf000 ---p 00002000 08:02 3546162                    /usr/lib/x86_64-linux-gnu/libXdamage.so.1.1.0
7f9a5d1cf000-7f9a5d1d0000 r--p 00001000 08:02 3546162                    /usr/lib/x86_64-linux-gnu/libXdamage.so.1.1.0
7f9a5d1d0000-7f9a5d1d1000 rw-p 00002000 08:02 3546162                    /usr/lib/x86_64-linux-gnu/libXdamage.so.1.1.0
7f9a5d1d1000-7f9a5d1d3000 r-xp 00000000 08:02 3546158                    /usr/lib/x86_64-linux-gnu/libXcomposite.so.1.0.0
7f9a5d1d3000-7f9a5d3d2000 ---p 00002000 08:02 3546158                    /usr/lib/x86_64-linux-gnu/libXcomposite.so.1.0.0
7f9a5d3d2000-7f9a5d3d3000 r--p 00001000 08:02 3546158                    /usr/lib/x86_64-linux-gnu/libXcomposite.so.1.0.0
7f9a5d3d3000-7f9a5d3d4000 rw-p 00002000 08:02 3546158                    /usr/lib/x86_64-linux-gnu/libXcomposite.so.1.0.0
7f9a5d3d4000-7f9a5d3dd000 r-xp 00000000 08:02 3546160                    /usr/lib/x86_64-linux-gnu/libXcursor.so.1.0.2
7f9a5d3dd000-7f9a5d5dc000 ---p 00009000 08:02 3546160                    /usr/lib/x86_64-linux-gnu/libXcursor.so.1.0.2
7f9a5d5dc000-7f9a5d5dd000 r--p 00008000 08:02 3546160                    /usr/lib/x86_64-linux-gnu/libXcursor.so.1.0.2
7f9a5d5dd000-7f9a5d5de000 rw-p 00009000 08:02 3546160                    /usr/lib/x86_64-linux-gnu/libXcursor.so.1.0.2
7f9a5d5de000-7f9a5d5e8000 r-xp 00000000 08:02 3546186                    /usr/lib/x86_64-linux-gnu/libXrandr.so.2.2.0
7f9a5d5e8000-7f9a5d7e7000 ---p 0000a000 08:02 3546186                    /usr/lib/x86_64-linux-gnu/libXrandr.so.2.2.0
7f9a5d7e7000-7f9a5d7e8000 r--p 00009000 08:02 3546186                    /usr/lib/x86_64-linux-gnu/libXrandr.so.2.2.0
7f9a5d7e8000-7f9a5d7e9000 rw-p 0000a000 08:02 3546186                    /usr/lib/x86_64-linux-gnu/libXrandr.so.2.2.0
7f9a5d7e9000-7f9a5d7f8000 r-xp 00000000 08:02 3546176                    /usr/lib/x86_64-linux-gnu/libXi.so.6.1.0
7f9a5d7f8000-7f9a5d9f7000 ---p 0000f000 08:02 3546176                    /usr/lib/x86_64-linux-gnu/libXi.so.6.1.0
7f9a5d9f7000-7f9a5d9f8000 r--p 0000e000 08:02 3546176                    /usr/lib/x86_64-linux-gnu/libXi.so.6.1.0
7f9a5d9f8000-7f9a5d9f9000 rw-p 0000f000 08:02 3546176                    /usr/lib/x86_64-linux-gnu/libXi.so.6.1.0
7f9a5d9f9000-7f9a5d9fb000 r-xp 00000000 08:02 3546178                    /usr/lib/x86_64-linux-gnu/libXinerama.so.1.0.0
7f9a5d9fb000-7f9a5dbfa000 ---p 00002000 08:02 3546178                    /usr/lib/x86_64-linux-gnu/libXinerama.so.1.0.0
7f9a5dbfa000-7f9a5dbfb000 r--p 00001000 08:02 3546178                    /usr/lib/x86_64-linux-gnu/libXinerama.so.1.0.0
7f9a5dbfb000-7f9a5dbfc000 rw-p 00002000 08:02 3546178                    /usr/lib/x86_64-linux-gnu/libXinerama.so.1.0.0
7f9a5dbfc000-7f9a5dc05000 r-xp 00000000 08:02 3546188                    /usr/lib/x86_64-linux-gnu/libXrender.so.1.3.0
7f9a5dc05000-7f9a5de04000 ---p 00009000 08:02 3546188                    /usr/lib/x86_64-linux-gnu/libXrender.so.1.3.0
7f9a5de04000-7f9a5de05000 r--p 00008000 08:02 3546188                    /usr/lib/x86_64-linux-gnu/libXrender.so.1.3.0
7f9a5de05000-7f9a5de06000 rw-p 00009000 08:02 3546188                    /usr/lib/x86_64-linux-gnu/libXrender.so.1.3.0
7f9a5de06000-7f9a5de0b000 r-xp 00000000 08:02 3546168                    /usr/lib/x86_64-linux-gnu/libXfixes.so.3.1.0
7f9a5de0b000-7f9a5e00a000 ---p 00005000 08:02 3546168                    /usr/lib/x86_64-linux-gnu/libXfixes.so.3.1.0
7f9a5e00a000-7f9a5e00b000 r--p 00004000 08:02 3546168                    /usr/lib/x86_64-linux-gnu/libXfixes.so.3.1.0
7f9a5e00b000-7f9a5e00c000 rw-p 00005000 08:02 3546168                    /usr/lib/x86_64-linux-gnu/libXfixes.so.3.1.0
7f9a5e00c000-7f9a5e022000 r-xp 00000000 08:02 791169                     /lib/x86_64-linux-gnu/libgcc_s.so.1
7f9a5e022000-7f9a5e221000 ---p 00016000 08:02 791169                     /lib/x86_64-linux-gnu/libgcc_s.so.1
7f9a5e221000-7f9a5e222000 rw-p 00015000 08:02 791169                     /lib/x86_64-linux-gnu/libgcc_s.so.1
7f9a5e222000-7f9a5e394000 r-xp 00000000 08:02 3547167                    /usr/lib/x86_64-linux-gnu/libstdc++.so.6.0.21
7f9a5e394000-7f9a5e594000 ---p 00172000 08:02 3547167                    /usr/lib/x86_64-linux-gnu/libstdc++.so.6.0.21
7f9a5e594000-7f9a5e59e000 r--p 00172000 08:02 3547167                    /usr/lib/x86_64-linux-gnu/libstdc++.so.6.0.21
7f9a5e59e000-7f9a5e5a0000 rw-p 0017c000 08:02 3547167                    /usr/lib/x86_64-linux-gnu/libstdc++.so.6.0.21
7f9a5e5a0000-7f9a5e5a4000 rw-p 00000000 00:00 0 
7f9a5e5a4000-7f9a5e612000 r-xp 00000000 08:02 3671987                    /usr/lib/x86_64-linux-gnu/mesa/libGL.so.1.2.0
7f9a5e612000-7f9a5e812000 ---p 0006e000 08:02 3671987                    /usr/lib/x86_64-linux-gnu/mesa/libGL.so.1.2.0
7f9a5e812000-7f9a5e815000 r--p 0006e000 08:02 3671987                    /usr/lib/x86_64-linux-gnu/mesa/libGL.so.1.2.0
7f9a5e815000-7f9a5e816000 rw-p 00071000 08:02 3671987                    /usr/lib/x86_64-linux-gnu/mesa/libGL.so.1.2.0
7f9a5e816000-7f9a5e817000 rw-p 00000000 00:00 0 
7f9a5e817000-7f9a5e81c000 r-xp 00000000 08:02 3546200                    /usr/lib/x86_64-linux-gnu/libXxf86vm.so.1.0.0
7f9a5e81c000-7f9a5ea1b000 ---p 00005000 08:02 3546200                    /usr/lib/x86_64-linux-gnu/libXxf86vm.so.1.0.0
7f9a5ea1b000-7f9a5ea1c000 r--p 00004000 08:02 3546200                    /usr/lib/x86_64-linux-gnu/libXxf86vm.so.1.0.0
7f9a5ea1c000-7f9a5ea1d000 rw-p 00005000 08:02 3546200                    /usr/lib/x86_64-linux-gnu/libXxf86vm.so.1.0.0
7f9a5ea1d000-7f9a5eb52000 r-xp 00000000 08:02 3546151                    /usr/lib/x86_64-linux-gnu/libX11.so.6.3.0
7f9a5eb52000-7f9a5ed52000 ---p 00135000 08:02 3546151                    /usr/lib/x86_64-linux-gnu/libX11.so.6.3.0
7f9a5ed52000-7f9a5ed53000 r--p 00135000 08:02 3546151                    /usr/lib/x86_64-linux-gnu/libX11.so.6.3.0
7f9a5ed53000-7f9a5ed57000 rw-p 00136000 08:02 3546151                    /usr/lib/x86_64-linux-gnu/libX11.so.6.3.0
7f9a5ed57000-7f9a5ed5c000 r-xp 00000000 08:02 3546194                    /usr/lib/x86_64-linux-gnu/libXtst.so.6.1.0
7f9a5ed5c000-7f9a5ef5b000 ---p 00005000 08:02 3546194                    /usr/lib/x86_64-linux-gnu/libXtst.so.6.1.0
7f9a5ef5b000-7f9a5ef5c000 r--p 00004000 08:02 3546194                    /usr/lib/x86_64-linux-gnu/libXtst.so.6.1.0
7f9a5ef5c000-7f9a5ef5d000 rw-p 00005000 08:02 3546194                    /usr/lib/x86_64-linux-gnu/libXtst.so.6.1.0
7f9a5ef5d000-7f9a5f06c000 r-xp 00000000 08:02 791173                     /lib/x86_64-linux-gnu/libglib-2.0.so.0.4800.2
7f9a5f06c000-7f9a5f26b000 ---p 0010f000 08:02 791173                     /lib/x86_64-linux-gnu/libglib-2.0.so.0.4800.2
7f9a5f26b000-7f9a5f26c000 r--p 0010e000 08:02 791173                     /lib/x86_64-linux-gnu/libglib-2.0.so.0.4800.2
7f9a5f26c000-7f9a5f26d000 rw-p 0010f000 08:02 791173                     /lib/x86_64-linux-gnu/libglib-2.0.so.0.4800.2
7f9a5f26d000-7f9a5f26e000 rw-p 00000000 00:00 0 
7f9a5f26e000-7f9a5f26f000 r-xp 00000000 08:02 3546634                    /usr/lib/x86_64-linux-gnu/libgthread-2.0.so.0.4800.2
7f9a5f26f000-7f9a5f46e000 ---p 00001000 08:02 3546634                    /usr/lib/x86_64-linux-gnu/libgthread-2.0.so.0.4800.2
7f9a5f46e000-7f9a5f46f000 r--p 00000000 08:02 3546634                    /usr/lib/x86_64-linux-gnu/libgthread-2.0.so.0.4800.2
7f9a5f46f000-7f9a5f470000 rw-p 00001000 08:02 3546634                    /usr/lib/x86_64-linux-gnu/libgthread-2.0.so.0.4800.2
7f9a5f470000-7f9a5f473000 r-xp 00000000 08:02 3546561                    /usr/lib/x86_64-linux-gnu/libgmodule-2.0.so.0.4800.2
7f9a5f473000-7f9a5f672000 ---p 00003000 08:02 3546561                    /usr/lib/x86_64-linux-gnu/libgmodule-2.0.so.0.4800.2
7f9a5f672000-7f9a5f673000 r--p 00002000 08:02 3546561                    /usr/lib/x86_64-linux-gnu/libgmodule-2.0.so.0.4800.2
7f9a5f673000-7f9a5f674000 rw-p 00003000 08:02 3546561                    /usr/lib/x86_64-linux-gnu/libgmodule-2.0.so.0.4800.2
7f9a5f674000-7f9a5f6c6000 r-xp 00000000 08:02 3546569                    /usr/lib/x86_64-linux-gnu/libgobject-2.0.so.0.4800.2
7f9a5f6c6000-7f9a5f8c5000 ---p 00052000 08:02 3546569                    /usr/lib/x86_64-linux-gnu/libgobject-2.0.so.0.4800.2
7f9a5f8c5000-7f9a5f8c6000 r--p 00051000 08:02 3546569                    /usr/lib/x86_64-linux-gnu/libgobject-2.0.so.0.4800.2
7f9a5f8c6000-7f9a5f8c7000 rw-p 00052000 08:02 3546569                    /usr/lib/x86_64-linux-gnu/libgobject-2.0.so.0.4800.2
7f9a5f8c7000-7f9a5f904000 r-xp 00000000 08:02 3546485                    /usr/lib/x86_64-linux-gnu/libfontconfig.so.1.9.0
7f9a5f904000-7f9a5fb03000 ---p 0003d000 08:02 3546485                    /usr/lib/x86_64-linux-gnu/libfontconfig.so.1.9.0
7f9a5fb03000-7f9a5fb05000 r--p 0003c000 08:02 3546485                    /usr/lib/x86_64-linux-gnu/libfontconfig.so.1.9.0
7f9a5fb05000-7f9a5fb0a000 rw-p 0003e000 08:02 3546485                    /usr/lib/x86_64-linux-gnu/libfontconfig.so.1.9.0
7f9a5fb0a000-7f9a5fbae000 r-xp 00000000 08:02 3546515                    /usr/lib/x86_64-linux-gnu/libfreetype.so.6.12.1
7f9a5fbae000-7f9a5fdad000 ---p 000a4000 08:02 3546515                    /usr/lib/x86_64-linux-gnu/libfreetype.so.6.12.1
7f9a5fdad000-7f9a5fdb3000 r--p 000a3000 08:02 3546515                    /usr/lib/x86_64-linux-gnu/libfreetype.so.6.12.1
7f9a5fdb3000-7f9a5fdb4000 rw-p 000a9000 08:02 3546515                    /usr/lib/x86_64-linux-gnu/libfreetype.so.6.12.1
7f9a5fdb4000-7f9a5fdfd000 r-xp 00000000 08:02 3546953                    /usr/lib/x86_64-linux-gnu/libpango-1.0.so.0.3800.1
7f9a5fdfd000-7f9a5fffd000 ---p 00049000 08:02 3546953                    /usr/lib/x86_64-linux-gnu/libpango-1.0.so.0.3800.1
7f9a5fffd000-7f9a5ffff000 r--p 00049000 08:02 3546953                    /usr/lib/x86_64-linux-gnu/libpango-1.0.so.0.3800.1
7f9a5ffff000-7f9a60000000 rw-p 0004b000 08:02 3546953                    /usr/lib/x86_64-linux-gnu/libpango-1.0.so.0.3800.1
7f9a60000000-7f9a60021000 rw-p 00000000 00:00 0 
7f9a60021000-7f9a64000000 ---p 00000000 00:00 0 
7f9a64000000-7f9a65e44000 rw-p 00000000 00:00 0 
7f9a65e44000-7f9a68000000 ---p 00000000 00:00 0 
7f9a68000000-7f9a68411000 rw-p 00000000 00:00 0 
7f9a68411000-7f9a6c000000 ---p 00000000 00:00 0 
7f9a6c000000-7f9a6c021000 rw-p 00000000 00:00 0 
7f9a6c021000-7f9a70000000 ---p 00000000 00:00 0 
7f9a70000000-7f9a70329000 rw-p 00000000 00:00 0 
7f9a70329000-7f9a74000000 ---p 00000000 00:00 0 
7f9a74000000-7f9a74002000 r--s 00000000 08:02 4200319                    /var/cache/fontconfig/4b14b093aebc79c320de5e86ae1d3314-le64.cache-6
7f9a74002000-7f9a7402c000 r--p 00000000 08:02 3815303                    /usr/share/locale-langpack/es/LC_MESSAGES/gtk20-properties.mo
7f9a7402c000-7f9a74051000 r--p 00000000 08:02 3813115                    /usr/share/locale-langpack/es/LC_MESSAGES/libc.mo
7f9a74051000-7f9a7415f000 r-xp 00000000 08:02 3546300                    /usr/lib/x86_64-linux-gnu/libcairo.so.2.11400.6
7f9a7415f000-7f9a7435f000 ---p 0010e000 08:02 3546300                    /usr/lib/x86_64-linux-gnu/libcairo.so.2.11400.6
7f9a7435f000-7f9a74362000 r--p 0010e000 08:02 3546300                    /usr/lib/x86_64-linux-gnu/libcairo.so.2.11400.6
7f9a74362000-7f9a74363000 rw-p 00111000 08:02 3546300                    /usr/lib/x86_64-linux-gnu/libcairo.so.2.11400.6
7f9a74363000-7f9a74365000 rw-p 00000000 00:00 0 
7f9a74365000-7f9a74386000 r-xp 00000000 08:02 3546541                    /usr/lib/x86_64-linux-gnu/libgdk_pixbuf-2.0.so.0.3200.2
7f9a74386000-7f9a74585000 ---p 00021000 08:02 3546541                    /usr/lib/x86_64-linux-gnu/libgdk_pixbuf-2.0.so.0.3200.2
7f9a74585000-7f9a74586000 r--p 00020000 08:02 3546541                    /usr/lib/x86_64-linux-gnu/libgdk_pixbuf-2.0.so.0.3200.2
7f9a74586000-7f9a74587000 rw-p 00021000 08:02 3546541                    /usr/lib/x86_64-linux-gnu/libgdk_pixbuf-2.0.so.0.3200.2
7f9a74587000-7f9a7459b000 r-xp 00000000 08:02 3546957                    /usr/lib/x86_64-linux-gnu/libpangoft2-1.0.so.0.3800.1
7f9a7459b000-7f9a7479b000 ---p 00014000 08:02 3546957                    /usr/lib/x86_64-linux-gnu/libpangoft2-1.0.so.0.3800.1
7f9a7479b000-7f9a7479c000 r--p 00014000 08:02 3546957                    /usr/lib/x86_64-linux-gnu/libpangoft2-1.0.so.0.3800.1
7f9a7479c000-7f9a7479d000 rw-p 00015000 08:02 3546957                    /usr/lib/x86_64-linux-gnu/libpangoft2-1.0.so.0.3800.1
7f9a7479d000-7f9a7491d000 r-xp 00000000 08:02 3546551                    /usr/lib/x86_64-linux-gnu/libgio-2.0.so.0.4800.2
7f9a7491d000-7f9a74b1d000 ---p 00180000 08:02 3546551                    /usr/lib/x86_64-linux-gnu/libgio-2.0.so.0.4800.2
7f9a74b1d000-7f9a74b21000 r--p 00180000 08:02 3546551                    /usr/lib/x86_64-linux-gnu/libgio-2.0.so.0.4800.2
7f9a74b21000-7f9a74b23000 rw-p 00184000 08:02 3546551                    /usr/lib/x86_64-linux-gnu/libgio-2.0.so.0.4800.2
7f9a74b23000-7f9a74b25000 rw-p 00000000 00:00 0 
7f9a74b25000-7f9a74b47000 r-xp 00000000 08:02 3546244                    /usr/lib/x86_64-linux-gnu/libatk-1.0.so.0.21809.1
7f9a74b47000-7f9a74d46000 ---p 00022000 08:02 3546244                    /usr/lib/x86_64-linux-gnu/libatk-1.0.so.0.21809.1
7f9a74d46000-7f9a74d49000 r--p 00021000 08:02 3546244                    /usr/lib/x86_64-linux-gnu/libatk-1.0.so.0.21809.1
7f9a74d49000-7f9a74d4a000 rw-p 00024000 08:02 3546244                    /usr/lib/x86_64-linux-gnu/libatk-1.0.so.0.21809.1
7f9a74d4a000-7f9a74dfa000 r-xp 00000000 08:02 3546539                    /usr/lib/x86_64-linux-gnu/libgdk-x11-2.0.so.0.2400.30
7f9a74dfa000-7f9a74ff9000 ---p 000b0000 08:02 3546539                    /usr/lib/x86_64-linux-gnu/libgdk-x11-2.0.so.0.2400.30
7f9a74ff9000-7f9a74ffd000 r--p 000af000 08:02 3546539                    /usr/lib/x86_64-linux-gnu/libgdk-x11-2.0.so.0.2400.30
7f9a74ffd000-7f9a74fff000 rw-p 000b3000 08:02 3546539                    /usr/lib/x86_64-linux-gnu/libgdk-x11-2.0.so.0.2400.30
7f9a74fff000-7f9a78000000 rw-p 00000000 00:00 0 
7f9a78000000-7f9a78021000 rw-p 00000000 00:00 0 
7f9a78021000-7f9a7c000000 ---p 00000000 00:00 0 
7f9a7c000000-7f9a7c021000 rw-p 00000000 00:00 0 
7f9a7c021000-7f9a80000000 ---p 00000000 00:00 0 
7f9a80000000-7f9a80021000 rw-p 00000000 00:00 0 
7f9a80021000-7f9a84000000 ---p 00000000 00:00 0 
7f9a84000000-7f9a84021000 rw-p 00000000 00:00 0 
7f9a84021000-7f9a88000000 ---p 00000000 00:00 0 
7f9a88000000-7f9a88021000 rw-p 00000000 00:00 0 
7f9a88021000-7f9a8c000000 ---p 00000000 00:00 0 
7f9a8c000000-7f9a8c021000 rw-p 00000000 00:00 0 
7f9a8c021000-7f9a90000000 ---p 00000000 00:00 0 
7f9a90000000-7f9a90021000 rw-p 00000000 00:00 0 
7f9a90021000-7f9a94000000 ---p 00000000 00:00 0 
7f9a94000000-7f9a94001000 r--s 00000000 08:02 4200321                    /var/cache/fontconfig/4794a0821666d79190d59a36cb4f44b5-le64.cache-6
7f9a94001000-7f9a94004000 r--s 00000000 08:02 4200317                    /var/cache/fontconfig/75114ca45c98e8a441da0ff356701271-le64.cache-6
7f9a94004000-7f9a94010000 r-xp 00000000 08:02 3546955                    /usr/lib/x86_64-linux-gnu/libpangocairo-1.0.so.0.3800.1
7f9a94010000-7f9a9420f000 ---p 0000c000 08:02 3546955                    /usr/lib/x86_64-linux-gnu/libpangocairo-1.0.so.0.3800.1
7f9a9420f000-7f9a94210000 r--p 0000b000 08:02 3546955                    /usr/lib/x86_64-linux-gnu/libpangocairo-1.0.so.0.3800.1
7f9a94210000-7f9a94211000 rw-p 0000c000 08:02 3546955                    /usr/lib/x86_64-linux-gnu/libpangocairo-1.0.so.0.3800.1
7f9a94211000-7f9a9464f000 r-xp 00000000 08:02 3546638                    /usr/lib/x86_64-linux-gnu/libgtk-x11-2.0.so.0.2400.30
7f9a9464f000-7f9a9484e000 ---p 0043e000 08:02 3546638                    /usr/lib/x86_64-linux-gnu/libgtk-x11-2.0.so.0.2400.30
7f9a9484e000-7f9a94855000 r--p 0043d000 08:02 3546638                    /usr/lib/x86_64-linux-gnu/libgtk-x11-2.0.so.0.2400.30
7f9a94855000-7f9a94859000 rw-p 00444000 08:02 3546638                    /usr/lib/x86_64-linux-gnu/libgtk-x11-2.0.so.0.2400.30
7f9a94859000-7f9a9485c000 rw-p 00000000 00:00 0 
7f9a9485c000-7f9a9485f000 r--s 00000000 08:02 4195400                    /var/cache/fontconfig/e13b20fdb08344e0e664864cc2ede53d-le64.cache-6
7f9a9485f000-7f9a94865000 r--s 00000000 08:02 4202079                    /var/cache/fontconfig/3830d5c3ddfd5cd38a049b759396e72e-le64.cache-6
7f9a94865000-7f9a94866000 rw-s 1002e1000 00:06 334                       /dev/dri/card0
7f9a94867000-7f9a94876000 r--p 00000000 08:02 3815986                    /usr/share/locale-langpack/es/LC_MESSAGES/gtk20.mo
7f9a94876000-7f9a9487d000 r--s 00000000 08:02 3671625                    /usr/lib/x86_64-linux-gnu/gconv/gconv-modules.cache
7f9a9487d000-7f9a94889000 r-xp 00000000 08:02 2885488                    /opt/jdk/jdk1.8.0_161/jre/lib/amd64/libprism_es2.so
7f9a94889000-7f9a94a88000 ---p 0000c000 08:02 2885488                    /opt/jdk/jdk1.8.0_161/jre/lib/amd64/libprism_es2.so
7f9a94a88000-7f9a94a89000 rw-p 0000b000 08:02 2885488                    /opt/jdk/jdk1.8.0_161/jre/lib/amd64/libprism_es2.so
7f9a94a89000-7f9a94a8c000 ---p 00000000 00:00 0 
7f9a94a8c000-7f9a94b8a000 rw-p 00000000 00:00 0 
7f9a94b8a000-7f9a94b8b000 ---p 00000000 00:00 0 
7f9a94b8b000-7f9a94c8b000 rw-p 00000000 00:00 0 
7f9a94c8b000-7f9a94c8e000 ---p 00000000 00:00 0 
7f9a94c8e000-7f9a94d8c000 rw-p 00000000 00:00 0 
7f9a94d8c000-7f9a94d8f000 ---p 00000000 00:00 0 
7f9a94d8f000-7f9a94e8d000 rw-p 00000000 00:00 0 
7f9a94e8d000-7f9a94ea3000 r-xp 00000000 08:02 2885484                    /opt/jdk/jdk1.8.0_161/jre/lib/amd64/libnet.so
7f9a94ea3000-7f9a950a3000 ---p 00016000 08:02 2885484                    /opt/jdk/jdk1.8.0_161/jre/lib/amd64/libnet.so
7f9a950a3000-7f9a950a4000 rw-p 00016000 08:02 2885484                    /opt/jdk/jdk1.8.0_161/jre/lib/amd64/libnet.so
7f9a950a4000-7f9a950a7000 ---p 00000000 00:00 0 
7f9a950a7000-7f9a951a5000 rw-p 00000000 00:00 0 
7f9a951a5000-7f9a951a8000 ---p 00000000 00:00 0 
7f9a951a8000-7f9a952a6000 rw-p 00000000 00:00 0 
7f9a952a6000-7f9a952a8000 r--s 0001a000 08:02 5115840                    /home/blacksabbathx/.local/share/JetBrains/Toolbox/apps/IDEA-U/ch-0/181.4445.78/lib/idea_rt.jar
7f9a952a8000-7f9a952bd000 r--s 00237000 08:02 1313300                    /home/blacksabbathx/IdeaProjects/ProyectoCine/src/sources/jfoenix-8.0.1.jar
7f9a952bd000-7f9a952d0000 r--s 00345000 08:02 2885308                    /opt/jdk/jdk1.8.0_161/jre/lib/resources.jar
7f9a952d0000-7f9a952e3000 r--s 000d6000 08:02 2885212                    /opt/jdk/jdk1.8.0_161/jre/lib/plugin.jar
7f9a952e3000-7f9a952e8000 r--s 0009d000 08:02 2885327                    /opt/jdk/jdk1.8.0_161/jre/lib/jsse.jar
7f9a952e8000-7f9a952ed000 r--s 00084000 08:02 2885187                    /opt/jdk/jdk1.8.0_161/jre/lib/jfr.jar
7f9a952ed000-7f9a95309000 r--s 0020b000 08:02 2885188                    /opt/jdk/jdk1.8.0_161/jre/lib/deploy.jar
7f9a95309000-7f9a9539f000 r--s 0110a000 08:02 2885332                    /opt/jdk/jdk1.8.0_161/jre/lib/ext/jfxrt.jar
7f9a9539f000-7f9a953a2000 ---p 00000000 00:00 0 
7f9a953a2000-7f9a954a0000 rw-p 00000000 00:00 0 
7f9a954a0000-7f9a959ec000 r--p 00000000 08:02 3549632                    /usr/lib/locale/locale-archive
7f9a959ec000-7f9a959ef000 ---p 00000000 00:00 0 
7f9a959ef000-7f9a95aed000 rw-p 00000000 00:00 0 
7f9a95aed000-7f9a95af0000 ---p 00000000 00:00 0 
7f9a95af0000-7f9a95bee000 rw-p 00000000 00:00 0 
7f9a95bee000-7f9a95bef000 ---p 00000000 00:00 0 
7f9a95bef000-7f9a96647000 rw-p 00000000 00:00 0 
7f9a96647000-7f9a96820000 r--s 03d64000 08:02 2885270                    /opt/jdk/jdk1.8.0_161/jre/lib/rt.jar
7f9a96820000-7f9a99000000 rw-p 00000000 00:00 0 
7f9a99000000-7f9a99650000 rwxp 00000000 00:00 0 
7f9a99650000-7f9aa8000000 ---p 00000000 00:00 0 
7f9aa8000000-7f9aa8506000 rw-p 00000000 00:00 0 
7f9aa8506000-7f9aac000000 ---p 00000000 00:00 0 
7f9aac000000-7f9aac001000 rw-s 00000000 00:05 199830                     /drm mm object (deleted)
7f9aac001000-7f9aac00a000 r--s 0006d000 08:02 2885197                    /opt/jdk/jdk1.8.0_161/jre/lib/javaws.jar
7f9aac00a000-7f9aac00b000 ---p 00000000 00:00 0 
7f9aac00b000-7f9aac10b000 rw-p 00000000 00:00 0 
7f9aac10b000-7f9aac10c000 ---p 00000000 00:00 0 
7f9aac10c000-7f9aac23c000 rw-p 00000000 00:00 0 
7f9aac23c000-7f9aac34c000 ---p 00000000 00:00 0 
7f9aac34c000-7f9aac37c000 rw-p 00000000 00:00 0 
7f9aac37c000-7f9aac48c000 ---p 00000000 00:00 0 
7f9aac48c000-7f9aac496000 rw-p 00000000 00:00 0 
7f9aac496000-7f9aac52c000 ---p 00000000 00:00 0 
7f9aac52c000-7f9aac547000 rw-p 00000000 00:00 0 
7f9aac547000-7f9aac8ed000 ---p 00000000 00:00 0 
7f9aac8ed000-7f9aac908000 r-xp 00000000 08:02 2885480                    /opt/jdk/jdk1.8.0_161/jre/lib/amd64/libzip.so
7f9aac908000-7f9aacb08000 ---p 0001b000 08:02 2885480                    /opt/jdk/jdk1.8.0_161/jre/lib/amd64/libzip.so
7f9aacb08000-7f9aacb09000 rw-p 0001b000 08:02 2885480                    /opt/jdk/jdk1.8.0_161/jre/lib/amd64/libzip.so
7f9aacb09000-7f9aacb14000 r-xp 00000000 08:02 791228                     /lib/x86_64-linux-gnu/libnss_files-2.23.so
7f9aacb14000-7f9aacd13000 ---p 0000b000 08:02 791228                     /lib/x86_64-linux-gnu/libnss_files-2.23.so
7f9aacd13000-7f9aacd14000 r--p 0000a000 08:02 791228                     /lib/x86_64-linux-gnu/libnss_files-2.23.so
7f9aacd14000-7f9aacd15000 rw-p 0000b000 08:02 791228                     /lib/x86_64-linux-gnu/libnss_files-2.23.so
7f9aacd15000-7f9aacd1b000 rw-p 00000000 00:00 0 
7f9aacd1b000-7f9aacd26000 r-xp 00000000 08:02 791238                     /lib/x86_64-linux-gnu/libnss_nis-2.23.so
7f9aacd26000-7f9aacf25000 ---p 0000b000 08:02 791238                     /lib/x86_64-linux-gnu/libnss_nis-2.23.so
7f9aacf25000-7f9aacf26000 r--p 0000a000 08:02 791238                     /lib/x86_64-linux-gnu/libnss_nis-2.23.so
7f9aacf26000-7f9aacf27000 rw-p 0000b000 08:02 791238                     /lib/x86_64-linux-gnu/libnss_nis-2.23.so
7f9aacf27000-7f9aacf3d000 r-xp 00000000 08:02 791222                     /lib/x86_64-linux-gnu/libnsl-2.23.so
7f9aacf3d000-7f9aad13c000 ---p 00016000 08:02 791222                     /lib/x86_64-linux-gnu/libnsl-2.23.so
7f9aad13c000-7f9aad13d000 r--p 00015000 08:02 791222                     /lib/x86_64-linux-gnu/libnsl-2.23.so
7f9aad13d000-7f9aad13e000 rw-p 00016000 08:02 791222                     /lib/x86_64-linux-gnu/libnsl-2.23.so
7f9aad13e000-7f9aad140000 rw-p 00000000 00:00 0 
7f9aad140000-7f9aad148000 r-xp 00000000 08:02 791224                     /lib/x86_64-linux-gnu/libnss_compat-2.23.so
7f9aad148000-7f9aad347000 ---p 00008000 08:02 791224                     /lib/x86_64-linux-gnu/libnss_compat-2.23.so
7f9aad347000-7f9aad348000 r--p 00007000 08:02 791224                     /lib/x86_64-linux-gnu/libnss_compat-2.23.so
7f9aad348000-7f9aad349000 rw-p 00008000 08:02 791224                     /lib/x86_64-linux-gnu/libnss_compat-2.23.so
7f9aad349000-7f9aad353000 r-xp 00000000 08:02 2885489                    /opt/jdk/jdk1.8.0_161/jre/lib/amd64/libinstrument.so
7f9aad353000-7f9aad552000 ---p 0000a000 08:02 2885489                    /opt/jdk/jdk1.8.0_161/jre/lib/amd64/libinstrument.so
7f9aad552000-7f9aad553000 rw-p 00009000 08:02 2885489                    /opt/jdk/jdk1.8.0_161/jre/lib/amd64/libinstrument.so
7f9aad553000-7f9aad57e000 r-xp 00000000 08:02 2885474                    /opt/jdk/jdk1.8.0_161/jre/lib/amd64/libjava.so
7f9aad57e000-7f9aad77d000 ---p 0002b000 08:02 2885474                    /opt/jdk/jdk1.8.0_161/jre/lib/amd64/libjava.so
7f9aad77d000-7f9aad77f000 rw-p 0002a000 08:02 2885474                    /opt/jdk/jdk1.8.0_161/jre/lib/amd64/libjava.so
7f9aad77f000-7f9aad78c000 r-xp 00000000 08:02 2885479                    /opt/jdk/jdk1.8.0_161/jre/lib/amd64/libverify.so
7f9aad78c000-7f9aad98c000 ---p 0000d000 08:02 2885479                    /opt/jdk/jdk1.8.0_161/jre/lib/amd64/libverify.so
7f9aad98c000-7f9aad98e000 rw-p 0000d000 08:02 2885479                    /opt/jdk/jdk1.8.0_161/jre/lib/amd64/libverify.so
7f9aad98e000-7f9aad995000 r-xp 00000000 08:02 791283                     /lib/x86_64-linux-gnu/librt-2.23.so
7f9aad995000-7f9aadb94000 ---p 00007000 08:02 791283                     /lib/x86_64-linux-gnu/librt-2.23.so
7f9aadb94000-7f9aadb95000 r--p 00006000 08:02 791283                     /lib/x86_64-linux-gnu/librt-2.23.so
7f9aadb95000-7f9aadb96000 rw-p 00007000 08:02 791283                     /lib/x86_64-linux-gnu/librt-2.23.so
7f9aadb96000-7f9aadc9e000 r-xp 00000000 08:02 791201                     /lib/x86_64-linux-gnu/libm-2.23.so
7f9aadc9e000-7f9aade9d000 ---p 00108000 08:02 791201                     /lib/x86_64-linux-gnu/libm-2.23.so
7f9aade9d000-7f9aade9e000 r--p 00107000 08:02 791201                     /lib/x86_64-linux-gnu/libm-2.23.so
7f9aade9e000-7f9aade9f000 rw-p 00108000 08:02 791201                     /lib/x86_64-linux-gnu/libm-2.23.so
7f9aade9f000-7f9aaeb78000 r-xp 00000000 08:02 2885457                    /opt/jdk/jdk1.8.0_161/jre/lib/amd64/server/libjvm.so
7f9aaeb78000-7f9aaed77000 ---p 00cd9000 08:02 2885457                    /opt/jdk/jdk1.8.0_161/jre/lib/amd64/server/libjvm.so
7f9aaed77000-7f9aaee50000 rw-p 00cd8000 08:02 2885457                    /opt/jdk/jdk1.8.0_161/jre/lib/amd64/server/libjvm.so
7f9aaee50000-7f9aaee9c000 rw-p 00000000 00:00 0 
7f9aaee9c000-7f9aaf05c000 r-xp 00000000 08:02 791133                     /lib/x86_64-linux-gnu/libc-2.23.so
7f9aaf05c000-7f9aaf25c000 ---p 001c0000 08:02 791133                     /lib/x86_64-linux-gnu/libc-2.23.so
7f9aaf25c000-7f9aaf260000 r--p 001c0000 08:02 791133                     /lib/x86_64-linux-gnu/libc-2.23.so
7f9aaf260000-7f9aaf262000 rw-p 001c4000 08:02 791133                     /lib/x86_64-linux-gnu/libc-2.23.so
7f9aaf262000-7f9aaf266000 rw-p 00000000 00:00 0 
7f9aaf266000-7f9aaf269000 r-xp 00000000 08:02 791155                     /lib/x86_64-linux-gnu/libdl-2.23.so
7f9aaf269000-7f9aaf468000 ---p 00003000 08:02 791155                     /lib/x86_64-linux-gnu/libdl-2.23.so
7f9aaf468000-7f9aaf469000 r--p 00002000 08:02 791155                     /lib/x86_64-linux-gnu/libdl-2.23.so
7f9aaf469000-7f9aaf46a000 rw-p 00003000 08:02 791155                     /lib/x86_64-linux-gnu/libdl-2.23.so
7f9aaf46a000-7f9aaf480000 r-xp 00000000 08:02 2885095                    /opt/jdk/jdk1.8.0_161/lib/amd64/jli/libjli.so
7f9aaf480000-7f9aaf67f000 ---p 00016000 08:02 2885095                    /opt/jdk/jdk1.8.0_161/lib/amd64/jli/libjli.so
7f9aaf67f000-7f9aaf680000 rw-p 00015000 08:02 2885095                    /opt/jdk/jdk1.8.0_161/lib/amd64/jli/libjli.so
7f9aaf680000-7f9aaf698000 r-xp 00000000 08:02 791275                     /lib/x86_64-linux-gnu/libpthread-2.23.so
7f9aaf698000-7f9aaf897000 ---p 00018000 08:02 791275                     /lib/x86_64-linux-gnu/libpthread-2.23.so
7f9aaf897000-7f9aaf898000 r--p 00017000 08:02 791275                     /lib/x86_64-linux-gnu/libpthread-2.23.so
7f9aaf898000-7f9aaf899000 rw-p 00018000 08:02 791275                     /lib/x86_64-linux-gnu/libpthread-2.23.so
7f9aaf899000-7f9aaf89d000 rw-p 00000000 00:00 0 
7f9aaf89d000-7f9aaf8c3000 r-xp 00000000 08:02 791107                     /lib/x86_64-linux-gnu/ld-2.23.so
7f9aaf8c3000-7f9aaf8c5000 r--s 00007000 08:02 2885502                    /opt/jdk/jdk1.8.0_161/jre/lib/jfxswt.jar
7f9aaf8c5000-7f9aaf8ca000 r--s 002f9000 08:02 2885268                    /opt/jdk/jdk1.8.0_161/jre/lib/charsets.jar
7f9aaf8ca000-7f9aaf99b000 rw-p 00000000 00:00 0 
7f9aaf99b000-7f9aaf99e000 ---p 00000000 00:00 0 
7f9aaf99e000-7f9aafaa1000 rw-p 00000000 00:00 0 
7f9aafaa1000-7f9aafaa2000 r--s 00000000 08:02 2885194                    /opt/jdk/jdk1.8.0_161/jre/lib/management-agent.jar
7f9aafaa2000-7f9aafaa5000 r--s 0001a000 08:02 2885500                    /opt/jdk/jdk1.8.0_161/jre/lib/jce.jar
7f9aafaa5000-7f9aafab8000 rw-p 00000000 00:00 0 
7f9aafab8000-7f9aafac0000 rw-s 00000000 08:02 3014666                    /tmp/hsperfdata_blacksabbathx/14141
7f9aafac0000-7f9aafac1000 rw-p 00000000 00:00 0 
7f9aafac1000-7f9aafac2000 r--p 00000000 00:00 0 
7f9aafac2000-7f9aafac3000 r--p 00025000 08:02 791107                     /lib/x86_64-linux-gnu/ld-2.23.so
7f9aafac3000-7f9aafac4000 rw-p 00026000 08:02 791107                     /lib/x86_64-linux-gnu/ld-2.23.so
7f9aafac4000-7f9aafac5000 rw-p 00000000 00:00 0 
7ffe38ffa000-7ffe3901b000 rw-p 00000000 00:00 0                          [stack]
7ffe3903a000-7ffe3903d000 r--p 00000000 00:00 0                          [vvar]
7ffe3903d000-7ffe3903f000 r-xp 00000000 00:00 0                          [vdso]
ffffffffff600000-ffffffffff601000 r-xp 00000000 00:00 0                  [vsyscall]

VM Arguments:
jvm_args: -javaagent:/home/blacksabbathx/.local/share/JetBrains/Toolbox/apps/IDEA-U/ch-0/181.4445.78/lib/idea_rt.jar=34651:/home/blacksabbathx/.local/share/JetBrains/Toolbox/apps/IDEA-U/ch-0/181.4445.78/bin -Dfile.encoding=UTF-8 
java_command: MainClass
java_class_path (initial): /opt/jdk/jdk1.8.0_161/jre/lib/charsets.jar:/opt/jdk/jdk1.8.0_161/jre/lib/deploy.jar:/opt/jdk/jdk1.8.0_161/jre/lib/ext/cldrdata.jar:/opt/jdk/jdk1.8.0_161/jre/lib/ext/dnsns.jar:/opt/jdk/jdk1.8.0_161/jre/lib/ext/jaccess.jar:/opt/jdk/jdk1.8.0_161/jre/lib/ext/jfxrt.jar:/opt/jdk/jdk1.8.0_161/jre/lib/ext/localedata.jar:/opt/jdk/jdk1.8.0_161/jre/lib/ext/nashorn.jar:/opt/jdk/jdk1.8.0_161/jre/lib/ext/sunec.jar:/opt/jdk/jdk1.8.0_161/jre/lib/ext/sunjce_provider.jar:/opt/jdk/jdk1.8.0_161/jre/lib/ext/sunpkcs11.jar:/opt/jdk/jdk1.8.0_161/jre/lib/ext/zipfs.jar:/opt/jdk/jdk1.8.0_161/jre/lib/javaws.jar:/opt/jdk/jdk1.8.0_161/jre/lib/jce.jar:/opt/jdk/jdk1.8.0_161/jre/lib/jfr.jar:/opt/jdk/jdk1.8.0_161/jre/lib/jfxswt.jar:/opt/jdk/jdk1.8.0_161/jre/lib/jsse.jar:/opt/jdk/jdk1.8.0_161/jre/lib/management-agent.jar:/opt/jdk/jdk1.8.0_161/jre/lib/plugin.jar:/opt/jdk/jdk1.8.0_161/jre/lib/resources.jar:/opt/jdk/jdk1.8.0_161/jre/lib/rt.jar:/home/blacksabbathx/IdeaProjects/ProyectoCine/out/production/ProyectoCine:/home/blacksabbathx/IdeaProjects/ProyectoCine/src/sources/jfoenix-8.0.1.jar:/home/blacksabbathx/.local/share/JetBrains/Toolbox/apps/IDEA-U/ch-0/181.4445.78/lib/idea_rt.jar
Launcher Type: SUN_STANDARD

Environment Variables:
PATH=/home/blacksabbathx/bin:/home/blacksabbathx/.local/bin:/usr/local/sbin:/usr/local/bin:/usr/sbin:/usr/bin:/sbin:/bin:/usr/games:/usr/local/games:/snap/bin
SHELL=/bin/bash
DISPLAY=:0

Signal Handlers:
SIGSEGV: [libjvm.so+0xad01e0], sa_mask[0]=11111111011111111101111111111110, sa_flags=SA_RESTART|SA_SIGINFO
SIGBUS: [libjvm.so+0xad01e0], sa_mask[0]=11111111011111111101111111111110, sa_flags=SA_RESTART|SA_SIGINFO
SIGFPE: [libjvm.so+0x927fb0], sa_mask[0]=11111111011111111101111111111110, sa_flags=SA_RESTART|SA_SIGINFO
SIGPIPE: SIG_IGN, sa_mask[0]=00000000000010000000000000000000, sa_flags=SA_RESTART
SIGXFSZ: [libjvm.so+0x927fb0], sa_mask[0]=11111111011111111101111111111110, sa_flags=SA_RESTART|SA_SIGINFO
SIGILL: [libjvm.so+0x927fb0], sa_mask[0]=11111111011111111101111111111110, sa_flags=SA_RESTART|SA_SIGINFO
SIGUSR1: SIG_DFL, sa_mask[0]=00000000000000000000000000000000, sa_flags=none
SIGUSR2: [libjvm.so+0x9297f0], sa_mask[0]=00100000000000000000000000000000, sa_flags=SA_RESTART|SA_SIGINFO
SIGHUP: [libjvm.so+0x92abf0], sa_mask[0]=11111111011111111101111111111110, sa_flags=SA_RESTART|SA_SIGINFO
SIGINT: [libjvm.so+0x92abf0], sa_mask[0]=11111111011111111101111111111110, sa_flags=SA_RESTART|SA_SIGINFO
SIGTERM: [libjvm.so+0x92abf0], sa_mask[0]=11111111011111111101111111111110, sa_flags=SA_RESTART|SA_SIGINFO
SIGQUIT: [libjvm.so+0x92abf0], sa_mask[0]=11111111011111111101111111111110, sa_flags=SA_RESTART|SA_SIGINFO


---------------  S Y S T E M  ---------------

OS:DISTRIB_ID=neon
DISTRIB_RELEASE=16.04
DISTRIB_CODENAME=xenial
DISTRIB_DESCRIPTION="KDE neon User Edition 5.12"

uname:Linux 4.13.0-38-generic #43~16.04.1-Ubuntu SMP Wed Mar 14 17:48:43 UTC 2018 x86_64
libc:glibc 2.23 NPTL 2.23 
rlimit: STACK 8192k, CORE 0k, NPROC 15129, NOFILE 1048576, AS infinity
load average:2,11 2,01 1,95

/proc/meminfo:
MemTotal:        3927388 kB
MemFree:          334948 kB
MemAvailable:     494268 kB
Buffers:           13204 kB
Cached:           665644 kB
SwapCached:         5148 kB
Active:          2807376 kB
Inactive:         612216 kB
Active(anon):    2577028 kB
Inactive(anon):   497516 kB
Active(file):     230348 kB
Inactive(file):   114700 kB
Unevictable:          32 kB
Mlocked:              32 kB
SwapTotal:       3907580 kB
SwapFree:        3695612 kB
Dirty:             12856 kB
Writeback:             0 kB
AnonPages:       2737272 kB
Mapped:           219792 kB
Shmem:            358136 kB
Slab:              83516 kB
SReclaimable:      46208 kB
SUnreclaim:        37308 kB
KernelStack:        7616 kB
PageTables:        39588 kB
NFS_Unstable:          0 kB
Bounce:                0 kB
WritebackTmp:          0 kB
CommitLimit:     5871272 kB
Committed_AS:    5487560 kB
VmallocTotal:   34359738367 kB
VmallocUsed:           0 kB
VmallocChunk:          0 kB
HardwareCorrupted:     0 kB
AnonHugePages:         0 kB
ShmemHugePages:        0 kB
ShmemPmdMapped:        0 kB
CmaTotal:              0 kB
CmaFree:               0 kB
HugePages_Total:       0
HugePages_Free:        0
HugePages_Rsvd:        0
HugePages_Surp:        0
Hugepagesize:       2048 kB
DirectMap4k:      194560 kB
DirectMap2M:     3887104 kB


CPU:total 2 (initial active 2) (2 cores per cpu, 1 threads per core) family 6 model 76 stepping 4, cmov, cx8, fxsr, mmx, sse, sse2, sse3, ssse3, sse4.1, sse4.2, popcnt, aes, clmul, erms, 3dnowpref, tsc, tscinvbit

/proc/cpuinfo:
processor	: 0
vendor_id	: GenuineIntel
cpu family	: 6
model		: 76
model name	: Intel(R) Celeron(R) CPU  N3060  @ 1.60GHz
stepping	: 4
microcode	: 0x404
cpu MHz		: 2004.412
cache size	: 1024 KB
physical id	: 0
siblings	: 2
core id		: 0
cpu cores	: 2
apicid		: 0
initial apicid	: 0
fpu		: yes
fpu_exception	: yes
cpuid level	: 11
wp		: yes
flags		: fpu vme de pse tsc msr pae mce cx8 apic sep mtrr pge mca cmov pat pse36 clflush dts acpi mmx fxsr sse sse2 ss ht tm pbe syscall nx rdtscp lm constant_tsc arch_perfmon pebs bts rep_good nopl xtopology tsc_reliable nonstop_tsc cpuid aperfmperf tsc_known_freq pni pclmulqdq dtes64 monitor ds_cpl vmx est tm2 ssse3 cx16 xtpr pdcm sse4_1 sse4_2 movbe popcnt tsc_deadline_timer aes rdrand lahf_lm 3dnowprefetch epb pti retpoline tpr_shadow vnmi flexpriority ept vpid tsc_adjust smep erms dtherm ida arat
bugs		: cpu_meltdown spectre_v1 spectre_v2
bogomips	: 3200.00
clflush size	: 64
cache_alignment	: 64
address sizes	: 36 bits physical, 48 bits virtual
power management:

processor	: 1
vendor_id	: GenuineIntel
cpu family	: 6
model		: 76
model name	: Intel(R) Celeron(R) CPU  N3060  @ 1.60GHz
stepping	: 4
microcode	: 0x404
cpu MHz		: 2480.000
cache size	: 1024 KB
physical id	: 0
siblings	: 2
core id		: 2
cpu cores	: 2
apicid		: 4
initial apicid	: 4
fpu		: yes
fpu_exception	: yes
cpuid level	: 11
wp		: yes
flags		: fpu vme de pse tsc msr pae mce cx8 apic sep mtrr pge mca cmov pat pse36 clflush dts acpi mmx fxsr sse sse2 ss ht tm pbe syscall nx rdtscp lm constant_tsc arch_perfmon pebs bts rep_good nopl xtopology tsc_reliable nonstop_tsc cpuid aperfmperf tsc_known_freq pni pclmulqdq dtes64 monitor ds_cpl vmx est tm2 ssse3 cx16 xtpr pdcm sse4_1 sse4_2 movbe popcnt tsc_deadline_timer aes rdrand lahf_lm 3dnowprefetch epb pti retpoline tpr_shadow vnmi flexpriority ept vpid tsc_adjust smep erms dtherm ida arat
bugs		: cpu_meltdown spectre_v1 spectre_v2
bogomips	: 3200.00
clflush size	: 64
cache_alignment	: 64
address sizes	: 36 bits physical, 48 bits virtual
power management:



Memory: 4k page, physical 3927388k(334888k free), swap 3907580k(3695612k free)

vm_info: Java HotSpot(TM) 64-Bit Server VM (25.161-b12) for linux-amd64 JRE (1.8.0_161-b12), built on Dec 19 2017 16:12:43 by "java_re" with gcc 4.3.0 20080428 (Red Hat 4.3.0-8)

time: Wed Apr 18 00:50:48 2018
elapsed time: 21 seconds (0d 0h 0m 21s)

