#
# A fatal error has been detected by the Java Runtime Environment:
#
#  SIGSEGV (0xb) at pc=0x00007f4f80333788, pid=12211, tid=0x00007f4f29b67700
#
# JRE version: Java(TM) SE Runtime Environment (8.0_161-b12) (build 1.8.0_161-b12)
# Java VM: Java HotSpot(TM) 64-Bit Server VM (25.161-b12 mixed mode linux-amd64 compressed oops)
# Problematic frame:
# V  [libjvm.so+0x6d7788]  jni_invoke_nonstatic(JNIEnv_*, JavaValue*, _jobject*, JNICallType, _jmethodID*, JNI_ArgumentPusher*, Thread*)+0x38
#
# Failed to write core dump. Core dumps have been disabled. To enable core dumping, try "ulimit -c unlimited" before starting Java again
#
# If you would like to submit a bug report, please visit:
#   http://bugreport.java.com/bugreport/crash.jsp
#

---------------  T H R E A D  ---------------

Current thread (0x00007f4f782e4800):  JavaThread "JavaFX Application Thread" [_thread_in_vm, id=12238, stack(0x00007f4f29a67000,0x00007f4f29b68000)]

siginfo: si_signo: 11 (SIGSEGV), si_code: 1 (SEGV_MAPERR), si_addr: 0xffffffffffffffff

Registers:
RAX=0x00007f4f29b661c0, RBX=0x00007f4f29b660d0, RCX=0x0000000000000001, RDX=0xffffffffffffffff
RSP=0x00007f4f29b65f20, RBP=0x00007f4f29b660a0, RSI=0x00007f4f29b66130, RDI=0x00007f4f782e49f8
R8 =0x00007f4f782a23b8, R9 =0x00007f4f29b660d0, R10=0x00007f4f1c000be0, R11=0x00007f4f6960b460
R12=0x00007f4f782e4800, R13=0x00007f4f782a23b8, R14=0x0000000000000001, R15=0x00007f4f782e49f8
RIP=0x00007f4f80333788, EFLAGS=0x0000000000010286, CSGSFS=0x002b000000000033, ERR=0x0000000000000005
  TRAPNO=0x000000000000000e

Top of Stack: (sp=0x00007f4f29b65f20)
0x00007f4f29b65f20:   00007f4f29b66620 00007f4f29b66240
0x00007f4f29b65f30:   00007f4f29b65f80 00007f4f29b66000
0x00007f4f29b65f40:   00007f4f29b660d0 00007f4f29b66130
0x00007f4f29b65f50:   00007f4f782e49f8 00007f4f80353290
0x00007f4f29b65f60:   00007f4f40019270 00007f4f40019280
0x00007f4f29b65f70:   00007f4f40019658 00000000000003d8
0x00007f4f29b65f80:   00007f4f782e4528 00000000ec213df8
0x00007f4f29b65f90:   00007f4f0000006f 00007f4f0000000a
0x00007f4f29b65fa0:   00000000ecd11c88 00007f4f00000000
0x00007f4f29b65fb0:   0000000000000034 00007f4f81664b1f
0x00007f4f29b65fc0:   00007f4f7d8d5918 0000000100000100
0x00007f4f29b65fd0:   00007f4f7d958748 00007f4f29b65f88
0x00007f4f29b65fe0:   00007f4f29b65fc9 0000000800000005
0x00007f4f29b65ff0:   00007f4f7d974d00 00007f4f782e4530
0x00007f4f29b66000:   00007f4f80bc6e70 00007f4f81703720
0x00007f4f29b66010:   00000000782e43c0 00007f4f782e4800
0x00007f4f29b66020:   0000000000000000 00007f4f80333b5b
0x00007f4f29b66030:   00007f4f7d8dfaa8 00007f4f782e4800
0x00007f4f29b66040:   00007f4f7d8dfaa8 00007f4f782e4800
0x00007f4f29b66050:   00007f4f29b661e0 00007f4f7d8dfaa8
0x00007f4f29b66060:   00007f4f7d8dfaa8 00007f4f7d8dfaa8
0x00007f4f29b66070:   00007f4f40019270 00007f4f29b660d0
0x00007f4f29b66080:   00007f4f782e4800 00007f4f29b66110
0x00007f4f29b66090:   00007f4f782a23b8 00007f4f782e49f8
0x00007f4f29b660a0:   00007f4f29b66190 00007f4f80337f2f
0x00007f4f29b660b0:   00007f4f782e4800 00007f4f65d9b094
0x00007f4f29b660c0:   00007f4f29b661a8 ffffffffffffffff
0x00007f4f29b660d0:   00007f4f80bc7af0 00007f4f81703720
0x00007f4f29b660e0:   0000000029b66150 00007f4f00000063
0x00007f4f29b660f0:   0000000000000000 0000003000000018
0x00007f4f29b66100:   00007f4f29b66280 00007f4f29b661c0
0x00007f4f29b66110:   00007f4f782e4800 0000000000000000 

Instructions: (pc=0x00007f4f80333788)
0x00007f4f80333768:   00 00 48 85 d2 48 89 bd b0 fe ff ff 48 89 b5 a8
0x00007f4f80333778:   fe ff ff 4c 89 8d a0 fe ff ff 0f 84 78 09 00 00
0x00007f4f80333788:   4c 8b 22 4d 85 e4 0f 84 6c 09 00 00 48 8b 45 10
0x00007f4f80333798:   48 8b 98 38 01 00 00 48 83 7b 18 f7 0f 87 16 07 

Register to memory mapping:

RAX=0x00007f4f29b661c0 is pointing into the stack for thread: 0x00007f4f782e4800
RBX=0x00007f4f29b660d0 is pointing into the stack for thread: 0x00007f4f782e4800
RCX=0x0000000000000001 is an unknown value
RDX=0xffffffffffffffff is an unknown value
RSP=0x00007f4f29b65f20 is pointing into the stack for thread: 0x00007f4f782e4800
RBP=0x00007f4f29b660a0 is pointing into the stack for thread: 0x00007f4f782e4800
RSI=0x00007f4f29b66130 is pointing into the stack for thread: 0x00007f4f782e4800
RDI=0x00007f4f782e49f8 is an unknown value
R8 =0x00007f4f782a23b8 is an unknown value
R9 =0x00007f4f29b660d0 is pointing into the stack for thread: 0x00007f4f782e4800
R10=0x00007f4f1c000be0 is an unknown value
R11=0x00007f4f6960b460 is at entry_point+32 in (nmethod*)0x00007f4f6960b2d0
R12=0x00007f4f782e4800 is a thread
R13=0x00007f4f782a23b8 is an unknown value
R14=0x0000000000000001 is an unknown value
R15=0x00007f4f782e49f8 is an unknown value


Stack: [0x00007f4f29a67000,0x00007f4f29b68000],  sp=0x00007f4f29b65f20,  free space=1019k
Native frames: (J=compiled Java code, j=interpreted, Vv=VM code, C=native code)
V  [libjvm.so+0x6d7788]  jni_invoke_nonstatic(JNIEnv_*, JavaValue*, _jobject*, JNICallType, _jmethodID*, JNI_ArgumentPusher*, Thread*)+0x38
V  [libjvm.so+0x6dbf2f]  jni_CallVoidMethodV+0x10f
C  [libglass.so+0x18641]  JNIEnv_::CallVoidMethod(_jobject*, _jmethodID*, ...)+0x81
C  [libglass.so+0x14f0f]  WindowContextBase::process_key(_GdkEventKey*)+0x20f
C  [libglass.so+0x19f60]  WindowContextBase::im_filter_keypress(_GdkEventKey*)+0x1c0
C  [libglass.so+0x1a91c]  process_events(_GdkEvent*, void*)+0x22c
C  [libgdk-x11-2.0.so.0+0x5ac8c]

Java frames: (J=compiled Java code, j=interpreted, Vv=VM code)
j  com.sun.glass.ui.gtk.GtkApplication._runLoop(Ljava/lang/Runnable;Z)V+0
j  com.sun.glass.ui.gtk.GtkApplication.lambda$null$48(Ljava/lang/Runnable;Z)V+7
j  com.sun.glass.ui.gtk.GtkApplication$$Lambda$41.run()V+12
j  java.lang.Thread.run()V+11
v  ~StubRoutines::call_stub

---------------  P R O C E S S  ---------------

Java Threads: ( => current thread )
  0x00007f4f1c325000 JavaThread "Prism Font Disposer" daemon [_thread_blocked, id=12249, stack(0x00007f4f2841a000,0x00007f4f2851b000)]
  0x00007f4f782e8800 JavaThread "JavaFX-Launcher" [_thread_blocked, id=12239, stack(0x00007f4f29966000,0x00007f4f29a67000)]
=>0x00007f4f782e4800 JavaThread "JavaFX Application Thread" [_thread_in_vm, id=12238, stack(0x00007f4f29a67000,0x00007f4f29b68000)]
  0x00007f4f782e0800 JavaThread "Thread-1" daemon [_thread_blocked, id=12237, stack(0x00007f4f4401e000,0x00007f4f4411f000)]
  0x00007f4f78292000 JavaThread "QuantumRenderer-0" daemon [_thread_blocked, id=12236, stack(0x00007f4f66835000,0x00007f4f66936000)]
  0x00007f4f781ef800 JavaThread "Service Thread" daemon [_thread_blocked, id=12233, stack(0x00007f4f66a37000,0x00007f4f66b38000)]
  0x00007f4f781ec000 JavaThread "C1 CompilerThread1" daemon [_thread_blocked, id=12232, stack(0x00007f4f66b38000,0x00007f4f66c39000)]
  0x00007f4f781ea000 JavaThread "C2 CompilerThread0" daemon [_thread_in_vm, id=12231, stack(0x00007f4f66e50000,0x00007f4f66f51000)]
  0x00007f4f781e8800 JavaThread "Monitor Ctrl-Break" daemon [_thread_in_native, id=12230, stack(0x00007f4f66f51000,0x00007f4f67052000)]
  0x00007f4f7813c000 JavaThread "Signal Dispatcher" daemon [_thread_blocked, id=12229, stack(0x00007f4f670ff000,0x00007f4f67200000)]
  0x00007f4f78109000 JavaThread "Finalizer" daemon [_thread_blocked, id=12223, stack(0x00007f4f7c5b3000,0x00007f4f7c6b4000)]
  0x00007f4f78104800 JavaThread "Reference Handler" daemon [_thread_blocked, id=12222, stack(0x00007f4f7c6b4000,0x00007f4f7c7b5000)]
  0x00007f4f7800c000 JavaThread "main" [_thread_blocked, id=12215, stack(0x00007f4f81758000,0x00007f4f81859000)]

Other Threads:
  0x00007f4f780fd000 VMThread [stack: 0x00007f4f7c7b5000,0x00007f4f7c8b6000] [id=12221]
  0x00007f4f781f2800 WatcherThread [stack: 0x00007f4f66936000,0x00007f4f66a37000] [id=12234]

VM state:not at safepoint (normal execution)

VM Mutex/Monitor currently owned by a thread: None

Heap:
 PSYoungGen      total 17920K, used 3345K [0x00000000ec000000, 0x00000000ed400000, 0x0000000100000000)
  eden space 15360K, 5% used [0x00000000ec000000,0x00000000ec0c83f0,0x00000000ecf00000)
  from space 2560K, 99% used [0x00000000ed180000,0x00000000ed3fc058,0x00000000ed400000)
  to   space 2560K, 0% used [0x00000000ecf00000,0x00000000ecf00000,0x00000000ed180000)
 ParOldGen       total 98304K, used 66656K [0x00000000c4000000, 0x00000000ca000000, 0x00000000ec000000)
  object space 98304K, 67% used [0x00000000c4000000,0x00000000c8118118,0x00000000ca000000)
 Metaspace       used 18585K, capacity 19452K, committed 19584K, reserved 1067008K
  class space    used 2680K, capacity 2905K, committed 2944K, reserved 1048576K

Card table byte_map: [0x00007f4f7e109000,0x00007f4f7e2ea000] byte_map_base: 0x00007f4f7dae9000

Marking Bits: (ParMarkBitMap*) 0x00007f4f80c2b920
 Begin Bits: [0x00007f4f67200000, 0x00007f4f68100000)
 End Bits:   [0x00007f4f68100000, 0x00007f4f69000000)

Polling page: 0x00007f4f8187e000

CodeCache: size=245760Kb used=7790Kb max_used=7809Kb free=237969Kb
 bounds [0x00007f4f69000000, 0x00007f4f697b0000, 0x00007f4f78000000]
 total_blobs=3052 nmethods=2394 adapters=571
 compilation: enabled

Compilation events (10 events):
Event: 19,365 Thread 0x00007f4f781ec000 nmethod 2401 0x00007f4f697974d0 code [0x00007f4f69797660, 0x00007f4f697979c8]
Event: 19,365 Thread 0x00007f4f781ec000 2406       3       javafx.scene.Parent::getChildTransformedBounds (19 bytes)
Event: 19,365 Thread 0x00007f4f781ec000 nmethod 2406 0x00007f4f69797b90 code [0x00007f4f69797d00, 0x00007f4f69797f68]
Event: 19,365 Thread 0x00007f4f781ec000 2400       3       javafx.scene.Node::hasProperties (25 bytes)
Event: 19,371 Thread 0x00007f4f781ec000 nmethod 2400 0x00007f4f69798050 code [0x00007f4f697981c0, 0x00007f4f69798468]
Event: 19,371 Thread 0x00007f4f781ec000 2404       3       javafx.scene.layout.Region::maxHeight (52 bytes)
Event: 19,373 Thread 0x00007f4f781ec000 nmethod 2404 0x00007f4f69798510 code [0x00007f4f69798700, 0x00007f4f69798f88]
Event: 19,376 Thread 0x00007f4f781ec000 2407       1       com.sun.javafx.text.TextRun::getLength (5 bytes)
Event: 19,376 Thread 0x00007f4f781ec000 nmethod 2407 0x00007f4f697991d0 code [0x00007f4f69799320, 0x00007f4f69799430]
Event: 19,376 Thread 0x00007f4f781ec000 2409       3       javafx.scene.Parent::getManagedChildren (78 bytes)

GC Heap History (8 events):
Event: 2,705 GC heap before
{Heap before GC invocations=1 (full 0):
 PSYoungGen      total 17920K, used 15360K [0x00000000ec000000, 0x00000000ed400000, 0x0000000100000000)
  eden space 15360K, 100% used [0x00000000ec000000,0x00000000ecf00000,0x00000000ecf00000)
  from space 2560K, 0% used [0x00000000ed180000,0x00000000ed180000,0x00000000ed400000)
  to   space 2560K, 0% used [0x00000000ecf00000,0x00000000ecf00000,0x00000000ed180000)
 ParOldGen       total 40960K, used 0K [0x00000000c4000000, 0x00000000c6800000, 0x00000000ec000000)
  object space 40960K, 0% used [0x00000000c4000000,0x00000000c4000000,0x00000000c6800000)
 Metaspace       used 8557K, capacity 8898K, committed 9088K, reserved 1056768K
  class space    used 1040K, capacity 1131K, committed 1152K, reserved 1048576K
Event: 2,724 GC heap after
Heap after GC invocations=1 (full 0):
 PSYoungGen      total 17920K, used 1760K [0x00000000ec000000, 0x00000000ed400000, 0x0000000100000000)
  eden space 15360K, 0% used [0x00000000ec000000,0x00000000ec000000,0x00000000ecf00000)
  from space 2560K, 68% used [0x00000000ecf00000,0x00000000ed0b8020,0x00000000ed180000)
  to   space 2560K, 0% used [0x00000000ed180000,0x00000000ed180000,0x00000000ed400000)
 ParOldGen       total 40960K, used 72K [0x00000000c4000000, 0x00000000c6800000, 0x00000000ec000000)
  object space 40960K, 0% used [0x00000000c4000000,0x00000000c4012010,0x00000000c6800000)
 Metaspace       used 8557K, capacity 8898K, committed 9088K, reserved 1056768K
  class space    used 1040K, capacity 1131K, committed 1152K, reserved 1048576K
}
Event: 7,271 GC heap before
{Heap before GC invocations=2 (full 0):
 PSYoungGen      total 17920K, used 17120K [0x00000000ec000000, 0x00000000ed400000, 0x0000000100000000)
  eden space 15360K, 100% used [0x00000000ec000000,0x00000000ecf00000,0x00000000ecf00000)
  from space 2560K, 68% used [0x00000000ecf00000,0x00000000ed0b8020,0x00000000ed180000)
  to   space 2560K, 0% used [0x00000000ed180000,0x00000000ed180000,0x00000000ed400000)
 ParOldGen       total 98304K, used 57025K [0x00000000c4000000, 0x00000000ca000000, 0x00000000ec000000)
  object space 98304K, 58% used [0x00000000c4000000,0x00000000c77b04a0,0x00000000ca000000)
 Metaspace       used 13140K, capacity 13610K, committed 13824K, reserved 1060864K
  class space    used 1792K, capacity 1928K, committed 2048K, reserved 1048576K
Event: 7,301 GC heap after
Heap after GC invocations=2 (full 0):
 PSYoungGen      total 17920K, used 2528K [0x00000000ec000000, 0x00000000ed400000, 0x0000000100000000)
  eden space 15360K, 0% used [0x00000000ec000000,0x00000000ec000000,0x00000000ecf00000)
  from space 2560K, 98% used [0x00000000ed180000,0x00000000ed3f8050,0x00000000ed400000)
  to   space 2560K, 0% used [0x00000000ecf00000,0x00000000ecf00000,0x00000000ed180000)
 ParOldGen       total 98304K, used 59081K [0x00000000c4000000, 0x00000000ca000000, 0x00000000ec000000)
  object space 98304K, 60% used [0x00000000c4000000,0x00000000c79b2668,0x00000000ca000000)
 Metaspace       used 13140K, capacity 13610K, committed 13824K, reserved 1060864K
  class space    used 1792K, capacity 1928K, committed 2048K, reserved 1048576K
}
Event: 10,237 GC heap before
{Heap before GC invocations=3 (full 0):
 PSYoungGen      total 17920K, used 17888K [0x00000000ec000000, 0x00000000ed400000, 0x0000000100000000)
  eden space 15360K, 100% used [0x00000000ec000000,0x00000000ecf00000,0x00000000ecf00000)
  from space 2560K, 98% used [0x00000000ed180000,0x00000000ed3f8050,0x00000000ed400000)
  to   space 2560K, 0% used [0x00000000ecf00000,0x00000000ecf00000,0x00000000ed180000)
 ParOldGen       total 98304K, used 59081K [0x00000000c4000000, 0x00000000ca000000, 0x00000000ec000000)
  object space 98304K, 60% used [0x00000000c4000000,0x00000000c79b2668,0x00000000ca000000)
 Metaspace       used 14561K, capacity 15132K, committed 15232K, reserved 1062912K
  class space    used 1990K, capacity 2159K, committed 2176K, reserved 1048576K
Event: 10,266 GC heap after
Heap after GC invocations=3 (full 0):
 PSYoungGen      total 17920K, used 2544K [0x00000000ec000000, 0x00000000ed400000, 0x0000000100000000)
  eden space 15360K, 0% used [0x00000000ec000000,0x00000000ec000000,0x00000000ecf00000)
  from space 2560K, 99% used [0x00000000ecf00000,0x00000000ed17c030,0x00000000ed180000)
  to   space 2560K, 0% used [0x00000000ed180000,0x00000000ed180000,0x00000000ed400000)
 ParOldGen       total 98304K, used 63818K [0x00000000c4000000, 0x00000000ca000000, 0x00000000ec000000)
  object space 98304K, 64% used [0x00000000c4000000,0x00000000c7e52a00,0x00000000ca000000)
 Metaspace       used 14561K, capacity 15132K, committed 15232K, reserved 1062912K
  class space    used 1990K, capacity 2159K, committed 2176K, reserved 1048576K
}
Event: 18,978 GC heap before
{Heap before GC invocations=4 (full 0):
 PSYoungGen      total 17920K, used 17904K [0x00000000ec000000, 0x00000000ed400000, 0x0000000100000000)
  eden space 15360K, 100% used [0x00000000ec000000,0x00000000ecf00000,0x00000000ecf00000)
  from space 2560K, 99% used [0x00000000ecf00000,0x00000000ed17c030,0x00000000ed180000)
  to   space 2560K, 0% used [0x00000000ed180000,0x00000000ed180000,0x00000000ed400000)
 ParOldGen       total 98304K, used 63818K [0x00000000c4000000, 0x00000000ca000000, 0x00000000ec000000)
  object space 98304K, 64% used [0x00000000c4000000,0x00000000c7e52a00,0x00000000ca000000)
 Metaspace       used 18449K, capacity 19290K, committed 19584K, reserved 1067008K
  class space    used 2655K, capacity 2862K, committed 2944K, reserved 1048576K
Event: 19,021 GC heap after
Heap after GC invocations=4 (full 0):
 PSYoungGen      total 17920K, used 2544K [0x00000000ec000000, 0x00000000ed400000, 0x0000000100000000)
  eden space 15360K, 0% used [0x00000000ec000000,0x00000000ec000000,0x00000000ecf00000)
  from space 2560K, 99% used [0x00000000ed180000,0x00000000ed3fc058,0x00000000ed400000)
  to   space 2560K, 0% used [0x00000000ecf00000,0x00000000ecf00000,0x00000000ed180000)
 ParOldGen       total 98304K, used 66656K [0x00000000c4000000, 0x00000000ca000000, 0x00000000ec000000)
  object space 98304K, 67% used [0x00000000c4000000,0x00000000c8118118,0x00000000ca000000)
 Metaspace       used 18449K, capacity 19290K, committed 19584K, reserved 1067008K
  class space    used 2655K, capacity 2862K, committed 2944K, reserved 1048576K
}

Deoptimization events (10 events):
Event: 15,866 Thread 0x00007f4f782e4800 Uncommon trap: reason=unstable_if action=reinterpret pc=0x00007f4f6924b160 method=java.lang.CharacterData.of(I)Ljava/lang/CharacterData; @ 4
Event: 18,524 Thread 0x00007f4f782e4800 Uncommon trap: reason=unstable_if action=reinterpret pc=0x00007f4f696ab6b8 method=java.lang.StrictMath.floorOrCeil(DDDD)D @ 38
Event: 18,757 Thread 0x00007f4f782e4800 Uncommon trap: reason=class_check action=maybe_recompile pc=0x00007f4f6951284c method=java.io.FilterInputStream.read()I @ 4
Event: 18,766 Thread 0x00007f4f782e4800 Uncommon trap: reason=class_check action=maybe_recompile pc=0x00007f4f6951284c method=java.io.FilterInputStream.read()I @ 4
Event: 18,766 Thread 0x00007f4f782e4800 Uncommon trap: reason=class_check action=maybe_recompile pc=0x00007f4f6951284c method=java.io.FilterInputStream.read()I @ 4
Event: 18,766 Thread 0x00007f4f782e4800 Uncommon trap: reason=class_check action=maybe_recompile pc=0x00007f4f6951284c method=java.io.FilterInputStream.read()I @ 4
Event: 18,815 Thread 0x00007f4f782e4800 Uncommon trap: reason=array_check action=maybe_recompile pc=0x00007f4f69727f70 method=com.sun.javafx.css.SimpleSelector.applies(Ljavafx/css/Styleable;[Ljava/util/Set;I)Z @ 37
Event: 18,816 Thread 0x00007f4f782e4800 Uncommon trap: reason=array_check action=maybe_recompile pc=0x00007f4f69727f70 method=com.sun.javafx.css.SimpleSelector.applies(Ljavafx/css/Styleable;[Ljava/util/Set;I)Z @ 37
Event: 18,817 Thread 0x00007f4f782e4800 Uncommon trap: reason=array_check action=maybe_recompile pc=0x00007f4f69727f70 method=com.sun.javafx.css.SimpleSelector.applies(Ljavafx/css/Styleable;[Ljava/util/Set;I)Z @ 37
Event: 18,817 Thread 0x00007f4f782e4800 Uncommon trap: reason=array_check action=maybe_recompile pc=0x00007f4f69727f70 method=com.sun.javafx.css.SimpleSelector.applies(Ljavafx/css/Styleable;[Ljava/util/Set;I)Z @ 37

Classes redefined (0 events):
No events

Internal exceptions (10 events):
Event: 6,169 Thread 0x00007f4f782e4800 Exception <a 'java/io/FileNotFoundException'> (0x00000000ec966e58) thrown at [/HUDSON/workspace/8-2-build-linux-amd64/jdk8u161/10277/hotspot/src/share/vm/prims/jni.cpp, line 709]
Event: 8,602 Thread 0x00007f4f782e4800 Exception <a 'java/lang/ArrayIndexOutOfBoundsException'> (0x00000000ec77a5f8) thrown at [/HUDSON/workspace/8-2-build-linux-amd64/jdk8u161/10277/hotspot/src/share/vm/runtime/sharedRuntime.cpp, line 605]
Event: 8,644 Thread 0x00007f4f782e4800 Exception <a 'java/lang/ArrayIndexOutOfBoundsException'> (0x00000000ec7913f8) thrown at [/HUDSON/workspace/8-2-build-linux-amd64/jdk8u161/10277/hotspot/src/share/vm/runtime/sharedRuntime.cpp, line 605]
Event: 9,657 Thread 0x00007f4f782e4800 Exception <a 'java/io/FileNotFoundException'> (0x00000000ecbd5c48) thrown at [/HUDSON/workspace/8-2-build-linux-amd64/jdk8u161/10277/hotspot/src/share/vm/prims/jni.cpp, line 709]
Event: 9,769 Thread 0x00007f4f782e4800 Exception <a 'java/io/FileNotFoundException'> (0x00000000ecc535d0) thrown at [/HUDSON/workspace/8-2-build-linux-amd64/jdk8u161/10277/hotspot/src/share/vm/prims/jni.cpp, line 709]
Event: 9,791 Thread 0x00007f4f782e4800 Exception <a 'java/io/FileNotFoundException'> (0x00000000ecc7e808) thrown at [/HUDSON/workspace/8-2-build-linux-amd64/jdk8u161/10277/hotspot/src/share/vm/prims/jni.cpp, line 709]
Event: 9,814 Thread 0x00007f4f782e4800 Exception <a 'java/io/FileNotFoundException'> (0x00000000eccae928) thrown at [/HUDSON/workspace/8-2-build-linux-amd64/jdk8u161/10277/hotspot/src/share/vm/prims/jni.cpp, line 709]
Event: 9,850 Thread 0x00007f4f782e4800 Exception <a 'java/io/FileNotFoundException'> (0x00000000eccf19e0) thrown at [/HUDSON/workspace/8-2-build-linux-amd64/jdk8u161/10277/hotspot/src/share/vm/prims/jni.cpp, line 709]
Event: 11,238 Thread 0x00007f4f782e4800 Implicit null exception at 0x00007f4f6932ce75 to 0x00007f4f6932d09d
Event: 11,238 Thread 0x00007f4f782e4800 Implicit null exception at 0x00007f4f694908d8 to 0x00007f4f69490966

Events (10 events):
Event: 19,120 loading class javafx/scene/effect/DropShadow$1
Event: 19,120 loading class javafx/scene/effect/DropShadow$1 done
Event: 19,132 loading class javafx/scene/effect/DropShadow$2
Event: 19,132 loading class javafx/scene/effect/DropShadow$2 done
Event: 19,133 loading class javafx/scene/effect/DropShadow$3
Event: 19,133 loading class javafx/scene/effect/DropShadow$3 done
Event: 19,137 loading class com/sun/javafx/effect/EffectDirtyBits
Event: 19,137 loading class com/sun/javafx/effect/EffectDirtyBits done
Event: 19,364 loading class com/jfoenix/skins/JFXButtonSkin$$Lambda$9
Event: 19,364 loading class com/jfoenix/skins/JFXButtonSkin$$Lambda$9 done


Dynamic libraries:
00400000-00401000 r-xp 00000000 08:02 2883734                            /opt/jdk/jdk1.8.0_161/bin/java
00600000-00601000 rw-p 00000000 08:02 2883734                            /opt/jdk/jdk1.8.0_161/bin/java
00673000-00694000 rw-p 00000000 00:00 0                                  [heap]
c4000000-ca000000 rw-p 00000000 00:00 0 
ca000000-ec000000 ---p 00000000 00:00 0 
ec000000-ed400000 rw-p 00000000 00:00 0 
ed400000-100000000 ---p 00000000 00:00 0 
100000000-1002e0000 rw-p 00000000 00:00 0 
1002e0000-140000000 ---p 00000000 00:00 0 
7f4f16000000-7f4f1c000000 rw-s 1049af000 00:06 335                       /dev/dri/card0
7f4f1c000000-7f4f1c6f0000 rw-p 00000000 00:00 0 
7f4f1c6f0000-7f4f20000000 ---p 00000000 00:00 0 
7f4f21e40000-7f4f21e80000 rw-p 00000000 00:00 0 
7f4f21e80000-7f4f22040000 ---p 00000000 00:00 0 
7f4f22040000-7f4f22200000 rw-s 1040ef000 00:06 335                       /dev/dri/card0
7f4f22200000-7f4f22400000 rw-p 00000000 00:00 0 
7f4f22400000-7f4f24000000 rw-s 10a9af000 00:06 335                       /dev/dri/card0
7f4f24000000-7f4f24021000 rw-p 00000000 00:00 0 
7f4f24021000-7f4f28000000 ---p 00000000 00:00 0 
7f4f2809e000-7f4f280a6000 rw-s 101fbb000 00:06 335                       /dev/dri/card0
7f4f280a6000-7f4f280ae000 rw-s 102346000 00:06 335                       /dev/dri/card0
7f4f280ae000-7f4f280ca000 rw-s 1040cf000 00:06 335                       /dev/dri/card0
7f4f280ca000-7f4f280da000 rw-s 00000000 00:05 148685                     /drm mm object (deleted)
7f4f280da000-7f4f280e2000 rw-s 1020e1000 00:06 335                       /dev/dri/card0
7f4f280e2000-7f4f2812d000 r--p 00000000 08:02 3808232                    /usr/share/fonts/truetype/noto/NotoSans-Regular.ttf
7f4f2812d000-7f4f282ed000 rw-s 103eef000 00:06 335                       /dev/dri/card0
7f4f282ed000-7f4f282fd000 rw-s 00000000 00:05 148246                     /drm mm object (deleted)
7f4f282fd000-7f4f2830d000 rw-s 00000000 00:05 148679                     /drm mm object (deleted)
7f4f2830d000-7f4f28319000 rw-s 00000000 00:05 148124                     /drm mm object (deleted)
7f4f28319000-7f4f2831c000 ---p 00000000 00:00 0 
7f4f2831c000-7f4f2841a000 rw-p 00000000 00:00 0 
7f4f2841a000-7f4f2841d000 ---p 00000000 00:00 0 
7f4f2841d000-7f4f2851b000 rw-p 00000000 00:00 0 
7f4f2851b000-7f4f28520000 r--s 00084000 08:02 2885187                    /opt/jdk/jdk1.8.0_161/jre/lib/jfr.jar
7f4f28520000-7f4f2852a000 r-xp 00000000 08:02 3671770                    /usr/lib/x86_64-linux-gnu/gtk-2.0/2.10.0/engines/libpixmap.so
7f4f2852a000-7f4f28729000 ---p 0000a000 08:02 3671770                    /usr/lib/x86_64-linux-gnu/gtk-2.0/2.10.0/engines/libpixmap.so
7f4f28729000-7f4f2872a000 r--p 00009000 08:02 3671770                    /usr/lib/x86_64-linux-gnu/gtk-2.0/2.10.0/engines/libpixmap.so
7f4f2872a000-7f4f2872b000 rw-p 0000a000 08:02 3671770                    /usr/lib/x86_64-linux-gnu/gtk-2.0/2.10.0/engines/libpixmap.so
7f4f2872b000-7f4f2892b000 rw-p 00000000 00:00 0 
7f4f2892b000-7f4f28986000 r--p 00000000 08:02 3817299                    /usr/share/fonts/Segoe UI Italic.ttf
7f4f28986000-7f4f289df000 r--p 00000000 08:02 3817298                    /usr/share/fonts/Segoe UI Bold.ttf
7f4f289df000-7f4f289e4000 r--s 0009d000 08:02 2885327                    /opt/jdk/jdk1.8.0_161/jre/lib/jsse.jar
7f4f289e4000-7f4f28be4000 rw-p 00000000 00:00 0 
7f4f28be4000-7f4f28c35000 r--p 00000000 08:02 3817300                    /usr/share/fonts/segoeuil.ttf
7f4f28c35000-7f4f28cb4000 r--p 00000000 08:02 3817301                    /usr/share/fonts/segoeui.ttf
7f4f28cb4000-7f4f28cc7000 r--p 00000000 08:02 2885207                    /opt/jdk/jdk1.8.0_161/jre/lib/fonts/LucidaBrightDemiBold.ttf
7f4f28cc7000-7f4f28d72000 r--p 00000000 08:02 2885200                    /opt/jdk/jdk1.8.0_161/jre/lib/fonts/LucidaSansRegular.ttf
7f4f28d72000-7f4f28d85000 r--p 00000000 08:02 2885204                    /opt/jdk/jdk1.8.0_161/jre/lib/fonts/LucidaBrightDemiItalic.ttf
7f4f28d85000-7f4f28dd3000 r--p 00000000 08:02 2885202                    /opt/jdk/jdk1.8.0_161/jre/lib/fonts/LucidaSansDemiBold.ttf
7f4f28dd3000-7f4f28e28000 r--p 00000000 08:02 2885201                    /opt/jdk/jdk1.8.0_161/jre/lib/fonts/LucidaBrightRegular.ttf
7f4f28e28000-7f4f28e62000 r--p 00000000 08:02 2885206                    /opt/jdk/jdk1.8.0_161/jre/lib/fonts/LucidaTypewriterBold.ttf
7f4f28e62000-7f4f28e76000 r--p 00000000 08:02 2885199                    /opt/jdk/jdk1.8.0_161/jre/lib/fonts/LucidaBrightItalic.ttf
7f4f28e76000-7f4f28eb2000 r--p 00000000 08:02 2885205                    /opt/jdk/jdk1.8.0_161/jre/lib/fonts/LucidaTypewriterRegular.ttf
7f4f28eb2000-7f4f28eb6000 r-xp 00000000 08:02 2885435                    /opt/jdk/jdk1.8.0_161/jre/lib/amd64/libjavafx_font_pango.so
7f4f28eb6000-7f4f290b5000 ---p 00004000 08:02 2885435                    /opt/jdk/jdk1.8.0_161/jre/lib/amd64/libjavafx_font_pango.so
7f4f290b5000-7f4f290b6000 rw-p 00003000 08:02 2885435                    /opt/jdk/jdk1.8.0_161/jre/lib/amd64/libjavafx_font_pango.so
7f4f290b6000-7f4f290bd000 r--s 00000000 08:02 4200409                    /var/cache/fontconfig/4be9850f182b35c1350b6bbf2e42601c-le64.cache-6
7f4f290bd000-7f4f290c8000 r--s 00000000 08:02 4198764                    /var/cache/fontconfig/945677eb7aeaf62f1d50efc3fb3ec7d8-le64.cache-6
7f4f290c8000-7f4f290ce000 r--s 00000000 08:02 4198756                    /var/cache/fontconfig/2cd17615ca594fa2959ae173292e504c-le64.cache-6
7f4f290ce000-7f4f2910e000 r--s 00000000 08:02 4198754                    /var/cache/fontconfig/0bd3dc0958fa2205aaaa8ebb13e2872b-le64.cache-6
7f4f2910e000-7f4f29115000 r--s 00000000 08:02 4195402                    /var/cache/fontconfig/3047814df9a2f067bd2d96a2b9c36e5a-le64.cache-6
7f4f29115000-7f4f29128000 r--s 00000000 08:02 4198773                    /var/cache/fontconfig/d52a8644073d54c13679302ca1180695-le64.cache-6
7f4f29128000-7f4f2912d000 r-xp 00000000 08:02 2885438                    /opt/jdk/jdk1.8.0_161/jre/lib/amd64/libjavafx_font_freetype.so
7f4f2912d000-7f4f2932c000 ---p 00005000 08:02 2885438                    /opt/jdk/jdk1.8.0_161/jre/lib/amd64/libjavafx_font_freetype.so
7f4f2932c000-7f4f2932d000 rw-p 00004000 08:02 2885438                    /opt/jdk/jdk1.8.0_161/jre/lib/amd64/libjavafx_font_freetype.so
7f4f2932d000-7f4f29330000 r-xp 00000000 08:02 2885485                    /opt/jdk/jdk1.8.0_161/jre/lib/amd64/libjavafx_font.so
7f4f29330000-7f4f2952f000 ---p 00003000 08:02 2885485                    /opt/jdk/jdk1.8.0_161/jre/lib/amd64/libjavafx_font.so
7f4f2952f000-7f4f29530000 rw-p 00002000 08:02 2885485                    /opt/jdk/jdk1.8.0_161/jre/lib/amd64/libjavafx_font.so
7f4f29530000-7f4f29566000 r-xp 00000000 08:02 2885481                    /opt/jdk/jdk1.8.0_161/jre/lib/amd64/libjavafx_iio.so
7f4f29566000-7f4f29765000 ---p 00036000 08:02 2885481                    /opt/jdk/jdk1.8.0_161/jre/lib/amd64/libjavafx_iio.so
7f4f29765000-7f4f29766000 rw-p 00035000 08:02 2885481                    /opt/jdk/jdk1.8.0_161/jre/lib/amd64/libjavafx_iio.so
7f4f29766000-7f4f29966000 rw-p 00000000 00:00 0 
7f4f29966000-7f4f29969000 ---p 00000000 00:00 0 
7f4f29969000-7f4f29a67000 rw-p 00000000 00:00 0 
7f4f29a67000-7f4f29a6a000 ---p 00000000 00:00 0 
7f4f29a6a000-7f4f29b68000 rw-p 00000000 00:00 0 
7f4f29b68000-7f4f29b91000 r-xp 00000000 08:02 2885460                    /opt/jdk/jdk1.8.0_161/jre/lib/amd64/libglass.so
7f4f29b91000-7f4f29d90000 ---p 00029000 08:02 2885460                    /opt/jdk/jdk1.8.0_161/jre/lib/amd64/libglass.so
7f4f29d90000-7f4f29d93000 rw-p 00028000 08:02 2885460                    /opt/jdk/jdk1.8.0_161/jre/lib/amd64/libglass.so
7f4f29d93000-7f4f29dca000 r-xp 00000000 08:02 3547217                    /usr/lib/x86_64-linux-gnu/libtxc_dxtn_s2tc.so.0.0.0
7f4f29dca000-7f4f29fc9000 ---p 00037000 08:02 3547217                    /usr/lib/x86_64-linux-gnu/libtxc_dxtn_s2tc.so.0.0.0
7f4f29fc9000-7f4f29fca000 r--p 00036000 08:02 3547217                    /usr/lib/x86_64-linux-gnu/libtxc_dxtn_s2tc.so.0.0.0
7f4f29fca000-7f4f29fcb000 rw-p 00037000 08:02 3547217                    /usr/lib/x86_64-linux-gnu/libtxc_dxtn_s2tc.so.0.0.0
7f4f29fcb000-7f4f29fd3000 r-xp 00000000 08:02 3546963                    /usr/lib/x86_64-linux-gnu/libpciaccess.so.0.11.1
7f4f29fd3000-7f4f2a1d3000 ---p 00008000 08:02 3546963                    /usr/lib/x86_64-linux-gnu/libpciaccess.so.0.11.1
7f4f2a1d3000-7f4f2a1d4000 r--p 00008000 08:02 3546963                    /usr/lib/x86_64-linux-gnu/libpciaccess.so.0.11.1
7f4f2a1d4000-7f4f2a1d5000 rw-p 00009000 08:02 3546963                    /usr/lib/x86_64-linux-gnu/libpciaccess.so.0.11.1
7f4f2a1d5000-7f4f2a1e0000 r-xp 00000000 08:02 3546417                    /usr/lib/x86_64-linux-gnu/libdrm_radeon.so.1.0.1
7f4f2a1e0000-7f4f2a3df000 ---p 0000b000 08:02 3546417                    /usr/lib/x86_64-linux-gnu/libdrm_radeon.so.1.0.1
7f4f2a3df000-7f4f2a3e0000 r--p 0000a000 08:02 3546417                    /usr/lib/x86_64-linux-gnu/libdrm_radeon.so.1.0.1
7f4f2a3e0000-7f4f2a3e1000 rw-p 0000b000 08:02 3546417                    /usr/lib/x86_64-linux-gnu/libdrm_radeon.so.1.0.1
7f4f2a3e1000-7f4f2a3e8000 r-xp 00000000 08:02 3546415                    /usr/lib/x86_64-linux-gnu/libdrm_nouveau.so.2.0.0
7f4f2a3e8000-7f4f2a5e7000 ---p 00007000 08:02 3546415                    /usr/lib/x86_64-linux-gnu/libdrm_nouveau.so.2.0.0
7f4f2a5e7000-7f4f2a5e8000 r--p 00006000 08:02 3546415                    /usr/lib/x86_64-linux-gnu/libdrm_nouveau.so.2.0.0
7f4f2a5e8000-7f4f2a5e9000 rw-p 00007000 08:02 3546415                    /usr/lib/x86_64-linux-gnu/libdrm_nouveau.so.2.0.0
7f4f2a5e9000-7f4f2a60b000 r-xp 00000000 08:02 3546413                    /usr/lib/x86_64-linux-gnu/libdrm_intel.so.1.0.0
7f4f2a60b000-7f4f2a80b000 ---p 00022000 08:02 3546413                    /usr/lib/x86_64-linux-gnu/libdrm_intel.so.1.0.0
7f4f2a80b000-7f4f2a80c000 r--p 00022000 08:02 3546413                    /usr/lib/x86_64-linux-gnu/libdrm_intel.so.1.0.0
7f4f2a80c000-7f4f2a80d000 rw-p 00023000 08:02 3546413                    /usr/lib/x86_64-linux-gnu/libdrm_intel.so.1.0.0
7f4f2a80d000-7f4f2b034000 r-xp 00000000 08:02 3671344                    /usr/lib/x86_64-linux-gnu/dri/i965_dri.so
7f4f2b034000-7f4f2b234000 ---p 00827000 08:02 3671344                    /usr/lib/x86_64-linux-gnu/dri/i965_dri.so
7f4f2b234000-7f4f2b284000 r--p 00827000 08:02 3671344                    /usr/lib/x86_64-linux-gnu/dri/i965_dri.so
7f4f2b284000-7f4f2b28d000 rw-p 00877000 08:02 3671344                    /usr/lib/x86_64-linux-gnu/dri/i965_dri.so
7f4f2b28d000-7f4f2b2f4000 rw-p 00000000 00:00 0 
7f4f2b2f4000-7f4f2b2fa000 r-xp 00000000 08:02 3546354                    /usr/lib/x86_64-linux-gnu/libdatrie.so.1.3.3
7f4f2b2fa000-7f4f2b4fa000 ---p 00006000 08:02 3546354                    /usr/lib/x86_64-linux-gnu/libdatrie.so.1.3.3
7f4f2b4fa000-7f4f2b4fb000 r--p 00006000 08:02 3546354                    /usr/lib/x86_64-linux-gnu/libdatrie.so.1.3.3
7f4f2b4fb000-7f4f2b4fc000 rw-p 00007000 08:02 3546354                    /usr/lib/x86_64-linux-gnu/libdatrie.so.1.3.3
7f4f2b4fc000-7f4f2b501000 r-xp 00000000 08:02 3546164                    /usr/lib/x86_64-linux-gnu/libXdmcp.so.6.0.0
7f4f2b501000-7f4f2b700000 ---p 00005000 08:02 3546164                    /usr/lib/x86_64-linux-gnu/libXdmcp.so.6.0.0
7f4f2b700000-7f4f2b701000 r--p 00004000 08:02 3546164                    /usr/lib/x86_64-linux-gnu/libXdmcp.so.6.0.0
7f4f2b701000-7f4f2b702000 rw-p 00005000 08:02 3546164                    /usr/lib/x86_64-linux-gnu/libXdmcp.so.6.0.0
7f4f2b702000-7f4f2b704000 r-xp 00000000 08:02 3546153                    /usr/lib/x86_64-linux-gnu/libXau.so.6.0.0
7f4f2b704000-7f4f2b904000 ---p 00002000 08:02 3546153                    /usr/lib/x86_64-linux-gnu/libXau.so.6.0.0
7f4f2b904000-7f4f2b905000 r--p 00002000 08:02 3546153                    /usr/lib/x86_64-linux-gnu/libXau.so.6.0.0
7f4f2b905000-7f4f2b906000 rw-p 00003000 08:02 3546153                    /usr/lib/x86_64-linux-gnu/libXau.so.6.0.0
7f4f2b906000-7f4f2b92a000 r-xp 00000000 08:02 3546586                    /usr/lib/x86_64-linux-gnu/libgraphite2.so.3.0.1
7f4f2b92a000-7f4f2bb29000 ---p 00024000 08:02 3546586                    /usr/lib/x86_64-linux-gnu/libgraphite2.so.3.0.1
7f4f2bb29000-7f4f2bb2b000 r--p 00023000 08:02 3546586                    /usr/lib/x86_64-linux-gnu/libgraphite2.so.3.0.1
7f4f2bb2b000-7f4f2bb2c000 rw-p 00025000 08:02 3546586                    /usr/lib/x86_64-linux-gnu/libgraphite2.so.3.0.1
7f4f2bb2c000-7f4f2bb3c000 r-xp 00000000 08:02 3546409                    /usr/lib/x86_64-linux-gnu/libdrm.so.2.4.0
7f4f2bb3c000-7f4f2bd3b000 ---p 00010000 08:02 3546409                    /usr/lib/x86_64-linux-gnu/libdrm.so.2.4.0
7f4f2bd3b000-7f4f2bd3c000 r--p 0000f000 08:02 3546409                    /usr/lib/x86_64-linux-gnu/libdrm.so.2.4.0
7f4f2bd3c000-7f4f2bd3d000 rw-p 00010000 08:02 3546409                    /usr/lib/x86_64-linux-gnu/libdrm.so.2.4.0
7f4f2bd3d000-7f4f2bd41000 r-xp 00000000 08:02 3547342                    /usr/lib/x86_64-linux-gnu/libxcb-dri2.so.0.0.0
7f4f2bd41000-7f4f2bf40000 ---p 00004000 08:02 3547342                    /usr/lib/x86_64-linux-gnu/libxcb-dri2.so.0.0.0
7f4f2bf40000-7f4f2bf41000 r--p 00003000 08:02 3547342                    /usr/lib/x86_64-linux-gnu/libxcb-dri2.so.0.0.0
7f4f2bf41000-7f4f2bf42000 rw-p 00004000 08:02 3547342                    /usr/lib/x86_64-linux-gnu/libxcb-dri2.so.0.0.0
7f4f2bf42000-7f4f2bf59000 r-xp 00000000 08:02 3547346                    /usr/lib/x86_64-linux-gnu/libxcb-glx.so.0.0.0
7f4f2bf59000-7f4f2c158000 ---p 00017000 08:02 3547346                    /usr/lib/x86_64-linux-gnu/libxcb-glx.so.0.0.0
7f4f2c158000-7f4f2c15a000 r--p 00016000 08:02 3547346                    /usr/lib/x86_64-linux-gnu/libxcb-glx.so.0.0.0
7f4f2c15a000-7f4f2c15b000 rw-p 00018000 08:02 3547346                    /usr/lib/x86_64-linux-gnu/libxcb-glx.so.0.0.0
7f4f2c15b000-7f4f2c15c000 r-xp 00000000 08:02 3546149                    /usr/lib/x86_64-linux-gnu/libX11-xcb.so.1.0.0
7f4f2c15c000-7f4f2c35b000 ---p 00001000 08:02 3546149                    /usr/lib/x86_64-linux-gnu/libX11-xcb.so.1.0.0
7f4f2c35b000-7f4f2c35c000 r--p 00000000 08:02 3546149                    /usr/lib/x86_64-linux-gnu/libX11-xcb.so.1.0.0
7f4f2c35c000-7f4f2c35d000 rw-p 00001000 08:02 3546149                    /usr/lib/x86_64-linux-gnu/libX11-xcb.so.1.0.0
7f4f2c35d000-7f4f2c388000 r-xp 00000000 08:02 3546557                    /usr/lib/x86_64-linux-gnu/libglapi.so.0.0.0
7f4f2c388000-7f4f2c587000 ---p 0002b000 08:02 3546557                    /usr/lib/x86_64-linux-gnu/libglapi.so.0.0.0
7f4f2c587000-7f4f2c58b000 r--p 0002a000 08:02 3546557                    /usr/lib/x86_64-linux-gnu/libglapi.so.0.0.0
7f4f2c58b000-7f4f2c58c000 rw-p 0002e000 08:02 3546557                    /usr/lib/x86_64-linux-gnu/libglapi.so.0.0.0
7f4f2c58c000-7f4f2c58d000 rw-p 00000000 00:00 0 
7f4f2c58d000-7f4f2c58e000 r-xp 00000000 08:02 3547390                    /usr/lib/x86_64-linux-gnu/libxshmfence.so.1.0.0
7f4f2c58e000-7f4f2c78e000 ---p 00001000 08:02 3547390                    /usr/lib/x86_64-linux-gnu/libxshmfence.so.1.0.0
7f4f2c78e000-7f4f2c78f000 r--p 00001000 08:02 3547390                    /usr/lib/x86_64-linux-gnu/libxshmfence.so.1.0.0
7f4f2c78f000-7f4f2c790000 rw-p 00002000 08:02 3547390                    /usr/lib/x86_64-linux-gnu/libxshmfence.so.1.0.0
7f4f2c790000-7f4f2c795000 r-xp 00000000 08:02 3547368                    /usr/lib/x86_64-linux-gnu/libxcb-sync.so.1.0.0
7f4f2c795000-7f4f2c995000 ---p 00005000 08:02 3547368                    /usr/lib/x86_64-linux-gnu/libxcb-sync.so.1.0.0
7f4f2c995000-7f4f2c996000 r--p 00005000 08:02 3547368                    /usr/lib/x86_64-linux-gnu/libxcb-sync.so.1.0.0
7f4f2c996000-7f4f2c997000 rw-p 00006000 08:02 3547368                    /usr/lib/x86_64-linux-gnu/libxcb-sync.so.1.0.0
7f4f2c997000-7f4f2c999000 r-xp 00000000 08:02 3547354                    /usr/lib/x86_64-linux-gnu/libxcb-present.so.0.0.0
7f4f2c999000-7f4f2cb98000 ---p 00002000 08:02 3547354                    /usr/lib/x86_64-linux-gnu/libxcb-present.so.0.0.0
7f4f2cb98000-7f4f2cb99000 r--p 00001000 08:02 3547354                    /usr/lib/x86_64-linux-gnu/libxcb-present.so.0.0.0
7f4f2cb99000-7f4f2cb9a000 rw-p 00002000 08:02 3547354                    /usr/lib/x86_64-linux-gnu/libxcb-present.so.0.0.0
7f4f2cb9a000-7f4f2cb9c000 r-xp 00000000 08:02 3547344                    /usr/lib/x86_64-linux-gnu/libxcb-dri3.so.0.0.0
7f4f2cb9c000-7f4f2cd9b000 ---p 00002000 08:02 3547344                    /usr/lib/x86_64-linux-gnu/libxcb-dri3.so.0.0.0
7f4f2cd9b000-7f4f2cd9c000 r--p 00001000 08:02 3547344                    /usr/lib/x86_64-linux-gnu/libxcb-dri3.so.0.0.0
7f4f2cd9c000-7f4f2cd9d000 rw-p 00002000 08:02 3547344                    /usr/lib/x86_64-linux-gnu/libxcb-dri3.so.0.0.0
7f4f2cd9d000-7f4f2ce0b000 r-xp 00000000 08:02 791258                     /lib/x86_64-linux-gnu/libpcre.so.3.13.2
7f4f2ce0b000-7f4f2d00b000 ---p 0006e000 08:02 791258                     /lib/x86_64-linux-gnu/libpcre.so.3.13.2
7f4f2d00b000-7f4f2d00c000 r--p 0006e000 08:02 791258                     /lib/x86_64-linux-gnu/libpcre.so.3.13.2
7f4f2d00c000-7f4f2d00d000 rw-p 0006f000 08:02 791258                     /lib/x86_64-linux-gnu/libpcre.so.3.13.2
7f4f2d00d000-7f4f2d014000 r-xp 00000000 08:02 3546471                    /usr/lib/x86_64-linux-gnu/libffi.so.6.0.4
7f4f2d014000-7f4f2d213000 ---p 00007000 08:02 3546471                    /usr/lib/x86_64-linux-gnu/libffi.so.6.0.4
7f4f2d213000-7f4f2d214000 r--p 00006000 08:02 3546471                    /usr/lib/x86_64-linux-gnu/libffi.so.6.0.4
7f4f2d214000-7f4f2d215000 rw-p 00007000 08:02 3546471                    /usr/lib/x86_64-linux-gnu/libffi.so.6.0.4
7f4f2d215000-7f4f2d23b000 r-xp 00000000 08:02 791162                     /lib/x86_64-linux-gnu/libexpat.so.1.6.0
7f4f2d23b000-7f4f2d43b000 ---p 00026000 08:02 791162                     /lib/x86_64-linux-gnu/libexpat.so.1.6.0
7f4f2d43b000-7f4f2d43d000 r--p 00026000 08:02 791162                     /lib/x86_64-linux-gnu/libexpat.so.1.6.0
7f4f2d43d000-7f4f2d43e000 rw-p 00028000 08:02 791162                     /lib/x86_64-linux-gnu/libexpat.so.1.6.0
7f4f2d43e000-7f4f2d446000 r-xp 00000000 08:02 3547194                    /usr/lib/x86_64-linux-gnu/libthai.so.0.2.4
7f4f2d446000-7f4f2d645000 ---p 00008000 08:02 3547194                    /usr/lib/x86_64-linux-gnu/libthai.so.0.2.4
7f4f2d645000-7f4f2d646000 r--p 00007000 08:02 3547194                    /usr/lib/x86_64-linux-gnu/libthai.so.0.2.4
7f4f2d646000-7f4f2d647000 rw-p 00008000 08:02 3547194                    /usr/lib/x86_64-linux-gnu/libthai.so.0.2.4
7f4f2d647000-7f4f2d668000 r-xp 00000000 08:02 3547380                    /usr/lib/x86_64-linux-gnu/libxcb.so.1.1.0
7f4f2d668000-7f4f2d867000 ---p 00021000 08:02 3547380                    /usr/lib/x86_64-linux-gnu/libxcb.so.1.1.0
7f4f2d867000-7f4f2d868000 r--p 00020000 08:02 3547380                    /usr/lib/x86_64-linux-gnu/libxcb.so.1.1.0
7f4f2d868000-7f4f2d869000 rw-p 00021000 08:02 3547380                    /usr/lib/x86_64-linux-gnu/libxcb.so.1.1.0
7f4f2d869000-7f4f2d871000 r-xp 00000000 08:02 3547362                    /usr/lib/x86_64-linux-gnu/libxcb-render.so.0.0.0
7f4f2d871000-7f4f2da71000 ---p 00008000 08:02 3547362                    /usr/lib/x86_64-linux-gnu/libxcb-render.so.0.0.0
7f4f2da71000-7f4f2da72000 r--p 00008000 08:02 3547362                    /usr/lib/x86_64-linux-gnu/libxcb-render.so.0.0.0
7f4f2da72000-7f4f2da73000 rw-p 00009000 08:02 3547362                    /usr/lib/x86_64-linux-gnu/libxcb-render.so.0.0.0
7f4f2da73000-7f4f2da75000 r-xp 00000000 08:02 3547366                    /usr/lib/x86_64-linux-gnu/libxcb-shm.so.0.0.0
7f4f2da75000-7f4f2dc75000 ---p 00002000 08:02 3547366                    /usr/lib/x86_64-linux-gnu/libxcb-shm.so.0.0.0
7f4f2dc75000-7f4f2dc76000 r--p 00002000 08:02 3547366                    /usr/lib/x86_64-linux-gnu/libxcb-shm.so.0.0.0
7f4f2dc76000-7f4f2dc77000 rw-p 00003000 08:02 3547366                    /usr/lib/x86_64-linux-gnu/libxcb-shm.so.0.0.0
7f4f2dc77000-7f4f2dc9b000 r-xp 00000000 08:02 791270                     /lib/x86_64-linux-gnu/libpng12.so.0.54.0
7f4f2dc9b000-7f4f2de9a000 ---p 00024000 08:02 791270                     /lib/x86_64-linux-gnu/libpng12.so.0.54.0
7f4f2de9a000-7f4f2de9b000 r--p 00023000 08:02 791270                     /lib/x86_64-linux-gnu/libpng12.so.0.54.0
7f4f2de9b000-7f4f2de9c000 rw-p 00024000 08:02 791270                     /lib/x86_64-linux-gnu/libpng12.so.0.54.0
7f4f2de9c000-7f4f2df3b000 r-xp 00000000 08:02 3546977                    /usr/lib/x86_64-linux-gnu/libpixman-1.so.0.33.6
7f4f2df3b000-7f4f2e13b000 ---p 0009f000 08:02 3546977                    /usr/lib/x86_64-linux-gnu/libpixman-1.so.0.33.6
7f4f2e13b000-7f4f2e143000 r--p 0009f000 08:02 3546977                    /usr/lib/x86_64-linux-gnu/libpixman-1.so.0.33.6
7f4f2e143000-7f4f2e144000 rw-p 000a7000 08:02 3546977                    /usr/lib/x86_64-linux-gnu/libpixman-1.so.0.33.6
7f4f2e144000-7f4f2e1d5000 r-xp 00000000 08:02 3546650                    /usr/lib/x86_64-linux-gnu/libharfbuzz.so.0.10400.6
7f4f2e1d5000-7f4f2e3d4000 ---p 00091000 08:02 3546650                    /usr/lib/x86_64-linux-gnu/libharfbuzz.so.0.10400.6
7f4f2e3d4000-7f4f2e3d6000 r--p 00090000 08:02 3546650                    /usr/lib/x86_64-linux-gnu/libharfbuzz.so.0.10400.6
7f4f2e3d6000-7f4f2e3d7000 rw-p 00092000 08:02 3546650                    /usr/lib/x86_64-linux-gnu/libharfbuzz.so.0.10400.6
7f4f2e3d7000-7f4f2e3ee000 r-xp 00000000 08:02 791281                     /lib/x86_64-linux-gnu/libresolv-2.23.so
7f4f2e3ee000-7f4f2e5ee000 ---p 00017000 08:02 791281                     /lib/x86_64-linux-gnu/libresolv-2.23.so
7f4f2e5ee000-7f4f2e5ef000 r--p 00017000 08:02 791281                     /lib/x86_64-linux-gnu/libresolv-2.23.so
7f4f2e5ef000-7f4f2e5f0000 rw-p 00018000 08:02 791281                     /lib/x86_64-linux-gnu/libresolv-2.23.so
7f4f2e5f0000-7f4f2e5f2000 rw-p 00000000 00:00 0 
7f4f2e5f2000-7f4f2e611000 r-xp 00000000 08:02 791287                     /lib/x86_64-linux-gnu/libselinux.so.1
7f4f2e611000-7f4f2e810000 ---p 0001f000 08:02 791287                     /lib/x86_64-linux-gnu/libselinux.so.1
7f4f2e810000-7f4f2e811000 r--p 0001e000 08:02 791287                     /lib/x86_64-linux-gnu/libselinux.so.1
7f4f2e811000-7f4f2e812000 rw-p 0001f000 08:02 791287                     /lib/x86_64-linux-gnu/libselinux.so.1
7f4f2e812000-7f4f2e814000 rw-p 00000000 00:00 0 
7f4f2e814000-7f4f2e82d000 r-xp 00000000 08:02 791320                     /lib/x86_64-linux-gnu/libz.so.1.2.8
7f4f2e82d000-7f4f2ea2c000 ---p 00019000 08:02 791320                     /lib/x86_64-linux-gnu/libz.so.1.2.8
7f4f2ea2c000-7f4f2ea2d000 r--p 00018000 08:02 791320                     /lib/x86_64-linux-gnu/libz.so.1.2.8
7f4f2ea2d000-7f4f2ea2e000 rw-p 00019000 08:02 791320                     /lib/x86_64-linux-gnu/libz.so.1.2.8
7f4f2ea2e000-7f4f2ea3f000 r-xp 00000000 08:02 3546166                    /usr/lib/x86_64-linux-gnu/libXext.so.6.4.0
7f4f2ea3f000-7f4f2ec3e000 ---p 00011000 08:02 3546166                    /usr/lib/x86_64-linux-gnu/libXext.so.6.4.0
7f4f2ec3e000-7f4f2ec3f000 r--p 00010000 08:02 3546166                    /usr/lib/x86_64-linux-gnu/libXext.so.6.4.0
7f4f2ec3f000-7f4f2ec40000 rw-p 00011000 08:02 3546166                    /usr/lib/x86_64-linux-gnu/libXext.so.6.4.0
7f4f2ec40000-7f4f2ec42000 r-xp 00000000 08:02 3546162                    /usr/lib/x86_64-linux-gnu/libXdamage.so.1.1.0
7f4f2ec42000-7f4f2ee41000 ---p 00002000 08:02 3546162                    /usr/lib/x86_64-linux-gnu/libXdamage.so.1.1.0
7f4f2ee41000-7f4f2ee42000 r--p 00001000 08:02 3546162                    /usr/lib/x86_64-linux-gnu/libXdamage.so.1.1.0
7f4f2ee42000-7f4f2ee43000 rw-p 00002000 08:02 3546162                    /usr/lib/x86_64-linux-gnu/libXdamage.so.1.1.0
7f4f2ee43000-7f4f2ee45000 r-xp 00000000 08:02 3546158                    /usr/lib/x86_64-linux-gnu/libXcomposite.so.1.0.0
7f4f2ee45000-7f4f2f044000 ---p 00002000 08:02 3546158                    /usr/lib/x86_64-linux-gnu/libXcomposite.so.1.0.0
7f4f2f044000-7f4f2f045000 r--p 00001000 08:02 3546158                    /usr/lib/x86_64-linux-gnu/libXcomposite.so.1.0.0
7f4f2f045000-7f4f2f046000 rw-p 00002000 08:02 3546158                    /usr/lib/x86_64-linux-gnu/libXcomposite.so.1.0.0
7f4f2f046000-7f4f2f04f000 r-xp 00000000 08:02 3546160                    /usr/lib/x86_64-linux-gnu/libXcursor.so.1.0.2
7f4f2f04f000-7f4f2f24e000 ---p 00009000 08:02 3546160                    /usr/lib/x86_64-linux-gnu/libXcursor.so.1.0.2
7f4f2f24e000-7f4f2f24f000 r--p 00008000 08:02 3546160                    /usr/lib/x86_64-linux-gnu/libXcursor.so.1.0.2
7f4f2f24f000-7f4f2f250000 rw-p 00009000 08:02 3546160                    /usr/lib/x86_64-linux-gnu/libXcursor.so.1.0.2
7f4f2f250000-7f4f2f25a000 r-xp 00000000 08:02 3546186                    /usr/lib/x86_64-linux-gnu/libXrandr.so.2.2.0
7f4f2f25a000-7f4f2f459000 ---p 0000a000 08:02 3546186                    /usr/lib/x86_64-linux-gnu/libXrandr.so.2.2.0
7f4f2f459000-7f4f2f45a000 r--p 00009000 08:02 3546186                    /usr/lib/x86_64-linux-gnu/libXrandr.so.2.2.0
7f4f2f45a000-7f4f2f45b000 rw-p 0000a000 08:02 3546186                    /usr/lib/x86_64-linux-gnu/libXrandr.so.2.2.0
7f4f2f45b000-7f4f2f46a000 r-xp 00000000 08:02 3546176                    /usr/lib/x86_64-linux-gnu/libXi.so.6.1.0
7f4f2f46a000-7f4f2f669000 ---p 0000f000 08:02 3546176                    /usr/lib/x86_64-linux-gnu/libXi.so.6.1.0
7f4f2f669000-7f4f2f66a000 r--p 0000e000 08:02 3546176                    /usr/lib/x86_64-linux-gnu/libXi.so.6.1.0
7f4f2f66a000-7f4f2f66b000 rw-p 0000f000 08:02 3546176                    /usr/lib/x86_64-linux-gnu/libXi.so.6.1.0
7f4f2f66b000-7f4f2f66d000 r-xp 00000000 08:02 3546178                    /usr/lib/x86_64-linux-gnu/libXinerama.so.1.0.0
7f4f2f66d000-7f4f2f86c000 ---p 00002000 08:02 3546178                    /usr/lib/x86_64-linux-gnu/libXinerama.so.1.0.0
7f4f2f86c000-7f4f2f86d000 r--p 00001000 08:02 3546178                    /usr/lib/x86_64-linux-gnu/libXinerama.so.1.0.0
7f4f2f86d000-7f4f2f86e000 rw-p 00002000 08:02 3546178                    /usr/lib/x86_64-linux-gnu/libXinerama.so.1.0.0
7f4f2f86e000-7f4f2f877000 r-xp 00000000 08:02 3546188                    /usr/lib/x86_64-linux-gnu/libXrender.so.1.3.0
7f4f2f877000-7f4f2fa76000 ---p 00009000 08:02 3546188                    /usr/lib/x86_64-linux-gnu/libXrender.so.1.3.0
7f4f2fa76000-7f4f2fa77000 r--p 00008000 08:02 3546188                    /usr/lib/x86_64-linux-gnu/libXrender.so.1.3.0
7f4f2fa77000-7f4f2fa78000 rw-p 00009000 08:02 3546188                    /usr/lib/x86_64-linux-gnu/libXrender.so.1.3.0
7f4f2fa78000-7f4f2fa7d000 r-xp 00000000 08:02 3546168                    /usr/lib/x86_64-linux-gnu/libXfixes.so.3.1.0
7f4f2fa7d000-7f4f2fc7c000 ---p 00005000 08:02 3546168                    /usr/lib/x86_64-linux-gnu/libXfixes.so.3.1.0
7f4f2fc7c000-7f4f2fc7d000 r--p 00004000 08:02 3546168                    /usr/lib/x86_64-linux-gnu/libXfixes.so.3.1.0
7f4f2fc7d000-7f4f2fc7e000 rw-p 00005000 08:02 3546168                    /usr/lib/x86_64-linux-gnu/libXfixes.so.3.1.0
7f4f2fc7e000-7f4f2fdf0000 r-xp 00000000 08:02 3547167                    /usr/lib/x86_64-linux-gnu/libstdc++.so.6.0.21
7f4f2fdf0000-7f4f2fff0000 ---p 00172000 08:02 3547167                    /usr/lib/x86_64-linux-gnu/libstdc++.so.6.0.21
7f4f2fff0000-7f4f2fffa000 r--p 00172000 08:02 3547167                    /usr/lib/x86_64-linux-gnu/libstdc++.so.6.0.21
7f4f2fffa000-7f4f2fffc000 rw-p 0017c000 08:02 3547167                    /usr/lib/x86_64-linux-gnu/libstdc++.so.6.0.21
7f4f2fffc000-7f4f30000000 rw-p 00000000 00:00 0 
7f4f30000000-7f4f30021000 rw-p 00000000 00:00 0 
7f4f30021000-7f4f34000000 ---p 00000000 00:00 0 
7f4f34000000-7f4f35e3c000 rw-p 00000000 00:00 0 
7f4f35e3c000-7f4f38000000 ---p 00000000 00:00 0 
7f4f38000000-7f4f3845d000 rw-p 00000000 00:00 0 
7f4f3845d000-7f4f3c000000 ---p 00000000 00:00 0 
7f4f3c000000-7f4f3c021000 rw-p 00000000 00:00 0 
7f4f3c021000-7f4f40000000 ---p 00000000 00:00 0 
7f4f40000000-7f4f40375000 rw-p 00000000 00:00 0 
7f4f40375000-7f4f44000000 ---p 00000000 00:00 0 
7f4f44000000-7f4f44002000 rw-s 00000000 00:05 148704                     /drm mm object (deleted)
7f4f44002000-7f4f44003000 rw-s 100794000 00:06 335                       /dev/dri/card0
7f4f44003000-7f4f4400b000 r--s 00000000 08:02 4198769                    /var/cache/fontconfig/bf3b770c553c462765856025a94f1ce6-le64.cache-6
7f4f4400b000-7f4f4400d000 r--s 00000000 08:02 4198768                    /var/cache/fontconfig/a0107c79d978dfcc5e42cb1335b71036-le64.cache-6
7f4f4400d000-7f4f44010000 r--s 00000000 08:02 4200320                    /var/cache/fontconfig/e49e89034d371f0f9de17aab02136486-le64.cache-6
7f4f44010000-7f4f4401b000 r--s 00000000 08:02 4200318                    /var/cache/fontconfig/d589a48862398ed80a3d6066f4f56f4c-le64.cache-6
7f4f4401b000-7f4f4401e000 r--s 00000000 08:02 4200317                    /var/cache/fontconfig/75114ca45c98e8a441da0ff356701271-le64.cache-6
7f4f4401e000-7f4f44021000 ---p 00000000 00:00 0 
7f4f44021000-7f4f4411f000 rw-p 00000000 00:00 0 
7f4f4411f000-7f4f44135000 r-xp 00000000 08:02 791169                     /lib/x86_64-linux-gnu/libgcc_s.so.1
7f4f44135000-7f4f44334000 ---p 00016000 08:02 791169                     /lib/x86_64-linux-gnu/libgcc_s.so.1
7f4f44334000-7f4f44335000 rw-p 00015000 08:02 791169                     /lib/x86_64-linux-gnu/libgcc_s.so.1
7f4f44335000-7f4f443a3000 r-xp 00000000 08:02 3671987                    /usr/lib/x86_64-linux-gnu/mesa/libGL.so.1.2.0
7f4f443a3000-7f4f445a3000 ---p 0006e000 08:02 3671987                    /usr/lib/x86_64-linux-gnu/mesa/libGL.so.1.2.0
7f4f445a3000-7f4f445a6000 r--p 0006e000 08:02 3671987                    /usr/lib/x86_64-linux-gnu/mesa/libGL.so.1.2.0
7f4f445a6000-7f4f445a7000 rw-p 00071000 08:02 3671987                    /usr/lib/x86_64-linux-gnu/mesa/libGL.so.1.2.0
7f4f445a7000-7f4f445a8000 rw-p 00000000 00:00 0 
7f4f445a8000-7f4f445ad000 r-xp 00000000 08:02 3546200                    /usr/lib/x86_64-linux-gnu/libXxf86vm.so.1.0.0
7f4f445ad000-7f4f447ac000 ---p 00005000 08:02 3546200                    /usr/lib/x86_64-linux-gnu/libXxf86vm.so.1.0.0
7f4f447ac000-7f4f447ad000 r--p 00004000 08:02 3546200                    /usr/lib/x86_64-linux-gnu/libXxf86vm.so.1.0.0
7f4f447ad000-7f4f447ae000 rw-p 00005000 08:02 3546200                    /usr/lib/x86_64-linux-gnu/libXxf86vm.so.1.0.0
7f4f447ae000-7f4f448e3000 r-xp 00000000 08:02 3546151                    /usr/lib/x86_64-linux-gnu/libX11.so.6.3.0
7f4f448e3000-7f4f44ae3000 ---p 00135000 08:02 3546151                    /usr/lib/x86_64-linux-gnu/libX11.so.6.3.0
7f4f44ae3000-7f4f44ae4000 r--p 00135000 08:02 3546151                    /usr/lib/x86_64-linux-gnu/libX11.so.6.3.0
7f4f44ae4000-7f4f44ae8000 rw-p 00136000 08:02 3546151                    /usr/lib/x86_64-linux-gnu/libX11.so.6.3.0
7f4f44ae8000-7f4f44aed000 r-xp 00000000 08:02 3546194                    /usr/lib/x86_64-linux-gnu/libXtst.so.6.1.0
7f4f44aed000-7f4f44cec000 ---p 00005000 08:02 3546194                    /usr/lib/x86_64-linux-gnu/libXtst.so.6.1.0
7f4f44cec000-7f4f44ced000 r--p 00004000 08:02 3546194                    /usr/lib/x86_64-linux-gnu/libXtst.so.6.1.0
7f4f44ced000-7f4f44cee000 rw-p 00005000 08:02 3546194                    /usr/lib/x86_64-linux-gnu/libXtst.so.6.1.0
7f4f44cee000-7f4f44dfd000 r-xp 00000000 08:02 791173                     /lib/x86_64-linux-gnu/libglib-2.0.so.0.4800.2
7f4f44dfd000-7f4f44ffc000 ---p 0010f000 08:02 791173                     /lib/x86_64-linux-gnu/libglib-2.0.so.0.4800.2
7f4f44ffc000-7f4f44ffd000 r--p 0010e000 08:02 791173                     /lib/x86_64-linux-gnu/libglib-2.0.so.0.4800.2
7f4f44ffd000-7f4f44ffe000 rw-p 0010f000 08:02 791173                     /lib/x86_64-linux-gnu/libglib-2.0.so.0.4800.2
7f4f44ffe000-7f4f48000000 rw-p 00000000 00:00 0 
7f4f48000000-7f4f48021000 rw-p 00000000 00:00 0 
7f4f48021000-7f4f4c000000 ---p 00000000 00:00 0 
7f4f4c000000-7f4f4c021000 rw-p 00000000 00:00 0 
7f4f4c021000-7f4f50000000 ---p 00000000 00:00 0 
7f4f50000000-7f4f50021000 rw-p 00000000 00:00 0 
7f4f50021000-7f4f54000000 ---p 00000000 00:00 0 
7f4f54000000-7f4f54021000 rw-p 00000000 00:00 0 
7f4f54021000-7f4f58000000 ---p 00000000 00:00 0 
7f4f58000000-7f4f58021000 rw-p 00000000 00:00 0 
7f4f58021000-7f4f5c000000 ---p 00000000 00:00 0 
7f4f5c000000-7f4f5c021000 rw-p 00000000 00:00 0 
7f4f5c021000-7f4f60000000 ---p 00000000 00:00 0 
7f4f60000000-7f4f60032000 rw-p 00000000 00:00 0 
7f4f60032000-7f4f64000000 ---p 00000000 00:00 0 
7f4f64000000-7f4f64001000 r--s 00000000 08:02 4200321                    /var/cache/fontconfig/4794a0821666d79190d59a36cb4f44b5-le64.cache-6
7f4f64001000-7f4f6400c000 r--s 00000000 08:02 4195407                    /var/cache/fontconfig/83bf95040141907cd45bb53cf7c1c148-le64.cache-6
7f4f6400c000-7f4f6401e000 r--s 00000000 08:02 4198766                    /var/cache/fontconfig/9b89f8e3dae116d678bbf48e5f21f69b-le64.cache-6
7f4f6401e000-7f4f64021000 r--s 00000000 08:02 4195400                    /var/cache/fontconfig/e13b20fdb08344e0e664864cc2ede53d-le64.cache-6
7f4f64021000-7f4f6404b000 r--p 00000000 08:02 3815303                    /usr/share/locale-langpack/es/LC_MESSAGES/gtk20-properties.mo
7f4f6404b000-7f4f64070000 r--p 00000000 08:02 3813115                    /usr/share/locale-langpack/es/LC_MESSAGES/libc.mo
7f4f64070000-7f4f64071000 r-xp 00000000 08:02 3546634                    /usr/lib/x86_64-linux-gnu/libgthread-2.0.so.0.4800.2
7f4f64071000-7f4f64270000 ---p 00001000 08:02 3546634                    /usr/lib/x86_64-linux-gnu/libgthread-2.0.so.0.4800.2
7f4f64270000-7f4f64271000 r--p 00000000 08:02 3546634                    /usr/lib/x86_64-linux-gnu/libgthread-2.0.so.0.4800.2
7f4f64271000-7f4f64272000 rw-p 00001000 08:02 3546634                    /usr/lib/x86_64-linux-gnu/libgthread-2.0.so.0.4800.2
7f4f64272000-7f4f64275000 r-xp 00000000 08:02 3546561                    /usr/lib/x86_64-linux-gnu/libgmodule-2.0.so.0.4800.2
7f4f64275000-7f4f64474000 ---p 00003000 08:02 3546561                    /usr/lib/x86_64-linux-gnu/libgmodule-2.0.so.0.4800.2
7f4f64474000-7f4f64475000 r--p 00002000 08:02 3546561                    /usr/lib/x86_64-linux-gnu/libgmodule-2.0.so.0.4800.2
7f4f64475000-7f4f64476000 rw-p 00003000 08:02 3546561                    /usr/lib/x86_64-linux-gnu/libgmodule-2.0.so.0.4800.2
7f4f64476000-7f4f644c8000 r-xp 00000000 08:02 3546569                    /usr/lib/x86_64-linux-gnu/libgobject-2.0.so.0.4800.2
7f4f644c8000-7f4f646c7000 ---p 00052000 08:02 3546569                    /usr/lib/x86_64-linux-gnu/libgobject-2.0.so.0.4800.2
7f4f646c7000-7f4f646c8000 r--p 00051000 08:02 3546569                    /usr/lib/x86_64-linux-gnu/libgobject-2.0.so.0.4800.2
7f4f646c8000-7f4f646c9000 rw-p 00052000 08:02 3546569                    /usr/lib/x86_64-linux-gnu/libgobject-2.0.so.0.4800.2
7f4f646c9000-7f4f64706000 r-xp 00000000 08:02 3546485                    /usr/lib/x86_64-linux-gnu/libfontconfig.so.1.9.0
7f4f64706000-7f4f64905000 ---p 0003d000 08:02 3546485                    /usr/lib/x86_64-linux-gnu/libfontconfig.so.1.9.0
7f4f64905000-7f4f64907000 r--p 0003c000 08:02 3546485                    /usr/lib/x86_64-linux-gnu/libfontconfig.so.1.9.0
7f4f64907000-7f4f6490c000 rw-p 0003e000 08:02 3546485                    /usr/lib/x86_64-linux-gnu/libfontconfig.so.1.9.0
7f4f6490c000-7f4f649b0000 r-xp 00000000 08:02 3546515                    /usr/lib/x86_64-linux-gnu/libfreetype.so.6.12.1
7f4f649b0000-7f4f64baf000 ---p 000a4000 08:02 3546515                    /usr/lib/x86_64-linux-gnu/libfreetype.so.6.12.1
7f4f64baf000-7f4f64bb5000 r--p 000a3000 08:02 3546515                    /usr/lib/x86_64-linux-gnu/libfreetype.so.6.12.1
7f4f64bb5000-7f4f64bb6000 rw-p 000a9000 08:02 3546515                    /usr/lib/x86_64-linux-gnu/libfreetype.so.6.12.1
7f4f64bb6000-7f4f64bff000 r-xp 00000000 08:02 3546953                    /usr/lib/x86_64-linux-gnu/libpango-1.0.so.0.3800.1
7f4f64bff000-7f4f64dff000 ---p 00049000 08:02 3546953                    /usr/lib/x86_64-linux-gnu/libpango-1.0.so.0.3800.1
7f4f64dff000-7f4f64e01000 r--p 00049000 08:02 3546953                    /usr/lib/x86_64-linux-gnu/libpango-1.0.so.0.3800.1
7f4f64e01000-7f4f64e02000 rw-p 0004b000 08:02 3546953                    /usr/lib/x86_64-linux-gnu/libpango-1.0.so.0.3800.1
7f4f64e02000-7f4f64f10000 r-xp 00000000 08:02 3546300                    /usr/lib/x86_64-linux-gnu/libcairo.so.2.11400.6
7f4f64f10000-7f4f65110000 ---p 0010e000 08:02 3546300                    /usr/lib/x86_64-linux-gnu/libcairo.so.2.11400.6
7f4f65110000-7f4f65113000 r--p 0010e000 08:02 3546300                    /usr/lib/x86_64-linux-gnu/libcairo.so.2.11400.6
7f4f65113000-7f4f65114000 rw-p 00111000 08:02 3546300                    /usr/lib/x86_64-linux-gnu/libcairo.so.2.11400.6
7f4f65114000-7f4f65116000 rw-p 00000000 00:00 0 
7f4f65116000-7f4f65122000 r-xp 00000000 08:02 3546955                    /usr/lib/x86_64-linux-gnu/libpangocairo-1.0.so.0.3800.1
7f4f65122000-7f4f65321000 ---p 0000c000 08:02 3546955                    /usr/lib/x86_64-linux-gnu/libpangocairo-1.0.so.0.3800.1
7f4f65321000-7f4f65322000 r--p 0000b000 08:02 3546955                    /usr/lib/x86_64-linux-gnu/libpangocairo-1.0.so.0.3800.1
7f4f65322000-7f4f65323000 rw-p 0000c000 08:02 3546955                    /usr/lib/x86_64-linux-gnu/libpangocairo-1.0.so.0.3800.1
7f4f65323000-7f4f65344000 r-xp 00000000 08:02 3546541                    /usr/lib/x86_64-linux-gnu/libgdk_pixbuf-2.0.so.0.3200.2
7f4f65344000-7f4f65543000 ---p 00021000 08:02 3546541                    /usr/lib/x86_64-linux-gnu/libgdk_pixbuf-2.0.so.0.3200.2
7f4f65543000-7f4f65544000 r--p 00020000 08:02 3546541                    /usr/lib/x86_64-linux-gnu/libgdk_pixbuf-2.0.so.0.3200.2
7f4f65544000-7f4f65545000 rw-p 00021000 08:02 3546541                    /usr/lib/x86_64-linux-gnu/libgdk_pixbuf-2.0.so.0.3200.2
7f4f65545000-7f4f65559000 r-xp 00000000 08:02 3546957                    /usr/lib/x86_64-linux-gnu/libpangoft2-1.0.so.0.3800.1
7f4f65559000-7f4f65759000 ---p 00014000 08:02 3546957                    /usr/lib/x86_64-linux-gnu/libpangoft2-1.0.so.0.3800.1
7f4f65759000-7f4f6575a000 r--p 00014000 08:02 3546957                    /usr/lib/x86_64-linux-gnu/libpangoft2-1.0.so.0.3800.1
7f4f6575a000-7f4f6575b000 rw-p 00015000 08:02 3546957                    /usr/lib/x86_64-linux-gnu/libpangoft2-1.0.so.0.3800.1
7f4f6575b000-7f4f658db000 r-xp 00000000 08:02 3546551                    /usr/lib/x86_64-linux-gnu/libgio-2.0.so.0.4800.2
7f4f658db000-7f4f65adb000 ---p 00180000 08:02 3546551                    /usr/lib/x86_64-linux-gnu/libgio-2.0.so.0.4800.2
7f4f65adb000-7f4f65adf000 r--p 00180000 08:02 3546551                    /usr/lib/x86_64-linux-gnu/libgio-2.0.so.0.4800.2
7f4f65adf000-7f4f65ae1000 rw-p 00184000 08:02 3546551                    /usr/lib/x86_64-linux-gnu/libgio-2.0.so.0.4800.2
7f4f65ae1000-7f4f65ae3000 rw-p 00000000 00:00 0 
7f4f65ae3000-7f4f65b05000 r-xp 00000000 08:02 3546244                    /usr/lib/x86_64-linux-gnu/libatk-1.0.so.0.21809.1
7f4f65b05000-7f4f65d04000 ---p 00022000 08:02 3546244                    /usr/lib/x86_64-linux-gnu/libatk-1.0.so.0.21809.1
7f4f65d04000-7f4f65d07000 r--p 00021000 08:02 3546244                    /usr/lib/x86_64-linux-gnu/libatk-1.0.so.0.21809.1
7f4f65d07000-7f4f65d08000 rw-p 00024000 08:02 3546244                    /usr/lib/x86_64-linux-gnu/libatk-1.0.so.0.21809.1
7f4f65d08000-7f4f65db8000 r-xp 00000000 08:02 3546539                    /usr/lib/x86_64-linux-gnu/libgdk-x11-2.0.so.0.2400.30
7f4f65db8000-7f4f65fb7000 ---p 000b0000 08:02 3546539                    /usr/lib/x86_64-linux-gnu/libgdk-x11-2.0.so.0.2400.30
7f4f65fb7000-7f4f65fbb000 r--p 000af000 08:02 3546539                    /usr/lib/x86_64-linux-gnu/libgdk-x11-2.0.so.0.2400.30
7f4f65fbb000-7f4f65fbd000 rw-p 000b3000 08:02 3546539                    /usr/lib/x86_64-linux-gnu/libgdk-x11-2.0.so.0.2400.30
7f4f65fbd000-7f4f663fb000 r-xp 00000000 08:02 3546638                    /usr/lib/x86_64-linux-gnu/libgtk-x11-2.0.so.0.2400.30
7f4f663fb000-7f4f665fa000 ---p 0043e000 08:02 3546638                    /usr/lib/x86_64-linux-gnu/libgtk-x11-2.0.so.0.2400.30
7f4f665fa000-7f4f66601000 r--p 0043d000 08:02 3546638                    /usr/lib/x86_64-linux-gnu/libgtk-x11-2.0.so.0.2400.30
7f4f66601000-7f4f66605000 rw-p 00444000 08:02 3546638                    /usr/lib/x86_64-linux-gnu/libgtk-x11-2.0.so.0.2400.30
7f4f66605000-7f4f66608000 rw-p 00000000 00:00 0 
7f4f66608000-7f4f6660a000 r--s 00000000 08:02 4200319                    /var/cache/fontconfig/4b14b093aebc79c320de5e86ae1d3314-le64.cache-6
7f4f6660a000-7f4f66610000 r--s 00000000 08:02 4202079                    /var/cache/fontconfig/3830d5c3ddfd5cd38a049b759396e72e-le64.cache-6
7f4f66612000-7f4f66621000 r--p 00000000 08:02 3815986                    /usr/share/locale-langpack/es/LC_MESSAGES/gtk20.mo
7f4f66621000-7f4f66622000 rw-s 00000000 00:05 148585                     /drm mm object (deleted)
7f4f66622000-7f4f66629000 r--s 00000000 08:02 3671625                    /usr/lib/x86_64-linux-gnu/gconv/gconv-modules.cache
7f4f66629000-7f4f66635000 r-xp 00000000 08:02 2885488                    /opt/jdk/jdk1.8.0_161/jre/lib/amd64/libprism_es2.so
7f4f66635000-7f4f66834000 ---p 0000c000 08:02 2885488                    /opt/jdk/jdk1.8.0_161/jre/lib/amd64/libprism_es2.so
7f4f66834000-7f4f66835000 rw-p 0000b000 08:02 2885488                    /opt/jdk/jdk1.8.0_161/jre/lib/amd64/libprism_es2.so
7f4f66835000-7f4f66838000 ---p 00000000 00:00 0 
7f4f66838000-7f4f66936000 rw-p 00000000 00:00 0 
7f4f66936000-7f4f66937000 ---p 00000000 00:00 0 
7f4f66937000-7f4f66a37000 rw-p 00000000 00:00 0 
7f4f66a37000-7f4f66a3a000 ---p 00000000 00:00 0 
7f4f66a3a000-7f4f66b38000 rw-p 00000000 00:00 0 
7f4f66b38000-7f4f66b3b000 ---p 00000000 00:00 0 
7f4f66b3b000-7f4f66c39000 rw-p 00000000 00:00 0 
7f4f66c39000-7f4f66c4f000 r-xp 00000000 08:02 2885484                    /opt/jdk/jdk1.8.0_161/jre/lib/amd64/libnet.so
7f4f66c4f000-7f4f66e4f000 ---p 00016000 08:02 2885484                    /opt/jdk/jdk1.8.0_161/jre/lib/amd64/libnet.so
7f4f66e4f000-7f4f66e50000 rw-p 00016000 08:02 2885484                    /opt/jdk/jdk1.8.0_161/jre/lib/amd64/libnet.so
7f4f66e50000-7f4f66e53000 ---p 00000000 00:00 0 
7f4f66e53000-7f4f66f51000 rw-p 00000000 00:00 0 
7f4f66f51000-7f4f66f54000 ---p 00000000 00:00 0 
7f4f66f54000-7f4f67052000 rw-p 00000000 00:00 0 
7f4f67052000-7f4f67054000 r--s 0001a000 08:02 5115840                    /home/blacksabbathx/.local/share/JetBrains/Toolbox/apps/IDEA-U/ch-0/181.4445.78/lib/idea_rt.jar
7f4f67054000-7f4f67069000 r--s 00237000 08:02 1313300                    /home/blacksabbathx/IdeaProjects/ProyectoCine/src/sources/jfoenix-8.0.1.jar
7f4f67069000-7f4f670ff000 r--s 0110a000 08:02 2885332                    /opt/jdk/jdk1.8.0_161/jre/lib/ext/jfxrt.jar
7f4f670ff000-7f4f67102000 ---p 00000000 00:00 0 
7f4f67102000-7f4f69000000 rw-p 00000000 00:00 0 
7f4f69000000-7f4f697b0000 rwxp 00000000 00:00 0 
7f4f697b0000-7f4f78000000 ---p 00000000 00:00 0 
7f4f78000000-7f4f784e2000 rw-p 00000000 00:00 0 
7f4f784e2000-7f4f7c000000 ---p 00000000 00:00 0 
7f4f7c000000-7f4f7c012000 r--s 00117000 08:02 1315416                    /home/blacksabbathx/IdeaProjects/ProyectoCine/src/sources/controlsfx-8.40.14.jar
7f4f7c012000-7f4f7c025000 r--s 00345000 08:02 2885308                    /opt/jdk/jdk1.8.0_161/jre/lib/resources.jar
7f4f7c025000-7f4f7c038000 r--s 000d6000 08:02 2885212                    /opt/jdk/jdk1.8.0_161/jre/lib/plugin.jar
7f4f7c038000-7f4f7c03d000 r--s 0009d000 08:02 2885327                    /opt/jdk/jdk1.8.0_161/jre/lib/jsse.jar
7f4f7c03d000-7f4f7c042000 r--s 00084000 08:02 2885187                    /opt/jdk/jdk1.8.0_161/jre/lib/jfr.jar
7f4f7c042000-7f4f7c04b000 r--s 0006d000 08:02 2885197                    /opt/jdk/jdk1.8.0_161/jre/lib/javaws.jar
7f4f7c04b000-7f4f7c067000 r--s 0020b000 08:02 2885188                    /opt/jdk/jdk1.8.0_161/jre/lib/deploy.jar
7f4f7c067000-7f4f7c5b3000 r--p 00000000 08:02 3549632                    /usr/lib/locale/locale-archive
7f4f7c5b3000-7f4f7c5b6000 ---p 00000000 00:00 0 
7f4f7c5b6000-7f4f7c6b4000 rw-p 00000000 00:00 0 
7f4f7c6b4000-7f4f7c6b7000 ---p 00000000 00:00 0 
7f4f7c6b7000-7f4f7c7b5000 rw-p 00000000 00:00 0 
7f4f7c7b5000-7f4f7c7b6000 ---p 00000000 00:00 0 
7f4f7c7b6000-7f4f7d20e000 rw-p 00000000 00:00 0 
7f4f7d20e000-7f4f7d3e7000 r--s 03d64000 08:02 2885270                    /opt/jdk/jdk1.8.0_161/jre/lib/rt.jar
7f4f7d3e7000-7f4f7ddc7000 rw-p 00000000 00:00 0 
7f4f7ddc7000-7f4f7ddc8000 ---p 00000000 00:00 0 
7f4f7ddc8000-7f4f7dec8000 rw-p 00000000 00:00 0 
7f4f7dec8000-7f4f7dec9000 ---p 00000000 00:00 0 
7f4f7dec9000-7f4f7dff9000 rw-p 00000000 00:00 0 
7f4f7dff9000-7f4f7e109000 ---p 00000000 00:00 0 
7f4f7e109000-7f4f7e139000 rw-p 00000000 00:00 0 
7f4f7e139000-7f4f7e249000 ---p 00000000 00:00 0 
7f4f7e249000-7f4f7e253000 rw-p 00000000 00:00 0 
7f4f7e253000-7f4f7e2e9000 ---p 00000000 00:00 0 
7f4f7e2e9000-7f4f7e309000 rw-p 00000000 00:00 0 
7f4f7e309000-7f4f7e6aa000 ---p 00000000 00:00 0 
7f4f7e6aa000-7f4f7e6c5000 r-xp 00000000 08:02 2885480                    /opt/jdk/jdk1.8.0_161/jre/lib/amd64/libzip.so
7f4f7e6c5000-7f4f7e8c5000 ---p 0001b000 08:02 2885480                    /opt/jdk/jdk1.8.0_161/jre/lib/amd64/libzip.so
7f4f7e8c5000-7f4f7e8c6000 rw-p 0001b000 08:02 2885480                    /opt/jdk/jdk1.8.0_161/jre/lib/amd64/libzip.so
7f4f7e8c6000-7f4f7e8d1000 r-xp 00000000 08:02 791228                     /lib/x86_64-linux-gnu/libnss_files-2.23.so
7f4f7e8d1000-7f4f7ead0000 ---p 0000b000 08:02 791228                     /lib/x86_64-linux-gnu/libnss_files-2.23.so
7f4f7ead0000-7f4f7ead1000 r--p 0000a000 08:02 791228                     /lib/x86_64-linux-gnu/libnss_files-2.23.so
7f4f7ead1000-7f4f7ead2000 rw-p 0000b000 08:02 791228                     /lib/x86_64-linux-gnu/libnss_files-2.23.so
7f4f7ead2000-7f4f7ead8000 rw-p 00000000 00:00 0 
7f4f7ead8000-7f4f7eae3000 r-xp 00000000 08:02 791238                     /lib/x86_64-linux-gnu/libnss_nis-2.23.so
7f4f7eae3000-7f4f7ece2000 ---p 0000b000 08:02 791238                     /lib/x86_64-linux-gnu/libnss_nis-2.23.so
7f4f7ece2000-7f4f7ece3000 r--p 0000a000 08:02 791238                     /lib/x86_64-linux-gnu/libnss_nis-2.23.so
7f4f7ece3000-7f4f7ece4000 rw-p 0000b000 08:02 791238                     /lib/x86_64-linux-gnu/libnss_nis-2.23.so
7f4f7ece4000-7f4f7ecfa000 r-xp 00000000 08:02 791222                     /lib/x86_64-linux-gnu/libnsl-2.23.so
7f4f7ecfa000-7f4f7eef9000 ---p 00016000 08:02 791222                     /lib/x86_64-linux-gnu/libnsl-2.23.so
7f4f7eef9000-7f4f7eefa000 r--p 00015000 08:02 791222                     /lib/x86_64-linux-gnu/libnsl-2.23.so
7f4f7eefa000-7f4f7eefb000 rw-p 00016000 08:02 791222                     /lib/x86_64-linux-gnu/libnsl-2.23.so
7f4f7eefb000-7f4f7eefd000 rw-p 00000000 00:00 0 
7f4f7eefd000-7f4f7ef05000 r-xp 00000000 08:02 791224                     /lib/x86_64-linux-gnu/libnss_compat-2.23.so
7f4f7ef05000-7f4f7f104000 ---p 00008000 08:02 791224                     /lib/x86_64-linux-gnu/libnss_compat-2.23.so
7f4f7f104000-7f4f7f105000 r--p 00007000 08:02 791224                     /lib/x86_64-linux-gnu/libnss_compat-2.23.so
7f4f7f105000-7f4f7f106000 rw-p 00008000 08:02 791224                     /lib/x86_64-linux-gnu/libnss_compat-2.23.so
7f4f7f106000-7f4f7f110000 r-xp 00000000 08:02 2885489                    /opt/jdk/jdk1.8.0_161/jre/lib/amd64/libinstrument.so
7f4f7f110000-7f4f7f30f000 ---p 0000a000 08:02 2885489                    /opt/jdk/jdk1.8.0_161/jre/lib/amd64/libinstrument.so
7f4f7f30f000-7f4f7f310000 rw-p 00009000 08:02 2885489                    /opt/jdk/jdk1.8.0_161/jre/lib/amd64/libinstrument.so
7f4f7f310000-7f4f7f33b000 r-xp 00000000 08:02 2885474                    /opt/jdk/jdk1.8.0_161/jre/lib/amd64/libjava.so
7f4f7f33b000-7f4f7f53a000 ---p 0002b000 08:02 2885474                    /opt/jdk/jdk1.8.0_161/jre/lib/amd64/libjava.so
7f4f7f53a000-7f4f7f53c000 rw-p 0002a000 08:02 2885474                    /opt/jdk/jdk1.8.0_161/jre/lib/amd64/libjava.so
7f4f7f53c000-7f4f7f549000 r-xp 00000000 08:02 2885479                    /opt/jdk/jdk1.8.0_161/jre/lib/amd64/libverify.so
7f4f7f549000-7f4f7f749000 ---p 0000d000 08:02 2885479                    /opt/jdk/jdk1.8.0_161/jre/lib/amd64/libverify.so
7f4f7f749000-7f4f7f74b000 rw-p 0000d000 08:02 2885479                    /opt/jdk/jdk1.8.0_161/jre/lib/amd64/libverify.so
7f4f7f74b000-7f4f7f752000 r-xp 00000000 08:02 791283                     /lib/x86_64-linux-gnu/librt-2.23.so
7f4f7f752000-7f4f7f951000 ---p 00007000 08:02 791283                     /lib/x86_64-linux-gnu/librt-2.23.so
7f4f7f951000-7f4f7f952000 r--p 00006000 08:02 791283                     /lib/x86_64-linux-gnu/librt-2.23.so
7f4f7f952000-7f4f7f953000 rw-p 00007000 08:02 791283                     /lib/x86_64-linux-gnu/librt-2.23.so
7f4f7f953000-7f4f7fa5b000 r-xp 00000000 08:02 791201                     /lib/x86_64-linux-gnu/libm-2.23.so
7f4f7fa5b000-7f4f7fc5a000 ---p 00108000 08:02 791201                     /lib/x86_64-linux-gnu/libm-2.23.so
7f4f7fc5a000-7f4f7fc5b000 r--p 00107000 08:02 791201                     /lib/x86_64-linux-gnu/libm-2.23.so
7f4f7fc5b000-7f4f7fc5c000 rw-p 00108000 08:02 791201                     /lib/x86_64-linux-gnu/libm-2.23.so
7f4f7fc5c000-7f4f80935000 r-xp 00000000 08:02 2885457                    /opt/jdk/jdk1.8.0_161/jre/lib/amd64/server/libjvm.so
7f4f80935000-7f4f80b34000 ---p 00cd9000 08:02 2885457                    /opt/jdk/jdk1.8.0_161/jre/lib/amd64/server/libjvm.so
7f4f80b34000-7f4f80c0d000 rw-p 00cd8000 08:02 2885457                    /opt/jdk/jdk1.8.0_161/jre/lib/amd64/server/libjvm.so
7f4f80c0d000-7f4f80c59000 rw-p 00000000 00:00 0 
7f4f80c59000-7f4f80e19000 r-xp 00000000 08:02 791133                     /lib/x86_64-linux-gnu/libc-2.23.so
7f4f80e19000-7f4f81019000 ---p 001c0000 08:02 791133                     /lib/x86_64-linux-gnu/libc-2.23.so
7f4f81019000-7f4f8101d000 r--p 001c0000 08:02 791133                     /lib/x86_64-linux-gnu/libc-2.23.so
7f4f8101d000-7f4f8101f000 rw-p 001c4000 08:02 791133                     /lib/x86_64-linux-gnu/libc-2.23.so
7f4f8101f000-7f4f81023000 rw-p 00000000 00:00 0 
7f4f81023000-7f4f81026000 r-xp 00000000 08:02 791155                     /lib/x86_64-linux-gnu/libdl-2.23.so
7f4f81026000-7f4f81225000 ---p 00003000 08:02 791155                     /lib/x86_64-linux-gnu/libdl-2.23.so
7f4f81225000-7f4f81226000 r--p 00002000 08:02 791155                     /lib/x86_64-linux-gnu/libdl-2.23.so
7f4f81226000-7f4f81227000 rw-p 00003000 08:02 791155                     /lib/x86_64-linux-gnu/libdl-2.23.so
7f4f81227000-7f4f8123d000 r-xp 00000000 08:02 2885095                    /opt/jdk/jdk1.8.0_161/lib/amd64/jli/libjli.so
7f4f8123d000-7f4f8143c000 ---p 00016000 08:02 2885095                    /opt/jdk/jdk1.8.0_161/lib/amd64/jli/libjli.so
7f4f8143c000-7f4f8143d000 rw-p 00015000 08:02 2885095                    /opt/jdk/jdk1.8.0_161/lib/amd64/jli/libjli.so
7f4f8143d000-7f4f81455000 r-xp 00000000 08:02 791275                     /lib/x86_64-linux-gnu/libpthread-2.23.so
7f4f81455000-7f4f81654000 ---p 00018000 08:02 791275                     /lib/x86_64-linux-gnu/libpthread-2.23.so
7f4f81654000-7f4f81655000 r--p 00017000 08:02 791275                     /lib/x86_64-linux-gnu/libpthread-2.23.so
7f4f81655000-7f4f81656000 rw-p 00018000 08:02 791275                     /lib/x86_64-linux-gnu/libpthread-2.23.so
7f4f81656000-7f4f8165a000 rw-p 00000000 00:00 0 
7f4f8165a000-7f4f81680000 r-xp 00000000 08:02 791107                     /lib/x86_64-linux-gnu/ld-2.23.so
7f4f81680000-7f4f81682000 r--s 00007000 08:02 2885502                    /opt/jdk/jdk1.8.0_161/jre/lib/jfxswt.jar
7f4f81682000-7f4f81687000 r--s 002f9000 08:02 2885268                    /opt/jdk/jdk1.8.0_161/jre/lib/charsets.jar
7f4f81687000-7f4f81758000 rw-p 00000000 00:00 0 
7f4f81758000-7f4f8175b000 ---p 00000000 00:00 0 
7f4f8175b000-7f4f8185e000 rw-p 00000000 00:00 0 
7f4f8185e000-7f4f8185f000 r--s 00000000 08:02 2885194                    /opt/jdk/jdk1.8.0_161/jre/lib/management-agent.jar
7f4f8185f000-7f4f81862000 r--s 0001a000 08:02 2885500                    /opt/jdk/jdk1.8.0_161/jre/lib/jce.jar
7f4f81862000-7f4f81875000 rw-p 00000000 00:00 0 
7f4f81875000-7f4f8187d000 rw-s 00000000 08:02 3015339                    /tmp/hsperfdata_blacksabbathx/12211
7f4f8187d000-7f4f8187e000 rw-p 00000000 00:00 0 
7f4f8187e000-7f4f8187f000 r--p 00000000 00:00 0 
7f4f8187f000-7f4f81880000 r--p 00025000 08:02 791107                     /lib/x86_64-linux-gnu/ld-2.23.so
7f4f81880000-7f4f81881000 rw-p 00026000 08:02 791107                     /lib/x86_64-linux-gnu/ld-2.23.so
7f4f81881000-7f4f81882000 rw-p 00000000 00:00 0 
7ffe9e043000-7ffe9e064000 rw-p 00000000 00:00 0                          [stack]
7ffe9e136000-7ffe9e139000 r--p 00000000 00:00 0                          [vvar]
7ffe9e139000-7ffe9e13b000 r-xp 00000000 00:00 0                          [vdso]
ffffffffff600000-ffffffffff601000 r-xp 00000000 00:00 0                  [vsyscall]

VM Arguments:
jvm_args: -javaagent:/home/blacksabbathx/.local/share/JetBrains/Toolbox/apps/IDEA-U/ch-0/181.4445.78/lib/idea_rt.jar=37797:/home/blacksabbathx/.local/share/JetBrains/Toolbox/apps/IDEA-U/ch-0/181.4445.78/bin -Dfile.encoding=UTF-8 
java_command: MainClass
java_class_path (initial): /opt/jdk/jdk1.8.0_161/jre/lib/charsets.jar:/opt/jdk/jdk1.8.0_161/jre/lib/deploy.jar:/opt/jdk/jdk1.8.0_161/jre/lib/ext/cldrdata.jar:/opt/jdk/jdk1.8.0_161/jre/lib/ext/dnsns.jar:/opt/jdk/jdk1.8.0_161/jre/lib/ext/jaccess.jar:/opt/jdk/jdk1.8.0_161/jre/lib/ext/jfxrt.jar:/opt/jdk/jdk1.8.0_161/jre/lib/ext/localedata.jar:/opt/jdk/jdk1.8.0_161/jre/lib/ext/nashorn.jar:/opt/jdk/jdk1.8.0_161/jre/lib/ext/sunec.jar:/opt/jdk/jdk1.8.0_161/jre/lib/ext/sunjce_provider.jar:/opt/jdk/jdk1.8.0_161/jre/lib/ext/sunpkcs11.jar:/opt/jdk/jdk1.8.0_161/jre/lib/ext/zipfs.jar:/opt/jdk/jdk1.8.0_161/jre/lib/javaws.jar:/opt/jdk/jdk1.8.0_161/jre/lib/jce.jar:/opt/jdk/jdk1.8.0_161/jre/lib/jfr.jar:/opt/jdk/jdk1.8.0_161/jre/lib/jfxswt.jar:/opt/jdk/jdk1.8.0_161/jre/lib/jsse.jar:/opt/jdk/jdk1.8.0_161/jre/lib/management-agent.jar:/opt/jdk/jdk1.8.0_161/jre/lib/plugin.jar:/opt/jdk/jdk1.8.0_161/jre/lib/resources.jar:/opt/jdk/jdk1.8.0_161/jre/lib/rt.jar:/home/blacksabbathx/IdeaProjects/ProyectoCine/out/production/ProyectoCine:/home/blacksabbathx/IdeaProjects/ProyectoCine/src/sources/jfoenix-8.0.1.jar:/home/blacksabbathx/IdeaProjects/ProyectoCine/src/sources/controlsfx-8.40.14.jar:/home/blacksabbathx/.local/share/JetBrains/Toolbox/apps/IDEA-U/ch-0/181.4445.78/lib/idea_rt.jar
Launcher Type: SUN_STANDARD

Environment Variables:
PATH=/home/blacksabbathx/bin:/home/blacksabbathx/.local/bin:/usr/local/sbin:/usr/local/bin:/usr/sbin:/usr/bin:/sbin:/bin:/usr/games:/usr/local/games:/snap/bin
SHELL=/bin/bash
DISPLAY=:0

Signal Handlers:
SIGSEGV: [libjvm.so+0xad01e0], sa_mask[0]=11111111011111111101111111111110, sa_flags=SA_RESTART|SA_SIGINFO
SIGBUS: [libjvm.so+0xad01e0], sa_mask[0]=11111111011111111101111111111110, sa_flags=SA_RESTART|SA_SIGINFO
SIGFPE: [libjvm.so+0x927fb0], sa_mask[0]=11111111011111111101111111111110, sa_flags=SA_RESTART|SA_SIGINFO
SIGPIPE: SIG_IGN, sa_mask[0]=00000000000010000000000000000000, sa_flags=SA_RESTART
SIGXFSZ: [libjvm.so+0x927fb0], sa_mask[0]=11111111011111111101111111111110, sa_flags=SA_RESTART|SA_SIGINFO
SIGILL: [libjvm.so+0x927fb0], sa_mask[0]=11111111011111111101111111111110, sa_flags=SA_RESTART|SA_SIGINFO
SIGUSR1: SIG_DFL, sa_mask[0]=00000000000000000000000000000000, sa_flags=none
SIGUSR2: [libjvm.so+0x9297f0], sa_mask[0]=00100000000000000000000000000000, sa_flags=SA_RESTART|SA_SIGINFO
SIGHUP: [libjvm.so+0x92abf0], sa_mask[0]=11111111011111111101111111111110, sa_flags=SA_RESTART|SA_SIGINFO
SIGINT: [libjvm.so+0x92abf0], sa_mask[0]=11111111011111111101111111111110, sa_flags=SA_RESTART|SA_SIGINFO
SIGTERM: [libjvm.so+0x92abf0], sa_mask[0]=11111111011111111101111111111110, sa_flags=SA_RESTART|SA_SIGINFO
SIGQUIT: [libjvm.so+0x92abf0], sa_mask[0]=11111111011111111101111111111110, sa_flags=SA_RESTART|SA_SIGINFO


---------------  S Y S T E M  ---------------

OS:DISTRIB_ID=neon
DISTRIB_RELEASE=16.04
DISTRIB_CODENAME=xenial
DISTRIB_DESCRIPTION="KDE neon User Edition 5.12"

uname:Linux 4.13.0-38-generic #43~16.04.1-Ubuntu SMP Wed Mar 14 17:48:43 UTC 2018 x86_64
libc:glibc 2.23 NPTL 2.23 
rlimit: STACK 8192k, CORE 0k, NPROC 15129, NOFILE 1048576, AS infinity
load average:2,23 1,62 1,68

/proc/meminfo:
MemTotal:        3927380 kB
MemFree:          118928 kB
MemAvailable:     719484 kB
Buffers:           30972 kB
Cached:          1071132 kB
SwapCached:        14696 kB
Active:          2685816 kB
Inactive:         941388 kB
Active(anon):    2280680 kB
Inactive(anon):   565408 kB
Active(file):     405136 kB
Inactive(file):   375980 kB
Unevictable:          32 kB
Mlocked:              32 kB
SwapTotal:       3907580 kB
SwapFree:        3816176 kB
Dirty:             10400 kB
Writeback:             0 kB
AnonPages:       2510516 kB
Mapped:           451872 kB
Shmem:            339624 kB
Slab:              94052 kB
SReclaimable:      56536 kB
SUnreclaim:        37516 kB
KernelStack:        7544 kB
PageTables:        38668 kB
NFS_Unstable:          0 kB
Bounce:                0 kB
WritebackTmp:          0 kB
CommitLimit:     5871268 kB
Committed_AS:    5110700 kB
VmallocTotal:   34359738367 kB
VmallocUsed:           0 kB
VmallocChunk:          0 kB
HardwareCorrupted:     0 kB
AnonHugePages:         0 kB
ShmemHugePages:        0 kB
ShmemPmdMapped:        0 kB
CmaTotal:              0 kB
CmaFree:               0 kB
HugePages_Total:       0
HugePages_Free:        0
HugePages_Rsvd:        0
HugePages_Surp:        0
Hugepagesize:       2048 kB
DirectMap4k:      169984 kB
DirectMap2M:     3911680 kB


CPU:total 2 (initial active 2) (2 cores per cpu, 1 threads per core) family 6 model 76 stepping 4, cmov, cx8, fxsr, mmx, sse, sse2, sse3, ssse3, sse4.1, sse4.2, popcnt, aes, clmul, erms, 3dnowpref, tsc, tscinvbit

/proc/cpuinfo:
processor	: 0
vendor_id	: GenuineIntel
cpu family	: 6
model		: 76
model name	: Intel(R) Celeron(R) CPU  N3060  @ 1.60GHz
stepping	: 4
microcode	: 0x404
cpu MHz		: 2480.008
cache size	: 1024 KB
physical id	: 0
siblings	: 2
core id		: 0
cpu cores	: 2
apicid		: 0
initial apicid	: 0
fpu		: yes
fpu_exception	: yes
cpuid level	: 11
wp		: yes
flags		: fpu vme de pse tsc msr pae mce cx8 apic sep mtrr pge mca cmov pat pse36 clflush dts acpi mmx fxsr sse sse2 ss ht tm pbe syscall nx rdtscp lm constant_tsc arch_perfmon pebs bts rep_good nopl xtopology tsc_reliable nonstop_tsc cpuid aperfmperf tsc_known_freq pni pclmulqdq dtes64 monitor ds_cpl vmx est tm2 ssse3 cx16 xtpr pdcm sse4_1 sse4_2 movbe popcnt tsc_deadline_timer aes rdrand lahf_lm 3dnowprefetch epb pti retpoline tpr_shadow vnmi flexpriority ept vpid tsc_adjust smep erms dtherm ida arat
bugs		: cpu_meltdown spectre_v1 spectre_v2
bogomips	: 3200.00
clflush size	: 64
cache_alignment	: 64
address sizes	: 36 bits physical, 48 bits virtual
power management:

processor	: 1
vendor_id	: GenuineIntel
cpu family	: 6
model		: 76
model name	: Intel(R) Celeron(R) CPU  N3060  @ 1.60GHz
stepping	: 4
microcode	: 0x404
cpu MHz		: 2480.000
cache size	: 1024 KB
physical id	: 0
siblings	: 2
core id		: 2
cpu cores	: 2
apicid		: 4
initial apicid	: 4
fpu		: yes
fpu_exception	: yes
cpuid level	: 11
wp		: yes
flags		: fpu vme de pse tsc msr pae mce cx8 apic sep mtrr pge mca cmov pat pse36 clflush dts acpi mmx fxsr sse sse2 ss ht tm pbe syscall nx rdtscp lm constant_tsc arch_perfmon pebs bts rep_good nopl xtopology tsc_reliable nonstop_tsc cpuid aperfmperf tsc_known_freq pni pclmulqdq dtes64 monitor ds_cpl vmx est tm2 ssse3 cx16 xtpr pdcm sse4_1 sse4_2 movbe popcnt tsc_deadline_timer aes rdrand lahf_lm 3dnowprefetch epb pti retpoline tpr_shadow vnmi flexpriority ept vpid tsc_adjust smep erms dtherm ida arat
bugs		: cpu_meltdown spectre_v1 spectre_v2
bogomips	: 3200.00
clflush size	: 64
cache_alignment	: 64
address sizes	: 36 bits physical, 48 bits virtual
power management:



Memory: 4k page, physical 3927380k(118928k free), swap 3907580k(3816176k free)

vm_info: Java HotSpot(TM) 64-Bit Server VM (25.161-b12) for linux-amd64 JRE (1.8.0_161-b12), built on Dec 19 2017 16:12:43 by "java_re" with gcc 4.3.0 20080428 (Red Hat 4.3.0-8)

time: Thu Apr 19 02:32:57 2018
elapsed time: 19 seconds (0d 0h 0m 19s)

