#
# A fatal error has been detected by the Java Runtime Environment:
#
#  SIGSEGV (0xb) at pc=0x00007f566943e08a, pid=12316, tid=0x00007f5640163700
#
# JRE version: Java(TM) SE Runtime Environment (8.0_161-b12) (build 1.8.0_161-b12)
# Java VM: Java HotSpot(TM) 64-Bit Server VM (25.161-b12 mixed mode linux-amd64 compressed oops)
# Problematic frame:
# V  [libjvm.so+0x6d808a]  jni_invoke_nonstatic(JNIEnv_*, JavaValue*, _jobject*, JNICallType, _jmethodID*, JNI_ArgumentPusher*, Thread*)+0x93a
#
# Failed to write core dump. Core dumps have been disabled. To enable core dumping, try "ulimit -c unlimited" before starting Java again
#
# If you would like to submit a bug report, please visit:
#   http://bugreport.java.com/bugreport/crash.jsp
#

---------------  T H R E A D  ---------------

Current thread (0x00007f566431d000):  JavaThread "JavaFX Application Thread" [_thread_in_vm, id=12341, stack(0x00007f5640063000,0x00007f5640164000)]

siginfo: si_signo: 11 (SIGSEGV), si_code: 1 (SEGV_MAPERR), si_addr: 0x00000007f8f8cb60

Registers:
RAX=0x0000000000000033, RBX=0x0000000000000005, RCX=0x0000000000000003, RDX=0x00000007f8f8c810
RSP=0x00007f56401621a0, RBP=0x00007f5640162320, RSI=0x00000001000ad0f8, RDI=0x00007f566431d1f8
R8 =0x0000000000000033, R9 =0x00007f5640162350, R10=0x00007f5604000be0, R11=0x00007f5654cb9c60
R12=0x00007f5600000018, R13=0x00007f56642d9ef8, R14=0x0000000000000000, R15=0x00007f566431caf8
RIP=0x00007f566943e08a, EFLAGS=0x0000000000010202, CSGSFS=0x002b000000000033, ERR=0x0000000000000004
  TRAPNO=0x000000000000000e

Top of Stack: (sp=0x00007f56401621a0)
0x00007f56401621a0:   00007f56401628a0 00007f56401624c0
0x00007f56401621b0:   00007f5640162200 00007f5640162280
0x00007f56401621c0:   00007f5640162350 00007f56401623b0
0x00007f56401621d0:   00007f566431d1f8 00007f566945d290
0x00007f56401621e0:   00007f5624000e60 00007f5624000e70
0x00007f56401621f0:   00007f5624001248 00000000000003d8
0x00007f5640162200:   00007f566431cbc8 00000000ed0e7570
0x00007f5640162210:   00007f560000006f 00007f560000000a
0x00007f5640162220:   00000000ec594000 00007f5600000000
0x00007f5640162230:   0000000000000034 00007f566a76eb1f
0x00007f5640162240:   00007f56539d3c30 0000000100000100
0x00007f5640162250:   00007f5653a5b748 00007f5640162208
0x00007f5640162260:   00007f5640162249 0000000800000005
0x00007f5640162270:   00007f5653a77d00 00007f566431cbd0
0x00007f5640162280:   00007f5669cd0e70 00007f566a80d720
0x00007f5640162290:   000000006431ca60 00007f566431d000
0x00007f56401622a0:   0000000000000000 00007f566943db5b
0x00007f56401622b0:   00007f56539ddd78 00007f566431d000
0x00007f56401622c0:   00007f56539ddd78 00007f566431d000
0x00007f56401622d0:   00007f5640162460 00007f56539ddd78
0x00007f56401622e0:   00007f56539ddd78 00007f56539ddd78
0x00007f56401622f0:   00007f5624000e60 00007f5640162350
0x00007f5640162300:   00007f566431d000 00007f5640162390
0x00007f5640162310:   00007f56642d9ef8 00007f566431d1f8
0x00007f5640162320:   00007f5640162410 00007f5669441f2f
0x00007f5640162330:   00007f566431d000 00007f5650cb7094
0x00007f5640162340:   00007f5640162428 00007f5604272010
0x00007f5640162350:   00007f5669cd1af0 00007f566a80d720
0x00007f5640162360:   00000000401623d0 00007f5600000063
0x00007f5640162370:   0000000000000000 0000003000000018
0x00007f5640162380:   00007f5640162500 00007f5640162440
0x00007f5640162390:   00007f566431d000 0000000000000000 

Instructions: (pc=0x00007f566943e08a)
0x00007f566943e06a:   f8 fe 0f 84 72 f7 ff ff 48 8b 05 8f 76 8a 00 80
0x00007f566943e07a:   38 00 0f 85 ed 00 00 00 49 8b 54 24 08 49 63 c0
0x00007f566943e08a:   4c 8b ac c2 b8 01 00 00 e9 50 f7 ff ff 66 0f 1f
0x00007f566943e09a:   84 00 00 00 00 00 e8 db d3 1d 00 89 c0 48 8d 14 

Register to memory mapping:

RAX=0x0000000000000033 is an unknown value
RBX=0x0000000000000005 is an unknown value
RCX=0x0000000000000003 is an unknown value
RDX=0x00000007f8f8c810 is an unknown value
RSP=0x00007f56401621a0 is pointing into the stack for thread: 0x00007f566431d000
RBP=0x00007f5640162320 is pointing into the stack for thread: 0x00007f566431d000
RSI=0x00000001000ad0f8 is pointing into metadata
RDI=0x00007f566431d1f8 is an unknown value
R8 =0x0000000000000033 is an unknown value
R9 =0x00007f5640162350 is pointing into the stack for thread: 0x00007f566431d000
R10=0x00007f5604000be0 is an unknown value
R11=0x00007f5654cb9c60 is at entry_point+32 in (nmethod*)0x00007f5654cb9ad0
R12=0x00007f5600000018 is an unknown value
R13=0x00007f56642d9ef8 is an unknown value
R14=0x0000000000000000 is an unknown value
R15=0x00007f566431caf8 is an unknown value


Stack: [0x00007f5640063000,0x00007f5640164000],  sp=0x00007f56401621a0,  free space=1020k
Native frames: (J=compiled Java code, j=interpreted, Vv=VM code, C=native code)
V  [libjvm.so+0x6d808a]  jni_invoke_nonstatic(JNIEnv_*, JavaValue*, _jobject*, JNICallType, _jmethodID*, JNI_ArgumentPusher*, Thread*)+0x93a
V  [libjvm.so+0x6dbf2f]  jni_CallVoidMethodV+0x10f
C  [libglass.so+0x18641]  JNIEnv_::CallVoidMethod(_jobject*, _jmethodID*, ...)+0x81
C  [libglass.so+0x14f0f]  WindowContextBase::process_key(_GdkEventKey*)+0x20f
C  [libglass.so+0x19f60]  WindowContextBase::im_filter_keypress(_GdkEventKey*)+0x1c0
C  [libglass.so+0x1a91c]  process_events(_GdkEvent*, void*)+0x22c
C  [libgdk-x11-2.0.so.0+0x5ac8c]

Java frames: (J=compiled Java code, j=interpreted, Vv=VM code)
j  com.sun.glass.ui.gtk.GtkApplication._runLoop(Ljava/lang/Runnable;Z)V+0
j  com.sun.glass.ui.gtk.GtkApplication.lambda$null$48(Ljava/lang/Runnable;Z)V+7
j  com.sun.glass.ui.gtk.GtkApplication$$Lambda$41.run()V+12
j  java.lang.Thread.run()V+11
v  ~StubRoutines::call_stub

---------------  P R O C E S S  ---------------

Java Threads: ( => current thread )
  0x00007f56042bc800 JavaThread "Prism Font Disposer" daemon [_thread_blocked, id=12349, stack(0x00007f561158e000,0x00007f561168f000)]
  0x00007f5664320800 JavaThread "JavaFX-Launcher" [_thread_blocked, id=12342, stack(0x00007f5612997000,0x00007f5612a98000)]
=>0x00007f566431d000 JavaThread "JavaFX Application Thread" [_thread_in_vm, id=12341, stack(0x00007f5640063000,0x00007f5640164000)]
  0x00007f5664319000 JavaThread "Thread-1" daemon [_thread_blocked, id=12340, stack(0x00007f5648030000,0x00007f5648131000)]
  0x00007f56642cb000 JavaThread "QuantumRenderer-0" daemon [_thread_blocked, id=12339, stack(0x00007f5651751000,0x00007f5651852000)]
  0x00007f56641e2000 JavaThread "Service Thread" daemon [_thread_blocked, id=12337, stack(0x00007f5651953000,0x00007f5651a54000)]
  0x00007f56641de000 JavaThread "C1 CompilerThread1" daemon [_thread_blocked, id=12336, stack(0x00007f5651a54000,0x00007f5651b55000)]
  0x00007f56641dc800 JavaThread "C2 CompilerThread0" daemon [_thread_in_native, id=12335, stack(0x00007f5651d6c000,0x00007f5651e6d000)]
  0x00007f56641d2000 JavaThread "Monitor Ctrl-Break" daemon [_thread_in_native, id=12334, stack(0x00007f5651e6d000,0x00007f5651f6e000)]
  0x00007f566413c000 JavaThread "Signal Dispatcher" daemon [_thread_blocked, id=12333, stack(0x00007f5652069000,0x00007f565216a000)]
  0x00007f5664109000 JavaThread "Finalizer" daemon [_thread_blocked, id=12332, stack(0x00007f56526b6000,0x00007f56527b7000)]
  0x00007f5664104800 JavaThread "Reference Handler" daemon [_thread_blocked, id=12331, stack(0x00007f56527b7000,0x00007f56528b8000)]
  0x00007f566400c000 JavaThread "main" [_thread_blocked, id=12319, stack(0x00007f566a862000,0x00007f566a963000)]

Other Threads:
  0x00007f56640fd000 VMThread [stack: 0x00007f56528b8000,0x00007f56529b9000] [id=12325]
  0x00007f56641e5000 WatcherThread [stack: 0x00007f5651852000,0x00007f5651953000] [id=12338]

VM state:not at safepoint (normal execution)

VM Mutex/Monitor currently owned by a thread: None

Heap:
 PSYoungGen      total 17920K, used 9963K [0x00000000ec000000, 0x00000000ed400000, 0x0000000100000000)
  eden space 15360K, 48% used [0x00000000ec000000,0x00000000ec742f18,0x00000000ecf00000)
  from space 2560K, 98% used [0x00000000ecf00000,0x00000000ed178050,0x00000000ed180000)
  to   space 2560K, 0% used [0x00000000ed180000,0x00000000ed180000,0x00000000ed400000)
 ParOldGen       total 98304K, used 63506K [0x00000000c4000000, 0x00000000ca000000, 0x00000000ec000000)
  object space 98304K, 64% used [0x00000000c4000000,0x00000000c7e04900,0x00000000ca000000)
 Metaspace       used 18106K, capacity 18964K, committed 19328K, reserved 1064960K
  class space    used 2605K, capacity 2823K, committed 2944K, reserved 1048576K

Card table byte_map: [0x00007f565420c000,0x00007f56543ed000] byte_map_base: 0x00007f5653bec000

Marking Bits: (ParMarkBitMap*) 0x00007f5669d35920
 Begin Bits: [0x00007f5642200000, 0x00007f5643100000)
 End Bits:   [0x00007f5643100000, 0x00007f5644000000)

Polling page: 0x00007f566a988000

CodeCache: size=245760Kb used=6779Kb max_used=6779Kb free=238980Kb
 bounds [0x00007f56547ad000, 0x00007f5654e5d000, 0x00007f56637ad000]
 total_blobs=2831 nmethods=2183 adapters=562
 compilation: enabled

Compilation events (10 events):
Event: 19,310 Thread 0x00007f56641de000 2177       3       java.lang.Enum::compareTo (44 bytes)
Event: 19,311 Thread 0x00007f56641de000 nmethod 2177 0x00007f5654e4ae90 code [0x00007f5654e4b040, 0x00007f5654e4b948]
Event: 19,311 Thread 0x00007f56641de000 2171       3       javafx.scene.Node::isFocusTraversable (19 bytes)
Event: 19,312 Thread 0x00007f56641de000 nmethod 2171 0x00007f5654e4bb90 code [0x00007f5654e4bd20, 0x00007f5654e4c0e8]
Event: 19,312 Thread 0x00007f56641de000 2172       1       javafx.scene.layout.Region::access$3700 (5 bytes)
Event: 19,312 Thread 0x00007f56641de000 nmethod 2172 0x00007f5654e47790 code [0x00007f5654e478e0, 0x00007f5654e479d0]
Event: 19,312 Thread 0x00007f56641de000 2179       1       javafx.scene.layout.Region::computeMaxWidth (4 bytes)
Event: 19,313 Thread 0x00007f56641de000 nmethod 2179 0x00007f5654e46510 code [0x00007f5654e46680, 0x00007f5654e46790]
Event: 19,313 Thread 0x00007f56641de000 2180       1       javafx.scene.layout.Region::computeMaxHeight (4 bytes)
Event: 19,313 Thread 0x00007f56641de000 nmethod 2180 0x00007f5654e4c210 code [0x00007f5654e4c380, 0x00007f5654e4c490]

GC Heap History (6 events):
Event: 2,145 GC heap before
{Heap before GC invocations=1 (full 0):
 PSYoungGen      total 17920K, used 15360K [0x00000000ec000000, 0x00000000ed400000, 0x0000000100000000)
  eden space 15360K, 100% used [0x00000000ec000000,0x00000000ecf00000,0x00000000ecf00000)
  from space 2560K, 0% used [0x00000000ed180000,0x00000000ed180000,0x00000000ed400000)
  to   space 2560K, 0% used [0x00000000ecf00000,0x00000000ecf00000,0x00000000ed180000)
 ParOldGen       total 40960K, used 0K [0x00000000c4000000, 0x00000000c6800000, 0x00000000ec000000)
  object space 40960K, 0% used [0x00000000c4000000,0x00000000c4000000,0x00000000c6800000)
 Metaspace       used 8583K, capacity 8972K, committed 9088K, reserved 1056768K
  class space    used 1044K, capacity 1134K, committed 1152K, reserved 1048576K
Event: 2,154 GC heap after
Heap after GC invocations=1 (full 0):
 PSYoungGen      total 17920K, used 1776K [0x00000000ec000000, 0x00000000ed400000, 0x0000000100000000)
  eden space 15360K, 0% used [0x00000000ec000000,0x00000000ec000000,0x00000000ecf00000)
  from space 2560K, 69% used [0x00000000ecf00000,0x00000000ed0bc050,0x00000000ed180000)
  to   space 2560K, 0% used [0x00000000ed180000,0x00000000ed180000,0x00000000ed400000)
 ParOldGen       total 40960K, used 72K [0x00000000c4000000, 0x00000000c6800000, 0x00000000ec000000)
  object space 40960K, 0% used [0x00000000c4000000,0x00000000c4012010,0x00000000c6800000)
 Metaspace       used 8583K, capacity 8972K, committed 9088K, reserved 1056768K
  class space    used 1044K, capacity 1134K, committed 1152K, reserved 1048576K
}
Event: 5,153 GC heap before
{Heap before GC invocations=2 (full 0):
 PSYoungGen      total 17920K, used 17064K [0x00000000ec000000, 0x00000000ed400000, 0x0000000100000000)
  eden space 15360K, 99% used [0x00000000ec000000,0x00000000eceee190,0x00000000ecf00000)
  from space 2560K, 69% used [0x00000000ecf00000,0x00000000ed0bc050,0x00000000ed180000)
  to   space 2560K, 0% used [0x00000000ed180000,0x00000000ed180000,0x00000000ed400000)
 ParOldGen       total 98304K, used 57025K [0x00000000c4000000, 0x00000000ca000000, 0x00000000ec000000)
  object space 98304K, 58% used [0x00000000c4000000,0x00000000c77b04a0,0x00000000ca000000)
 Metaspace       used 13089K, capacity 13548K, committed 13824K, reserved 1060864K
  class space    used 1788K, capacity 1929K, committed 2048K, reserved 1048576K
Event: 5,185 GC heap after
Heap after GC invocations=2 (full 0):
 PSYoungGen      total 17920K, used 2528K [0x00000000ec000000, 0x00000000ed400000, 0x0000000100000000)
  eden space 15360K, 0% used [0x00000000ec000000,0x00000000ec000000,0x00000000ecf00000)
  from space 2560K, 98% used [0x00000000ed180000,0x00000000ed3f8070,0x00000000ed400000)
  to   space 2560K, 0% used [0x00000000ecf00000,0x00000000ecf00000,0x00000000ed180000)
 ParOldGen       total 98304K, used 59093K [0x00000000c4000000, 0x00000000ca000000, 0x00000000ec000000)
  object space 98304K, 60% used [0x00000000c4000000,0x00000000c79b5678,0x00000000ca000000)
 Metaspace       used 13089K, capacity 13548K, committed 13824K, reserved 1060864K
  class space    used 1788K, capacity 1929K, committed 2048K, reserved 1048576K
}
Event: 11,682 GC heap before
{Heap before GC invocations=3 (full 0):
 PSYoungGen      total 17920K, used 17888K [0x00000000ec000000, 0x00000000ed400000, 0x0000000100000000)
  eden space 15360K, 100% used [0x00000000ec000000,0x00000000ecf00000,0x00000000ecf00000)
  from space 2560K, 98% used [0x00000000ed180000,0x00000000ed3f8070,0x00000000ed400000)
  to   space 2560K, 0% used [0x00000000ecf00000,0x00000000ecf00000,0x00000000ed180000)
 ParOldGen       total 98304K, used 59093K [0x00000000c4000000, 0x00000000ca000000, 0x00000000ec000000)
  object space 98304K, 60% used [0x00000000c4000000,0x00000000c79b5678,0x00000000ca000000)
 Metaspace       used 16427K, capacity 17158K, committed 17280K, reserved 1064960K
  class space    used 2406K, capacity 2610K, committed 2688K, reserved 1048576K
Event: 11,702 GC heap after
Heap after GC invocations=3 (full 0):
 PSYoungGen      total 17920K, used 2528K [0x00000000ec000000, 0x00000000ed400000, 0x0000000100000000)
  eden space 15360K, 0% used [0x00000000ec000000,0x00000000ec000000,0x00000000ecf00000)
  from space 2560K, 98% used [0x00000000ecf00000,0x00000000ed178050,0x00000000ed180000)
  to   space 2560K, 0% used [0x00000000ed180000,0x00000000ed180000,0x00000000ed400000)
 ParOldGen       total 98304K, used 63506K [0x00000000c4000000, 0x00000000ca000000, 0x00000000ec000000)
  object space 98304K, 64% used [0x00000000c4000000,0x00000000c7e04900,0x00000000ca000000)
 Metaspace       used 16427K, capacity 17158K, committed 17280K, reserved 1064960K
  class space    used 2406K, capacity 2610K, committed 2688K, reserved 1048576K
}

Deoptimization events (10 events):
Event: 6,098 Thread 0x00007f566431d000 Uncommon trap: reason=class_check action=maybe_recompile pc=0x00007f5654922de0 method=java.lang.String.equals(Ljava/lang/Object;)Z @ 8
Event: 6,103 Thread 0x00007f566431d000 Uncommon trap: reason=class_check action=maybe_recompile pc=0x00007f5654922de0 method=java.lang.String.equals(Ljava/lang/Object;)Z @ 8
Event: 6,103 Thread 0x00007f566431d000 Uncommon trap: reason=class_check action=maybe_recompile pc=0x00007f5654922de0 method=java.lang.String.equals(Ljava/lang/Object;)Z @ 8
Event: 11,374 Thread 0x00007f566431d000 Uncommon trap: reason=class_check action=maybe_recompile pc=0x00007f5654922de0 method=java.lang.String.equals(Ljava/lang/Object;)Z @ 8
Event: 11,501 Thread 0x00007f566431d000 Uncommon trap: reason=unstable_if action=reinterpret pc=0x00007f5654abe128 method=java.util.HashMap.hash(Ljava/lang/Object;)I @ 1
Event: 11,542 Thread 0x00007f566431d000 Uncommon trap: reason=unstable_if action=reinterpret pc=0x00007f5654be942c method=java.lang.ClassLoader.checkName(Ljava/lang/String;)Z @ 20
Event: 11,741 Thread 0x00007f566431d000 Uncommon trap: reason=unstable_if action=reinterpret pc=0x00007f5654bab570 method=java.util.HashMap.isEmpty()Z @ 4
Event: 11,941 Thread 0x00007f566431d000 Uncommon trap: reason=unstable_if action=reinterpret pc=0x00007f5654b97f7c method=jdk.internal.org.objectweb.asm.Type.getArgumentsAndReturnSizes(Ljava/lang/String;)I @ 47
Event: 12,341 Thread 0x00007f56642cb000 Uncommon trap: reason=unstable_if action=reinterpret pc=0x00007f5654cac69c method=java.lang.StrictMath.floorOrCeil(DDDD)D @ 115
Event: 16,782 Thread 0x00007f566431d000 Uncommon trap: reason=unstable_if action=reinterpret pc=0x00007f56549eb720 method=java.lang.CharacterData.of(I)Ljava/lang/CharacterData; @ 4

Classes redefined (0 events):
No events

Internal exceptions (10 events):
Event: 2,247 Thread 0x00007f566431d000 Exception <a 'java/lang/ArrayIndexOutOfBoundsException': 57> (0x00000000ec1899b0) thrown at [/HUDSON/workspace/8-2-build-linux-amd64/jdk8u161/10277/hotspot/src/share/vm/interpreter/interpreterRuntime.cpp, line 366]
Event: 2,249 Thread 0x00007f566431d000 Exception <a 'java/lang/ArrayIndexOutOfBoundsException': 18> (0x00000000ec18e638) thrown at [/HUDSON/workspace/8-2-build-linux-amd64/jdk8u161/10277/hotspot/src/share/vm/interpreter/interpreterRuntime.cpp, line 366]
Event: 2,251 Thread 0x00007f566431d000 Exception <a 'java/lang/ArrayIndexOutOfBoundsException'> (0x00000000ec1904e0) thrown at [/HUDSON/workspace/8-2-build-linux-amd64/jdk8u161/10277/hotspot/src/share/vm/runtime/sharedRuntime.cpp, line 605]
Event: 3,236 Thread 0x00007f566431d000 Exception <a 'java/lang/ArrayIndexOutOfBoundsException'> (0x00000000ec2ef208) thrown at [/HUDSON/workspace/8-2-build-linux-amd64/jdk8u161/10277/hotspot/src/share/vm/runtime/sharedRuntime.cpp, line 605]
Event: 4,091 Thread 0x00007f566431d000 Exception <a 'java/lang/ArrayIndexOutOfBoundsException'> (0x00000000ec821f68) thrown at [/HUDSON/workspace/8-2-build-linux-amd64/jdk8u161/10277/hotspot/src/share/vm/runtime/sharedRuntime.cpp, line 605]
Event: 4,222 Thread 0x00007f566431d000 Exception <a 'java/io/FileNotFoundException'> (0x00000000ec955a08) thrown at [/HUDSON/workspace/8-2-build-linux-amd64/jdk8u161/10277/hotspot/src/share/vm/prims/jni.cpp, line 709]
Event: 5,627 Thread 0x00007f566431d000 Exception <a 'java/io/FileNotFoundException'> (0x00000000ec43db90) thrown at [/HUDSON/workspace/8-2-build-linux-amd64/jdk8u161/10277/hotspot/src/share/vm/prims/jni.cpp, line 709]
Event: 5,724 Thread 0x00007f566431d000 Exception <a 'java/io/FileNotFoundException'> (0x00000000ec4bb2f8) thrown at [/HUDSON/workspace/8-2-build-linux-amd64/jdk8u161/10277/hotspot/src/share/vm/prims/jni.cpp, line 709]
Event: 5,748 Thread 0x00007f566431d000 Exception <a 'java/io/FileNotFoundException'> (0x00000000ec4e4a88) thrown at [/HUDSON/workspace/8-2-build-linux-amd64/jdk8u161/10277/hotspot/src/share/vm/prims/jni.cpp, line 709]
Event: 11,501 Thread 0x00007f566431d000 Implicit null exception at 0x00007f5654abdef5 to 0x00007f5654abe119

Events (10 events):
Event: 19,262 loading class javafx/scene/effect/DropShadow$7
Event: 19,262 loading class javafx/scene/effect/DropShadow$7 done
Event: 19,266 loading class javafx/scene/effect/DropShadow$8
Event: 19,266 loading class javafx/scene/effect/DropShadow$8 done
Event: 19,268 loading class javafx/scene/effect/DropShadow$2
Event: 19,268 loading class javafx/scene/effect/DropShadow$2 done
Event: 19,269 loading class javafx/scene/effect/DropShadow$3
Event: 19,269 loading class javafx/scene/effect/DropShadow$3 done
Event: 19,270 loading class com/sun/javafx/effect/EffectDirtyBits
Event: 19,270 loading class com/sun/javafx/effect/EffectDirtyBits done


Dynamic libraries:
00400000-00401000 r-xp 00000000 08:02 2883734                            /opt/jdk/jdk1.8.0_161/bin/java
00600000-00601000 rw-p 00000000 08:02 2883734                            /opt/jdk/jdk1.8.0_161/bin/java
01dd4000-01df5000 rw-p 00000000 00:00 0                                  [heap]
c4000000-ca000000 rw-p 00000000 00:00 0 
ca000000-ec000000 ---p 00000000 00:00 0 
ec000000-ed400000 rw-p 00000000 00:00 0 
ed400000-100000000 ---p 00000000 00:00 0 
100000000-1002e0000 rw-p 00000000 00:00 0 
1002e0000-140000000 ---p 00000000 00:00 0 
7f55fe000000-7f5604000000 rw-s 1041db000 00:06 334                       /dev/dri/card0
7f5604000000-7f560468f000 rw-p 00000000 00:00 0 
7f560468f000-7f5608000000 ---p 00000000 00:00 0 
7f560a400000-7f560c000000 rw-s 10a1db000 00:06 334                       /dev/dri/card0
7f560c000000-7f560c021000 rw-p 00000000 00:00 0 
7f560c021000-7f5610000000 ---p 00000000 00:00 0 
7f5610e52000-7f5610e5a000 rw-s 10331e000 00:06 334                       /dev/dri/card0
7f5610e5a000-7f5610e62000 rw-s 1002dc000 00:06 334                       /dev/dri/card0
7f5610e62000-7f5610e7e000 rw-s 1031f0000 00:06 334                       /dev/dri/card0
7f5610e7e000-7f5610e8e000 rw-s 00000000 00:05 160500                     /drm mm object (deleted)
7f5610e8e000-7f5610e96000 rw-s 1002d4000 00:06 334                       /dev/dri/card0
7f5610e96000-7f5611056000 rw-s 10bf9b000 00:06 334                       /dev/dri/card0
7f5611056000-7f56110a1000 r--p 00000000 08:02 3808232                    /usr/share/fonts/truetype/noto/NotoSans-Regular.ttf
7f56110a1000-7f56112a1000 rw-p 00000000 00:00 0 
7f56112a1000-7f5611461000 rw-s 10bddb000 00:06 334                       /dev/dri/card0
7f5611461000-7f5611471000 rw-s 00000000 00:05 160522                     /drm mm object (deleted)
7f5611471000-7f5611481000 rw-s 00000000 00:05 160508                     /drm mm object (deleted)
7f5611481000-7f561148d000 rw-s 00000000 00:05 158936                     /drm mm object (deleted)
7f561148d000-7f5611490000 ---p 00000000 00:00 0 
7f5611490000-7f561158e000 rw-p 00000000 00:00 0 
7f561158e000-7f5611591000 ---p 00000000 00:00 0 
7f5611591000-7f561168f000 rw-p 00000000 00:00 0 
7f561168f000-7f5611694000 r--s 00084000 08:02 2885187                    /opt/jdk/jdk1.8.0_161/jre/lib/jfr.jar
7f5611694000-7f5611894000 rw-p 00000000 00:00 0 
7f5611894000-7f561189e000 r-xp 00000000 08:02 3671770                    /usr/lib/x86_64-linux-gnu/gtk-2.0/2.10.0/engines/libpixmap.so
7f561189e000-7f5611a9d000 ---p 0000a000 08:02 3671770                    /usr/lib/x86_64-linux-gnu/gtk-2.0/2.10.0/engines/libpixmap.so
7f5611a9d000-7f5611a9e000 r--p 00009000 08:02 3671770                    /usr/lib/x86_64-linux-gnu/gtk-2.0/2.10.0/engines/libpixmap.so
7f5611a9e000-7f5611a9f000 rw-p 0000a000 08:02 3671770                    /usr/lib/x86_64-linux-gnu/gtk-2.0/2.10.0/engines/libpixmap.so
7f5611a9f000-7f5611af8000 r--p 00000000 08:02 3817298                    /usr/share/fonts/Segoe UI Bold.ttf
7f5611af8000-7f5611afd000 r--s 0009d000 08:02 2885327                    /opt/jdk/jdk1.8.0_161/jre/lib/jsse.jar
7f5611afd000-7f5611cfd000 rw-p 00000000 00:00 0 
7f5611cfd000-7f5611d4e000 r--p 00000000 08:02 3817300                    /usr/share/fonts/segoeuil.ttf
7f5611d4e000-7f5611dcd000 r--p 00000000 08:02 3817301                    /usr/share/fonts/segoeui.ttf
7f5611dcd000-7f5611e78000 r--p 00000000 08:02 2885200                    /opt/jdk/jdk1.8.0_161/jre/lib/fonts/LucidaSansRegular.ttf
7f5611e78000-7f5611ec6000 r--p 00000000 08:02 2885202                    /opt/jdk/jdk1.8.0_161/jre/lib/fonts/LucidaSansDemiBold.ttf
7f5611ec6000-7f5611f1b000 r--p 00000000 08:02 2885201                    /opt/jdk/jdk1.8.0_161/jre/lib/fonts/LucidaBrightRegular.ttf
7f5611f1b000-7f5611f55000 r--p 00000000 08:02 2885206                    /opt/jdk/jdk1.8.0_161/jre/lib/fonts/LucidaTypewriterBold.ttf
7f5611f55000-7f5611f59000 r-xp 00000000 08:02 2885435                    /opt/jdk/jdk1.8.0_161/jre/lib/amd64/libjavafx_font_pango.so
7f5611f59000-7f5612158000 ---p 00004000 08:02 2885435                    /opt/jdk/jdk1.8.0_161/jre/lib/amd64/libjavafx_font_pango.so
7f5612158000-7f5612159000 rw-p 00003000 08:02 2885435                    /opt/jdk/jdk1.8.0_161/jre/lib/amd64/libjavafx_font_pango.so
7f5612159000-7f561215e000 r-xp 00000000 08:02 2885438                    /opt/jdk/jdk1.8.0_161/jre/lib/amd64/libjavafx_font_freetype.so
7f561215e000-7f561235d000 ---p 00005000 08:02 2885438                    /opt/jdk/jdk1.8.0_161/jre/lib/amd64/libjavafx_font_freetype.so
7f561235d000-7f561235e000 rw-p 00004000 08:02 2885438                    /opt/jdk/jdk1.8.0_161/jre/lib/amd64/libjavafx_font_freetype.so
7f561235e000-7f5612361000 r-xp 00000000 08:02 2885485                    /opt/jdk/jdk1.8.0_161/jre/lib/amd64/libjavafx_font.so
7f5612361000-7f5612560000 ---p 00003000 08:02 2885485                    /opt/jdk/jdk1.8.0_161/jre/lib/amd64/libjavafx_font.so
7f5612560000-7f5612561000 rw-p 00002000 08:02 2885485                    /opt/jdk/jdk1.8.0_161/jre/lib/amd64/libjavafx_font.so
7f5612561000-7f5612597000 r-xp 00000000 08:02 2885481                    /opt/jdk/jdk1.8.0_161/jre/lib/amd64/libjavafx_iio.so
7f5612597000-7f5612796000 ---p 00036000 08:02 2885481                    /opt/jdk/jdk1.8.0_161/jre/lib/amd64/libjavafx_iio.so
7f5612796000-7f5612797000 rw-p 00035000 08:02 2885481                    /opt/jdk/jdk1.8.0_161/jre/lib/amd64/libjavafx_iio.so
7f5612797000-7f5612997000 rw-p 00000000 00:00 0 
7f5612997000-7f561299a000 ---p 00000000 00:00 0 
7f561299a000-7f5612a98000 rw-p 00000000 00:00 0 
7f5612a98000-7f5612ac1000 r-xp 00000000 08:02 2885460                    /opt/jdk/jdk1.8.0_161/jre/lib/amd64/libglass.so
7f5612ac1000-7f5612cc0000 ---p 00029000 08:02 2885460                    /opt/jdk/jdk1.8.0_161/jre/lib/amd64/libglass.so
7f5612cc0000-7f5612cc3000 rw-p 00028000 08:02 2885460                    /opt/jdk/jdk1.8.0_161/jre/lib/amd64/libglass.so
7f5612cc3000-7f5612cfa000 r-xp 00000000 08:02 3547217                    /usr/lib/x86_64-linux-gnu/libtxc_dxtn_s2tc.so.0.0.0
7f5612cfa000-7f5612ef9000 ---p 00037000 08:02 3547217                    /usr/lib/x86_64-linux-gnu/libtxc_dxtn_s2tc.so.0.0.0
7f5612ef9000-7f5612efa000 r--p 00036000 08:02 3547217                    /usr/lib/x86_64-linux-gnu/libtxc_dxtn_s2tc.so.0.0.0
7f5612efa000-7f5612efb000 rw-p 00037000 08:02 3547217                    /usr/lib/x86_64-linux-gnu/libtxc_dxtn_s2tc.so.0.0.0
7f5612efb000-7f5612f03000 r-xp 00000000 08:02 3546963                    /usr/lib/x86_64-linux-gnu/libpciaccess.so.0.11.1
7f5612f03000-7f5613103000 ---p 00008000 08:02 3546963                    /usr/lib/x86_64-linux-gnu/libpciaccess.so.0.11.1
7f5613103000-7f5613104000 r--p 00008000 08:02 3546963                    /usr/lib/x86_64-linux-gnu/libpciaccess.so.0.11.1
7f5613104000-7f5613105000 rw-p 00009000 08:02 3546963                    /usr/lib/x86_64-linux-gnu/libpciaccess.so.0.11.1
7f5613105000-7f5613110000 r-xp 00000000 08:02 3546417                    /usr/lib/x86_64-linux-gnu/libdrm_radeon.so.1.0.1
7f5613110000-7f561330f000 ---p 0000b000 08:02 3546417                    /usr/lib/x86_64-linux-gnu/libdrm_radeon.so.1.0.1
7f561330f000-7f5613310000 r--p 0000a000 08:02 3546417                    /usr/lib/x86_64-linux-gnu/libdrm_radeon.so.1.0.1
7f5613310000-7f5613311000 rw-p 0000b000 08:02 3546417                    /usr/lib/x86_64-linux-gnu/libdrm_radeon.so.1.0.1
7f5613311000-7f5613318000 r-xp 00000000 08:02 3546415                    /usr/lib/x86_64-linux-gnu/libdrm_nouveau.so.2.0.0
7f5613318000-7f5613517000 ---p 00007000 08:02 3546415                    /usr/lib/x86_64-linux-gnu/libdrm_nouveau.so.2.0.0
7f5613517000-7f5613518000 r--p 00006000 08:02 3546415                    /usr/lib/x86_64-linux-gnu/libdrm_nouveau.so.2.0.0
7f5613518000-7f5613519000 rw-p 00007000 08:02 3546415                    /usr/lib/x86_64-linux-gnu/libdrm_nouveau.so.2.0.0
7f5613519000-7f5613d40000 r-xp 00000000 08:02 3671344                    /usr/lib/x86_64-linux-gnu/dri/i965_dri.so
7f5613d40000-7f5613f40000 ---p 00827000 08:02 3671344                    /usr/lib/x86_64-linux-gnu/dri/i965_dri.so
7f5613f40000-7f5613f90000 r--p 00827000 08:02 3671344                    /usr/lib/x86_64-linux-gnu/dri/i965_dri.so
7f5613f90000-7f5613f99000 rw-p 00877000 08:02 3671344                    /usr/lib/x86_64-linux-gnu/dri/i965_dri.so
7f5613f99000-7f5614000000 rw-p 00000000 00:00 0 
7f5614000000-7f5615e3f000 rw-p 00000000 00:00 0 
7f5615e3f000-7f5618000000 ---p 00000000 00:00 0 
7f5618002000-7f5618015000 r--p 00000000 08:02 2885207                    /opt/jdk/jdk1.8.0_161/jre/lib/fonts/LucidaBrightDemiBold.ttf
7f5618015000-7f5618028000 r--p 00000000 08:02 2885204                    /opt/jdk/jdk1.8.0_161/jre/lib/fonts/LucidaBrightDemiItalic.ttf
7f5618028000-7f561803c000 r--p 00000000 08:02 2885199                    /opt/jdk/jdk1.8.0_161/jre/lib/fonts/LucidaBrightItalic.ttf
7f561803c000-7f5618078000 r--p 00000000 08:02 2885205                    /opt/jdk/jdk1.8.0_161/jre/lib/fonts/LucidaTypewriterRegular.ttf
7f5618078000-7f561807f000 r--s 00000000 08:02 4200409                    /var/cache/fontconfig/4be9850f182b35c1350b6bbf2e42601c-le64.cache-6
7f561807f000-7f561808a000 r--s 00000000 08:02 4198764                    /var/cache/fontconfig/945677eb7aeaf62f1d50efc3fb3ec7d8-le64.cache-6
7f561808a000-7f56180ac000 r-xp 00000000 08:02 3546413                    /usr/lib/x86_64-linux-gnu/libdrm_intel.so.1.0.0
7f56180ac000-7f56182ac000 ---p 00022000 08:02 3546413                    /usr/lib/x86_64-linux-gnu/libdrm_intel.so.1.0.0
7f56182ac000-7f56182ad000 r--p 00022000 08:02 3546413                    /usr/lib/x86_64-linux-gnu/libdrm_intel.so.1.0.0
7f56182ad000-7f56182ae000 rw-p 00023000 08:02 3546413                    /usr/lib/x86_64-linux-gnu/libdrm_intel.so.1.0.0
7f56182ae000-7f56182b4000 r-xp 00000000 08:02 3546354                    /usr/lib/x86_64-linux-gnu/libdatrie.so.1.3.3
7f56182b4000-7f56184b4000 ---p 00006000 08:02 3546354                    /usr/lib/x86_64-linux-gnu/libdatrie.so.1.3.3
7f56184b4000-7f56184b5000 r--p 00006000 08:02 3546354                    /usr/lib/x86_64-linux-gnu/libdatrie.so.1.3.3
7f56184b5000-7f56184b6000 rw-p 00007000 08:02 3546354                    /usr/lib/x86_64-linux-gnu/libdatrie.so.1.3.3
7f56184b6000-7f56184bb000 r-xp 00000000 08:02 3546164                    /usr/lib/x86_64-linux-gnu/libXdmcp.so.6.0.0
7f56184bb000-7f56186ba000 ---p 00005000 08:02 3546164                    /usr/lib/x86_64-linux-gnu/libXdmcp.so.6.0.0
7f56186ba000-7f56186bb000 r--p 00004000 08:02 3546164                    /usr/lib/x86_64-linux-gnu/libXdmcp.so.6.0.0
7f56186bb000-7f56186bc000 rw-p 00005000 08:02 3546164                    /usr/lib/x86_64-linux-gnu/libXdmcp.so.6.0.0
7f56186bc000-7f56186be000 r-xp 00000000 08:02 3546153                    /usr/lib/x86_64-linux-gnu/libXau.so.6.0.0
7f56186be000-7f56188be000 ---p 00002000 08:02 3546153                    /usr/lib/x86_64-linux-gnu/libXau.so.6.0.0
7f56188be000-7f56188bf000 r--p 00002000 08:02 3546153                    /usr/lib/x86_64-linux-gnu/libXau.so.6.0.0
7f56188bf000-7f56188c0000 rw-p 00003000 08:02 3546153                    /usr/lib/x86_64-linux-gnu/libXau.so.6.0.0
7f56188c0000-7f56188e4000 r-xp 00000000 08:02 3546586                    /usr/lib/x86_64-linux-gnu/libgraphite2.so.3.0.1
7f56188e4000-7f5618ae3000 ---p 00024000 08:02 3546586                    /usr/lib/x86_64-linux-gnu/libgraphite2.so.3.0.1
7f5618ae3000-7f5618ae5000 r--p 00023000 08:02 3546586                    /usr/lib/x86_64-linux-gnu/libgraphite2.so.3.0.1
7f5618ae5000-7f5618ae6000 rw-p 00025000 08:02 3546586                    /usr/lib/x86_64-linux-gnu/libgraphite2.so.3.0.1
7f5618ae6000-7f5618af6000 r-xp 00000000 08:02 3546409                    /usr/lib/x86_64-linux-gnu/libdrm.so.2.4.0
7f5618af6000-7f5618cf5000 ---p 00010000 08:02 3546409                    /usr/lib/x86_64-linux-gnu/libdrm.so.2.4.0
7f5618cf5000-7f5618cf6000 r--p 0000f000 08:02 3546409                    /usr/lib/x86_64-linux-gnu/libdrm.so.2.4.0
7f5618cf6000-7f5618cf7000 rw-p 00010000 08:02 3546409                    /usr/lib/x86_64-linux-gnu/libdrm.so.2.4.0
7f5618cf7000-7f5618cfb000 r-xp 00000000 08:02 3547342                    /usr/lib/x86_64-linux-gnu/libxcb-dri2.so.0.0.0
7f5618cfb000-7f5618efa000 ---p 00004000 08:02 3547342                    /usr/lib/x86_64-linux-gnu/libxcb-dri2.so.0.0.0
7f5618efa000-7f5618efb000 r--p 00003000 08:02 3547342                    /usr/lib/x86_64-linux-gnu/libxcb-dri2.so.0.0.0
7f5618efb000-7f5618efc000 rw-p 00004000 08:02 3547342                    /usr/lib/x86_64-linux-gnu/libxcb-dri2.so.0.0.0
7f5618efc000-7f5618f13000 r-xp 00000000 08:02 3547346                    /usr/lib/x86_64-linux-gnu/libxcb-glx.so.0.0.0
7f5618f13000-7f5619112000 ---p 00017000 08:02 3547346                    /usr/lib/x86_64-linux-gnu/libxcb-glx.so.0.0.0
7f5619112000-7f5619114000 r--p 00016000 08:02 3547346                    /usr/lib/x86_64-linux-gnu/libxcb-glx.so.0.0.0
7f5619114000-7f5619115000 rw-p 00018000 08:02 3547346                    /usr/lib/x86_64-linux-gnu/libxcb-glx.so.0.0.0
7f5619115000-7f5619116000 r-xp 00000000 08:02 3546149                    /usr/lib/x86_64-linux-gnu/libX11-xcb.so.1.0.0
7f5619116000-7f5619315000 ---p 00001000 08:02 3546149                    /usr/lib/x86_64-linux-gnu/libX11-xcb.so.1.0.0
7f5619315000-7f5619316000 r--p 00000000 08:02 3546149                    /usr/lib/x86_64-linux-gnu/libX11-xcb.so.1.0.0
7f5619316000-7f5619317000 rw-p 00001000 08:02 3546149                    /usr/lib/x86_64-linux-gnu/libX11-xcb.so.1.0.0
7f5619317000-7f5619342000 r-xp 00000000 08:02 3546557                    /usr/lib/x86_64-linux-gnu/libglapi.so.0.0.0
7f5619342000-7f5619541000 ---p 0002b000 08:02 3546557                    /usr/lib/x86_64-linux-gnu/libglapi.so.0.0.0
7f5619541000-7f5619545000 r--p 0002a000 08:02 3546557                    /usr/lib/x86_64-linux-gnu/libglapi.so.0.0.0
7f5619545000-7f5619546000 rw-p 0002e000 08:02 3546557                    /usr/lib/x86_64-linux-gnu/libglapi.so.0.0.0
7f5619546000-7f5619547000 rw-p 00000000 00:00 0 
7f5619547000-7f5619548000 r-xp 00000000 08:02 3547390                    /usr/lib/x86_64-linux-gnu/libxshmfence.so.1.0.0
7f5619548000-7f5619748000 ---p 00001000 08:02 3547390                    /usr/lib/x86_64-linux-gnu/libxshmfence.so.1.0.0
7f5619748000-7f5619749000 r--p 00001000 08:02 3547390                    /usr/lib/x86_64-linux-gnu/libxshmfence.so.1.0.0
7f5619749000-7f561974a000 rw-p 00002000 08:02 3547390                    /usr/lib/x86_64-linux-gnu/libxshmfence.so.1.0.0
7f561974a000-7f561974f000 r-xp 00000000 08:02 3547368                    /usr/lib/x86_64-linux-gnu/libxcb-sync.so.1.0.0
7f561974f000-7f561994f000 ---p 00005000 08:02 3547368                    /usr/lib/x86_64-linux-gnu/libxcb-sync.so.1.0.0
7f561994f000-7f5619950000 r--p 00005000 08:02 3547368                    /usr/lib/x86_64-linux-gnu/libxcb-sync.so.1.0.0
7f5619950000-7f5619951000 rw-p 00006000 08:02 3547368                    /usr/lib/x86_64-linux-gnu/libxcb-sync.so.1.0.0
7f5619951000-7f5619953000 r-xp 00000000 08:02 3547354                    /usr/lib/x86_64-linux-gnu/libxcb-present.so.0.0.0
7f5619953000-7f5619b52000 ---p 00002000 08:02 3547354                    /usr/lib/x86_64-linux-gnu/libxcb-present.so.0.0.0
7f5619b52000-7f5619b53000 r--p 00001000 08:02 3547354                    /usr/lib/x86_64-linux-gnu/libxcb-present.so.0.0.0
7f5619b53000-7f5619b54000 rw-p 00002000 08:02 3547354                    /usr/lib/x86_64-linux-gnu/libxcb-present.so.0.0.0
7f5619b54000-7f5619b56000 r-xp 00000000 08:02 3547344                    /usr/lib/x86_64-linux-gnu/libxcb-dri3.so.0.0.0
7f5619b56000-7f5619d55000 ---p 00002000 08:02 3547344                    /usr/lib/x86_64-linux-gnu/libxcb-dri3.so.0.0.0
7f5619d55000-7f5619d56000 r--p 00001000 08:02 3547344                    /usr/lib/x86_64-linux-gnu/libxcb-dri3.so.0.0.0
7f5619d56000-7f5619d57000 rw-p 00002000 08:02 3547344                    /usr/lib/x86_64-linux-gnu/libxcb-dri3.so.0.0.0
7f5619d57000-7f5619dc5000 r-xp 00000000 08:02 791258                     /lib/x86_64-linux-gnu/libpcre.so.3.13.2
7f5619dc5000-7f5619fc5000 ---p 0006e000 08:02 791258                     /lib/x86_64-linux-gnu/libpcre.so.3.13.2
7f5619fc5000-7f5619fc6000 r--p 0006e000 08:02 791258                     /lib/x86_64-linux-gnu/libpcre.so.3.13.2
7f5619fc6000-7f5619fc7000 rw-p 0006f000 08:02 791258                     /lib/x86_64-linux-gnu/libpcre.so.3.13.2
7f5619fc7000-7f5619fce000 r-xp 00000000 08:02 3546471                    /usr/lib/x86_64-linux-gnu/libffi.so.6.0.4
7f5619fce000-7f561a1cd000 ---p 00007000 08:02 3546471                    /usr/lib/x86_64-linux-gnu/libffi.so.6.0.4
7f561a1cd000-7f561a1ce000 r--p 00006000 08:02 3546471                    /usr/lib/x86_64-linux-gnu/libffi.so.6.0.4
7f561a1ce000-7f561a1cf000 rw-p 00007000 08:02 3546471                    /usr/lib/x86_64-linux-gnu/libffi.so.6.0.4
7f561a1cf000-7f561a1f5000 r-xp 00000000 08:02 791162                     /lib/x86_64-linux-gnu/libexpat.so.1.6.0
7f561a1f5000-7f561a3f5000 ---p 00026000 08:02 791162                     /lib/x86_64-linux-gnu/libexpat.so.1.6.0
7f561a3f5000-7f561a3f7000 r--p 00026000 08:02 791162                     /lib/x86_64-linux-gnu/libexpat.so.1.6.0
7f561a3f7000-7f561a3f8000 rw-p 00028000 08:02 791162                     /lib/x86_64-linux-gnu/libexpat.so.1.6.0
7f561a3f8000-7f561a400000 r-xp 00000000 08:02 3547194                    /usr/lib/x86_64-linux-gnu/libthai.so.0.2.4
7f561a400000-7f561a5ff000 ---p 00008000 08:02 3547194                    /usr/lib/x86_64-linux-gnu/libthai.so.0.2.4
7f561a5ff000-7f561a600000 r--p 00007000 08:02 3547194                    /usr/lib/x86_64-linux-gnu/libthai.so.0.2.4
7f561a600000-7f561a601000 rw-p 00008000 08:02 3547194                    /usr/lib/x86_64-linux-gnu/libthai.so.0.2.4
7f561a601000-7f561a622000 r-xp 00000000 08:02 3547380                    /usr/lib/x86_64-linux-gnu/libxcb.so.1.1.0
7f561a622000-7f561a821000 ---p 00021000 08:02 3547380                    /usr/lib/x86_64-linux-gnu/libxcb.so.1.1.0
7f561a821000-7f561a822000 r--p 00020000 08:02 3547380                    /usr/lib/x86_64-linux-gnu/libxcb.so.1.1.0
7f561a822000-7f561a823000 rw-p 00021000 08:02 3547380                    /usr/lib/x86_64-linux-gnu/libxcb.so.1.1.0
7f561a823000-7f561a82b000 r-xp 00000000 08:02 3547362                    /usr/lib/x86_64-linux-gnu/libxcb-render.so.0.0.0
7f561a82b000-7f561aa2b000 ---p 00008000 08:02 3547362                    /usr/lib/x86_64-linux-gnu/libxcb-render.so.0.0.0
7f561aa2b000-7f561aa2c000 r--p 00008000 08:02 3547362                    /usr/lib/x86_64-linux-gnu/libxcb-render.so.0.0.0
7f561aa2c000-7f561aa2d000 rw-p 00009000 08:02 3547362                    /usr/lib/x86_64-linux-gnu/libxcb-render.so.0.0.0
7f561aa2d000-7f561aa2f000 r-xp 00000000 08:02 3547366                    /usr/lib/x86_64-linux-gnu/libxcb-shm.so.0.0.0
7f561aa2f000-7f561ac2f000 ---p 00002000 08:02 3547366                    /usr/lib/x86_64-linux-gnu/libxcb-shm.so.0.0.0
7f561ac2f000-7f561ac30000 r--p 00002000 08:02 3547366                    /usr/lib/x86_64-linux-gnu/libxcb-shm.so.0.0.0
7f561ac30000-7f561ac31000 rw-p 00003000 08:02 3547366                    /usr/lib/x86_64-linux-gnu/libxcb-shm.so.0.0.0
7f561ac31000-7f561ac55000 r-xp 00000000 08:02 791270                     /lib/x86_64-linux-gnu/libpng12.so.0.54.0
7f561ac55000-7f561ae54000 ---p 00024000 08:02 791270                     /lib/x86_64-linux-gnu/libpng12.so.0.54.0
7f561ae54000-7f561ae55000 r--p 00023000 08:02 791270                     /lib/x86_64-linux-gnu/libpng12.so.0.54.0
7f561ae55000-7f561ae56000 rw-p 00024000 08:02 791270                     /lib/x86_64-linux-gnu/libpng12.so.0.54.0
7f561ae56000-7f561aef5000 r-xp 00000000 08:02 3546977                    /usr/lib/x86_64-linux-gnu/libpixman-1.so.0.33.6
7f561aef5000-7f561b0f5000 ---p 0009f000 08:02 3546977                    /usr/lib/x86_64-linux-gnu/libpixman-1.so.0.33.6
7f561b0f5000-7f561b0fd000 r--p 0009f000 08:02 3546977                    /usr/lib/x86_64-linux-gnu/libpixman-1.so.0.33.6
7f561b0fd000-7f561b0fe000 rw-p 000a7000 08:02 3546977                    /usr/lib/x86_64-linux-gnu/libpixman-1.so.0.33.6
7f561b0fe000-7f561b18f000 r-xp 00000000 08:02 3546650                    /usr/lib/x86_64-linux-gnu/libharfbuzz.so.0.10400.6
7f561b18f000-7f561b38e000 ---p 00091000 08:02 3546650                    /usr/lib/x86_64-linux-gnu/libharfbuzz.so.0.10400.6
7f561b38e000-7f561b390000 r--p 00090000 08:02 3546650                    /usr/lib/x86_64-linux-gnu/libharfbuzz.so.0.10400.6
7f561b390000-7f561b391000 rw-p 00092000 08:02 3546650                    /usr/lib/x86_64-linux-gnu/libharfbuzz.so.0.10400.6
7f561b391000-7f561b3a8000 r-xp 00000000 08:02 791281                     /lib/x86_64-linux-gnu/libresolv-2.23.so
7f561b3a8000-7f561b5a8000 ---p 00017000 08:02 791281                     /lib/x86_64-linux-gnu/libresolv-2.23.so
7f561b5a8000-7f561b5a9000 r--p 00017000 08:02 791281                     /lib/x86_64-linux-gnu/libresolv-2.23.so
7f561b5a9000-7f561b5aa000 rw-p 00018000 08:02 791281                     /lib/x86_64-linux-gnu/libresolv-2.23.so
7f561b5aa000-7f561b5ac000 rw-p 00000000 00:00 0 
7f561b5ac000-7f561b5cb000 r-xp 00000000 08:02 791287                     /lib/x86_64-linux-gnu/libselinux.so.1
7f561b5cb000-7f561b7ca000 ---p 0001f000 08:02 791287                     /lib/x86_64-linux-gnu/libselinux.so.1
7f561b7ca000-7f561b7cb000 r--p 0001e000 08:02 791287                     /lib/x86_64-linux-gnu/libselinux.so.1
7f561b7cb000-7f561b7cc000 rw-p 0001f000 08:02 791287                     /lib/x86_64-linux-gnu/libselinux.so.1
7f561b7cc000-7f561b7ce000 rw-p 00000000 00:00 0 
7f561b7ce000-7f561b7e7000 r-xp 00000000 08:02 791320                     /lib/x86_64-linux-gnu/libz.so.1.2.8
7f561b7e7000-7f561b9e6000 ---p 00019000 08:02 791320                     /lib/x86_64-linux-gnu/libz.so.1.2.8
7f561b9e6000-7f561b9e7000 r--p 00018000 08:02 791320                     /lib/x86_64-linux-gnu/libz.so.1.2.8
7f561b9e7000-7f561b9e8000 rw-p 00019000 08:02 791320                     /lib/x86_64-linux-gnu/libz.so.1.2.8
7f561b9e8000-7f561b9f9000 r-xp 00000000 08:02 3546166                    /usr/lib/x86_64-linux-gnu/libXext.so.6.4.0
7f561b9f9000-7f561bbf8000 ---p 00011000 08:02 3546166                    /usr/lib/x86_64-linux-gnu/libXext.so.6.4.0
7f561bbf8000-7f561bbf9000 r--p 00010000 08:02 3546166                    /usr/lib/x86_64-linux-gnu/libXext.so.6.4.0
7f561bbf9000-7f561bbfa000 rw-p 00011000 08:02 3546166                    /usr/lib/x86_64-linux-gnu/libXext.so.6.4.0
7f561bbfa000-7f561bbfc000 r-xp 00000000 08:02 3546162                    /usr/lib/x86_64-linux-gnu/libXdamage.so.1.1.0
7f561bbfc000-7f561bdfb000 ---p 00002000 08:02 3546162                    /usr/lib/x86_64-linux-gnu/libXdamage.so.1.1.0
7f561bdfb000-7f561bdfc000 r--p 00001000 08:02 3546162                    /usr/lib/x86_64-linux-gnu/libXdamage.so.1.1.0
7f561bdfc000-7f561bdfd000 rw-p 00002000 08:02 3546162                    /usr/lib/x86_64-linux-gnu/libXdamage.so.1.1.0
7f561bdfd000-7f561bdff000 r-xp 00000000 08:02 3546158                    /usr/lib/x86_64-linux-gnu/libXcomposite.so.1.0.0
7f561bdff000-7f561bffe000 ---p 00002000 08:02 3546158                    /usr/lib/x86_64-linux-gnu/libXcomposite.so.1.0.0
7f561bffe000-7f561bfff000 r--p 00001000 08:02 3546158                    /usr/lib/x86_64-linux-gnu/libXcomposite.so.1.0.0
7f561bfff000-7f561c000000 rw-p 00002000 08:02 3546158                    /usr/lib/x86_64-linux-gnu/libXcomposite.so.1.0.0
7f561c000000-7f561c021000 rw-p 00000000 00:00 0 
7f561c021000-7f5620000000 ---p 00000000 00:00 0 
7f5620000000-7f5620021000 rw-p 00000000 00:00 0 
7f5620021000-7f5624000000 ---p 00000000 00:00 0 
7f5624000000-7f56242c0000 rw-p 00000000 00:00 0 
7f56242c0000-7f5628000000 ---p 00000000 00:00 0 
7f5628000000-7f56283b0000 rw-p 00000000 00:00 0 
7f56283b0000-7f562c000000 ---p 00000000 00:00 0 
7f562c000000-7f562c021000 rw-p 00000000 00:00 0 
7f562c021000-7f5630000000 ---p 00000000 00:00 0 
7f5630000000-7f5630021000 rw-p 00000000 00:00 0 
7f5630021000-7f5634000000 ---p 00000000 00:00 0 
7f5634000000-7f5634021000 rw-p 00000000 00:00 0 
7f5634021000-7f5638000000 ---p 00000000 00:00 0 
7f5638000000-7f5638021000 rw-p 00000000 00:00 0 
7f5638021000-7f563c000000 ---p 00000000 00:00 0 
7f563c000000-7f563c021000 rw-p 00000000 00:00 0 
7f563c021000-7f5640000000 ---p 00000000 00:00 0 
7f5640001000-7f5640003000 rw-s 00000000 00:05 160519                     /drm mm object (deleted)
7f5640003000-7f5640009000 r--s 00000000 08:02 4198756                    /var/cache/fontconfig/2cd17615ca594fa2959ae173292e504c-le64.cache-6
7f5640009000-7f5640049000 r--s 00000000 08:02 4198754                    /var/cache/fontconfig/0bd3dc0958fa2205aaaa8ebb13e2872b-le64.cache-6
7f5640049000-7f5640050000 r--s 00000000 08:02 4195402                    /var/cache/fontconfig/3047814df9a2f067bd2d96a2b9c36e5a-le64.cache-6
7f5640050000-7f5640063000 r--s 00000000 08:02 4198773                    /var/cache/fontconfig/d52a8644073d54c13679302ca1180695-le64.cache-6
7f5640063000-7f5640066000 ---p 00000000 00:00 0 
7f5640066000-7f5640164000 rw-p 00000000 00:00 0 
7f5640164000-7f564016d000 r-xp 00000000 08:02 3546160                    /usr/lib/x86_64-linux-gnu/libXcursor.so.1.0.2
7f564016d000-7f564036c000 ---p 00009000 08:02 3546160                    /usr/lib/x86_64-linux-gnu/libXcursor.so.1.0.2
7f564036c000-7f564036d000 r--p 00008000 08:02 3546160                    /usr/lib/x86_64-linux-gnu/libXcursor.so.1.0.2
7f564036d000-7f564036e000 rw-p 00009000 08:02 3546160                    /usr/lib/x86_64-linux-gnu/libXcursor.so.1.0.2
7f564036e000-7f5640378000 r-xp 00000000 08:02 3546186                    /usr/lib/x86_64-linux-gnu/libXrandr.so.2.2.0
7f5640378000-7f5640577000 ---p 0000a000 08:02 3546186                    /usr/lib/x86_64-linux-gnu/libXrandr.so.2.2.0
7f5640577000-7f5640578000 r--p 00009000 08:02 3546186                    /usr/lib/x86_64-linux-gnu/libXrandr.so.2.2.0
7f5640578000-7f5640579000 rw-p 0000a000 08:02 3546186                    /usr/lib/x86_64-linux-gnu/libXrandr.so.2.2.0
7f5640579000-7f5640588000 r-xp 00000000 08:02 3546176                    /usr/lib/x86_64-linux-gnu/libXi.so.6.1.0
7f5640588000-7f5640787000 ---p 0000f000 08:02 3546176                    /usr/lib/x86_64-linux-gnu/libXi.so.6.1.0
7f5640787000-7f5640788000 r--p 0000e000 08:02 3546176                    /usr/lib/x86_64-linux-gnu/libXi.so.6.1.0
7f5640788000-7f5640789000 rw-p 0000f000 08:02 3546176                    /usr/lib/x86_64-linux-gnu/libXi.so.6.1.0
7f5640789000-7f564078b000 r-xp 00000000 08:02 3546178                    /usr/lib/x86_64-linux-gnu/libXinerama.so.1.0.0
7f564078b000-7f564098a000 ---p 00002000 08:02 3546178                    /usr/lib/x86_64-linux-gnu/libXinerama.so.1.0.0
7f564098a000-7f564098b000 r--p 00001000 08:02 3546178                    /usr/lib/x86_64-linux-gnu/libXinerama.so.1.0.0
7f564098b000-7f564098c000 rw-p 00002000 08:02 3546178                    /usr/lib/x86_64-linux-gnu/libXinerama.so.1.0.0
7f564098c000-7f5640995000 r-xp 00000000 08:02 3546188                    /usr/lib/x86_64-linux-gnu/libXrender.so.1.3.0
7f5640995000-7f5640b94000 ---p 00009000 08:02 3546188                    /usr/lib/x86_64-linux-gnu/libXrender.so.1.3.0
7f5640b94000-7f5640b95000 r--p 00008000 08:02 3546188                    /usr/lib/x86_64-linux-gnu/libXrender.so.1.3.0
7f5640b95000-7f5640b96000 rw-p 00009000 08:02 3546188                    /usr/lib/x86_64-linux-gnu/libXrender.so.1.3.0
7f5640b96000-7f5640b9b000 r-xp 00000000 08:02 3546168                    /usr/lib/x86_64-linux-gnu/libXfixes.so.3.1.0
7f5640b9b000-7f5640d9a000 ---p 00005000 08:02 3546168                    /usr/lib/x86_64-linux-gnu/libXfixes.so.3.1.0
7f5640d9a000-7f5640d9b000 r--p 00004000 08:02 3546168                    /usr/lib/x86_64-linux-gnu/libXfixes.so.3.1.0
7f5640d9b000-7f5640d9c000 rw-p 00005000 08:02 3546168                    /usr/lib/x86_64-linux-gnu/libXfixes.so.3.1.0
7f5640d9c000-7f5640db2000 r-xp 00000000 08:02 791169                     /lib/x86_64-linux-gnu/libgcc_s.so.1
7f5640db2000-7f5640fb1000 ---p 00016000 08:02 791169                     /lib/x86_64-linux-gnu/libgcc_s.so.1
7f5640fb1000-7f5640fb2000 rw-p 00015000 08:02 791169                     /lib/x86_64-linux-gnu/libgcc_s.so.1
7f5640fb2000-7f5641124000 r-xp 00000000 08:02 3547167                    /usr/lib/x86_64-linux-gnu/libstdc++.so.6.0.21
7f5641124000-7f5641324000 ---p 00172000 08:02 3547167                    /usr/lib/x86_64-linux-gnu/libstdc++.so.6.0.21
7f5641324000-7f564132e000 r--p 00172000 08:02 3547167                    /usr/lib/x86_64-linux-gnu/libstdc++.so.6.0.21
7f564132e000-7f5641330000 rw-p 0017c000 08:02 3547167                    /usr/lib/x86_64-linux-gnu/libstdc++.so.6.0.21
7f5641330000-7f5641334000 rw-p 00000000 00:00 0 
7f5641334000-7f56413a2000 r-xp 00000000 08:02 3671987                    /usr/lib/x86_64-linux-gnu/mesa/libGL.so.1.2.0
7f56413a2000-7f56415a2000 ---p 0006e000 08:02 3671987                    /usr/lib/x86_64-linux-gnu/mesa/libGL.so.1.2.0
7f56415a2000-7f56415a5000 r--p 0006e000 08:02 3671987                    /usr/lib/x86_64-linux-gnu/mesa/libGL.so.1.2.0
7f56415a5000-7f56415a6000 rw-p 00071000 08:02 3671987                    /usr/lib/x86_64-linux-gnu/mesa/libGL.so.1.2.0
7f56415a6000-7f56415a7000 rw-p 00000000 00:00 0 
7f56415a7000-7f56415ac000 r-xp 00000000 08:02 3546200                    /usr/lib/x86_64-linux-gnu/libXxf86vm.so.1.0.0
7f56415ac000-7f56417ab000 ---p 00005000 08:02 3546200                    /usr/lib/x86_64-linux-gnu/libXxf86vm.so.1.0.0
7f56417ab000-7f56417ac000 r--p 00004000 08:02 3546200                    /usr/lib/x86_64-linux-gnu/libXxf86vm.so.1.0.0
7f56417ac000-7f56417ad000 rw-p 00005000 08:02 3546200                    /usr/lib/x86_64-linux-gnu/libXxf86vm.so.1.0.0
7f56417ad000-7f56418e2000 r-xp 00000000 08:02 3546151                    /usr/lib/x86_64-linux-gnu/libX11.so.6.3.0
7f56418e2000-7f5641ae2000 ---p 00135000 08:02 3546151                    /usr/lib/x86_64-linux-gnu/libX11.so.6.3.0
7f5641ae2000-7f5641ae3000 r--p 00135000 08:02 3546151                    /usr/lib/x86_64-linux-gnu/libX11.so.6.3.0
7f5641ae3000-7f5641ae7000 rw-p 00136000 08:02 3546151                    /usr/lib/x86_64-linux-gnu/libX11.so.6.3.0
7f5641ae7000-7f5641aec000 r-xp 00000000 08:02 3546194                    /usr/lib/x86_64-linux-gnu/libXtst.so.6.1.0
7f5641aec000-7f5641ceb000 ---p 00005000 08:02 3546194                    /usr/lib/x86_64-linux-gnu/libXtst.so.6.1.0
7f5641ceb000-7f5641cec000 r--p 00004000 08:02 3546194                    /usr/lib/x86_64-linux-gnu/libXtst.so.6.1.0
7f5641cec000-7f5641ced000 rw-p 00005000 08:02 3546194                    /usr/lib/x86_64-linux-gnu/libXtst.so.6.1.0
7f5641ced000-7f5641dfc000 r-xp 00000000 08:02 791173                     /lib/x86_64-linux-gnu/libglib-2.0.so.0.4800.2
7f5641dfc000-7f5641ffb000 ---p 0010f000 08:02 791173                     /lib/x86_64-linux-gnu/libglib-2.0.so.0.4800.2
7f5641ffb000-7f5641ffc000 r--p 0010e000 08:02 791173                     /lib/x86_64-linux-gnu/libglib-2.0.so.0.4800.2
7f5641ffc000-7f5641ffd000 rw-p 0010f000 08:02 791173                     /lib/x86_64-linux-gnu/libglib-2.0.so.0.4800.2
7f5641ffd000-7f5641ffe000 rw-p 00000000 00:00 0 
7f5641ffe000-7f5641fff000 r-xp 00000000 08:02 3546634                    /usr/lib/x86_64-linux-gnu/libgthread-2.0.so.0.4800.2
7f5641fff000-7f56421fe000 ---p 00001000 08:02 3546634                    /usr/lib/x86_64-linux-gnu/libgthread-2.0.so.0.4800.2
7f56421fe000-7f56421ff000 r--p 00000000 08:02 3546634                    /usr/lib/x86_64-linux-gnu/libgthread-2.0.so.0.4800.2
7f56421ff000-7f5642200000 rw-p 00001000 08:02 3546634                    /usr/lib/x86_64-linux-gnu/libgthread-2.0.so.0.4800.2
7f5642200000-7f5644000000 rw-p 00000000 00:00 0 
7f5644000000-7f5644021000 rw-p 00000000 00:00 0 
7f5644021000-7f5648000000 ---p 00000000 00:00 0 
7f5648000000-7f5648008000 r--s 00000000 08:02 4198769                    /var/cache/fontconfig/bf3b770c553c462765856025a94f1ce6-le64.cache-6
7f5648008000-7f5648013000 r--s 00000000 08:02 4200318                    /var/cache/fontconfig/d589a48862398ed80a3d6066f4f56f4c-le64.cache-6
7f5648013000-7f564801e000 r--s 00000000 08:02 4195407                    /var/cache/fontconfig/83bf95040141907cd45bb53cf7c1c148-le64.cache-6
7f564801e000-7f5648030000 r--s 00000000 08:02 4198766                    /var/cache/fontconfig/9b89f8e3dae116d678bbf48e5f21f69b-le64.cache-6
7f5648030000-7f5648033000 ---p 00000000 00:00 0 
7f5648033000-7f5648131000 rw-p 00000000 00:00 0 
7f5648131000-7f564815b000 r--p 00000000 08:02 3815303                    /usr/share/locale-langpack/es/LC_MESSAGES/gtk20-properties.mo
7f564815b000-7f564815e000 r-xp 00000000 08:02 3546561                    /usr/lib/x86_64-linux-gnu/libgmodule-2.0.so.0.4800.2
7f564815e000-7f564835d000 ---p 00003000 08:02 3546561                    /usr/lib/x86_64-linux-gnu/libgmodule-2.0.so.0.4800.2
7f564835d000-7f564835e000 r--p 00002000 08:02 3546561                    /usr/lib/x86_64-linux-gnu/libgmodule-2.0.so.0.4800.2
7f564835e000-7f564835f000 rw-p 00003000 08:02 3546561                    /usr/lib/x86_64-linux-gnu/libgmodule-2.0.so.0.4800.2
7f564835f000-7f56483b1000 r-xp 00000000 08:02 3546569                    /usr/lib/x86_64-linux-gnu/libgobject-2.0.so.0.4800.2
7f56483b1000-7f56485b0000 ---p 00052000 08:02 3546569                    /usr/lib/x86_64-linux-gnu/libgobject-2.0.so.0.4800.2
7f56485b0000-7f56485b1000 r--p 00051000 08:02 3546569                    /usr/lib/x86_64-linux-gnu/libgobject-2.0.so.0.4800.2
7f56485b1000-7f56485b2000 rw-p 00052000 08:02 3546569                    /usr/lib/x86_64-linux-gnu/libgobject-2.0.so.0.4800.2
7f56485b2000-7f56485ef000 r-xp 00000000 08:02 3546485                    /usr/lib/x86_64-linux-gnu/libfontconfig.so.1.9.0
7f56485ef000-7f56487ee000 ---p 0003d000 08:02 3546485                    /usr/lib/x86_64-linux-gnu/libfontconfig.so.1.9.0
7f56487ee000-7f56487f0000 r--p 0003c000 08:02 3546485                    /usr/lib/x86_64-linux-gnu/libfontconfig.so.1.9.0
7f56487f0000-7f56487f5000 rw-p 0003e000 08:02 3546485                    /usr/lib/x86_64-linux-gnu/libfontconfig.so.1.9.0
7f56487f5000-7f5648899000 r-xp 00000000 08:02 3546515                    /usr/lib/x86_64-linux-gnu/libfreetype.so.6.12.1
7f5648899000-7f5648a98000 ---p 000a4000 08:02 3546515                    /usr/lib/x86_64-linux-gnu/libfreetype.so.6.12.1
7f5648a98000-7f5648a9e000 r--p 000a3000 08:02 3546515                    /usr/lib/x86_64-linux-gnu/libfreetype.so.6.12.1
7f5648a9e000-7f5648a9f000 rw-p 000a9000 08:02 3546515                    /usr/lib/x86_64-linux-gnu/libfreetype.so.6.12.1
7f5648a9f000-7f5648ae8000 r-xp 00000000 08:02 3546953                    /usr/lib/x86_64-linux-gnu/libpango-1.0.so.0.3800.1
7f5648ae8000-7f5648ce8000 ---p 00049000 08:02 3546953                    /usr/lib/x86_64-linux-gnu/libpango-1.0.so.0.3800.1
7f5648ce8000-7f5648cea000 r--p 00049000 08:02 3546953                    /usr/lib/x86_64-linux-gnu/libpango-1.0.so.0.3800.1
7f5648cea000-7f5648ceb000 rw-p 0004b000 08:02 3546953                    /usr/lib/x86_64-linux-gnu/libpango-1.0.so.0.3800.1
7f5648ceb000-7f5648df9000 r-xp 00000000 08:02 3546300                    /usr/lib/x86_64-linux-gnu/libcairo.so.2.11400.6
7f5648df9000-7f5648ff9000 ---p 0010e000 08:02 3546300                    /usr/lib/x86_64-linux-gnu/libcairo.so.2.11400.6
7f5648ff9000-7f5648ffc000 r--p 0010e000 08:02 3546300                    /usr/lib/x86_64-linux-gnu/libcairo.so.2.11400.6
7f5648ffc000-7f5648ffd000 rw-p 00111000 08:02 3546300                    /usr/lib/x86_64-linux-gnu/libcairo.so.2.11400.6
7f5648ffd000-7f564c000000 rw-p 00000000 00:00 0 
7f564c000000-7f564c021000 rw-p 00000000 00:00 0 
7f564c021000-7f5650000000 ---p 00000000 00:00 0 
7f5650000000-7f5650001000 rw-s 1000ef000 00:06 334                       /dev/dri/card0
7f5650001000-7f5650002000 r--s 00000000 08:02 4200321                    /var/cache/fontconfig/4794a0821666d79190d59a36cb4f44b5-le64.cache-6
7f5650002000-7f5650004000 r--s 00000000 08:02 4198768                    /var/cache/fontconfig/a0107c79d978dfcc5e42cb1335b71036-le64.cache-6
7f5650004000-7f5650007000 r--s 00000000 08:02 4200320                    /var/cache/fontconfig/e49e89034d371f0f9de17aab02136486-le64.cache-6
7f5650007000-7f565000a000 r--s 00000000 08:02 4200317                    /var/cache/fontconfig/75114ca45c98e8a441da0ff356701271-le64.cache-6
7f565000a000-7f565000d000 r--s 00000000 08:02 4195400                    /var/cache/fontconfig/e13b20fdb08344e0e664864cc2ede53d-le64.cache-6
7f565000d000-7f5650032000 r--p 00000000 08:02 3813115                    /usr/share/locale-langpack/es/LC_MESSAGES/libc.mo
7f5650032000-7f565003e000 r-xp 00000000 08:02 3546955                    /usr/lib/x86_64-linux-gnu/libpangocairo-1.0.so.0.3800.1
7f565003e000-7f565023d000 ---p 0000c000 08:02 3546955                    /usr/lib/x86_64-linux-gnu/libpangocairo-1.0.so.0.3800.1
7f565023d000-7f565023e000 r--p 0000b000 08:02 3546955                    /usr/lib/x86_64-linux-gnu/libpangocairo-1.0.so.0.3800.1
7f565023e000-7f565023f000 rw-p 0000c000 08:02 3546955                    /usr/lib/x86_64-linux-gnu/libpangocairo-1.0.so.0.3800.1
7f565023f000-7f5650260000 r-xp 00000000 08:02 3546541                    /usr/lib/x86_64-linux-gnu/libgdk_pixbuf-2.0.so.0.3200.2
7f5650260000-7f565045f000 ---p 00021000 08:02 3546541                    /usr/lib/x86_64-linux-gnu/libgdk_pixbuf-2.0.so.0.3200.2
7f565045f000-7f5650460000 r--p 00020000 08:02 3546541                    /usr/lib/x86_64-linux-gnu/libgdk_pixbuf-2.0.so.0.3200.2
7f5650460000-7f5650461000 rw-p 00021000 08:02 3546541                    /usr/lib/x86_64-linux-gnu/libgdk_pixbuf-2.0.so.0.3200.2
7f5650461000-7f5650475000 r-xp 00000000 08:02 3546957                    /usr/lib/x86_64-linux-gnu/libpangoft2-1.0.so.0.3800.1
7f5650475000-7f5650675000 ---p 00014000 08:02 3546957                    /usr/lib/x86_64-linux-gnu/libpangoft2-1.0.so.0.3800.1
7f5650675000-7f5650676000 r--p 00014000 08:02 3546957                    /usr/lib/x86_64-linux-gnu/libpangoft2-1.0.so.0.3800.1
7f5650676000-7f5650677000 rw-p 00015000 08:02 3546957                    /usr/lib/x86_64-linux-gnu/libpangoft2-1.0.so.0.3800.1
7f5650677000-7f56507f7000 r-xp 00000000 08:02 3546551                    /usr/lib/x86_64-linux-gnu/libgio-2.0.so.0.4800.2
7f56507f7000-7f56509f7000 ---p 00180000 08:02 3546551                    /usr/lib/x86_64-linux-gnu/libgio-2.0.so.0.4800.2
7f56509f7000-7f56509fb000 r--p 00180000 08:02 3546551                    /usr/lib/x86_64-linux-gnu/libgio-2.0.so.0.4800.2
7f56509fb000-7f56509fd000 rw-p 00184000 08:02 3546551                    /usr/lib/x86_64-linux-gnu/libgio-2.0.so.0.4800.2
7f56509fd000-7f56509ff000 rw-p 00000000 00:00 0 
7f56509ff000-7f5650a21000 r-xp 00000000 08:02 3546244                    /usr/lib/x86_64-linux-gnu/libatk-1.0.so.0.21809.1
7f5650a21000-7f5650c20000 ---p 00022000 08:02 3546244                    /usr/lib/x86_64-linux-gnu/libatk-1.0.so.0.21809.1
7f5650c20000-7f5650c23000 r--p 00021000 08:02 3546244                    /usr/lib/x86_64-linux-gnu/libatk-1.0.so.0.21809.1
7f5650c23000-7f5650c24000 rw-p 00024000 08:02 3546244                    /usr/lib/x86_64-linux-gnu/libatk-1.0.so.0.21809.1
7f5650c24000-7f5650cd4000 r-xp 00000000 08:02 3546539                    /usr/lib/x86_64-linux-gnu/libgdk-x11-2.0.so.0.2400.30
7f5650cd4000-7f5650ed3000 ---p 000b0000 08:02 3546539                    /usr/lib/x86_64-linux-gnu/libgdk-x11-2.0.so.0.2400.30
7f5650ed3000-7f5650ed7000 r--p 000af000 08:02 3546539                    /usr/lib/x86_64-linux-gnu/libgdk-x11-2.0.so.0.2400.30
7f5650ed7000-7f5650ed9000 rw-p 000b3000 08:02 3546539                    /usr/lib/x86_64-linux-gnu/libgdk-x11-2.0.so.0.2400.30
7f5650ed9000-7f5651317000 r-xp 00000000 08:02 3546638                    /usr/lib/x86_64-linux-gnu/libgtk-x11-2.0.so.0.2400.30
7f5651317000-7f5651516000 ---p 0043e000 08:02 3546638                    /usr/lib/x86_64-linux-gnu/libgtk-x11-2.0.so.0.2400.30
7f5651516000-7f565151d000 r--p 0043d000 08:02 3546638                    /usr/lib/x86_64-linux-gnu/libgtk-x11-2.0.so.0.2400.30
7f565151d000-7f5651521000 rw-p 00444000 08:02 3546638                    /usr/lib/x86_64-linux-gnu/libgtk-x11-2.0.so.0.2400.30
7f5651521000-7f5651524000 rw-p 00000000 00:00 0 
7f5651524000-7f5651526000 r--s 00000000 08:02 4200319                    /var/cache/fontconfig/4b14b093aebc79c320de5e86ae1d3314-le64.cache-6
7f5651526000-7f565152c000 r--s 00000000 08:02 4202079                    /var/cache/fontconfig/3830d5c3ddfd5cd38a049b759396e72e-le64.cache-6
7f565152e000-7f565153d000 r--p 00000000 08:02 3815986                    /usr/share/locale-langpack/es/LC_MESSAGES/gtk20.mo
7f565153d000-7f565153e000 rw-s 00000000 00:05 158910                     /drm mm object (deleted)
7f565153e000-7f5651545000 r--s 00000000 08:02 3671625                    /usr/lib/x86_64-linux-gnu/gconv/gconv-modules.cache
7f5651545000-7f5651551000 r-xp 00000000 08:02 2885488                    /opt/jdk/jdk1.8.0_161/jre/lib/amd64/libprism_es2.so
7f5651551000-7f5651750000 ---p 0000c000 08:02 2885488                    /opt/jdk/jdk1.8.0_161/jre/lib/amd64/libprism_es2.so
7f5651750000-7f5651751000 rw-p 0000b000 08:02 2885488                    /opt/jdk/jdk1.8.0_161/jre/lib/amd64/libprism_es2.so
7f5651751000-7f5651754000 ---p 00000000 00:00 0 
7f5651754000-7f5651852000 rw-p 00000000 00:00 0 
7f5651852000-7f5651853000 ---p 00000000 00:00 0 
7f5651853000-7f5651953000 rw-p 00000000 00:00 0 
7f5651953000-7f5651956000 ---p 00000000 00:00 0 
7f5651956000-7f5651a54000 rw-p 00000000 00:00 0 
7f5651a54000-7f5651a57000 ---p 00000000 00:00 0 
7f5651a57000-7f5651b55000 rw-p 00000000 00:00 0 
7f5651b55000-7f5651b6b000 r-xp 00000000 08:02 2885484                    /opt/jdk/jdk1.8.0_161/jre/lib/amd64/libnet.so
7f5651b6b000-7f5651d6b000 ---p 00016000 08:02 2885484                    /opt/jdk/jdk1.8.0_161/jre/lib/amd64/libnet.so
7f5651d6b000-7f5651d6c000 rw-p 00016000 08:02 2885484                    /opt/jdk/jdk1.8.0_161/jre/lib/amd64/libnet.so
7f5651d6c000-7f5651d6f000 ---p 00000000 00:00 0 
7f5651d6f000-7f5651e6d000 rw-p 00000000 00:00 0 
7f5651e6d000-7f5651e70000 ---p 00000000 00:00 0 
7f5651e70000-7f5651f6e000 rw-p 00000000 00:00 0 
7f5651f6e000-7f5651f83000 r--s 00237000 08:02 1313300                    /home/blacksabbathx/IdeaProjects/ProyectoCine/src/sources/jfoenix-8.0.1.jar
7f5651f83000-7f5651f96000 r--s 00345000 08:02 2885308                    /opt/jdk/jdk1.8.0_161/jre/lib/resources.jar
7f5651f96000-7f5651fa9000 r--s 000d6000 08:02 2885212                    /opt/jdk/jdk1.8.0_161/jre/lib/plugin.jar
7f5651fa9000-7f5651fae000 r--s 0009d000 08:02 2885327                    /opt/jdk/jdk1.8.0_161/jre/lib/jsse.jar
7f5651fae000-7f5651fb7000 r--s 0006d000 08:02 2885197                    /opt/jdk/jdk1.8.0_161/jre/lib/javaws.jar
7f5651fb7000-7f5651fd3000 r--s 0020b000 08:02 2885188                    /opt/jdk/jdk1.8.0_161/jre/lib/deploy.jar
7f5651fd3000-7f5652069000 r--s 0110a000 08:02 2885332                    /opt/jdk/jdk1.8.0_161/jre/lib/ext/jfxrt.jar
7f5652069000-7f565206c000 ---p 00000000 00:00 0 
7f565206c000-7f565216a000 rw-p 00000000 00:00 0 
7f565216a000-7f56526b6000 r--p 00000000 08:02 3549632                    /usr/lib/locale/locale-archive
7f56526b6000-7f56526b9000 ---p 00000000 00:00 0 
7f56526b9000-7f56527b7000 rw-p 00000000 00:00 0 
7f56527b7000-7f56527ba000 ---p 00000000 00:00 0 
7f56527ba000-7f56528b8000 rw-p 00000000 00:00 0 
7f56528b8000-7f56528b9000 ---p 00000000 00:00 0 
7f56528b9000-7f5653311000 rw-p 00000000 00:00 0 
7f5653311000-7f56534ea000 r--s 03d64000 08:02 2885270                    /opt/jdk/jdk1.8.0_161/jre/lib/rt.jar
7f56534ea000-7f5653eca000 rw-p 00000000 00:00 0 
7f5653eca000-7f5653ecb000 ---p 00000000 00:00 0 
7f5653ecb000-7f5653fcb000 rw-p 00000000 00:00 0 
7f5653fcb000-7f5653fcc000 ---p 00000000 00:00 0 
7f5653fcc000-7f56540fc000 rw-p 00000000 00:00 0 
7f56540fc000-7f565420c000 ---p 00000000 00:00 0 
7f565420c000-7f565423c000 rw-p 00000000 00:00 0 
7f565423c000-7f565434c000 ---p 00000000 00:00 0 
7f565434c000-7f5654356000 rw-p 00000000 00:00 0 
7f5654356000-7f56543ec000 ---p 00000000 00:00 0 
7f56543ec000-7f5654408000 rw-p 00000000 00:00 0 
7f5654408000-7f56547ad000 ---p 00000000 00:00 0 
7f56547ad000-7f5654e5d000 rwxp 00000000 00:00 0 
7f5654e5d000-7f56637ad000 ---p 00000000 00:00 0 
7f56637ad000-7f56637c8000 r-xp 00000000 08:02 2885480                    /opt/jdk/jdk1.8.0_161/jre/lib/amd64/libzip.so
7f56637c8000-7f56639c8000 ---p 0001b000 08:02 2885480                    /opt/jdk/jdk1.8.0_161/jre/lib/amd64/libzip.so
7f56639c8000-7f56639c9000 rw-p 0001b000 08:02 2885480                    /opt/jdk/jdk1.8.0_161/jre/lib/amd64/libzip.so
7f56639c9000-7f56639d4000 r-xp 00000000 08:02 791228                     /lib/x86_64-linux-gnu/libnss_files-2.23.so
7f56639d4000-7f5663bd3000 ---p 0000b000 08:02 791228                     /lib/x86_64-linux-gnu/libnss_files-2.23.so
7f5663bd3000-7f5663bd4000 r--p 0000a000 08:02 791228                     /lib/x86_64-linux-gnu/libnss_files-2.23.so
7f5663bd4000-7f5663bd5000 rw-p 0000b000 08:02 791228                     /lib/x86_64-linux-gnu/libnss_files-2.23.so
7f5663bd5000-7f5663bdb000 rw-p 00000000 00:00 0 
7f5663bdb000-7f5663be6000 r-xp 00000000 08:02 791238                     /lib/x86_64-linux-gnu/libnss_nis-2.23.so
7f5663be6000-7f5663de5000 ---p 0000b000 08:02 791238                     /lib/x86_64-linux-gnu/libnss_nis-2.23.so
7f5663de5000-7f5663de6000 r--p 0000a000 08:02 791238                     /lib/x86_64-linux-gnu/libnss_nis-2.23.so
7f5663de6000-7f5663de7000 rw-p 0000b000 08:02 791238                     /lib/x86_64-linux-gnu/libnss_nis-2.23.so
7f5663de7000-7f5663dfd000 r-xp 00000000 08:02 791222                     /lib/x86_64-linux-gnu/libnsl-2.23.so
7f5663dfd000-7f5663ffc000 ---p 00016000 08:02 791222                     /lib/x86_64-linux-gnu/libnsl-2.23.so
7f5663ffc000-7f5663ffd000 r--p 00015000 08:02 791222                     /lib/x86_64-linux-gnu/libnsl-2.23.so
7f5663ffd000-7f5663ffe000 rw-p 00016000 08:02 791222                     /lib/x86_64-linux-gnu/libnsl-2.23.so
7f5663ffe000-7f5664000000 rw-p 00000000 00:00 0 
7f5664000000-7f5664519000 rw-p 00000000 00:00 0 
7f5664519000-7f5668000000 ---p 00000000 00:00 0 
7f5668000000-7f5668002000 r--s 0001a000 08:02 5115840                    /home/blacksabbathx/.local/share/JetBrains/Toolbox/apps/IDEA-U/ch-0/181.4445.78/lib/idea_rt.jar
7f5668002000-7f5668007000 r--s 00084000 08:02 2885187                    /opt/jdk/jdk1.8.0_161/jre/lib/jfr.jar
7f5668007000-7f566800f000 r-xp 00000000 08:02 791224                     /lib/x86_64-linux-gnu/libnss_compat-2.23.so
7f566800f000-7f566820e000 ---p 00008000 08:02 791224                     /lib/x86_64-linux-gnu/libnss_compat-2.23.so
7f566820e000-7f566820f000 r--p 00007000 08:02 791224                     /lib/x86_64-linux-gnu/libnss_compat-2.23.so
7f566820f000-7f5668210000 rw-p 00008000 08:02 791224                     /lib/x86_64-linux-gnu/libnss_compat-2.23.so
7f5668210000-7f566821a000 r-xp 00000000 08:02 2885489                    /opt/jdk/jdk1.8.0_161/jre/lib/amd64/libinstrument.so
7f566821a000-7f5668419000 ---p 0000a000 08:02 2885489                    /opt/jdk/jdk1.8.0_161/jre/lib/amd64/libinstrument.so
7f5668419000-7f566841a000 rw-p 00009000 08:02 2885489                    /opt/jdk/jdk1.8.0_161/jre/lib/amd64/libinstrument.so
7f566841a000-7f5668445000 r-xp 00000000 08:02 2885474                    /opt/jdk/jdk1.8.0_161/jre/lib/amd64/libjava.so
7f5668445000-7f5668644000 ---p 0002b000 08:02 2885474                    /opt/jdk/jdk1.8.0_161/jre/lib/amd64/libjava.so
7f5668644000-7f5668646000 rw-p 0002a000 08:02 2885474                    /opt/jdk/jdk1.8.0_161/jre/lib/amd64/libjava.so
7f5668646000-7f5668653000 r-xp 00000000 08:02 2885479                    /opt/jdk/jdk1.8.0_161/jre/lib/amd64/libverify.so
7f5668653000-7f5668853000 ---p 0000d000 08:02 2885479                    /opt/jdk/jdk1.8.0_161/jre/lib/amd64/libverify.so
7f5668853000-7f5668855000 rw-p 0000d000 08:02 2885479                    /opt/jdk/jdk1.8.0_161/jre/lib/amd64/libverify.so
7f5668855000-7f566885c000 r-xp 00000000 08:02 791283                     /lib/x86_64-linux-gnu/librt-2.23.so
7f566885c000-7f5668a5b000 ---p 00007000 08:02 791283                     /lib/x86_64-linux-gnu/librt-2.23.so
7f5668a5b000-7f5668a5c000 r--p 00006000 08:02 791283                     /lib/x86_64-linux-gnu/librt-2.23.so
7f5668a5c000-7f5668a5d000 rw-p 00007000 08:02 791283                     /lib/x86_64-linux-gnu/librt-2.23.so
7f5668a5d000-7f5668b65000 r-xp 00000000 08:02 791201                     /lib/x86_64-linux-gnu/libm-2.23.so
7f5668b65000-7f5668d64000 ---p 00108000 08:02 791201                     /lib/x86_64-linux-gnu/libm-2.23.so
7f5668d64000-7f5668d65000 r--p 00107000 08:02 791201                     /lib/x86_64-linux-gnu/libm-2.23.so
7f5668d65000-7f5668d66000 rw-p 00108000 08:02 791201                     /lib/x86_64-linux-gnu/libm-2.23.so
7f5668d66000-7f5669a3f000 r-xp 00000000 08:02 2885457                    /opt/jdk/jdk1.8.0_161/jre/lib/amd64/server/libjvm.so
7f5669a3f000-7f5669c3e000 ---p 00cd9000 08:02 2885457                    /opt/jdk/jdk1.8.0_161/jre/lib/amd64/server/libjvm.so
7f5669c3e000-7f5669d17000 rw-p 00cd8000 08:02 2885457                    /opt/jdk/jdk1.8.0_161/jre/lib/amd64/server/libjvm.so
7f5669d17000-7f5669d63000 rw-p 00000000 00:00 0 
7f5669d63000-7f5669f23000 r-xp 00000000 08:02 791133                     /lib/x86_64-linux-gnu/libc-2.23.so
7f5669f23000-7f566a123000 ---p 001c0000 08:02 791133                     /lib/x86_64-linux-gnu/libc-2.23.so
7f566a123000-7f566a127000 r--p 001c0000 08:02 791133                     /lib/x86_64-linux-gnu/libc-2.23.so
7f566a127000-7f566a129000 rw-p 001c4000 08:02 791133                     /lib/x86_64-linux-gnu/libc-2.23.so
7f566a129000-7f566a12d000 rw-p 00000000 00:00 0 
7f566a12d000-7f566a130000 r-xp 00000000 08:02 791155                     /lib/x86_64-linux-gnu/libdl-2.23.so
7f566a130000-7f566a32f000 ---p 00003000 08:02 791155                     /lib/x86_64-linux-gnu/libdl-2.23.so
7f566a32f000-7f566a330000 r--p 00002000 08:02 791155                     /lib/x86_64-linux-gnu/libdl-2.23.so
7f566a330000-7f566a331000 rw-p 00003000 08:02 791155                     /lib/x86_64-linux-gnu/libdl-2.23.so
7f566a331000-7f566a347000 r-xp 00000000 08:02 2885095                    /opt/jdk/jdk1.8.0_161/lib/amd64/jli/libjli.so
7f566a347000-7f566a546000 ---p 00016000 08:02 2885095                    /opt/jdk/jdk1.8.0_161/lib/amd64/jli/libjli.so
7f566a546000-7f566a547000 rw-p 00015000 08:02 2885095                    /opt/jdk/jdk1.8.0_161/lib/amd64/jli/libjli.so
7f566a547000-7f566a55f000 r-xp 00000000 08:02 791275                     /lib/x86_64-linux-gnu/libpthread-2.23.so
7f566a55f000-7f566a75e000 ---p 00018000 08:02 791275                     /lib/x86_64-linux-gnu/libpthread-2.23.so
7f566a75e000-7f566a75f000 r--p 00017000 08:02 791275                     /lib/x86_64-linux-gnu/libpthread-2.23.so
7f566a75f000-7f566a760000 rw-p 00018000 08:02 791275                     /lib/x86_64-linux-gnu/libpthread-2.23.so
7f566a760000-7f566a764000 rw-p 00000000 00:00 0 
7f566a764000-7f566a78a000 r-xp 00000000 08:02 791107                     /lib/x86_64-linux-gnu/ld-2.23.so
7f566a78a000-7f566a78c000 r--s 00007000 08:02 2885502                    /opt/jdk/jdk1.8.0_161/jre/lib/jfxswt.jar
7f566a78c000-7f566a791000 r--s 002f9000 08:02 2885268                    /opt/jdk/jdk1.8.0_161/jre/lib/charsets.jar
7f566a791000-7f566a862000 rw-p 00000000 00:00 0 
7f566a862000-7f566a865000 ---p 00000000 00:00 0 
7f566a865000-7f566a968000 rw-p 00000000 00:00 0 
7f566a968000-7f566a969000 r--s 00000000 08:02 2885194                    /opt/jdk/jdk1.8.0_161/jre/lib/management-agent.jar
7f566a969000-7f566a96c000 r--s 0001a000 08:02 2885500                    /opt/jdk/jdk1.8.0_161/jre/lib/jce.jar
7f566a96c000-7f566a97f000 rw-p 00000000 00:00 0 
7f566a97f000-7f566a987000 rw-s 00000000 08:02 3015317                    /tmp/hsperfdata_blacksabbathx/12316
7f566a987000-7f566a988000 rw-p 00000000 00:00 0 
7f566a988000-7f566a989000 r--p 00000000 00:00 0 
7f566a989000-7f566a98a000 r--p 00025000 08:02 791107                     /lib/x86_64-linux-gnu/ld-2.23.so
7f566a98a000-7f566a98b000 rw-p 00026000 08:02 791107                     /lib/x86_64-linux-gnu/ld-2.23.so
7f566a98b000-7f566a98c000 rw-p 00000000 00:00 0 
7ffddad0a000-7ffddad2b000 rw-p 00000000 00:00 0                          [stack]
7ffddadf7000-7ffddadfa000 r--p 00000000 00:00 0                          [vvar]
7ffddadfa000-7ffddadfc000 r-xp 00000000 00:00 0                          [vdso]
ffffffffff600000-ffffffffff601000 r-xp 00000000 00:00 0                  [vsyscall]

VM Arguments:
jvm_args: -javaagent:/home/blacksabbathx/.local/share/JetBrains/Toolbox/apps/IDEA-U/ch-0/181.4445.78/lib/idea_rt.jar=37369:/home/blacksabbathx/.local/share/JetBrains/Toolbox/apps/IDEA-U/ch-0/181.4445.78/bin -Dfile.encoding=UTF-8 
java_command: MainClass
java_class_path (initial): /opt/jdk/jdk1.8.0_161/jre/lib/charsets.jar:/opt/jdk/jdk1.8.0_161/jre/lib/deploy.jar:/opt/jdk/jdk1.8.0_161/jre/lib/ext/cldrdata.jar:/opt/jdk/jdk1.8.0_161/jre/lib/ext/dnsns.jar:/opt/jdk/jdk1.8.0_161/jre/lib/ext/jaccess.jar:/opt/jdk/jdk1.8.0_161/jre/lib/ext/jfxrt.jar:/opt/jdk/jdk1.8.0_161/jre/lib/ext/localedata.jar:/opt/jdk/jdk1.8.0_161/jre/lib/ext/nashorn.jar:/opt/jdk/jdk1.8.0_161/jre/lib/ext/sunec.jar:/opt/jdk/jdk1.8.0_161/jre/lib/ext/sunjce_provider.jar:/opt/jdk/jdk1.8.0_161/jre/lib/ext/sunpkcs11.jar:/opt/jdk/jdk1.8.0_161/jre/lib/ext/zipfs.jar:/opt/jdk/jdk1.8.0_161/jre/lib/javaws.jar:/opt/jdk/jdk1.8.0_161/jre/lib/jce.jar:/opt/jdk/jdk1.8.0_161/jre/lib/jfr.jar:/opt/jdk/jdk1.8.0_161/jre/lib/jfxswt.jar:/opt/jdk/jdk1.8.0_161/jre/lib/jsse.jar:/opt/jdk/jdk1.8.0_161/jre/lib/management-agent.jar:/opt/jdk/jdk1.8.0_161/jre/lib/plugin.jar:/opt/jdk/jdk1.8.0_161/jre/lib/resources.jar:/opt/jdk/jdk1.8.0_161/jre/lib/rt.jar:/home/blacksabbathx/IdeaProjects/ProyectoCine/out/production/ProyectoCine:/home/blacksabbathx/IdeaProjects/ProyectoCine/src/sources/jfoenix-8.0.1.jar:/home/blacksabbathx/.local/share/JetBrains/Toolbox/apps/IDEA-U/ch-0/181.4445.78/lib/idea_rt.jar
Launcher Type: SUN_STANDARD

Environment Variables:
PATH=/home/blacksabbathx/bin:/home/blacksabbathx/.local/bin:/usr/local/sbin:/usr/local/bin:/usr/sbin:/usr/bin:/sbin:/bin:/usr/games:/usr/local/games:/snap/bin
SHELL=/bin/bash
DISPLAY=:0

Signal Handlers:
SIGSEGV: [libjvm.so+0xad01e0], sa_mask[0]=11111111011111111101111111111110, sa_flags=SA_RESTART|SA_SIGINFO
SIGBUS: [libjvm.so+0xad01e0], sa_mask[0]=11111111011111111101111111111110, sa_flags=SA_RESTART|SA_SIGINFO
SIGFPE: [libjvm.so+0x927fb0], sa_mask[0]=11111111011111111101111111111110, sa_flags=SA_RESTART|SA_SIGINFO
SIGPIPE: SIG_IGN, sa_mask[0]=00000000000010000000000000000000, sa_flags=SA_RESTART
SIGXFSZ: [libjvm.so+0x927fb0], sa_mask[0]=11111111011111111101111111111110, sa_flags=SA_RESTART|SA_SIGINFO
SIGILL: [libjvm.so+0x927fb0], sa_mask[0]=11111111011111111101111111111110, sa_flags=SA_RESTART|SA_SIGINFO
SIGUSR1: SIG_DFL, sa_mask[0]=00000000000000000000000000000000, sa_flags=none
SIGUSR2: [libjvm.so+0x9297f0], sa_mask[0]=00100000000000000000000000000000, sa_flags=SA_RESTART|SA_SIGINFO
SIGHUP: [libjvm.so+0x92abf0], sa_mask[0]=11111111011111111101111111111110, sa_flags=SA_RESTART|SA_SIGINFO
SIGINT: [libjvm.so+0x92abf0], sa_mask[0]=11111111011111111101111111111110, sa_flags=SA_RESTART|SA_SIGINFO
SIGTERM: [libjvm.so+0x92abf0], sa_mask[0]=11111111011111111101111111111110, sa_flags=SA_RESTART|SA_SIGINFO
SIGQUIT: [libjvm.so+0x92abf0], sa_mask[0]=11111111011111111101111111111110, sa_flags=SA_RESTART|SA_SIGINFO


---------------  S Y S T E M  ---------------

OS:DISTRIB_ID=neon
DISTRIB_RELEASE=16.04
DISTRIB_CODENAME=xenial
DISTRIB_DESCRIPTION="KDE neon User Edition 5.12"

uname:Linux 4.13.0-38-generic #43~16.04.1-Ubuntu SMP Wed Mar 14 17:48:43 UTC 2018 x86_64
libc:glibc 2.23 NPTL 2.23 
rlimit: STACK 8192k, CORE 0k, NPROC 15129, NOFILE 1048576, AS infinity
load average:2,09 2,01 1,83

/proc/meminfo:
MemTotal:        3927388 kB
MemFree:          117372 kB
MemAvailable:     503704 kB
Buffers:           23576 kB
Cached:           838832 kB
SwapCached:        20912 kB
Active:          2780912 kB
Inactive:         853104 kB
Active(anon):    2432552 kB
Inactive(anon):   630984 kB
Active(file):     348360 kB
Inactive(file):   222120 kB
Unevictable:          32 kB
Mlocked:              32 kB
SwapTotal:       3907580 kB
SwapFree:        3739388 kB
Dirty:              3512 kB
Writeback:             0 kB
AnonPages:       2751224 kB
Mapped:           322676 kB
Shmem:            369552 kB
Slab:              86780 kB
SReclaimable:      49364 kB
SUnreclaim:        37416 kB
KernelStack:        7616 kB
PageTables:        39372 kB
NFS_Unstable:          0 kB
Bounce:                0 kB
WritebackTmp:          0 kB
CommitLimit:     5871272 kB
Committed_AS:    5478692 kB
VmallocTotal:   34359738367 kB
VmallocUsed:           0 kB
VmallocChunk:          0 kB
HardwareCorrupted:     0 kB
AnonHugePages:         0 kB
ShmemHugePages:        0 kB
ShmemPmdMapped:        0 kB
CmaTotal:              0 kB
CmaFree:               0 kB
HugePages_Total:       0
HugePages_Free:        0
HugePages_Rsvd:        0
HugePages_Surp:        0
Hugepagesize:       2048 kB
DirectMap4k:      178176 kB
DirectMap2M:     3903488 kB


CPU:total 2 (initial active 2) (2 cores per cpu, 1 threads per core) family 6 model 76 stepping 4, cmov, cx8, fxsr, mmx, sse, sse2, sse3, ssse3, sse4.1, sse4.2, popcnt, aes, clmul, erms, 3dnowpref, tsc, tscinvbit

/proc/cpuinfo:
processor	: 0
vendor_id	: GenuineIntel
cpu family	: 6
model		: 76
model name	: Intel(R) Celeron(R) CPU  N3060  @ 1.60GHz
stepping	: 4
microcode	: 0x404
cpu MHz		: 2084.579
cache size	: 1024 KB
physical id	: 0
siblings	: 2
core id		: 0
cpu cores	: 2
apicid		: 0
initial apicid	: 0
fpu		: yes
fpu_exception	: yes
cpuid level	: 11
wp		: yes
flags		: fpu vme de pse tsc msr pae mce cx8 apic sep mtrr pge mca cmov pat pse36 clflush dts acpi mmx fxsr sse sse2 ss ht tm pbe syscall nx rdtscp lm constant_tsc arch_perfmon pebs bts rep_good nopl xtopology tsc_reliable nonstop_tsc cpuid aperfmperf tsc_known_freq pni pclmulqdq dtes64 monitor ds_cpl vmx est tm2 ssse3 cx16 xtpr pdcm sse4_1 sse4_2 movbe popcnt tsc_deadline_timer aes rdrand lahf_lm 3dnowprefetch epb pti retpoline tpr_shadow vnmi flexpriority ept vpid tsc_adjust smep erms dtherm ida arat
bugs		: cpu_meltdown spectre_v1 spectre_v2
bogomips	: 3200.00
clflush size	: 64
cache_alignment	: 64
address sizes	: 36 bits physical, 48 bits virtual
power management:

processor	: 1
vendor_id	: GenuineIntel
cpu family	: 6
model		: 76
model name	: Intel(R) Celeron(R) CPU  N3060  @ 1.60GHz
stepping	: 4
microcode	: 0x404
cpu MHz		: 2480.000
cache size	: 1024 KB
physical id	: 0
siblings	: 2
core id		: 2
cpu cores	: 2
apicid		: 4
initial apicid	: 4
fpu		: yes
fpu_exception	: yes
cpuid level	: 11
wp		: yes
flags		: fpu vme de pse tsc msr pae mce cx8 apic sep mtrr pge mca cmov pat pse36 clflush dts acpi mmx fxsr sse sse2 ss ht tm pbe syscall nx rdtscp lm constant_tsc arch_perfmon pebs bts rep_good nopl xtopology tsc_reliable nonstop_tsc cpuid aperfmperf tsc_known_freq pni pclmulqdq dtes64 monitor ds_cpl vmx est tm2 ssse3 cx16 xtpr pdcm sse4_1 sse4_2 movbe popcnt tsc_deadline_timer aes rdrand lahf_lm 3dnowprefetch epb pti retpoline tpr_shadow vnmi flexpriority ept vpid tsc_adjust smep erms dtherm ida arat
bugs		: cpu_meltdown spectre_v1 spectre_v2
bogomips	: 3200.00
clflush size	: 64
cache_alignment	: 64
address sizes	: 36 bits physical, 48 bits virtual
power management:



Memory: 4k page, physical 3927388k(117372k free), swap 3907580k(3739388k free)

vm_info: Java HotSpot(TM) 64-Bit Server VM (25.161-b12) for linux-amd64 JRE (1.8.0_161-b12), built on Dec 19 2017 16:12:43 by "java_re" with gcc 4.3.0 20080428 (Red Hat 4.3.0-8)

time: Wed Apr 18 00:15:13 2018
elapsed time: 19 seconds (0d 0h 0m 19s)

