#
# A fatal error has been detected by the Java Runtime Environment:
#
#  SIGSEGV (0xb) at pc=0x00007f75c23b4788, pid=14651, tid=0x00007f756bbe1700
#
# JRE version: Java(TM) SE Runtime Environment (8.0_161-b12) (build 1.8.0_161-b12)
# Java VM: Java HotSpot(TM) 64-Bit Server VM (25.161-b12 mixed mode linux-amd64 compressed oops)
# Problematic frame:
# V  [libjvm.so+0x6d7788]  jni_invoke_nonstatic(JNIEnv_*, JavaValue*, _jobject*, JNICallType, _jmethodID*, JNI_ArgumentPusher*, Thread*)+0x38
#
# Failed to write core dump. Core dumps have been disabled. To enable core dumping, try "ulimit -c unlimited" before starting Java again
#
# If you would like to submit a bug report, please visit:
#   http://bugreport.java.com/bugreport/crash.jsp
#

---------------  T H R E A D  ---------------

Current thread (0x00007f75bc2e4800):  JavaThread "JavaFX Application Thread" [_thread_in_vm, id=14678, stack(0x00007f756bae1000,0x00007f756bbe2000)]

siginfo: si_signo: 11 (SIGSEGV), si_code: 1 (SEGV_MAPERR), si_addr: 0xffffffffffffffff

Registers:
RAX=0x00007f756bbe01c0, RBX=0x00007f756bbe00d0, RCX=0x0000000000000001, RDX=0xffffffffffffffff
RSP=0x00007f756bbdff20, RBP=0x00007f756bbe00a0, RSI=0x00007f756bbe0130, RDI=0x00007f75bc2e49f8
R8 =0x00007f75bc29f798, R9 =0x00007f756bbe00d0, R10=0x00007f755c000be0, R11=0x00007f75ad5d57c0
R12=0x00007f75bc2e4800, R13=0x00007f75bc29f798, R14=0x0000000000000001, R15=0x00007f75bc2e49f8
RIP=0x00007f75c23b4788, EFLAGS=0x0000000000010286, CSGSFS=0x002b000000000033, ERR=0x0000000000000005
  TRAPNO=0x000000000000000e

Top of Stack: (sp=0x00007f756bbdff20)
0x00007f756bbdff20:   00007f756bbe0620 00007f756bbe0240
0x00007f756bbdff30:   00007f756bbdff80 00007f756bbe0000
0x00007f756bbdff40:   00007f756bbe00d0 00007f756bbe0130
0x00007f756bbdff50:   00007f75bc2e49f8 00007f75c23d4290
0x00007f756bbdff60:   00007f758405d440 00007f758405d450
0x00007f756bbdff70:   00007f758405d828 00000000000003d8
0x00007f756bbdff80:   00007f75bc2e4438 00000000ed0d4db0
0x00007f756bbdff90:   00007f750000006f 00007f750000000a
0x00007f756bbdffa0:   00000000ec522298 00007f7500000000
0x00007f756bbdffb0:   0000000000000034 00007f75c36e5b1f
0x00007f756bbdffc0:   00007f75aab07c30 0000000100000100
0x00007f756bbdffd0:   00007f75aab8f748 00007f756bbdff88
0x00007f756bbdffe0:   00007f756bbdffc9 0000000800000005
0x00007f756bbdfff0:   00007f75aabb0000 00007f75bc2e4440
0x00007f756bbe0000:   00007f75c2c47e70 00007f75c3784720
0x00007f756bbe0010:   00000000bc2e42d0 00007f75bc2e4800
0x00007f756bbe0020:   0000000000000000 00007f75c23b4b5b
0x00007f756bbe0030:   00007f75aab11d78 00007f75bc2e4800
0x00007f756bbe0040:   00007f75aab11d78 00007f75bc2e4800
0x00007f756bbe0050:   00007f756bbe01e0 00007f75aab11d78
0x00007f756bbe0060:   00007f75aab11d78 00007f75aab11d78
0x00007f756bbe0070:   00007f758405d440 00007f756bbe00d0
0x00007f756bbe0080:   00007f75bc2e4800 00007f756bbe0110
0x00007f756bbe0090:   00007f75bc29f798 00007f75bc2e49f8
0x00007f756bbe00a0:   00007f756bbe0190 00007f75c23b8f2f
0x00007f756bbe00b0:   00007f75bc2e4800 00007f7588ddd094
0x00007f756bbe00c0:   00007f756bbe01a8 ffffffffffffffff
0x00007f756bbe00d0:   00007f75c2c48af0 00007f75c3784720
0x00007f756bbe00e0:   000000006bbe0150 00007f7500000063
0x00007f756bbe00f0:   0000000000000000 0000003000000018
0x00007f756bbe0100:   00007f756bbe0280 00007f756bbe01c0
0x00007f756bbe0110:   00007f75bc2e4800 0000000000000000 

Instructions: (pc=0x00007f75c23b4788)
0x00007f75c23b4768:   00 00 48 85 d2 48 89 bd b0 fe ff ff 48 89 b5 a8
0x00007f75c23b4778:   fe ff ff 4c 89 8d a0 fe ff ff 0f 84 78 09 00 00
0x00007f75c23b4788:   4c 8b 22 4d 85 e4 0f 84 6c 09 00 00 48 8b 45 10
0x00007f75c23b4798:   48 8b 98 38 01 00 00 48 83 7b 18 f7 0f 87 16 07 

Register to memory mapping:

RAX=0x00007f756bbe01c0 is pointing into the stack for thread: 0x00007f75bc2e4800
RBX=0x00007f756bbe00d0 is pointing into the stack for thread: 0x00007f75bc2e4800
RCX=0x0000000000000001 is an unknown value
RDX=0xffffffffffffffff is an unknown value
RSP=0x00007f756bbdff20 is pointing into the stack for thread: 0x00007f75bc2e4800
RBP=0x00007f756bbe00a0 is pointing into the stack for thread: 0x00007f75bc2e4800
RSI=0x00007f756bbe0130 is pointing into the stack for thread: 0x00007f75bc2e4800
RDI=0x00007f75bc2e49f8 is an unknown value
R8 =0x00007f75bc29f798 is an unknown value
R9 =0x00007f756bbe00d0 is pointing into the stack for thread: 0x00007f75bc2e4800
R10=0x00007f755c000be0 is an unknown value
R11=0x00007f75ad5d57c0 is at entry_point+32 in (nmethod*)0x00007f75ad5d5650
R12=0x00007f75bc2e4800 is a thread
R13=0x00007f75bc29f798 is an unknown value
R14=0x0000000000000001 is an unknown value
R15=0x00007f75bc2e49f8 is an unknown value


Stack: [0x00007f756bae1000,0x00007f756bbe2000],  sp=0x00007f756bbdff20,  free space=1019k
Native frames: (J=compiled Java code, j=interpreted, Vv=VM code, C=native code)
V  [libjvm.so+0x6d7788]  jni_invoke_nonstatic(JNIEnv_*, JavaValue*, _jobject*, JNICallType, _jmethodID*, JNI_ArgumentPusher*, Thread*)+0x38
V  [libjvm.so+0x6dbf2f]  jni_CallVoidMethodV+0x10f
C  [libglass.so+0x18641]  JNIEnv_::CallVoidMethod(_jobject*, _jmethodID*, ...)+0x81
C  [libglass.so+0x14f0f]  WindowContextBase::process_key(_GdkEventKey*)+0x20f
C  [libglass.so+0x19f60]  WindowContextBase::im_filter_keypress(_GdkEventKey*)+0x1c0
C  [libglass.so+0x1a91c]  process_events(_GdkEvent*, void*)+0x22c
C  [libgdk-x11-2.0.so.0+0x5ac8c]

Java frames: (J=compiled Java code, j=interpreted, Vv=VM code)
j  com.sun.glass.ui.gtk.GtkApplication._runLoop(Ljava/lang/Runnable;Z)V+0
j  com.sun.glass.ui.gtk.GtkApplication.lambda$null$48(Ljava/lang/Runnable;Z)V+7
j  com.sun.glass.ui.gtk.GtkApplication$$Lambda$41.run()V+12
j  java.lang.Thread.run()V+11
v  ~StubRoutines::call_stub

---------------  P R O C E S S  ---------------

Java Threads: ( => current thread )
  0x00007f755c2e5000 JavaThread "Prism Font Disposer" daemon [_thread_blocked, id=14686, stack(0x00007f756a509000,0x00007f756a60a000)]
  0x00007f75bc2e8800 JavaThread "JavaFX-Launcher" [_thread_blocked, id=14679, stack(0x00007f756b9e0000,0x00007f756bae1000)]
=>0x00007f75bc2e4800 JavaThread "JavaFX Application Thread" [_thread_in_vm, id=14678, stack(0x00007f756bae1000,0x00007f756bbe2000)]
  0x00007f75bc2e0800 JavaThread "Thread-1" daemon [_thread_blocked, id=14677, stack(0x00007f758802d000,0x00007f758812e000)]
  0x00007f75bc292800 JavaThread "QuantumRenderer-0" daemon [_thread_blocked, id=14676, stack(0x00007f75a88c2000,0x00007f75a89c3000)]
  0x00007f75bc1f2000 JavaThread "Service Thread" daemon [_thread_blocked, id=14674, stack(0x00007f75a8ac4000,0x00007f75a8bc5000)]
  0x00007f75bc1de000 JavaThread "C1 CompilerThread1" daemon [_thread_blocked, id=14673, stack(0x00007f75a8bc5000,0x00007f75a8cc6000)]
  0x00007f75bc1dc800 JavaThread "C2 CompilerThread0" daemon [_thread_blocked, id=14672, stack(0x00007f75a8edd000,0x00007f75a8fde000)]
  0x00007f75bc1d2000 JavaThread "Monitor Ctrl-Break" daemon [_thread_in_native, id=14671, stack(0x00007f75a8fde000,0x00007f75a90df000)]
  0x00007f75bc13c000 JavaThread "Signal Dispatcher" daemon [_thread_blocked, id=14669, stack(0x00007f75a919d000,0x00007f75a929e000)]
  0x00007f75bc109000 JavaThread "Finalizer" daemon [_thread_blocked, id=14661, stack(0x00007f75a97ea000,0x00007f75a98eb000)]
  0x00007f75bc104800 JavaThread "Reference Handler" daemon [_thread_blocked, id=14659, stack(0x00007f75a98eb000,0x00007f75a99ec000)]
  0x00007f75bc00c000 JavaThread "main" [_thread_blocked, id=14652, stack(0x00007f75c37d9000,0x00007f75c38da000)]

Other Threads:
  0x00007f75bc0fd000 VMThread [stack: 0x00007f75a99ec000,0x00007f75a9aed000] [id=14658]
  0x00007f75bc1f5000 WatcherThread [stack: 0x00007f75a89c3000,0x00007f75a8ac4000] [id=14675]

VM state:not at safepoint (normal execution)

VM Mutex/Monitor currently owned by a thread: None

Heap:
 PSYoungGen      total 17920K, used 10372K [0x00000000ec000000, 0x00000000ed400000, 0x0000000100000000)
  eden space 15360K, 50% used [0x00000000ec000000,0x00000000ec7a50f8,0x00000000ecf00000)
  from space 2560K, 99% used [0x00000000ecf00000,0x00000000ed17c070,0x00000000ed180000)
  to   space 2560K, 0% used [0x00000000ed180000,0x00000000ed180000,0x00000000ed400000)
 ParOldGen       total 98304K, used 63134K [0x00000000c4000000, 0x00000000ca000000, 0x00000000ec000000)
  object space 98304K, 64% used [0x00000000c4000000,0x00000000c7da78b0,0x00000000ca000000)
 Metaspace       used 18622K, capacity 19508K, committed 19584K, reserved 1067008K
  class space    used 2664K, capacity 2897K, committed 2944K, reserved 1048576K

Card table byte_map: [0x00007f75c018a000,0x00007f75c036b000] byte_map_base: 0x00007f75bfb6a000

Marking Bits: (ParMarkBitMap*) 0x00007f75c2cac920
 Begin Bits: [0x00007f75aaffe000, 0x00007f75abefe000)
 End Bits:   [0x00007f75abefe000, 0x00007f75acdfe000)

Polling page: 0x00007f75c38ff000

CodeCache: size=245760Kb used=6677Kb max_used=6687Kb free=239082Kb
 bounds [0x00007f75ad000000, 0x00007f75ad690000, 0x00007f75bc000000]
 total_blobs=2895 nmethods=2238 adapters=571
 compilation: enabled

Compilation events (10 events):
Event: 18,959 Thread 0x00007f75bc1de000 nmethod 2235 0x00007f75ad67edd0 code [0x00007f75ad67ef80, 0x00007f75ad67f568]
Event: 18,959 Thread 0x00007f75bc1de000 2234   !   3       com.sun.javafx.font.OpenTypeGlyphMapper::getGlyphCode (19 bytes)
Event: 18,959 Thread 0x00007f75bc1de000 nmethod 2234 0x00007f75ad67e850 code [0x00007f75ad67e9c0, 0x00007f75ad67ec88]
Event: 18,959 Thread 0x00007f75bc1de000 2237       1       javafx.scene.layout.Region::computeMaxHeight (4 bytes)
Event: 18,960 Thread 0x00007f75bc1de000 nmethod 2237 0x00007f75ad67e4d0 code [0x00007f75ad67e640, 0x00007f75ad67e750]
Event: 18,960 Thread 0x00007f75bc1de000 2236       3       com.sun.javafx.font.CMap::getControlCodeGlyph (105 bytes)
Event: 18,960 Thread 0x00007f75bc1de000 nmethod 2236 0x00007f75ad685a10 code [0x00007f75ad685b80, 0x00007f75ad685f50]
Event: 18,960 Thread 0x00007f75bc1de000 2219       1       javafx.scene.Node::access$5100 (5 bytes)
Event: 18,960 Thread 0x00007f75bc1de000 nmethod 2219 0x00007f75ad685fd0 code [0x00007f75ad686120, 0x00007f75ad686210]
Event: 18,960 Thread 0x00007f75bc1de000 2238       3       javafx.scene.text.Text::getBoundsType (24 bytes)

GC Heap History (6 events):
Event: 2,088 GC heap before
{Heap before GC invocations=1 (full 0):
 PSYoungGen      total 17920K, used 15360K [0x00000000ec000000, 0x00000000ed400000, 0x0000000100000000)
  eden space 15360K, 100% used [0x00000000ec000000,0x00000000ecf00000,0x00000000ecf00000)
  from space 2560K, 0% used [0x00000000ed180000,0x00000000ed180000,0x00000000ed400000)
  to   space 2560K, 0% used [0x00000000ecf00000,0x00000000ecf00000,0x00000000ed180000)
 ParOldGen       total 40960K, used 0K [0x00000000c4000000, 0x00000000c6800000, 0x00000000ec000000)
  object space 40960K, 0% used [0x00000000c4000000,0x00000000c4000000,0x00000000c6800000)
 Metaspace       used 8571K, capacity 8908K, committed 9088K, reserved 1056768K
  class space    used 1044K, capacity 1134K, committed 1152K, reserved 1048576K
Event: 2,096 GC heap after
Heap after GC invocations=1 (full 0):
 PSYoungGen      total 17920K, used 1728K [0x00000000ec000000, 0x00000000ed400000, 0x0000000100000000)
  eden space 15360K, 0% used [0x00000000ec000000,0x00000000ec000000,0x00000000ecf00000)
  from space 2560K, 67% used [0x00000000ecf00000,0x00000000ed0b0060,0x00000000ed180000)
  to   space 2560K, 0% used [0x00000000ed180000,0x00000000ed180000,0x00000000ed400000)
 ParOldGen       total 40960K, used 72K [0x00000000c4000000, 0x00000000c6800000, 0x00000000ec000000)
  object space 40960K, 0% used [0x00000000c4000000,0x00000000c4012010,0x00000000c6800000)
 Metaspace       used 8571K, capacity 8908K, committed 9088K, reserved 1056768K
  class space    used 1044K, capacity 1134K, committed 1152K, reserved 1048576K
}
Event: 5,212 GC heap before
{Heap before GC invocations=2 (full 0):
 PSYoungGen      total 17920K, used 16977K [0x00000000ec000000, 0x00000000ed400000, 0x0000000100000000)
  eden space 15360K, 99% used [0x00000000ec000000,0x00000000ecee46c0,0x00000000ecf00000)
  from space 2560K, 67% used [0x00000000ecf00000,0x00000000ed0b0060,0x00000000ed180000)
  to   space 2560K, 0% used [0x00000000ed180000,0x00000000ed180000,0x00000000ed400000)
 ParOldGen       total 98304K, used 57025K [0x00000000c4000000, 0x00000000ca000000, 0x00000000ec000000)
  object space 98304K, 58% used [0x00000000c4000000,0x00000000c77b04a0,0x00000000ca000000)
 Metaspace       used 13068K, capacity 13538K, committed 13824K, reserved 1060864K
  class space    used 1793K, capacity 1928K, committed 2048K, reserved 1048576K
Event: 5,248 GC heap after
Heap after GC invocations=2 (full 0):
 PSYoungGen      total 17920K, used 2528K [0x00000000ec000000, 0x00000000ed400000, 0x0000000100000000)
  eden space 15360K, 0% used [0x00000000ec000000,0x00000000ec000000,0x00000000ecf00000)
  from space 2560K, 98% used [0x00000000ed180000,0x00000000ed3f8050,0x00000000ed400000)
  to   space 2560K, 0% used [0x00000000ecf00000,0x00000000ecf00000,0x00000000ed180000)
 ParOldGen       total 98304K, used 59073K [0x00000000c4000000, 0x00000000ca000000, 0x00000000ec000000)
  object space 98304K, 60% used [0x00000000c4000000,0x00000000c79b06b8,0x00000000ca000000)
 Metaspace       used 13068K, capacity 13538K, committed 13824K, reserved 1060864K
  class space    used 1793K, capacity 1928K, committed 2048K, reserved 1048576K
}
Event: 11,709 GC heap before
{Heap before GC invocations=3 (full 0):
 PSYoungGen      total 17920K, used 17888K [0x00000000ec000000, 0x00000000ed400000, 0x0000000100000000)
  eden space 15360K, 100% used [0x00000000ec000000,0x00000000ecf00000,0x00000000ecf00000)
  from space 2560K, 98% used [0x00000000ed180000,0x00000000ed3f8050,0x00000000ed400000)
  to   space 2560K, 0% used [0x00000000ecf00000,0x00000000ecf00000,0x00000000ed180000)
 ParOldGen       total 98304K, used 59073K [0x00000000c4000000, 0x00000000ca000000, 0x00000000ec000000)
  object space 98304K, 60% used [0x00000000c4000000,0x00000000c79b06b8,0x00000000ca000000)
 Metaspace       used 16532K, capacity 17284K, committed 17536K, reserved 1064960K
  class space    used 2431K, capacity 2635K, committed 2688K, reserved 1048576K
Event: 11,729 GC heap after
Heap after GC invocations=3 (full 0):
 PSYoungGen      total 17920K, used 2544K [0x00000000ec000000, 0x00000000ed400000, 0x0000000100000000)
  eden space 15360K, 0% used [0x00000000ec000000,0x00000000ec000000,0x00000000ecf00000)
  from space 2560K, 99% used [0x00000000ecf00000,0x00000000ed17c070,0x00000000ed180000)
  to   space 2560K, 0% used [0x00000000ed180000,0x00000000ed180000,0x00000000ed400000)
 ParOldGen       total 98304K, used 63134K [0x00000000c4000000, 0x00000000ca000000, 0x00000000ec000000)
  object space 98304K, 64% used [0x00000000c4000000,0x00000000c7da78b0,0x00000000ca000000)
 Metaspace       used 16532K, capacity 17284K, committed 17536K, reserved 1064960K
  class space    used 2431K, capacity 2635K, committed 2688K, reserved 1048576K
}

Deoptimization events (10 events):
Event: 5,989 Thread 0x00007f75bc2e4800 Uncommon trap: reason=class_check action=maybe_recompile pc=0x00007f75ad18df60 method=java.lang.String.equals(Ljava/lang/Object;)Z @ 8
Event: 10,933 Thread 0x00007f75bc2e4800 Uncommon trap: reason=unstable_if action=reinterpret pc=0x00007f75ad4065e4 method=jdk.internal.org.objectweb.asm.Type.getArgumentsAndReturnSizes(Ljava/lang/String;)I @ 47
Event: 11,302 Thread 0x00007f75bc2e4800 Uncommon trap: reason=class_check action=maybe_recompile pc=0x00007f75ad18df60 method=java.lang.String.equals(Ljava/lang/Object;)Z @ 8
Event: 11,533 Thread 0x00007f75bc2e4800 Uncommon trap: reason=unstable_if action=reinterpret pc=0x00007f75ad30c4a0 method=java.util.HashMap.hash(Ljava/lang/Object;)I @ 1
Event: 11,533 Thread 0x00007f75bc2e4800 Uncommon trap: reason=unstable_if action=reinterpret pc=0x00007f75ad3b9af0 method=java.util.HashMap.hash(Ljava/lang/Object;)I @ 1
Event: 11,541 Thread 0x00007f75bc2e4800 Uncommon trap: reason=unstable_if action=reinterpret pc=0x00007f75ad2a30a8 method=java.util.HashMap.hash(Ljava/lang/Object;)I @ 1
Event: 11,564 Thread 0x00007f75bc2e4800 Uncommon trap: reason=unstable_if action=reinterpret pc=0x00007f75ad45feec method=java.lang.ClassLoader.checkName(Ljava/lang/String;)Z @ 20
Event: 11,749 Thread 0x00007f75bc2e4800 Uncommon trap: reason=unstable_if action=reinterpret pc=0x00007f75ad3bc2b0 method=java.util.HashMap.isEmpty()Z @ 4
Event: 12,288 Thread 0x00007f75bc292800 Uncommon trap: reason=unstable_if action=reinterpret pc=0x00007f75ad4e80dc method=java.lang.StrictMath.floorOrCeil(DDDD)D @ 115
Event: 16,524 Thread 0x00007f75bc2e4800 Uncommon trap: reason=unstable_if action=reinterpret pc=0x00007f75ad244060 method=java.lang.CharacterData.of(I)Ljava/lang/CharacterData; @ 4

Classes redefined (0 events):
No events

Internal exceptions (10 events):
Event: 2,219 Thread 0x00007f75bc2e4800 Exception <a 'java/lang/ArrayIndexOutOfBoundsException'> (0x00000000ec191500) thrown at [/HUDSON/workspace/8-2-build-linux-amd64/jdk8u161/10277/hotspot/src/share/vm/runtime/sharedRuntime.cpp, line 605]
Event: 3,259 Thread 0x00007f75bc2e4800 Exception <a 'java/lang/ArrayIndexOutOfBoundsException'> (0x00000000ec2f1048) thrown at [/HUDSON/workspace/8-2-build-linux-amd64/jdk8u161/10277/hotspot/src/share/vm/runtime/sharedRuntime.cpp, line 605]
Event: 4,161 Thread 0x00007f75bc2e4800 Exception <a 'java/lang/ArrayIndexOutOfBoundsException'> (0x00000000ec823540) thrown at [/HUDSON/workspace/8-2-build-linux-amd64/jdk8u161/10277/hotspot/src/share/vm/runtime/sharedRuntime.cpp, line 605]
Event: 4,323 Thread 0x00007f75bc2e4800 Exception <a 'java/io/FileNotFoundException'> (0x00000000ec957338) thrown at [/HUDSON/workspace/8-2-build-linux-amd64/jdk8u161/10277/hotspot/src/share/vm/prims/jni.cpp, line 709]
Event: 5,512 Thread 0x00007f75bc2e4800 Exception <a 'java/io/FileNotFoundException'> (0x00000000ec3a6b18) thrown at [/HUDSON/workspace/8-2-build-linux-amd64/jdk8u161/10277/hotspot/src/share/vm/prims/jni.cpp, line 709]
Event: 5,635 Thread 0x00007f75bc2e4800 Exception <a 'java/io/FileNotFoundException'> (0x00000000ec424ed0) thrown at [/HUDSON/workspace/8-2-build-linux-amd64/jdk8u161/10277/hotspot/src/share/vm/prims/jni.cpp, line 709]
Event: 5,649 Thread 0x00007f75bc2e4800 Exception <a 'java/io/FileNotFoundException'> (0x00000000ec44e898) thrown at [/HUDSON/workspace/8-2-build-linux-amd64/jdk8u161/10277/hotspot/src/share/vm/prims/jni.cpp, line 709]
Event: 11,533 Thread 0x00007f75bc2e4800 Implicit null exception at 0x00007f75ad30c275 to 0x00007f75ad30c491
Event: 11,533 Thread 0x00007f75bc2e4800 Implicit null exception at 0x00007f75ad3b9a58 to 0x00007f75ad3b9ae6
Event: 11,541 Thread 0x00007f75bc2e4800 Implicit null exception at 0x00007f75ad2a302f to 0x00007f75ad2a3099

Events (10 events):
Event: 18,916 loading class javafx/scene/effect/DropShadow$7
Event: 18,916 loading class javafx/scene/effect/DropShadow$7 done
Event: 18,917 loading class javafx/scene/effect/DropShadow$8
Event: 18,917 loading class javafx/scene/effect/DropShadow$8 done
Event: 18,917 loading class javafx/scene/effect/DropShadow$2
Event: 18,917 loading class javafx/scene/effect/DropShadow$2 done
Event: 18,918 loading class javafx/scene/effect/DropShadow$3
Event: 18,918 loading class javafx/scene/effect/DropShadow$3 done
Event: 18,919 loading class com/sun/javafx/effect/EffectDirtyBits
Event: 18,919 loading class com/sun/javafx/effect/EffectDirtyBits done


Dynamic libraries:
00400000-00401000 r-xp 00000000 08:02 2883734                            /opt/jdk/jdk1.8.0_161/bin/java
00600000-00601000 rw-p 00000000 08:02 2883734                            /opt/jdk/jdk1.8.0_161/bin/java
01e59000-01e7a000 rw-p 00000000 00:00 0                                  [heap]
c4000000-ca000000 rw-p 00000000 00:00 0 
ca000000-ec000000 ---p 00000000 00:00 0 
ec000000-ed400000 rw-p 00000000 00:00 0 
ed400000-100000000 ---p 00000000 00:00 0 
100000000-1002e0000 rw-p 00000000 00:00 0 
1002e0000-140000000 ---p 00000000 00:00 0 
7f7556000000-7f755c000000 rw-s 1174d4000 00:06 335                       /dev/dri/card0
7f755c000000-7f755c654000 rw-p 00000000 00:00 0 
7f755c654000-7f7560000000 ---p 00000000 00:00 0 
7f7563e00000-7f7563e40000 rw-p 00000000 00:00 0 
7f7563e40000-7f7564000000 ---p 00000000 00:00 0 
7f7564000000-7f7564021000 rw-p 00000000 00:00 0 
7f7564021000-7f7568000000 ---p 00000000 00:00 0 
7f75681a5000-7f75681af000 r--s 00116000 08:02 2885338                    /opt/jdk/jdk1.8.0_161/jre/lib/ext/localedata.jar
7f75681af000-7f75681cb000 r--s 00393000 08:02 2885331                    /opt/jdk/jdk1.8.0_161/jre/lib/ext/cldrdata.jar
7f75681cb000-7f75681cd000 rw-s 00000000 00:05 257942                     /drm mm object (deleted)
7f75681cd000-7f75681d5000 rw-s 101971000 00:06 335                       /dev/dri/card0
7f75681d5000-7f75681dd000 rw-s 1019cc000 00:06 335                       /dev/dri/card0
7f75681dd000-7f75681f9000 rw-s 102d0c000 00:06 335                       /dev/dri/card0
7f75681f9000-7f7568209000 rw-s 00000000 00:05 257926                     /drm mm object (deleted)
7f7568209000-7f7568211000 rw-s 102e8c000 00:06 335                       /dev/dri/card0
7f7568211000-7f75683d1000 rw-s 116554000 00:06 335                       /dev/dri/card0
7f75683d1000-7f756841c000 r--p 00000000 08:02 3808232                    /usr/share/fonts/truetype/noto/NotoSans-Regular.ttf
7f756841c000-7f756861c000 rw-p 00000000 00:00 0 
7f756861c000-7f75687dc000 rw-s 1052f4000 00:06 335                       /dev/dri/card0
7f75687dc000-7f75687ec000 rw-s 00000000 00:05 257945                     /drm mm object (deleted)
7f75687ec000-7f756a3ec000 rw-s 11d4d4000 00:06 335                       /dev/dri/card0
7f756a3ec000-7f756a3fc000 rw-s 00000000 00:05 258898                     /drm mm object (deleted)
7f756a3fc000-7f756a408000 rw-s 00000000 00:05 258724                     /drm mm object (deleted)
7f756a408000-7f756a40b000 ---p 00000000 00:00 0 
7f756a40b000-7f756a509000 rw-p 00000000 00:00 0 
7f756a509000-7f756a50c000 ---p 00000000 00:00 0 
7f756a50c000-7f756a60a000 rw-p 00000000 00:00 0 
7f756a60a000-7f756a60f000 r--s 00084000 08:02 2885187                    /opt/jdk/jdk1.8.0_161/jre/lib/jfr.jar
7f756a60f000-7f756a80f000 rw-p 00000000 00:00 0 
7f756a80f000-7f756a819000 r-xp 00000000 08:02 3671770                    /usr/lib/x86_64-linux-gnu/gtk-2.0/2.10.0/engines/libpixmap.so
7f756a819000-7f756aa18000 ---p 0000a000 08:02 3671770                    /usr/lib/x86_64-linux-gnu/gtk-2.0/2.10.0/engines/libpixmap.so
7f756aa18000-7f756aa19000 r--p 00009000 08:02 3671770                    /usr/lib/x86_64-linux-gnu/gtk-2.0/2.10.0/engines/libpixmap.so
7f756aa19000-7f756aa1a000 rw-p 0000a000 08:02 3671770                    /usr/lib/x86_64-linux-gnu/gtk-2.0/2.10.0/engines/libpixmap.so
7f756aa1a000-7f756aa73000 r--p 00000000 08:02 3817298                    /usr/share/fonts/Segoe UI Bold.ttf
7f756aa73000-7f756aa78000 r--s 0009d000 08:02 2885327                    /opt/jdk/jdk1.8.0_161/jre/lib/jsse.jar
7f756aa78000-7f756ac78000 rw-p 00000000 00:00 0 
7f756ac78000-7f756acc9000 r--p 00000000 08:02 3817300                    /usr/share/fonts/segoeuil.ttf
7f756acc9000-7f756ad48000 r--p 00000000 08:02 3817301                    /usr/share/fonts/segoeui.ttf
7f756ad48000-7f756ad5b000 r--p 00000000 08:02 2885207                    /opt/jdk/jdk1.8.0_161/jre/lib/fonts/LucidaBrightDemiBold.ttf
7f756ad5b000-7f756ae06000 r--p 00000000 08:02 2885200                    /opt/jdk/jdk1.8.0_161/jre/lib/fonts/LucidaSansRegular.ttf
7f756ae06000-7f756ae19000 r--p 00000000 08:02 2885204                    /opt/jdk/jdk1.8.0_161/jre/lib/fonts/LucidaBrightDemiItalic.ttf
7f756ae19000-7f756ae67000 r--p 00000000 08:02 2885202                    /opt/jdk/jdk1.8.0_161/jre/lib/fonts/LucidaSansDemiBold.ttf
7f756ae67000-7f756aebc000 r--p 00000000 08:02 2885201                    /opt/jdk/jdk1.8.0_161/jre/lib/fonts/LucidaBrightRegular.ttf
7f756aebc000-7f756aef6000 r--p 00000000 08:02 2885206                    /opt/jdk/jdk1.8.0_161/jre/lib/fonts/LucidaTypewriterBold.ttf
7f756aef6000-7f756af0a000 r--p 00000000 08:02 2885199                    /opt/jdk/jdk1.8.0_161/jre/lib/fonts/LucidaBrightItalic.ttf
7f756af0a000-7f756af46000 r--p 00000000 08:02 2885205                    /opt/jdk/jdk1.8.0_161/jre/lib/fonts/LucidaTypewriterRegular.ttf
7f756af46000-7f756af4a000 r-xp 00000000 08:02 2885435                    /opt/jdk/jdk1.8.0_161/jre/lib/amd64/libjavafx_font_pango.so
7f756af4a000-7f756b149000 ---p 00004000 08:02 2885435                    /opt/jdk/jdk1.8.0_161/jre/lib/amd64/libjavafx_font_pango.so
7f756b149000-7f756b14a000 rw-p 00003000 08:02 2885435                    /opt/jdk/jdk1.8.0_161/jre/lib/amd64/libjavafx_font_pango.so
7f756b14a000-7f756b151000 r--s 00000000 08:02 4200409                    /var/cache/fontconfig/4be9850f182b35c1350b6bbf2e42601c-le64.cache-6
7f756b151000-7f756b15c000 r--s 00000000 08:02 4198764                    /var/cache/fontconfig/945677eb7aeaf62f1d50efc3fb3ec7d8-le64.cache-6
7f756b15c000-7f756b162000 r--s 00000000 08:02 4198756                    /var/cache/fontconfig/2cd17615ca594fa2959ae173292e504c-le64.cache-6
7f756b162000-7f756b1a2000 r--s 00000000 08:02 4198754                    /var/cache/fontconfig/0bd3dc0958fa2205aaaa8ebb13e2872b-le64.cache-6
7f756b1a2000-7f756b1a7000 r-xp 00000000 08:02 2885438                    /opt/jdk/jdk1.8.0_161/jre/lib/amd64/libjavafx_font_freetype.so
7f756b1a7000-7f756b3a6000 ---p 00005000 08:02 2885438                    /opt/jdk/jdk1.8.0_161/jre/lib/amd64/libjavafx_font_freetype.so
7f756b3a6000-7f756b3a7000 rw-p 00004000 08:02 2885438                    /opt/jdk/jdk1.8.0_161/jre/lib/amd64/libjavafx_font_freetype.so
7f756b3a7000-7f756b3aa000 r-xp 00000000 08:02 2885485                    /opt/jdk/jdk1.8.0_161/jre/lib/amd64/libjavafx_font.so
7f756b3aa000-7f756b5a9000 ---p 00003000 08:02 2885485                    /opt/jdk/jdk1.8.0_161/jre/lib/amd64/libjavafx_font.so
7f756b5a9000-7f756b5aa000 rw-p 00002000 08:02 2885485                    /opt/jdk/jdk1.8.0_161/jre/lib/amd64/libjavafx_font.so
7f756b5aa000-7f756b5e0000 r-xp 00000000 08:02 2885481                    /opt/jdk/jdk1.8.0_161/jre/lib/amd64/libjavafx_iio.so
7f756b5e0000-7f756b7df000 ---p 00036000 08:02 2885481                    /opt/jdk/jdk1.8.0_161/jre/lib/amd64/libjavafx_iio.so
7f756b7df000-7f756b7e0000 rw-p 00035000 08:02 2885481                    /opt/jdk/jdk1.8.0_161/jre/lib/amd64/libjavafx_iio.so
7f756b7e0000-7f756b9e0000 rw-p 00000000 00:00 0 
7f756b9e0000-7f756b9e3000 ---p 00000000 00:00 0 
7f756b9e3000-7f756bae1000 rw-p 00000000 00:00 0 
7f756bae1000-7f756bae4000 ---p 00000000 00:00 0 
7f756bae4000-7f756bbe2000 rw-p 00000000 00:00 0 
7f756bbe2000-7f756bc0b000 r-xp 00000000 08:02 2885460                    /opt/jdk/jdk1.8.0_161/jre/lib/amd64/libglass.so
7f756bc0b000-7f756be0a000 ---p 00029000 08:02 2885460                    /opt/jdk/jdk1.8.0_161/jre/lib/amd64/libglass.so
7f756be0a000-7f756be0d000 rw-p 00028000 08:02 2885460                    /opt/jdk/jdk1.8.0_161/jre/lib/amd64/libglass.so
7f756be0d000-7f756be44000 r-xp 00000000 08:02 3547217                    /usr/lib/x86_64-linux-gnu/libtxc_dxtn_s2tc.so.0.0.0
7f756be44000-7f756c043000 ---p 00037000 08:02 3547217                    /usr/lib/x86_64-linux-gnu/libtxc_dxtn_s2tc.so.0.0.0
7f756c043000-7f756c044000 r--p 00036000 08:02 3547217                    /usr/lib/x86_64-linux-gnu/libtxc_dxtn_s2tc.so.0.0.0
7f756c044000-7f756c045000 rw-p 00037000 08:02 3547217                    /usr/lib/x86_64-linux-gnu/libtxc_dxtn_s2tc.so.0.0.0
7f756c045000-7f756c04d000 r-xp 00000000 08:02 3546963                    /usr/lib/x86_64-linux-gnu/libpciaccess.so.0.11.1
7f756c04d000-7f756c24d000 ---p 00008000 08:02 3546963                    /usr/lib/x86_64-linux-gnu/libpciaccess.so.0.11.1
7f756c24d000-7f756c24e000 r--p 00008000 08:02 3546963                    /usr/lib/x86_64-linux-gnu/libpciaccess.so.0.11.1
7f756c24e000-7f756c24f000 rw-p 00009000 08:02 3546963                    /usr/lib/x86_64-linux-gnu/libpciaccess.so.0.11.1
7f756c24f000-7f756c25a000 r-xp 00000000 08:02 3546417                    /usr/lib/x86_64-linux-gnu/libdrm_radeon.so.1.0.1
7f756c25a000-7f756c459000 ---p 0000b000 08:02 3546417                    /usr/lib/x86_64-linux-gnu/libdrm_radeon.so.1.0.1
7f756c459000-7f756c45a000 r--p 0000a000 08:02 3546417                    /usr/lib/x86_64-linux-gnu/libdrm_radeon.so.1.0.1
7f756c45a000-7f756c45b000 rw-p 0000b000 08:02 3546417                    /usr/lib/x86_64-linux-gnu/libdrm_radeon.so.1.0.1
7f756c45b000-7f756c462000 r-xp 00000000 08:02 3546415                    /usr/lib/x86_64-linux-gnu/libdrm_nouveau.so.2.0.0
7f756c462000-7f756c661000 ---p 00007000 08:02 3546415                    /usr/lib/x86_64-linux-gnu/libdrm_nouveau.so.2.0.0
7f756c661000-7f756c662000 r--p 00006000 08:02 3546415                    /usr/lib/x86_64-linux-gnu/libdrm_nouveau.so.2.0.0
7f756c662000-7f756c663000 rw-p 00007000 08:02 3546415                    /usr/lib/x86_64-linux-gnu/libdrm_nouveau.so.2.0.0
7f756c663000-7f756c685000 r-xp 00000000 08:02 3546413                    /usr/lib/x86_64-linux-gnu/libdrm_intel.so.1.0.0
7f756c685000-7f756c885000 ---p 00022000 08:02 3546413                    /usr/lib/x86_64-linux-gnu/libdrm_intel.so.1.0.0
7f756c885000-7f756c886000 r--p 00022000 08:02 3546413                    /usr/lib/x86_64-linux-gnu/libdrm_intel.so.1.0.0
7f756c886000-7f756c887000 rw-p 00023000 08:02 3546413                    /usr/lib/x86_64-linux-gnu/libdrm_intel.so.1.0.0
7f756c887000-7f756d0ae000 r-xp 00000000 08:02 3671344                    /usr/lib/x86_64-linux-gnu/dri/i965_dri.so
7f756d0ae000-7f756d2ae000 ---p 00827000 08:02 3671344                    /usr/lib/x86_64-linux-gnu/dri/i965_dri.so
7f756d2ae000-7f756d2fe000 r--p 00827000 08:02 3671344                    /usr/lib/x86_64-linux-gnu/dri/i965_dri.so
7f756d2fe000-7f756d307000 rw-p 00877000 08:02 3671344                    /usr/lib/x86_64-linux-gnu/dri/i965_dri.so
7f756d307000-7f756d36e000 rw-p 00000000 00:00 0 
7f756d36e000-7f756d374000 r-xp 00000000 08:02 3546354                    /usr/lib/x86_64-linux-gnu/libdatrie.so.1.3.3
7f756d374000-7f756d574000 ---p 00006000 08:02 3546354                    /usr/lib/x86_64-linux-gnu/libdatrie.so.1.3.3
7f756d574000-7f756d575000 r--p 00006000 08:02 3546354                    /usr/lib/x86_64-linux-gnu/libdatrie.so.1.3.3
7f756d575000-7f756d576000 rw-p 00007000 08:02 3546354                    /usr/lib/x86_64-linux-gnu/libdatrie.so.1.3.3
7f756d576000-7f756d57b000 r-xp 00000000 08:02 3546164                    /usr/lib/x86_64-linux-gnu/libXdmcp.so.6.0.0
7f756d57b000-7f756d77a000 ---p 00005000 08:02 3546164                    /usr/lib/x86_64-linux-gnu/libXdmcp.so.6.0.0
7f756d77a000-7f756d77b000 r--p 00004000 08:02 3546164                    /usr/lib/x86_64-linux-gnu/libXdmcp.so.6.0.0
7f756d77b000-7f756d77c000 rw-p 00005000 08:02 3546164                    /usr/lib/x86_64-linux-gnu/libXdmcp.so.6.0.0
7f756d77c000-7f756d77e000 r-xp 00000000 08:02 3546153                    /usr/lib/x86_64-linux-gnu/libXau.so.6.0.0
7f756d77e000-7f756d97e000 ---p 00002000 08:02 3546153                    /usr/lib/x86_64-linux-gnu/libXau.so.6.0.0
7f756d97e000-7f756d97f000 r--p 00002000 08:02 3546153                    /usr/lib/x86_64-linux-gnu/libXau.so.6.0.0
7f756d97f000-7f756d980000 rw-p 00003000 08:02 3546153                    /usr/lib/x86_64-linux-gnu/libXau.so.6.0.0
7f756d980000-7f756d9a4000 r-xp 00000000 08:02 3546586                    /usr/lib/x86_64-linux-gnu/libgraphite2.so.3.0.1
7f756d9a4000-7f756dba3000 ---p 00024000 08:02 3546586                    /usr/lib/x86_64-linux-gnu/libgraphite2.so.3.0.1
7f756dba3000-7f756dba5000 r--p 00023000 08:02 3546586                    /usr/lib/x86_64-linux-gnu/libgraphite2.so.3.0.1
7f756dba5000-7f756dba6000 rw-p 00025000 08:02 3546586                    /usr/lib/x86_64-linux-gnu/libgraphite2.so.3.0.1
7f756dba6000-7f756dbb6000 r-xp 00000000 08:02 3546409                    /usr/lib/x86_64-linux-gnu/libdrm.so.2.4.0
7f756dbb6000-7f756ddb5000 ---p 00010000 08:02 3546409                    /usr/lib/x86_64-linux-gnu/libdrm.so.2.4.0
7f756ddb5000-7f756ddb6000 r--p 0000f000 08:02 3546409                    /usr/lib/x86_64-linux-gnu/libdrm.so.2.4.0
7f756ddb6000-7f756ddb7000 rw-p 00010000 08:02 3546409                    /usr/lib/x86_64-linux-gnu/libdrm.so.2.4.0
7f756ddb7000-7f756ddbb000 r-xp 00000000 08:02 3547342                    /usr/lib/x86_64-linux-gnu/libxcb-dri2.so.0.0.0
7f756ddbb000-7f756dfba000 ---p 00004000 08:02 3547342                    /usr/lib/x86_64-linux-gnu/libxcb-dri2.so.0.0.0
7f756dfba000-7f756dfbb000 r--p 00003000 08:02 3547342                    /usr/lib/x86_64-linux-gnu/libxcb-dri2.so.0.0.0
7f756dfbb000-7f756dfbc000 rw-p 00004000 08:02 3547342                    /usr/lib/x86_64-linux-gnu/libxcb-dri2.so.0.0.0
7f756dfbc000-7f756dfd3000 r-xp 00000000 08:02 3547346                    /usr/lib/x86_64-linux-gnu/libxcb-glx.so.0.0.0
7f756dfd3000-7f756e1d2000 ---p 00017000 08:02 3547346                    /usr/lib/x86_64-linux-gnu/libxcb-glx.so.0.0.0
7f756e1d2000-7f756e1d4000 r--p 00016000 08:02 3547346                    /usr/lib/x86_64-linux-gnu/libxcb-glx.so.0.0.0
7f756e1d4000-7f756e1d5000 rw-p 00018000 08:02 3547346                    /usr/lib/x86_64-linux-gnu/libxcb-glx.so.0.0.0
7f756e1d5000-7f756e1d6000 r-xp 00000000 08:02 3546149                    /usr/lib/x86_64-linux-gnu/libX11-xcb.so.1.0.0
7f756e1d6000-7f756e3d5000 ---p 00001000 08:02 3546149                    /usr/lib/x86_64-linux-gnu/libX11-xcb.so.1.0.0
7f756e3d5000-7f756e3d6000 r--p 00000000 08:02 3546149                    /usr/lib/x86_64-linux-gnu/libX11-xcb.so.1.0.0
7f756e3d6000-7f756e3d7000 rw-p 00001000 08:02 3546149                    /usr/lib/x86_64-linux-gnu/libX11-xcb.so.1.0.0
7f756e3d7000-7f756e402000 r-xp 00000000 08:02 3546557                    /usr/lib/x86_64-linux-gnu/libglapi.so.0.0.0
7f756e402000-7f756e601000 ---p 0002b000 08:02 3546557                    /usr/lib/x86_64-linux-gnu/libglapi.so.0.0.0
7f756e601000-7f756e605000 r--p 0002a000 08:02 3546557                    /usr/lib/x86_64-linux-gnu/libglapi.so.0.0.0
7f756e605000-7f756e606000 rw-p 0002e000 08:02 3546557                    /usr/lib/x86_64-linux-gnu/libglapi.so.0.0.0
7f756e606000-7f756e607000 rw-p 00000000 00:00 0 
7f756e607000-7f756e608000 r-xp 00000000 08:02 3547390                    /usr/lib/x86_64-linux-gnu/libxshmfence.so.1.0.0
7f756e608000-7f756e808000 ---p 00001000 08:02 3547390                    /usr/lib/x86_64-linux-gnu/libxshmfence.so.1.0.0
7f756e808000-7f756e809000 r--p 00001000 08:02 3547390                    /usr/lib/x86_64-linux-gnu/libxshmfence.so.1.0.0
7f756e809000-7f756e80a000 rw-p 00002000 08:02 3547390                    /usr/lib/x86_64-linux-gnu/libxshmfence.so.1.0.0
7f756e80a000-7f756e80f000 r-xp 00000000 08:02 3547368                    /usr/lib/x86_64-linux-gnu/libxcb-sync.so.1.0.0
7f756e80f000-7f756ea0f000 ---p 00005000 08:02 3547368                    /usr/lib/x86_64-linux-gnu/libxcb-sync.so.1.0.0
7f756ea0f000-7f756ea10000 r--p 00005000 08:02 3547368                    /usr/lib/x86_64-linux-gnu/libxcb-sync.so.1.0.0
7f756ea10000-7f756ea11000 rw-p 00006000 08:02 3547368                    /usr/lib/x86_64-linux-gnu/libxcb-sync.so.1.0.0
7f756ea11000-7f756ea13000 r-xp 00000000 08:02 3547354                    /usr/lib/x86_64-linux-gnu/libxcb-present.so.0.0.0
7f756ea13000-7f756ec12000 ---p 00002000 08:02 3547354                    /usr/lib/x86_64-linux-gnu/libxcb-present.so.0.0.0
7f756ec12000-7f756ec13000 r--p 00001000 08:02 3547354                    /usr/lib/x86_64-linux-gnu/libxcb-present.so.0.0.0
7f756ec13000-7f756ec14000 rw-p 00002000 08:02 3547354                    /usr/lib/x86_64-linux-gnu/libxcb-present.so.0.0.0
7f756ec14000-7f756ec16000 r-xp 00000000 08:02 3547344                    /usr/lib/x86_64-linux-gnu/libxcb-dri3.so.0.0.0
7f756ec16000-7f756ee15000 ---p 00002000 08:02 3547344                    /usr/lib/x86_64-linux-gnu/libxcb-dri3.so.0.0.0
7f756ee15000-7f756ee16000 r--p 00001000 08:02 3547344                    /usr/lib/x86_64-linux-gnu/libxcb-dri3.so.0.0.0
7f756ee16000-7f756ee17000 rw-p 00002000 08:02 3547344                    /usr/lib/x86_64-linux-gnu/libxcb-dri3.so.0.0.0
7f756ee17000-7f756ee85000 r-xp 00000000 08:02 791258                     /lib/x86_64-linux-gnu/libpcre.so.3.13.2
7f756ee85000-7f756f085000 ---p 0006e000 08:02 791258                     /lib/x86_64-linux-gnu/libpcre.so.3.13.2
7f756f085000-7f756f086000 r--p 0006e000 08:02 791258                     /lib/x86_64-linux-gnu/libpcre.so.3.13.2
7f756f086000-7f756f087000 rw-p 0006f000 08:02 791258                     /lib/x86_64-linux-gnu/libpcre.so.3.13.2
7f756f087000-7f756f08e000 r-xp 00000000 08:02 3546471                    /usr/lib/x86_64-linux-gnu/libffi.so.6.0.4
7f756f08e000-7f756f28d000 ---p 00007000 08:02 3546471                    /usr/lib/x86_64-linux-gnu/libffi.so.6.0.4
7f756f28d000-7f756f28e000 r--p 00006000 08:02 3546471                    /usr/lib/x86_64-linux-gnu/libffi.so.6.0.4
7f756f28e000-7f756f28f000 rw-p 00007000 08:02 3546471                    /usr/lib/x86_64-linux-gnu/libffi.so.6.0.4
7f756f28f000-7f756f2b5000 r-xp 00000000 08:02 791162                     /lib/x86_64-linux-gnu/libexpat.so.1.6.0
7f756f2b5000-7f756f4b5000 ---p 00026000 08:02 791162                     /lib/x86_64-linux-gnu/libexpat.so.1.6.0
7f756f4b5000-7f756f4b7000 r--p 00026000 08:02 791162                     /lib/x86_64-linux-gnu/libexpat.so.1.6.0
7f756f4b7000-7f756f4b8000 rw-p 00028000 08:02 791162                     /lib/x86_64-linux-gnu/libexpat.so.1.6.0
7f756f4b8000-7f756f4c0000 r-xp 00000000 08:02 3547194                    /usr/lib/x86_64-linux-gnu/libthai.so.0.2.4
7f756f4c0000-7f756f6bf000 ---p 00008000 08:02 3547194                    /usr/lib/x86_64-linux-gnu/libthai.so.0.2.4
7f756f6bf000-7f756f6c0000 r--p 00007000 08:02 3547194                    /usr/lib/x86_64-linux-gnu/libthai.so.0.2.4
7f756f6c0000-7f756f6c1000 rw-p 00008000 08:02 3547194                    /usr/lib/x86_64-linux-gnu/libthai.so.0.2.4
7f756f6c1000-7f756f6e2000 r-xp 00000000 08:02 3547380                    /usr/lib/x86_64-linux-gnu/libxcb.so.1.1.0
7f756f6e2000-7f756f8e1000 ---p 00021000 08:02 3547380                    /usr/lib/x86_64-linux-gnu/libxcb.so.1.1.0
7f756f8e1000-7f756f8e2000 r--p 00020000 08:02 3547380                    /usr/lib/x86_64-linux-gnu/libxcb.so.1.1.0
7f756f8e2000-7f756f8e3000 rw-p 00021000 08:02 3547380                    /usr/lib/x86_64-linux-gnu/libxcb.so.1.1.0
7f756f8e3000-7f756f8eb000 r-xp 00000000 08:02 3547362                    /usr/lib/x86_64-linux-gnu/libxcb-render.so.0.0.0
7f756f8eb000-7f756faeb000 ---p 00008000 08:02 3547362                    /usr/lib/x86_64-linux-gnu/libxcb-render.so.0.0.0
7f756faeb000-7f756faec000 r--p 00008000 08:02 3547362                    /usr/lib/x86_64-linux-gnu/libxcb-render.so.0.0.0
7f756faec000-7f756faed000 rw-p 00009000 08:02 3547362                    /usr/lib/x86_64-linux-gnu/libxcb-render.so.0.0.0
7f756faed000-7f756faef000 r-xp 00000000 08:02 3547366                    /usr/lib/x86_64-linux-gnu/libxcb-shm.so.0.0.0
7f756faef000-7f756fcef000 ---p 00002000 08:02 3547366                    /usr/lib/x86_64-linux-gnu/libxcb-shm.so.0.0.0
7f756fcef000-7f756fcf0000 r--p 00002000 08:02 3547366                    /usr/lib/x86_64-linux-gnu/libxcb-shm.so.0.0.0
7f756fcf0000-7f756fcf1000 rw-p 00003000 08:02 3547366                    /usr/lib/x86_64-linux-gnu/libxcb-shm.so.0.0.0
7f756fcf1000-7f756fd15000 r-xp 00000000 08:02 791270                     /lib/x86_64-linux-gnu/libpng12.so.0.54.0
7f756fd15000-7f756ff14000 ---p 00024000 08:02 791270                     /lib/x86_64-linux-gnu/libpng12.so.0.54.0
7f756ff14000-7f756ff15000 r--p 00023000 08:02 791270                     /lib/x86_64-linux-gnu/libpng12.so.0.54.0
7f756ff15000-7f756ff16000 rw-p 00024000 08:02 791270                     /lib/x86_64-linux-gnu/libpng12.so.0.54.0
7f756ff16000-7f756ffb5000 r-xp 00000000 08:02 3546977                    /usr/lib/x86_64-linux-gnu/libpixman-1.so.0.33.6
7f756ffb5000-7f75701b5000 ---p 0009f000 08:02 3546977                    /usr/lib/x86_64-linux-gnu/libpixman-1.so.0.33.6
7f75701b5000-7f75701bd000 r--p 0009f000 08:02 3546977                    /usr/lib/x86_64-linux-gnu/libpixman-1.so.0.33.6
7f75701bd000-7f75701be000 rw-p 000a7000 08:02 3546977                    /usr/lib/x86_64-linux-gnu/libpixman-1.so.0.33.6
7f75701be000-7f757024f000 r-xp 00000000 08:02 3546650                    /usr/lib/x86_64-linux-gnu/libharfbuzz.so.0.10400.6
7f757024f000-7f757044e000 ---p 00091000 08:02 3546650                    /usr/lib/x86_64-linux-gnu/libharfbuzz.so.0.10400.6
7f757044e000-7f7570450000 r--p 00090000 08:02 3546650                    /usr/lib/x86_64-linux-gnu/libharfbuzz.so.0.10400.6
7f7570450000-7f7570451000 rw-p 00092000 08:02 3546650                    /usr/lib/x86_64-linux-gnu/libharfbuzz.so.0.10400.6
7f7570451000-7f7570468000 r-xp 00000000 08:02 791281                     /lib/x86_64-linux-gnu/libresolv-2.23.so
7f7570468000-7f7570668000 ---p 00017000 08:02 791281                     /lib/x86_64-linux-gnu/libresolv-2.23.so
7f7570668000-7f7570669000 r--p 00017000 08:02 791281                     /lib/x86_64-linux-gnu/libresolv-2.23.so
7f7570669000-7f757066a000 rw-p 00018000 08:02 791281                     /lib/x86_64-linux-gnu/libresolv-2.23.so
7f757066a000-7f757066c000 rw-p 00000000 00:00 0 
7f757066c000-7f757068b000 r-xp 00000000 08:02 791287                     /lib/x86_64-linux-gnu/libselinux.so.1
7f757068b000-7f757088a000 ---p 0001f000 08:02 791287                     /lib/x86_64-linux-gnu/libselinux.so.1
7f757088a000-7f757088b000 r--p 0001e000 08:02 791287                     /lib/x86_64-linux-gnu/libselinux.so.1
7f757088b000-7f757088c000 rw-p 0001f000 08:02 791287                     /lib/x86_64-linux-gnu/libselinux.so.1
7f757088c000-7f757088e000 rw-p 00000000 00:00 0 
7f757088e000-7f75708a7000 r-xp 00000000 08:02 791320                     /lib/x86_64-linux-gnu/libz.so.1.2.8
7f75708a7000-7f7570aa6000 ---p 00019000 08:02 791320                     /lib/x86_64-linux-gnu/libz.so.1.2.8
7f7570aa6000-7f7570aa7000 r--p 00018000 08:02 791320                     /lib/x86_64-linux-gnu/libz.so.1.2.8
7f7570aa7000-7f7570aa8000 rw-p 00019000 08:02 791320                     /lib/x86_64-linux-gnu/libz.so.1.2.8
7f7570aa8000-7f7570ab9000 r-xp 00000000 08:02 3546166                    /usr/lib/x86_64-linux-gnu/libXext.so.6.4.0
7f7570ab9000-7f7570cb8000 ---p 00011000 08:02 3546166                    /usr/lib/x86_64-linux-gnu/libXext.so.6.4.0
7f7570cb8000-7f7570cb9000 r--p 00010000 08:02 3546166                    /usr/lib/x86_64-linux-gnu/libXext.so.6.4.0
7f7570cb9000-7f7570cba000 rw-p 00011000 08:02 3546166                    /usr/lib/x86_64-linux-gnu/libXext.so.6.4.0
7f7570cba000-7f7570cbc000 r-xp 00000000 08:02 3546162                    /usr/lib/x86_64-linux-gnu/libXdamage.so.1.1.0
7f7570cbc000-7f7570ebb000 ---p 00002000 08:02 3546162                    /usr/lib/x86_64-linux-gnu/libXdamage.so.1.1.0
7f7570ebb000-7f7570ebc000 r--p 00001000 08:02 3546162                    /usr/lib/x86_64-linux-gnu/libXdamage.so.1.1.0
7f7570ebc000-7f7570ebd000 rw-p 00002000 08:02 3546162                    /usr/lib/x86_64-linux-gnu/libXdamage.so.1.1.0
7f7570ebd000-7f7570ebf000 r-xp 00000000 08:02 3546158                    /usr/lib/x86_64-linux-gnu/libXcomposite.so.1.0.0
7f7570ebf000-7f75710be000 ---p 00002000 08:02 3546158                    /usr/lib/x86_64-linux-gnu/libXcomposite.so.1.0.0
7f75710be000-7f75710bf000 r--p 00001000 08:02 3546158                    /usr/lib/x86_64-linux-gnu/libXcomposite.so.1.0.0
7f75710bf000-7f75710c0000 rw-p 00002000 08:02 3546158                    /usr/lib/x86_64-linux-gnu/libXcomposite.so.1.0.0
7f75710c0000-7f75710c9000 r-xp 00000000 08:02 3546160                    /usr/lib/x86_64-linux-gnu/libXcursor.so.1.0.2
7f75710c9000-7f75712c8000 ---p 00009000 08:02 3546160                    /usr/lib/x86_64-linux-gnu/libXcursor.so.1.0.2
7f75712c8000-7f75712c9000 r--p 00008000 08:02 3546160                    /usr/lib/x86_64-linux-gnu/libXcursor.so.1.0.2
7f75712c9000-7f75712ca000 rw-p 00009000 08:02 3546160                    /usr/lib/x86_64-linux-gnu/libXcursor.so.1.0.2
7f75712ca000-7f75712d4000 r-xp 00000000 08:02 3546186                    /usr/lib/x86_64-linux-gnu/libXrandr.so.2.2.0
7f75712d4000-7f75714d3000 ---p 0000a000 08:02 3546186                    /usr/lib/x86_64-linux-gnu/libXrandr.so.2.2.0
7f75714d3000-7f75714d4000 r--p 00009000 08:02 3546186                    /usr/lib/x86_64-linux-gnu/libXrandr.so.2.2.0
7f75714d4000-7f75714d5000 rw-p 0000a000 08:02 3546186                    /usr/lib/x86_64-linux-gnu/libXrandr.so.2.2.0
7f75714d5000-7f75714e4000 r-xp 00000000 08:02 3546176                    /usr/lib/x86_64-linux-gnu/libXi.so.6.1.0
7f75714e4000-7f75716e3000 ---p 0000f000 08:02 3546176                    /usr/lib/x86_64-linux-gnu/libXi.so.6.1.0
7f75716e3000-7f75716e4000 r--p 0000e000 08:02 3546176                    /usr/lib/x86_64-linux-gnu/libXi.so.6.1.0
7f75716e4000-7f75716e5000 rw-p 0000f000 08:02 3546176                    /usr/lib/x86_64-linux-gnu/libXi.so.6.1.0
7f75716e5000-7f75716e7000 r-xp 00000000 08:02 3546178                    /usr/lib/x86_64-linux-gnu/libXinerama.so.1.0.0
7f75716e7000-7f75718e6000 ---p 00002000 08:02 3546178                    /usr/lib/x86_64-linux-gnu/libXinerama.so.1.0.0
7f75718e6000-7f75718e7000 r--p 00001000 08:02 3546178                    /usr/lib/x86_64-linux-gnu/libXinerama.so.1.0.0
7f75718e7000-7f75718e8000 rw-p 00002000 08:02 3546178                    /usr/lib/x86_64-linux-gnu/libXinerama.so.1.0.0
7f75718e8000-7f75718f1000 r-xp 00000000 08:02 3546188                    /usr/lib/x86_64-linux-gnu/libXrender.so.1.3.0
7f75718f1000-7f7571af0000 ---p 00009000 08:02 3546188                    /usr/lib/x86_64-linux-gnu/libXrender.so.1.3.0
7f7571af0000-7f7571af1000 r--p 00008000 08:02 3546188                    /usr/lib/x86_64-linux-gnu/libXrender.so.1.3.0
7f7571af1000-7f7571af2000 rw-p 00009000 08:02 3546188                    /usr/lib/x86_64-linux-gnu/libXrender.so.1.3.0
7f7571af2000-7f7571af7000 r-xp 00000000 08:02 3546168                    /usr/lib/x86_64-linux-gnu/libXfixes.so.3.1.0
7f7571af7000-7f7571cf6000 ---p 00005000 08:02 3546168                    /usr/lib/x86_64-linux-gnu/libXfixes.so.3.1.0
7f7571cf6000-7f7571cf7000 r--p 00004000 08:02 3546168                    /usr/lib/x86_64-linux-gnu/libXfixes.so.3.1.0
7f7571cf7000-7f7571cf8000 rw-p 00005000 08:02 3546168                    /usr/lib/x86_64-linux-gnu/libXfixes.so.3.1.0
7f7571cf8000-7f7571d0e000 r-xp 00000000 08:02 791169                     /lib/x86_64-linux-gnu/libgcc_s.so.1
7f7571d0e000-7f7571f0d000 ---p 00016000 08:02 791169                     /lib/x86_64-linux-gnu/libgcc_s.so.1
7f7571f0d000-7f7571f0e000 rw-p 00015000 08:02 791169                     /lib/x86_64-linux-gnu/libgcc_s.so.1
7f7571f0e000-7f7572080000 r-xp 00000000 08:02 3547167                    /usr/lib/x86_64-linux-gnu/libstdc++.so.6.0.21
7f7572080000-7f7572280000 ---p 00172000 08:02 3547167                    /usr/lib/x86_64-linux-gnu/libstdc++.so.6.0.21
7f7572280000-7f757228a000 r--p 00172000 08:02 3547167                    /usr/lib/x86_64-linux-gnu/libstdc++.so.6.0.21
7f757228a000-7f757228c000 rw-p 0017c000 08:02 3547167                    /usr/lib/x86_64-linux-gnu/libstdc++.so.6.0.21
7f757228c000-7f7572290000 rw-p 00000000 00:00 0 
7f7572290000-7f75722fe000 r-xp 00000000 08:02 3671987                    /usr/lib/x86_64-linux-gnu/mesa/libGL.so.1.2.0
7f75722fe000-7f75724fe000 ---p 0006e000 08:02 3671987                    /usr/lib/x86_64-linux-gnu/mesa/libGL.so.1.2.0
7f75724fe000-7f7572501000 r--p 0006e000 08:02 3671987                    /usr/lib/x86_64-linux-gnu/mesa/libGL.so.1.2.0
7f7572501000-7f7572502000 rw-p 00071000 08:02 3671987                    /usr/lib/x86_64-linux-gnu/mesa/libGL.so.1.2.0
7f7572502000-7f7572503000 rw-p 00000000 00:00 0 
7f7572503000-7f7572508000 r-xp 00000000 08:02 3546200                    /usr/lib/x86_64-linux-gnu/libXxf86vm.so.1.0.0
7f7572508000-7f7572707000 ---p 00005000 08:02 3546200                    /usr/lib/x86_64-linux-gnu/libXxf86vm.so.1.0.0
7f7572707000-7f7572708000 r--p 00004000 08:02 3546200                    /usr/lib/x86_64-linux-gnu/libXxf86vm.so.1.0.0
7f7572708000-7f7572709000 rw-p 00005000 08:02 3546200                    /usr/lib/x86_64-linux-gnu/libXxf86vm.so.1.0.0
7f7572709000-7f757283e000 r-xp 00000000 08:02 3546151                    /usr/lib/x86_64-linux-gnu/libX11.so.6.3.0
7f757283e000-7f7572a3e000 ---p 00135000 08:02 3546151                    /usr/lib/x86_64-linux-gnu/libX11.so.6.3.0
7f7572a3e000-7f7572a3f000 r--p 00135000 08:02 3546151                    /usr/lib/x86_64-linux-gnu/libX11.so.6.3.0
7f7572a3f000-7f7572a43000 rw-p 00136000 08:02 3546151                    /usr/lib/x86_64-linux-gnu/libX11.so.6.3.0
7f7572a43000-7f7572a48000 r-xp 00000000 08:02 3546194                    /usr/lib/x86_64-linux-gnu/libXtst.so.6.1.0
7f7572a48000-7f7572c47000 ---p 00005000 08:02 3546194                    /usr/lib/x86_64-linux-gnu/libXtst.so.6.1.0
7f7572c47000-7f7572c48000 r--p 00004000 08:02 3546194                    /usr/lib/x86_64-linux-gnu/libXtst.so.6.1.0
7f7572c48000-7f7572c49000 rw-p 00005000 08:02 3546194                    /usr/lib/x86_64-linux-gnu/libXtst.so.6.1.0
7f7572c49000-7f7572d58000 r-xp 00000000 08:02 791173                     /lib/x86_64-linux-gnu/libglib-2.0.so.0.4800.2
7f7572d58000-7f7572f57000 ---p 0010f000 08:02 791173                     /lib/x86_64-linux-gnu/libglib-2.0.so.0.4800.2
7f7572f57000-7f7572f58000 r--p 0010e000 08:02 791173                     /lib/x86_64-linux-gnu/libglib-2.0.so.0.4800.2
7f7572f58000-7f7572f59000 rw-p 0010f000 08:02 791173                     /lib/x86_64-linux-gnu/libglib-2.0.so.0.4800.2
7f7572f59000-7f7572f5a000 rw-p 00000000 00:00 0 
7f7572f5a000-7f7572f5b000 r-xp 00000000 08:02 3546634                    /usr/lib/x86_64-linux-gnu/libgthread-2.0.so.0.4800.2
7f7572f5b000-7f757315a000 ---p 00001000 08:02 3546634                    /usr/lib/x86_64-linux-gnu/libgthread-2.0.so.0.4800.2
7f757315a000-7f757315b000 r--p 00000000 08:02 3546634                    /usr/lib/x86_64-linux-gnu/libgthread-2.0.so.0.4800.2
7f757315b000-7f757315c000 rw-p 00001000 08:02 3546634                    /usr/lib/x86_64-linux-gnu/libgthread-2.0.so.0.4800.2
7f757315c000-7f757315f000 r-xp 00000000 08:02 3546561                    /usr/lib/x86_64-linux-gnu/libgmodule-2.0.so.0.4800.2
7f757315f000-7f757335e000 ---p 00003000 08:02 3546561                    /usr/lib/x86_64-linux-gnu/libgmodule-2.0.so.0.4800.2
7f757335e000-7f757335f000 r--p 00002000 08:02 3546561                    /usr/lib/x86_64-linux-gnu/libgmodule-2.0.so.0.4800.2
7f757335f000-7f7573360000 rw-p 00003000 08:02 3546561                    /usr/lib/x86_64-linux-gnu/libgmodule-2.0.so.0.4800.2
7f7573360000-7f75733b2000 r-xp 00000000 08:02 3546569                    /usr/lib/x86_64-linux-gnu/libgobject-2.0.so.0.4800.2
7f75733b2000-7f75735b1000 ---p 00052000 08:02 3546569                    /usr/lib/x86_64-linux-gnu/libgobject-2.0.so.0.4800.2
7f75735b1000-7f75735b2000 r--p 00051000 08:02 3546569                    /usr/lib/x86_64-linux-gnu/libgobject-2.0.so.0.4800.2
7f75735b2000-7f75735b3000 rw-p 00052000 08:02 3546569                    /usr/lib/x86_64-linux-gnu/libgobject-2.0.so.0.4800.2
7f75735b3000-7f75735f0000 r-xp 00000000 08:02 3546485                    /usr/lib/x86_64-linux-gnu/libfontconfig.so.1.9.0
7f75735f0000-7f75737ef000 ---p 0003d000 08:02 3546485                    /usr/lib/x86_64-linux-gnu/libfontconfig.so.1.9.0
7f75737ef000-7f75737f1000 r--p 0003c000 08:02 3546485                    /usr/lib/x86_64-linux-gnu/libfontconfig.so.1.9.0
7f75737f1000-7f75737f6000 rw-p 0003e000 08:02 3546485                    /usr/lib/x86_64-linux-gnu/libfontconfig.so.1.9.0
7f75737f6000-7f757389a000 r-xp 00000000 08:02 3546515                    /usr/lib/x86_64-linux-gnu/libfreetype.so.6.12.1
7f757389a000-7f7573a99000 ---p 000a4000 08:02 3546515                    /usr/lib/x86_64-linux-gnu/libfreetype.so.6.12.1
7f7573a99000-7f7573a9f000 r--p 000a3000 08:02 3546515                    /usr/lib/x86_64-linux-gnu/libfreetype.so.6.12.1
7f7573a9f000-7f7573aa0000 rw-p 000a9000 08:02 3546515                    /usr/lib/x86_64-linux-gnu/libfreetype.so.6.12.1
7f7573aa0000-7f7573ae9000 r-xp 00000000 08:02 3546953                    /usr/lib/x86_64-linux-gnu/libpango-1.0.so.0.3800.1
7f7573ae9000-7f7573ce9000 ---p 00049000 08:02 3546953                    /usr/lib/x86_64-linux-gnu/libpango-1.0.so.0.3800.1
7f7573ce9000-7f7573ceb000 r--p 00049000 08:02 3546953                    /usr/lib/x86_64-linux-gnu/libpango-1.0.so.0.3800.1
7f7573ceb000-7f7573cec000 rw-p 0004b000 08:02 3546953                    /usr/lib/x86_64-linux-gnu/libpango-1.0.so.0.3800.1
7f7573cec000-7f7573dfa000 r-xp 00000000 08:02 3546300                    /usr/lib/x86_64-linux-gnu/libcairo.so.2.11400.6
7f7573dfa000-7f7573ffa000 ---p 0010e000 08:02 3546300                    /usr/lib/x86_64-linux-gnu/libcairo.so.2.11400.6
7f7573ffa000-7f7573ffd000 r--p 0010e000 08:02 3546300                    /usr/lib/x86_64-linux-gnu/libcairo.so.2.11400.6
7f7573ffd000-7f7573ffe000 rw-p 00111000 08:02 3546300                    /usr/lib/x86_64-linux-gnu/libcairo.so.2.11400.6
7f7573ffe000-7f7574000000 rw-p 00000000 00:00 0 
7f7574000000-7f7574021000 rw-p 00000000 00:00 0 
7f7574021000-7f7578000000 ---p 00000000 00:00 0 
7f7578000000-7f7579e3f000 rw-p 00000000 00:00 0 
7f7579e3f000-7f757c000000 ---p 00000000 00:00 0 
7f757c000000-7f757c35e000 rw-p 00000000 00:00 0 
7f757c35e000-7f7580000000 ---p 00000000 00:00 0 
7f7580000000-7f7580021000 rw-p 00000000 00:00 0 
7f7580021000-7f7584000000 ---p 00000000 00:00 0 
7f7584000000-7f7584238000 rw-p 00000000 00:00 0 
7f7584238000-7f7588000000 ---p 00000000 00:00 0 
7f7588000000-7f7588007000 r--s 00000000 08:02 4195402                    /var/cache/fontconfig/3047814df9a2f067bd2d96a2b9c36e5a-le64.cache-6
7f7588007000-7f758800f000 r--s 00000000 08:02 4198769                    /var/cache/fontconfig/bf3b770c553c462765856025a94f1ce6-le64.cache-6
7f758800f000-7f7588022000 r--s 00000000 08:02 4198773                    /var/cache/fontconfig/d52a8644073d54c13679302ca1180695-le64.cache-6
7f7588022000-7f758802d000 r--s 00000000 08:02 4200318                    /var/cache/fontconfig/d589a48862398ed80a3d6066f4f56f4c-le64.cache-6
7f758802d000-7f7588030000 ---p 00000000 00:00 0 
7f7588030000-7f758812e000 rw-p 00000000 00:00 0 
7f758812e000-7f7588158000 r--p 00000000 08:02 3815303                    /usr/share/locale-langpack/es/LC_MESSAGES/gtk20-properties.mo
7f7588158000-7f7588164000 r-xp 00000000 08:02 3546955                    /usr/lib/x86_64-linux-gnu/libpangocairo-1.0.so.0.3800.1
7f7588164000-7f7588363000 ---p 0000c000 08:02 3546955                    /usr/lib/x86_64-linux-gnu/libpangocairo-1.0.so.0.3800.1
7f7588363000-7f7588364000 r--p 0000b000 08:02 3546955                    /usr/lib/x86_64-linux-gnu/libpangocairo-1.0.so.0.3800.1
7f7588364000-7f7588365000 rw-p 0000c000 08:02 3546955                    /usr/lib/x86_64-linux-gnu/libpangocairo-1.0.so.0.3800.1
7f7588365000-7f7588386000 r-xp 00000000 08:02 3546541                    /usr/lib/x86_64-linux-gnu/libgdk_pixbuf-2.0.so.0.3200.2
7f7588386000-7f7588585000 ---p 00021000 08:02 3546541                    /usr/lib/x86_64-linux-gnu/libgdk_pixbuf-2.0.so.0.3200.2
7f7588585000-7f7588586000 r--p 00020000 08:02 3546541                    /usr/lib/x86_64-linux-gnu/libgdk_pixbuf-2.0.so.0.3200.2
7f7588586000-7f7588587000 rw-p 00021000 08:02 3546541                    /usr/lib/x86_64-linux-gnu/libgdk_pixbuf-2.0.so.0.3200.2
7f7588587000-7f758859b000 r-xp 00000000 08:02 3546957                    /usr/lib/x86_64-linux-gnu/libpangoft2-1.0.so.0.3800.1
7f758859b000-7f758879b000 ---p 00014000 08:02 3546957                    /usr/lib/x86_64-linux-gnu/libpangoft2-1.0.so.0.3800.1
7f758879b000-7f758879c000 r--p 00014000 08:02 3546957                    /usr/lib/x86_64-linux-gnu/libpangoft2-1.0.so.0.3800.1
7f758879c000-7f758879d000 rw-p 00015000 08:02 3546957                    /usr/lib/x86_64-linux-gnu/libpangoft2-1.0.so.0.3800.1
7f758879d000-7f758891d000 r-xp 00000000 08:02 3546551                    /usr/lib/x86_64-linux-gnu/libgio-2.0.so.0.4800.2
7f758891d000-7f7588b1d000 ---p 00180000 08:02 3546551                    /usr/lib/x86_64-linux-gnu/libgio-2.0.so.0.4800.2
7f7588b1d000-7f7588b21000 r--p 00180000 08:02 3546551                    /usr/lib/x86_64-linux-gnu/libgio-2.0.so.0.4800.2
7f7588b21000-7f7588b23000 rw-p 00184000 08:02 3546551                    /usr/lib/x86_64-linux-gnu/libgio-2.0.so.0.4800.2
7f7588b23000-7f7588b25000 rw-p 00000000 00:00 0 
7f7588b25000-7f7588b47000 r-xp 00000000 08:02 3546244                    /usr/lib/x86_64-linux-gnu/libatk-1.0.so.0.21809.1
7f7588b47000-7f7588d46000 ---p 00022000 08:02 3546244                    /usr/lib/x86_64-linux-gnu/libatk-1.0.so.0.21809.1
7f7588d46000-7f7588d49000 r--p 00021000 08:02 3546244                    /usr/lib/x86_64-linux-gnu/libatk-1.0.so.0.21809.1
7f7588d49000-7f7588d4a000 rw-p 00024000 08:02 3546244                    /usr/lib/x86_64-linux-gnu/libatk-1.0.so.0.21809.1
7f7588d4a000-7f7588dfa000 r-xp 00000000 08:02 3546539                    /usr/lib/x86_64-linux-gnu/libgdk-x11-2.0.so.0.2400.30
7f7588dfa000-7f7588ff9000 ---p 000b0000 08:02 3546539                    /usr/lib/x86_64-linux-gnu/libgdk-x11-2.0.so.0.2400.30
7f7588ff9000-7f7588ffd000 r--p 000af000 08:02 3546539                    /usr/lib/x86_64-linux-gnu/libgdk-x11-2.0.so.0.2400.30
7f7588ffd000-7f7588fff000 rw-p 000b3000 08:02 3546539                    /usr/lib/x86_64-linux-gnu/libgdk-x11-2.0.so.0.2400.30
7f7588fff000-7f758c000000 rw-p 00000000 00:00 0 
7f758c000000-7f758c021000 rw-p 00000000 00:00 0 
7f758c021000-7f7590000000 ---p 00000000 00:00 0 
7f7590000000-7f7590021000 rw-p 00000000 00:00 0 
7f7590021000-7f7594000000 ---p 00000000 00:00 0 
7f7594000000-7f7594021000 rw-p 00000000 00:00 0 
7f7594021000-7f7598000000 ---p 00000000 00:00 0 
7f7598000000-7f7598021000 rw-p 00000000 00:00 0 
7f7598021000-7f759c000000 ---p 00000000 00:00 0 
7f759c000000-7f759c021000 rw-p 00000000 00:00 0 
7f759c021000-7f75a0000000 ---p 00000000 00:00 0 
7f75a0000000-7f75a0021000 rw-p 00000000 00:00 0 
7f75a0021000-7f75a4000000 ---p 00000000 00:00 0 
7f75a4000000-7f75a4021000 rw-p 00000000 00:00 0 
7f75a4021000-7f75a8000000 ---p 00000000 00:00 0 
7f75a8001000-7f75a8002000 rw-s 100487000 00:06 335                       /dev/dri/card0
7f75a8002000-7f75a8003000 r--s 00000000 08:02 4200321                    /var/cache/fontconfig/4794a0821666d79190d59a36cb4f44b5-le64.cache-6
7f75a8003000-7f75a8005000 r--s 00000000 08:02 4198768                    /var/cache/fontconfig/a0107c79d978dfcc5e42cb1335b71036-le64.cache-6
7f75a8005000-7f75a8008000 r--s 00000000 08:02 4200320                    /var/cache/fontconfig/e49e89034d371f0f9de17aab02136486-le64.cache-6
7f75a8008000-7f75a8013000 r--s 00000000 08:02 4195407                    /var/cache/fontconfig/83bf95040141907cd45bb53cf7c1c148-le64.cache-6
7f75a8013000-7f75a8025000 r--s 00000000 08:02 4198766                    /var/cache/fontconfig/9b89f8e3dae116d678bbf48e5f21f69b-le64.cache-6
7f75a8025000-7f75a804a000 r--p 00000000 08:02 3813115                    /usr/share/locale-langpack/es/LC_MESSAGES/libc.mo
7f75a804a000-7f75a8488000 r-xp 00000000 08:02 3546638                    /usr/lib/x86_64-linux-gnu/libgtk-x11-2.0.so.0.2400.30
7f75a8488000-7f75a8687000 ---p 0043e000 08:02 3546638                    /usr/lib/x86_64-linux-gnu/libgtk-x11-2.0.so.0.2400.30
7f75a8687000-7f75a868e000 r--p 0043d000 08:02 3546638                    /usr/lib/x86_64-linux-gnu/libgtk-x11-2.0.so.0.2400.30
7f75a868e000-7f75a8692000 rw-p 00444000 08:02 3546638                    /usr/lib/x86_64-linux-gnu/libgtk-x11-2.0.so.0.2400.30
7f75a8692000-7f75a8695000 rw-p 00000000 00:00 0 
7f75a8695000-7f75a8697000 r--s 00000000 08:02 4200319                    /var/cache/fontconfig/4b14b093aebc79c320de5e86ae1d3314-le64.cache-6
7f75a8697000-7f75a869a000 r--s 00000000 08:02 4200317                    /var/cache/fontconfig/75114ca45c98e8a441da0ff356701271-le64.cache-6
7f75a869a000-7f75a86a0000 r--s 00000000 08:02 4202079                    /var/cache/fontconfig/3830d5c3ddfd5cd38a049b759396e72e-le64.cache-6
7f75a86a0000-7f75a86af000 r--p 00000000 08:02 3815986                    /usr/share/locale-langpack/es/LC_MESSAGES/gtk20.mo
7f75a86af000-7f75a86b6000 r--s 00000000 08:02 3671625                    /usr/lib/x86_64-linux-gnu/gconv/gconv-modules.cache
7f75a86b6000-7f75a86c2000 r-xp 00000000 08:02 2885488                    /opt/jdk/jdk1.8.0_161/jre/lib/amd64/libprism_es2.so
7f75a86c2000-7f75a88c1000 ---p 0000c000 08:02 2885488                    /opt/jdk/jdk1.8.0_161/jre/lib/amd64/libprism_es2.so
7f75a88c1000-7f75a88c2000 rw-p 0000b000 08:02 2885488                    /opt/jdk/jdk1.8.0_161/jre/lib/amd64/libprism_es2.so
7f75a88c2000-7f75a88c5000 ---p 00000000 00:00 0 
7f75a88c5000-7f75a89c3000 rw-p 00000000 00:00 0 
7f75a89c3000-7f75a89c4000 ---p 00000000 00:00 0 
7f75a89c4000-7f75a8ac4000 rw-p 00000000 00:00 0 
7f75a8ac4000-7f75a8ac7000 ---p 00000000 00:00 0 
7f75a8ac7000-7f75a8bc5000 rw-p 00000000 00:00 0 
7f75a8bc5000-7f75a8bc8000 ---p 00000000 00:00 0 
7f75a8bc8000-7f75a8cc6000 rw-p 00000000 00:00 0 
7f75a8cc6000-7f75a8cdc000 r-xp 00000000 08:02 2885484                    /opt/jdk/jdk1.8.0_161/jre/lib/amd64/libnet.so
7f75a8cdc000-7f75a8edc000 ---p 00016000 08:02 2885484                    /opt/jdk/jdk1.8.0_161/jre/lib/amd64/libnet.so
7f75a8edc000-7f75a8edd000 rw-p 00016000 08:02 2885484                    /opt/jdk/jdk1.8.0_161/jre/lib/amd64/libnet.so
7f75a8edd000-7f75a8ee0000 ---p 00000000 00:00 0 
7f75a8ee0000-7f75a8fde000 rw-p 00000000 00:00 0 
7f75a8fde000-7f75a8fe1000 ---p 00000000 00:00 0 
7f75a8fe1000-7f75a90df000 rw-p 00000000 00:00 0 
7f75a90df000-7f75a90f4000 r--s 00237000 08:02 1313300                    /home/blacksabbathx/IdeaProjects/ProyectoCine/src/sources/jfoenix-8.0.1.jar
7f75a90f4000-7f75a9107000 r--s 00345000 08:02 2885308                    /opt/jdk/jdk1.8.0_161/jre/lib/resources.jar
7f75a9107000-7f75a919d000 r--s 0110a000 08:02 2885332                    /opt/jdk/jdk1.8.0_161/jre/lib/ext/jfxrt.jar
7f75a919d000-7f75a91a0000 ---p 00000000 00:00 0 
7f75a91a0000-7f75a929e000 rw-p 00000000 00:00 0 
7f75a929e000-7f75a97ea000 r--p 00000000 08:02 3549632                    /usr/lib/locale/locale-archive
7f75a97ea000-7f75a97ed000 ---p 00000000 00:00 0 
7f75a97ed000-7f75a98eb000 rw-p 00000000 00:00 0 
7f75a98eb000-7f75a98ee000 ---p 00000000 00:00 0 
7f75a98ee000-7f75a99ec000 rw-p 00000000 00:00 0 
7f75a99ec000-7f75a99ed000 ---p 00000000 00:00 0 
7f75a99ed000-7f75aa445000 rw-p 00000000 00:00 0 
7f75aa445000-7f75aa61e000 r--s 03d64000 08:02 2885270                    /opt/jdk/jdk1.8.0_161/jre/lib/rt.jar
7f75aa61e000-7f75acdfe000 rw-p 00000000 00:00 0 
7f75acdfe000-7f75acdff000 ---p 00000000 00:00 0 
7f75acdff000-7f75aceff000 rw-p 00000000 00:00 0 
7f75aceff000-7f75acf00000 ---p 00000000 00:00 0 
7f75acf00000-7f75ad000000 rw-p 00000000 00:00 0 
7f75ad000000-7f75ad690000 rwxp 00000000 00:00 0 
7f75ad690000-7f75bc000000 ---p 00000000 00:00 0 
7f75bc000000-7f75bc4e1000 rw-p 00000000 00:00 0 
7f75bc4e1000-7f75c0000000 ---p 00000000 00:00 0 
7f75c0000000-7f75c0003000 r--s 00000000 08:02 4195400                    /var/cache/fontconfig/e13b20fdb08344e0e664864cc2ede53d-le64.cache-6
7f75c0005000-7f75c0006000 rw-s 00000000 00:05 258695                     /drm mm object (deleted)
7f75c0006000-7f75c0008000 r--s 0001a000 08:02 5115840                    /home/blacksabbathx/.local/share/JetBrains/Toolbox/apps/IDEA-U/ch-0/181.4445.78/lib/idea_rt.jar
7f75c0008000-7f75c001b000 r--s 000d6000 08:02 2885212                    /opt/jdk/jdk1.8.0_161/jre/lib/plugin.jar
7f75c001b000-7f75c0020000 r--s 0009d000 08:02 2885327                    /opt/jdk/jdk1.8.0_161/jre/lib/jsse.jar
7f75c0020000-7f75c0025000 r--s 00084000 08:02 2885187                    /opt/jdk/jdk1.8.0_161/jre/lib/jfr.jar
7f75c0025000-7f75c002e000 r--s 0006d000 08:02 2885197                    /opt/jdk/jdk1.8.0_161/jre/lib/javaws.jar
7f75c002e000-7f75c004a000 r--s 0020b000 08:02 2885188                    /opt/jdk/jdk1.8.0_161/jre/lib/deploy.jar
7f75c004a000-7f75c007a000 rw-p 00000000 00:00 0 
7f75c007a000-7f75c018a000 ---p 00000000 00:00 0 
7f75c018a000-7f75c01ba000 rw-p 00000000 00:00 0 
7f75c01ba000-7f75c02ca000 ---p 00000000 00:00 0 
7f75c02ca000-7f75c02d4000 rw-p 00000000 00:00 0 
7f75c02d4000-7f75c036a000 ---p 00000000 00:00 0 
7f75c036a000-7f75c0386000 rw-p 00000000 00:00 0 
7f75c0386000-7f75c072b000 ---p 00000000 00:00 0 
7f75c072b000-7f75c0746000 r-xp 00000000 08:02 2885480                    /opt/jdk/jdk1.8.0_161/jre/lib/amd64/libzip.so
7f75c0746000-7f75c0946000 ---p 0001b000 08:02 2885480                    /opt/jdk/jdk1.8.0_161/jre/lib/amd64/libzip.so
7f75c0946000-7f75c0947000 rw-p 0001b000 08:02 2885480                    /opt/jdk/jdk1.8.0_161/jre/lib/amd64/libzip.so
7f75c0947000-7f75c0952000 r-xp 00000000 08:02 791228                     /lib/x86_64-linux-gnu/libnss_files-2.23.so
7f75c0952000-7f75c0b51000 ---p 0000b000 08:02 791228                     /lib/x86_64-linux-gnu/libnss_files-2.23.so
7f75c0b51000-7f75c0b52000 r--p 0000a000 08:02 791228                     /lib/x86_64-linux-gnu/libnss_files-2.23.so
7f75c0b52000-7f75c0b53000 rw-p 0000b000 08:02 791228                     /lib/x86_64-linux-gnu/libnss_files-2.23.so
7f75c0b53000-7f75c0b59000 rw-p 00000000 00:00 0 
7f75c0b59000-7f75c0b64000 r-xp 00000000 08:02 791238                     /lib/x86_64-linux-gnu/libnss_nis-2.23.so
7f75c0b64000-7f75c0d63000 ---p 0000b000 08:02 791238                     /lib/x86_64-linux-gnu/libnss_nis-2.23.so
7f75c0d63000-7f75c0d64000 r--p 0000a000 08:02 791238                     /lib/x86_64-linux-gnu/libnss_nis-2.23.so
7f75c0d64000-7f75c0d65000 rw-p 0000b000 08:02 791238                     /lib/x86_64-linux-gnu/libnss_nis-2.23.so
7f75c0d65000-7f75c0d7b000 r-xp 00000000 08:02 791222                     /lib/x86_64-linux-gnu/libnsl-2.23.so
7f75c0d7b000-7f75c0f7a000 ---p 00016000 08:02 791222                     /lib/x86_64-linux-gnu/libnsl-2.23.so
7f75c0f7a000-7f75c0f7b000 r--p 00015000 08:02 791222                     /lib/x86_64-linux-gnu/libnsl-2.23.so
7f75c0f7b000-7f75c0f7c000 rw-p 00016000 08:02 791222                     /lib/x86_64-linux-gnu/libnsl-2.23.so
7f75c0f7c000-7f75c0f7e000 rw-p 00000000 00:00 0 
7f75c0f7e000-7f75c0f86000 r-xp 00000000 08:02 791224                     /lib/x86_64-linux-gnu/libnss_compat-2.23.so
7f75c0f86000-7f75c1185000 ---p 00008000 08:02 791224                     /lib/x86_64-linux-gnu/libnss_compat-2.23.so
7f75c1185000-7f75c1186000 r--p 00007000 08:02 791224                     /lib/x86_64-linux-gnu/libnss_compat-2.23.so
7f75c1186000-7f75c1187000 rw-p 00008000 08:02 791224                     /lib/x86_64-linux-gnu/libnss_compat-2.23.so
7f75c1187000-7f75c1191000 r-xp 00000000 08:02 2885489                    /opt/jdk/jdk1.8.0_161/jre/lib/amd64/libinstrument.so
7f75c1191000-7f75c1390000 ---p 0000a000 08:02 2885489                    /opt/jdk/jdk1.8.0_161/jre/lib/amd64/libinstrument.so
7f75c1390000-7f75c1391000 rw-p 00009000 08:02 2885489                    /opt/jdk/jdk1.8.0_161/jre/lib/amd64/libinstrument.so
7f75c1391000-7f75c13bc000 r-xp 00000000 08:02 2885474                    /opt/jdk/jdk1.8.0_161/jre/lib/amd64/libjava.so
7f75c13bc000-7f75c15bb000 ---p 0002b000 08:02 2885474                    /opt/jdk/jdk1.8.0_161/jre/lib/amd64/libjava.so
7f75c15bb000-7f75c15bd000 rw-p 0002a000 08:02 2885474                    /opt/jdk/jdk1.8.0_161/jre/lib/amd64/libjava.so
7f75c15bd000-7f75c15ca000 r-xp 00000000 08:02 2885479                    /opt/jdk/jdk1.8.0_161/jre/lib/amd64/libverify.so
7f75c15ca000-7f75c17ca000 ---p 0000d000 08:02 2885479                    /opt/jdk/jdk1.8.0_161/jre/lib/amd64/libverify.so
7f75c17ca000-7f75c17cc000 rw-p 0000d000 08:02 2885479                    /opt/jdk/jdk1.8.0_161/jre/lib/amd64/libverify.so
7f75c17cc000-7f75c17d3000 r-xp 00000000 08:02 791283                     /lib/x86_64-linux-gnu/librt-2.23.so
7f75c17d3000-7f75c19d2000 ---p 00007000 08:02 791283                     /lib/x86_64-linux-gnu/librt-2.23.so
7f75c19d2000-7f75c19d3000 r--p 00006000 08:02 791283                     /lib/x86_64-linux-gnu/librt-2.23.so
7f75c19d3000-7f75c19d4000 rw-p 00007000 08:02 791283                     /lib/x86_64-linux-gnu/librt-2.23.so
7f75c19d4000-7f75c1adc000 r-xp 00000000 08:02 791201                     /lib/x86_64-linux-gnu/libm-2.23.so
7f75c1adc000-7f75c1cdb000 ---p 00108000 08:02 791201                     /lib/x86_64-linux-gnu/libm-2.23.so
7f75c1cdb000-7f75c1cdc000 r--p 00107000 08:02 791201                     /lib/x86_64-linux-gnu/libm-2.23.so
7f75c1cdc000-7f75c1cdd000 rw-p 00108000 08:02 791201                     /lib/x86_64-linux-gnu/libm-2.23.so
7f75c1cdd000-7f75c29b6000 r-xp 00000000 08:02 2885457                    /opt/jdk/jdk1.8.0_161/jre/lib/amd64/server/libjvm.so
7f75c29b6000-7f75c2bb5000 ---p 00cd9000 08:02 2885457                    /opt/jdk/jdk1.8.0_161/jre/lib/amd64/server/libjvm.so
7f75c2bb5000-7f75c2c8e000 rw-p 00cd8000 08:02 2885457                    /opt/jdk/jdk1.8.0_161/jre/lib/amd64/server/libjvm.so
7f75c2c8e000-7f75c2cda000 rw-p 00000000 00:00 0 
7f75c2cda000-7f75c2e9a000 r-xp 00000000 08:02 791133                     /lib/x86_64-linux-gnu/libc-2.23.so
7f75c2e9a000-7f75c309a000 ---p 001c0000 08:02 791133                     /lib/x86_64-linux-gnu/libc-2.23.so
7f75c309a000-7f75c309e000 r--p 001c0000 08:02 791133                     /lib/x86_64-linux-gnu/libc-2.23.so
7f75c309e000-7f75c30a0000 rw-p 001c4000 08:02 791133                     /lib/x86_64-linux-gnu/libc-2.23.so
7f75c30a0000-7f75c30a4000 rw-p 00000000 00:00 0 
7f75c30a4000-7f75c30a7000 r-xp 00000000 08:02 791155                     /lib/x86_64-linux-gnu/libdl-2.23.so
7f75c30a7000-7f75c32a6000 ---p 00003000 08:02 791155                     /lib/x86_64-linux-gnu/libdl-2.23.so
7f75c32a6000-7f75c32a7000 r--p 00002000 08:02 791155                     /lib/x86_64-linux-gnu/libdl-2.23.so
7f75c32a7000-7f75c32a8000 rw-p 00003000 08:02 791155                     /lib/x86_64-linux-gnu/libdl-2.23.so
7f75c32a8000-7f75c32be000 r-xp 00000000 08:02 2885095                    /opt/jdk/jdk1.8.0_161/lib/amd64/jli/libjli.so
7f75c32be000-7f75c34bd000 ---p 00016000 08:02 2885095                    /opt/jdk/jdk1.8.0_161/lib/amd64/jli/libjli.so
7f75c34bd000-7f75c34be000 rw-p 00015000 08:02 2885095                    /opt/jdk/jdk1.8.0_161/lib/amd64/jli/libjli.so
7f75c34be000-7f75c34d6000 r-xp 00000000 08:02 791275                     /lib/x86_64-linux-gnu/libpthread-2.23.so
7f75c34d6000-7f75c36d5000 ---p 00018000 08:02 791275                     /lib/x86_64-linux-gnu/libpthread-2.23.so
7f75c36d5000-7f75c36d6000 r--p 00017000 08:02 791275                     /lib/x86_64-linux-gnu/libpthread-2.23.so
7f75c36d6000-7f75c36d7000 rw-p 00018000 08:02 791275                     /lib/x86_64-linux-gnu/libpthread-2.23.so
7f75c36d7000-7f75c36db000 rw-p 00000000 00:00 0 
7f75c36db000-7f75c3701000 r-xp 00000000 08:02 791107                     /lib/x86_64-linux-gnu/ld-2.23.so
7f75c3701000-7f75c3703000 r--s 00007000 08:02 2885502                    /opt/jdk/jdk1.8.0_161/jre/lib/jfxswt.jar
7f75c3703000-7f75c3708000 r--s 002f9000 08:02 2885268                    /opt/jdk/jdk1.8.0_161/jre/lib/charsets.jar
7f75c3708000-7f75c37d9000 rw-p 00000000 00:00 0 
7f75c37d9000-7f75c37dc000 ---p 00000000 00:00 0 
7f75c37dc000-7f75c38df000 rw-p 00000000 00:00 0 
7f75c38df000-7f75c38e0000 r--s 00000000 08:02 2885194                    /opt/jdk/jdk1.8.0_161/jre/lib/management-agent.jar
7f75c38e0000-7f75c38e3000 r--s 0001a000 08:02 2885500                    /opt/jdk/jdk1.8.0_161/jre/lib/jce.jar
7f75c38e3000-7f75c38f6000 rw-p 00000000 00:00 0 
7f75c38f6000-7f75c38fe000 rw-s 00000000 08:02 3015403                    /tmp/hsperfdata_blacksabbathx/14651
7f75c38fe000-7f75c38ff000 rw-p 00000000 00:00 0 
7f75c38ff000-7f75c3900000 r--p 00000000 00:00 0 
7f75c3900000-7f75c3901000 r--p 00025000 08:02 791107                     /lib/x86_64-linux-gnu/ld-2.23.so
7f75c3901000-7f75c3902000 rw-p 00026000 08:02 791107                     /lib/x86_64-linux-gnu/ld-2.23.so
7f75c3902000-7f75c3903000 rw-p 00000000 00:00 0 
7fff31dbc000-7fff31ddd000 rw-p 00000000 00:00 0                          [stack]
7fff31ddf000-7fff31de2000 r--p 00000000 00:00 0                          [vvar]
7fff31de2000-7fff31de4000 r-xp 00000000 00:00 0                          [vdso]
ffffffffff600000-ffffffffff601000 r-xp 00000000 00:00 0                  [vsyscall]

VM Arguments:
jvm_args: -javaagent:/home/blacksabbathx/.local/share/JetBrains/Toolbox/apps/IDEA-U/ch-0/181.4445.78/lib/idea_rt.jar=43697:/home/blacksabbathx/.local/share/JetBrains/Toolbox/apps/IDEA-U/ch-0/181.4445.78/bin -Dfile.encoding=UTF-8 
java_command: MainClass
java_class_path (initial): /opt/jdk/jdk1.8.0_161/jre/lib/charsets.jar:/opt/jdk/jdk1.8.0_161/jre/lib/deploy.jar:/opt/jdk/jdk1.8.0_161/jre/lib/ext/cldrdata.jar:/opt/jdk/jdk1.8.0_161/jre/lib/ext/dnsns.jar:/opt/jdk/jdk1.8.0_161/jre/lib/ext/jaccess.jar:/opt/jdk/jdk1.8.0_161/jre/lib/ext/jfxrt.jar:/opt/jdk/jdk1.8.0_161/jre/lib/ext/localedata.jar:/opt/jdk/jdk1.8.0_161/jre/lib/ext/nashorn.jar:/opt/jdk/jdk1.8.0_161/jre/lib/ext/sunec.jar:/opt/jdk/jdk1.8.0_161/jre/lib/ext/sunjce_provider.jar:/opt/jdk/jdk1.8.0_161/jre/lib/ext/sunpkcs11.jar:/opt/jdk/jdk1.8.0_161/jre/lib/ext/zipfs.jar:/opt/jdk/jdk1.8.0_161/jre/lib/javaws.jar:/opt/jdk/jdk1.8.0_161/jre/lib/jce.jar:/opt/jdk/jdk1.8.0_161/jre/lib/jfr.jar:/opt/jdk/jdk1.8.0_161/jre/lib/jfxswt.jar:/opt/jdk/jdk1.8.0_161/jre/lib/jsse.jar:/opt/jdk/jdk1.8.0_161/jre/lib/management-agent.jar:/opt/jdk/jdk1.8.0_161/jre/lib/plugin.jar:/opt/jdk/jdk1.8.0_161/jre/lib/resources.jar:/opt/jdk/jdk1.8.0_161/jre/lib/rt.jar:/home/blacksabbathx/IdeaProjects/ProyectoCine/out/production/ProyectoCine:/home/blacksabbathx/IdeaProjects/ProyectoCine/src/sources/jfoenix-8.0.1.jar:/home/blacksabbathx/.local/share/JetBrains/Toolbox/apps/IDEA-U/ch-0/181.4445.78/lib/idea_rt.jar
Launcher Type: SUN_STANDARD

Environment Variables:
PATH=/home/blacksabbathx/bin:/home/blacksabbathx/.local/bin:/usr/local/sbin:/usr/local/bin:/usr/sbin:/usr/bin:/sbin:/bin:/usr/games:/usr/local/games:/snap/bin
SHELL=/bin/bash
DISPLAY=:0

Signal Handlers:
SIGSEGV: [libjvm.so+0xad01e0], sa_mask[0]=11111111011111111101111111111110, sa_flags=SA_RESTART|SA_SIGINFO
SIGBUS: [libjvm.so+0xad01e0], sa_mask[0]=11111111011111111101111111111110, sa_flags=SA_RESTART|SA_SIGINFO
SIGFPE: [libjvm.so+0x927fb0], sa_mask[0]=11111111011111111101111111111110, sa_flags=SA_RESTART|SA_SIGINFO
SIGPIPE: SIG_IGN, sa_mask[0]=00000000000010000000000000000000, sa_flags=SA_RESTART
SIGXFSZ: [libjvm.so+0x927fb0], sa_mask[0]=11111111011111111101111111111110, sa_flags=SA_RESTART|SA_SIGINFO
SIGILL: [libjvm.so+0x927fb0], sa_mask[0]=11111111011111111101111111111110, sa_flags=SA_RESTART|SA_SIGINFO
SIGUSR1: SIG_DFL, sa_mask[0]=00000000000000000000000000000000, sa_flags=none
SIGUSR2: [libjvm.so+0x9297f0], sa_mask[0]=00100000000000000000000000000000, sa_flags=SA_RESTART|SA_SIGINFO
SIGHUP: [libjvm.so+0x92abf0], sa_mask[0]=11111111011111111101111111111110, sa_flags=SA_RESTART|SA_SIGINFO
SIGINT: [libjvm.so+0x92abf0], sa_mask[0]=11111111011111111101111111111110, sa_flags=SA_RESTART|SA_SIGINFO
SIGTERM: [libjvm.so+0x92abf0], sa_mask[0]=11111111011111111101111111111110, sa_flags=SA_RESTART|SA_SIGINFO
SIGQUIT: [libjvm.so+0x92abf0], sa_mask[0]=11111111011111111101111111111110, sa_flags=SA_RESTART|SA_SIGINFO


---------------  S Y S T E M  ---------------

OS:DISTRIB_ID=neon
DISTRIB_RELEASE=16.04
DISTRIB_CODENAME=xenial
DISTRIB_DESCRIPTION="KDE neon User Edition 5.12"

uname:Linux 4.13.0-38-generic #43~16.04.1-Ubuntu SMP Wed Mar 14 17:48:43 UTC 2018 x86_64
libc:glibc 2.23 NPTL 2.23 
rlimit: STACK 8192k, CORE 0k, NPROC 15129, NOFILE 1048576, AS infinity
load average:2,04 1,96 1,75

/proc/meminfo:
MemTotal:        3927380 kB
MemFree:          120348 kB
MemAvailable:     312712 kB
Buffers:            9028 kB
Cached:           763140 kB
SwapCached:        64808 kB
Active:          2964844 kB
Inactive:         665932 kB
Active(anon):    2702412 kB
Inactive(anon):   546248 kB
Active(file):     262432 kB
Inactive(file):   119684 kB
Unevictable:          32 kB
Mlocked:              32 kB
SwapTotal:       3907580 kB
SwapFree:        2841924 kB
Dirty:              4060 kB
Writeback:             0 kB
AnonPages:       2852512 kB
Mapped:           305440 kB
Shmem:            418264 kB
Slab:              79120 kB
SReclaimable:      38148 kB
SUnreclaim:        40972 kB
KernelStack:        8144 kB
PageTables:        45060 kB
NFS_Unstable:          0 kB
Bounce:                0 kB
WritebackTmp:          0 kB
CommitLimit:     5871268 kB
Committed_AS:    7071636 kB
VmallocTotal:   34359738367 kB
VmallocUsed:           0 kB
VmallocChunk:          0 kB
HardwareCorrupted:     0 kB
AnonHugePages:         0 kB
ShmemHugePages:        0 kB
ShmemPmdMapped:        0 kB
CmaTotal:              0 kB
CmaFree:               0 kB
HugePages_Total:       0
HugePages_Free:        0
HugePages_Rsvd:        0
HugePages_Surp:        0
Hugepagesize:       2048 kB
DirectMap4k:      391168 kB
DirectMap2M:     3690496 kB


CPU:total 2 (initial active 2) (2 cores per cpu, 1 threads per core) family 6 model 76 stepping 4, cmov, cx8, fxsr, mmx, sse, sse2, sse3, ssse3, sse4.1, sse4.2, popcnt, aes, clmul, erms, 3dnowpref, tsc, tscinvbit

/proc/cpuinfo:
processor	: 0
vendor_id	: GenuineIntel
cpu family	: 6
model		: 76
model name	: Intel(R) Celeron(R) CPU  N3060  @ 1.60GHz
stepping	: 4
microcode	: 0x404
cpu MHz		: 1578.143
cache size	: 1024 KB
physical id	: 0
siblings	: 2
core id		: 0
cpu cores	: 2
apicid		: 0
initial apicid	: 0
fpu		: yes
fpu_exception	: yes
cpuid level	: 11
wp		: yes
flags		: fpu vme de pse tsc msr pae mce cx8 apic sep mtrr pge mca cmov pat pse36 clflush dts acpi mmx fxsr sse sse2 ss ht tm pbe syscall nx rdtscp lm constant_tsc arch_perfmon pebs bts rep_good nopl xtopology tsc_reliable nonstop_tsc cpuid aperfmperf tsc_known_freq pni pclmulqdq dtes64 monitor ds_cpl vmx est tm2 ssse3 cx16 xtpr pdcm sse4_1 sse4_2 movbe popcnt tsc_deadline_timer aes rdrand lahf_lm 3dnowprefetch epb pti retpoline tpr_shadow vnmi flexpriority ept vpid tsc_adjust smep erms dtherm ida arat
bugs		: cpu_meltdown spectre_v1 spectre_v2
bogomips	: 3200.00
clflush size	: 64
cache_alignment	: 64
address sizes	: 36 bits physical, 48 bits virtual
power management:

processor	: 1
vendor_id	: GenuineIntel
cpu family	: 6
model		: 76
model name	: Intel(R) Celeron(R) CPU  N3060  @ 1.60GHz
stepping	: 4
microcode	: 0x404
cpu MHz		: 2480.209
cache size	: 1024 KB
physical id	: 0
siblings	: 2
core id		: 2
cpu cores	: 2
apicid		: 4
initial apicid	: 4
fpu		: yes
fpu_exception	: yes
cpuid level	: 11
wp		: yes
flags		: fpu vme de pse tsc msr pae mce cx8 apic sep mtrr pge mca cmov pat pse36 clflush dts acpi mmx fxsr sse sse2 ss ht tm pbe syscall nx rdtscp lm constant_tsc arch_perfmon pebs bts rep_good nopl xtopology tsc_reliable nonstop_tsc cpuid aperfmperf tsc_known_freq pni pclmulqdq dtes64 monitor ds_cpl vmx est tm2 ssse3 cx16 xtpr pdcm sse4_1 sse4_2 movbe popcnt tsc_deadline_timer aes rdrand lahf_lm 3dnowprefetch epb pti retpoline tpr_shadow vnmi flexpriority ept vpid tsc_adjust smep erms dtherm ida arat
bugs		: cpu_meltdown spectre_v1 spectre_v2
bogomips	: 3200.00
clflush size	: 64
cache_alignment	: 64
address sizes	: 36 bits physical, 48 bits virtual
power management:



Memory: 4k page, physical 3927380k(120224k free), swap 3907580k(2841924k free)

vm_info: Java HotSpot(TM) 64-Bit Server VM (25.161-b12) for linux-amd64 JRE (1.8.0_161-b12), built on Dec 19 2017 16:12:43 by "java_re" with gcc 4.3.0 20080428 (Red Hat 4.3.0-8)

time: Tue Apr 17 18:19:10 2018
elapsed time: 19 seconds (0d 0h 0m 19s)

