#
# A fatal error has been detected by the Java Runtime Environment:
#
#  SIGSEGV (0xb) at pc=0x00007ff3cde4c788, pid=6702, tid=0x00007ff37759c700
#
# JRE version: Java(TM) SE Runtime Environment (8.0_161-b12) (build 1.8.0_161-b12)
# Java VM: Java HotSpot(TM) 64-Bit Server VM (25.161-b12 mixed mode linux-amd64 compressed oops)
# Problematic frame:
# V  [libjvm.so+0x6d7788]  jni_invoke_nonstatic(JNIEnv_*, JavaValue*, _jobject*, JNICallType, _jmethodID*, JNI_ArgumentPusher*, Thread*)+0x38
#
# Failed to write core dump. Core dumps have been disabled. To enable core dumping, try "ulimit -c unlimited" before starting Java again
#
# If you would like to submit a bug report, please visit:
#   http://bugreport.java.com/bugreport/crash.jsp
#

---------------  T H R E A D  ---------------

Current thread (0x00007ff3c8314800):  JavaThread "JavaFX Application Thread" [_thread_in_vm, id=6725, stack(0x00007ff37749c000,0x00007ff37759d000)]

siginfo: si_signo: 11 (SIGSEGV), si_code: 1 (SEGV_MAPERR), si_addr: 0xffffffffffffffff

Registers:
RAX=0x00007ff37759b340, RBX=0x00007ff37759b250, RCX=0x0000000000000001, RDX=0xffffffffffffffff
RSP=0x00007ff37759b0a0, RBP=0x00007ff37759b220, RSI=0x00007ff37759b2b0, RDI=0x00007ff3c83149f8
R8 =0x00007ff3c82cf798, R9 =0x00007ff37759b250, R10=0x00007ff368000be0, R11=0x00007ff3b95279e0
R12=0x00007ff3c8314800, R13=0x00007ff3c82cf798, R14=0x0000000000000001, R15=0x00007ff3c83149f8
RIP=0x00007ff3cde4c788, EFLAGS=0x0000000000010286, CSGSFS=0x002b000000000033, ERR=0x0000000000000005
  TRAPNO=0x000000000000000e

Top of Stack: (sp=0x00007ff37759b0a0)
0x00007ff37759b0a0:   00007ff37759b7a0 00007ff37759b3c0
0x00007ff37759b0b0:   00007ff37759b100 00007ff37759b180
0x00007ff37759b0c0:   00007ff37759b250 00007ff37759b2b0
0x00007ff37759b0d0:   00007ff3c83149f8 00007ff3cde6c290
0x00007ff37759b0e0:   00007ff390019a50 00007ff390019a60
0x00007ff37759b0f0:   00007ff390019e38 00000000000003d8
0x00007ff37759b100:   00007ff3c8314398 00000000ed0811f0
0x00007ff37759b110:   00007ff30000006f 00007ff30000000a
0x00007ff37759b120:   00000000ec670a68 00007ff300000000
0x00007ff37759b130:   0000000000000034 00007ff3cf17db1f
0x00007ff37759b140:   00007ff3b6566c30 0000000100000100
0x00007ff37759b150:   00007ff3b65ee748 00007ff37759b108
0x00007ff37759b160:   00007ff37759b149 0000000800000005
0x00007ff37759b170:   00007ff3b660b500 00007ff3c83143a0
0x00007ff37759b180:   00007ff3ce6dfe70 00007ff3cf21c720
0x00007ff37759b190:   00000000c8314230 00007ff3c8314800
0x00007ff37759b1a0:   0000000000000000 00007ff3cde4cb5b
0x00007ff37759b1b0:   00007ff3b6570d78 00007ff3c8314800
0x00007ff37759b1c0:   00007ff3b6570d78 00007ff3c8314800
0x00007ff37759b1d0:   00007ff37759b360 00007ff3b6570d78
0x00007ff37759b1e0:   00007ff3b6570d78 00007ff3b6570d78
0x00007ff37759b1f0:   00007ff390019a50 00007ff37759b250
0x00007ff37759b200:   00007ff3c8314800 00007ff37759b290
0x00007ff37759b210:   00007ff3c82cf798 00007ff3c83149f8
0x00007ff37759b220:   00007ff37759b310 00007ff3cde50f2f
0x00007ff37759b230:   00007ff3c8314800 00007ff394792094
0x00007ff37759b240:   00007ff37759b328 ffffffffffffffff
0x00007ff37759b250:   00007ff3ce6e0af0 00007ff3cf21c720
0x00007ff37759b260:   000000007759b2d0 00007ff300000063
0x00007ff37759b270:   0000000000000000 0000003000000018
0x00007ff37759b280:   00007ff37759b400 00007ff37759b340
0x00007ff37759b290:   00007ff3c8314800 0000000000000000 

Instructions: (pc=0x00007ff3cde4c788)
0x00007ff3cde4c768:   00 00 48 85 d2 48 89 bd b0 fe ff ff 48 89 b5 a8
0x00007ff3cde4c778:   fe ff ff 4c 89 8d a0 fe ff ff 0f 84 78 09 00 00
0x00007ff3cde4c788:   4c 8b 22 4d 85 e4 0f 84 6c 09 00 00 48 8b 45 10
0x00007ff3cde4c798:   48 8b 98 38 01 00 00 48 83 7b 18 f7 0f 87 16 07 

Register to memory mapping:

RAX=0x00007ff37759b340 is pointing into the stack for thread: 0x00007ff3c8314800
RBX=0x00007ff37759b250 is pointing into the stack for thread: 0x00007ff3c8314800
RCX=0x0000000000000001 is an unknown value
RDX=0xffffffffffffffff is an unknown value
RSP=0x00007ff37759b0a0 is pointing into the stack for thread: 0x00007ff3c8314800
RBP=0x00007ff37759b220 is pointing into the stack for thread: 0x00007ff3c8314800
RSI=0x00007ff37759b2b0 is pointing into the stack for thread: 0x00007ff3c8314800
RDI=0x00007ff3c83149f8 is an unknown value
R8 =0x00007ff3c82cf798 is an unknown value
R9 =0x00007ff37759b250 is pointing into the stack for thread: 0x00007ff3c8314800
R10=0x00007ff368000be0 is an unknown value
R11=0x00007ff3b95279e0 is at entry_point+32 in (nmethod*)0x00007ff3b9527850
R12=0x00007ff3c8314800 is a thread
R13=0x00007ff3c82cf798 is an unknown value
R14=0x0000000000000001 is an unknown value
R15=0x00007ff3c83149f8 is an unknown value


Stack: [0x00007ff37749c000,0x00007ff37759d000],  sp=0x00007ff37759b0a0,  free space=1020k
Native frames: (J=compiled Java code, j=interpreted, Vv=VM code, C=native code)
V  [libjvm.so+0x6d7788]  jni_invoke_nonstatic(JNIEnv_*, JavaValue*, _jobject*, JNICallType, _jmethodID*, JNI_ArgumentPusher*, Thread*)+0x38
V  [libjvm.so+0x6dbf2f]  jni_CallVoidMethodV+0x10f
C  [libglass.so+0x18641]  JNIEnv_::CallVoidMethod(_jobject*, _jmethodID*, ...)+0x81
C  [libglass.so+0x14f0f]  WindowContextBase::process_key(_GdkEventKey*)+0x20f
C  [libglass.so+0x19f60]  WindowContextBase::im_filter_keypress(_GdkEventKey*)+0x1c0
C  [libglass.so+0x1a91c]  process_events(_GdkEvent*, void*)+0x22c
C  [libgdk-x11-2.0.so.0+0x5ac8c]

Java frames: (J=compiled Java code, j=interpreted, Vv=VM code)
j  com.sun.glass.ui.gtk.GtkApplication._runLoop(Ljava/lang/Runnable;Z)V+0
j  com.sun.glass.ui.gtk.GtkApplication.lambda$null$48(Ljava/lang/Runnable;Z)V+7
j  com.sun.glass.ui.gtk.GtkApplication$$Lambda$41.run()V+12
j  java.lang.Thread.run()V+11
v  ~StubRoutines::call_stub

---------------  P R O C E S S  ---------------

Java Threads: ( => current thread )
  0x00007ff3682f4000 JavaThread "Prism Font Disposer" daemon [_thread_blocked, id=6736, stack(0x00007ff375f2e000,0x00007ff37602f000)]
  0x00007ff3c8318000 JavaThread "JavaFX-Launcher" [_thread_blocked, id=6726, stack(0x00007ff37739b000,0x00007ff37749c000)]
=>0x00007ff3c8314800 JavaThread "JavaFX Application Thread" [_thread_in_vm, id=6725, stack(0x00007ff37749c000,0x00007ff37759d000)]
  0x00007ff3c8310800 JavaThread "Thread-1" daemon [_thread_blocked, id=6724, stack(0x00007ff394051000,0x00007ff394152000)]
  0x00007ff3c82c2000 JavaThread "QuantumRenderer-0" daemon [_thread_blocked, id=6723, stack(0x00007ff3b434b000,0x00007ff3b444c000)]
  0x00007ff3c81f9800 JavaThread "Service Thread" daemon [_thread_blocked, id=6721, stack(0x00007ff3b454d000,0x00007ff3b464e000)]
  0x00007ff3c81ec000 JavaThread "C1 CompilerThread1" daemon [_thread_in_native, id=6720, stack(0x00007ff3b464e000,0x00007ff3b474f000)]
  0x00007ff3c81ea000 JavaThread "C2 CompilerThread0" daemon [_thread_in_native, id=6719, stack(0x00007ff3b4966000,0x00007ff3b4a67000)]
  0x00007ff3c81e8800 JavaThread "Monitor Ctrl-Break" daemon [_thread_in_native, id=6718, stack(0x00007ff3b4a67000,0x00007ff3b4b68000)]
  0x00007ff3c813c000 JavaThread "Signal Dispatcher" daemon [_thread_blocked, id=6717, stack(0x00007ff3b4c4b000,0x00007ff3b4d4c000)]
  0x00007ff3c8109000 JavaThread "Finalizer" daemon [_thread_blocked, id=6716, stack(0x00007ff3b5298000,0x00007ff3b5399000)]
  0x00007ff3c8104800 JavaThread "Reference Handler" daemon [_thread_blocked, id=6715, stack(0x00007ff3b5399000,0x00007ff3b549a000)]
  0x00007ff3c800c000 JavaThread "main" [_thread_blocked, id=6703, stack(0x00007ff3cf271000,0x00007ff3cf372000)]

Other Threads:
  0x00007ff3c80fd000 VMThread [stack: 0x00007ff3b549a000,0x00007ff3b559b000] [id=6709]
  0x00007ff3c81fc800 WatcherThread [stack: 0x00007ff3b444c000,0x00007ff3b454d000] [id=6722]

VM state:not at safepoint (normal execution)

VM Mutex/Monitor currently owned by a thread: None

Heap:
 PSYoungGen      total 17920K, used 11909K [0x00000000ec000000, 0x00000000ee300000, 0x0000000100000000)
  eden space 15360K, 61% used [0x00000000ec000000,0x00000000ec929660,0x00000000ecf00000)
  from space 2560K, 98% used [0x00000000ecf00000,0x00000000ed178050,0x00000000ed180000)
  to   space 2560K, 0% used [0x00000000ee080000,0x00000000ee080000,0x00000000ee300000)
 ParOldGen       total 98304K, used 63615K [0x00000000c4000000, 0x00000000ca000000, 0x00000000ec000000)
  object space 98304K, 64% used [0x00000000c4000000,0x00000000c7e1ff78,0x00000000ca000000)
 Metaspace       used 18182K, capacity 19108K, committed 19328K, reserved 1064960K
  class space    used 2631K, capacity 2863K, committed 2944K, reserved 1048576K

Card table byte_map: [0x00007ff3b8a5f000,0x00007ff3b8c40000] byte_map_base: 0x00007ff3b843f000

Marking Bits: (ParMarkBitMap*) 0x00007ff3ce744920
 Begin Bits: [0x00007ff3b6a5d000, 0x00007ff3b795d000)
 End Bits:   [0x00007ff3b795d000, 0x00007ff3b885d000)

Polling page: 0x00007ff3cf397000

CodeCache: size=245760Kb used=6713Kb max_used=6713Kb free=239046Kb
 bounds [0x00007ff3b9000000, 0x00007ff3b96a0000, 0x00007ff3c8000000]
 total_blobs=2803 nmethods=2156 adapters=561
 compilation: enabled

Compilation events (10 events):
Event: 15,234 Thread 0x00007ff3c81ec000 nmethod 2171 0x00007ff3b968ee10 code [0x00007ff3b968ef80, 0x00007ff3b968f1e8]
Event: 15,234 Thread 0x00007ff3c81ec000 2168       3       javafx.geometry.Bounds::getWidth (5 bytes)
Event: 15,234 Thread 0x00007ff3c81ec000 nmethod 2168 0x00007ff3b968f2d0 code [0x00007ff3b968f420, 0x00007ff3b968f570]
Event: 15,234 Thread 0x00007ff3c81ec000 2173       3       javafx.scene.Parent::minWidth (89 bytes)
Event: 15,237 Thread 0x00007ff3c81ec000 nmethod 2173 0x00007ff3b968f610 code [0x00007ff3b968f7e0, 0x00007ff3b968feb8]
Event: 15,237 Thread 0x00007ff3c81ec000 2175       3       javafx.beans.property.DoublePropertyBase::<init> (30 bytes)
Event: 15,238 Thread 0x00007ff3c81ec000 nmethod 2175 0x00007ff3b968ffd0 code [0x00007ff3b9690160, 0x00007ff3b96904f0]
Event: 15,238 Thread 0x00007ff3c81ec000 2167       3       javafx.scene.layout.Region::getMinHeight (22 bytes)
Event: 15,239 Thread 0x00007ff3c81ec000 nmethod 2167 0x00007ff3b9690710 code [0x00007ff3b96908a0, 0x00007ff3b9690c68]
Event: 15,239 Thread 0x00007ff3c81ec000 2180       3       javafx.scene.Parent::updateCachedBounds (502 bytes)

GC Heap History (6 events):
Event: 2,386 GC heap before
{Heap before GC invocations=1 (full 0):
 PSYoungGen      total 17920K, used 15360K [0x00000000ec000000, 0x00000000ed400000, 0x0000000100000000)
  eden space 15360K, 100% used [0x00000000ec000000,0x00000000ecf00000,0x00000000ecf00000)
  from space 2560K, 0% used [0x00000000ed180000,0x00000000ed180000,0x00000000ed400000)
  to   space 2560K, 0% used [0x00000000ecf00000,0x00000000ecf00000,0x00000000ed180000)
 ParOldGen       total 40960K, used 0K [0x00000000c4000000, 0x00000000c6800000, 0x00000000ec000000)
  object space 40960K, 0% used [0x00000000c4000000,0x00000000c4000000,0x00000000c6800000)
 Metaspace       used 8574K, capacity 8902K, committed 9088K, reserved 1056768K
  class space    used 1042K, capacity 1133K, committed 1152K, reserved 1048576K
Event: 2,402 GC heap after
Heap after GC invocations=1 (full 0):
 PSYoungGen      total 17920K, used 1760K [0x00000000ec000000, 0x00000000ed400000, 0x0000000100000000)
  eden space 15360K, 0% used [0x00000000ec000000,0x00000000ec000000,0x00000000ecf00000)
  from space 2560K, 68% used [0x00000000ecf00000,0x00000000ed0b8040,0x00000000ed180000)
  to   space 2560K, 0% used [0x00000000ed180000,0x00000000ed180000,0x00000000ed400000)
 ParOldGen       total 40960K, used 72K [0x00000000c4000000, 0x00000000c6800000, 0x00000000ec000000)
  object space 40960K, 0% used [0x00000000c4000000,0x00000000c4012010,0x00000000c6800000)
 Metaspace       used 8574K, capacity 8902K, committed 9088K, reserved 1056768K
  class space    used 1042K, capacity 1133K, committed 1152K, reserved 1048576K
}
Event: 5,644 GC heap before
{Heap before GC invocations=2 (full 0):
 PSYoungGen      total 17920K, used 17120K [0x00000000ec000000, 0x00000000ed400000, 0x0000000100000000)
  eden space 15360K, 100% used [0x00000000ec000000,0x00000000ecf00000,0x00000000ecf00000)
  from space 2560K, 68% used [0x00000000ecf00000,0x00000000ed0b8040,0x00000000ed180000)
  to   space 2560K, 0% used [0x00000000ed180000,0x00000000ed180000,0x00000000ed400000)
 ParOldGen       total 98304K, used 57025K [0x00000000c4000000, 0x00000000ca000000, 0x00000000ec000000)
  object space 98304K, 58% used [0x00000000c4000000,0x00000000c77b04a0,0x00000000ca000000)
 Metaspace       used 13145K, capacity 13606K, committed 13824K, reserved 1060864K
  class space    used 1797K, capacity 1928K, committed 2048K, reserved 1048576K
Event: 5,697 GC heap after
Heap after GC invocations=2 (full 0):
 PSYoungGen      total 17920K, used 2544K [0x00000000ec000000, 0x00000000ee300000, 0x0000000100000000)
  eden space 15360K, 0% used [0x00000000ec000000,0x00000000ec000000,0x00000000ecf00000)
  from space 2560K, 99% used [0x00000000ed180000,0x00000000ed3fc060,0x00000000ed400000)
  to   space 2560K, 0% used [0x00000000ecf00000,0x00000000ecf00000,0x00000000ed180000)
 ParOldGen       total 98304K, used 59078K [0x00000000c4000000, 0x00000000ca000000, 0x00000000ec000000)
  object space 98304K, 60% used [0x00000000c4000000,0x00000000c79b1a40,0x00000000ca000000)
 Metaspace       used 13145K, capacity 13606K, committed 13824K, reserved 1060864K
  class space    used 1797K, capacity 1928K, committed 2048K, reserved 1048576K
}
Event: 7,917 GC heap before
{Heap before GC invocations=3 (full 0):
 PSYoungGen      total 17920K, used 17904K [0x00000000ec000000, 0x00000000ee300000, 0x0000000100000000)
  eden space 15360K, 100% used [0x00000000ec000000,0x00000000ecf00000,0x00000000ecf00000)
  from space 2560K, 99% used [0x00000000ed180000,0x00000000ed3fc060,0x00000000ed400000)
  to   space 2560K, 0% used [0x00000000ecf00000,0x00000000ecf00000,0x00000000ed180000)
 ParOldGen       total 98304K, used 59078K [0x00000000c4000000, 0x00000000ca000000, 0x00000000ec000000)
  object space 98304K, 60% used [0x00000000c4000000,0x00000000c79b1a40,0x00000000ca000000)
 Metaspace       used 16173K, capacity 16900K, committed 17152K, reserved 1064960K
  class space    used 2288K, capacity 2481K, committed 2560K, reserved 1048576K
Event: 7,935 GC heap after
Heap after GC invocations=3 (full 0):
 PSYoungGen      total 17920K, used 2528K [0x00000000ec000000, 0x00000000ee300000, 0x0000000100000000)
  eden space 15360K, 0% used [0x00000000ec000000,0x00000000ec000000,0x00000000ecf00000)
  from space 2560K, 98% used [0x00000000ecf00000,0x00000000ed178050,0x00000000ed180000)
  to   space 2560K, 0% used [0x00000000ee080000,0x00000000ee080000,0x00000000ee300000)
 ParOldGen       total 98304K, used 63615K [0x00000000c4000000, 0x00000000ca000000, 0x00000000ec000000)
  object space 98304K, 64% used [0x00000000c4000000,0x00000000c7e1ff78,0x00000000ca000000)
 Metaspace       used 16173K, capacity 16900K, committed 17152K, reserved 1064960K
  class space    used 2288K, capacity 2481K, committed 2560K, reserved 1048576K
}

Deoptimization events (10 events):
Event: 7,821 Thread 0x00007ff3c8314800 Uncommon trap: reason=unstable_if action=reinterpret pc=0x00007ff3b92a0428 method=java.util.HashMap.hash(Ljava/lang/Object;)I @ 1
Event: 7,862 Thread 0x00007ff3c8314800 Uncommon trap: reason=unstable_if action=reinterpret pc=0x00007ff3b945d12c method=java.lang.ClassLoader.checkName(Ljava/lang/String;)Z @ 20
Event: 8,063 Thread 0x00007ff3c8314800 Uncommon trap: reason=unstable_if action=reinterpret pc=0x00007ff3b9461b30 method=java.util.HashMap.isEmpty()Z @ 4
Event: 8,314 Thread 0x00007ff3c8314800 Uncommon trap: reason=unstable_if action=reinterpret pc=0x00007ff3b935e224 method=jdk.internal.org.objectweb.asm.Type.getArgumentsAndReturnSizes(Ljava/lang/String;)I @ 47
Event: 12,560 Thread 0x00007ff3c8314800 Uncommon trap: reason=unstable_if action=reinterpret pc=0x00007ff3b923b920 method=java.lang.CharacterData.of(I)Ljava/lang/CharacterData; @ 4
Event: 14,589 Thread 0x00007ff3c8314800 Uncommon trap: reason=unstable_if action=reinterpret pc=0x00007ff3b953ff84 method=java.lang.StrictMath.floorOrCeil(DDDD)D @ 38
Event: 15,201 Thread 0x00007ff3c8314800 Uncommon trap: reason=array_check action=maybe_recompile pc=0x00007ff3b96866b4 method=com.sun.javafx.css.SimpleSelector.applies(Ljavafx/css/Styleable;[Ljava/util/Set;I)Z @ 37
Event: 15,202 Thread 0x00007ff3c8314800 Uncommon trap: reason=array_check action=maybe_recompile pc=0x00007ff3b96866b4 method=com.sun.javafx.css.SimpleSelector.applies(Ljavafx/css/Styleable;[Ljava/util/Set;I)Z @ 37
Event: 15,202 Thread 0x00007ff3c8314800 Uncommon trap: reason=array_check action=maybe_recompile pc=0x00007ff3b96866b4 method=com.sun.javafx.css.SimpleSelector.applies(Ljavafx/css/Styleable;[Ljava/util/Set;I)Z @ 37
Event: 15,202 Thread 0x00007ff3c8314800 Uncommon trap: reason=array_check action=maybe_recompile pc=0x00007ff3b96866b4 method=com.sun.javafx.css.SimpleSelector.applies(Ljavafx/css/Styleable;[Ljava/util/Set;I)Z @ 37

Classes redefined (0 events):
No events

Internal exceptions (10 events):
Event: 3,843 Thread 0x00007ff3c8314800 Exception <a 'java/lang/ArrayIndexOutOfBoundsException'> (0x00000000ec2f7e80) thrown at [/HUDSON/workspace/8-2-build-linux-amd64/jdk8u161/10277/hotspot/src/share/vm/runtime/sharedRuntime.cpp, line 605]
Event: 4,706 Thread 0x00007ff3c8314800 Exception <a 'java/lang/ArrayIndexOutOfBoundsException'> (0x00000000ec829490) thrown at [/HUDSON/workspace/8-2-build-linux-amd64/jdk8u161/10277/hotspot/src/share/vm/runtime/sharedRuntime.cpp, line 605]
Event: 4,873 Thread 0x00007ff3c8314800 Exception <a 'java/io/FileNotFoundException'> (0x00000000ec95cf78) thrown at [/HUDSON/workspace/8-2-build-linux-amd64/jdk8u161/10277/hotspot/src/share/vm/prims/jni.cpp, line 709]
Event: 6,287 Thread 0x00007ff3c8314800 Exception <a 'java/io/FileNotFoundException'> (0x00000000ec58a040) thrown at [/HUDSON/workspace/8-2-build-linux-amd64/jdk8u161/10277/hotspot/src/share/vm/prims/jni.cpp, line 709]
Event: 6,368 Thread 0x00007ff3c8314800 Exception <a 'java/io/FileNotFoundException'> (0x00000000ec607a88) thrown at [/HUDSON/workspace/8-2-build-linux-amd64/jdk8u161/10277/hotspot/src/share/vm/prims/jni.cpp, line 709]
Event: 6,379 Thread 0x00007ff3c8314800 Exception <a 'java/io/FileNotFoundException'> (0x00000000ec6311d8) thrown at [/HUDSON/workspace/8-2-build-linux-amd64/jdk8u161/10277/hotspot/src/share/vm/prims/jni.cpp, line 709]
Event: 6,397 Thread 0x00007ff3c8314800 Exception <a 'java/io/FileNotFoundException'> (0x00000000ec661208) thrown at [/HUDSON/workspace/8-2-build-linux-amd64/jdk8u161/10277/hotspot/src/share/vm/prims/jni.cpp, line 709]
Event: 7,818 Thread 0x00007ff3c8314800 Implicit null exception at 0x00007ff3b9313d75 to 0x00007ff3b9313f9d
Event: 7,818 Thread 0x00007ff3c8314800 Implicit null exception at 0x00007ff3b93aff58 to 0x00007ff3b93affe6
Event: 7,821 Thread 0x00007ff3c8314800 Implicit null exception at 0x00007ff3b92a03af to 0x00007ff3b92a0419

Events (10 events):
Event: 15,201 Thread 0x00007ff3c8314800 DEOPT UNPACKING pc=0x00007ff3b904573a sp=0x00007ff377596f50 mode 2
Event: 15,201 Thread 0x00007ff3c8314800 Uncommon trap: trap_request=0xffffffd6 fr.pc=0x00007ff3b96866b4
Event: 15,202 Thread 0x00007ff3c8314800 DEOPT PACKING pc=0x00007ff3b96866b4 sp=0x00007ff377596fd0
Event: 15,202 Thread 0x00007ff3c8314800 DEOPT UNPACKING pc=0x00007ff3b904573a sp=0x00007ff377596f50 mode 2
Event: 15,202 Thread 0x00007ff3c8314800 Uncommon trap: trap_request=0xffffffd6 fr.pc=0x00007ff3b96866b4
Event: 15,202 Thread 0x00007ff3c8314800 DEOPT PACKING pc=0x00007ff3b96866b4 sp=0x00007ff377596fd0
Event: 15,202 Thread 0x00007ff3c8314800 DEOPT UNPACKING pc=0x00007ff3b904573a sp=0x00007ff377596f50 mode 2
Event: 15,202 Thread 0x00007ff3c8314800 Uncommon trap: trap_request=0xffffffd6 fr.pc=0x00007ff3b96866b4
Event: 15,202 Thread 0x00007ff3c8314800 DEOPT PACKING pc=0x00007ff3b96866b4 sp=0x00007ff377596f10
Event: 15,202 Thread 0x00007ff3c8314800 DEOPT UNPACKING pc=0x00007ff3b904573a sp=0x00007ff377596eb8 mode 2


Dynamic libraries:
00400000-00401000 r-xp 00000000 08:02 2883734                            /opt/jdk/jdk1.8.0_161/bin/java
00600000-00601000 rw-p 00000000 08:02 2883734                            /opt/jdk/jdk1.8.0_161/bin/java
0073a000-0075b000 rw-p 00000000 00:00 0                                  [heap]
c4000000-ca000000 rw-p 00000000 00:00 0 
ca000000-ec000000 ---p 00000000 00:00 0 
ec000000-ee300000 rw-p 00000000 00:00 0 
ee300000-100000000 ---p 00000000 00:00 0 
100000000-1002e0000 rw-p 00000000 00:00 0 
1002e0000-140000000 ---p 00000000 00:00 0 
7ff362000000-7ff368000000 rw-s 103e67000 00:06 334                       /dev/dri/card0
7ff368000000-7ff36868a000 rw-p 00000000 00:00 0 
7ff36868a000-7ff36c000000 ---p 00000000 00:00 0 
7ff36faed000-7ff36faf5000 rw-s 1028d5000 00:06 334                       /dev/dri/card0
7ff36faf5000-7ff36fcb5000 rw-s 10bc27000 00:06 334                       /dev/dri/card0
7ff36fdb5000-7ff36fe00000 r--p 00000000 08:02 3808232                    /usr/share/fonts/truetype/noto/NotoSans-Regular.ttf
7ff36fe00000-7ff370000000 rw-p 00000000 00:00 0 
7ff370000000-7ff370021000 rw-p 00000000 00:00 0 
7ff370021000-7ff374000000 ---p 00000000 00:00 0 
7ff374005000-7ff37400d000 rw-s 101b2b000 00:06 334                       /dev/dri/card0
7ff37400d000-7ff374029000 rw-s 103417000 00:06 334                       /dev/dri/card0
7ff374029000-7ff374039000 rw-s 00000000 00:05 535980                     /drm mm object (deleted)
7ff374039000-7ff374041000 rw-s 102f66000 00:06 334                       /dev/dri/card0
7ff374041000-7ff374201000 rw-s 10ba67000 00:06 334                       /dev/dri/card0
7ff374201000-7ff374211000 rw-s 00000000 00:05 535967                     /drm mm object (deleted)
7ff374211000-7ff375e11000 rw-s 109e67000 00:06 334                       /dev/dri/card0
7ff375e11000-7ff375e21000 rw-s 00000000 00:05 536683                     /drm mm object (deleted)
7ff375e21000-7ff375e2d000 rw-s 00000000 00:05 534506                     /drm mm object (deleted)
7ff375e2d000-7ff375e30000 ---p 00000000 00:00 0 
7ff375e30000-7ff375f2e000 rw-p 00000000 00:00 0 
7ff375f2e000-7ff375f31000 ---p 00000000 00:00 0 
7ff375f31000-7ff37622f000 rw-p 00000000 00:00 0 
7ff37622f000-7ff376239000 r-xp 00000000 08:02 3671770                    /usr/lib/x86_64-linux-gnu/gtk-2.0/2.10.0/engines/libpixmap.so
7ff376239000-7ff376438000 ---p 0000a000 08:02 3671770                    /usr/lib/x86_64-linux-gnu/gtk-2.0/2.10.0/engines/libpixmap.so
7ff376438000-7ff376439000 r--p 00009000 08:02 3671770                    /usr/lib/x86_64-linux-gnu/gtk-2.0/2.10.0/engines/libpixmap.so
7ff376439000-7ff37643a000 rw-p 0000a000 08:02 3671770                    /usr/lib/x86_64-linux-gnu/gtk-2.0/2.10.0/engines/libpixmap.so
7ff37643a000-7ff376495000 r--p 00000000 08:02 3817299                    /usr/share/fonts/Segoe UI Italic.ttf
7ff376495000-7ff3764ee000 r--p 00000000 08:02 3817298                    /usr/share/fonts/Segoe UI Bold.ttf
7ff3764ee000-7ff3766ee000 rw-p 00000000 00:00 0 
7ff3766ee000-7ff37673f000 r--p 00000000 08:02 3817300                    /usr/share/fonts/segoeuil.ttf
7ff37673f000-7ff3767be000 r--p 00000000 08:02 3817301                    /usr/share/fonts/segoeui.ttf
7ff3767be000-7ff3767d1000 r--p 00000000 08:02 2885207                    /opt/jdk/jdk1.8.0_161/jre/lib/fonts/LucidaBrightDemiBold.ttf
7ff3767d1000-7ff37687c000 r--p 00000000 08:02 2885200                    /opt/jdk/jdk1.8.0_161/jre/lib/fonts/LucidaSansRegular.ttf
7ff37687c000-7ff3768ca000 r--p 00000000 08:02 2885202                    /opt/jdk/jdk1.8.0_161/jre/lib/fonts/LucidaSansDemiBold.ttf
7ff3768ca000-7ff37691f000 r--p 00000000 08:02 2885201                    /opt/jdk/jdk1.8.0_161/jre/lib/fonts/LucidaBrightRegular.ttf
7ff37691f000-7ff376959000 r--p 00000000 08:02 2885206                    /opt/jdk/jdk1.8.0_161/jre/lib/fonts/LucidaTypewriterBold.ttf
7ff376959000-7ff37695d000 r-xp 00000000 08:02 2885435                    /opt/jdk/jdk1.8.0_161/jre/lib/amd64/libjavafx_font_pango.so
7ff37695d000-7ff376b5c000 ---p 00004000 08:02 2885435                    /opt/jdk/jdk1.8.0_161/jre/lib/amd64/libjavafx_font_pango.so
7ff376b5c000-7ff376b5d000 rw-p 00003000 08:02 2885435                    /opt/jdk/jdk1.8.0_161/jre/lib/amd64/libjavafx_font_pango.so
7ff376b5d000-7ff376b62000 r-xp 00000000 08:02 2885438                    /opt/jdk/jdk1.8.0_161/jre/lib/amd64/libjavafx_font_freetype.so
7ff376b62000-7ff376d61000 ---p 00005000 08:02 2885438                    /opt/jdk/jdk1.8.0_161/jre/lib/amd64/libjavafx_font_freetype.so
7ff376d61000-7ff376d62000 rw-p 00004000 08:02 2885438                    /opt/jdk/jdk1.8.0_161/jre/lib/amd64/libjavafx_font_freetype.so
7ff376d62000-7ff376d65000 r-xp 00000000 08:02 2885485                    /opt/jdk/jdk1.8.0_161/jre/lib/amd64/libjavafx_font.so
7ff376d65000-7ff376f64000 ---p 00003000 08:02 2885485                    /opt/jdk/jdk1.8.0_161/jre/lib/amd64/libjavafx_font.so
7ff376f64000-7ff376f65000 rw-p 00002000 08:02 2885485                    /opt/jdk/jdk1.8.0_161/jre/lib/amd64/libjavafx_font.so
7ff376f65000-7ff376f9b000 r-xp 00000000 08:02 2885481                    /opt/jdk/jdk1.8.0_161/jre/lib/amd64/libjavafx_iio.so
7ff376f9b000-7ff37719a000 ---p 00036000 08:02 2885481                    /opt/jdk/jdk1.8.0_161/jre/lib/amd64/libjavafx_iio.so
7ff37719a000-7ff37719b000 rw-p 00035000 08:02 2885481                    /opt/jdk/jdk1.8.0_161/jre/lib/amd64/libjavafx_iio.so
7ff37719b000-7ff37739b000 rw-p 00000000 00:00 0 
7ff37739b000-7ff37739e000 ---p 00000000 00:00 0 
7ff37739e000-7ff37749c000 rw-p 00000000 00:00 0 
7ff37749c000-7ff37749f000 ---p 00000000 00:00 0 
7ff37749f000-7ff37759d000 rw-p 00000000 00:00 0 
7ff37759d000-7ff3775c6000 r-xp 00000000 08:02 2885460                    /opt/jdk/jdk1.8.0_161/jre/lib/amd64/libglass.so
7ff3775c6000-7ff3777c5000 ---p 00029000 08:02 2885460                    /opt/jdk/jdk1.8.0_161/jre/lib/amd64/libglass.so
7ff3777c5000-7ff3777c8000 rw-p 00028000 08:02 2885460                    /opt/jdk/jdk1.8.0_161/jre/lib/amd64/libglass.so
7ff3777c8000-7ff3777ff000 r-xp 00000000 08:02 3547217                    /usr/lib/x86_64-linux-gnu/libtxc_dxtn_s2tc.so.0.0.0
7ff3777ff000-7ff3779fe000 ---p 00037000 08:02 3547217                    /usr/lib/x86_64-linux-gnu/libtxc_dxtn_s2tc.so.0.0.0
7ff3779fe000-7ff3779ff000 r--p 00036000 08:02 3547217                    /usr/lib/x86_64-linux-gnu/libtxc_dxtn_s2tc.so.0.0.0
7ff3779ff000-7ff377a00000 rw-p 00037000 08:02 3547217                    /usr/lib/x86_64-linux-gnu/libtxc_dxtn_s2tc.so.0.0.0
7ff377a00000-7ff377a08000 r-xp 00000000 08:02 3546963                    /usr/lib/x86_64-linux-gnu/libpciaccess.so.0.11.1
7ff377a08000-7ff377c08000 ---p 00008000 08:02 3546963                    /usr/lib/x86_64-linux-gnu/libpciaccess.so.0.11.1
7ff377c08000-7ff377c09000 r--p 00008000 08:02 3546963                    /usr/lib/x86_64-linux-gnu/libpciaccess.so.0.11.1
7ff377c09000-7ff377c0a000 rw-p 00009000 08:02 3546963                    /usr/lib/x86_64-linux-gnu/libpciaccess.so.0.11.1
7ff377c0a000-7ff377c15000 r-xp 00000000 08:02 3546417                    /usr/lib/x86_64-linux-gnu/libdrm_radeon.so.1.0.1
7ff377c15000-7ff377e14000 ---p 0000b000 08:02 3546417                    /usr/lib/x86_64-linux-gnu/libdrm_radeon.so.1.0.1
7ff377e14000-7ff377e15000 r--p 0000a000 08:02 3546417                    /usr/lib/x86_64-linux-gnu/libdrm_radeon.so.1.0.1
7ff377e15000-7ff377e16000 rw-p 0000b000 08:02 3546417                    /usr/lib/x86_64-linux-gnu/libdrm_radeon.so.1.0.1
7ff377e16000-7ff377e1d000 r-xp 00000000 08:02 3546415                    /usr/lib/x86_64-linux-gnu/libdrm_nouveau.so.2.0.0
7ff377e1d000-7ff37801c000 ---p 00007000 08:02 3546415                    /usr/lib/x86_64-linux-gnu/libdrm_nouveau.so.2.0.0
7ff37801c000-7ff37801d000 r--p 00006000 08:02 3546415                    /usr/lib/x86_64-linux-gnu/libdrm_nouveau.so.2.0.0
7ff37801d000-7ff37801e000 rw-p 00007000 08:02 3546415                    /usr/lib/x86_64-linux-gnu/libdrm_nouveau.so.2.0.0
7ff37801e000-7ff378040000 r-xp 00000000 08:02 3546413                    /usr/lib/x86_64-linux-gnu/libdrm_intel.so.1.0.0
7ff378040000-7ff378240000 ---p 00022000 08:02 3546413                    /usr/lib/x86_64-linux-gnu/libdrm_intel.so.1.0.0
7ff378240000-7ff378241000 r--p 00022000 08:02 3546413                    /usr/lib/x86_64-linux-gnu/libdrm_intel.so.1.0.0
7ff378241000-7ff378242000 rw-p 00023000 08:02 3546413                    /usr/lib/x86_64-linux-gnu/libdrm_intel.so.1.0.0
7ff378242000-7ff378a69000 r-xp 00000000 08:02 3671344                    /usr/lib/x86_64-linux-gnu/dri/i965_dri.so
7ff378a69000-7ff378c69000 ---p 00827000 08:02 3671344                    /usr/lib/x86_64-linux-gnu/dri/i965_dri.so
7ff378c69000-7ff378cb9000 r--p 00827000 08:02 3671344                    /usr/lib/x86_64-linux-gnu/dri/i965_dri.so
7ff378cb9000-7ff378cc2000 rw-p 00877000 08:02 3671344                    /usr/lib/x86_64-linux-gnu/dri/i965_dri.so
7ff378cc2000-7ff378d29000 rw-p 00000000 00:00 0 
7ff378d29000-7ff378d2f000 r-xp 00000000 08:02 3546354                    /usr/lib/x86_64-linux-gnu/libdatrie.so.1.3.3
7ff378d2f000-7ff378f2f000 ---p 00006000 08:02 3546354                    /usr/lib/x86_64-linux-gnu/libdatrie.so.1.3.3
7ff378f2f000-7ff378f30000 r--p 00006000 08:02 3546354                    /usr/lib/x86_64-linux-gnu/libdatrie.so.1.3.3
7ff378f30000-7ff378f31000 rw-p 00007000 08:02 3546354                    /usr/lib/x86_64-linux-gnu/libdatrie.so.1.3.3
7ff378f31000-7ff378f36000 r-xp 00000000 08:02 3546164                    /usr/lib/x86_64-linux-gnu/libXdmcp.so.6.0.0
7ff378f36000-7ff379135000 ---p 00005000 08:02 3546164                    /usr/lib/x86_64-linux-gnu/libXdmcp.so.6.0.0
7ff379135000-7ff379136000 r--p 00004000 08:02 3546164                    /usr/lib/x86_64-linux-gnu/libXdmcp.so.6.0.0
7ff379136000-7ff379137000 rw-p 00005000 08:02 3546164                    /usr/lib/x86_64-linux-gnu/libXdmcp.so.6.0.0
7ff379137000-7ff379139000 r-xp 00000000 08:02 3546153                    /usr/lib/x86_64-linux-gnu/libXau.so.6.0.0
7ff379139000-7ff379339000 ---p 00002000 08:02 3546153                    /usr/lib/x86_64-linux-gnu/libXau.so.6.0.0
7ff379339000-7ff37933a000 r--p 00002000 08:02 3546153                    /usr/lib/x86_64-linux-gnu/libXau.so.6.0.0
7ff37933a000-7ff37933b000 rw-p 00003000 08:02 3546153                    /usr/lib/x86_64-linux-gnu/libXau.so.6.0.0
7ff37933b000-7ff37935f000 r-xp 00000000 08:02 3546586                    /usr/lib/x86_64-linux-gnu/libgraphite2.so.3.0.1
7ff37935f000-7ff37955e000 ---p 00024000 08:02 3546586                    /usr/lib/x86_64-linux-gnu/libgraphite2.so.3.0.1
7ff37955e000-7ff379560000 r--p 00023000 08:02 3546586                    /usr/lib/x86_64-linux-gnu/libgraphite2.so.3.0.1
7ff379560000-7ff379561000 rw-p 00025000 08:02 3546586                    /usr/lib/x86_64-linux-gnu/libgraphite2.so.3.0.1
7ff379561000-7ff379571000 r-xp 00000000 08:02 3546409                    /usr/lib/x86_64-linux-gnu/libdrm.so.2.4.0
7ff379571000-7ff379770000 ---p 00010000 08:02 3546409                    /usr/lib/x86_64-linux-gnu/libdrm.so.2.4.0
7ff379770000-7ff379771000 r--p 0000f000 08:02 3546409                    /usr/lib/x86_64-linux-gnu/libdrm.so.2.4.0
7ff379771000-7ff379772000 rw-p 00010000 08:02 3546409                    /usr/lib/x86_64-linux-gnu/libdrm.so.2.4.0
7ff379772000-7ff379776000 r-xp 00000000 08:02 3547342                    /usr/lib/x86_64-linux-gnu/libxcb-dri2.so.0.0.0
7ff379776000-7ff379975000 ---p 00004000 08:02 3547342                    /usr/lib/x86_64-linux-gnu/libxcb-dri2.so.0.0.0
7ff379975000-7ff379976000 r--p 00003000 08:02 3547342                    /usr/lib/x86_64-linux-gnu/libxcb-dri2.so.0.0.0
7ff379976000-7ff379977000 rw-p 00004000 08:02 3547342                    /usr/lib/x86_64-linux-gnu/libxcb-dri2.so.0.0.0
7ff379977000-7ff37998e000 r-xp 00000000 08:02 3547346                    /usr/lib/x86_64-linux-gnu/libxcb-glx.so.0.0.0
7ff37998e000-7ff379b8d000 ---p 00017000 08:02 3547346                    /usr/lib/x86_64-linux-gnu/libxcb-glx.so.0.0.0
7ff379b8d000-7ff379b8f000 r--p 00016000 08:02 3547346                    /usr/lib/x86_64-linux-gnu/libxcb-glx.so.0.0.0
7ff379b8f000-7ff379b90000 rw-p 00018000 08:02 3547346                    /usr/lib/x86_64-linux-gnu/libxcb-glx.so.0.0.0
7ff379b90000-7ff379b91000 r-xp 00000000 08:02 3546149                    /usr/lib/x86_64-linux-gnu/libX11-xcb.so.1.0.0
7ff379b91000-7ff379d90000 ---p 00001000 08:02 3546149                    /usr/lib/x86_64-linux-gnu/libX11-xcb.so.1.0.0
7ff379d90000-7ff379d91000 r--p 00000000 08:02 3546149                    /usr/lib/x86_64-linux-gnu/libX11-xcb.so.1.0.0
7ff379d91000-7ff379d92000 rw-p 00001000 08:02 3546149                    /usr/lib/x86_64-linux-gnu/libX11-xcb.so.1.0.0
7ff379d92000-7ff379dbd000 r-xp 00000000 08:02 3546557                    /usr/lib/x86_64-linux-gnu/libglapi.so.0.0.0
7ff379dbd000-7ff379fbc000 ---p 0002b000 08:02 3546557                    /usr/lib/x86_64-linux-gnu/libglapi.so.0.0.0
7ff379fbc000-7ff379fc0000 r--p 0002a000 08:02 3546557                    /usr/lib/x86_64-linux-gnu/libglapi.so.0.0.0
7ff379fc0000-7ff379fc1000 rw-p 0002e000 08:02 3546557                    /usr/lib/x86_64-linux-gnu/libglapi.so.0.0.0
7ff379fc1000-7ff379fc2000 rw-p 00000000 00:00 0 
7ff379fc2000-7ff379fc3000 r-xp 00000000 08:02 3547390                    /usr/lib/x86_64-linux-gnu/libxshmfence.so.1.0.0
7ff379fc3000-7ff37a1c3000 ---p 00001000 08:02 3547390                    /usr/lib/x86_64-linux-gnu/libxshmfence.so.1.0.0
7ff37a1c3000-7ff37a1c4000 r--p 00001000 08:02 3547390                    /usr/lib/x86_64-linux-gnu/libxshmfence.so.1.0.0
7ff37a1c4000-7ff37a1c5000 rw-p 00002000 08:02 3547390                    /usr/lib/x86_64-linux-gnu/libxshmfence.so.1.0.0
7ff37a1c5000-7ff37a1ca000 r-xp 00000000 08:02 3547368                    /usr/lib/x86_64-linux-gnu/libxcb-sync.so.1.0.0
7ff37a1ca000-7ff37a3ca000 ---p 00005000 08:02 3547368                    /usr/lib/x86_64-linux-gnu/libxcb-sync.so.1.0.0
7ff37a3ca000-7ff37a3cb000 r--p 00005000 08:02 3547368                    /usr/lib/x86_64-linux-gnu/libxcb-sync.so.1.0.0
7ff37a3cb000-7ff37a3cc000 rw-p 00006000 08:02 3547368                    /usr/lib/x86_64-linux-gnu/libxcb-sync.so.1.0.0
7ff37a3cc000-7ff37a3ce000 r-xp 00000000 08:02 3547354                    /usr/lib/x86_64-linux-gnu/libxcb-present.so.0.0.0
7ff37a3ce000-7ff37a5cd000 ---p 00002000 08:02 3547354                    /usr/lib/x86_64-linux-gnu/libxcb-present.so.0.0.0
7ff37a5cd000-7ff37a5ce000 r--p 00001000 08:02 3547354                    /usr/lib/x86_64-linux-gnu/libxcb-present.so.0.0.0
7ff37a5ce000-7ff37a5cf000 rw-p 00002000 08:02 3547354                    /usr/lib/x86_64-linux-gnu/libxcb-present.so.0.0.0
7ff37a5cf000-7ff37a5d1000 r-xp 00000000 08:02 3547344                    /usr/lib/x86_64-linux-gnu/libxcb-dri3.so.0.0.0
7ff37a5d1000-7ff37a7d0000 ---p 00002000 08:02 3547344                    /usr/lib/x86_64-linux-gnu/libxcb-dri3.so.0.0.0
7ff37a7d0000-7ff37a7d1000 r--p 00001000 08:02 3547344                    /usr/lib/x86_64-linux-gnu/libxcb-dri3.so.0.0.0
7ff37a7d1000-7ff37a7d2000 rw-p 00002000 08:02 3547344                    /usr/lib/x86_64-linux-gnu/libxcb-dri3.so.0.0.0
7ff37a7d2000-7ff37a840000 r-xp 00000000 08:02 791258                     /lib/x86_64-linux-gnu/libpcre.so.3.13.2
7ff37a840000-7ff37aa40000 ---p 0006e000 08:02 791258                     /lib/x86_64-linux-gnu/libpcre.so.3.13.2
7ff37aa40000-7ff37aa41000 r--p 0006e000 08:02 791258                     /lib/x86_64-linux-gnu/libpcre.so.3.13.2
7ff37aa41000-7ff37aa42000 rw-p 0006f000 08:02 791258                     /lib/x86_64-linux-gnu/libpcre.so.3.13.2
7ff37aa42000-7ff37aa49000 r-xp 00000000 08:02 3546471                    /usr/lib/x86_64-linux-gnu/libffi.so.6.0.4
7ff37aa49000-7ff37ac48000 ---p 00007000 08:02 3546471                    /usr/lib/x86_64-linux-gnu/libffi.so.6.0.4
7ff37ac48000-7ff37ac49000 r--p 00006000 08:02 3546471                    /usr/lib/x86_64-linux-gnu/libffi.so.6.0.4
7ff37ac49000-7ff37ac4a000 rw-p 00007000 08:02 3546471                    /usr/lib/x86_64-linux-gnu/libffi.so.6.0.4
7ff37ac4a000-7ff37ac70000 r-xp 00000000 08:02 791162                     /lib/x86_64-linux-gnu/libexpat.so.1.6.0
7ff37ac70000-7ff37ae70000 ---p 00026000 08:02 791162                     /lib/x86_64-linux-gnu/libexpat.so.1.6.0
7ff37ae70000-7ff37ae72000 r--p 00026000 08:02 791162                     /lib/x86_64-linux-gnu/libexpat.so.1.6.0
7ff37ae72000-7ff37ae73000 rw-p 00028000 08:02 791162                     /lib/x86_64-linux-gnu/libexpat.so.1.6.0
7ff37ae73000-7ff37ae7b000 r-xp 00000000 08:02 3547194                    /usr/lib/x86_64-linux-gnu/libthai.so.0.2.4
7ff37ae7b000-7ff37b07a000 ---p 00008000 08:02 3547194                    /usr/lib/x86_64-linux-gnu/libthai.so.0.2.4
7ff37b07a000-7ff37b07b000 r--p 00007000 08:02 3547194                    /usr/lib/x86_64-linux-gnu/libthai.so.0.2.4
7ff37b07b000-7ff37b07c000 rw-p 00008000 08:02 3547194                    /usr/lib/x86_64-linux-gnu/libthai.so.0.2.4
7ff37b07c000-7ff37b09d000 r-xp 00000000 08:02 3547380                    /usr/lib/x86_64-linux-gnu/libxcb.so.1.1.0
7ff37b09d000-7ff37b29c000 ---p 00021000 08:02 3547380                    /usr/lib/x86_64-linux-gnu/libxcb.so.1.1.0
7ff37b29c000-7ff37b29d000 r--p 00020000 08:02 3547380                    /usr/lib/x86_64-linux-gnu/libxcb.so.1.1.0
7ff37b29d000-7ff37b29e000 rw-p 00021000 08:02 3547380                    /usr/lib/x86_64-linux-gnu/libxcb.so.1.1.0
7ff37b29e000-7ff37b2a6000 r-xp 00000000 08:02 3547362                    /usr/lib/x86_64-linux-gnu/libxcb-render.so.0.0.0
7ff37b2a6000-7ff37b4a6000 ---p 00008000 08:02 3547362                    /usr/lib/x86_64-linux-gnu/libxcb-render.so.0.0.0
7ff37b4a6000-7ff37b4a7000 r--p 00008000 08:02 3547362                    /usr/lib/x86_64-linux-gnu/libxcb-render.so.0.0.0
7ff37b4a7000-7ff37b4a8000 rw-p 00009000 08:02 3547362                    /usr/lib/x86_64-linux-gnu/libxcb-render.so.0.0.0
7ff37b4a8000-7ff37b4aa000 r-xp 00000000 08:02 3547366                    /usr/lib/x86_64-linux-gnu/libxcb-shm.so.0.0.0
7ff37b4aa000-7ff37b6aa000 ---p 00002000 08:02 3547366                    /usr/lib/x86_64-linux-gnu/libxcb-shm.so.0.0.0
7ff37b6aa000-7ff37b6ab000 r--p 00002000 08:02 3547366                    /usr/lib/x86_64-linux-gnu/libxcb-shm.so.0.0.0
7ff37b6ab000-7ff37b6ac000 rw-p 00003000 08:02 3547366                    /usr/lib/x86_64-linux-gnu/libxcb-shm.so.0.0.0
7ff37b6ac000-7ff37b6d0000 r-xp 00000000 08:02 791270                     /lib/x86_64-linux-gnu/libpng12.so.0.54.0
7ff37b6d0000-7ff37b8cf000 ---p 00024000 08:02 791270                     /lib/x86_64-linux-gnu/libpng12.so.0.54.0
7ff37b8cf000-7ff37b8d0000 r--p 00023000 08:02 791270                     /lib/x86_64-linux-gnu/libpng12.so.0.54.0
7ff37b8d0000-7ff37b8d1000 rw-p 00024000 08:02 791270                     /lib/x86_64-linux-gnu/libpng12.so.0.54.0
7ff37b8d1000-7ff37b970000 r-xp 00000000 08:02 3546977                    /usr/lib/x86_64-linux-gnu/libpixman-1.so.0.33.6
7ff37b970000-7ff37bb70000 ---p 0009f000 08:02 3546977                    /usr/lib/x86_64-linux-gnu/libpixman-1.so.0.33.6
7ff37bb70000-7ff37bb78000 r--p 0009f000 08:02 3546977                    /usr/lib/x86_64-linux-gnu/libpixman-1.so.0.33.6
7ff37bb78000-7ff37bb79000 rw-p 000a7000 08:02 3546977                    /usr/lib/x86_64-linux-gnu/libpixman-1.so.0.33.6
7ff37bb79000-7ff37bc0a000 r-xp 00000000 08:02 3546650                    /usr/lib/x86_64-linux-gnu/libharfbuzz.so.0.10400.6
7ff37bc0a000-7ff37be09000 ---p 00091000 08:02 3546650                    /usr/lib/x86_64-linux-gnu/libharfbuzz.so.0.10400.6
7ff37be09000-7ff37be0b000 r--p 00090000 08:02 3546650                    /usr/lib/x86_64-linux-gnu/libharfbuzz.so.0.10400.6
7ff37be0b000-7ff37be0c000 rw-p 00092000 08:02 3546650                    /usr/lib/x86_64-linux-gnu/libharfbuzz.so.0.10400.6
7ff37be0c000-7ff37be23000 r-xp 00000000 08:02 791281                     /lib/x86_64-linux-gnu/libresolv-2.23.so
7ff37be23000-7ff37c023000 ---p 00017000 08:02 791281                     /lib/x86_64-linux-gnu/libresolv-2.23.so
7ff37c023000-7ff37c024000 r--p 00017000 08:02 791281                     /lib/x86_64-linux-gnu/libresolv-2.23.so
7ff37c024000-7ff37c025000 rw-p 00018000 08:02 791281                     /lib/x86_64-linux-gnu/libresolv-2.23.so
7ff37c025000-7ff37c027000 rw-p 00000000 00:00 0 
7ff37c027000-7ff37c046000 r-xp 00000000 08:02 791287                     /lib/x86_64-linux-gnu/libselinux.so.1
7ff37c046000-7ff37c245000 ---p 0001f000 08:02 791287                     /lib/x86_64-linux-gnu/libselinux.so.1
7ff37c245000-7ff37c246000 r--p 0001e000 08:02 791287                     /lib/x86_64-linux-gnu/libselinux.so.1
7ff37c246000-7ff37c247000 rw-p 0001f000 08:02 791287                     /lib/x86_64-linux-gnu/libselinux.so.1
7ff37c247000-7ff37c249000 rw-p 00000000 00:00 0 
7ff37c249000-7ff37c262000 r-xp 00000000 08:02 791320                     /lib/x86_64-linux-gnu/libz.so.1.2.8
7ff37c262000-7ff37c461000 ---p 00019000 08:02 791320                     /lib/x86_64-linux-gnu/libz.so.1.2.8
7ff37c461000-7ff37c462000 r--p 00018000 08:02 791320                     /lib/x86_64-linux-gnu/libz.so.1.2.8
7ff37c462000-7ff37c463000 rw-p 00019000 08:02 791320                     /lib/x86_64-linux-gnu/libz.so.1.2.8
7ff37c463000-7ff37c474000 r-xp 00000000 08:02 3546166                    /usr/lib/x86_64-linux-gnu/libXext.so.6.4.0
7ff37c474000-7ff37c673000 ---p 00011000 08:02 3546166                    /usr/lib/x86_64-linux-gnu/libXext.so.6.4.0
7ff37c673000-7ff37c674000 r--p 00010000 08:02 3546166                    /usr/lib/x86_64-linux-gnu/libXext.so.6.4.0
7ff37c674000-7ff37c675000 rw-p 00011000 08:02 3546166                    /usr/lib/x86_64-linux-gnu/libXext.so.6.4.0
7ff37c675000-7ff37c677000 r-xp 00000000 08:02 3546162                    /usr/lib/x86_64-linux-gnu/libXdamage.so.1.1.0
7ff37c677000-7ff37c876000 ---p 00002000 08:02 3546162                    /usr/lib/x86_64-linux-gnu/libXdamage.so.1.1.0
7ff37c876000-7ff37c877000 r--p 00001000 08:02 3546162                    /usr/lib/x86_64-linux-gnu/libXdamage.so.1.1.0
7ff37c877000-7ff37c878000 rw-p 00002000 08:02 3546162                    /usr/lib/x86_64-linux-gnu/libXdamage.so.1.1.0
7ff37c878000-7ff37c87a000 r-xp 00000000 08:02 3546158                    /usr/lib/x86_64-linux-gnu/libXcomposite.so.1.0.0
7ff37c87a000-7ff37ca79000 ---p 00002000 08:02 3546158                    /usr/lib/x86_64-linux-gnu/libXcomposite.so.1.0.0
7ff37ca79000-7ff37ca7a000 r--p 00001000 08:02 3546158                    /usr/lib/x86_64-linux-gnu/libXcomposite.so.1.0.0
7ff37ca7a000-7ff37ca7b000 rw-p 00002000 08:02 3546158                    /usr/lib/x86_64-linux-gnu/libXcomposite.so.1.0.0
7ff37ca7b000-7ff37ca84000 r-xp 00000000 08:02 3546160                    /usr/lib/x86_64-linux-gnu/libXcursor.so.1.0.2
7ff37ca84000-7ff37cc83000 ---p 00009000 08:02 3546160                    /usr/lib/x86_64-linux-gnu/libXcursor.so.1.0.2
7ff37cc83000-7ff37cc84000 r--p 00008000 08:02 3546160                    /usr/lib/x86_64-linux-gnu/libXcursor.so.1.0.2
7ff37cc84000-7ff37cc85000 rw-p 00009000 08:02 3546160                    /usr/lib/x86_64-linux-gnu/libXcursor.so.1.0.2
7ff37cc85000-7ff37cc8f000 r-xp 00000000 08:02 3546186                    /usr/lib/x86_64-linux-gnu/libXrandr.so.2.2.0
7ff37cc8f000-7ff37ce8e000 ---p 0000a000 08:02 3546186                    /usr/lib/x86_64-linux-gnu/libXrandr.so.2.2.0
7ff37ce8e000-7ff37ce8f000 r--p 00009000 08:02 3546186                    /usr/lib/x86_64-linux-gnu/libXrandr.so.2.2.0
7ff37ce8f000-7ff37ce90000 rw-p 0000a000 08:02 3546186                    /usr/lib/x86_64-linux-gnu/libXrandr.so.2.2.0
7ff37ce90000-7ff37ce9f000 r-xp 00000000 08:02 3546176                    /usr/lib/x86_64-linux-gnu/libXi.so.6.1.0
7ff37ce9f000-7ff37d09e000 ---p 0000f000 08:02 3546176                    /usr/lib/x86_64-linux-gnu/libXi.so.6.1.0
7ff37d09e000-7ff37d09f000 r--p 0000e000 08:02 3546176                    /usr/lib/x86_64-linux-gnu/libXi.so.6.1.0
7ff37d09f000-7ff37d0a0000 rw-p 0000f000 08:02 3546176                    /usr/lib/x86_64-linux-gnu/libXi.so.6.1.0
7ff37d0a0000-7ff37d0a2000 r-xp 00000000 08:02 3546178                    /usr/lib/x86_64-linux-gnu/libXinerama.so.1.0.0
7ff37d0a2000-7ff37d2a1000 ---p 00002000 08:02 3546178                    /usr/lib/x86_64-linux-gnu/libXinerama.so.1.0.0
7ff37d2a1000-7ff37d2a2000 r--p 00001000 08:02 3546178                    /usr/lib/x86_64-linux-gnu/libXinerama.so.1.0.0
7ff37d2a2000-7ff37d2a3000 rw-p 00002000 08:02 3546178                    /usr/lib/x86_64-linux-gnu/libXinerama.so.1.0.0
7ff37d2a3000-7ff37d2ac000 r-xp 00000000 08:02 3546188                    /usr/lib/x86_64-linux-gnu/libXrender.so.1.3.0
7ff37d2ac000-7ff37d4ab000 ---p 00009000 08:02 3546188                    /usr/lib/x86_64-linux-gnu/libXrender.so.1.3.0
7ff37d4ab000-7ff37d4ac000 r--p 00008000 08:02 3546188                    /usr/lib/x86_64-linux-gnu/libXrender.so.1.3.0
7ff37d4ac000-7ff37d4ad000 rw-p 00009000 08:02 3546188                    /usr/lib/x86_64-linux-gnu/libXrender.so.1.3.0
7ff37d4ad000-7ff37d4b2000 r-xp 00000000 08:02 3546168                    /usr/lib/x86_64-linux-gnu/libXfixes.so.3.1.0
7ff37d4b2000-7ff37d6b1000 ---p 00005000 08:02 3546168                    /usr/lib/x86_64-linux-gnu/libXfixes.so.3.1.0
7ff37d6b1000-7ff37d6b2000 r--p 00004000 08:02 3546168                    /usr/lib/x86_64-linux-gnu/libXfixes.so.3.1.0
7ff37d6b2000-7ff37d6b3000 rw-p 00005000 08:02 3546168                    /usr/lib/x86_64-linux-gnu/libXfixes.so.3.1.0
7ff37d6b3000-7ff37d6c9000 r-xp 00000000 08:02 791169                     /lib/x86_64-linux-gnu/libgcc_s.so.1
7ff37d6c9000-7ff37d8c8000 ---p 00016000 08:02 791169                     /lib/x86_64-linux-gnu/libgcc_s.so.1
7ff37d8c8000-7ff37d8c9000 rw-p 00015000 08:02 791169                     /lib/x86_64-linux-gnu/libgcc_s.so.1
7ff37d8c9000-7ff37da3b000 r-xp 00000000 08:02 3547167                    /usr/lib/x86_64-linux-gnu/libstdc++.so.6.0.21
7ff37da3b000-7ff37dc3b000 ---p 00172000 08:02 3547167                    /usr/lib/x86_64-linux-gnu/libstdc++.so.6.0.21
7ff37dc3b000-7ff37dc45000 r--p 00172000 08:02 3547167                    /usr/lib/x86_64-linux-gnu/libstdc++.so.6.0.21
7ff37dc45000-7ff37dc47000 rw-p 0017c000 08:02 3547167                    /usr/lib/x86_64-linux-gnu/libstdc++.so.6.0.21
7ff37dc47000-7ff37dc4b000 rw-p 00000000 00:00 0 
7ff37dc4b000-7ff37dcb9000 r-xp 00000000 08:02 3671987                    /usr/lib/x86_64-linux-gnu/mesa/libGL.so.1.2.0
7ff37dcb9000-7ff37deb9000 ---p 0006e000 08:02 3671987                    /usr/lib/x86_64-linux-gnu/mesa/libGL.so.1.2.0
7ff37deb9000-7ff37debc000 r--p 0006e000 08:02 3671987                    /usr/lib/x86_64-linux-gnu/mesa/libGL.so.1.2.0
7ff37debc000-7ff37debd000 rw-p 00071000 08:02 3671987                    /usr/lib/x86_64-linux-gnu/mesa/libGL.so.1.2.0
7ff37debd000-7ff37debe000 rw-p 00000000 00:00 0 
7ff37debe000-7ff37dec3000 r-xp 00000000 08:02 3546200                    /usr/lib/x86_64-linux-gnu/libXxf86vm.so.1.0.0
7ff37dec3000-7ff37e0c2000 ---p 00005000 08:02 3546200                    /usr/lib/x86_64-linux-gnu/libXxf86vm.so.1.0.0
7ff37e0c2000-7ff37e0c3000 r--p 00004000 08:02 3546200                    /usr/lib/x86_64-linux-gnu/libXxf86vm.so.1.0.0
7ff37e0c3000-7ff37e0c4000 rw-p 00005000 08:02 3546200                    /usr/lib/x86_64-linux-gnu/libXxf86vm.so.1.0.0
7ff37e0c4000-7ff37e1f9000 r-xp 00000000 08:02 3546151                    /usr/lib/x86_64-linux-gnu/libX11.so.6.3.0
7ff37e1f9000-7ff37e3f9000 ---p 00135000 08:02 3546151                    /usr/lib/x86_64-linux-gnu/libX11.so.6.3.0
7ff37e3f9000-7ff37e3fa000 r--p 00135000 08:02 3546151                    /usr/lib/x86_64-linux-gnu/libX11.so.6.3.0
7ff37e3fa000-7ff37e3fe000 rw-p 00136000 08:02 3546151                    /usr/lib/x86_64-linux-gnu/libX11.so.6.3.0
7ff37e3fe000-7ff37e403000 r-xp 00000000 08:02 3546194                    /usr/lib/x86_64-linux-gnu/libXtst.so.6.1.0
7ff37e403000-7ff37e602000 ---p 00005000 08:02 3546194                    /usr/lib/x86_64-linux-gnu/libXtst.so.6.1.0
7ff37e602000-7ff37e603000 r--p 00004000 08:02 3546194                    /usr/lib/x86_64-linux-gnu/libXtst.so.6.1.0
7ff37e603000-7ff37e604000 rw-p 00005000 08:02 3546194                    /usr/lib/x86_64-linux-gnu/libXtst.so.6.1.0
7ff37e604000-7ff37e713000 r-xp 00000000 08:02 791173                     /lib/x86_64-linux-gnu/libglib-2.0.so.0.4800.2
7ff37e713000-7ff37e912000 ---p 0010f000 08:02 791173                     /lib/x86_64-linux-gnu/libglib-2.0.so.0.4800.2
7ff37e912000-7ff37e913000 r--p 0010e000 08:02 791173                     /lib/x86_64-linux-gnu/libglib-2.0.so.0.4800.2
7ff37e913000-7ff37e914000 rw-p 0010f000 08:02 791173                     /lib/x86_64-linux-gnu/libglib-2.0.so.0.4800.2
7ff37e914000-7ff37e915000 rw-p 00000000 00:00 0 
7ff37e915000-7ff37e916000 r-xp 00000000 08:02 3546634                    /usr/lib/x86_64-linux-gnu/libgthread-2.0.so.0.4800.2
7ff37e916000-7ff37eb15000 ---p 00001000 08:02 3546634                    /usr/lib/x86_64-linux-gnu/libgthread-2.0.so.0.4800.2
7ff37eb15000-7ff37eb16000 r--p 00000000 08:02 3546634                    /usr/lib/x86_64-linux-gnu/libgthread-2.0.so.0.4800.2
7ff37eb16000-7ff37eb17000 rw-p 00001000 08:02 3546634                    /usr/lib/x86_64-linux-gnu/libgthread-2.0.so.0.4800.2
7ff37eb17000-7ff37eb1a000 r-xp 00000000 08:02 3546561                    /usr/lib/x86_64-linux-gnu/libgmodule-2.0.so.0.4800.2
7ff37eb1a000-7ff37ed19000 ---p 00003000 08:02 3546561                    /usr/lib/x86_64-linux-gnu/libgmodule-2.0.so.0.4800.2
7ff37ed19000-7ff37ed1a000 r--p 00002000 08:02 3546561                    /usr/lib/x86_64-linux-gnu/libgmodule-2.0.so.0.4800.2
7ff37ed1a000-7ff37ed1b000 rw-p 00003000 08:02 3546561                    /usr/lib/x86_64-linux-gnu/libgmodule-2.0.so.0.4800.2
7ff37ed1b000-7ff37ed6d000 r-xp 00000000 08:02 3546569                    /usr/lib/x86_64-linux-gnu/libgobject-2.0.so.0.4800.2
7ff37ed6d000-7ff37ef6c000 ---p 00052000 08:02 3546569                    /usr/lib/x86_64-linux-gnu/libgobject-2.0.so.0.4800.2
7ff37ef6c000-7ff37ef6d000 r--p 00051000 08:02 3546569                    /usr/lib/x86_64-linux-gnu/libgobject-2.0.so.0.4800.2
7ff37ef6d000-7ff37ef6e000 rw-p 00052000 08:02 3546569                    /usr/lib/x86_64-linux-gnu/libgobject-2.0.so.0.4800.2
7ff37ef6e000-7ff37efab000 r-xp 00000000 08:02 3546485                    /usr/lib/x86_64-linux-gnu/libfontconfig.so.1.9.0
7ff37efab000-7ff37f1aa000 ---p 0003d000 08:02 3546485                    /usr/lib/x86_64-linux-gnu/libfontconfig.so.1.9.0
7ff37f1aa000-7ff37f1ac000 r--p 0003c000 08:02 3546485                    /usr/lib/x86_64-linux-gnu/libfontconfig.so.1.9.0
7ff37f1ac000-7ff37f1b1000 rw-p 0003e000 08:02 3546485                    /usr/lib/x86_64-linux-gnu/libfontconfig.so.1.9.0
7ff37f1b1000-7ff37f255000 r-xp 00000000 08:02 3546515                    /usr/lib/x86_64-linux-gnu/libfreetype.so.6.12.1
7ff37f255000-7ff37f454000 ---p 000a4000 08:02 3546515                    /usr/lib/x86_64-linux-gnu/libfreetype.so.6.12.1
7ff37f454000-7ff37f45a000 r--p 000a3000 08:02 3546515                    /usr/lib/x86_64-linux-gnu/libfreetype.so.6.12.1
7ff37f45a000-7ff37f45b000 rw-p 000a9000 08:02 3546515                    /usr/lib/x86_64-linux-gnu/libfreetype.so.6.12.1
7ff37f45b000-7ff37f4a4000 r-xp 00000000 08:02 3546953                    /usr/lib/x86_64-linux-gnu/libpango-1.0.so.0.3800.1
7ff37f4a4000-7ff37f6a4000 ---p 00049000 08:02 3546953                    /usr/lib/x86_64-linux-gnu/libpango-1.0.so.0.3800.1
7ff37f6a4000-7ff37f6a6000 r--p 00049000 08:02 3546953                    /usr/lib/x86_64-linux-gnu/libpango-1.0.so.0.3800.1
7ff37f6a6000-7ff37f6a7000 rw-p 0004b000 08:02 3546953                    /usr/lib/x86_64-linux-gnu/libpango-1.0.so.0.3800.1
7ff37f6a7000-7ff37f7b5000 r-xp 00000000 08:02 3546300                    /usr/lib/x86_64-linux-gnu/libcairo.so.2.11400.6
7ff37f7b5000-7ff37f9b5000 ---p 0010e000 08:02 3546300                    /usr/lib/x86_64-linux-gnu/libcairo.so.2.11400.6
7ff37f9b5000-7ff37f9b8000 r--p 0010e000 08:02 3546300                    /usr/lib/x86_64-linux-gnu/libcairo.so.2.11400.6
7ff37f9b8000-7ff37f9b9000 rw-p 00111000 08:02 3546300                    /usr/lib/x86_64-linux-gnu/libcairo.so.2.11400.6
7ff37f9b9000-7ff37f9bb000 rw-p 00000000 00:00 0 
7ff37f9bb000-7ff37f9c7000 r-xp 00000000 08:02 3546955                    /usr/lib/x86_64-linux-gnu/libpangocairo-1.0.so.0.3800.1
7ff37f9c7000-7ff37fbc6000 ---p 0000c000 08:02 3546955                    /usr/lib/x86_64-linux-gnu/libpangocairo-1.0.so.0.3800.1
7ff37fbc6000-7ff37fbc7000 r--p 0000b000 08:02 3546955                    /usr/lib/x86_64-linux-gnu/libpangocairo-1.0.so.0.3800.1
7ff37fbc7000-7ff37fbc8000 rw-p 0000c000 08:02 3546955                    /usr/lib/x86_64-linux-gnu/libpangocairo-1.0.so.0.3800.1
7ff37fbc8000-7ff37fbe9000 r-xp 00000000 08:02 3546541                    /usr/lib/x86_64-linux-gnu/libgdk_pixbuf-2.0.so.0.3200.2
7ff37fbe9000-7ff37fde8000 ---p 00021000 08:02 3546541                    /usr/lib/x86_64-linux-gnu/libgdk_pixbuf-2.0.so.0.3200.2
7ff37fde8000-7ff37fde9000 r--p 00020000 08:02 3546541                    /usr/lib/x86_64-linux-gnu/libgdk_pixbuf-2.0.so.0.3200.2
7ff37fde9000-7ff37fdea000 rw-p 00021000 08:02 3546541                    /usr/lib/x86_64-linux-gnu/libgdk_pixbuf-2.0.so.0.3200.2
7ff37fdea000-7ff37fdfe000 r-xp 00000000 08:02 3546957                    /usr/lib/x86_64-linux-gnu/libpangoft2-1.0.so.0.3800.1
7ff37fdfe000-7ff37fffe000 ---p 00014000 08:02 3546957                    /usr/lib/x86_64-linux-gnu/libpangoft2-1.0.so.0.3800.1
7ff37fffe000-7ff37ffff000 r--p 00014000 08:02 3546957                    /usr/lib/x86_64-linux-gnu/libpangoft2-1.0.so.0.3800.1
7ff37ffff000-7ff380000000 rw-p 00015000 08:02 3546957                    /usr/lib/x86_64-linux-gnu/libpangoft2-1.0.so.0.3800.1
7ff380000000-7ff380021000 rw-p 00000000 00:00 0 
7ff380021000-7ff384000000 ---p 00000000 00:00 0 
7ff384000000-7ff385e3e000 rw-p 00000000 00:00 0 
7ff385e3e000-7ff388000000 ---p 00000000 00:00 0 
7ff388000000-7ff3883e2000 rw-p 00000000 00:00 0 
7ff3883e2000-7ff38c000000 ---p 00000000 00:00 0 
7ff38c000000-7ff38c021000 rw-p 00000000 00:00 0 
7ff38c021000-7ff390000000 ---p 00000000 00:00 0 
7ff390000000-7ff3902ac000 rw-p 00000000 00:00 0 
7ff3902ac000-7ff394000000 ---p 00000000 00:00 0 
7ff394002000-7ff394015000 r--p 00000000 08:02 2885204                    /opt/jdk/jdk1.8.0_161/jre/lib/fonts/LucidaBrightDemiItalic.ttf
7ff394015000-7ff394051000 r--p 00000000 08:02 2885205                    /opt/jdk/jdk1.8.0_161/jre/lib/fonts/LucidaTypewriterRegular.ttf
7ff394051000-7ff394054000 ---p 00000000 00:00 0 
7ff394054000-7ff394152000 rw-p 00000000 00:00 0 
7ff394152000-7ff3942d2000 r-xp 00000000 08:02 3546551                    /usr/lib/x86_64-linux-gnu/libgio-2.0.so.0.4800.2
7ff3942d2000-7ff3944d2000 ---p 00180000 08:02 3546551                    /usr/lib/x86_64-linux-gnu/libgio-2.0.so.0.4800.2
7ff3944d2000-7ff3944d6000 r--p 00180000 08:02 3546551                    /usr/lib/x86_64-linux-gnu/libgio-2.0.so.0.4800.2
7ff3944d6000-7ff3944d8000 rw-p 00184000 08:02 3546551                    /usr/lib/x86_64-linux-gnu/libgio-2.0.so.0.4800.2
7ff3944d8000-7ff3944da000 rw-p 00000000 00:00 0 
7ff3944da000-7ff3944fc000 r-xp 00000000 08:02 3546244                    /usr/lib/x86_64-linux-gnu/libatk-1.0.so.0.21809.1
7ff3944fc000-7ff3946fb000 ---p 00022000 08:02 3546244                    /usr/lib/x86_64-linux-gnu/libatk-1.0.so.0.21809.1
7ff3946fb000-7ff3946fe000 r--p 00021000 08:02 3546244                    /usr/lib/x86_64-linux-gnu/libatk-1.0.so.0.21809.1
7ff3946fe000-7ff3946ff000 rw-p 00024000 08:02 3546244                    /usr/lib/x86_64-linux-gnu/libatk-1.0.so.0.21809.1
7ff3946ff000-7ff3947af000 r-xp 00000000 08:02 3546539                    /usr/lib/x86_64-linux-gnu/libgdk-x11-2.0.so.0.2400.30
7ff3947af000-7ff3949ae000 ---p 000b0000 08:02 3546539                    /usr/lib/x86_64-linux-gnu/libgdk-x11-2.0.so.0.2400.30
7ff3949ae000-7ff3949b2000 r--p 000af000 08:02 3546539                    /usr/lib/x86_64-linux-gnu/libgdk-x11-2.0.so.0.2400.30
7ff3949b2000-7ff3949b4000 rw-p 000b3000 08:02 3546539                    /usr/lib/x86_64-linux-gnu/libgdk-x11-2.0.so.0.2400.30
7ff3949b4000-7ff394df2000 r-xp 00000000 08:02 3546638                    /usr/lib/x86_64-linux-gnu/libgtk-x11-2.0.so.0.2400.30
7ff394df2000-7ff394ff1000 ---p 0043e000 08:02 3546638                    /usr/lib/x86_64-linux-gnu/libgtk-x11-2.0.so.0.2400.30
7ff394ff1000-7ff394ff8000 r--p 0043d000 08:02 3546638                    /usr/lib/x86_64-linux-gnu/libgtk-x11-2.0.so.0.2400.30
7ff394ff8000-7ff394ffc000 rw-p 00444000 08:02 3546638                    /usr/lib/x86_64-linux-gnu/libgtk-x11-2.0.so.0.2400.30
7ff394ffc000-7ff398000000 rw-p 00000000 00:00 0 
7ff398000000-7ff398021000 rw-p 00000000 00:00 0 
7ff398021000-7ff39c000000 ---p 00000000 00:00 0 
7ff39c000000-7ff39c021000 rw-p 00000000 00:00 0 
7ff39c021000-7ff3a0000000 ---p 00000000 00:00 0 
7ff3a0000000-7ff3a0021000 rw-p 00000000 00:00 0 
7ff3a0021000-7ff3a4000000 ---p 00000000 00:00 0 
7ff3a4000000-7ff3a4021000 rw-p 00000000 00:00 0 
7ff3a4021000-7ff3a8000000 ---p 00000000 00:00 0 
7ff3a8000000-7ff3a8021000 rw-p 00000000 00:00 0 
7ff3a8021000-7ff3ac000000 ---p 00000000 00:00 0 
7ff3ac000000-7ff3ac021000 rw-p 00000000 00:00 0 
7ff3ac021000-7ff3b0000000 ---p 00000000 00:00 0 
7ff3b0000000-7ff3b0021000 rw-p 00000000 00:00 0 
7ff3b0021000-7ff3b4000000 ---p 00000000 00:00 0 
7ff3b4003000-7ff3b4005000 rw-s 00000000 00:05 535997                     /drm mm object (deleted)
7ff3b4005000-7ff3b4006000 rw-s 1021d4000 00:06 334                       /dev/dri/card0
7ff3b4006000-7ff3b400b000 r--s 00084000 08:02 2885187                    /opt/jdk/jdk1.8.0_161/jre/lib/jfr.jar
7ff3b400b000-7ff3b4010000 r--s 0009d000 08:02 2885327                    /opt/jdk/jdk1.8.0_161/jre/lib/jsse.jar
7ff3b4010000-7ff3b4024000 r--p 00000000 08:02 2885199                    /opt/jdk/jdk1.8.0_161/jre/lib/fonts/LucidaBrightItalic.ttf
7ff3b4024000-7ff3b402b000 r--s 00000000 08:02 4200409                    /var/cache/fontconfig/4be9850f182b35c1350b6bbf2e42601c-le64.cache-6
7ff3b402b000-7ff3b4036000 r--s 00000000 08:02 4198764                    /var/cache/fontconfig/945677eb7aeaf62f1d50efc3fb3ec7d8-le64.cache-6
7ff3b4036000-7ff3b403c000 r--s 00000000 08:02 4198756                    /var/cache/fontconfig/2cd17615ca594fa2959ae173292e504c-le64.cache-6
7ff3b403c000-7ff3b403d000 r--s 00000000 08:02 4200321                    /var/cache/fontconfig/4794a0821666d79190d59a36cb4f44b5-le64.cache-6
7ff3b403d000-7ff3b407d000 r--s 00000000 08:02 4198754                    /var/cache/fontconfig/0bd3dc0958fa2205aaaa8ebb13e2872b-le64.cache-6
7ff3b407d000-7ff3b4084000 r--s 00000000 08:02 4195402                    /var/cache/fontconfig/3047814df9a2f067bd2d96a2b9c36e5a-le64.cache-6
7ff3b4084000-7ff3b408c000 r--s 00000000 08:02 4198769                    /var/cache/fontconfig/bf3b770c553c462765856025a94f1ce6-le64.cache-6
7ff3b408c000-7ff3b408e000 r--s 00000000 08:02 4198768                    /var/cache/fontconfig/a0107c79d978dfcc5e42cb1335b71036-le64.cache-6
7ff3b408e000-7ff3b4091000 r--s 00000000 08:02 4200320                    /var/cache/fontconfig/e49e89034d371f0f9de17aab02136486-le64.cache-6
7ff3b4091000-7ff3b4093000 r--s 00000000 08:02 4200319                    /var/cache/fontconfig/4b14b093aebc79c320de5e86ae1d3314-le64.cache-6
7ff3b4093000-7ff3b40a6000 r--s 00000000 08:02 4198773                    /var/cache/fontconfig/d52a8644073d54c13679302ca1180695-le64.cache-6
7ff3b40a6000-7ff3b40b1000 r--s 00000000 08:02 4200318                    /var/cache/fontconfig/d589a48862398ed80a3d6066f4f56f4c-le64.cache-6
7ff3b40b1000-7ff3b40b4000 r--s 00000000 08:02 4200317                    /var/cache/fontconfig/75114ca45c98e8a441da0ff356701271-le64.cache-6
7ff3b40b4000-7ff3b40bf000 r--s 00000000 08:02 4195407                    /var/cache/fontconfig/83bf95040141907cd45bb53cf7c1c148-le64.cache-6
7ff3b40bf000-7ff3b40d1000 r--s 00000000 08:02 4198766                    /var/cache/fontconfig/9b89f8e3dae116d678bbf48e5f21f69b-le64.cache-6
7ff3b40d1000-7ff3b40d4000 r--s 00000000 08:02 4195400                    /var/cache/fontconfig/e13b20fdb08344e0e664864cc2ede53d-le64.cache-6
7ff3b40d4000-7ff3b40da000 r--s 00000000 08:02 4202079                    /var/cache/fontconfig/3830d5c3ddfd5cd38a049b759396e72e-le64.cache-6
7ff3b40da000-7ff3b4104000 r--p 00000000 08:02 3815303                    /usr/share/locale-langpack/es/LC_MESSAGES/gtk20-properties.mo
7ff3b4104000-7ff3b4113000 r--p 00000000 08:02 3815986                    /usr/share/locale-langpack/es/LC_MESSAGES/gtk20.mo
7ff3b4113000-7ff3b411a000 r--s 00000000 08:02 3671625                    /usr/lib/x86_64-linux-gnu/gconv/gconv-modules.cache
7ff3b411a000-7ff3b413f000 r--p 00000000 08:02 3813115                    /usr/share/locale-langpack/es/LC_MESSAGES/libc.mo
7ff3b413f000-7ff3b414b000 r-xp 00000000 08:02 2885488                    /opt/jdk/jdk1.8.0_161/jre/lib/amd64/libprism_es2.so
7ff3b414b000-7ff3b434a000 ---p 0000c000 08:02 2885488                    /opt/jdk/jdk1.8.0_161/jre/lib/amd64/libprism_es2.so
7ff3b434a000-7ff3b434b000 rw-p 0000b000 08:02 2885488                    /opt/jdk/jdk1.8.0_161/jre/lib/amd64/libprism_es2.so
7ff3b434b000-7ff3b434e000 ---p 00000000 00:00 0 
7ff3b434e000-7ff3b444c000 rw-p 00000000 00:00 0 
7ff3b444c000-7ff3b444d000 ---p 00000000 00:00 0 
7ff3b444d000-7ff3b454d000 rw-p 00000000 00:00 0 
7ff3b454d000-7ff3b4550000 ---p 00000000 00:00 0 
7ff3b4550000-7ff3b464e000 rw-p 00000000 00:00 0 
7ff3b464e000-7ff3b4651000 ---p 00000000 00:00 0 
7ff3b4651000-7ff3b474f000 rw-p 00000000 00:00 0 
7ff3b474f000-7ff3b4765000 r-xp 00000000 08:02 2885484                    /opt/jdk/jdk1.8.0_161/jre/lib/amd64/libnet.so
7ff3b4765000-7ff3b4965000 ---p 00016000 08:02 2885484                    /opt/jdk/jdk1.8.0_161/jre/lib/amd64/libnet.so
7ff3b4965000-7ff3b4966000 rw-p 00016000 08:02 2885484                    /opt/jdk/jdk1.8.0_161/jre/lib/amd64/libnet.so
7ff3b4966000-7ff3b4969000 ---p 00000000 00:00 0 
7ff3b4969000-7ff3b4a67000 rw-p 00000000 00:00 0 
7ff3b4a67000-7ff3b4a6a000 ---p 00000000 00:00 0 
7ff3b4a6a000-7ff3b4b68000 rw-p 00000000 00:00 0 
7ff3b4b68000-7ff3b4b7a000 r--s 00117000 08:02 1315416                    /home/blacksabbathx/IdeaProjects/ProyectoCine/src/sources/controlsfx-8.40.14.jar
7ff3b4b7a000-7ff3b4b8f000 r--s 00237000 08:02 1313300                    /home/blacksabbathx/IdeaProjects/ProyectoCine/src/sources/jfoenix-8.0.1.jar
7ff3b4b8f000-7ff3b4ba2000 r--s 00345000 08:02 2885308                    /opt/jdk/jdk1.8.0_161/jre/lib/resources.jar
7ff3b4ba2000-7ff3b4bb5000 r--s 000d6000 08:02 2885212                    /opt/jdk/jdk1.8.0_161/jre/lib/plugin.jar
7ff3b4bb5000-7ff3b4c4b000 r--s 0110a000 08:02 2885332                    /opt/jdk/jdk1.8.0_161/jre/lib/ext/jfxrt.jar
7ff3b4c4b000-7ff3b4c4e000 ---p 00000000 00:00 0 
7ff3b4c4e000-7ff3b4d4c000 rw-p 00000000 00:00 0 
7ff3b4d4c000-7ff3b5298000 r--p 00000000 08:02 3549632                    /usr/lib/locale/locale-archive
7ff3b5298000-7ff3b529b000 ---p 00000000 00:00 0 
7ff3b529b000-7ff3b5399000 rw-p 00000000 00:00 0 
7ff3b5399000-7ff3b539c000 ---p 00000000 00:00 0 
7ff3b539c000-7ff3b549a000 rw-p 00000000 00:00 0 
7ff3b549a000-7ff3b549b000 ---p 00000000 00:00 0 
7ff3b549b000-7ff3b5ea4000 rw-p 00000000 00:00 0 
7ff3b5ea4000-7ff3b607d000 r--s 03d64000 08:02 2885270                    /opt/jdk/jdk1.8.0_161/jre/lib/rt.jar
7ff3b607d000-7ff3b885d000 rw-p 00000000 00:00 0 
7ff3b885d000-7ff3b885e000 ---p 00000000 00:00 0 
7ff3b885e000-7ff3b895e000 rw-p 00000000 00:00 0 
7ff3b895e000-7ff3b895f000 ---p 00000000 00:00 0 
7ff3b895f000-7ff3b8a8f000 rw-p 00000000 00:00 0 
7ff3b8a8f000-7ff3b8b9f000 ---p 00000000 00:00 0 
7ff3b8b9f000-7ff3b8bb1000 rw-p 00000000 00:00 0 
7ff3b8bb1000-7ff3b8c3f000 ---p 00000000 00:00 0 
7ff3b8c3f000-7ff3b8c5b000 rw-p 00000000 00:00 0 
7ff3b8c5b000-7ff3b9000000 ---p 00000000 00:00 0 
7ff3b9000000-7ff3b96a0000 rwxp 00000000 00:00 0 
7ff3b96a0000-7ff3c8000000 ---p 00000000 00:00 0 
7ff3c8000000-7ff3c851b000 rw-p 00000000 00:00 0 
7ff3c851b000-7ff3cc000000 ---p 00000000 00:00 0 
7ff3cc002000-7ff3cc003000 rw-s 00000000 00:05 534480                     /drm mm object (deleted)
7ff3cc003000-7ff3cc005000 r--s 0001a000 08:02 5115840                    /home/blacksabbathx/.local/share/JetBrains/Toolbox/apps/IDEA-U/ch-0/181.4445.78/lib/idea_rt.jar
7ff3cc005000-7ff3cc00a000 r--s 0009d000 08:02 2885327                    /opt/jdk/jdk1.8.0_161/jre/lib/jsse.jar
7ff3cc00a000-7ff3cc00f000 r--s 00084000 08:02 2885187                    /opt/jdk/jdk1.8.0_161/jre/lib/jfr.jar
7ff3cc00f000-7ff3cc018000 r--s 0006d000 08:02 2885197                    /opt/jdk/jdk1.8.0_161/jre/lib/javaws.jar
7ff3cc018000-7ff3cc034000 r--s 0020b000 08:02 2885188                    /opt/jdk/jdk1.8.0_161/jre/lib/deploy.jar
7ff3cc034000-7ff3cc0b3000 rw-p 00000000 00:00 0 
7ff3cc0b3000-7ff3cc1c3000 ---p 00000000 00:00 0 
7ff3cc1c3000-7ff3cc1de000 r-xp 00000000 08:02 2885480                    /opt/jdk/jdk1.8.0_161/jre/lib/amd64/libzip.so
7ff3cc1de000-7ff3cc3de000 ---p 0001b000 08:02 2885480                    /opt/jdk/jdk1.8.0_161/jre/lib/amd64/libzip.so
7ff3cc3de000-7ff3cc3df000 rw-p 0001b000 08:02 2885480                    /opt/jdk/jdk1.8.0_161/jre/lib/amd64/libzip.so
7ff3cc3df000-7ff3cc3ea000 r-xp 00000000 08:02 791228                     /lib/x86_64-linux-gnu/libnss_files-2.23.so
7ff3cc3ea000-7ff3cc5e9000 ---p 0000b000 08:02 791228                     /lib/x86_64-linux-gnu/libnss_files-2.23.so
7ff3cc5e9000-7ff3cc5ea000 r--p 0000a000 08:02 791228                     /lib/x86_64-linux-gnu/libnss_files-2.23.so
7ff3cc5ea000-7ff3cc5eb000 rw-p 0000b000 08:02 791228                     /lib/x86_64-linux-gnu/libnss_files-2.23.so
7ff3cc5eb000-7ff3cc5f1000 rw-p 00000000 00:00 0 
7ff3cc5f1000-7ff3cc5fc000 r-xp 00000000 08:02 791238                     /lib/x86_64-linux-gnu/libnss_nis-2.23.so
7ff3cc5fc000-7ff3cc7fb000 ---p 0000b000 08:02 791238                     /lib/x86_64-linux-gnu/libnss_nis-2.23.so
7ff3cc7fb000-7ff3cc7fc000 r--p 0000a000 08:02 791238                     /lib/x86_64-linux-gnu/libnss_nis-2.23.so
7ff3cc7fc000-7ff3cc7fd000 rw-p 0000b000 08:02 791238                     /lib/x86_64-linux-gnu/libnss_nis-2.23.so
7ff3cc7fd000-7ff3cc813000 r-xp 00000000 08:02 791222                     /lib/x86_64-linux-gnu/libnsl-2.23.so
7ff3cc813000-7ff3cca12000 ---p 00016000 08:02 791222                     /lib/x86_64-linux-gnu/libnsl-2.23.so
7ff3cca12000-7ff3cca13000 r--p 00015000 08:02 791222                     /lib/x86_64-linux-gnu/libnsl-2.23.so
7ff3cca13000-7ff3cca14000 rw-p 00016000 08:02 791222                     /lib/x86_64-linux-gnu/libnsl-2.23.so
7ff3cca14000-7ff3cca16000 rw-p 00000000 00:00 0 
7ff3cca16000-7ff3cca1e000 r-xp 00000000 08:02 791224                     /lib/x86_64-linux-gnu/libnss_compat-2.23.so
7ff3cca1e000-7ff3ccc1d000 ---p 00008000 08:02 791224                     /lib/x86_64-linux-gnu/libnss_compat-2.23.so
7ff3ccc1d000-7ff3ccc1e000 r--p 00007000 08:02 791224                     /lib/x86_64-linux-gnu/libnss_compat-2.23.so
7ff3ccc1e000-7ff3ccc1f000 rw-p 00008000 08:02 791224                     /lib/x86_64-linux-gnu/libnss_compat-2.23.so
7ff3ccc1f000-7ff3ccc29000 r-xp 00000000 08:02 2885489                    /opt/jdk/jdk1.8.0_161/jre/lib/amd64/libinstrument.so
7ff3ccc29000-7ff3cce28000 ---p 0000a000 08:02 2885489                    /opt/jdk/jdk1.8.0_161/jre/lib/amd64/libinstrument.so
7ff3cce28000-7ff3cce29000 rw-p 00009000 08:02 2885489                    /opt/jdk/jdk1.8.0_161/jre/lib/amd64/libinstrument.so
7ff3cce29000-7ff3cce54000 r-xp 00000000 08:02 2885474                    /opt/jdk/jdk1.8.0_161/jre/lib/amd64/libjava.so
7ff3cce54000-7ff3cd053000 ---p 0002b000 08:02 2885474                    /opt/jdk/jdk1.8.0_161/jre/lib/amd64/libjava.so
7ff3cd053000-7ff3cd055000 rw-p 0002a000 08:02 2885474                    /opt/jdk/jdk1.8.0_161/jre/lib/amd64/libjava.so
7ff3cd055000-7ff3cd062000 r-xp 00000000 08:02 2885479                    /opt/jdk/jdk1.8.0_161/jre/lib/amd64/libverify.so
7ff3cd062000-7ff3cd262000 ---p 0000d000 08:02 2885479                    /opt/jdk/jdk1.8.0_161/jre/lib/amd64/libverify.so
7ff3cd262000-7ff3cd264000 rw-p 0000d000 08:02 2885479                    /opt/jdk/jdk1.8.0_161/jre/lib/amd64/libverify.so
7ff3cd264000-7ff3cd26b000 r-xp 00000000 08:02 791283                     /lib/x86_64-linux-gnu/librt-2.23.so
7ff3cd26b000-7ff3cd46a000 ---p 00007000 08:02 791283                     /lib/x86_64-linux-gnu/librt-2.23.so
7ff3cd46a000-7ff3cd46b000 r--p 00006000 08:02 791283                     /lib/x86_64-linux-gnu/librt-2.23.so
7ff3cd46b000-7ff3cd46c000 rw-p 00007000 08:02 791283                     /lib/x86_64-linux-gnu/librt-2.23.so
7ff3cd46c000-7ff3cd574000 r-xp 00000000 08:02 791201                     /lib/x86_64-linux-gnu/libm-2.23.so
7ff3cd574000-7ff3cd773000 ---p 00108000 08:02 791201                     /lib/x86_64-linux-gnu/libm-2.23.so
7ff3cd773000-7ff3cd774000 r--p 00107000 08:02 791201                     /lib/x86_64-linux-gnu/libm-2.23.so
7ff3cd774000-7ff3cd775000 rw-p 00108000 08:02 791201                     /lib/x86_64-linux-gnu/libm-2.23.so
7ff3cd775000-7ff3ce44e000 r-xp 00000000 08:02 2885457                    /opt/jdk/jdk1.8.0_161/jre/lib/amd64/server/libjvm.so
7ff3ce44e000-7ff3ce64d000 ---p 00cd9000 08:02 2885457                    /opt/jdk/jdk1.8.0_161/jre/lib/amd64/server/libjvm.so
7ff3ce64d000-7ff3ce726000 rw-p 00cd8000 08:02 2885457                    /opt/jdk/jdk1.8.0_161/jre/lib/amd64/server/libjvm.so
7ff3ce726000-7ff3ce772000 rw-p 00000000 00:00 0 
7ff3ce772000-7ff3ce932000 r-xp 00000000 08:02 791133                     /lib/x86_64-linux-gnu/libc-2.23.so
7ff3ce932000-7ff3ceb32000 ---p 001c0000 08:02 791133                     /lib/x86_64-linux-gnu/libc-2.23.so
7ff3ceb32000-7ff3ceb36000 r--p 001c0000 08:02 791133                     /lib/x86_64-linux-gnu/libc-2.23.so
7ff3ceb36000-7ff3ceb38000 rw-p 001c4000 08:02 791133                     /lib/x86_64-linux-gnu/libc-2.23.so
7ff3ceb38000-7ff3ceb3c000 rw-p 00000000 00:00 0 
7ff3ceb3c000-7ff3ceb3f000 r-xp 00000000 08:02 791155                     /lib/x86_64-linux-gnu/libdl-2.23.so
7ff3ceb3f000-7ff3ced3e000 ---p 00003000 08:02 791155                     /lib/x86_64-linux-gnu/libdl-2.23.so
7ff3ced3e000-7ff3ced3f000 r--p 00002000 08:02 791155                     /lib/x86_64-linux-gnu/libdl-2.23.so
7ff3ced3f000-7ff3ced40000 rw-p 00003000 08:02 791155                     /lib/x86_64-linux-gnu/libdl-2.23.so
7ff3ced40000-7ff3ced56000 r-xp 00000000 08:02 2885095                    /opt/jdk/jdk1.8.0_161/lib/amd64/jli/libjli.so
7ff3ced56000-7ff3cef55000 ---p 00016000 08:02 2885095                    /opt/jdk/jdk1.8.0_161/lib/amd64/jli/libjli.so
7ff3cef55000-7ff3cef56000 rw-p 00015000 08:02 2885095                    /opt/jdk/jdk1.8.0_161/lib/amd64/jli/libjli.so
7ff3cef56000-7ff3cef6e000 r-xp 00000000 08:02 791275                     /lib/x86_64-linux-gnu/libpthread-2.23.so
7ff3cef6e000-7ff3cf16d000 ---p 00018000 08:02 791275                     /lib/x86_64-linux-gnu/libpthread-2.23.so
7ff3cf16d000-7ff3cf16e000 r--p 00017000 08:02 791275                     /lib/x86_64-linux-gnu/libpthread-2.23.so
7ff3cf16e000-7ff3cf16f000 rw-p 00018000 08:02 791275                     /lib/x86_64-linux-gnu/libpthread-2.23.so
7ff3cf16f000-7ff3cf173000 rw-p 00000000 00:00 0 
7ff3cf173000-7ff3cf199000 r-xp 00000000 08:02 791107                     /lib/x86_64-linux-gnu/ld-2.23.so
7ff3cf199000-7ff3cf19b000 r--s 00007000 08:02 2885502                    /opt/jdk/jdk1.8.0_161/jre/lib/jfxswt.jar
7ff3cf19b000-7ff3cf1a0000 r--s 002f9000 08:02 2885268                    /opt/jdk/jdk1.8.0_161/jre/lib/charsets.jar
7ff3cf1a0000-7ff3cf271000 rw-p 00000000 00:00 0 
7ff3cf271000-7ff3cf274000 ---p 00000000 00:00 0 
7ff3cf274000-7ff3cf377000 rw-p 00000000 00:00 0 
7ff3cf377000-7ff3cf378000 r--s 00000000 08:02 2885194                    /opt/jdk/jdk1.8.0_161/jre/lib/management-agent.jar
7ff3cf378000-7ff3cf37b000 r--s 0001a000 08:02 2885500                    /opt/jdk/jdk1.8.0_161/jre/lib/jce.jar
7ff3cf37b000-7ff3cf38e000 rw-p 00000000 00:00 0 
7ff3cf38e000-7ff3cf396000 rw-s 00000000 08:02 3015319                    /tmp/hsperfdata_blacksabbathx/6702
7ff3cf396000-7ff3cf397000 rw-p 00000000 00:00 0 
7ff3cf397000-7ff3cf398000 r--p 00000000 00:00 0 
7ff3cf398000-7ff3cf399000 r--p 00025000 08:02 791107                     /lib/x86_64-linux-gnu/ld-2.23.so
7ff3cf399000-7ff3cf39a000 rw-p 00026000 08:02 791107                     /lib/x86_64-linux-gnu/ld-2.23.so
7ff3cf39a000-7ff3cf39b000 rw-p 00000000 00:00 0 
7ffc5335f000-7ffc53380000 rw-p 00000000 00:00 0                          [stack]
7ffc533f9000-7ffc533fc000 r--p 00000000 00:00 0                          [vvar]
7ffc533fc000-7ffc533fe000 r-xp 00000000 00:00 0                          [vdso]
ffffffffff600000-ffffffffff601000 r-xp 00000000 00:00 0                  [vsyscall]

VM Arguments:
jvm_args: -javaagent:/home/blacksabbathx/.local/share/JetBrains/Toolbox/apps/IDEA-U/ch-0/181.4445.78/lib/idea_rt.jar=38151:/home/blacksabbathx/.local/share/JetBrains/Toolbox/apps/IDEA-U/ch-0/181.4445.78/bin -Dfile.encoding=UTF-8 
java_command: MainClass
java_class_path (initial): /opt/jdk/jdk1.8.0_161/jre/lib/charsets.jar:/opt/jdk/jdk1.8.0_161/jre/lib/deploy.jar:/opt/jdk/jdk1.8.0_161/jre/lib/ext/cldrdata.jar:/opt/jdk/jdk1.8.0_161/jre/lib/ext/dnsns.jar:/opt/jdk/jdk1.8.0_161/jre/lib/ext/jaccess.jar:/opt/jdk/jdk1.8.0_161/jre/lib/ext/jfxrt.jar:/opt/jdk/jdk1.8.0_161/jre/lib/ext/localedata.jar:/opt/jdk/jdk1.8.0_161/jre/lib/ext/nashorn.jar:/opt/jdk/jdk1.8.0_161/jre/lib/ext/sunec.jar:/opt/jdk/jdk1.8.0_161/jre/lib/ext/sunjce_provider.jar:/opt/jdk/jdk1.8.0_161/jre/lib/ext/sunpkcs11.jar:/opt/jdk/jdk1.8.0_161/jre/lib/ext/zipfs.jar:/opt/jdk/jdk1.8.0_161/jre/lib/javaws.jar:/opt/jdk/jdk1.8.0_161/jre/lib/jce.jar:/opt/jdk/jdk1.8.0_161/jre/lib/jfr.jar:/opt/jdk/jdk1.8.0_161/jre/lib/jfxswt.jar:/opt/jdk/jdk1.8.0_161/jre/lib/jsse.jar:/opt/jdk/jdk1.8.0_161/jre/lib/management-agent.jar:/opt/jdk/jdk1.8.0_161/jre/lib/plugin.jar:/opt/jdk/jdk1.8.0_161/jre/lib/resources.jar:/opt/jdk/jdk1.8.0_161/jre/lib/rt.jar:/home/blacksabbathx/IdeaProjects/ProyectoCine/out/production/ProyectoCine:/home/blacksabbathx/IdeaProjects/ProyectoCine/src/sources/jfoenix-8.0.1.jar:/home/blacksabbathx/IdeaProjects/ProyectoCine/src/sources/controlsfx-8.40.14.jar:/home/blacksabbathx/.local/share/JetBrains/Toolbox/apps/IDEA-U/ch-0/181.4445.78/lib/idea_rt.jar
Launcher Type: SUN_STANDARD

Environment Variables:
PATH=/home/blacksabbathx/bin:/home/blacksabbathx/.local/bin:/usr/local/sbin:/usr/local/bin:/usr/sbin:/usr/bin:/sbin:/bin:/usr/games:/usr/local/games:/snap/bin
SHELL=/bin/bash
DISPLAY=:0

Signal Handlers:
SIGSEGV: [libjvm.so+0xad01e0], sa_mask[0]=11111111011111111101111111111110, sa_flags=SA_RESTART|SA_SIGINFO
SIGBUS: [libjvm.so+0xad01e0], sa_mask[0]=11111111011111111101111111111110, sa_flags=SA_RESTART|SA_SIGINFO
SIGFPE: [libjvm.so+0x927fb0], sa_mask[0]=11111111011111111101111111111110, sa_flags=SA_RESTART|SA_SIGINFO
SIGPIPE: SIG_IGN, sa_mask[0]=00000000000010000000000000000000, sa_flags=SA_RESTART
SIGXFSZ: [libjvm.so+0x927fb0], sa_mask[0]=11111111011111111101111111111110, sa_flags=SA_RESTART|SA_SIGINFO
SIGILL: [libjvm.so+0x927fb0], sa_mask[0]=11111111011111111101111111111110, sa_flags=SA_RESTART|SA_SIGINFO
SIGUSR1: SIG_DFL, sa_mask[0]=00000000000000000000000000000000, sa_flags=none
SIGUSR2: [libjvm.so+0x9297f0], sa_mask[0]=00100000000000000000000000000000, sa_flags=SA_RESTART|SA_SIGINFO
SIGHUP: [libjvm.so+0x92abf0], sa_mask[0]=11111111011111111101111111111110, sa_flags=SA_RESTART|SA_SIGINFO
SIGINT: [libjvm.so+0x92abf0], sa_mask[0]=11111111011111111101111111111110, sa_flags=SA_RESTART|SA_SIGINFO
SIGTERM: [libjvm.so+0x92abf0], sa_mask[0]=11111111011111111101111111111110, sa_flags=SA_RESTART|SA_SIGINFO
SIGQUIT: [libjvm.so+0x92abf0], sa_mask[0]=11111111011111111101111111111110, sa_flags=SA_RESTART|SA_SIGINFO


---------------  S Y S T E M  ---------------

OS:DISTRIB_ID=neon
DISTRIB_RELEASE=16.04
DISTRIB_CODENAME=xenial
DISTRIB_DESCRIPTION="KDE neon User Edition 5.12"

uname:Linux 4.13.0-38-generic #43~16.04.1-Ubuntu SMP Wed Mar 14 17:48:43 UTC 2018 x86_64
libc:glibc 2.23 NPTL 2.23 
rlimit: STACK 8192k, CORE 0k, NPROC 15129, NOFILE 1048576, AS infinity
load average:3,48 2,80 2,29

/proc/meminfo:
MemTotal:        3927388 kB
MemFree:          169812 kB
MemAvailable:     488936 kB
Buffers:           36888 kB
Cached:           791924 kB
SwapCached:        29992 kB
Active:          2753008 kB
Inactive:         831640 kB
Active(anon):    2440284 kB
Inactive(anon):   639916 kB
Active(file):     312724 kB
Inactive(file):   191724 kB
Unevictable:          32 kB
Mlocked:              32 kB
SwapTotal:       3907580 kB
SwapFree:        3506228 kB
Dirty:              8812 kB
Writeback:           196 kB
AnonPages:       2747720 kB
Mapped:           264164 kB
Shmem:            372572 kB
Slab:              86212 kB
SReclaimable:      47012 kB
SUnreclaim:        39200 kB
KernelStack:        7232 kB
PageTables:        38736 kB
NFS_Unstable:          0 kB
Bounce:                0 kB
WritebackTmp:          0 kB
CommitLimit:     5871272 kB
Committed_AS:    5466200 kB
VmallocTotal:   34359738367 kB
VmallocUsed:           0 kB
VmallocChunk:          0 kB
HardwareCorrupted:     0 kB
AnonHugePages:         0 kB
ShmemHugePages:        0 kB
ShmemPmdMapped:        0 kB
CmaTotal:              0 kB
CmaFree:               0 kB
HugePages_Total:       0
HugePages_Free:        0
HugePages_Rsvd:        0
HugePages_Surp:        0
Hugepagesize:       2048 kB
DirectMap4k:      294912 kB
DirectMap2M:     3786752 kB


CPU:total 2 (initial active 2) (2 cores per cpu, 1 threads per core) family 6 model 76 stepping 4, cmov, cx8, fxsr, mmx, sse, sse2, sse3, ssse3, sse4.1, sse4.2, popcnt, aes, clmul, erms, 3dnowpref, tsc, tscinvbit

/proc/cpuinfo:
processor	: 0
vendor_id	: GenuineIntel
cpu family	: 6
model		: 76
model name	: Intel(R) Celeron(R) CPU  N3060  @ 1.60GHz
stepping	: 4
microcode	: 0x404
cpu MHz		: 2480.001
cache size	: 1024 KB
physical id	: 0
siblings	: 2
core id		: 0
cpu cores	: 2
apicid		: 0
initial apicid	: 0
fpu		: yes
fpu_exception	: yes
cpuid level	: 11
wp		: yes
flags		: fpu vme de pse tsc msr pae mce cx8 apic sep mtrr pge mca cmov pat pse36 clflush dts acpi mmx fxsr sse sse2 ss ht tm pbe syscall nx rdtscp lm constant_tsc arch_perfmon pebs bts rep_good nopl xtopology tsc_reliable nonstop_tsc cpuid aperfmperf tsc_known_freq pni pclmulqdq dtes64 monitor ds_cpl vmx est tm2 ssse3 cx16 xtpr pdcm sse4_1 sse4_2 movbe popcnt tsc_deadline_timer aes rdrand lahf_lm 3dnowprefetch epb pti retpoline tpr_shadow vnmi flexpriority ept vpid tsc_adjust smep erms dtherm ida arat
bugs		: cpu_meltdown spectre_v1 spectre_v2
bogomips	: 3200.00
clflush size	: 64
cache_alignment	: 64
address sizes	: 36 bits physical, 48 bits virtual
power management:

processor	: 1
vendor_id	: GenuineIntel
cpu family	: 6
model		: 76
model name	: Intel(R) Celeron(R) CPU  N3060  @ 1.60GHz
stepping	: 4
microcode	: 0x404
cpu MHz		: 2480.000
cache size	: 1024 KB
physical id	: 0
siblings	: 2
core id		: 2
cpu cores	: 2
apicid		: 4
initial apicid	: 4
fpu		: yes
fpu_exception	: yes
cpuid level	: 11
wp		: yes
flags		: fpu vme de pse tsc msr pae mce cx8 apic sep mtrr pge mca cmov pat pse36 clflush dts acpi mmx fxsr sse sse2 ss ht tm pbe syscall nx rdtscp lm constant_tsc arch_perfmon pebs bts rep_good nopl xtopology tsc_reliable nonstop_tsc cpuid aperfmperf tsc_known_freq pni pclmulqdq dtes64 monitor ds_cpl vmx est tm2 ssse3 cx16 xtpr pdcm sse4_1 sse4_2 movbe popcnt tsc_deadline_timer aes rdrand lahf_lm 3dnowprefetch epb pti retpoline tpr_shadow vnmi flexpriority ept vpid tsc_adjust smep erms dtherm ida arat
bugs		: cpu_meltdown spectre_v1 spectre_v2
bogomips	: 3200.00
clflush size	: 64
cache_alignment	: 64
address sizes	: 36 bits physical, 48 bits virtual
power management:



Memory: 4k page, physical 3927388k(169564k free), swap 3907580k(3506228k free)

vm_info: Java HotSpot(TM) 64-Bit Server VM (25.161-b12) for linux-amd64 JRE (1.8.0_161-b12), built on Dec 19 2017 16:12:43 by "java_re" with gcc 4.3.0 20080428 (Red Hat 4.3.0-8)

time: Wed Apr 18 20:13:17 2018
elapsed time: 15 seconds (0d 0h 0m 15s)

