#
# A fatal error has been detected by the Java Runtime Environment:
#
#  SIGSEGV (0xb) at pc=0x00007f77a0e70788, pid=8754, tid=0x00007f7780193700
#
# JRE version: Java(TM) SE Runtime Environment (8.0_161-b12) (build 1.8.0_161-b12)
# Java VM: Java HotSpot(TM) 64-Bit Server VM (25.161-b12 mixed mode linux-amd64 compressed oops)
# Problematic frame:
# V  [libjvm.so+0x6d7788]  jni_invoke_nonstatic(JNIEnv_*, JavaValue*, _jobject*, JNICallType, _jmethodID*, JNI_ArgumentPusher*, Thread*)+0x38
#
# Failed to write core dump. Core dumps have been disabled. To enable core dumping, try "ulimit -c unlimited" before starting Java again
#
# If you would like to submit a bug report, please visit:
#   http://bugreport.java.com/bugreport/crash.jsp
#

---------------  T H R E A D  ---------------

Current thread (0x00007f779c306800):  JavaThread "JavaFX Application Thread" [_thread_in_vm, id=8779, stack(0x00007f7780093000,0x00007f7780194000)]

siginfo: si_signo: 11 (SIGSEGV), si_code: 1 (SEGV_MAPERR), si_addr: 0xffffffffffffffff

Registers:
RAX=0x00007f7780192140, RBX=0x00007f7780192050, RCX=0x0000000000000001, RDX=0xffffffffffffffff
RSP=0x00007f7780191ea0, RBP=0x00007f7780192020, RSI=0x00007f77801920b0, RDI=0x00007f779c3069f8
R8 =0x00007f779c2c3c38, R9 =0x00007f7780192050, R10=0x00007f773c186f70, R11=0x00007f778c8cb600
R12=0x00007f779c306800, R13=0x00007f779c2c3c38, R14=0x0000000000000001, R15=0x00007f779c3069f8
RIP=0x00007f77a0e70788, EFLAGS=0x0000000000010286, CSGSFS=0x002b000000000033, ERR=0x0000000000000005
  TRAPNO=0x000000000000000e

Top of Stack: (sp=0x00007f7780191ea0)
0x00007f7780191ea0:   00007f77801925a0 00007f77801921c0
0x00007f7780191eb0:   00007f7780191f00 00007f7780191f80
0x00007f7780191ec0:   00007f7780192050 00007f77801920b0
0x00007f7780191ed0:   00007f779c3069f8 00007f77a0e90290
0x00007f7780191ee0:   00007f7760021a40 00007f7760021a50
0x00007f7780191ef0:   00007f7760021e28 00000000000003d8
0x00007f7780191f00:   00007f779c3063a8 00000000c7ee1f18
0x00007f7780191f10:   00007f770000006f 00007f770000000a
0x00007f7780191f20:   00000000ec94c210 00007f7700000000
0x00007f7780191f30:   0004000500000016 00007f774dde4665
0x00007f7780191f40:   00007f778b394c30 0000000100000100
0x00007f7780191f50:   00007f778b41c748 00007f7780191f08
0x00007f7780191f60:   00007f7780191f49 0000000800000005
0x00007f7780191f70:   00007f778b438d00 00007f779c3063b0
0x00007f7780191f80:   00007f77a1703e70 00007f77a2240720
0x00007f7780191f90:   000000009c306240 00007f779c306800
0x00007f7780191fa0:   0000000000000000 00007f77a0e70b5b
0x00007f7780191fb0:   00007f778b39ed78 00007f779c306800
0x00007f7780191fc0:   00007f778b39ed78 00007f779c306800
0x00007f7780191fd0:   00007f7780192160 00007f778b39ed78
0x00007f7780191fe0:   00007f778b39ed78 00007f778b39ed78
0x00007f7780191ff0:   00007f7760021a40 00007f7780192050
0x00007f7780192000:   00007f779c306800 00007f7780192090
0x00007f7780192010:   00007f779c2c3c38 00007f779c3069f8
0x00007f7780192020:   00007f7780192110 00007f77a0e74f2f
0x00007f7780192030:   00007f779c306800 00007f77886d8094
0x00007f7780192040:   00007f7780192128 ffffffffffffffff
0x00007f7780192050:   00007f77a1704af0 00007f77a2240720
0x00007f7780192060:   00000000801920d0 00007f7700000063
0x00007f7780192070:   0000000000000000 0000003000000018
0x00007f7780192080:   00007f7780192200 00007f7780192140
0x00007f7780192090:   00007f779c306800 0000000000000000 

Instructions: (pc=0x00007f77a0e70788)
0x00007f77a0e70768:   00 00 48 85 d2 48 89 bd b0 fe ff ff 48 89 b5 a8
0x00007f77a0e70778:   fe ff ff 4c 89 8d a0 fe ff ff 0f 84 78 09 00 00
0x00007f77a0e70788:   4c 8b 22 4d 85 e4 0f 84 6c 09 00 00 48 8b 45 10
0x00007f77a0e70798:   48 8b 98 38 01 00 00 48 83 7b 18 f7 0f 87 16 07 

Register to memory mapping:

RAX=0x00007f7780192140 is pointing into the stack for thread: 0x00007f779c306800
RBX=0x00007f7780192050 is pointing into the stack for thread: 0x00007f779c306800
RCX=0x0000000000000001 is an unknown value
RDX=0xffffffffffffffff is an unknown value
RSP=0x00007f7780191ea0 is pointing into the stack for thread: 0x00007f779c306800
RBP=0x00007f7780192020 is pointing into the stack for thread: 0x00007f779c306800
RSI=0x00007f77801920b0 is pointing into the stack for thread: 0x00007f779c306800
RDI=0x00007f779c3069f8 is an unknown value
R8 =0x00007f779c2c3c38 is an unknown value
R9 =0x00007f7780192050 is pointing into the stack for thread: 0x00007f779c306800
R10=0x00007f773c186f70 is an unknown value
R11=0x00007f778c8cb600 is at entry_point+32 in (nmethod*)0x00007f778c8cb490
R12=0x00007f779c306800 is a thread
R13=0x00007f779c2c3c38 is an unknown value
R14=0x0000000000000001 is an unknown value
R15=0x00007f779c3069f8 is an unknown value


Stack: [0x00007f7780093000,0x00007f7780194000],  sp=0x00007f7780191ea0,  free space=1019k
Native frames: (J=compiled Java code, j=interpreted, Vv=VM code, C=native code)
V  [libjvm.so+0x6d7788]  jni_invoke_nonstatic(JNIEnv_*, JavaValue*, _jobject*, JNICallType, _jmethodID*, JNI_ArgumentPusher*, Thread*)+0x38
V  [libjvm.so+0x6dbf2f]  jni_CallVoidMethodV+0x10f
C  [libglass.so+0x18641]  JNIEnv_::CallVoidMethod(_jobject*, _jmethodID*, ...)+0x81
C  [libglass.so+0x14f0f]  WindowContextBase::process_key(_GdkEventKey*)+0x20f
C  [libglass.so+0x19f60]  WindowContextBase::im_filter_keypress(_GdkEventKey*)+0x1c0
C  [libglass.so+0x1a91c]  process_events(_GdkEvent*, void*)+0x22c
C  [libgdk-x11-2.0.so.0+0x5ac8c]

Java frames: (J=compiled Java code, j=interpreted, Vv=VM code)
j  com.sun.glass.ui.gtk.GtkApplication._runLoop(Ljava/lang/Runnable;Z)V+0
j  com.sun.glass.ui.gtk.GtkApplication.lambda$null$48(Ljava/lang/Runnable;Z)V+7
j  com.sun.glass.ui.gtk.GtkApplication$$Lambda$41.run()V+12
j  java.lang.Thread.run()V+11
v  ~StubRoutines::call_stub

---------------  P R O C E S S  ---------------

Java Threads: ( => current thread )
  0x00007f773c2d7000 JavaThread "Prism Font Disposer" daemon [_thread_blocked, id=8792, stack(0x00007f7748f52000,0x00007f7749053000)]
  0x00007f779c30a000 JavaThread "JavaFX-Launcher" [_thread_blocked, id=8780, stack(0x00007f77680dd000,0x00007f77681de000)]
=>0x00007f779c306800 JavaThread "JavaFX Application Thread" [_thread_in_vm, id=8779, stack(0x00007f7780093000,0x00007f7780194000)]
  0x00007f779c302800 JavaThread "Thread-1" daemon [_thread_blocked, id=8778, stack(0x00007f77838ba000,0x00007f77839bb000)]
  0x00007f779c2b4000 JavaThread "QuantumRenderer-0" daemon [_thread_blocked, id=8777, stack(0x00007f7789172000,0x00007f7789273000)]
  0x00007f779c1ef800 JavaThread "Service Thread" daemon [_thread_blocked, id=8775, stack(0x00007f7789374000,0x00007f7789475000)]
  0x00007f779c1ec000 JavaThread "C1 CompilerThread1" daemon [_thread_blocked, id=8774, stack(0x00007f7789475000,0x00007f7789576000)]
  0x00007f779c1ea000 JavaThread "C2 CompilerThread0" daemon [_thread_in_native, id=8773, stack(0x00007f778978d000,0x00007f778988e000)]
  0x00007f779c1e8800 JavaThread "Monitor Ctrl-Break" daemon [_thread_in_native, id=8772, stack(0x00007f778988e000,0x00007f778998f000)]
  0x00007f779c13c000 JavaThread "Signal Dispatcher" daemon [_thread_blocked, id=8771, stack(0x00007f7789a79000,0x00007f7789b7a000)]
  0x00007f779c109000 JavaThread "Finalizer" daemon [_thread_blocked, id=8770, stack(0x00007f778a0c6000,0x00007f778a1c7000)]
  0x00007f779c104800 JavaThread "Reference Handler" daemon [_thread_blocked, id=8769, stack(0x00007f778a1c7000,0x00007f778a2c8000)]
  0x00007f779c00c000 JavaThread "main" [_thread_blocked, id=8756, stack(0x00007f77a2295000,0x00007f77a2396000)]

Other Threads:
  0x00007f779c0fd000 VMThread [stack: 0x00007f778a2c8000,0x00007f778a3c9000] [id=8767]
  0x00007f779c1f4800 WatcherThread [stack: 0x00007f7789273000,0x00007f7789374000] [id=8776]

VM state:not at safepoint (normal execution)

VM Mutex/Monitor currently owned by a thread: None

Heap:
 PSYoungGen      total 17920K, used 14603K [0x00000000ec000000, 0x00000000ee300000, 0x0000000100000000)
  eden space 15360K, 78% used [0x00000000ec000000,0x00000000ecbcae48,0x00000000ecf00000)
  from space 2560K, 98% used [0x00000000ee080000,0x00000000ee2f8030,0x00000000ee300000)
  to   space 2560K, 0% used [0x00000000ecf00000,0x00000000ecf00000,0x00000000ed180000)
 ParOldGen       total 98304K, used 66542K [0x00000000c4000000, 0x00000000ca000000, 0x00000000ec000000)
  object space 98304K, 67% used [0x00000000c4000000,0x00000000c80fb8c8,0x00000000ca000000)
 Metaspace       used 20011K, capacity 20934K, committed 21248K, reserved 1067008K
  class space    used 2790K, capacity 3008K, committed 3072K, reserved 1048576K

Card table byte_map: [0x00007f778bbcd000,0x00007f778bdae000] byte_map_base: 0x00007f778b5ad000

Marking Bits: (ParMarkBitMap*) 0x00007f77a1768920
 Begin Bits: [0x00007f7781a8b000, 0x00007f778298b000)
 End Bits:   [0x00007f778298b000, 0x00007f778388b000)

Polling page: 0x00007f77a23bb000

CodeCache: size=245760Kb used=11882Kb max_used=11882Kb free=233877Kb
 bounds [0x00007f778c16e000, 0x00007f778cd1e000, 0x00007f779b16e000]
 total_blobs=4411 nmethods=3748 adapters=575
 compilation: enabled

Compilation events (10 events):
Event: 58,928 Thread 0x00007f779c1ec000 nmethod 3870 0x00007f778cd0a350 code [0x00007f778cd0a500, 0x00007f778cd0ab58]
Event: 58,928 Thread 0x00007f779c1ec000 3872       1       com.sun.javafx.text.TextRun::getLength (5 bytes)
Event: 58,928 Thread 0x00007f779c1ec000 nmethod 3872 0x00007f778cd019d0 code [0x00007f778cd01b20, 0x00007f778cd01c30]
Event: 58,928 Thread 0x00007f779c1ec000 3873       1       com.sun.javafx.font.CompositeStrike::getFontResource (5 bytes)
Event: 58,929 Thread 0x00007f779c1ec000 nmethod 3873 0x00007f778cd01710 code [0x00007f778cd01860, 0x00007f778cd01970]
Event: 58,934 Thread 0x00007f779c1ec000 3883       3       javafx.geometry.Bounds::getDepth (5 bytes)
Event: 58,935 Thread 0x00007f779c1ec000 nmethod 3883 0x00007f778cd0ae90 code [0x00007f778cd0afe0, 0x00007f778cd0b130]
Event: 58,935 Thread 0x00007f779c1ec000 3880       3       javafx.scene.layout.Region::snapSpace (9 bytes)
Event: 58,935 Thread 0x00007f779c1ec000 nmethod 3880 0x00007f778cd0b1d0 code [0x00007f778cd0b340, 0x00007f778cd0b608]
Event: 58,935 Thread 0x00007f779c1ec000 3881       3       javafx.scene.Node::computeLocalBounds (135 bytes)

GC Heap History (8 events):
Event: 2,637 GC heap before
{Heap before GC invocations=1 (full 0):
 PSYoungGen      total 17920K, used 15360K [0x00000000ec000000, 0x00000000ed400000, 0x0000000100000000)
  eden space 15360K, 100% used [0x00000000ec000000,0x00000000ecf00000,0x00000000ecf00000)
  from space 2560K, 0% used [0x00000000ed180000,0x00000000ed180000,0x00000000ed400000)
  to   space 2560K, 0% used [0x00000000ecf00000,0x00000000ecf00000,0x00000000ed180000)
 ParOldGen       total 40960K, used 0K [0x00000000c4000000, 0x00000000c6800000, 0x00000000ec000000)
  object space 40960K, 0% used [0x00000000c4000000,0x00000000c4000000,0x00000000c6800000)
 Metaspace       used 8573K, capacity 8902K, committed 9088K, reserved 1056768K
  class space    used 1044K, capacity 1133K, committed 1152K, reserved 1048576K
Event: 2,661 GC heap after
Heap after GC invocations=1 (full 0):
 PSYoungGen      total 17920K, used 1728K [0x00000000ec000000, 0x00000000ed400000, 0x0000000100000000)
  eden space 15360K, 0% used [0x00000000ec000000,0x00000000ec000000,0x00000000ecf00000)
  from space 2560K, 67% used [0x00000000ecf00000,0x00000000ed0b0040,0x00000000ed180000)
  to   space 2560K, 0% used [0x00000000ed180000,0x00000000ed180000,0x00000000ed400000)
 ParOldGen       total 40960K, used 72K [0x00000000c4000000, 0x00000000c6800000, 0x00000000ec000000)
  object space 40960K, 0% used [0x00000000c4000000,0x00000000c4012010,0x00000000c6800000)
 Metaspace       used 8573K, capacity 8902K, committed 9088K, reserved 1056768K
  class space    used 1044K, capacity 1133K, committed 1152K, reserved 1048576K
}
Event: 5,949 GC heap before
{Heap before GC invocations=2 (full 0):
 PSYoungGen      total 17920K, used 17088K [0x00000000ec000000, 0x00000000ed400000, 0x0000000100000000)
  eden space 15360K, 100% used [0x00000000ec000000,0x00000000ecf00000,0x00000000ecf00000)
  from space 2560K, 67% used [0x00000000ecf00000,0x00000000ed0b0040,0x00000000ed180000)
  to   space 2560K, 0% used [0x00000000ed180000,0x00000000ed180000,0x00000000ed400000)
 ParOldGen       total 98304K, used 57025K [0x00000000c4000000, 0x00000000ca000000, 0x00000000ec000000)
  object space 98304K, 58% used [0x00000000c4000000,0x00000000c77b04a0,0x00000000ca000000)
 Metaspace       used 13164K, capacity 13676K, committed 13824K, reserved 1060864K
  class space    used 1793K, capacity 1929K, committed 2048K, reserved 1048576K
Event: 5,988 GC heap after
Heap after GC invocations=2 (full 0):
 PSYoungGen      total 17920K, used 2528K [0x00000000ec000000, 0x00000000ee300000, 0x0000000100000000)
  eden space 15360K, 0% used [0x00000000ec000000,0x00000000ec000000,0x00000000ecf00000)
  from space 2560K, 98% used [0x00000000ed180000,0x00000000ed3f8050,0x00000000ed400000)
  to   space 2560K, 0% used [0x00000000ecf00000,0x00000000ecf00000,0x00000000ed180000)
 ParOldGen       total 98304K, used 59104K [0x00000000c4000000, 0x00000000ca000000, 0x00000000ec000000)
  object space 98304K, 60% used [0x00000000c4000000,0x00000000c79b8158,0x00000000ca000000)
 Metaspace       used 13164K, capacity 13676K, committed 13824K, reserved 1060864K
  class space    used 1793K, capacity 1929K, committed 2048K, reserved 1048576K
}
Event: 7,291 GC heap before
{Heap before GC invocations=3 (full 0):
 PSYoungGen      total 17920K, used 17888K [0x00000000ec000000, 0x00000000ee300000, 0x0000000100000000)
  eden space 15360K, 100% used [0x00000000ec000000,0x00000000ecf00000,0x00000000ecf00000)
  from space 2560K, 98% used [0x00000000ed180000,0x00000000ed3f8050,0x00000000ed400000)
  to   space 2560K, 0% used [0x00000000ecf00000,0x00000000ecf00000,0x00000000ed180000)
 ParOldGen       total 98304K, used 59104K [0x00000000c4000000, 0x00000000ca000000, 0x00000000ec000000)
  object space 98304K, 60% used [0x00000000c4000000,0x00000000c79b8158,0x00000000ca000000)
 Metaspace       used 14827K, capacity 15466K, committed 15616K, reserved 1062912K
  class space    used 2050K, capacity 2226K, committed 2304K, reserved 1048576K
Event: 7,315 GC heap after
Heap after GC invocations=3 (full 0):
 PSYoungGen      total 17920K, used 2528K [0x00000000ec000000, 0x00000000ee300000, 0x0000000100000000)
  eden space 15360K, 0% used [0x00000000ec000000,0x00000000ec000000,0x00000000ecf00000)
  from space 2560K, 98% used [0x00000000ecf00000,0x00000000ed178020,0x00000000ed180000)
  to   space 2560K, 0% used [0x00000000ee080000,0x00000000ee080000,0x00000000ee300000)
 ParOldGen       total 98304K, used 63833K [0x00000000c4000000, 0x00000000ca000000, 0x00000000ec000000)
  object space 98304K, 64% used [0x00000000c4000000,0x00000000c7e565f0,0x00000000ca000000)
 Metaspace       used 14827K, capacity 15466K, committed 15616K, reserved 1062912K
  class space    used 2050K, capacity 2226K, committed 2304K, reserved 1048576K
}
Event: 17,482 GC heap before
{Heap before GC invocations=4 (full 0):
 PSYoungGen      total 17920K, used 17873K [0x00000000ec000000, 0x00000000ee300000, 0x0000000100000000)
  eden space 15360K, 99% used [0x00000000ec000000,0x00000000ecefc728,0x00000000ecf00000)
  from space 2560K, 98% used [0x00000000ecf00000,0x00000000ed178020,0x00000000ed180000)
  to   space 2560K, 0% used [0x00000000ee080000,0x00000000ee080000,0x00000000ee300000)
 ParOldGen       total 98304K, used 63833K [0x00000000c4000000, 0x00000000ca000000, 0x00000000ec000000)
  object space 98304K, 64% used [0x00000000c4000000,0x00000000c7e565f0,0x00000000ca000000)
 Metaspace       used 18752K, capacity 19614K, committed 19840K, reserved 1067008K
  class space    used 2708K, capacity 2918K, committed 2944K, reserved 1048576K
Event: 17,506 GC heap after
Heap after GC invocations=4 (full 0):
 PSYoungGen      total 17920K, used 2528K [0x00000000ec000000, 0x00000000ee300000, 0x0000000100000000)
  eden space 15360K, 0% used [0x00000000ec000000,0x00000000ec000000,0x00000000ecf00000)
  from space 2560K, 98% used [0x00000000ee080000,0x00000000ee2f8030,0x00000000ee300000)
  to   space 2560K, 0% used [0x00000000ecf00000,0x00000000ecf00000,0x00000000ed180000)
 ParOldGen       total 98304K, used 66542K [0x00000000c4000000, 0x00000000ca000000, 0x00000000ec000000)
  object space 98304K, 67% used [0x00000000c4000000,0x00000000c80fb8c8,0x00000000ca000000)
 Metaspace       used 18752K, capacity 19614K, committed 19840K, reserved 1067008K
  class space    used 2708K, capacity 2918K, committed 2944K, reserved 1048576K
}

Deoptimization events (10 events):
Event: 22,935 Thread 0x00007f779c2b4000 Uncommon trap: reason=unstable_if action=reinterpret pc=0x00007f778c938008 method=com.sun.openpisces.Renderer.produceAlphas(Lcom/sun/openpisces/AlphaConsumer;)V @ 326
Event: 22,936 Thread 0x00007f779c2b4000 Uncommon trap: reason=unstable_if action=reinterpret pc=0x00007f778c9263ec method=com.sun.openpisces.Renderer.produceAlphas(Lcom/sun/openpisces/AlphaConsumer;)V @ 326
Event: 28,912 Thread 0x00007f779c306800 Uncommon trap: reason=unstable_if action=reinterpret pc=0x00007f778c9da19c method=javafx.scene.Node.updateBounds()V @ 70
Event: 28,912 Thread 0x00007f779c306800 Uncommon trap: reason=unstable_if action=reinterpret pc=0x00007f778c9da19c method=javafx.scene.Node.updateBounds()V @ 70
Event: 52,908 Thread 0x00007f779c306800 Uncommon trap: reason=unstable_if action=reinterpret pc=0x00007f778cbc3cec method=java.util.concurrent.locks.ReentrantLock$NonfairSync.lock()V @ 6
Event: 58,701 Thread 0x00007f779c306800 Uncommon trap: reason=class_check action=maybe_recompile pc=0x00007f778c63610c method=java.io.FilterInputStream.read()I @ 4
Event: 58,701 Thread 0x00007f779c306800 Uncommon trap: reason=class_check action=maybe_recompile pc=0x00007f778c63610c method=java.io.FilterInputStream.read()I @ 4
Event: 58,701 Thread 0x00007f779c306800 Uncommon trap: reason=class_check action=maybe_recompile pc=0x00007f778c63610c method=java.io.FilterInputStream.read()I @ 4
Event: 58,701 Thread 0x00007f779c306800 Uncommon trap: reason=class_check action=maybe_recompile pc=0x00007f778c63610c method=java.io.FilterInputStream.read()I @ 4
Event: 58,837 Thread 0x00007f779c306800 Uncommon trap: reason=unstable_if action=reinterpret pc=0x00007f778cbc6fa8 method=java.util.WeakHashMap.put(Ljava/lang/Object;Ljava/lang/Object;)Ljava/lang/Object; @ 148

Classes redefined (0 events):
No events

Internal exceptions (10 events):
Event: 6,666 Thread 0x00007f779c306800 Exception <a 'java/lang/ArrayIndexOutOfBoundsException'> (0x00000000ec770570) thrown at [/HUDSON/workspace/8-2-build-linux-amd64/jdk8u161/10277/hotspot/src/share/vm/runtime/sharedRuntime.cpp, line 605]
Event: 6,673 Thread 0x00007f779c306800 Exception <a 'java/lang/ArrayIndexOutOfBoundsException'> (0x00000000ec786f58) thrown at [/HUDSON/workspace/8-2-build-linux-amd64/jdk8u161/10277/hotspot/src/share/vm/runtime/sharedRuntime.cpp, line 605]
Event: 6,850 Thread 0x00007f779c306800 Exception <a 'java/io/FileNotFoundException'> (0x00000000ecad5af0) thrown at [/HUDSON/workspace/8-2-build-linux-amd64/jdk8u161/10277/hotspot/src/share/vm/prims/jni.cpp, line 709]
Event: 6,899 Thread 0x00007f779c306800 Exception <a 'java/io/FileNotFoundException'> (0x00000000ecb53380) thrown at [/HUDSON/workspace/8-2-build-linux-amd64/jdk8u161/10277/hotspot/src/share/vm/prims/jni.cpp, line 709]
Event: 6,910 Thread 0x00007f779c306800 Exception <a 'java/io/FileNotFoundException'> (0x00000000ecb7e5c0) thrown at [/HUDSON/workspace/8-2-build-linux-amd64/jdk8u161/10277/hotspot/src/share/vm/prims/jni.cpp, line 709]
Event: 6,941 Thread 0x00007f779c306800 Exception <a 'java/io/FileNotFoundException'> (0x00000000ecbae4f8) thrown at [/HUDSON/workspace/8-2-build-linux-amd64/jdk8u161/10277/hotspot/src/share/vm/prims/jni.cpp, line 709]
Event: 6,957 Thread 0x00007f779c306800 Exception <a 'java/io/FileNotFoundException'> (0x00000000ecbf22f8) thrown at [/HUDSON/workspace/8-2-build-linux-amd64/jdk8u161/10277/hotspot/src/share/vm/prims/jni.cpp, line 709]
Event: 8,043 Thread 0x00007f779c306800 Implicit null exception at 0x00007f778c484435 to 0x00007f778c484651
Event: 8,043 Thread 0x00007f779c306800 Implicit null exception at 0x00007f778c4b8d18 to 0x00007f778c4b8da6
Event: 8,046 Thread 0x00007f779c306800 Implicit null exception at 0x00007f778c4703af to 0x00007f778c470419

Events (10 events):
Event: 58,805 loading class com/sun/javafx/scene/control/skin/ScrollBarSkin done
Event: 58,812 loading class javafx/scene/input/ScrollEvent
Event: 58,812 loading class javafx/scene/input/ScrollEvent done
Event: 58,812 loading class com/sun/javafx/scene/control/skin/ScrollBarSkin
Event: 58,812 loading class com/sun/javafx/scene/control/skin/ScrollBarSkin done
Event: 58,837 Thread 0x00007f779c306800 Uncommon trap: trap_request=0xffffff65 fr.pc=0x00007f778cbc6fa8
Event: 58,837 Thread 0x00007f779c306800 DEOPT PACKING pc=0x00007f778cbc6fa8 sp=0x00007f778018e220
Event: 58,837 Thread 0x00007f779c306800 DEOPT UNPACKING pc=0x00007f778c1b373a sp=0x00007f778018e1f0 mode 2
Event: 58,898 Thread 0x00007f779c306800 DEOPT PACKING pc=0x00007f778c2d88b5 sp=0x00007f778018d720
Event: 58,898 Thread 0x00007f779c306800 DEOPT UNPACKING pc=0x00007f778c1b5384 sp=0x00007f778018d490 mode 0


Dynamic libraries:
00400000-00401000 r-xp 00000000 08:02 2883734                            /opt/jdk/jdk1.8.0_161/bin/java
00600000-00601000 rw-p 00000000 08:02 2883734                            /opt/jdk/jdk1.8.0_161/bin/java
02569000-0258a000 rw-p 00000000 00:00 0                                  [heap]
c4000000-ca000000 rw-p 00000000 00:00 0 
ca000000-ec000000 ---p 00000000 00:00 0 
ec000000-ee300000 rw-p 00000000 00:00 0 
ee300000-100000000 ---p 00000000 00:00 0 
100000000-100300000 rw-p 00000000 00:00 0 
100300000-140000000 ---p 00000000 00:00 0 
7f773c000000-7f773c69e000 rw-p 00000000 00:00 0 
7f773c69e000-7f7740000000 ---p 00000000 00:00 0 
7f7744000000-7f7744021000 rw-p 00000000 00:00 0 
7f7744021000-7f7748000000 ---p 00000000 00:00 0 
7f7748404000-7f7748406000 rw-s 100203000 00:06 335                       /dev/dri/card0
7f7748406000-7f774840a000 rw-s 00000000 00:05 126624                     /drm mm object (deleted)
7f774840a000-7f77485ca000 rw-s 1042af000 00:06 335                       /dev/dri/card0
7f77485ca000-7f774878a000 rw-p 00000000 00:00 0 
7f774878a000-7f77487ca000 ---p 00000000 00:00 0 
7f77487ca000-7f7748816000 r--p 00000000 08:02 3808229                    /usr/share/fonts/truetype/noto/NotoSans-Bold.ttf
7f7748816000-7f774881e000 rw-s 1020f2000 00:06 335                       /dev/dri/card0
7f774881e000-7f7748826000 rw-s 1020e1000 00:06 335                       /dev/dri/card0
7f7748826000-7f7748842000 rw-s 1040cf000 00:06 335                       /dev/dri/card0
7f7748842000-7f7748852000 rw-s 00000000 00:05 127621                     /drm mm object (deleted)
7f7748852000-7f774885a000 rw-s 10078d000 00:06 335                       /dev/dri/card0
7f774885a000-7f7748a1a000 rw-s 1040ef000 00:06 335                       /dev/dri/card0
7f7748a1a000-7f7748a65000 r--p 00000000 08:02 3808232                    /usr/share/fonts/truetype/noto/NotoSans-Regular.ttf
7f7748a65000-7f7748c65000 rw-p 00000000 00:00 0 
7f7748c65000-7f7748e25000 rw-s 103eef000 00:06 335                       /dev/dri/card0
7f7748e25000-7f7748e35000 rw-s 00000000 00:05 127619                     /drm mm object (deleted)
7f7748e35000-7f7748e45000 rw-s 00000000 00:05 127618                     /drm mm object (deleted)
7f7748e45000-7f7748e51000 rw-s 00000000 00:05 127467                     /drm mm object (deleted)
7f7748e51000-7f7748e54000 ---p 00000000 00:00 0 
7f7748e54000-7f7748f52000 rw-p 00000000 00:00 0 
7f7748f52000-7f7748f55000 ---p 00000000 00:00 0 
7f7748f55000-7f7749053000 rw-p 00000000 00:00 0 
7f7749053000-7f7749058000 r--s 00084000 08:02 2885187                    /opt/jdk/jdk1.8.0_161/jre/lib/jfr.jar
7f7749058000-7f7749062000 r-xp 00000000 08:02 3671770                    /usr/lib/x86_64-linux-gnu/gtk-2.0/2.10.0/engines/libpixmap.so
7f7749062000-7f7749261000 ---p 0000a000 08:02 3671770                    /usr/lib/x86_64-linux-gnu/gtk-2.0/2.10.0/engines/libpixmap.so
7f7749261000-7f7749262000 r--p 00009000 08:02 3671770                    /usr/lib/x86_64-linux-gnu/gtk-2.0/2.10.0/engines/libpixmap.so
7f7749262000-7f7749263000 rw-p 0000a000 08:02 3671770                    /usr/lib/x86_64-linux-gnu/gtk-2.0/2.10.0/engines/libpixmap.so
7f7749263000-7f7749463000 rw-p 00000000 00:00 0 
7f7749463000-7f77494be000 r--p 00000000 08:02 3817299                    /usr/share/fonts/Segoe UI Italic.ttf
7f77494be000-7f7749517000 r--p 00000000 08:02 3817298                    /usr/share/fonts/Segoe UI Bold.ttf
7f7749517000-7f7749717000 rw-p 00000000 00:00 0 
7f7749717000-7f7749768000 r--p 00000000 08:02 3817300                    /usr/share/fonts/segoeuil.ttf
7f7749768000-7f77497e7000 r--p 00000000 08:02 3817301                    /usr/share/fonts/segoeui.ttf
7f77497e7000-7f77497fa000 r--p 00000000 08:02 2885207                    /opt/jdk/jdk1.8.0_161/jre/lib/fonts/LucidaBrightDemiBold.ttf
7f77497fa000-7f77498a5000 r--p 00000000 08:02 2885200                    /opt/jdk/jdk1.8.0_161/jre/lib/fonts/LucidaSansRegular.ttf
7f77498a5000-7f77498b8000 r--p 00000000 08:02 2885204                    /opt/jdk/jdk1.8.0_161/jre/lib/fonts/LucidaBrightDemiItalic.ttf
7f77498b8000-7f77498bc000 r-xp 00000000 08:02 2885435                    /opt/jdk/jdk1.8.0_161/jre/lib/amd64/libjavafx_font_pango.so
7f77498bc000-7f7749abb000 ---p 00004000 08:02 2885435                    /opt/jdk/jdk1.8.0_161/jre/lib/amd64/libjavafx_font_pango.so
7f7749abb000-7f7749abc000 rw-p 00003000 08:02 2885435                    /opt/jdk/jdk1.8.0_161/jre/lib/amd64/libjavafx_font_pango.so
7f7749abc000-7f7749ac1000 r-xp 00000000 08:02 2885438                    /opt/jdk/jdk1.8.0_161/jre/lib/amd64/libjavafx_font_freetype.so
7f7749ac1000-7f7749cc0000 ---p 00005000 08:02 2885438                    /opt/jdk/jdk1.8.0_161/jre/lib/amd64/libjavafx_font_freetype.so
7f7749cc0000-7f7749cc1000 rw-p 00004000 08:02 2885438                    /opt/jdk/jdk1.8.0_161/jre/lib/amd64/libjavafx_font_freetype.so
7f7749cc1000-7f7749cc4000 r-xp 00000000 08:02 2885485                    /opt/jdk/jdk1.8.0_161/jre/lib/amd64/libjavafx_font.so
7f7749cc4000-7f7749ec3000 ---p 00003000 08:02 2885485                    /opt/jdk/jdk1.8.0_161/jre/lib/amd64/libjavafx_font.so
7f7749ec3000-7f7749ec4000 rw-p 00002000 08:02 2885485                    /opt/jdk/jdk1.8.0_161/jre/lib/amd64/libjavafx_font.so
7f7749ec4000-7f7749efa000 r-xp 00000000 08:02 2885481                    /opt/jdk/jdk1.8.0_161/jre/lib/amd64/libjavafx_iio.so
7f7749efa000-7f774a0f9000 ---p 00036000 08:02 2885481                    /opt/jdk/jdk1.8.0_161/jre/lib/amd64/libjavafx_iio.so
7f774a0f9000-7f774a0fa000 rw-p 00035000 08:02 2885481                    /opt/jdk/jdk1.8.0_161/jre/lib/amd64/libjavafx_iio.so
7f774a0fa000-7f774a2fa000 rw-p 00000000 00:00 0 
7f774a2fa000-7f774a323000 r-xp 00000000 08:02 2885460                    /opt/jdk/jdk1.8.0_161/jre/lib/amd64/libglass.so
7f774a323000-7f774a522000 ---p 00029000 08:02 2885460                    /opt/jdk/jdk1.8.0_161/jre/lib/amd64/libglass.so
7f774a522000-7f774a525000 rw-p 00028000 08:02 2885460                    /opt/jdk/jdk1.8.0_161/jre/lib/amd64/libglass.so
7f774a525000-7f774a55c000 r-xp 00000000 08:02 3547217                    /usr/lib/x86_64-linux-gnu/libtxc_dxtn_s2tc.so.0.0.0
7f774a55c000-7f774a75b000 ---p 00037000 08:02 3547217                    /usr/lib/x86_64-linux-gnu/libtxc_dxtn_s2tc.so.0.0.0
7f774a75b000-7f774a75c000 r--p 00036000 08:02 3547217                    /usr/lib/x86_64-linux-gnu/libtxc_dxtn_s2tc.so.0.0.0
7f774a75c000-7f774a75d000 rw-p 00037000 08:02 3547217                    /usr/lib/x86_64-linux-gnu/libtxc_dxtn_s2tc.so.0.0.0
7f774a75d000-7f774a765000 r-xp 00000000 08:02 3546963                    /usr/lib/x86_64-linux-gnu/libpciaccess.so.0.11.1
7f774a765000-7f774a965000 ---p 00008000 08:02 3546963                    /usr/lib/x86_64-linux-gnu/libpciaccess.so.0.11.1
7f774a965000-7f774a966000 r--p 00008000 08:02 3546963                    /usr/lib/x86_64-linux-gnu/libpciaccess.so.0.11.1
7f774a966000-7f774a967000 rw-p 00009000 08:02 3546963                    /usr/lib/x86_64-linux-gnu/libpciaccess.so.0.11.1
7f774a967000-7f774a972000 r-xp 00000000 08:02 3546417                    /usr/lib/x86_64-linux-gnu/libdrm_radeon.so.1.0.1
7f774a972000-7f774ab71000 ---p 0000b000 08:02 3546417                    /usr/lib/x86_64-linux-gnu/libdrm_radeon.so.1.0.1
7f774ab71000-7f774ab72000 r--p 0000a000 08:02 3546417                    /usr/lib/x86_64-linux-gnu/libdrm_radeon.so.1.0.1
7f774ab72000-7f774ab73000 rw-p 0000b000 08:02 3546417                    /usr/lib/x86_64-linux-gnu/libdrm_radeon.so.1.0.1
7f774ab73000-7f774ab7a000 r-xp 00000000 08:02 3546415                    /usr/lib/x86_64-linux-gnu/libdrm_nouveau.so.2.0.0
7f774ab7a000-7f774ad79000 ---p 00007000 08:02 3546415                    /usr/lib/x86_64-linux-gnu/libdrm_nouveau.so.2.0.0
7f774ad79000-7f774ad7a000 r--p 00006000 08:02 3546415                    /usr/lib/x86_64-linux-gnu/libdrm_nouveau.so.2.0.0
7f774ad7a000-7f774ad7b000 rw-p 00007000 08:02 3546415                    /usr/lib/x86_64-linux-gnu/libdrm_nouveau.so.2.0.0
7f774ad7b000-7f774ad9d000 r-xp 00000000 08:02 3546413                    /usr/lib/x86_64-linux-gnu/libdrm_intel.so.1.0.0
7f774ad9d000-7f774af9d000 ---p 00022000 08:02 3546413                    /usr/lib/x86_64-linux-gnu/libdrm_intel.so.1.0.0
7f774af9d000-7f774af9e000 r--p 00022000 08:02 3546413                    /usr/lib/x86_64-linux-gnu/libdrm_intel.so.1.0.0
7f774af9e000-7f774af9f000 rw-p 00023000 08:02 3546413                    /usr/lib/x86_64-linux-gnu/libdrm_intel.so.1.0.0
7f774af9f000-7f774b7c6000 r-xp 00000000 08:02 3671344                    /usr/lib/x86_64-linux-gnu/dri/i965_dri.so
7f774b7c6000-7f774b9c6000 ---p 00827000 08:02 3671344                    /usr/lib/x86_64-linux-gnu/dri/i965_dri.so
7f774b9c6000-7f774ba16000 r--p 00827000 08:02 3671344                    /usr/lib/x86_64-linux-gnu/dri/i965_dri.so
7f774ba16000-7f774ba1f000 rw-p 00877000 08:02 3671344                    /usr/lib/x86_64-linux-gnu/dri/i965_dri.so
7f774ba1f000-7f774ba86000 rw-p 00000000 00:00 0 
7f774ba86000-7f774ba8c000 r-xp 00000000 08:02 3546354                    /usr/lib/x86_64-linux-gnu/libdatrie.so.1.3.3
7f774ba8c000-7f774bc8c000 ---p 00006000 08:02 3546354                    /usr/lib/x86_64-linux-gnu/libdatrie.so.1.3.3
7f774bc8c000-7f774bc8d000 r--p 00006000 08:02 3546354                    /usr/lib/x86_64-linux-gnu/libdatrie.so.1.3.3
7f774bc8d000-7f774bc8e000 rw-p 00007000 08:02 3546354                    /usr/lib/x86_64-linux-gnu/libdatrie.so.1.3.3
7f774bc8e000-7f774bc93000 r-xp 00000000 08:02 3546164                    /usr/lib/x86_64-linux-gnu/libXdmcp.so.6.0.0
7f774bc93000-7f774be92000 ---p 00005000 08:02 3546164                    /usr/lib/x86_64-linux-gnu/libXdmcp.so.6.0.0
7f774be92000-7f774be93000 r--p 00004000 08:02 3546164                    /usr/lib/x86_64-linux-gnu/libXdmcp.so.6.0.0
7f774be93000-7f774be94000 rw-p 00005000 08:02 3546164                    /usr/lib/x86_64-linux-gnu/libXdmcp.so.6.0.0
7f774be94000-7f774be96000 r-xp 00000000 08:02 3546153                    /usr/lib/x86_64-linux-gnu/libXau.so.6.0.0
7f774be96000-7f774c096000 ---p 00002000 08:02 3546153                    /usr/lib/x86_64-linux-gnu/libXau.so.6.0.0
7f774c096000-7f774c097000 r--p 00002000 08:02 3546153                    /usr/lib/x86_64-linux-gnu/libXau.so.6.0.0
7f774c097000-7f774c098000 rw-p 00003000 08:02 3546153                    /usr/lib/x86_64-linux-gnu/libXau.so.6.0.0
7f774c098000-7f774c0bc000 r-xp 00000000 08:02 3546586                    /usr/lib/x86_64-linux-gnu/libgraphite2.so.3.0.1
7f774c0bc000-7f774c2bb000 ---p 00024000 08:02 3546586                    /usr/lib/x86_64-linux-gnu/libgraphite2.so.3.0.1
7f774c2bb000-7f774c2bd000 r--p 00023000 08:02 3546586                    /usr/lib/x86_64-linux-gnu/libgraphite2.so.3.0.1
7f774c2bd000-7f774c2be000 rw-p 00025000 08:02 3546586                    /usr/lib/x86_64-linux-gnu/libgraphite2.so.3.0.1
7f774c2be000-7f774c2ce000 r-xp 00000000 08:02 3546409                    /usr/lib/x86_64-linux-gnu/libdrm.so.2.4.0
7f774c2ce000-7f774c4cd000 ---p 00010000 08:02 3546409                    /usr/lib/x86_64-linux-gnu/libdrm.so.2.4.0
7f774c4cd000-7f774c4ce000 r--p 0000f000 08:02 3546409                    /usr/lib/x86_64-linux-gnu/libdrm.so.2.4.0
7f774c4ce000-7f774c4cf000 rw-p 00010000 08:02 3546409                    /usr/lib/x86_64-linux-gnu/libdrm.so.2.4.0
7f774c4cf000-7f774c4d3000 r-xp 00000000 08:02 3547342                    /usr/lib/x86_64-linux-gnu/libxcb-dri2.so.0.0.0
7f774c4d3000-7f774c6d2000 ---p 00004000 08:02 3547342                    /usr/lib/x86_64-linux-gnu/libxcb-dri2.so.0.0.0
7f774c6d2000-7f774c6d3000 r--p 00003000 08:02 3547342                    /usr/lib/x86_64-linux-gnu/libxcb-dri2.so.0.0.0
7f774c6d3000-7f774c6d4000 rw-p 00004000 08:02 3547342                    /usr/lib/x86_64-linux-gnu/libxcb-dri2.so.0.0.0
7f774c6d4000-7f774c6eb000 r-xp 00000000 08:02 3547346                    /usr/lib/x86_64-linux-gnu/libxcb-glx.so.0.0.0
7f774c6eb000-7f774c8ea000 ---p 00017000 08:02 3547346                    /usr/lib/x86_64-linux-gnu/libxcb-glx.so.0.0.0
7f774c8ea000-7f774c8ec000 r--p 00016000 08:02 3547346                    /usr/lib/x86_64-linux-gnu/libxcb-glx.so.0.0.0
7f774c8ec000-7f774c8ed000 rw-p 00018000 08:02 3547346                    /usr/lib/x86_64-linux-gnu/libxcb-glx.so.0.0.0
7f774c8ed000-7f774c8ee000 r-xp 00000000 08:02 3546149                    /usr/lib/x86_64-linux-gnu/libX11-xcb.so.1.0.0
7f774c8ee000-7f774caed000 ---p 00001000 08:02 3546149                    /usr/lib/x86_64-linux-gnu/libX11-xcb.so.1.0.0
7f774caed000-7f774caee000 r--p 00000000 08:02 3546149                    /usr/lib/x86_64-linux-gnu/libX11-xcb.so.1.0.0
7f774caee000-7f774caef000 rw-p 00001000 08:02 3546149                    /usr/lib/x86_64-linux-gnu/libX11-xcb.so.1.0.0
7f774caef000-7f774cb1a000 r-xp 00000000 08:02 3546557                    /usr/lib/x86_64-linux-gnu/libglapi.so.0.0.0
7f774cb1a000-7f774cd19000 ---p 0002b000 08:02 3546557                    /usr/lib/x86_64-linux-gnu/libglapi.so.0.0.0
7f774cd19000-7f774cd1d000 r--p 0002a000 08:02 3546557                    /usr/lib/x86_64-linux-gnu/libglapi.so.0.0.0
7f774cd1d000-7f774cd1e000 rw-p 0002e000 08:02 3546557                    /usr/lib/x86_64-linux-gnu/libglapi.so.0.0.0
7f774cd1e000-7f774cd1f000 rw-p 00000000 00:00 0 
7f774cd1f000-7f774cd20000 r-xp 00000000 08:02 3547390                    /usr/lib/x86_64-linux-gnu/libxshmfence.so.1.0.0
7f774cd20000-7f774cf20000 ---p 00001000 08:02 3547390                    /usr/lib/x86_64-linux-gnu/libxshmfence.so.1.0.0
7f774cf20000-7f774cf21000 r--p 00001000 08:02 3547390                    /usr/lib/x86_64-linux-gnu/libxshmfence.so.1.0.0
7f774cf21000-7f774cf22000 rw-p 00002000 08:02 3547390                    /usr/lib/x86_64-linux-gnu/libxshmfence.so.1.0.0
7f774cf22000-7f774cf27000 r-xp 00000000 08:02 3547368                    /usr/lib/x86_64-linux-gnu/libxcb-sync.so.1.0.0
7f774cf27000-7f774d127000 ---p 00005000 08:02 3547368                    /usr/lib/x86_64-linux-gnu/libxcb-sync.so.1.0.0
7f774d127000-7f774d128000 r--p 00005000 08:02 3547368                    /usr/lib/x86_64-linux-gnu/libxcb-sync.so.1.0.0
7f774d128000-7f774d129000 rw-p 00006000 08:02 3547368                    /usr/lib/x86_64-linux-gnu/libxcb-sync.so.1.0.0
7f774d129000-7f774d12b000 r-xp 00000000 08:02 3547354                    /usr/lib/x86_64-linux-gnu/libxcb-present.so.0.0.0
7f774d12b000-7f774d32a000 ---p 00002000 08:02 3547354                    /usr/lib/x86_64-linux-gnu/libxcb-present.so.0.0.0
7f774d32a000-7f774d32b000 r--p 00001000 08:02 3547354                    /usr/lib/x86_64-linux-gnu/libxcb-present.so.0.0.0
7f774d32b000-7f774d32c000 rw-p 00002000 08:02 3547354                    /usr/lib/x86_64-linux-gnu/libxcb-present.so.0.0.0
7f774d32c000-7f774d32e000 r-xp 00000000 08:02 3547344                    /usr/lib/x86_64-linux-gnu/libxcb-dri3.so.0.0.0
7f774d32e000-7f774d52d000 ---p 00002000 08:02 3547344                    /usr/lib/x86_64-linux-gnu/libxcb-dri3.so.0.0.0
7f774d52d000-7f774d52e000 r--p 00001000 08:02 3547344                    /usr/lib/x86_64-linux-gnu/libxcb-dri3.so.0.0.0
7f774d52e000-7f774d52f000 rw-p 00002000 08:02 3547344                    /usr/lib/x86_64-linux-gnu/libxcb-dri3.so.0.0.0
7f774d52f000-7f774d59d000 r-xp 00000000 08:02 791258                     /lib/x86_64-linux-gnu/libpcre.so.3.13.2
7f774d59d000-7f774d79d000 ---p 0006e000 08:02 791258                     /lib/x86_64-linux-gnu/libpcre.so.3.13.2
7f774d79d000-7f774d79e000 r--p 0006e000 08:02 791258                     /lib/x86_64-linux-gnu/libpcre.so.3.13.2
7f774d79e000-7f774d79f000 rw-p 0006f000 08:02 791258                     /lib/x86_64-linux-gnu/libpcre.so.3.13.2
7f774d79f000-7f774d7a6000 r-xp 00000000 08:02 3546471                    /usr/lib/x86_64-linux-gnu/libffi.so.6.0.4
7f774d7a6000-7f774d9a5000 ---p 00007000 08:02 3546471                    /usr/lib/x86_64-linux-gnu/libffi.so.6.0.4
7f774d9a5000-7f774d9a6000 r--p 00006000 08:02 3546471                    /usr/lib/x86_64-linux-gnu/libffi.so.6.0.4
7f774d9a6000-7f774d9a7000 rw-p 00007000 08:02 3546471                    /usr/lib/x86_64-linux-gnu/libffi.so.6.0.4
7f774d9a7000-7f774d9cd000 r-xp 00000000 08:02 791162                     /lib/x86_64-linux-gnu/libexpat.so.1.6.0
7f774d9cd000-7f774dbcd000 ---p 00026000 08:02 791162                     /lib/x86_64-linux-gnu/libexpat.so.1.6.0
7f774dbcd000-7f774dbcf000 r--p 00026000 08:02 791162                     /lib/x86_64-linux-gnu/libexpat.so.1.6.0
7f774dbcf000-7f774dbd0000 rw-p 00028000 08:02 791162                     /lib/x86_64-linux-gnu/libexpat.so.1.6.0
7f774dbd0000-7f774dbd8000 r-xp 00000000 08:02 3547194                    /usr/lib/x86_64-linux-gnu/libthai.so.0.2.4
7f774dbd8000-7f774ddd7000 ---p 00008000 08:02 3547194                    /usr/lib/x86_64-linux-gnu/libthai.so.0.2.4
7f774ddd7000-7f774ddd8000 r--p 00007000 08:02 3547194                    /usr/lib/x86_64-linux-gnu/libthai.so.0.2.4
7f774ddd8000-7f774ddd9000 rw-p 00008000 08:02 3547194                    /usr/lib/x86_64-linux-gnu/libthai.so.0.2.4
7f774ddd9000-7f774ddfa000 r-xp 00000000 08:02 3547380                    /usr/lib/x86_64-linux-gnu/libxcb.so.1.1.0
7f774ddfa000-7f774dff9000 ---p 00021000 08:02 3547380                    /usr/lib/x86_64-linux-gnu/libxcb.so.1.1.0
7f774dff9000-7f774dffa000 r--p 00020000 08:02 3547380                    /usr/lib/x86_64-linux-gnu/libxcb.so.1.1.0
7f774dffa000-7f774dffb000 rw-p 00021000 08:02 3547380                    /usr/lib/x86_64-linux-gnu/libxcb.so.1.1.0
7f774dffb000-7f774e003000 r-xp 00000000 08:02 3547362                    /usr/lib/x86_64-linux-gnu/libxcb-render.so.0.0.0
7f774e003000-7f774e203000 ---p 00008000 08:02 3547362                    /usr/lib/x86_64-linux-gnu/libxcb-render.so.0.0.0
7f774e203000-7f774e204000 r--p 00008000 08:02 3547362                    /usr/lib/x86_64-linux-gnu/libxcb-render.so.0.0.0
7f774e204000-7f774e205000 rw-p 00009000 08:02 3547362                    /usr/lib/x86_64-linux-gnu/libxcb-render.so.0.0.0
7f774e205000-7f774e207000 r-xp 00000000 08:02 3547366                    /usr/lib/x86_64-linux-gnu/libxcb-shm.so.0.0.0
7f774e207000-7f774e407000 ---p 00002000 08:02 3547366                    /usr/lib/x86_64-linux-gnu/libxcb-shm.so.0.0.0
7f774e407000-7f774e408000 r--p 00002000 08:02 3547366                    /usr/lib/x86_64-linux-gnu/libxcb-shm.so.0.0.0
7f774e408000-7f774e409000 rw-p 00003000 08:02 3547366                    /usr/lib/x86_64-linux-gnu/libxcb-shm.so.0.0.0
7f774e409000-7f774e42d000 r-xp 00000000 08:02 791270                     /lib/x86_64-linux-gnu/libpng12.so.0.54.0
7f774e42d000-7f774e62c000 ---p 00024000 08:02 791270                     /lib/x86_64-linux-gnu/libpng12.so.0.54.0
7f774e62c000-7f774e62d000 r--p 00023000 08:02 791270                     /lib/x86_64-linux-gnu/libpng12.so.0.54.0
7f774e62d000-7f774e62e000 rw-p 00024000 08:02 791270                     /lib/x86_64-linux-gnu/libpng12.so.0.54.0
7f774e62e000-7f774e6cd000 r-xp 00000000 08:02 3546977                    /usr/lib/x86_64-linux-gnu/libpixman-1.so.0.33.6
7f774e6cd000-7f774e8cd000 ---p 0009f000 08:02 3546977                    /usr/lib/x86_64-linux-gnu/libpixman-1.so.0.33.6
7f774e8cd000-7f774e8d5000 r--p 0009f000 08:02 3546977                    /usr/lib/x86_64-linux-gnu/libpixman-1.so.0.33.6
7f774e8d5000-7f774e8d6000 rw-p 000a7000 08:02 3546977                    /usr/lib/x86_64-linux-gnu/libpixman-1.so.0.33.6
7f774e8d6000-7f774e967000 r-xp 00000000 08:02 3546650                    /usr/lib/x86_64-linux-gnu/libharfbuzz.so.0.10400.6
7f774e967000-7f774eb66000 ---p 00091000 08:02 3546650                    /usr/lib/x86_64-linux-gnu/libharfbuzz.so.0.10400.6
7f774eb66000-7f774eb68000 r--p 00090000 08:02 3546650                    /usr/lib/x86_64-linux-gnu/libharfbuzz.so.0.10400.6
7f774eb68000-7f774eb69000 rw-p 00092000 08:02 3546650                    /usr/lib/x86_64-linux-gnu/libharfbuzz.so.0.10400.6
7f774eb69000-7f774eb80000 r-xp 00000000 08:02 791281                     /lib/x86_64-linux-gnu/libresolv-2.23.so
7f774eb80000-7f774ed80000 ---p 00017000 08:02 791281                     /lib/x86_64-linux-gnu/libresolv-2.23.so
7f774ed80000-7f774ed81000 r--p 00017000 08:02 791281                     /lib/x86_64-linux-gnu/libresolv-2.23.so
7f774ed81000-7f774ed82000 rw-p 00018000 08:02 791281                     /lib/x86_64-linux-gnu/libresolv-2.23.so
7f774ed82000-7f774ed84000 rw-p 00000000 00:00 0 
7f774ed84000-7f774eda3000 r-xp 00000000 08:02 791287                     /lib/x86_64-linux-gnu/libselinux.so.1
7f774eda3000-7f774efa2000 ---p 0001f000 08:02 791287                     /lib/x86_64-linux-gnu/libselinux.so.1
7f774efa2000-7f774efa3000 r--p 0001e000 08:02 791287                     /lib/x86_64-linux-gnu/libselinux.so.1
7f774efa3000-7f774efa4000 rw-p 0001f000 08:02 791287                     /lib/x86_64-linux-gnu/libselinux.so.1
7f774efa4000-7f774efa6000 rw-p 00000000 00:00 0 
7f774efa6000-7f774efbf000 r-xp 00000000 08:02 791320                     /lib/x86_64-linux-gnu/libz.so.1.2.8
7f774efbf000-7f774f1be000 ---p 00019000 08:02 791320                     /lib/x86_64-linux-gnu/libz.so.1.2.8
7f774f1be000-7f774f1bf000 r--p 00018000 08:02 791320                     /lib/x86_64-linux-gnu/libz.so.1.2.8
7f774f1bf000-7f774f1c0000 rw-p 00019000 08:02 791320                     /lib/x86_64-linux-gnu/libz.so.1.2.8
7f774f1c0000-7f774f1d1000 r-xp 00000000 08:02 3546166                    /usr/lib/x86_64-linux-gnu/libXext.so.6.4.0
7f774f1d1000-7f774f3d0000 ---p 00011000 08:02 3546166                    /usr/lib/x86_64-linux-gnu/libXext.so.6.4.0
7f774f3d0000-7f774f3d1000 r--p 00010000 08:02 3546166                    /usr/lib/x86_64-linux-gnu/libXext.so.6.4.0
7f774f3d1000-7f774f3d2000 rw-p 00011000 08:02 3546166                    /usr/lib/x86_64-linux-gnu/libXext.so.6.4.0
7f774f3d2000-7f774f3d4000 r-xp 00000000 08:02 3546162                    /usr/lib/x86_64-linux-gnu/libXdamage.so.1.1.0
7f774f3d4000-7f774f5d3000 ---p 00002000 08:02 3546162                    /usr/lib/x86_64-linux-gnu/libXdamage.so.1.1.0
7f774f5d3000-7f774f5d4000 r--p 00001000 08:02 3546162                    /usr/lib/x86_64-linux-gnu/libXdamage.so.1.1.0
7f774f5d4000-7f774f5d5000 rw-p 00002000 08:02 3546162                    /usr/lib/x86_64-linux-gnu/libXdamage.so.1.1.0
7f774f5d5000-7f774f5d7000 r-xp 00000000 08:02 3546158                    /usr/lib/x86_64-linux-gnu/libXcomposite.so.1.0.0
7f774f5d7000-7f774f7d6000 ---p 00002000 08:02 3546158                    /usr/lib/x86_64-linux-gnu/libXcomposite.so.1.0.0
7f774f7d6000-7f774f7d7000 r--p 00001000 08:02 3546158                    /usr/lib/x86_64-linux-gnu/libXcomposite.so.1.0.0
7f774f7d7000-7f774f7d8000 rw-p 00002000 08:02 3546158                    /usr/lib/x86_64-linux-gnu/libXcomposite.so.1.0.0
7f774f7d8000-7f774f7e1000 r-xp 00000000 08:02 3546160                    /usr/lib/x86_64-linux-gnu/libXcursor.so.1.0.2
7f774f7e1000-7f774f9e0000 ---p 00009000 08:02 3546160                    /usr/lib/x86_64-linux-gnu/libXcursor.so.1.0.2
7f774f9e0000-7f774f9e1000 r--p 00008000 08:02 3546160                    /usr/lib/x86_64-linux-gnu/libXcursor.so.1.0.2
7f774f9e1000-7f774f9e2000 rw-p 00009000 08:02 3546160                    /usr/lib/x86_64-linux-gnu/libXcursor.so.1.0.2
7f774f9e2000-7f774f9ec000 r-xp 00000000 08:02 3546186                    /usr/lib/x86_64-linux-gnu/libXrandr.so.2.2.0
7f774f9ec000-7f774fbeb000 ---p 0000a000 08:02 3546186                    /usr/lib/x86_64-linux-gnu/libXrandr.so.2.2.0
7f774fbeb000-7f774fbec000 r--p 00009000 08:02 3546186                    /usr/lib/x86_64-linux-gnu/libXrandr.so.2.2.0
7f774fbec000-7f774fbed000 rw-p 0000a000 08:02 3546186                    /usr/lib/x86_64-linux-gnu/libXrandr.so.2.2.0
7f774fbed000-7f774fbfc000 r-xp 00000000 08:02 3546176                    /usr/lib/x86_64-linux-gnu/libXi.so.6.1.0
7f774fbfc000-7f774fdfb000 ---p 0000f000 08:02 3546176                    /usr/lib/x86_64-linux-gnu/libXi.so.6.1.0
7f774fdfb000-7f774fdfc000 r--p 0000e000 08:02 3546176                    /usr/lib/x86_64-linux-gnu/libXi.so.6.1.0
7f774fdfc000-7f774fdfd000 rw-p 0000f000 08:02 3546176                    /usr/lib/x86_64-linux-gnu/libXi.so.6.1.0
7f774fdfd000-7f774fdff000 r-xp 00000000 08:02 3546178                    /usr/lib/x86_64-linux-gnu/libXinerama.so.1.0.0
7f774fdff000-7f774fffe000 ---p 00002000 08:02 3546178                    /usr/lib/x86_64-linux-gnu/libXinerama.so.1.0.0
7f774fffe000-7f774ffff000 r--p 00001000 08:02 3546178                    /usr/lib/x86_64-linux-gnu/libXinerama.so.1.0.0
7f774ffff000-7f7750000000 rw-p 00002000 08:02 3546178                    /usr/lib/x86_64-linux-gnu/libXinerama.so.1.0.0
7f7750000000-7f7750021000 rw-p 00000000 00:00 0 
7f7750021000-7f7754000000 ---p 00000000 00:00 0 
7f7754000000-7f7756062000 rw-p 00000000 00:00 0 
7f7756062000-7f7758000000 ---p 00000000 00:00 0 
7f7758000000-7f7758602000 rw-p 00000000 00:00 0 
7f7758602000-7f775c000000 ---p 00000000 00:00 0 
7f775c000000-7f775c021000 rw-p 00000000 00:00 0 
7f775c021000-7f7760000000 ---p 00000000 00:00 0 
7f7760000000-7f7760732000 rw-p 00000000 00:00 0 
7f7760732000-7f7764000000 ---p 00000000 00:00 0 
7f7764000000-7f7764021000 rw-p 00000000 00:00 0 
7f7764021000-7f7768000000 ---p 00000000 00:00 0 
7f7768000000-7f776804e000 r--p 00000000 08:02 2885202                    /opt/jdk/jdk1.8.0_161/jre/lib/fonts/LucidaSansDemiBold.ttf
7f776804e000-7f77680a3000 r--p 00000000 08:02 2885201                    /opt/jdk/jdk1.8.0_161/jre/lib/fonts/LucidaBrightRegular.ttf
7f77680a3000-7f77680dd000 r--p 00000000 08:02 2885206                    /opt/jdk/jdk1.8.0_161/jre/lib/fonts/LucidaTypewriterBold.ttf
7f77680dd000-7f77680e0000 ---p 00000000 00:00 0 
7f77680e0000-7f77681de000 rw-p 00000000 00:00 0 
7f77681de000-7f77681e7000 r-xp 00000000 08:02 3546188                    /usr/lib/x86_64-linux-gnu/libXrender.so.1.3.0
7f77681e7000-7f77683e6000 ---p 00009000 08:02 3546188                    /usr/lib/x86_64-linux-gnu/libXrender.so.1.3.0
7f77683e6000-7f77683e7000 r--p 00008000 08:02 3546188                    /usr/lib/x86_64-linux-gnu/libXrender.so.1.3.0
7f77683e7000-7f77683e8000 rw-p 00009000 08:02 3546188                    /usr/lib/x86_64-linux-gnu/libXrender.so.1.3.0
7f77683e8000-7f77683ed000 r-xp 00000000 08:02 3546168                    /usr/lib/x86_64-linux-gnu/libXfixes.so.3.1.0
7f77683ed000-7f77685ec000 ---p 00005000 08:02 3546168                    /usr/lib/x86_64-linux-gnu/libXfixes.so.3.1.0
7f77685ec000-7f77685ed000 r--p 00004000 08:02 3546168                    /usr/lib/x86_64-linux-gnu/libXfixes.so.3.1.0
7f77685ed000-7f77685ee000 rw-p 00005000 08:02 3546168                    /usr/lib/x86_64-linux-gnu/libXfixes.so.3.1.0
7f77685ee000-7f7768604000 r-xp 00000000 08:02 791169                     /lib/x86_64-linux-gnu/libgcc_s.so.1
7f7768604000-7f7768803000 ---p 00016000 08:02 791169                     /lib/x86_64-linux-gnu/libgcc_s.so.1
7f7768803000-7f7768804000 rw-p 00015000 08:02 791169                     /lib/x86_64-linux-gnu/libgcc_s.so.1
7f7768804000-7f7768976000 r-xp 00000000 08:02 3547167                    /usr/lib/x86_64-linux-gnu/libstdc++.so.6.0.21
7f7768976000-7f7768b76000 ---p 00172000 08:02 3547167                    /usr/lib/x86_64-linux-gnu/libstdc++.so.6.0.21
7f7768b76000-7f7768b80000 r--p 00172000 08:02 3547167                    /usr/lib/x86_64-linux-gnu/libstdc++.so.6.0.21
7f7768b80000-7f7768b82000 rw-p 0017c000 08:02 3547167                    /usr/lib/x86_64-linux-gnu/libstdc++.so.6.0.21
7f7768b82000-7f7768b86000 rw-p 00000000 00:00 0 
7f7768b86000-7f7768bf4000 r-xp 00000000 08:02 3671987                    /usr/lib/x86_64-linux-gnu/mesa/libGL.so.1.2.0
7f7768bf4000-7f7768df4000 ---p 0006e000 08:02 3671987                    /usr/lib/x86_64-linux-gnu/mesa/libGL.so.1.2.0
7f7768df4000-7f7768df7000 r--p 0006e000 08:02 3671987                    /usr/lib/x86_64-linux-gnu/mesa/libGL.so.1.2.0
7f7768df7000-7f7768df8000 rw-p 00071000 08:02 3671987                    /usr/lib/x86_64-linux-gnu/mesa/libGL.so.1.2.0
7f7768df8000-7f7768df9000 rw-p 00000000 00:00 0 
7f7768df9000-7f7768dfe000 r-xp 00000000 08:02 3546200                    /usr/lib/x86_64-linux-gnu/libXxf86vm.so.1.0.0
7f7768dfe000-7f7768ffd000 ---p 00005000 08:02 3546200                    /usr/lib/x86_64-linux-gnu/libXxf86vm.so.1.0.0
7f7768ffd000-7f7768ffe000 r--p 00004000 08:02 3546200                    /usr/lib/x86_64-linux-gnu/libXxf86vm.so.1.0.0
7f7768ffe000-7f7768fff000 rw-p 00005000 08:02 3546200                    /usr/lib/x86_64-linux-gnu/libXxf86vm.so.1.0.0
7f7768fff000-7f776c000000 rw-p 00000000 00:00 0 
7f776c000000-7f776c021000 rw-p 00000000 00:00 0 
7f776c021000-7f7770000000 ---p 00000000 00:00 0 
7f7770000000-7f7770021000 rw-p 00000000 00:00 0 
7f7770021000-7f7774000000 ---p 00000000 00:00 0 
7f7774000000-7f7774021000 rw-p 00000000 00:00 0 
7f7774021000-7f7778000000 ---p 00000000 00:00 0 
7f7778000000-7f7778021000 rw-p 00000000 00:00 0 
7f7778021000-7f777c000000 ---p 00000000 00:00 0 
7f777c000000-7f777c021000 rw-p 00000000 00:00 0 
7f777c021000-7f7780000000 ---p 00000000 00:00 0 
7f7780003000-7f7780017000 r--p 00000000 08:02 2885199                    /opt/jdk/jdk1.8.0_161/jre/lib/fonts/LucidaBrightItalic.ttf
7f7780017000-7f7780053000 r--p 00000000 08:02 2885205                    /opt/jdk/jdk1.8.0_161/jre/lib/fonts/LucidaTypewriterRegular.ttf
7f7780053000-7f7780093000 r--s 00000000 08:02 4198754                    /var/cache/fontconfig/0bd3dc0958fa2205aaaa8ebb13e2872b-le64.cache-6
7f7780093000-7f7780096000 ---p 00000000 00:00 0 
7f7780096000-7f7780194000 rw-p 00000000 00:00 0 
7f7780194000-7f77802c9000 r-xp 00000000 08:02 3546151                    /usr/lib/x86_64-linux-gnu/libX11.so.6.3.0
7f77802c9000-7f77804c9000 ---p 00135000 08:02 3546151                    /usr/lib/x86_64-linux-gnu/libX11.so.6.3.0
7f77804c9000-7f77804ca000 r--p 00135000 08:02 3546151                    /usr/lib/x86_64-linux-gnu/libX11.so.6.3.0
7f77804ca000-7f77804ce000 rw-p 00136000 08:02 3546151                    /usr/lib/x86_64-linux-gnu/libX11.so.6.3.0
7f77804ce000-7f77804d3000 r-xp 00000000 08:02 3546194                    /usr/lib/x86_64-linux-gnu/libXtst.so.6.1.0
7f77804d3000-7f77806d2000 ---p 00005000 08:02 3546194                    /usr/lib/x86_64-linux-gnu/libXtst.so.6.1.0
7f77806d2000-7f77806d3000 r--p 00004000 08:02 3546194                    /usr/lib/x86_64-linux-gnu/libXtst.so.6.1.0
7f77806d3000-7f77806d4000 rw-p 00005000 08:02 3546194                    /usr/lib/x86_64-linux-gnu/libXtst.so.6.1.0
7f77806d4000-7f77807e3000 r-xp 00000000 08:02 791173                     /lib/x86_64-linux-gnu/libglib-2.0.so.0.4800.2
7f77807e3000-7f77809e2000 ---p 0010f000 08:02 791173                     /lib/x86_64-linux-gnu/libglib-2.0.so.0.4800.2
7f77809e2000-7f77809e3000 r--p 0010e000 08:02 791173                     /lib/x86_64-linux-gnu/libglib-2.0.so.0.4800.2
7f77809e3000-7f77809e4000 rw-p 0010f000 08:02 791173                     /lib/x86_64-linux-gnu/libglib-2.0.so.0.4800.2
7f77809e4000-7f77809e5000 rw-p 00000000 00:00 0 
7f77809e5000-7f77809e6000 r-xp 00000000 08:02 3546634                    /usr/lib/x86_64-linux-gnu/libgthread-2.0.so.0.4800.2
7f77809e6000-7f7780be5000 ---p 00001000 08:02 3546634                    /usr/lib/x86_64-linux-gnu/libgthread-2.0.so.0.4800.2
7f7780be5000-7f7780be6000 r--p 00000000 08:02 3546634                    /usr/lib/x86_64-linux-gnu/libgthread-2.0.so.0.4800.2
7f7780be6000-7f7780be7000 rw-p 00001000 08:02 3546634                    /usr/lib/x86_64-linux-gnu/libgthread-2.0.so.0.4800.2
7f7780be7000-7f7780bea000 r-xp 00000000 08:02 3546561                    /usr/lib/x86_64-linux-gnu/libgmodule-2.0.so.0.4800.2
7f7780bea000-7f7780de9000 ---p 00003000 08:02 3546561                    /usr/lib/x86_64-linux-gnu/libgmodule-2.0.so.0.4800.2
7f7780de9000-7f7780dea000 r--p 00002000 08:02 3546561                    /usr/lib/x86_64-linux-gnu/libgmodule-2.0.so.0.4800.2
7f7780dea000-7f7780deb000 rw-p 00003000 08:02 3546561                    /usr/lib/x86_64-linux-gnu/libgmodule-2.0.so.0.4800.2
7f7780deb000-7f7780e3d000 r-xp 00000000 08:02 3546569                    /usr/lib/x86_64-linux-gnu/libgobject-2.0.so.0.4800.2
7f7780e3d000-7f778103c000 ---p 00052000 08:02 3546569                    /usr/lib/x86_64-linux-gnu/libgobject-2.0.so.0.4800.2
7f778103c000-7f778103d000 r--p 00051000 08:02 3546569                    /usr/lib/x86_64-linux-gnu/libgobject-2.0.so.0.4800.2
7f778103d000-7f778103e000 rw-p 00052000 08:02 3546569                    /usr/lib/x86_64-linux-gnu/libgobject-2.0.so.0.4800.2
7f778103e000-7f778107b000 r-xp 00000000 08:02 3546485                    /usr/lib/x86_64-linux-gnu/libfontconfig.so.1.9.0
7f778107b000-7f778127a000 ---p 0003d000 08:02 3546485                    /usr/lib/x86_64-linux-gnu/libfontconfig.so.1.9.0
7f778127a000-7f778127c000 r--p 0003c000 08:02 3546485                    /usr/lib/x86_64-linux-gnu/libfontconfig.so.1.9.0
7f778127c000-7f7781281000 rw-p 0003e000 08:02 3546485                    /usr/lib/x86_64-linux-gnu/libfontconfig.so.1.9.0
7f7781281000-7f7781325000 r-xp 00000000 08:02 3546515                    /usr/lib/x86_64-linux-gnu/libfreetype.so.6.12.1
7f7781325000-7f7781524000 ---p 000a4000 08:02 3546515                    /usr/lib/x86_64-linux-gnu/libfreetype.so.6.12.1
7f7781524000-7f778152a000 r--p 000a3000 08:02 3546515                    /usr/lib/x86_64-linux-gnu/libfreetype.so.6.12.1
7f778152a000-7f778152b000 rw-p 000a9000 08:02 3546515                    /usr/lib/x86_64-linux-gnu/libfreetype.so.6.12.1
7f778152b000-7f7781574000 r-xp 00000000 08:02 3546953                    /usr/lib/x86_64-linux-gnu/libpango-1.0.so.0.3800.1
7f7781574000-7f7781774000 ---p 00049000 08:02 3546953                    /usr/lib/x86_64-linux-gnu/libpango-1.0.so.0.3800.1
7f7781774000-7f7781776000 r--p 00049000 08:02 3546953                    /usr/lib/x86_64-linux-gnu/libpango-1.0.so.0.3800.1
7f7781776000-7f7781777000 rw-p 0004b000 08:02 3546953                    /usr/lib/x86_64-linux-gnu/libpango-1.0.so.0.3800.1
7f7781777000-7f7781885000 r-xp 00000000 08:02 3546300                    /usr/lib/x86_64-linux-gnu/libcairo.so.2.11400.6
7f7781885000-7f7781a85000 ---p 0010e000 08:02 3546300                    /usr/lib/x86_64-linux-gnu/libcairo.so.2.11400.6
7f7781a85000-7f7781a88000 r--p 0010e000 08:02 3546300                    /usr/lib/x86_64-linux-gnu/libcairo.so.2.11400.6
7f7781a88000-7f7781a89000 rw-p 00111000 08:02 3546300                    /usr/lib/x86_64-linux-gnu/libcairo.so.2.11400.6
7f7781a89000-7f778388b000 rw-p 00000000 00:00 0 
7f778388c000-7f778388e000 rw-s 10018e000 00:06 335                       /dev/dri/card0
7f778388e000-7f7783893000 r--s 0009d000 08:02 2885327                    /opt/jdk/jdk1.8.0_161/jre/lib/jsse.jar
7f7783893000-7f778389a000 r--s 00000000 08:02 4200409                    /var/cache/fontconfig/4be9850f182b35c1350b6bbf2e42601c-le64.cache-6
7f778389a000-7f77838a5000 r--s 00000000 08:02 4198764                    /var/cache/fontconfig/945677eb7aeaf62f1d50efc3fb3ec7d8-le64.cache-6
7f77838a5000-7f77838ab000 r--s 00000000 08:02 4198756                    /var/cache/fontconfig/2cd17615ca594fa2959ae173292e504c-le64.cache-6
7f77838ab000-7f77838b2000 r--s 00000000 08:02 4195402                    /var/cache/fontconfig/3047814df9a2f067bd2d96a2b9c36e5a-le64.cache-6
7f77838b2000-7f77838ba000 r--s 00000000 08:02 4198769                    /var/cache/fontconfig/bf3b770c553c462765856025a94f1ce6-le64.cache-6
7f77838ba000-7f77838bd000 ---p 00000000 00:00 0 
7f77838bd000-7f77839bb000 rw-p 00000000 00:00 0 
7f77839bb000-7f77839c7000 r-xp 00000000 08:02 3546955                    /usr/lib/x86_64-linux-gnu/libpangocairo-1.0.so.0.3800.1
7f77839c7000-7f7783bc6000 ---p 0000c000 08:02 3546955                    /usr/lib/x86_64-linux-gnu/libpangocairo-1.0.so.0.3800.1
7f7783bc6000-7f7783bc7000 r--p 0000b000 08:02 3546955                    /usr/lib/x86_64-linux-gnu/libpangocairo-1.0.so.0.3800.1
7f7783bc7000-7f7783bc8000 rw-p 0000c000 08:02 3546955                    /usr/lib/x86_64-linux-gnu/libpangocairo-1.0.so.0.3800.1
7f7783bc8000-7f7783be9000 r-xp 00000000 08:02 3546541                    /usr/lib/x86_64-linux-gnu/libgdk_pixbuf-2.0.so.0.3200.2
7f7783be9000-7f7783de8000 ---p 00021000 08:02 3546541                    /usr/lib/x86_64-linux-gnu/libgdk_pixbuf-2.0.so.0.3200.2
7f7783de8000-7f7783de9000 r--p 00020000 08:02 3546541                    /usr/lib/x86_64-linux-gnu/libgdk_pixbuf-2.0.so.0.3200.2
7f7783de9000-7f7783dea000 rw-p 00021000 08:02 3546541                    /usr/lib/x86_64-linux-gnu/libgdk_pixbuf-2.0.so.0.3200.2
7f7783dea000-7f7783dfe000 r-xp 00000000 08:02 3546957                    /usr/lib/x86_64-linux-gnu/libpangoft2-1.0.so.0.3800.1
7f7783dfe000-7f7783ffe000 ---p 00014000 08:02 3546957                    /usr/lib/x86_64-linux-gnu/libpangoft2-1.0.so.0.3800.1
7f7783ffe000-7f7783fff000 r--p 00014000 08:02 3546957                    /usr/lib/x86_64-linux-gnu/libpangoft2-1.0.so.0.3800.1
7f7783fff000-7f7784000000 rw-p 00015000 08:02 3546957                    /usr/lib/x86_64-linux-gnu/libpangoft2-1.0.so.0.3800.1
7f7784000000-7f7784021000 rw-p 00000000 00:00 0 
7f7784021000-7f7788000000 ---p 00000000 00:00 0 
7f7788001000-7f7788002000 rw-s 101fcd000 00:06 335                       /dev/dri/card0
7f7788002000-7f7788003000 r--s 00000000 08:02 4200321                    /var/cache/fontconfig/4794a0821666d79190d59a36cb4f44b5-le64.cache-6
7f7788003000-7f7788005000 r--s 00000000 08:02 4198768                    /var/cache/fontconfig/a0107c79d978dfcc5e42cb1335b71036-le64.cache-6
7f7788005000-7f7788008000 r--s 00000000 08:02 4200320                    /var/cache/fontconfig/e49e89034d371f0f9de17aab02136486-le64.cache-6
7f7788008000-7f778801b000 r--s 00000000 08:02 4198773                    /var/cache/fontconfig/d52a8644073d54c13679302ca1180695-le64.cache-6
7f778801b000-7f7788026000 r--s 00000000 08:02 4200318                    /var/cache/fontconfig/d589a48862398ed80a3d6066f4f56f4c-le64.cache-6
7f7788026000-7f7788029000 r--s 00000000 08:02 4200317                    /var/cache/fontconfig/75114ca45c98e8a441da0ff356701271-le64.cache-6
7f7788029000-7f7788034000 r--s 00000000 08:02 4195407                    /var/cache/fontconfig/83bf95040141907cd45bb53cf7c1c148-le64.cache-6
7f7788034000-7f7788046000 r--s 00000000 08:02 4198766                    /var/cache/fontconfig/9b89f8e3dae116d678bbf48e5f21f69b-le64.cache-6
7f7788046000-7f7788049000 r--s 00000000 08:02 4195400                    /var/cache/fontconfig/e13b20fdb08344e0e664864cc2ede53d-le64.cache-6
7f7788049000-7f7788073000 r--p 00000000 08:02 3815303                    /usr/share/locale-langpack/es/LC_MESSAGES/gtk20-properties.mo
7f7788073000-7f7788098000 r--p 00000000 08:02 3813115                    /usr/share/locale-langpack/es/LC_MESSAGES/libc.mo
7f7788098000-7f7788218000 r-xp 00000000 08:02 3546551                    /usr/lib/x86_64-linux-gnu/libgio-2.0.so.0.4800.2
7f7788218000-7f7788418000 ---p 00180000 08:02 3546551                    /usr/lib/x86_64-linux-gnu/libgio-2.0.so.0.4800.2
7f7788418000-7f778841c000 r--p 00180000 08:02 3546551                    /usr/lib/x86_64-linux-gnu/libgio-2.0.so.0.4800.2
7f778841c000-7f778841e000 rw-p 00184000 08:02 3546551                    /usr/lib/x86_64-linux-gnu/libgio-2.0.so.0.4800.2
7f778841e000-7f7788420000 rw-p 00000000 00:00 0 
7f7788420000-7f7788442000 r-xp 00000000 08:02 3546244                    /usr/lib/x86_64-linux-gnu/libatk-1.0.so.0.21809.1
7f7788442000-7f7788641000 ---p 00022000 08:02 3546244                    /usr/lib/x86_64-linux-gnu/libatk-1.0.so.0.21809.1
7f7788641000-7f7788644000 r--p 00021000 08:02 3546244                    /usr/lib/x86_64-linux-gnu/libatk-1.0.so.0.21809.1
7f7788644000-7f7788645000 rw-p 00024000 08:02 3546244                    /usr/lib/x86_64-linux-gnu/libatk-1.0.so.0.21809.1
7f7788645000-7f77886f5000 r-xp 00000000 08:02 3546539                    /usr/lib/x86_64-linux-gnu/libgdk-x11-2.0.so.0.2400.30
7f77886f5000-7f77888f4000 ---p 000b0000 08:02 3546539                    /usr/lib/x86_64-linux-gnu/libgdk-x11-2.0.so.0.2400.30
7f77888f4000-7f77888f8000 r--p 000af000 08:02 3546539                    /usr/lib/x86_64-linux-gnu/libgdk-x11-2.0.so.0.2400.30
7f77888f8000-7f77888fa000 rw-p 000b3000 08:02 3546539                    /usr/lib/x86_64-linux-gnu/libgdk-x11-2.0.so.0.2400.30
7f77888fa000-7f7788d38000 r-xp 00000000 08:02 3546638                    /usr/lib/x86_64-linux-gnu/libgtk-x11-2.0.so.0.2400.30
7f7788d38000-7f7788f37000 ---p 0043e000 08:02 3546638                    /usr/lib/x86_64-linux-gnu/libgtk-x11-2.0.so.0.2400.30
7f7788f37000-7f7788f3e000 r--p 0043d000 08:02 3546638                    /usr/lib/x86_64-linux-gnu/libgtk-x11-2.0.so.0.2400.30
7f7788f3e000-7f7788f42000 rw-p 00444000 08:02 3546638                    /usr/lib/x86_64-linux-gnu/libgtk-x11-2.0.so.0.2400.30
7f7788f42000-7f7788f45000 rw-p 00000000 00:00 0 
7f7788f45000-7f7788f47000 r--s 00000000 08:02 4200319                    /var/cache/fontconfig/4b14b093aebc79c320de5e86ae1d3314-le64.cache-6
7f7788f47000-7f7788f4d000 r--s 00000000 08:02 4202079                    /var/cache/fontconfig/3830d5c3ddfd5cd38a049b759396e72e-le64.cache-6
7f7788f4f000-7f7788f5e000 r--p 00000000 08:02 3815986                    /usr/share/locale-langpack/es/LC_MESSAGES/gtk20.mo
7f7788f5e000-7f7788f5f000 rw-s 00000000 00:05 126345                     /drm mm object (deleted)
7f7788f5f000-7f7788f66000 r--s 00000000 08:02 3671625                    /usr/lib/x86_64-linux-gnu/gconv/gconv-modules.cache
7f7788f66000-7f7788f72000 r-xp 00000000 08:02 2885488                    /opt/jdk/jdk1.8.0_161/jre/lib/amd64/libprism_es2.so
7f7788f72000-7f7789171000 ---p 0000c000 08:02 2885488                    /opt/jdk/jdk1.8.0_161/jre/lib/amd64/libprism_es2.so
7f7789171000-7f7789172000 rw-p 0000b000 08:02 2885488                    /opt/jdk/jdk1.8.0_161/jre/lib/amd64/libprism_es2.so
7f7789172000-7f7789175000 ---p 00000000 00:00 0 
7f7789175000-7f7789273000 rw-p 00000000 00:00 0 
7f7789273000-7f7789274000 ---p 00000000 00:00 0 
7f7789274000-7f7789374000 rw-p 00000000 00:00 0 
7f7789374000-7f7789377000 ---p 00000000 00:00 0 
7f7789377000-7f7789475000 rw-p 00000000 00:00 0 
7f7789475000-7f7789478000 ---p 00000000 00:00 0 
7f7789478000-7f7789576000 rw-p 00000000 00:00 0 
7f7789576000-7f778958c000 r-xp 00000000 08:02 2885484                    /opt/jdk/jdk1.8.0_161/jre/lib/amd64/libnet.so
7f778958c000-7f778978c000 ---p 00016000 08:02 2885484                    /opt/jdk/jdk1.8.0_161/jre/lib/amd64/libnet.so
7f778978c000-7f778978d000 rw-p 00016000 08:02 2885484                    /opt/jdk/jdk1.8.0_161/jre/lib/amd64/libnet.so
7f778978d000-7f7789790000 ---p 00000000 00:00 0 
7f7789790000-7f778988e000 rw-p 00000000 00:00 0 
7f778988e000-7f7789891000 ---p 00000000 00:00 0 
7f7789891000-7f778998f000 rw-p 00000000 00:00 0 
7f778998f000-7f7789991000 r--s 0001a000 08:02 5115840                    /home/blacksabbathx/.local/share/JetBrains/Toolbox/apps/IDEA-U/ch-0/181.4445.78/lib/idea_rt.jar
7f7789991000-7f77899a3000 r--s 00117000 08:02 1315416                    /home/blacksabbathx/IdeaProjects/ProyectoCine/src/sources/controlsfx-8.40.14.jar
7f77899a3000-7f77899b8000 r--s 00237000 08:02 1313300                    /home/blacksabbathx/IdeaProjects/ProyectoCine/src/sources/jfoenix-8.0.1.jar
7f77899b8000-7f77899cb000 r--s 00345000 08:02 2885308                    /opt/jdk/jdk1.8.0_161/jre/lib/resources.jar
7f77899cb000-7f77899de000 r--s 000d6000 08:02 2885212                    /opt/jdk/jdk1.8.0_161/jre/lib/plugin.jar
7f77899de000-7f77899e3000 r--s 0009d000 08:02 2885327                    /opt/jdk/jdk1.8.0_161/jre/lib/jsse.jar
7f77899e3000-7f7789a79000 r--s 0110a000 08:02 2885332                    /opt/jdk/jdk1.8.0_161/jre/lib/ext/jfxrt.jar
7f7789a79000-7f7789a7c000 ---p 00000000 00:00 0 
7f7789a7c000-7f7789b7a000 rw-p 00000000 00:00 0 
7f7789b7a000-7f778a0c6000 r--p 00000000 08:02 3549632                    /usr/lib/locale/locale-archive
7f778a0c6000-7f778a0c9000 ---p 00000000 00:00 0 
7f778a0c9000-7f778a1c7000 rw-p 00000000 00:00 0 
7f778a1c7000-7f778a1ca000 ---p 00000000 00:00 0 
7f778a1ca000-7f778a2c8000 rw-p 00000000 00:00 0 
7f778a2c8000-7f778a2c9000 ---p 00000000 00:00 0 
7f778a2c9000-7f778acd2000 rw-p 00000000 00:00 0 
7f778acd2000-7f778aeab000 r--s 03d64000 08:02 2885270                    /opt/jdk/jdk1.8.0_161/jre/lib/rt.jar
7f778aeab000-7f778b88b000 rw-p 00000000 00:00 0 
7f778b88b000-7f778b88c000 ---p 00000000 00:00 0 
7f778b88c000-7f778b98c000 rw-p 00000000 00:00 0 
7f778b98c000-7f778b98d000 ---p 00000000 00:00 0 
7f778b98d000-7f778babd000 rw-p 00000000 00:00 0 
7f778babd000-7f778bbcd000 ---p 00000000 00:00 0 
7f778bbcd000-7f778bbfd000 rw-p 00000000 00:00 0 
7f778bbfd000-7f778bd0d000 ---p 00000000 00:00 0 
7f778bd0d000-7f778bd1f000 rw-p 00000000 00:00 0 
7f778bd1f000-7f778bdad000 ---p 00000000 00:00 0 
7f778bdad000-7f778bddd000 rw-p 00000000 00:00 0 
7f778bddd000-7f778c16e000 ---p 00000000 00:00 0 
7f778c16e000-7f778cd1e000 rwxp 00000000 00:00 0 
7f778cd1e000-7f779b16e000 ---p 00000000 00:00 0 
7f779b16e000-7f779b189000 r-xp 00000000 08:02 2885480                    /opt/jdk/jdk1.8.0_161/jre/lib/amd64/libzip.so
7f779b189000-7f779b389000 ---p 0001b000 08:02 2885480                    /opt/jdk/jdk1.8.0_161/jre/lib/amd64/libzip.so
7f779b389000-7f779b38a000 rw-p 0001b000 08:02 2885480                    /opt/jdk/jdk1.8.0_161/jre/lib/amd64/libzip.so
7f779b38a000-7f779b395000 r-xp 00000000 08:02 791228                     /lib/x86_64-linux-gnu/libnss_files-2.23.so
7f779b395000-7f779b594000 ---p 0000b000 08:02 791228                     /lib/x86_64-linux-gnu/libnss_files-2.23.so
7f779b594000-7f779b595000 r--p 0000a000 08:02 791228                     /lib/x86_64-linux-gnu/libnss_files-2.23.so
7f779b595000-7f779b596000 rw-p 0000b000 08:02 791228                     /lib/x86_64-linux-gnu/libnss_files-2.23.so
7f779b596000-7f779b59c000 rw-p 00000000 00:00 0 
7f779b59c000-7f779b5a7000 r-xp 00000000 08:02 791238                     /lib/x86_64-linux-gnu/libnss_nis-2.23.so
7f779b5a7000-7f779b7a6000 ---p 0000b000 08:02 791238                     /lib/x86_64-linux-gnu/libnss_nis-2.23.so
7f779b7a6000-7f779b7a7000 r--p 0000a000 08:02 791238                     /lib/x86_64-linux-gnu/libnss_nis-2.23.so
7f779b7a7000-7f779b7a8000 rw-p 0000b000 08:02 791238                     /lib/x86_64-linux-gnu/libnss_nis-2.23.so
7f779b7a8000-7f779b7be000 r-xp 00000000 08:02 791222                     /lib/x86_64-linux-gnu/libnsl-2.23.so
7f779b7be000-7f779b9bd000 ---p 00016000 08:02 791222                     /lib/x86_64-linux-gnu/libnsl-2.23.so
7f779b9bd000-7f779b9be000 r--p 00015000 08:02 791222                     /lib/x86_64-linux-gnu/libnsl-2.23.so
7f779b9be000-7f779b9bf000 rw-p 00016000 08:02 791222                     /lib/x86_64-linux-gnu/libnsl-2.23.so
7f779b9bf000-7f779b9c1000 rw-p 00000000 00:00 0 
7f779b9c1000-7f779b9c9000 r-xp 00000000 08:02 791224                     /lib/x86_64-linux-gnu/libnss_compat-2.23.so
7f779b9c9000-7f779bbc8000 ---p 00008000 08:02 791224                     /lib/x86_64-linux-gnu/libnss_compat-2.23.so
7f779bbc8000-7f779bbc9000 r--p 00007000 08:02 791224                     /lib/x86_64-linux-gnu/libnss_compat-2.23.so
7f779bbc9000-7f779bbca000 rw-p 00008000 08:02 791224                     /lib/x86_64-linux-gnu/libnss_compat-2.23.so
7f779bbca000-7f779bbd4000 r-xp 00000000 08:02 2885489                    /opt/jdk/jdk1.8.0_161/jre/lib/amd64/libinstrument.so
7f779bbd4000-7f779bdd3000 ---p 0000a000 08:02 2885489                    /opt/jdk/jdk1.8.0_161/jre/lib/amd64/libinstrument.so
7f779bdd3000-7f779bdd4000 rw-p 00009000 08:02 2885489                    /opt/jdk/jdk1.8.0_161/jre/lib/amd64/libinstrument.so
7f779bdd4000-7f779bdff000 r-xp 00000000 08:02 2885474                    /opt/jdk/jdk1.8.0_161/jre/lib/amd64/libjava.so
7f779bdff000-7f779bffe000 ---p 0002b000 08:02 2885474                    /opt/jdk/jdk1.8.0_161/jre/lib/amd64/libjava.so
7f779bffe000-7f779c000000 rw-p 0002a000 08:02 2885474                    /opt/jdk/jdk1.8.0_161/jre/lib/amd64/libjava.so
7f779c000000-7f779c503000 rw-p 00000000 00:00 0 
7f779c503000-7f77a0000000 ---p 00000000 00:00 0 
7f77a0000000-7f77a0005000 r--s 00084000 08:02 2885187                    /opt/jdk/jdk1.8.0_161/jre/lib/jfr.jar
7f77a0005000-7f77a000e000 r--s 0006d000 08:02 2885197                    /opt/jdk/jdk1.8.0_161/jre/lib/javaws.jar
7f77a000e000-7f77a002a000 r--s 0020b000 08:02 2885188                    /opt/jdk/jdk1.8.0_161/jre/lib/deploy.jar
7f77a002a000-7f77a0079000 rw-p 00000000 00:00 0 
7f77a0079000-7f77a0086000 r-xp 00000000 08:02 2885479                    /opt/jdk/jdk1.8.0_161/jre/lib/amd64/libverify.so
7f77a0086000-7f77a0286000 ---p 0000d000 08:02 2885479                    /opt/jdk/jdk1.8.0_161/jre/lib/amd64/libverify.so
7f77a0286000-7f77a0288000 rw-p 0000d000 08:02 2885479                    /opt/jdk/jdk1.8.0_161/jre/lib/amd64/libverify.so
7f77a0288000-7f77a028f000 r-xp 00000000 08:02 791283                     /lib/x86_64-linux-gnu/librt-2.23.so
7f77a028f000-7f77a048e000 ---p 00007000 08:02 791283                     /lib/x86_64-linux-gnu/librt-2.23.so
7f77a048e000-7f77a048f000 r--p 00006000 08:02 791283                     /lib/x86_64-linux-gnu/librt-2.23.so
7f77a048f000-7f77a0490000 rw-p 00007000 08:02 791283                     /lib/x86_64-linux-gnu/librt-2.23.so
7f77a0490000-7f77a0598000 r-xp 00000000 08:02 791201                     /lib/x86_64-linux-gnu/libm-2.23.so
7f77a0598000-7f77a0797000 ---p 00108000 08:02 791201                     /lib/x86_64-linux-gnu/libm-2.23.so
7f77a0797000-7f77a0798000 r--p 00107000 08:02 791201                     /lib/x86_64-linux-gnu/libm-2.23.so
7f77a0798000-7f77a0799000 rw-p 00108000 08:02 791201                     /lib/x86_64-linux-gnu/libm-2.23.so
7f77a0799000-7f77a1472000 r-xp 00000000 08:02 2885457                    /opt/jdk/jdk1.8.0_161/jre/lib/amd64/server/libjvm.so
7f77a1472000-7f77a1671000 ---p 00cd9000 08:02 2885457                    /opt/jdk/jdk1.8.0_161/jre/lib/amd64/server/libjvm.so
7f77a1671000-7f77a174a000 rw-p 00cd8000 08:02 2885457                    /opt/jdk/jdk1.8.0_161/jre/lib/amd64/server/libjvm.so
7f77a174a000-7f77a1796000 rw-p 00000000 00:00 0 
7f77a1796000-7f77a1956000 r-xp 00000000 08:02 791133                     /lib/x86_64-linux-gnu/libc-2.23.so
7f77a1956000-7f77a1b56000 ---p 001c0000 08:02 791133                     /lib/x86_64-linux-gnu/libc-2.23.so
7f77a1b56000-7f77a1b5a000 r--p 001c0000 08:02 791133                     /lib/x86_64-linux-gnu/libc-2.23.so
7f77a1b5a000-7f77a1b5c000 rw-p 001c4000 08:02 791133                     /lib/x86_64-linux-gnu/libc-2.23.so
7f77a1b5c000-7f77a1b60000 rw-p 00000000 00:00 0 
7f77a1b60000-7f77a1b63000 r-xp 00000000 08:02 791155                     /lib/x86_64-linux-gnu/libdl-2.23.so
7f77a1b63000-7f77a1d62000 ---p 00003000 08:02 791155                     /lib/x86_64-linux-gnu/libdl-2.23.so
7f77a1d62000-7f77a1d63000 r--p 00002000 08:02 791155                     /lib/x86_64-linux-gnu/libdl-2.23.so
7f77a1d63000-7f77a1d64000 rw-p 00003000 08:02 791155                     /lib/x86_64-linux-gnu/libdl-2.23.so
7f77a1d64000-7f77a1d7a000 r-xp 00000000 08:02 2885095                    /opt/jdk/jdk1.8.0_161/lib/amd64/jli/libjli.so
7f77a1d7a000-7f77a1f79000 ---p 00016000 08:02 2885095                    /opt/jdk/jdk1.8.0_161/lib/amd64/jli/libjli.so
7f77a1f79000-7f77a1f7a000 rw-p 00015000 08:02 2885095                    /opt/jdk/jdk1.8.0_161/lib/amd64/jli/libjli.so
7f77a1f7a000-7f77a1f92000 r-xp 00000000 08:02 791275                     /lib/x86_64-linux-gnu/libpthread-2.23.so
7f77a1f92000-7f77a2191000 ---p 00018000 08:02 791275                     /lib/x86_64-linux-gnu/libpthread-2.23.so
7f77a2191000-7f77a2192000 r--p 00017000 08:02 791275                     /lib/x86_64-linux-gnu/libpthread-2.23.so
7f77a2192000-7f77a2193000 rw-p 00018000 08:02 791275                     /lib/x86_64-linux-gnu/libpthread-2.23.so
7f77a2193000-7f77a2197000 rw-p 00000000 00:00 0 
7f77a2197000-7f77a21bd000 r-xp 00000000 08:02 791107                     /lib/x86_64-linux-gnu/ld-2.23.so
7f77a21bd000-7f77a21bf000 r--s 00007000 08:02 2885502                    /opt/jdk/jdk1.8.0_161/jre/lib/jfxswt.jar
7f77a21bf000-7f77a21c4000 r--s 002f9000 08:02 2885268                    /opt/jdk/jdk1.8.0_161/jre/lib/charsets.jar
7f77a21c4000-7f77a2295000 rw-p 00000000 00:00 0 
7f77a2295000-7f77a2298000 ---p 00000000 00:00 0 
7f77a2298000-7f77a239b000 rw-p 00000000 00:00 0 
7f77a239b000-7f77a239c000 r--s 00000000 08:02 2885194                    /opt/jdk/jdk1.8.0_161/jre/lib/management-agent.jar
7f77a239c000-7f77a239f000 r--s 0001a000 08:02 2885500                    /opt/jdk/jdk1.8.0_161/jre/lib/jce.jar
7f77a239f000-7f77a23b2000 rw-p 00000000 00:00 0 
7f77a23b2000-7f77a23ba000 rw-s 00000000 08:02 3015339                    /tmp/hsperfdata_blacksabbathx/8754
7f77a23ba000-7f77a23bb000 rw-p 00000000 00:00 0 
7f77a23bb000-7f77a23bc000 r--p 00000000 00:00 0 
7f77a23bc000-7f77a23bd000 r--p 00025000 08:02 791107                     /lib/x86_64-linux-gnu/ld-2.23.so
7f77a23bd000-7f77a23be000 rw-p 00026000 08:02 791107                     /lib/x86_64-linux-gnu/ld-2.23.so
7f77a23be000-7f77a23bf000 rw-p 00000000 00:00 0 
7ffd72f57000-7ffd72f78000 rw-p 00000000 00:00 0                          [stack]
7ffd72f85000-7ffd72f88000 r--p 00000000 00:00 0                          [vvar]
7ffd72f88000-7ffd72f8a000 r-xp 00000000 00:00 0                          [vdso]
ffffffffff600000-ffffffffff601000 r-xp 00000000 00:00 0                  [vsyscall]

VM Arguments:
jvm_args: -javaagent:/home/blacksabbathx/.local/share/JetBrains/Toolbox/apps/IDEA-U/ch-0/181.4445.78/lib/idea_rt.jar=42655:/home/blacksabbathx/.local/share/JetBrains/Toolbox/apps/IDEA-U/ch-0/181.4445.78/bin -Dfile.encoding=UTF-8 
java_command: MainClass
java_class_path (initial): /opt/jdk/jdk1.8.0_161/jre/lib/charsets.jar:/opt/jdk/jdk1.8.0_161/jre/lib/deploy.jar:/opt/jdk/jdk1.8.0_161/jre/lib/ext/cldrdata.jar:/opt/jdk/jdk1.8.0_161/jre/lib/ext/dnsns.jar:/opt/jdk/jdk1.8.0_161/jre/lib/ext/jaccess.jar:/opt/jdk/jdk1.8.0_161/jre/lib/ext/jfxrt.jar:/opt/jdk/jdk1.8.0_161/jre/lib/ext/localedata.jar:/opt/jdk/jdk1.8.0_161/jre/lib/ext/nashorn.jar:/opt/jdk/jdk1.8.0_161/jre/lib/ext/sunec.jar:/opt/jdk/jdk1.8.0_161/jre/lib/ext/sunjce_provider.jar:/opt/jdk/jdk1.8.0_161/jre/lib/ext/sunpkcs11.jar:/opt/jdk/jdk1.8.0_161/jre/lib/ext/zipfs.jar:/opt/jdk/jdk1.8.0_161/jre/lib/javaws.jar:/opt/jdk/jdk1.8.0_161/jre/lib/jce.jar:/opt/jdk/jdk1.8.0_161/jre/lib/jfr.jar:/opt/jdk/jdk1.8.0_161/jre/lib/jfxswt.jar:/opt/jdk/jdk1.8.0_161/jre/lib/jsse.jar:/opt/jdk/jdk1.8.0_161/jre/lib/management-agent.jar:/opt/jdk/jdk1.8.0_161/jre/lib/plugin.jar:/opt/jdk/jdk1.8.0_161/jre/lib/resources.jar:/opt/jdk/jdk1.8.0_161/jre/lib/rt.jar:/home/blacksabbathx/IdeaProjects/ProyectoCine/out/production/ProyectoCine:/home/blacksabbathx/IdeaProjects/ProyectoCine/src/sources/jfoenix-8.0.1.jar:/home/blacksabbathx/IdeaProjects/ProyectoCine/src/sources/controlsfx-8.40.14.jar:/home/blacksabbathx/.local/share/JetBrains/Toolbox/apps/IDEA-U/ch-0/181.4445.78/lib/idea_rt.jar
Launcher Type: SUN_STANDARD

Environment Variables:
PATH=/home/blacksabbathx/bin:/home/blacksabbathx/.local/bin:/usr/local/sbin:/usr/local/bin:/usr/sbin:/usr/bin:/sbin:/bin:/usr/games:/usr/local/games:/snap/bin
SHELL=/bin/bash
DISPLAY=:0

Signal Handlers:
SIGSEGV: [libjvm.so+0xad01e0], sa_mask[0]=11111111011111111101111111111110, sa_flags=SA_RESTART|SA_SIGINFO
SIGBUS: [libjvm.so+0xad01e0], sa_mask[0]=11111111011111111101111111111110, sa_flags=SA_RESTART|SA_SIGINFO
SIGFPE: [libjvm.so+0x927fb0], sa_mask[0]=11111111011111111101111111111110, sa_flags=SA_RESTART|SA_SIGINFO
SIGPIPE: SIG_IGN, sa_mask[0]=00000000000010000000000000000000, sa_flags=SA_RESTART
SIGXFSZ: [libjvm.so+0x927fb0], sa_mask[0]=11111111011111111101111111111110, sa_flags=SA_RESTART|SA_SIGINFO
SIGILL: [libjvm.so+0x927fb0], sa_mask[0]=11111111011111111101111111111110, sa_flags=SA_RESTART|SA_SIGINFO
SIGUSR1: SIG_DFL, sa_mask[0]=00000000000000000000000000000000, sa_flags=none
SIGUSR2: [libjvm.so+0x9297f0], sa_mask[0]=00100000000000000000000000000000, sa_flags=SA_RESTART|SA_SIGINFO
SIGHUP: [libjvm.so+0x92abf0], sa_mask[0]=11111111011111111101111111111110, sa_flags=SA_RESTART|SA_SIGINFO
SIGINT: [libjvm.so+0x92abf0], sa_mask[0]=11111111011111111101111111111110, sa_flags=SA_RESTART|SA_SIGINFO
SIGTERM: [libjvm.so+0x92abf0], sa_mask[0]=11111111011111111101111111111110, sa_flags=SA_RESTART|SA_SIGINFO
SIGQUIT: [libjvm.so+0x92abf0], sa_mask[0]=11111111011111111101111111111110, sa_flags=SA_RESTART|SA_SIGINFO


---------------  S Y S T E M  ---------------

OS:DISTRIB_ID=neon
DISTRIB_RELEASE=16.04
DISTRIB_CODENAME=xenial
DISTRIB_DESCRIPTION="KDE neon User Edition 5.12"

uname:Linux 4.13.0-38-generic #43~16.04.1-Ubuntu SMP Wed Mar 14 17:48:43 UTC 2018 x86_64
libc:glibc 2.23 NPTL 2.23 
rlimit: STACK 8192k, CORE 0k, NPROC 15129, NOFILE 1048576, AS infinity
load average:1,30 1,80 1,90

/proc/meminfo:
MemTotal:        3927380 kB
MemFree:          238224 kB
MemAvailable:     881844 kB
Buffers:           29328 kB
Cached:          1007812 kB
SwapCached:         2000 kB
Active:          2642452 kB
Inactive:         866616 kB
Active(anon):    2234792 kB
Inactive(anon):   450192 kB
Active(file):     407660 kB
Inactive(file):   416424 kB
Unevictable:          32 kB
Mlocked:              32 kB
SwapTotal:       3907580 kB
SwapFree:        3836912 kB
Dirty:               224 kB
Writeback:             0 kB
AnonPages:       2469912 kB
Mapped:           451788 kB
Shmem:            231732 kB
Slab:              93864 kB
SReclaimable:      56724 kB
SUnreclaim:        37140 kB
KernelStack:        7440 kB
PageTables:        38340 kB
NFS_Unstable:          0 kB
Bounce:                0 kB
WritebackTmp:          0 kB
CommitLimit:     5871268 kB
Committed_AS:    4980548 kB
VmallocTotal:   34359738367 kB
VmallocUsed:           0 kB
VmallocChunk:          0 kB
HardwareCorrupted:     0 kB
AnonHugePages:         0 kB
ShmemHugePages:        0 kB
ShmemPmdMapped:        0 kB
CmaTotal:              0 kB
CmaFree:               0 kB
HugePages_Total:       0
HugePages_Free:        0
HugePages_Rsvd:        0
HugePages_Surp:        0
Hugepagesize:       2048 kB
DirectMap4k:      169984 kB
DirectMap2M:     3911680 kB


CPU:total 2 (initial active 2) (2 cores per cpu, 1 threads per core) family 6 model 76 stepping 4, cmov, cx8, fxsr, mmx, sse, sse2, sse3, ssse3, sse4.1, sse4.2, popcnt, aes, clmul, erms, 3dnowpref, tsc, tscinvbit

/proc/cpuinfo:
processor	: 0
vendor_id	: GenuineIntel
cpu family	: 6
model		: 76
model name	: Intel(R) Celeron(R) CPU  N3060  @ 1.60GHz
stepping	: 4
microcode	: 0x404
cpu MHz		: 2307.614
cache size	: 1024 KB
physical id	: 0
siblings	: 2
core id		: 0
cpu cores	: 2
apicid		: 0
initial apicid	: 0
fpu		: yes
fpu_exception	: yes
cpuid level	: 11
wp		: yes
flags		: fpu vme de pse tsc msr pae mce cx8 apic sep mtrr pge mca cmov pat pse36 clflush dts acpi mmx fxsr sse sse2 ss ht tm pbe syscall nx rdtscp lm constant_tsc arch_perfmon pebs bts rep_good nopl xtopology tsc_reliable nonstop_tsc cpuid aperfmperf tsc_known_freq pni pclmulqdq dtes64 monitor ds_cpl vmx est tm2 ssse3 cx16 xtpr pdcm sse4_1 sse4_2 movbe popcnt tsc_deadline_timer aes rdrand lahf_lm 3dnowprefetch epb pti retpoline tpr_shadow vnmi flexpriority ept vpid tsc_adjust smep erms dtherm ida arat
bugs		: cpu_meltdown spectre_v1 spectre_v2
bogomips	: 3200.00
clflush size	: 64
cache_alignment	: 64
address sizes	: 36 bits physical, 48 bits virtual
power management:

processor	: 1
vendor_id	: GenuineIntel
cpu family	: 6
model		: 76
model name	: Intel(R) Celeron(R) CPU  N3060  @ 1.60GHz
stepping	: 4
microcode	: 0x404
cpu MHz		: 2335.740
cache size	: 1024 KB
physical id	: 0
siblings	: 2
core id		: 2
cpu cores	: 2
apicid		: 4
initial apicid	: 4
fpu		: yes
fpu_exception	: yes
cpuid level	: 11
wp		: yes
flags		: fpu vme de pse tsc msr pae mce cx8 apic sep mtrr pge mca cmov pat pse36 clflush dts acpi mmx fxsr sse sse2 ss ht tm pbe syscall nx rdtscp lm constant_tsc arch_perfmon pebs bts rep_good nopl xtopology tsc_reliable nonstop_tsc cpuid aperfmperf tsc_known_freq pni pclmulqdq dtes64 monitor ds_cpl vmx est tm2 ssse3 cx16 xtpr pdcm sse4_1 sse4_2 movbe popcnt tsc_deadline_timer aes rdrand lahf_lm 3dnowprefetch epb pti retpoline tpr_shadow vnmi flexpriority ept vpid tsc_adjust smep erms dtherm ida arat
bugs		: cpu_meltdown spectre_v1 spectre_v2
bogomips	: 3200.00
clflush size	: 64
cache_alignment	: 64
address sizes	: 36 bits physical, 48 bits virtual
power management:



Memory: 4k page, physical 3927380k(238232k free), swap 3907580k(3836912k free)

vm_info: Java HotSpot(TM) 64-Bit Server VM (25.161-b12) for linux-amd64 JRE (1.8.0_161-b12), built on Dec 19 2017 16:12:43 by "java_re" with gcc 4.3.0 20080428 (Red Hat 4.3.0-8)

time: Thu Apr 19 02:19:35 2018
elapsed time: 59 seconds (0d 0h 0m 59s)

