#
# A fatal error has been detected by the Java Runtime Environment:
#
#  SIGSEGV (0xb) at pc=0x00007f562d039788, pid=13855, tid=0x00007f55d680e700
#
# JRE version: Java(TM) SE Runtime Environment (8.0_161-b12) (build 1.8.0_161-b12)
# Java VM: Java HotSpot(TM) 64-Bit Server VM (25.161-b12 mixed mode linux-amd64 compressed oops)
# Problematic frame:
# V  [libjvm.so+0x6d7788]  jni_invoke_nonstatic(JNIEnv_*, JavaValue*, _jobject*, JNICallType, _jmethodID*, JNI_ArgumentPusher*, Thread*)+0x38
#
# Failed to write core dump. Core dumps have been disabled. To enable core dumping, try "ulimit -c unlimited" before starting Java again
#
# If you would like to submit a bug report, please visit:
#   http://bugreport.java.com/bugreport/crash.jsp
#

---------------  T H R E A D  ---------------

Current thread (0x00007f56282cf000):  JavaThread "JavaFX Application Thread" [_thread_in_vm, id=13880, stack(0x00007f55d670e000,0x00007f55d680f000)]

siginfo: si_signo: 11 (SIGSEGV), si_code: 1 (SEGV_MAPERR), si_addr: 0xffffffffffffffff

Registers:
RAX=0x00007f55d680d3c0, RBX=0x00007f55d680d2d0, RCX=0x0000000000000001, RDX=0xffffffffffffffff
RSP=0x00007f55d680d120, RBP=0x00007f55d680d2a0, RSI=0x00007f55d680d330, RDI=0x00007f56282cf1f8
R8 =0x00007f562828bf98, R9 =0x00007f55d680d2d0, R10=0x00007f55c8000be0, R11=0x00007f561888fa60
R12=0x00007f56282cf000, R13=0x00007f562828bf98, R14=0x0000000000000001, R15=0x00007f56282cf1f8
RIP=0x00007f562d039788, EFLAGS=0x0000000000010286, CSGSFS=0x002b000000000033, ERR=0x0000000000000005
  TRAPNO=0x000000000000000e

Top of Stack: (sp=0x00007f55d680d120)
0x00007f55d680d120:   00007f55d680d820 00007f55d680d440
0x00007f55d680d130:   00007f55d680d180 00007f55d680d200
0x00007f55d680d140:   00007f55d680d2d0 00007f55d680d330
0x00007f55d680d150:   00007f56282cf1f8 00007f562d059290
0x00007f55d680d160:   00007f55ec019a50 00007f55ec019a60
0x00007f55d680d170:   00007f55ec019e38 00000000000003d8
0x00007f55d680d180:   00007f5615848748 00000000cb1756c8
0x00007f55d680d190:   00007f560000006f 00007f560000000a
0x00007f55d680d1a0:   00000000ec1ef4b0 00007f5600000000
0x00007f55d680d1b0:   0000000000000034 00007f562e36ab1f
0x00007f55d680d1c0:   00007f56157c0d78 0000000100000100
0x00007f55d680d1d0:   00007f5615848748 00007f55d680d188
0x00007f55d680d1e0:   00007f55d680d1c9 0000000800000005
0x00007f55d680d1f0:   00007f5615848700 00007f56282ce680
0x00007f55d680d200:   00007f562d8cce70 00007f562e409720
0x00007f55d680d210:   00000000282ce510 00007f56282cf000
0x00007f55d680d220:   0000000000000000 00007f562d039b5b
0x00007f55d680d230:   00007f56157caec0 00007f56282cf000
0x00007f55d680d240:   00007f56157caec0 00007f56282cf000
0x00007f55d680d250:   00007f55d680d3e0 00007f56157caec0
0x00007f55d680d260:   00007f56157caec0 00007f56157caec0
0x00007f55d680d270:   00007f55ec019a50 00007f55d680d2d0
0x00007f55d680d280:   00007f56282cf000 00007f55d680d310
0x00007f55d680d290:   00007f562828bf98 00007f56282cf1f8
0x00007f55d680d2a0:   00007f55d680d390 00007f562d03df2f
0x00007f55d680d2b0:   00007f56282cf000 00007f55e3793094
0x00007f55d680d2c0:   00007f55d680d3a8 ffffffffffffffff
0x00007f55d680d2d0:   00007f562d8cdaf0 00007f562e409720
0x00007f55d680d2e0:   00000000d680d350 00007f5500000063
0x00007f55d680d2f0:   0000000000000000 0000003000000018
0x00007f55d680d300:   00007f55d680d480 00007f55d680d3c0
0x00007f55d680d310:   00007f56282cf000 0000000000000000 

Instructions: (pc=0x00007f562d039788)
0x00007f562d039768:   00 00 48 85 d2 48 89 bd b0 fe ff ff 48 89 b5 a8
0x00007f562d039778:   fe ff ff 4c 89 8d a0 fe ff ff 0f 84 78 09 00 00
0x00007f562d039788:   4c 8b 22 4d 85 e4 0f 84 6c 09 00 00 48 8b 45 10
0x00007f562d039798:   48 8b 98 38 01 00 00 48 83 7b 18 f7 0f 87 16 07 

Register to memory mapping:

RAX=0x00007f55d680d3c0 is pointing into the stack for thread: 0x00007f56282cf000
RBX=0x00007f55d680d2d0 is pointing into the stack for thread: 0x00007f56282cf000
RCX=0x0000000000000001 is an unknown value
RDX=0xffffffffffffffff is an unknown value
RSP=0x00007f55d680d120 is pointing into the stack for thread: 0x00007f56282cf000
RBP=0x00007f55d680d2a0 is pointing into the stack for thread: 0x00007f56282cf000
RSI=0x00007f55d680d330 is pointing into the stack for thread: 0x00007f56282cf000
RDI=0x00007f56282cf1f8 is an unknown value
R8 =0x00007f562828bf98 is an unknown value
R9 =0x00007f55d680d2d0 is pointing into the stack for thread: 0x00007f56282cf000
R10=0x00007f55c8000be0 is an unknown value
R11=0x00007f561888fa60 is at entry_point+32 in (nmethod*)0x00007f561888f8d0
R12=0x00007f56282cf000 is a thread
R13=0x00007f562828bf98 is an unknown value
R14=0x0000000000000001 is an unknown value
R15=0x00007f56282cf1f8 is an unknown value


Stack: [0x00007f55d670e000,0x00007f55d680f000],  sp=0x00007f55d680d120,  free space=1020k
Native frames: (J=compiled Java code, j=interpreted, Vv=VM code, C=native code)
V  [libjvm.so+0x6d7788]  jni_invoke_nonstatic(JNIEnv_*, JavaValue*, _jobject*, JNICallType, _jmethodID*, JNI_ArgumentPusher*, Thread*)+0x38
V  [libjvm.so+0x6dbf2f]  jni_CallVoidMethodV+0x10f
C  [libglass.so+0x18641]  JNIEnv_::CallVoidMethod(_jobject*, _jmethodID*, ...)+0x81
C  [libglass.so+0x14f0f]  WindowContextBase::process_key(_GdkEventKey*)+0x20f
C  [libglass.so+0x19f60]  WindowContextBase::im_filter_keypress(_GdkEventKey*)+0x1c0
C  [libglass.so+0x1a91c]  process_events(_GdkEvent*, void*)+0x22c
C  [libgdk-x11-2.0.so.0+0x5ac8c]

Java frames: (J=compiled Java code, j=interpreted, Vv=VM code)
j  com.sun.glass.ui.gtk.GtkApplication._runLoop(Ljava/lang/Runnable;Z)V+0
j  com.sun.glass.ui.gtk.GtkApplication.lambda$null$48(Ljava/lang/Runnable;Z)V+7
j  com.sun.glass.ui.gtk.GtkApplication$$Lambda$41.run()V+12
j  java.lang.Thread.run()V+11
v  ~StubRoutines::call_stub

---------------  P R O C E S S  ---------------

Java Threads: ( => current thread )
  0x00007f55c830e800 JavaThread "Prism Font Disposer" daemon [_thread_blocked, id=13890, stack(0x00007f55d518c000,0x00007f55d528d000)]
  0x00007f56282d2800 JavaThread "JavaFX-Launcher" [_thread_blocked, id=13881, stack(0x00007f55d660d000,0x00007f55d670e000)]
=>0x00007f56282cf000 JavaThread "JavaFX Application Thread" [_thread_in_vm, id=13880, stack(0x00007f55d670e000,0x00007f55d680f000)]
  0x00007f56282ca800 JavaThread "Thread-1" daemon [_thread_blocked, id=13879, stack(0x00007f55d680f000,0x00007f55d6910000)]
  0x00007f562827c800 JavaThread "QuantumRenderer-0" daemon [_thread_blocked, id=13878, stack(0x00007f5604498000,0x00007f5604599000)]
  0x00007f56281e2000 JavaThread "Service Thread" daemon [_thread_blocked, id=13876, stack(0x00007f560469a000,0x00007f560479b000)]
  0x00007f56281de000 JavaThread "C1 CompilerThread1" daemon [_thread_blocked, id=13875, stack(0x00007f560479b000,0x00007f560489c000)]
  0x00007f56281dc800 JavaThread "C2 CompilerThread0" daemon [_thread_blocked, id=13874, stack(0x00007f56140b3000,0x00007f56141b4000)]
  0x00007f56281d2000 JavaThread "Monitor Ctrl-Break" daemon [_thread_in_native, id=13873, stack(0x00007f56141b4000,0x00007f56142b5000)]
  0x00007f562813c000 JavaThread "Signal Dispatcher" daemon [_thread_blocked, id=13868, stack(0x00007f56143a2000,0x00007f56144a3000)]
  0x00007f5628109000 JavaThread "Finalizer" daemon [_thread_blocked, id=13863, stack(0x00007f56144a3000,0x00007f56145a4000)]
  0x00007f5628104800 JavaThread "Reference Handler" daemon [_thread_blocked, id=13862, stack(0x00007f56145a4000,0x00007f56146a5000)]
  0x00007f562800c000 JavaThread "main" [_thread_blocked, id=13856, stack(0x00007f562e45e000,0x00007f562e55f000)]

Other Threads:
  0x00007f56280fd000 VMThread [stack: 0x00007f56146a5000,0x00007f56147a6000] [id=13861]
  0x00007f56281e5000 WatcherThread [stack: 0x00007f5604599000,0x00007f560469a000] [id=13877]

VM state:not at safepoint (normal execution)

VM Mutex/Monitor currently owned by a thread: None

Heap:
 PSYoungGen      total 17920K, used 6148K [0x00000000ec000000, 0x00000000ed400000, 0x0000000100000000)
  eden space 15360K, 23% used [0x00000000ec000000,0x00000000ec389060,0x00000000ecf00000)
  from space 2560K, 98% used [0x00000000ecf00000,0x00000000ed178098,0x00000000ed180000)
  to   space 2560K, 0% used [0x00000000ed180000,0x00000000ed180000,0x00000000ed400000)
 ParOldGen       total 155648K, used 118799K [0x00000000c4000000, 0x00000000cd800000, 0x00000000ec000000)
  object space 155648K, 76% used [0x00000000c4000000,0x00000000cb403f10,0x00000000cd800000)
 Metaspace       used 17983K, capacity 18828K, committed 19072K, reserved 1064960K
  class space    used 2598K, capacity 2821K, committed 2944K, reserved 1048576K

Card table byte_map: [0x00007f5617df9000,0x00007f5617fda000] byte_map_base: 0x00007f56177d9000

Marking Bits: (ParMarkBitMap*) 0x00007f562d931920
 Begin Bits: [0x00007f5615cb7000, 0x00007f5616bb7000)
 End Bits:   [0x00007f5616bb7000, 0x00007f5617ab7000)

Polling page: 0x00007f562e584000

CodeCache: size=245760Kb used=6374Kb max_used=6374Kb free=239385Kb
 bounds [0x00007f561839a000, 0x00007f56189da000, 0x00007f562739a000]
 total_blobs=2743 nmethods=2100 adapters=556
 compilation: enabled

Compilation events (10 events):
Event: 22,107 Thread 0x00007f56281de000 nmethod 2099 0x00007f56189ce690 code [0x00007f56189ce800, 0x00007f56189cea68]
Event: 22,107 Thread 0x00007f56281de000 2100       3       com.sun.javafx.collections.TrackableObservableList::lambda$new$29 (6 bytes)
Event: 22,107 Thread 0x00007f56281de000 nmethod 2100 0x00007f56189ceb90 code [0x00007f56189ced00, 0x00007f56189cef08]
Event: 22,108 Thread 0x00007f56281dc800 2102       4       com.sun.javafx.css.PseudoClassState::<init> (5 bytes)
Event: 22,118 Thread 0x00007f56281dc800 nmethod 2102 0x00007f56189c68d0 code [0x00007f56189c6a20, 0x00007f56189c6a98]
Event: 22,118 Thread 0x00007f56281dc800 2107       4       com.sun.javafx.css.StyleMap::isEmpty (36 bytes)
Event: 22,120 Thread 0x00007f56281dc800 nmethod 2107 0x00007f56189d03d0 code [0x00007f56189d0520, 0x00007f56189d0618]
Event: 22,122 Thread 0x00007f56281de000 2103       3       com.sun.javafx.css.CompoundSelector::stateMatches (18 bytes)
Event: 22,122 Thread 0x00007f56281de000 nmethod 2103 0x00007f56189cff10 code [0x00007f56189d0080, 0x00007f56189d02f8]
Event: 22,122 Thread 0x00007f56281de000 2105       3       javafx.scene.paint.Color::<init> (218 bytes)

GC Heap History (6 events):
Event: 2,451 GC heap before
{Heap before GC invocations=1 (full 0):
 PSYoungGen      total 17920K, used 15360K [0x00000000ec000000, 0x00000000ed400000, 0x0000000100000000)
  eden space 15360K, 100% used [0x00000000ec000000,0x00000000ecf00000,0x00000000ecf00000)
  from space 2560K, 0% used [0x00000000ed180000,0x00000000ed180000,0x00000000ed400000)
  to   space 2560K, 0% used [0x00000000ecf00000,0x00000000ecf00000,0x00000000ed180000)
 ParOldGen       total 40960K, used 0K [0x00000000c4000000, 0x00000000c6800000, 0x00000000ec000000)
  object space 40960K, 0% used [0x00000000c4000000,0x00000000c4000000,0x00000000c6800000)
 Metaspace       used 8573K, capacity 8972K, committed 9088K, reserved 1056768K
  class space    used 1044K, capacity 1134K, committed 1152K, reserved 1048576K
Event: 2,464 GC heap after
Heap after GC invocations=1 (full 0):
 PSYoungGen      total 17920K, used 1776K [0x00000000ec000000, 0x00000000ed400000, 0x0000000100000000)
  eden space 15360K, 0% used [0x00000000ec000000,0x00000000ec000000,0x00000000ecf00000)
  from space 2560K, 69% used [0x00000000ecf00000,0x00000000ed0bc030,0x00000000ed180000)
  to   space 2560K, 0% used [0x00000000ed180000,0x00000000ed180000,0x00000000ed400000)
 ParOldGen       total 40960K, used 72K [0x00000000c4000000, 0x00000000c6800000, 0x00000000ec000000)
  object space 40960K, 0% used [0x00000000c4000000,0x00000000c4012010,0x00000000c6800000)
 Metaspace       used 8573K, capacity 8972K, committed 9088K, reserved 1056768K
  class space    used 1044K, capacity 1134K, committed 1152K, reserved 1048576K
}
Event: 7,080 GC heap before
{Heap before GC invocations=2 (full 0):
 PSYoungGen      total 17920K, used 17136K [0x00000000ec000000, 0x00000000ed400000, 0x0000000100000000)
  eden space 15360K, 100% used [0x00000000ec000000,0x00000000ecf00000,0x00000000ecf00000)
  from space 2560K, 69% used [0x00000000ecf00000,0x00000000ed0bc030,0x00000000ed180000)
  to   space 2560K, 0% used [0x00000000ed180000,0x00000000ed180000,0x00000000ed400000)
 ParOldGen       total 155648K, used 113978K [0x00000000c4000000, 0x00000000cd800000, 0x00000000ec000000)
  object space 155648K, 73% used [0x00000000c4000000,0x00000000caf4e930,0x00000000cd800000)
 Metaspace       used 13082K, capacity 13558K, committed 13824K, reserved 1060864K
  class space    used 1796K, capacity 1930K, committed 2048K, reserved 1048576K
Event: 7,096 GC heap after
Heap after GC invocations=2 (full 0):
 PSYoungGen      total 17920K, used 2544K [0x00000000ec000000, 0x00000000ed400000, 0x0000000100000000)
  eden space 15360K, 0% used [0x00000000ec000000,0x00000000ec000000,0x00000000ecf00000)
  from space 2560K, 99% used [0x00000000ed180000,0x00000000ed3fc040,0x00000000ed400000)
  to   space 2560K, 0% used [0x00000000ecf00000,0x00000000ecf00000,0x00000000ed180000)
 ParOldGen       total 155648K, used 116064K [0x00000000c4000000, 0x00000000cd800000, 0x00000000ec000000)
  object space 155648K, 74% used [0x00000000c4000000,0x00000000cb158230,0x00000000cd800000)
 Metaspace       used 13082K, capacity 13558K, committed 13824K, reserved 1060864K
  class space    used 1796K, capacity 1930K, committed 2048K, reserved 1048576K
}
Event: 13,525 GC heap before
{Heap before GC invocations=3 (full 0):
 PSYoungGen      total 17920K, used 17904K [0x00000000ec000000, 0x00000000ed400000, 0x0000000100000000)
  eden space 15360K, 100% used [0x00000000ec000000,0x00000000ecf00000,0x00000000ecf00000)
  from space 2560K, 99% used [0x00000000ed180000,0x00000000ed3fc040,0x00000000ed400000)
  to   space 2560K, 0% used [0x00000000ecf00000,0x00000000ecf00000,0x00000000ed180000)
 ParOldGen       total 155648K, used 116064K [0x00000000c4000000, 0x00000000cd800000, 0x00000000ec000000)
  object space 155648K, 74% used [0x00000000c4000000,0x00000000cb158230,0x00000000cd800000)
 Metaspace       used 16984K, capacity 17724K, committed 17920K, reserved 1064960K
  class space    used 2494K, capacity 2695K, committed 2816K, reserved 1048576K
Event: 13,547 GC heap after
Heap after GC invocations=3 (full 0):
 PSYoungGen      total 17920K, used 2528K [0x00000000ec000000, 0x00000000ed400000, 0x0000000100000000)
  eden space 15360K, 0% used [0x00000000ec000000,0x00000000ec000000,0x00000000ecf00000)
  from space 2560K, 98% used [0x00000000ecf00000,0x00000000ed178098,0x00000000ed180000)
  to   space 2560K, 0% used [0x00000000ed180000,0x00000000ed180000,0x00000000ed400000)
 ParOldGen       total 155648K, used 118799K [0x00000000c4000000, 0x00000000cd800000, 0x00000000ec000000)
  object space 155648K, 76% used [0x00000000c4000000,0x00000000cb403f10,0x00000000cd800000)
 Metaspace       used 16984K, capacity 17724K, committed 17920K, reserved 1064960K
  class space    used 2494K, capacity 2695K, committed 2816K, reserved 1048576K
}

Deoptimization events (10 events):
Event: 7,502 Thread 0x00007f56282cf000 Uncommon trap: reason=class_check action=maybe_recompile pc=0x00007f561852a620 method=java.lang.String.equals(Ljava/lang/Object;)Z @ 8
Event: 12,738 Thread 0x00007f56282cf000 Uncommon trap: reason=class_check action=maybe_recompile pc=0x00007f561852a620 method=java.lang.String.equals(Ljava/lang/Object;)Z @ 8
Event: 12,879 Thread 0x00007f56282cf000 Uncommon trap: reason=unstable_if action=reinterpret pc=0x00007f561869c6ec method=java.util.HashMap.hash(Ljava/lang/Object;)I @ 1
Event: 12,879 Thread 0x00007f56282cf000 Uncommon trap: reason=unstable_if action=reinterpret pc=0x00007f5618747370 method=java.util.HashMap.hash(Ljava/lang/Object;)I @ 1
Event: 12,882 Thread 0x00007f56282cf000 Uncommon trap: reason=unstable_if action=reinterpret pc=0x00007f5618645ae8 method=java.util.HashMap.hash(Ljava/lang/Object;)I @ 1
Event: 12,917 Thread 0x00007f56282cf000 Uncommon trap: reason=unstable_if action=reinterpret pc=0x00007f56187a7bec method=java.lang.ClassLoader.checkName(Ljava/lang/String;)Z @ 20
Event: 13,079 Thread 0x00007f56282cf000 Uncommon trap: reason=unstable_if action=reinterpret pc=0x00007f5618746270 method=java.util.HashMap.isEmpty()Z @ 4
Event: 13,270 Thread 0x00007f56282cf000 Uncommon trap: reason=unstable_if action=reinterpret pc=0x00007f561878f7e4 method=jdk.internal.org.objectweb.asm.Type.getArgumentsAndReturnSizes(Ljava/lang/String;)I @ 47
Event: 13,722 Thread 0x00007f562827c800 Uncommon trap: reason=unstable_if action=reinterpret pc=0x00007f561886b6dc method=java.lang.StrictMath.floorOrCeil(DDDD)D @ 115
Event: 18,276 Thread 0x00007f56282cf000 Uncommon trap: reason=unstable_if action=reinterpret pc=0x00007f56185e6760 method=java.lang.CharacterData.of(I)Ljava/lang/CharacterData; @ 4

Classes redefined (0 events):
No events

Internal exceptions (10 events):
Event: 2,668 Thread 0x00007f56282cf000 Exception <a 'java/lang/ArrayIndexOutOfBoundsException'> (0x00000000ec1917a0) thrown at [/HUDSON/workspace/8-2-build-linux-amd64/jdk8u161/10277/hotspot/src/share/vm/runtime/sharedRuntime.cpp, line 605]
Event: 4,118 Thread 0x00007f56282cf000 Exception <a 'java/lang/ArrayIndexOutOfBoundsException'> (0x00000000ec2f0da8) thrown at [/HUDSON/workspace/8-2-build-linux-amd64/jdk8u161/10277/hotspot/src/share/vm/runtime/sharedRuntime.cpp, line 605]
Event: 5,309 Thread 0x00007f56282cf000 Exception <a 'java/lang/ArrayIndexOutOfBoundsException'> (0x00000000ec8233e8) thrown at [/HUDSON/workspace/8-2-build-linux-amd64/jdk8u161/10277/hotspot/src/share/vm/runtime/sharedRuntime.cpp, line 605]
Event: 5,478 Thread 0x00007f56282cf000 Exception <a 'java/io/FileNotFoundException'> (0x00000000ec9570a0) thrown at [/HUDSON/workspace/8-2-build-linux-amd64/jdk8u161/10277/hotspot/src/share/vm/prims/jni.cpp, line 709]
Event: 7,159 Thread 0x00007f56282cf000 Exception <a 'java/io/FileNotFoundException'> (0x00000000ec0a3d78) thrown at [/HUDSON/workspace/8-2-build-linux-amd64/jdk8u161/10277/hotspot/src/share/vm/prims/jni.cpp, line 709]
Event: 7,210 Thread 0x00007f56282cf000 Exception <a 'java/io/FileNotFoundException'> (0x00000000ec120c68) thrown at [/HUDSON/workspace/8-2-build-linux-amd64/jdk8u161/10277/hotspot/src/share/vm/prims/jni.cpp, line 709]
Event: 7,242 Thread 0x00007f56282cf000 Exception <a 'java/io/FileNotFoundException'> (0x00000000ec14a6d0) thrown at [/HUDSON/workspace/8-2-build-linux-amd64/jdk8u161/10277/hotspot/src/share/vm/prims/jni.cpp, line 709]
Event: 12,879 Thread 0x00007f56282cf000 Implicit null exception at 0x00007f561869c4b5 to 0x00007f561869c6dd
Event: 12,879 Thread 0x00007f56282cf000 Implicit null exception at 0x00007f56187472d8 to 0x00007f5618747366
Event: 12,882 Thread 0x00007f56282cf000 Implicit null exception at 0x00007f5618645a6f to 0x00007f5618645ad9

Events (10 events):
Event: 22,076 loading class javafx/scene/effect/DropShadow$7
Event: 22,076 loading class javafx/scene/effect/DropShadow$7 done
Event: 22,076 loading class javafx/scene/effect/DropShadow$8
Event: 22,076 loading class javafx/scene/effect/DropShadow$8 done
Event: 22,077 loading class javafx/scene/effect/DropShadow$2
Event: 22,077 loading class javafx/scene/effect/DropShadow$2 done
Event: 22,086 loading class javafx/scene/effect/DropShadow$3
Event: 22,086 loading class javafx/scene/effect/DropShadow$3 done
Event: 22,087 loading class com/sun/javafx/effect/EffectDirtyBits
Event: 22,087 loading class com/sun/javafx/effect/EffectDirtyBits done


Dynamic libraries:
00400000-00401000 r-xp 00000000 08:02 2883734                            /opt/jdk/jdk1.8.0_161/bin/java
00600000-00601000 rw-p 00000000 08:02 2883734                            /opt/jdk/jdk1.8.0_161/bin/java
008f1000-00912000 rw-p 00000000 00:00 0                                  [heap]
c4000000-cd800000 rw-p 00000000 00:00 0 
cd800000-ec000000 ---p 00000000 00:00 0 
ec000000-ed400000 rw-p 00000000 00:00 0 
ed400000-100000000 ---p 00000000 00:00 0 
100000000-1002e0000 rw-p 00000000 00:00 0 
1002e0000-140000000 ---p 00000000 00:00 0 
7f55c2000000-7f55c8000000 rw-s 115214000 00:06 335                       /dev/dri/card0
7f55c8000000-7f55c8651000 rw-p 00000000 00:00 0 
7f55c8651000-7f55cc000000 ---p 00000000 00:00 0 
7f55ce400000-7f55d0000000 rw-s 11b214000 00:06 335                       /dev/dri/card0
7f55d0000000-7f55d0021000 rw-p 00000000 00:00 0 
7f55d0021000-7f55d4000000 ---p 00000000 00:00 0 
7f55d4a4e000-7f55d4a50000 rw-s 1019f3000 00:06 335                       /dev/dri/card0
7f55d4a50000-7f55d4a58000 rw-s 1019f6000 00:06 335                       /dev/dri/card0
7f55d4a58000-7f55d4a60000 rw-s 100480000 00:06 335                       /dev/dri/card0
7f55d4a60000-7f55d4a7c000 rw-s 100114000 00:06 335                       /dev/dri/card0
7f55d4a7c000-7f55d4a8c000 rw-s 00000000 00:05 238486                     /drm mm object (deleted)
7f55d4a8c000-7f55d4a94000 rw-s 1019cc000 00:06 335                       /dev/dri/card0
7f55d4a94000-7f55d4c54000 rw-s 11ce14000 00:06 335                       /dev/dri/card0
7f55d4c54000-7f55d4c9f000 r--p 00000000 08:02 3808232                    /usr/share/fonts/truetype/noto/NotoSans-Regular.ttf
7f55d4c9f000-7f55d4e5f000 rw-p 00000000 00:00 0 
7f55d4e5f000-7f55d4e9f000 ---p 00000000 00:00 0 
7f55d4e9f000-7f55d505f000 rw-s 1023d4000 00:06 335                       /dev/dri/card0
7f55d505f000-7f55d506f000 rw-s 00000000 00:05 239694                     /drm mm object (deleted)
7f55d506f000-7f55d507f000 rw-s 00000000 00:05 238485                     /drm mm object (deleted)
7f55d507f000-7f55d508b000 rw-s 00000000 00:05 238459                     /drm mm object (deleted)
7f55d508b000-7f55d508e000 ---p 00000000 00:00 0 
7f55d508e000-7f55d518c000 rw-p 00000000 00:00 0 
7f55d518c000-7f55d518f000 ---p 00000000 00:00 0 
7f55d518f000-7f55d528d000 rw-p 00000000 00:00 0 
7f55d528d000-7f55d5292000 r--s 00084000 08:02 2885187                    /opt/jdk/jdk1.8.0_161/jre/lib/jfr.jar
7f55d5292000-7f55d5492000 rw-p 00000000 00:00 0 
7f55d5492000-7f55d549c000 r-xp 00000000 08:02 3671770                    /usr/lib/x86_64-linux-gnu/gtk-2.0/2.10.0/engines/libpixmap.so
7f55d549c000-7f55d569b000 ---p 0000a000 08:02 3671770                    /usr/lib/x86_64-linux-gnu/gtk-2.0/2.10.0/engines/libpixmap.so
7f55d569b000-7f55d569c000 r--p 00009000 08:02 3671770                    /usr/lib/x86_64-linux-gnu/gtk-2.0/2.10.0/engines/libpixmap.so
7f55d569c000-7f55d569d000 rw-p 0000a000 08:02 3671770                    /usr/lib/x86_64-linux-gnu/gtk-2.0/2.10.0/engines/libpixmap.so
7f55d569d000-7f55d56f6000 r--p 00000000 08:02 3817298                    /usr/share/fonts/Segoe UI Bold.ttf
7f55d56f6000-7f55d58f6000 rw-p 00000000 00:00 0 
7f55d58f6000-7f55d5947000 r--p 00000000 08:02 3817300                    /usr/share/fonts/segoeuil.ttf
7f55d5947000-7f55d59c6000 r--p 00000000 08:02 3817301                    /usr/share/fonts/segoeui.ttf
7f55d59c6000-7f55d59d9000 r--p 00000000 08:02 2885207                    /opt/jdk/jdk1.8.0_161/jre/lib/fonts/LucidaBrightDemiBold.ttf
7f55d59d9000-7f55d5a84000 r--p 00000000 08:02 2885200                    /opt/jdk/jdk1.8.0_161/jre/lib/fonts/LucidaSansRegular.ttf
7f55d5a84000-7f55d5a97000 r--p 00000000 08:02 2885204                    /opt/jdk/jdk1.8.0_161/jre/lib/fonts/LucidaBrightDemiItalic.ttf
7f55d5a97000-7f55d5ae5000 r--p 00000000 08:02 2885202                    /opt/jdk/jdk1.8.0_161/jre/lib/fonts/LucidaSansDemiBold.ttf
7f55d5ae5000-7f55d5b3a000 r--p 00000000 08:02 2885201                    /opt/jdk/jdk1.8.0_161/jre/lib/fonts/LucidaBrightRegular.ttf
7f55d5b3a000-7f55d5b74000 r--p 00000000 08:02 2885206                    /opt/jdk/jdk1.8.0_161/jre/lib/fonts/LucidaTypewriterBold.ttf
7f55d5b74000-7f55d5b88000 r--p 00000000 08:02 2885199                    /opt/jdk/jdk1.8.0_161/jre/lib/fonts/LucidaBrightItalic.ttf
7f55d5b88000-7f55d5bc4000 r--p 00000000 08:02 2885205                    /opt/jdk/jdk1.8.0_161/jre/lib/fonts/LucidaTypewriterRegular.ttf
7f55d5bc4000-7f55d5bc8000 r-xp 00000000 08:02 2885435                    /opt/jdk/jdk1.8.0_161/jre/lib/amd64/libjavafx_font_pango.so
7f55d5bc8000-7f55d5dc7000 ---p 00004000 08:02 2885435                    /opt/jdk/jdk1.8.0_161/jre/lib/amd64/libjavafx_font_pango.so
7f55d5dc7000-7f55d5dc8000 rw-p 00003000 08:02 2885435                    /opt/jdk/jdk1.8.0_161/jre/lib/amd64/libjavafx_font_pango.so
7f55d5dc8000-7f55d5dcf000 r--s 00000000 08:02 4200409                    /var/cache/fontconfig/4be9850f182b35c1350b6bbf2e42601c-le64.cache-6
7f55d5dcf000-7f55d5dd4000 r-xp 00000000 08:02 2885438                    /opt/jdk/jdk1.8.0_161/jre/lib/amd64/libjavafx_font_freetype.so
7f55d5dd4000-7f55d5fd3000 ---p 00005000 08:02 2885438                    /opt/jdk/jdk1.8.0_161/jre/lib/amd64/libjavafx_font_freetype.so
7f55d5fd3000-7f55d5fd4000 rw-p 00004000 08:02 2885438                    /opt/jdk/jdk1.8.0_161/jre/lib/amd64/libjavafx_font_freetype.so
7f55d5fd4000-7f55d5fd7000 r-xp 00000000 08:02 2885485                    /opt/jdk/jdk1.8.0_161/jre/lib/amd64/libjavafx_font.so
7f55d5fd7000-7f55d61d6000 ---p 00003000 08:02 2885485                    /opt/jdk/jdk1.8.0_161/jre/lib/amd64/libjavafx_font.so
7f55d61d6000-7f55d61d7000 rw-p 00002000 08:02 2885485                    /opt/jdk/jdk1.8.0_161/jre/lib/amd64/libjavafx_font.so
7f55d61d7000-7f55d620d000 r-xp 00000000 08:02 2885481                    /opt/jdk/jdk1.8.0_161/jre/lib/amd64/libjavafx_iio.so
7f55d620d000-7f55d640c000 ---p 00036000 08:02 2885481                    /opt/jdk/jdk1.8.0_161/jre/lib/amd64/libjavafx_iio.so
7f55d640c000-7f55d640d000 rw-p 00035000 08:02 2885481                    /opt/jdk/jdk1.8.0_161/jre/lib/amd64/libjavafx_iio.so
7f55d640d000-7f55d660d000 rw-p 00000000 00:00 0 
7f55d660d000-7f55d6610000 ---p 00000000 00:00 0 
7f55d6610000-7f55d670e000 rw-p 00000000 00:00 0 
7f55d670e000-7f55d6711000 ---p 00000000 00:00 0 
7f55d6711000-7f55d680f000 rw-p 00000000 00:00 0 
7f55d680f000-7f55d6812000 ---p 00000000 00:00 0 
7f55d6812000-7f55d6910000 rw-p 00000000 00:00 0 
7f55d6910000-7f55d6939000 r-xp 00000000 08:02 2885460                    /opt/jdk/jdk1.8.0_161/jre/lib/amd64/libglass.so
7f55d6939000-7f55d6b38000 ---p 00029000 08:02 2885460                    /opt/jdk/jdk1.8.0_161/jre/lib/amd64/libglass.so
7f55d6b38000-7f55d6b3b000 rw-p 00028000 08:02 2885460                    /opt/jdk/jdk1.8.0_161/jre/lib/amd64/libglass.so
7f55d6b3b000-7f55d6b72000 r-xp 00000000 08:02 3547217                    /usr/lib/x86_64-linux-gnu/libtxc_dxtn_s2tc.so.0.0.0
7f55d6b72000-7f55d6d71000 ---p 00037000 08:02 3547217                    /usr/lib/x86_64-linux-gnu/libtxc_dxtn_s2tc.so.0.0.0
7f55d6d71000-7f55d6d72000 r--p 00036000 08:02 3547217                    /usr/lib/x86_64-linux-gnu/libtxc_dxtn_s2tc.so.0.0.0
7f55d6d72000-7f55d6d73000 rw-p 00037000 08:02 3547217                    /usr/lib/x86_64-linux-gnu/libtxc_dxtn_s2tc.so.0.0.0
7f55d6d73000-7f55d6d7b000 r-xp 00000000 08:02 3546963                    /usr/lib/x86_64-linux-gnu/libpciaccess.so.0.11.1
7f55d6d7b000-7f55d6f7b000 ---p 00008000 08:02 3546963                    /usr/lib/x86_64-linux-gnu/libpciaccess.so.0.11.1
7f55d6f7b000-7f55d6f7c000 r--p 00008000 08:02 3546963                    /usr/lib/x86_64-linux-gnu/libpciaccess.so.0.11.1
7f55d6f7c000-7f55d6f7d000 rw-p 00009000 08:02 3546963                    /usr/lib/x86_64-linux-gnu/libpciaccess.so.0.11.1
7f55d6f7d000-7f55d6f88000 r-xp 00000000 08:02 3546417                    /usr/lib/x86_64-linux-gnu/libdrm_radeon.so.1.0.1
7f55d6f88000-7f55d7187000 ---p 0000b000 08:02 3546417                    /usr/lib/x86_64-linux-gnu/libdrm_radeon.so.1.0.1
7f55d7187000-7f55d7188000 r--p 0000a000 08:02 3546417                    /usr/lib/x86_64-linux-gnu/libdrm_radeon.so.1.0.1
7f55d7188000-7f55d7189000 rw-p 0000b000 08:02 3546417                    /usr/lib/x86_64-linux-gnu/libdrm_radeon.so.1.0.1
7f55d7189000-7f55d7190000 r-xp 00000000 08:02 3546415                    /usr/lib/x86_64-linux-gnu/libdrm_nouveau.so.2.0.0
7f55d7190000-7f55d738f000 ---p 00007000 08:02 3546415                    /usr/lib/x86_64-linux-gnu/libdrm_nouveau.so.2.0.0
7f55d738f000-7f55d7390000 r--p 00006000 08:02 3546415                    /usr/lib/x86_64-linux-gnu/libdrm_nouveau.so.2.0.0
7f55d7390000-7f55d7391000 rw-p 00007000 08:02 3546415                    /usr/lib/x86_64-linux-gnu/libdrm_nouveau.so.2.0.0
7f55d7391000-7f55d73b3000 r-xp 00000000 08:02 3546413                    /usr/lib/x86_64-linux-gnu/libdrm_intel.so.1.0.0
7f55d73b3000-7f55d75b3000 ---p 00022000 08:02 3546413                    /usr/lib/x86_64-linux-gnu/libdrm_intel.so.1.0.0
7f55d75b3000-7f55d75b4000 r--p 00022000 08:02 3546413                    /usr/lib/x86_64-linux-gnu/libdrm_intel.so.1.0.0
7f55d75b4000-7f55d75b5000 rw-p 00023000 08:02 3546413                    /usr/lib/x86_64-linux-gnu/libdrm_intel.so.1.0.0
7f55d75b5000-7f55d7ddc000 r-xp 00000000 08:02 3671344                    /usr/lib/x86_64-linux-gnu/dri/i965_dri.so
7f55d7ddc000-7f55d7fdc000 ---p 00827000 08:02 3671344                    /usr/lib/x86_64-linux-gnu/dri/i965_dri.so
7f55d7fdc000-7f55d802c000 r--p 00827000 08:02 3671344                    /usr/lib/x86_64-linux-gnu/dri/i965_dri.so
7f55d802c000-7f55d8035000 rw-p 00877000 08:02 3671344                    /usr/lib/x86_64-linux-gnu/dri/i965_dri.so
7f55d8035000-7f55d809c000 rw-p 00000000 00:00 0 
7f55d809c000-7f55d80a2000 r-xp 00000000 08:02 3546354                    /usr/lib/x86_64-linux-gnu/libdatrie.so.1.3.3
7f55d80a2000-7f55d82a2000 ---p 00006000 08:02 3546354                    /usr/lib/x86_64-linux-gnu/libdatrie.so.1.3.3
7f55d82a2000-7f55d82a3000 r--p 00006000 08:02 3546354                    /usr/lib/x86_64-linux-gnu/libdatrie.so.1.3.3
7f55d82a3000-7f55d82a4000 rw-p 00007000 08:02 3546354                    /usr/lib/x86_64-linux-gnu/libdatrie.so.1.3.3
7f55d82a4000-7f55d82a9000 r-xp 00000000 08:02 3546164                    /usr/lib/x86_64-linux-gnu/libXdmcp.so.6.0.0
7f55d82a9000-7f55d84a8000 ---p 00005000 08:02 3546164                    /usr/lib/x86_64-linux-gnu/libXdmcp.so.6.0.0
7f55d84a8000-7f55d84a9000 r--p 00004000 08:02 3546164                    /usr/lib/x86_64-linux-gnu/libXdmcp.so.6.0.0
7f55d84a9000-7f55d84aa000 rw-p 00005000 08:02 3546164                    /usr/lib/x86_64-linux-gnu/libXdmcp.so.6.0.0
7f55d84aa000-7f55d84ac000 r-xp 00000000 08:02 3546153                    /usr/lib/x86_64-linux-gnu/libXau.so.6.0.0
7f55d84ac000-7f55d86ac000 ---p 00002000 08:02 3546153                    /usr/lib/x86_64-linux-gnu/libXau.so.6.0.0
7f55d86ac000-7f55d86ad000 r--p 00002000 08:02 3546153                    /usr/lib/x86_64-linux-gnu/libXau.so.6.0.0
7f55d86ad000-7f55d86ae000 rw-p 00003000 08:02 3546153                    /usr/lib/x86_64-linux-gnu/libXau.so.6.0.0
7f55d86ae000-7f55d86d2000 r-xp 00000000 08:02 3546586                    /usr/lib/x86_64-linux-gnu/libgraphite2.so.3.0.1
7f55d86d2000-7f55d88d1000 ---p 00024000 08:02 3546586                    /usr/lib/x86_64-linux-gnu/libgraphite2.so.3.0.1
7f55d88d1000-7f55d88d3000 r--p 00023000 08:02 3546586                    /usr/lib/x86_64-linux-gnu/libgraphite2.so.3.0.1
7f55d88d3000-7f55d88d4000 rw-p 00025000 08:02 3546586                    /usr/lib/x86_64-linux-gnu/libgraphite2.so.3.0.1
7f55d88d4000-7f55d88e4000 r-xp 00000000 08:02 3546409                    /usr/lib/x86_64-linux-gnu/libdrm.so.2.4.0
7f55d88e4000-7f55d8ae3000 ---p 00010000 08:02 3546409                    /usr/lib/x86_64-linux-gnu/libdrm.so.2.4.0
7f55d8ae3000-7f55d8ae4000 r--p 0000f000 08:02 3546409                    /usr/lib/x86_64-linux-gnu/libdrm.so.2.4.0
7f55d8ae4000-7f55d8ae5000 rw-p 00010000 08:02 3546409                    /usr/lib/x86_64-linux-gnu/libdrm.so.2.4.0
7f55d8ae5000-7f55d8ae9000 r-xp 00000000 08:02 3547342                    /usr/lib/x86_64-linux-gnu/libxcb-dri2.so.0.0.0
7f55d8ae9000-7f55d8ce8000 ---p 00004000 08:02 3547342                    /usr/lib/x86_64-linux-gnu/libxcb-dri2.so.0.0.0
7f55d8ce8000-7f55d8ce9000 r--p 00003000 08:02 3547342                    /usr/lib/x86_64-linux-gnu/libxcb-dri2.so.0.0.0
7f55d8ce9000-7f55d8cea000 rw-p 00004000 08:02 3547342                    /usr/lib/x86_64-linux-gnu/libxcb-dri2.so.0.0.0
7f55d8cea000-7f55d8d01000 r-xp 00000000 08:02 3547346                    /usr/lib/x86_64-linux-gnu/libxcb-glx.so.0.0.0
7f55d8d01000-7f55d8f00000 ---p 00017000 08:02 3547346                    /usr/lib/x86_64-linux-gnu/libxcb-glx.so.0.0.0
7f55d8f00000-7f55d8f02000 r--p 00016000 08:02 3547346                    /usr/lib/x86_64-linux-gnu/libxcb-glx.so.0.0.0
7f55d8f02000-7f55d8f03000 rw-p 00018000 08:02 3547346                    /usr/lib/x86_64-linux-gnu/libxcb-glx.so.0.0.0
7f55d8f03000-7f55d8f04000 r-xp 00000000 08:02 3546149                    /usr/lib/x86_64-linux-gnu/libX11-xcb.so.1.0.0
7f55d8f04000-7f55d9103000 ---p 00001000 08:02 3546149                    /usr/lib/x86_64-linux-gnu/libX11-xcb.so.1.0.0
7f55d9103000-7f55d9104000 r--p 00000000 08:02 3546149                    /usr/lib/x86_64-linux-gnu/libX11-xcb.so.1.0.0
7f55d9104000-7f55d9105000 rw-p 00001000 08:02 3546149                    /usr/lib/x86_64-linux-gnu/libX11-xcb.so.1.0.0
7f55d9105000-7f55d9130000 r-xp 00000000 08:02 3546557                    /usr/lib/x86_64-linux-gnu/libglapi.so.0.0.0
7f55d9130000-7f55d932f000 ---p 0002b000 08:02 3546557                    /usr/lib/x86_64-linux-gnu/libglapi.so.0.0.0
7f55d932f000-7f55d9333000 r--p 0002a000 08:02 3546557                    /usr/lib/x86_64-linux-gnu/libglapi.so.0.0.0
7f55d9333000-7f55d9334000 rw-p 0002e000 08:02 3546557                    /usr/lib/x86_64-linux-gnu/libglapi.so.0.0.0
7f55d9334000-7f55d9335000 rw-p 00000000 00:00 0 
7f55d9335000-7f55d9336000 r-xp 00000000 08:02 3547390                    /usr/lib/x86_64-linux-gnu/libxshmfence.so.1.0.0
7f55d9336000-7f55d9536000 ---p 00001000 08:02 3547390                    /usr/lib/x86_64-linux-gnu/libxshmfence.so.1.0.0
7f55d9536000-7f55d9537000 r--p 00001000 08:02 3547390                    /usr/lib/x86_64-linux-gnu/libxshmfence.so.1.0.0
7f55d9537000-7f55d9538000 rw-p 00002000 08:02 3547390                    /usr/lib/x86_64-linux-gnu/libxshmfence.so.1.0.0
7f55d9538000-7f55d953d000 r-xp 00000000 08:02 3547368                    /usr/lib/x86_64-linux-gnu/libxcb-sync.so.1.0.0
7f55d953d000-7f55d973d000 ---p 00005000 08:02 3547368                    /usr/lib/x86_64-linux-gnu/libxcb-sync.so.1.0.0
7f55d973d000-7f55d973e000 r--p 00005000 08:02 3547368                    /usr/lib/x86_64-linux-gnu/libxcb-sync.so.1.0.0
7f55d973e000-7f55d973f000 rw-p 00006000 08:02 3547368                    /usr/lib/x86_64-linux-gnu/libxcb-sync.so.1.0.0
7f55d973f000-7f55d9741000 r-xp 00000000 08:02 3547354                    /usr/lib/x86_64-linux-gnu/libxcb-present.so.0.0.0
7f55d9741000-7f55d9940000 ---p 00002000 08:02 3547354                    /usr/lib/x86_64-linux-gnu/libxcb-present.so.0.0.0
7f55d9940000-7f55d9941000 r--p 00001000 08:02 3547354                    /usr/lib/x86_64-linux-gnu/libxcb-present.so.0.0.0
7f55d9941000-7f55d9942000 rw-p 00002000 08:02 3547354                    /usr/lib/x86_64-linux-gnu/libxcb-present.so.0.0.0
7f55d9942000-7f55d9944000 r-xp 00000000 08:02 3547344                    /usr/lib/x86_64-linux-gnu/libxcb-dri3.so.0.0.0
7f55d9944000-7f55d9b43000 ---p 00002000 08:02 3547344                    /usr/lib/x86_64-linux-gnu/libxcb-dri3.so.0.0.0
7f55d9b43000-7f55d9b44000 r--p 00001000 08:02 3547344                    /usr/lib/x86_64-linux-gnu/libxcb-dri3.so.0.0.0
7f55d9b44000-7f55d9b45000 rw-p 00002000 08:02 3547344                    /usr/lib/x86_64-linux-gnu/libxcb-dri3.so.0.0.0
7f55d9b45000-7f55d9bb3000 r-xp 00000000 08:02 791258                     /lib/x86_64-linux-gnu/libpcre.so.3.13.2
7f55d9bb3000-7f55d9db3000 ---p 0006e000 08:02 791258                     /lib/x86_64-linux-gnu/libpcre.so.3.13.2
7f55d9db3000-7f55d9db4000 r--p 0006e000 08:02 791258                     /lib/x86_64-linux-gnu/libpcre.so.3.13.2
7f55d9db4000-7f55d9db5000 rw-p 0006f000 08:02 791258                     /lib/x86_64-linux-gnu/libpcre.so.3.13.2
7f55d9db5000-7f55d9dbc000 r-xp 00000000 08:02 3546471                    /usr/lib/x86_64-linux-gnu/libffi.so.6.0.4
7f55d9dbc000-7f55d9fbb000 ---p 00007000 08:02 3546471                    /usr/lib/x86_64-linux-gnu/libffi.so.6.0.4
7f55d9fbb000-7f55d9fbc000 r--p 00006000 08:02 3546471                    /usr/lib/x86_64-linux-gnu/libffi.so.6.0.4
7f55d9fbc000-7f55d9fbd000 rw-p 00007000 08:02 3546471                    /usr/lib/x86_64-linux-gnu/libffi.so.6.0.4
7f55d9fbd000-7f55d9fe3000 r-xp 00000000 08:02 791162                     /lib/x86_64-linux-gnu/libexpat.so.1.6.0
7f55d9fe3000-7f55da1e3000 ---p 00026000 08:02 791162                     /lib/x86_64-linux-gnu/libexpat.so.1.6.0
7f55da1e3000-7f55da1e5000 r--p 00026000 08:02 791162                     /lib/x86_64-linux-gnu/libexpat.so.1.6.0
7f55da1e5000-7f55da1e6000 rw-p 00028000 08:02 791162                     /lib/x86_64-linux-gnu/libexpat.so.1.6.0
7f55da1e6000-7f55da1ee000 r-xp 00000000 08:02 3547194                    /usr/lib/x86_64-linux-gnu/libthai.so.0.2.4
7f55da1ee000-7f55da3ed000 ---p 00008000 08:02 3547194                    /usr/lib/x86_64-linux-gnu/libthai.so.0.2.4
7f55da3ed000-7f55da3ee000 r--p 00007000 08:02 3547194                    /usr/lib/x86_64-linux-gnu/libthai.so.0.2.4
7f55da3ee000-7f55da3ef000 rw-p 00008000 08:02 3547194                    /usr/lib/x86_64-linux-gnu/libthai.so.0.2.4
7f55da3ef000-7f55da410000 r-xp 00000000 08:02 3547380                    /usr/lib/x86_64-linux-gnu/libxcb.so.1.1.0
7f55da410000-7f55da60f000 ---p 00021000 08:02 3547380                    /usr/lib/x86_64-linux-gnu/libxcb.so.1.1.0
7f55da60f000-7f55da610000 r--p 00020000 08:02 3547380                    /usr/lib/x86_64-linux-gnu/libxcb.so.1.1.0
7f55da610000-7f55da611000 rw-p 00021000 08:02 3547380                    /usr/lib/x86_64-linux-gnu/libxcb.so.1.1.0
7f55da611000-7f55da619000 r-xp 00000000 08:02 3547362                    /usr/lib/x86_64-linux-gnu/libxcb-render.so.0.0.0
7f55da619000-7f55da819000 ---p 00008000 08:02 3547362                    /usr/lib/x86_64-linux-gnu/libxcb-render.so.0.0.0
7f55da819000-7f55da81a000 r--p 00008000 08:02 3547362                    /usr/lib/x86_64-linux-gnu/libxcb-render.so.0.0.0
7f55da81a000-7f55da81b000 rw-p 00009000 08:02 3547362                    /usr/lib/x86_64-linux-gnu/libxcb-render.so.0.0.0
7f55da81b000-7f55da81d000 r-xp 00000000 08:02 3547366                    /usr/lib/x86_64-linux-gnu/libxcb-shm.so.0.0.0
7f55da81d000-7f55daa1d000 ---p 00002000 08:02 3547366                    /usr/lib/x86_64-linux-gnu/libxcb-shm.so.0.0.0
7f55daa1d000-7f55daa1e000 r--p 00002000 08:02 3547366                    /usr/lib/x86_64-linux-gnu/libxcb-shm.so.0.0.0
7f55daa1e000-7f55daa1f000 rw-p 00003000 08:02 3547366                    /usr/lib/x86_64-linux-gnu/libxcb-shm.so.0.0.0
7f55daa1f000-7f55daa43000 r-xp 00000000 08:02 791270                     /lib/x86_64-linux-gnu/libpng12.so.0.54.0
7f55daa43000-7f55dac42000 ---p 00024000 08:02 791270                     /lib/x86_64-linux-gnu/libpng12.so.0.54.0
7f55dac42000-7f55dac43000 r--p 00023000 08:02 791270                     /lib/x86_64-linux-gnu/libpng12.so.0.54.0
7f55dac43000-7f55dac44000 rw-p 00024000 08:02 791270                     /lib/x86_64-linux-gnu/libpng12.so.0.54.0
7f55dac44000-7f55dace3000 r-xp 00000000 08:02 3546977                    /usr/lib/x86_64-linux-gnu/libpixman-1.so.0.33.6
7f55dace3000-7f55daee3000 ---p 0009f000 08:02 3546977                    /usr/lib/x86_64-linux-gnu/libpixman-1.so.0.33.6
7f55daee3000-7f55daeeb000 r--p 0009f000 08:02 3546977                    /usr/lib/x86_64-linux-gnu/libpixman-1.so.0.33.6
7f55daeeb000-7f55daeec000 rw-p 000a7000 08:02 3546977                    /usr/lib/x86_64-linux-gnu/libpixman-1.so.0.33.6
7f55daeec000-7f55daf7d000 r-xp 00000000 08:02 3546650                    /usr/lib/x86_64-linux-gnu/libharfbuzz.so.0.10400.6
7f55daf7d000-7f55db17c000 ---p 00091000 08:02 3546650                    /usr/lib/x86_64-linux-gnu/libharfbuzz.so.0.10400.6
7f55db17c000-7f55db17e000 r--p 00090000 08:02 3546650                    /usr/lib/x86_64-linux-gnu/libharfbuzz.so.0.10400.6
7f55db17e000-7f55db17f000 rw-p 00092000 08:02 3546650                    /usr/lib/x86_64-linux-gnu/libharfbuzz.so.0.10400.6
7f55db17f000-7f55db196000 r-xp 00000000 08:02 791281                     /lib/x86_64-linux-gnu/libresolv-2.23.so
7f55db196000-7f55db396000 ---p 00017000 08:02 791281                     /lib/x86_64-linux-gnu/libresolv-2.23.so
7f55db396000-7f55db397000 r--p 00017000 08:02 791281                     /lib/x86_64-linux-gnu/libresolv-2.23.so
7f55db397000-7f55db398000 rw-p 00018000 08:02 791281                     /lib/x86_64-linux-gnu/libresolv-2.23.so
7f55db398000-7f55db39a000 rw-p 00000000 00:00 0 
7f55db39a000-7f55db3b9000 r-xp 00000000 08:02 791287                     /lib/x86_64-linux-gnu/libselinux.so.1
7f55db3b9000-7f55db5b8000 ---p 0001f000 08:02 791287                     /lib/x86_64-linux-gnu/libselinux.so.1
7f55db5b8000-7f55db5b9000 r--p 0001e000 08:02 791287                     /lib/x86_64-linux-gnu/libselinux.so.1
7f55db5b9000-7f55db5ba000 rw-p 0001f000 08:02 791287                     /lib/x86_64-linux-gnu/libselinux.so.1
7f55db5ba000-7f55db5bc000 rw-p 00000000 00:00 0 
7f55db5bc000-7f55db5d5000 r-xp 00000000 08:02 791320                     /lib/x86_64-linux-gnu/libz.so.1.2.8
7f55db5d5000-7f55db7d4000 ---p 00019000 08:02 791320                     /lib/x86_64-linux-gnu/libz.so.1.2.8
7f55db7d4000-7f55db7d5000 r--p 00018000 08:02 791320                     /lib/x86_64-linux-gnu/libz.so.1.2.8
7f55db7d5000-7f55db7d6000 rw-p 00019000 08:02 791320                     /lib/x86_64-linux-gnu/libz.so.1.2.8
7f55db7d6000-7f55db7e7000 r-xp 00000000 08:02 3546166                    /usr/lib/x86_64-linux-gnu/libXext.so.6.4.0
7f55db7e7000-7f55db9e6000 ---p 00011000 08:02 3546166                    /usr/lib/x86_64-linux-gnu/libXext.so.6.4.0
7f55db9e6000-7f55db9e7000 r--p 00010000 08:02 3546166                    /usr/lib/x86_64-linux-gnu/libXext.so.6.4.0
7f55db9e7000-7f55db9e8000 rw-p 00011000 08:02 3546166                    /usr/lib/x86_64-linux-gnu/libXext.so.6.4.0
7f55db9e8000-7f55db9ea000 r-xp 00000000 08:02 3546162                    /usr/lib/x86_64-linux-gnu/libXdamage.so.1.1.0
7f55db9ea000-7f55dbbe9000 ---p 00002000 08:02 3546162                    /usr/lib/x86_64-linux-gnu/libXdamage.so.1.1.0
7f55dbbe9000-7f55dbbea000 r--p 00001000 08:02 3546162                    /usr/lib/x86_64-linux-gnu/libXdamage.so.1.1.0
7f55dbbea000-7f55dbbeb000 rw-p 00002000 08:02 3546162                    /usr/lib/x86_64-linux-gnu/libXdamage.so.1.1.0
7f55dbbeb000-7f55dbbf4000 r-xp 00000000 08:02 3546160                    /usr/lib/x86_64-linux-gnu/libXcursor.so.1.0.2
7f55dbbf4000-7f55dbdf3000 ---p 00009000 08:02 3546160                    /usr/lib/x86_64-linux-gnu/libXcursor.so.1.0.2
7f55dbdf3000-7f55dbdf4000 r--p 00008000 08:02 3546160                    /usr/lib/x86_64-linux-gnu/libXcursor.so.1.0.2
7f55dbdf4000-7f55dbdf5000 rw-p 00009000 08:02 3546160                    /usr/lib/x86_64-linux-gnu/libXcursor.so.1.0.2
7f55dbdf5000-7f55dbdff000 r-xp 00000000 08:02 3546186                    /usr/lib/x86_64-linux-gnu/libXrandr.so.2.2.0
7f55dbdff000-7f55dbffe000 ---p 0000a000 08:02 3546186                    /usr/lib/x86_64-linux-gnu/libXrandr.so.2.2.0
7f55dbffe000-7f55dbfff000 r--p 00009000 08:02 3546186                    /usr/lib/x86_64-linux-gnu/libXrandr.so.2.2.0
7f55dbfff000-7f55dc000000 rw-p 0000a000 08:02 3546186                    /usr/lib/x86_64-linux-gnu/libXrandr.so.2.2.0
7f55dc000000-7f55dde3b000 rw-p 00000000 00:00 0 
7f55dde3b000-7f55e0000000 ---p 00000000 00:00 0 
7f55e0000000-7f55e0005000 r--s 0009d000 08:02 2885327                    /opt/jdk/jdk1.8.0_161/jre/lib/jsse.jar
7f55e0005000-7f55e0007000 r-xp 00000000 08:02 3546158                    /usr/lib/x86_64-linux-gnu/libXcomposite.so.1.0.0
7f55e0007000-7f55e0206000 ---p 00002000 08:02 3546158                    /usr/lib/x86_64-linux-gnu/libXcomposite.so.1.0.0
7f55e0206000-7f55e0207000 r--p 00001000 08:02 3546158                    /usr/lib/x86_64-linux-gnu/libXcomposite.so.1.0.0
7f55e0207000-7f55e0208000 rw-p 00002000 08:02 3546158                    /usr/lib/x86_64-linux-gnu/libXcomposite.so.1.0.0
7f55e0208000-7f55e0217000 r-xp 00000000 08:02 3546176                    /usr/lib/x86_64-linux-gnu/libXi.so.6.1.0
7f55e0217000-7f55e0416000 ---p 0000f000 08:02 3546176                    /usr/lib/x86_64-linux-gnu/libXi.so.6.1.0
7f55e0416000-7f55e0417000 r--p 0000e000 08:02 3546176                    /usr/lib/x86_64-linux-gnu/libXi.so.6.1.0
7f55e0417000-7f55e0418000 rw-p 0000f000 08:02 3546176                    /usr/lib/x86_64-linux-gnu/libXi.so.6.1.0
7f55e0418000-7f55e041a000 r-xp 00000000 08:02 3546178                    /usr/lib/x86_64-linux-gnu/libXinerama.so.1.0.0
7f55e041a000-7f55e0619000 ---p 00002000 08:02 3546178                    /usr/lib/x86_64-linux-gnu/libXinerama.so.1.0.0
7f55e0619000-7f55e061a000 r--p 00001000 08:02 3546178                    /usr/lib/x86_64-linux-gnu/libXinerama.so.1.0.0
7f55e061a000-7f55e061b000 rw-p 00002000 08:02 3546178                    /usr/lib/x86_64-linux-gnu/libXinerama.so.1.0.0
7f55e061b000-7f55e0624000 r-xp 00000000 08:02 3546188                    /usr/lib/x86_64-linux-gnu/libXrender.so.1.3.0
7f55e0624000-7f55e0823000 ---p 00009000 08:02 3546188                    /usr/lib/x86_64-linux-gnu/libXrender.so.1.3.0
7f55e0823000-7f55e0824000 r--p 00008000 08:02 3546188                    /usr/lib/x86_64-linux-gnu/libXrender.so.1.3.0
7f55e0824000-7f55e0825000 rw-p 00009000 08:02 3546188                    /usr/lib/x86_64-linux-gnu/libXrender.so.1.3.0
7f55e0825000-7f55e082a000 r-xp 00000000 08:02 3546168                    /usr/lib/x86_64-linux-gnu/libXfixes.so.3.1.0
7f55e082a000-7f55e0a29000 ---p 00005000 08:02 3546168                    /usr/lib/x86_64-linux-gnu/libXfixes.so.3.1.0
7f55e0a29000-7f55e0a2a000 r--p 00004000 08:02 3546168                    /usr/lib/x86_64-linux-gnu/libXfixes.so.3.1.0
7f55e0a2a000-7f55e0a2b000 rw-p 00005000 08:02 3546168                    /usr/lib/x86_64-linux-gnu/libXfixes.so.3.1.0
7f55e0a2b000-7f55e0a41000 r-xp 00000000 08:02 791169                     /lib/x86_64-linux-gnu/libgcc_s.so.1
7f55e0a41000-7f55e0c40000 ---p 00016000 08:02 791169                     /lib/x86_64-linux-gnu/libgcc_s.so.1
7f55e0c40000-7f55e0c41000 rw-p 00015000 08:02 791169                     /lib/x86_64-linux-gnu/libgcc_s.so.1
7f55e0c41000-7f55e0db3000 r-xp 00000000 08:02 3547167                    /usr/lib/x86_64-linux-gnu/libstdc++.so.6.0.21
7f55e0db3000-7f55e0fb3000 ---p 00172000 08:02 3547167                    /usr/lib/x86_64-linux-gnu/libstdc++.so.6.0.21
7f55e0fb3000-7f55e0fbd000 r--p 00172000 08:02 3547167                    /usr/lib/x86_64-linux-gnu/libstdc++.so.6.0.21
7f55e0fbd000-7f55e0fbf000 rw-p 0017c000 08:02 3547167                    /usr/lib/x86_64-linux-gnu/libstdc++.so.6.0.21
7f55e0fbf000-7f55e0fc3000 rw-p 00000000 00:00 0 
7f55e0fc3000-7f55e1031000 r-xp 00000000 08:02 3671987                    /usr/lib/x86_64-linux-gnu/mesa/libGL.so.1.2.0
7f55e1031000-7f55e1231000 ---p 0006e000 08:02 3671987                    /usr/lib/x86_64-linux-gnu/mesa/libGL.so.1.2.0
7f55e1231000-7f55e1234000 r--p 0006e000 08:02 3671987                    /usr/lib/x86_64-linux-gnu/mesa/libGL.so.1.2.0
7f55e1234000-7f55e1235000 rw-p 00071000 08:02 3671987                    /usr/lib/x86_64-linux-gnu/mesa/libGL.so.1.2.0
7f55e1235000-7f55e1236000 rw-p 00000000 00:00 0 
7f55e1236000-7f55e123b000 r-xp 00000000 08:02 3546200                    /usr/lib/x86_64-linux-gnu/libXxf86vm.so.1.0.0
7f55e123b000-7f55e143a000 ---p 00005000 08:02 3546200                    /usr/lib/x86_64-linux-gnu/libXxf86vm.so.1.0.0
7f55e143a000-7f55e143b000 r--p 00004000 08:02 3546200                    /usr/lib/x86_64-linux-gnu/libXxf86vm.so.1.0.0
7f55e143b000-7f55e143c000 rw-p 00005000 08:02 3546200                    /usr/lib/x86_64-linux-gnu/libXxf86vm.so.1.0.0
7f55e143c000-7f55e1571000 r-xp 00000000 08:02 3546151                    /usr/lib/x86_64-linux-gnu/libX11.so.6.3.0
7f55e1571000-7f55e1771000 ---p 00135000 08:02 3546151                    /usr/lib/x86_64-linux-gnu/libX11.so.6.3.0
7f55e1771000-7f55e1772000 r--p 00135000 08:02 3546151                    /usr/lib/x86_64-linux-gnu/libX11.so.6.3.0
7f55e1772000-7f55e1776000 rw-p 00136000 08:02 3546151                    /usr/lib/x86_64-linux-gnu/libX11.so.6.3.0
7f55e1776000-7f55e177b000 r-xp 00000000 08:02 3546194                    /usr/lib/x86_64-linux-gnu/libXtst.so.6.1.0
7f55e177b000-7f55e197a000 ---p 00005000 08:02 3546194                    /usr/lib/x86_64-linux-gnu/libXtst.so.6.1.0
7f55e197a000-7f55e197b000 r--p 00004000 08:02 3546194                    /usr/lib/x86_64-linux-gnu/libXtst.so.6.1.0
7f55e197b000-7f55e197c000 rw-p 00005000 08:02 3546194                    /usr/lib/x86_64-linux-gnu/libXtst.so.6.1.0
7f55e197c000-7f55e1a8b000 r-xp 00000000 08:02 791173                     /lib/x86_64-linux-gnu/libglib-2.0.so.0.4800.2
7f55e1a8b000-7f55e1c8a000 ---p 0010f000 08:02 791173                     /lib/x86_64-linux-gnu/libglib-2.0.so.0.4800.2
7f55e1c8a000-7f55e1c8b000 r--p 0010e000 08:02 791173                     /lib/x86_64-linux-gnu/libglib-2.0.so.0.4800.2
7f55e1c8b000-7f55e1c8c000 rw-p 0010f000 08:02 791173                     /lib/x86_64-linux-gnu/libglib-2.0.so.0.4800.2
7f55e1c8c000-7f55e1c8d000 rw-p 00000000 00:00 0 
7f55e1c8d000-7f55e1c8e000 r-xp 00000000 08:02 3546634                    /usr/lib/x86_64-linux-gnu/libgthread-2.0.so.0.4800.2
7f55e1c8e000-7f55e1e8d000 ---p 00001000 08:02 3546634                    /usr/lib/x86_64-linux-gnu/libgthread-2.0.so.0.4800.2
7f55e1e8d000-7f55e1e8e000 r--p 00000000 08:02 3546634                    /usr/lib/x86_64-linux-gnu/libgthread-2.0.so.0.4800.2
7f55e1e8e000-7f55e1e8f000 rw-p 00001000 08:02 3546634                    /usr/lib/x86_64-linux-gnu/libgthread-2.0.so.0.4800.2
7f55e1e8f000-7f55e1e92000 r-xp 00000000 08:02 3546561                    /usr/lib/x86_64-linux-gnu/libgmodule-2.0.so.0.4800.2
7f55e1e92000-7f55e2091000 ---p 00003000 08:02 3546561                    /usr/lib/x86_64-linux-gnu/libgmodule-2.0.so.0.4800.2
7f55e2091000-7f55e2092000 r--p 00002000 08:02 3546561                    /usr/lib/x86_64-linux-gnu/libgmodule-2.0.so.0.4800.2
7f55e2092000-7f55e2093000 rw-p 00003000 08:02 3546561                    /usr/lib/x86_64-linux-gnu/libgmodule-2.0.so.0.4800.2
7f55e2093000-7f55e20e5000 r-xp 00000000 08:02 3546569                    /usr/lib/x86_64-linux-gnu/libgobject-2.0.so.0.4800.2
7f55e20e5000-7f55e22e4000 ---p 00052000 08:02 3546569                    /usr/lib/x86_64-linux-gnu/libgobject-2.0.so.0.4800.2
7f55e22e4000-7f55e22e5000 r--p 00051000 08:02 3546569                    /usr/lib/x86_64-linux-gnu/libgobject-2.0.so.0.4800.2
7f55e22e5000-7f55e22e6000 rw-p 00052000 08:02 3546569                    /usr/lib/x86_64-linux-gnu/libgobject-2.0.so.0.4800.2
7f55e22e6000-7f55e2323000 r-xp 00000000 08:02 3546485                    /usr/lib/x86_64-linux-gnu/libfontconfig.so.1.9.0
7f55e2323000-7f55e2522000 ---p 0003d000 08:02 3546485                    /usr/lib/x86_64-linux-gnu/libfontconfig.so.1.9.0
7f55e2522000-7f55e2524000 r--p 0003c000 08:02 3546485                    /usr/lib/x86_64-linux-gnu/libfontconfig.so.1.9.0
7f55e2524000-7f55e2529000 rw-p 0003e000 08:02 3546485                    /usr/lib/x86_64-linux-gnu/libfontconfig.so.1.9.0
7f55e2529000-7f55e25cd000 r-xp 00000000 08:02 3546515                    /usr/lib/x86_64-linux-gnu/libfreetype.so.6.12.1
7f55e25cd000-7f55e27cc000 ---p 000a4000 08:02 3546515                    /usr/lib/x86_64-linux-gnu/libfreetype.so.6.12.1
7f55e27cc000-7f55e27d2000 r--p 000a3000 08:02 3546515                    /usr/lib/x86_64-linux-gnu/libfreetype.so.6.12.1
7f55e27d2000-7f55e27d3000 rw-p 000a9000 08:02 3546515                    /usr/lib/x86_64-linux-gnu/libfreetype.so.6.12.1
7f55e27d3000-7f55e281c000 r-xp 00000000 08:02 3546953                    /usr/lib/x86_64-linux-gnu/libpango-1.0.so.0.3800.1
7f55e281c000-7f55e2a1c000 ---p 00049000 08:02 3546953                    /usr/lib/x86_64-linux-gnu/libpango-1.0.so.0.3800.1
7f55e2a1c000-7f55e2a1e000 r--p 00049000 08:02 3546953                    /usr/lib/x86_64-linux-gnu/libpango-1.0.so.0.3800.1
7f55e2a1e000-7f55e2a1f000 rw-p 0004b000 08:02 3546953                    /usr/lib/x86_64-linux-gnu/libpango-1.0.so.0.3800.1
7f55e2a1f000-7f55e2b2d000 r-xp 00000000 08:02 3546300                    /usr/lib/x86_64-linux-gnu/libcairo.so.2.11400.6
7f55e2b2d000-7f55e2d2d000 ---p 0010e000 08:02 3546300                    /usr/lib/x86_64-linux-gnu/libcairo.so.2.11400.6
7f55e2d2d000-7f55e2d30000 r--p 0010e000 08:02 3546300                    /usr/lib/x86_64-linux-gnu/libcairo.so.2.11400.6
7f55e2d30000-7f55e2d31000 rw-p 00111000 08:02 3546300                    /usr/lib/x86_64-linux-gnu/libcairo.so.2.11400.6
7f55e2d31000-7f55e2d33000 rw-p 00000000 00:00 0 
7f55e2d33000-7f55e2d3f000 r-xp 00000000 08:02 3546955                    /usr/lib/x86_64-linux-gnu/libpangocairo-1.0.so.0.3800.1
7f55e2d3f000-7f55e2f3e000 ---p 0000c000 08:02 3546955                    /usr/lib/x86_64-linux-gnu/libpangocairo-1.0.so.0.3800.1
7f55e2f3e000-7f55e2f3f000 r--p 0000b000 08:02 3546955                    /usr/lib/x86_64-linux-gnu/libpangocairo-1.0.so.0.3800.1
7f55e2f3f000-7f55e2f40000 rw-p 0000c000 08:02 3546955                    /usr/lib/x86_64-linux-gnu/libpangocairo-1.0.so.0.3800.1
7f55e2f40000-7f55e2f61000 r-xp 00000000 08:02 3546541                    /usr/lib/x86_64-linux-gnu/libgdk_pixbuf-2.0.so.0.3200.2
7f55e2f61000-7f55e3160000 ---p 00021000 08:02 3546541                    /usr/lib/x86_64-linux-gnu/libgdk_pixbuf-2.0.so.0.3200.2
7f55e3160000-7f55e3161000 r--p 00020000 08:02 3546541                    /usr/lib/x86_64-linux-gnu/libgdk_pixbuf-2.0.so.0.3200.2
7f55e3161000-7f55e3162000 rw-p 00021000 08:02 3546541                    /usr/lib/x86_64-linux-gnu/libgdk_pixbuf-2.0.so.0.3200.2
7f55e3162000-7f55e3176000 r-xp 00000000 08:02 3546957                    /usr/lib/x86_64-linux-gnu/libpangoft2-1.0.so.0.3800.1
7f55e3176000-7f55e3376000 ---p 00014000 08:02 3546957                    /usr/lib/x86_64-linux-gnu/libpangoft2-1.0.so.0.3800.1
7f55e3376000-7f55e3377000 r--p 00014000 08:02 3546957                    /usr/lib/x86_64-linux-gnu/libpangoft2-1.0.so.0.3800.1
7f55e3377000-7f55e3378000 rw-p 00015000 08:02 3546957                    /usr/lib/x86_64-linux-gnu/libpangoft2-1.0.so.0.3800.1
7f55e3378000-7f55e34f8000 r-xp 00000000 08:02 3546551                    /usr/lib/x86_64-linux-gnu/libgio-2.0.so.0.4800.2
7f55e34f8000-7f55e36f8000 ---p 00180000 08:02 3546551                    /usr/lib/x86_64-linux-gnu/libgio-2.0.so.0.4800.2
7f55e36f8000-7f55e36fc000 r--p 00180000 08:02 3546551                    /usr/lib/x86_64-linux-gnu/libgio-2.0.so.0.4800.2
7f55e36fc000-7f55e36fe000 rw-p 00184000 08:02 3546551                    /usr/lib/x86_64-linux-gnu/libgio-2.0.so.0.4800.2
7f55e36fe000-7f55e3700000 rw-p 00000000 00:00 0 
7f55e3700000-7f55e37b0000 r-xp 00000000 08:02 3546539                    /usr/lib/x86_64-linux-gnu/libgdk-x11-2.0.so.0.2400.30
7f55e37b0000-7f55e39af000 ---p 000b0000 08:02 3546539                    /usr/lib/x86_64-linux-gnu/libgdk-x11-2.0.so.0.2400.30
7f55e39af000-7f55e39b3000 r--p 000af000 08:02 3546539                    /usr/lib/x86_64-linux-gnu/libgdk-x11-2.0.so.0.2400.30
7f55e39b3000-7f55e39b5000 rw-p 000b3000 08:02 3546539                    /usr/lib/x86_64-linux-gnu/libgdk-x11-2.0.so.0.2400.30
7f55e39b5000-7f55e3df3000 r-xp 00000000 08:02 3546638                    /usr/lib/x86_64-linux-gnu/libgtk-x11-2.0.so.0.2400.30
7f55e3df3000-7f55e3ff2000 ---p 0043e000 08:02 3546638                    /usr/lib/x86_64-linux-gnu/libgtk-x11-2.0.so.0.2400.30
7f55e3ff2000-7f55e3ff9000 r--p 0043d000 08:02 3546638                    /usr/lib/x86_64-linux-gnu/libgtk-x11-2.0.so.0.2400.30
7f55e3ff9000-7f55e3ffd000 rw-p 00444000 08:02 3546638                    /usr/lib/x86_64-linux-gnu/libgtk-x11-2.0.so.0.2400.30
7f55e3ffd000-7f55e4000000 rw-p 00000000 00:00 0 
7f55e4000000-7f55e4021000 rw-p 00000000 00:00 0 
7f55e4021000-7f55e8000000 ---p 00000000 00:00 0 
7f55e8000000-7f55e8021000 rw-p 00000000 00:00 0 
7f55e8021000-7f55ec000000 ---p 00000000 00:00 0 
7f55ec000000-7f55ec1c9000 rw-p 00000000 00:00 0 
7f55ec1c9000-7f55f0000000 ---p 00000000 00:00 0 
7f55f0000000-7f55f0394000 rw-p 00000000 00:00 0 
7f55f0394000-7f55f4000000 ---p 00000000 00:00 0 
7f55f4000000-7f55f4021000 rw-p 00000000 00:00 0 
7f55f4021000-7f55f8000000 ---p 00000000 00:00 0 
7f55f8000000-7f55f8021000 rw-p 00000000 00:00 0 
7f55f8021000-7f55fc000000 ---p 00000000 00:00 0 
7f55fc000000-7f55fc021000 rw-p 00000000 00:00 0 
7f55fc021000-7f5600000000 ---p 00000000 00:00 0 
7f5600000000-7f5600021000 rw-p 00000000 00:00 0 
7f5600021000-7f5604000000 ---p 00000000 00:00 0 
7f5604001000-7f5604003000 rw-s 00000000 00:05 239773                     /drm mm object (deleted)
7f5604003000-7f5604004000 rw-s 100365000 00:06 335                       /dev/dri/card0
7f5604004000-7f560400f000 r--s 00000000 08:02 4198764                    /var/cache/fontconfig/945677eb7aeaf62f1d50efc3fb3ec7d8-le64.cache-6
7f560400f000-7f5604015000 r--s 00000000 08:02 4198756                    /var/cache/fontconfig/2cd17615ca594fa2959ae173292e504c-le64.cache-6
7f5604015000-7f5604016000 r--s 00000000 08:02 4200321                    /var/cache/fontconfig/4794a0821666d79190d59a36cb4f44b5-le64.cache-6
7f5604016000-7f5604056000 r--s 00000000 08:02 4198754                    /var/cache/fontconfig/0bd3dc0958fa2205aaaa8ebb13e2872b-le64.cache-6
7f5604056000-7f560405d000 r--s 00000000 08:02 4195402                    /var/cache/fontconfig/3047814df9a2f067bd2d96a2b9c36e5a-le64.cache-6
7f560405d000-7f5604065000 r--s 00000000 08:02 4198769                    /var/cache/fontconfig/bf3b770c553c462765856025a94f1ce6-le64.cache-6
7f5604065000-7f5604067000 r--s 00000000 08:02 4198768                    /var/cache/fontconfig/a0107c79d978dfcc5e42cb1335b71036-le64.cache-6
7f5604067000-7f5604089000 r-xp 00000000 08:02 3546244                    /usr/lib/x86_64-linux-gnu/libatk-1.0.so.0.21809.1
7f5604089000-7f5604288000 ---p 00022000 08:02 3546244                    /usr/lib/x86_64-linux-gnu/libatk-1.0.so.0.21809.1
7f5604288000-7f560428b000 r--p 00021000 08:02 3546244                    /usr/lib/x86_64-linux-gnu/libatk-1.0.so.0.21809.1
7f560428b000-7f560428c000 rw-p 00024000 08:02 3546244                    /usr/lib/x86_64-linux-gnu/libatk-1.0.so.0.21809.1
7f560428c000-7f5604298000 r-xp 00000000 08:02 2885488                    /opt/jdk/jdk1.8.0_161/jre/lib/amd64/libprism_es2.so
7f5604298000-7f5604497000 ---p 0000c000 08:02 2885488                    /opt/jdk/jdk1.8.0_161/jre/lib/amd64/libprism_es2.so
7f5604497000-7f5604498000 rw-p 0000b000 08:02 2885488                    /opt/jdk/jdk1.8.0_161/jre/lib/amd64/libprism_es2.so
7f5604498000-7f560449b000 ---p 00000000 00:00 0 
7f560449b000-7f5604599000 rw-p 00000000 00:00 0 
7f5604599000-7f560459a000 ---p 00000000 00:00 0 
7f560459a000-7f560469a000 rw-p 00000000 00:00 0 
7f560469a000-7f560469d000 ---p 00000000 00:00 0 
7f560469d000-7f560479b000 rw-p 00000000 00:00 0 
7f560479b000-7f560479e000 ---p 00000000 00:00 0 
7f560479e000-7f560789d000 rw-p 00000000 00:00 0 
7f560789d000-7f56078b3000 r-xp 00000000 08:02 2885484                    /opt/jdk/jdk1.8.0_161/jre/lib/amd64/libnet.so
7f56078b3000-7f5607ab3000 ---p 00016000 08:02 2885484                    /opt/jdk/jdk1.8.0_161/jre/lib/amd64/libnet.so
7f5607ab3000-7f5607ab4000 rw-p 00016000 08:02 2885484                    /opt/jdk/jdk1.8.0_161/jre/lib/amd64/libnet.so
7f5607ab4000-7f5608000000 r--p 00000000 08:02 3549632                    /usr/lib/locale/locale-archive
7f5608000000-7f5608021000 rw-p 00000000 00:00 0 
7f5608021000-7f560c000000 ---p 00000000 00:00 0 
7f560c000000-7f560c021000 rw-p 00000000 00:00 0 
7f560c021000-7f5610000000 ---p 00000000 00:00 0 
7f5610000000-7f5610021000 rw-p 00000000 00:00 0 
7f5610021000-7f5614000000 ---p 00000000 00:00 0 
7f5614000000-7f5614003000 r--s 00000000 08:02 4200320                    /var/cache/fontconfig/e49e89034d371f0f9de17aab02136486-le64.cache-6
7f5614003000-7f5614005000 r--s 00000000 08:02 4200319                    /var/cache/fontconfig/4b14b093aebc79c320de5e86ae1d3314-le64.cache-6
7f5614005000-7f5614018000 r--s 00000000 08:02 4198773                    /var/cache/fontconfig/d52a8644073d54c13679302ca1180695-le64.cache-6
7f5614018000-7f5614023000 r--s 00000000 08:02 4200318                    /var/cache/fontconfig/d589a48862398ed80a3d6066f4f56f4c-le64.cache-6
7f5614023000-7f5614026000 r--s 00000000 08:02 4200317                    /var/cache/fontconfig/75114ca45c98e8a441da0ff356701271-le64.cache-6
7f5614026000-7f5614031000 r--s 00000000 08:02 4195407                    /var/cache/fontconfig/83bf95040141907cd45bb53cf7c1c148-le64.cache-6
7f5614031000-7f5614043000 r--s 00000000 08:02 4198766                    /var/cache/fontconfig/9b89f8e3dae116d678bbf48e5f21f69b-le64.cache-6
7f5614043000-7f5614046000 r--s 00000000 08:02 4195400                    /var/cache/fontconfig/e13b20fdb08344e0e664864cc2ede53d-le64.cache-6
7f5614046000-7f561404c000 r--s 00000000 08:02 4202079                    /var/cache/fontconfig/3830d5c3ddfd5cd38a049b759396e72e-le64.cache-6
7f561404c000-7f561404d000 rw-s 1015f7000 00:06 335                       /dev/dri/card0
7f561404e000-7f5614078000 r--p 00000000 08:02 3815303                    /usr/share/locale-langpack/es/LC_MESSAGES/gtk20-properties.mo
7f5614078000-7f5614087000 r--p 00000000 08:02 3815986                    /usr/share/locale-langpack/es/LC_MESSAGES/gtk20.mo
7f5614087000-7f561408e000 r--s 00000000 08:02 3671625                    /usr/lib/x86_64-linux-gnu/gconv/gconv-modules.cache
7f561408e000-7f56140b3000 r--p 00000000 08:02 3813115                    /usr/share/locale-langpack/es/LC_MESSAGES/libc.mo
7f56140b3000-7f56140b6000 ---p 00000000 00:00 0 
7f56140b6000-7f56141b4000 rw-p 00000000 00:00 0 
7f56141b4000-7f56141b7000 ---p 00000000 00:00 0 
7f56141b7000-7f56142b5000 rw-p 00000000 00:00 0 
7f56142b5000-7f56142ca000 r--s 00237000 08:02 1313300                    /home/blacksabbathx/IdeaProjects/ProyectoCine/src/sources/jfoenix-8.0.1.jar
7f56142ca000-7f56142dd000 r--s 00345000 08:02 2885308                    /opt/jdk/jdk1.8.0_161/jre/lib/resources.jar
7f56142dd000-7f56142f0000 r--s 000d6000 08:02 2885212                    /opt/jdk/jdk1.8.0_161/jre/lib/plugin.jar
7f56142f0000-7f561430c000 r--s 0020b000 08:02 2885188                    /opt/jdk/jdk1.8.0_161/jre/lib/deploy.jar
7f561430c000-7f56143a2000 r--s 0110a000 08:02 2885332                    /opt/jdk/jdk1.8.0_161/jre/lib/ext/jfxrt.jar
7f56143a2000-7f56143a5000 ---p 00000000 00:00 0 
7f56143a5000-7f56144a3000 rw-p 00000000 00:00 0 
7f56144a3000-7f56144a6000 ---p 00000000 00:00 0 
7f56144a6000-7f56145a4000 rw-p 00000000 00:00 0 
7f56145a4000-7f56145a7000 ---p 00000000 00:00 0 
7f56145a7000-7f56146a5000 rw-p 00000000 00:00 0 
7f56146a5000-7f56146a6000 ---p 00000000 00:00 0 
7f56146a6000-7f56150fe000 rw-p 00000000 00:00 0 
7f56150fe000-7f56152d7000 r--s 03d64000 08:02 2885270                    /opt/jdk/jdk1.8.0_161/jre/lib/rt.jar
7f56152d7000-7f5617ab7000 rw-p 00000000 00:00 0 
7f5617ab7000-7f5617ab8000 ---p 00000000 00:00 0 
7f5617ab8000-7f5617bb8000 rw-p 00000000 00:00 0 
7f5617bb8000-7f5617bb9000 ---p 00000000 00:00 0 
7f5617bb9000-7f5617d05000 rw-p 00000000 00:00 0 
7f5617d05000-7f5617df9000 ---p 00000000 00:00 0 
7f5617df9000-7f5617e45000 rw-p 00000000 00:00 0 
7f5617e45000-7f5617f39000 ---p 00000000 00:00 0 
7f5617f39000-7f5617f43000 rw-p 00000000 00:00 0 
7f5617f43000-7f5617fd9000 ---p 00000000 00:00 0 
7f5617fd9000-7f5617ff3000 rw-p 00000000 00:00 0 
7f5617ff3000-7f561839a000 ---p 00000000 00:00 0 
7f561839a000-7f56189da000 rwxp 00000000 00:00 0 
7f56189da000-7f562739a000 ---p 00000000 00:00 0 
7f562739a000-7f56273b5000 r-xp 00000000 08:02 2885480                    /opt/jdk/jdk1.8.0_161/jre/lib/amd64/libzip.so
7f56273b5000-7f56275b5000 ---p 0001b000 08:02 2885480                    /opt/jdk/jdk1.8.0_161/jre/lib/amd64/libzip.so
7f56275b5000-7f56275b6000 rw-p 0001b000 08:02 2885480                    /opt/jdk/jdk1.8.0_161/jre/lib/amd64/libzip.so
7f56275b6000-7f56275c1000 r-xp 00000000 08:02 791228                     /lib/x86_64-linux-gnu/libnss_files-2.23.so
7f56275c1000-7f56277c0000 ---p 0000b000 08:02 791228                     /lib/x86_64-linux-gnu/libnss_files-2.23.so
7f56277c0000-7f56277c1000 r--p 0000a000 08:02 791228                     /lib/x86_64-linux-gnu/libnss_files-2.23.so
7f56277c1000-7f56277c2000 rw-p 0000b000 08:02 791228                     /lib/x86_64-linux-gnu/libnss_files-2.23.so
7f56277c2000-7f56277c8000 rw-p 00000000 00:00 0 
7f56277c8000-7f56277d3000 r-xp 00000000 08:02 791238                     /lib/x86_64-linux-gnu/libnss_nis-2.23.so
7f56277d3000-7f56279d2000 ---p 0000b000 08:02 791238                     /lib/x86_64-linux-gnu/libnss_nis-2.23.so
7f56279d2000-7f56279d3000 r--p 0000a000 08:02 791238                     /lib/x86_64-linux-gnu/libnss_nis-2.23.so
7f56279d3000-7f56279d4000 rw-p 0000b000 08:02 791238                     /lib/x86_64-linux-gnu/libnss_nis-2.23.so
7f56279d4000-7f56279ea000 r-xp 00000000 08:02 791222                     /lib/x86_64-linux-gnu/libnsl-2.23.so
7f56279ea000-7f5627be9000 ---p 00016000 08:02 791222                     /lib/x86_64-linux-gnu/libnsl-2.23.so
7f5627be9000-7f5627bea000 r--p 00015000 08:02 791222                     /lib/x86_64-linux-gnu/libnsl-2.23.so
7f5627bea000-7f5627beb000 rw-p 00016000 08:02 791222                     /lib/x86_64-linux-gnu/libnsl-2.23.so
7f5627beb000-7f5627bed000 rw-p 00000000 00:00 0 
7f5627bed000-7f5627bf5000 r-xp 00000000 08:02 791224                     /lib/x86_64-linux-gnu/libnss_compat-2.23.so
7f5627bf5000-7f5627df4000 ---p 00008000 08:02 791224                     /lib/x86_64-linux-gnu/libnss_compat-2.23.so
7f5627df4000-7f5627df5000 r--p 00007000 08:02 791224                     /lib/x86_64-linux-gnu/libnss_compat-2.23.so
7f5627df5000-7f5627df6000 rw-p 00008000 08:02 791224                     /lib/x86_64-linux-gnu/libnss_compat-2.23.so
7f5627df6000-7f5627e00000 r-xp 00000000 08:02 2885489                    /opt/jdk/jdk1.8.0_161/jre/lib/amd64/libinstrument.so
7f5627e00000-7f5627fff000 ---p 0000a000 08:02 2885489                    /opt/jdk/jdk1.8.0_161/jre/lib/amd64/libinstrument.so
7f5627fff000-7f5628000000 rw-p 00009000 08:02 2885489                    /opt/jdk/jdk1.8.0_161/jre/lib/amd64/libinstrument.so
7f5628000000-7f56284e8000 rw-p 00000000 00:00 0 
7f56284e8000-7f562c000000 ---p 00000000 00:00 0 
7f562c000000-7f562c001000 rw-s 00000000 00:05 238433                     /drm mm object (deleted)
7f562c001000-7f562c003000 r--s 0001a000 08:02 5115840                    /home/blacksabbathx/.local/share/JetBrains/Toolbox/apps/IDEA-U/ch-0/181.4445.78/lib/idea_rt.jar
7f562c003000-7f562c008000 r--s 0009d000 08:02 2885327                    /opt/jdk/jdk1.8.0_161/jre/lib/jsse.jar
7f562c008000-7f562c00d000 r--s 00084000 08:02 2885187                    /opt/jdk/jdk1.8.0_161/jre/lib/jfr.jar
7f562c00d000-7f562c016000 r--s 0006d000 08:02 2885197                    /opt/jdk/jdk1.8.0_161/jre/lib/javaws.jar
7f562c016000-7f562c041000 r-xp 00000000 08:02 2885474                    /opt/jdk/jdk1.8.0_161/jre/lib/amd64/libjava.so
7f562c041000-7f562c240000 ---p 0002b000 08:02 2885474                    /opt/jdk/jdk1.8.0_161/jre/lib/amd64/libjava.so
7f562c240000-7f562c242000 rw-p 0002a000 08:02 2885474                    /opt/jdk/jdk1.8.0_161/jre/lib/amd64/libjava.so
7f562c242000-7f562c24f000 r-xp 00000000 08:02 2885479                    /opt/jdk/jdk1.8.0_161/jre/lib/amd64/libverify.so
7f562c24f000-7f562c44f000 ---p 0000d000 08:02 2885479                    /opt/jdk/jdk1.8.0_161/jre/lib/amd64/libverify.so
7f562c44f000-7f562c451000 rw-p 0000d000 08:02 2885479                    /opt/jdk/jdk1.8.0_161/jre/lib/amd64/libverify.so
7f562c451000-7f562c458000 r-xp 00000000 08:02 791283                     /lib/x86_64-linux-gnu/librt-2.23.so
7f562c458000-7f562c657000 ---p 00007000 08:02 791283                     /lib/x86_64-linux-gnu/librt-2.23.so
7f562c657000-7f562c658000 r--p 00006000 08:02 791283                     /lib/x86_64-linux-gnu/librt-2.23.so
7f562c658000-7f562c659000 rw-p 00007000 08:02 791283                     /lib/x86_64-linux-gnu/librt-2.23.so
7f562c659000-7f562c761000 r-xp 00000000 08:02 791201                     /lib/x86_64-linux-gnu/libm-2.23.so
7f562c761000-7f562c960000 ---p 00108000 08:02 791201                     /lib/x86_64-linux-gnu/libm-2.23.so
7f562c960000-7f562c961000 r--p 00107000 08:02 791201                     /lib/x86_64-linux-gnu/libm-2.23.so
7f562c961000-7f562c962000 rw-p 00108000 08:02 791201                     /lib/x86_64-linux-gnu/libm-2.23.so
7f562c962000-7f562d63b000 r-xp 00000000 08:02 2885457                    /opt/jdk/jdk1.8.0_161/jre/lib/amd64/server/libjvm.so
7f562d63b000-7f562d83a000 ---p 00cd9000 08:02 2885457                    /opt/jdk/jdk1.8.0_161/jre/lib/amd64/server/libjvm.so
7f562d83a000-7f562d913000 rw-p 00cd8000 08:02 2885457                    /opt/jdk/jdk1.8.0_161/jre/lib/amd64/server/libjvm.so
7f562d913000-7f562d95f000 rw-p 00000000 00:00 0 
7f562d95f000-7f562db1f000 r-xp 00000000 08:02 791133                     /lib/x86_64-linux-gnu/libc-2.23.so
7f562db1f000-7f562dd1f000 ---p 001c0000 08:02 791133                     /lib/x86_64-linux-gnu/libc-2.23.so
7f562dd1f000-7f562dd23000 r--p 001c0000 08:02 791133                     /lib/x86_64-linux-gnu/libc-2.23.so
7f562dd23000-7f562dd25000 rw-p 001c4000 08:02 791133                     /lib/x86_64-linux-gnu/libc-2.23.so
7f562dd25000-7f562dd29000 rw-p 00000000 00:00 0 
7f562dd29000-7f562dd2c000 r-xp 00000000 08:02 791155                     /lib/x86_64-linux-gnu/libdl-2.23.so
7f562dd2c000-7f562df2b000 ---p 00003000 08:02 791155                     /lib/x86_64-linux-gnu/libdl-2.23.so
7f562df2b000-7f562df2c000 r--p 00002000 08:02 791155                     /lib/x86_64-linux-gnu/libdl-2.23.so
7f562df2c000-7f562df2d000 rw-p 00003000 08:02 791155                     /lib/x86_64-linux-gnu/libdl-2.23.so
7f562df2d000-7f562df43000 r-xp 00000000 08:02 2885095                    /opt/jdk/jdk1.8.0_161/lib/amd64/jli/libjli.so
7f562df43000-7f562e142000 ---p 00016000 08:02 2885095                    /opt/jdk/jdk1.8.0_161/lib/amd64/jli/libjli.so
7f562e142000-7f562e143000 rw-p 00015000 08:02 2885095                    /opt/jdk/jdk1.8.0_161/lib/amd64/jli/libjli.so
7f562e143000-7f562e15b000 r-xp 00000000 08:02 791275                     /lib/x86_64-linux-gnu/libpthread-2.23.so
7f562e15b000-7f562e35a000 ---p 00018000 08:02 791275                     /lib/x86_64-linux-gnu/libpthread-2.23.so
7f562e35a000-7f562e35b000 r--p 00017000 08:02 791275                     /lib/x86_64-linux-gnu/libpthread-2.23.so
7f562e35b000-7f562e35c000 rw-p 00018000 08:02 791275                     /lib/x86_64-linux-gnu/libpthread-2.23.so
7f562e35c000-7f562e360000 rw-p 00000000 00:00 0 
7f562e360000-7f562e386000 r-xp 00000000 08:02 791107                     /lib/x86_64-linux-gnu/ld-2.23.so
7f562e386000-7f562e388000 r--s 00007000 08:02 2885502                    /opt/jdk/jdk1.8.0_161/jre/lib/jfxswt.jar
7f562e388000-7f562e38d000 r--s 002f9000 08:02 2885268                    /opt/jdk/jdk1.8.0_161/jre/lib/charsets.jar
7f562e38d000-7f562e45e000 rw-p 00000000 00:00 0 
7f562e45e000-7f562e461000 ---p 00000000 00:00 0 
7f562e461000-7f562e564000 rw-p 00000000 00:00 0 
7f562e564000-7f562e565000 r--s 00000000 08:02 2885194                    /opt/jdk/jdk1.8.0_161/jre/lib/management-agent.jar
7f562e565000-7f562e568000 r--s 0001a000 08:02 2885500                    /opt/jdk/jdk1.8.0_161/jre/lib/jce.jar
7f562e568000-7f562e57b000 rw-p 00000000 00:00 0 
7f562e57b000-7f562e583000 rw-s 00000000 08:02 3015319                    /tmp/hsperfdata_blacksabbathx/13855
7f562e583000-7f562e584000 rw-p 00000000 00:00 0 
7f562e584000-7f562e585000 r--p 00000000 00:00 0 
7f562e585000-7f562e586000 r--p 00025000 08:02 791107                     /lib/x86_64-linux-gnu/ld-2.23.so
7f562e586000-7f562e587000 rw-p 00026000 08:02 791107                     /lib/x86_64-linux-gnu/ld-2.23.so
7f562e587000-7f562e588000 rw-p 00000000 00:00 0 
7fffdcc9a000-7fffdccbb000 rw-p 00000000 00:00 0                          [stack]
7fffdcdf3000-7fffdcdf6000 r--p 00000000 00:00 0                          [vvar]
7fffdcdf6000-7fffdcdf8000 r-xp 00000000 00:00 0                          [vdso]
ffffffffff600000-ffffffffff601000 r-xp 00000000 00:00 0                  [vsyscall]

VM Arguments:
jvm_args: -javaagent:/home/blacksabbathx/.local/share/JetBrains/Toolbox/apps/IDEA-U/ch-0/181.4445.78/lib/idea_rt.jar=37953:/home/blacksabbathx/.local/share/JetBrains/Toolbox/apps/IDEA-U/ch-0/181.4445.78/bin -Dfile.encoding=UTF-8 
java_command: MainClass
java_class_path (initial): /opt/jdk/jdk1.8.0_161/jre/lib/charsets.jar:/opt/jdk/jdk1.8.0_161/jre/lib/deploy.jar:/opt/jdk/jdk1.8.0_161/jre/lib/ext/cldrdata.jar:/opt/jdk/jdk1.8.0_161/jre/lib/ext/dnsns.jar:/opt/jdk/jdk1.8.0_161/jre/lib/ext/jaccess.jar:/opt/jdk/jdk1.8.0_161/jre/lib/ext/jfxrt.jar:/opt/jdk/jdk1.8.0_161/jre/lib/ext/localedata.jar:/opt/jdk/jdk1.8.0_161/jre/lib/ext/nashorn.jar:/opt/jdk/jdk1.8.0_161/jre/lib/ext/sunec.jar:/opt/jdk/jdk1.8.0_161/jre/lib/ext/sunjce_provider.jar:/opt/jdk/jdk1.8.0_161/jre/lib/ext/sunpkcs11.jar:/opt/jdk/jdk1.8.0_161/jre/lib/ext/zipfs.jar:/opt/jdk/jdk1.8.0_161/jre/lib/javaws.jar:/opt/jdk/jdk1.8.0_161/jre/lib/jce.jar:/opt/jdk/jdk1.8.0_161/jre/lib/jfr.jar:/opt/jdk/jdk1.8.0_161/jre/lib/jfxswt.jar:/opt/jdk/jdk1.8.0_161/jre/lib/jsse.jar:/opt/jdk/jdk1.8.0_161/jre/lib/management-agent.jar:/opt/jdk/jdk1.8.0_161/jre/lib/plugin.jar:/opt/jdk/jdk1.8.0_161/jre/lib/resources.jar:/opt/jdk/jdk1.8.0_161/jre/lib/rt.jar:/home/blacksabbathx/IdeaProjects/ProyectoCine/out/production/ProyectoCine:/home/blacksabbathx/IdeaProjects/ProyectoCine/src/sources/jfoenix-8.0.1.jar:/home/blacksabbathx/.local/share/JetBrains/Toolbox/apps/IDEA-U/ch-0/181.4445.78/lib/idea_rt.jar
Launcher Type: SUN_STANDARD

Environment Variables:
PATH=/home/blacksabbathx/bin:/home/blacksabbathx/.local/bin:/usr/local/sbin:/usr/local/bin:/usr/sbin:/usr/bin:/sbin:/bin:/usr/games:/usr/local/games:/snap/bin
SHELL=/bin/bash
DISPLAY=:0

Signal Handlers:
SIGSEGV: [libjvm.so+0xad01e0], sa_mask[0]=11111111011111111101111111111110, sa_flags=SA_RESTART|SA_SIGINFO
SIGBUS: [libjvm.so+0xad01e0], sa_mask[0]=11111111011111111101111111111110, sa_flags=SA_RESTART|SA_SIGINFO
SIGFPE: [libjvm.so+0x927fb0], sa_mask[0]=11111111011111111101111111111110, sa_flags=SA_RESTART|SA_SIGINFO
SIGPIPE: SIG_IGN, sa_mask[0]=00000000000010000000000000000000, sa_flags=SA_RESTART
SIGXFSZ: [libjvm.so+0x927fb0], sa_mask[0]=11111111011111111101111111111110, sa_flags=SA_RESTART|SA_SIGINFO
SIGILL: [libjvm.so+0x927fb0], sa_mask[0]=11111111011111111101111111111110, sa_flags=SA_RESTART|SA_SIGINFO
SIGUSR1: SIG_DFL, sa_mask[0]=00000000000000000000000000000000, sa_flags=none
SIGUSR2: [libjvm.so+0x9297f0], sa_mask[0]=00100000000000000000000000000000, sa_flags=SA_RESTART|SA_SIGINFO
SIGHUP: [libjvm.so+0x92abf0], sa_mask[0]=11111111011111111101111111111110, sa_flags=SA_RESTART|SA_SIGINFO
SIGINT: [libjvm.so+0x92abf0], sa_mask[0]=11111111011111111101111111111110, sa_flags=SA_RESTART|SA_SIGINFO
SIGTERM: [libjvm.so+0x92abf0], sa_mask[0]=11111111011111111101111111111110, sa_flags=SA_RESTART|SA_SIGINFO
SIGQUIT: [libjvm.so+0x92abf0], sa_mask[0]=11111111011111111101111111111110, sa_flags=SA_RESTART|SA_SIGINFO


---------------  S Y S T E M  ---------------

OS:DISTRIB_ID=neon
DISTRIB_RELEASE=16.04
DISTRIB_CODENAME=xenial
DISTRIB_DESCRIPTION="KDE neon User Edition 5.12"

uname:Linux 4.13.0-38-generic #43~16.04.1-Ubuntu SMP Wed Mar 14 17:48:43 UTC 2018 x86_64
libc:glibc 2.23 NPTL 2.23 
rlimit: STACK 8192k, CORE 0k, NPROC 15129, NOFILE 1048576, AS infinity
load average:2,21 1,72 1,43

/proc/meminfo:
MemTotal:        3927380 kB
MemFree:          236016 kB
MemAvailable:     317692 kB
Buffers:            4300 kB
Cached:           561560 kB
SwapCached:        57580 kB
Active:          2954640 kB
Inactive:         565080 kB
Active(anon):    2807668 kB
Inactive(anon):   440656 kB
Active(file):     146972 kB
Inactive(file):   124424 kB
Unevictable:          32 kB
Mlocked:              32 kB
SwapTotal:       3907580 kB
SwapFree:        2986308 kB
Dirty:             13504 kB
Writeback:             0 kB
AnonPages:       2943192 kB
Mapped:           161788 kB
Shmem:            337864 kB
Slab:              78116 kB
SReclaimable:      38216 kB
SUnreclaim:        39900 kB
KernelStack:        7712 kB
PageTables:        42552 kB
NFS_Unstable:          0 kB
Bounce:                0 kB
WritebackTmp:          0 kB
CommitLimit:     5871268 kB
Committed_AS:    6694080 kB
VmallocTotal:   34359738367 kB
VmallocUsed:           0 kB
VmallocChunk:          0 kB
HardwareCorrupted:     0 kB
AnonHugePages:         0 kB
ShmemHugePages:        0 kB
ShmemPmdMapped:        0 kB
CmaTotal:              0 kB
CmaFree:               0 kB
HugePages_Total:       0
HugePages_Free:        0
HugePages_Rsvd:        0
HugePages_Surp:        0
Hugepagesize:       2048 kB
DirectMap4k:      372736 kB
DirectMap2M:     3708928 kB


CPU:total 2 (initial active 2) (2 cores per cpu, 1 threads per core) family 6 model 76 stepping 4, cmov, cx8, fxsr, mmx, sse, sse2, sse3, ssse3, sse4.1, sse4.2, popcnt, aes, clmul, erms, 3dnowpref, tsc, tscinvbit

/proc/cpuinfo:
processor	: 0
vendor_id	: GenuineIntel
cpu family	: 6
model		: 76
model name	: Intel(R) Celeron(R) CPU  N3060  @ 1.60GHz
stepping	: 4
microcode	: 0x404
cpu MHz		: 2018.394
cache size	: 1024 KB
physical id	: 0
siblings	: 2
core id		: 0
cpu cores	: 2
apicid		: 0
initial apicid	: 0
fpu		: yes
fpu_exception	: yes
cpuid level	: 11
wp		: yes
flags		: fpu vme de pse tsc msr pae mce cx8 apic sep mtrr pge mca cmov pat pse36 clflush dts acpi mmx fxsr sse sse2 ss ht tm pbe syscall nx rdtscp lm constant_tsc arch_perfmon pebs bts rep_good nopl xtopology tsc_reliable nonstop_tsc cpuid aperfmperf tsc_known_freq pni pclmulqdq dtes64 monitor ds_cpl vmx est tm2 ssse3 cx16 xtpr pdcm sse4_1 sse4_2 movbe popcnt tsc_deadline_timer aes rdrand lahf_lm 3dnowprefetch epb pti retpoline tpr_shadow vnmi flexpriority ept vpid tsc_adjust smep erms dtherm ida arat
bugs		: cpu_meltdown spectre_v1 spectre_v2
bogomips	: 3200.00
clflush size	: 64
cache_alignment	: 64
address sizes	: 36 bits physical, 48 bits virtual
power management:

processor	: 1
vendor_id	: GenuineIntel
cpu family	: 6
model		: 76
model name	: Intel(R) Celeron(R) CPU  N3060  @ 1.60GHz
stepping	: 4
microcode	: 0x404
cpu MHz		: 1573.616
cache size	: 1024 KB
physical id	: 0
siblings	: 2
core id		: 2
cpu cores	: 2
apicid		: 4
initial apicid	: 4
fpu		: yes
fpu_exception	: yes
cpuid level	: 11
wp		: yes
flags		: fpu vme de pse tsc msr pae mce cx8 apic sep mtrr pge mca cmov pat pse36 clflush dts acpi mmx fxsr sse sse2 ss ht tm pbe syscall nx rdtscp lm constant_tsc arch_perfmon pebs bts rep_good nopl xtopology tsc_reliable nonstop_tsc cpuid aperfmperf tsc_known_freq pni pclmulqdq dtes64 monitor ds_cpl vmx est tm2 ssse3 cx16 xtpr pdcm sse4_1 sse4_2 movbe popcnt tsc_deadline_timer aes rdrand lahf_lm 3dnowprefetch epb pti retpoline tpr_shadow vnmi flexpriority ept vpid tsc_adjust smep erms dtherm ida arat
bugs		: cpu_meltdown spectre_v1 spectre_v2
bogomips	: 3200.00
clflush size	: 64
cache_alignment	: 64
address sizes	: 36 bits physical, 48 bits virtual
power management:



Memory: 4k page, physical 3927380k(235876k free), swap 3907580k(2986308k free)

vm_info: Java HotSpot(TM) 64-Bit Server VM (25.161-b12) for linux-amd64 JRE (1.8.0_161-b12), built on Dec 19 2017 16:12:43 by "java_re" with gcc 4.3.0 20080428 (Red Hat 4.3.0-8)

time: Tue Apr 17 18:05:20 2018
elapsed time: 22 seconds (0d 0h 0m 22s)

